[2024-05-24T00:14:37.971+0000] {processor.py:161} INFO - Started process (PID=88) to work on /home/airflow/.local/lib/python3.12/site-packages/airflow/example_dags/example_task_group.py
[2024-05-24T00:14:37.971+0000] {processor.py:830} INFO - Processing file /home/airflow/.local/lib/python3.12/site-packages/airflow/example_dags/example_task_group.py for tasks to queue
[2024-05-24T00:14:37.972+0000] {logging_mixin.py:188} INFO - [2024-05-24T00:14:37.971+0000] {dagbag.py:545} INFO - Filling up the DagBag from /home/airflow/.local/lib/python3.12/site-packages/airflow/example_dags/example_task_group.py
[2024-05-24T00:14:37.975+0000] {processor.py:840} INFO - DAG(s) 'example_task_group' retrieved from /home/airflow/.local/lib/python3.12/site-packages/airflow/example_dags/example_task_group.py
[2024-05-24T00:14:37.980+0000] {logging_mixin.py:188} INFO - [2024-05-24T00:14:37.979+0000] {dag.py:3096} INFO - Sync 1 DAGs
[2024-05-24T00:14:37.989+0000] {logging_mixin.py:188} INFO - [2024-05-24T00:14:37.989+0000] {dag.py:3954} INFO - Setting next_dagrun for example_task_group to 2024-05-23 00:00:00+00:00, run_after=2024-05-24 00:00:00+00:00
[2024-05-24T00:14:37.996+0000] {processor.py:183} INFO - Processing /home/airflow/.local/lib/python3.12/site-packages/airflow/example_dags/example_task_group.py took 0.028 seconds
[2024-05-24T00:15:09.024+0000] {processor.py:161} INFO - Started process (PID=147) to work on /home/airflow/.local/lib/python3.12/site-packages/airflow/example_dags/example_task_group.py
[2024-05-24T00:15:09.025+0000] {processor.py:830} INFO - Processing file /home/airflow/.local/lib/python3.12/site-packages/airflow/example_dags/example_task_group.py for tasks to queue
[2024-05-24T00:15:09.025+0000] {logging_mixin.py:188} INFO - [2024-05-24T00:15:09.025+0000] {dagbag.py:545} INFO - Filling up the DagBag from /home/airflow/.local/lib/python3.12/site-packages/airflow/example_dags/example_task_group.py
[2024-05-24T00:15:09.028+0000] {processor.py:840} INFO - DAG(s) 'example_task_group' retrieved from /home/airflow/.local/lib/python3.12/site-packages/airflow/example_dags/example_task_group.py
[2024-05-24T00:15:09.081+0000] {logging_mixin.py:188} INFO - [2024-05-24T00:15:09.081+0000] {dag.py:3096} INFO - Sync 1 DAGs
[2024-05-24T00:15:09.093+0000] {logging_mixin.py:188} INFO - [2024-05-24T00:15:09.093+0000] {dag.py:3954} INFO - Setting next_dagrun for example_task_group to 2024-05-23 00:00:00+00:00, run_after=2024-05-24 00:00:00+00:00
[2024-05-24T00:15:09.104+0000] {processor.py:183} INFO - Processing /home/airflow/.local/lib/python3.12/site-packages/airflow/example_dags/example_task_group.py took 0.082 seconds
[2024-05-24T00:15:39.706+0000] {processor.py:161} INFO - Started process (PID=206) to work on /home/airflow/.local/lib/python3.12/site-packages/airflow/example_dags/example_task_group.py
[2024-05-24T00:15:39.707+0000] {processor.py:830} INFO - Processing file /home/airflow/.local/lib/python3.12/site-packages/airflow/example_dags/example_task_group.py for tasks to queue
[2024-05-24T00:15:39.708+0000] {logging_mixin.py:188} INFO - [2024-05-24T00:15:39.707+0000] {dagbag.py:545} INFO - Filling up the DagBag from /home/airflow/.local/lib/python3.12/site-packages/airflow/example_dags/example_task_group.py
[2024-05-24T00:15:39.711+0000] {processor.py:840} INFO - DAG(s) 'example_task_group' retrieved from /home/airflow/.local/lib/python3.12/site-packages/airflow/example_dags/example_task_group.py
[2024-05-24T00:15:39.724+0000] {logging_mixin.py:188} INFO - [2024-05-24T00:15:39.723+0000] {dag.py:3096} INFO - Sync 1 DAGs
[2024-05-24T00:15:39.733+0000] {logging_mixin.py:188} INFO - [2024-05-24T00:15:39.733+0000] {dag.py:3954} INFO - Setting next_dagrun for example_task_group to 2024-05-23 00:00:00+00:00, run_after=2024-05-24 00:00:00+00:00
[2024-05-24T00:15:39.741+0000] {processor.py:183} INFO - Processing /home/airflow/.local/lib/python3.12/site-packages/airflow/example_dags/example_task_group.py took 0.038 seconds
[2024-05-24T00:16:10.224+0000] {processor.py:161} INFO - Started process (PID=265) to work on /home/airflow/.local/lib/python3.12/site-packages/airflow/example_dags/example_task_group.py
[2024-05-24T00:16:10.225+0000] {processor.py:830} INFO - Processing file /home/airflow/.local/lib/python3.12/site-packages/airflow/example_dags/example_task_group.py for tasks to queue
[2024-05-24T00:16:10.225+0000] {logging_mixin.py:188} INFO - [2024-05-24T00:16:10.225+0000] {dagbag.py:545} INFO - Filling up the DagBag from /home/airflow/.local/lib/python3.12/site-packages/airflow/example_dags/example_task_group.py
[2024-05-24T00:16:10.228+0000] {processor.py:840} INFO - DAG(s) 'example_task_group' retrieved from /home/airflow/.local/lib/python3.12/site-packages/airflow/example_dags/example_task_group.py
[2024-05-24T00:16:10.237+0000] {logging_mixin.py:188} INFO - [2024-05-24T00:16:10.236+0000] {dag.py:3096} INFO - Sync 1 DAGs
[2024-05-24T00:16:10.245+0000] {logging_mixin.py:188} INFO - [2024-05-24T00:16:10.245+0000] {dag.py:3954} INFO - Setting next_dagrun for example_task_group to 2024-05-23 00:00:00+00:00, run_after=2024-05-24 00:00:00+00:00
[2024-05-24T00:16:10.252+0000] {processor.py:183} INFO - Processing /home/airflow/.local/lib/python3.12/site-packages/airflow/example_dags/example_task_group.py took 0.030 seconds
[2024-05-24T00:16:40.686+0000] {processor.py:161} INFO - Started process (PID=325) to work on /home/airflow/.local/lib/python3.12/site-packages/airflow/example_dags/example_task_group.py
[2024-05-24T00:16:40.686+0000] {processor.py:830} INFO - Processing file /home/airflow/.local/lib/python3.12/site-packages/airflow/example_dags/example_task_group.py for tasks to queue
[2024-05-24T00:16:40.687+0000] {logging_mixin.py:188} INFO - [2024-05-24T00:16:40.687+0000] {dagbag.py:545} INFO - Filling up the DagBag from /home/airflow/.local/lib/python3.12/site-packages/airflow/example_dags/example_task_group.py
[2024-05-24T00:16:40.691+0000] {processor.py:840} INFO - DAG(s) 'example_task_group' retrieved from /home/airflow/.local/lib/python3.12/site-packages/airflow/example_dags/example_task_group.py
[2024-05-24T00:16:40.703+0000] {logging_mixin.py:188} INFO - [2024-05-24T00:16:40.703+0000] {dag.py:3096} INFO - Sync 1 DAGs
[2024-05-24T00:16:40.714+0000] {logging_mixin.py:188} INFO - [2024-05-24T00:16:40.714+0000] {dag.py:3954} INFO - Setting next_dagrun for example_task_group to 2024-05-23 00:00:00+00:00, run_after=2024-05-24 00:00:00+00:00
[2024-05-24T00:16:40.721+0000] {processor.py:183} INFO - Processing /home/airflow/.local/lib/python3.12/site-packages/airflow/example_dags/example_task_group.py took 0.040 seconds
[2024-05-24T00:17:11.102+0000] {processor.py:161} INFO - Started process (PID=384) to work on /home/airflow/.local/lib/python3.12/site-packages/airflow/example_dags/example_task_group.py
[2024-05-24T00:17:11.102+0000] {processor.py:830} INFO - Processing file /home/airflow/.local/lib/python3.12/site-packages/airflow/example_dags/example_task_group.py for tasks to queue
[2024-05-24T00:17:11.103+0000] {logging_mixin.py:188} INFO - [2024-05-24T00:17:11.102+0000] {dagbag.py:545} INFO - Filling up the DagBag from /home/airflow/.local/lib/python3.12/site-packages/airflow/example_dags/example_task_group.py
[2024-05-24T00:17:11.105+0000] {processor.py:840} INFO - DAG(s) 'example_task_group' retrieved from /home/airflow/.local/lib/python3.12/site-packages/airflow/example_dags/example_task_group.py
[2024-05-24T00:17:11.117+0000] {logging_mixin.py:188} INFO - [2024-05-24T00:17:11.117+0000] {dag.py:3096} INFO - Sync 1 DAGs
[2024-05-24T00:17:11.128+0000] {logging_mixin.py:188} INFO - [2024-05-24T00:17:11.128+0000] {dag.py:3954} INFO - Setting next_dagrun for example_task_group to 2024-05-23 00:00:00+00:00, run_after=2024-05-24 00:00:00+00:00
[2024-05-24T00:17:11.135+0000] {processor.py:183} INFO - Processing /home/airflow/.local/lib/python3.12/site-packages/airflow/example_dags/example_task_group.py took 0.036 seconds
[2024-05-24T00:17:41.582+0000] {processor.py:161} INFO - Started process (PID=443) to work on /home/airflow/.local/lib/python3.12/site-packages/airflow/example_dags/example_task_group.py
[2024-05-24T00:17:41.583+0000] {processor.py:830} INFO - Processing file /home/airflow/.local/lib/python3.12/site-packages/airflow/example_dags/example_task_group.py for tasks to queue
[2024-05-24T00:17:41.584+0000] {logging_mixin.py:188} INFO - [2024-05-24T00:17:41.584+0000] {dagbag.py:545} INFO - Filling up the DagBag from /home/airflow/.local/lib/python3.12/site-packages/airflow/example_dags/example_task_group.py
[2024-05-24T00:17:41.587+0000] {processor.py:840} INFO - DAG(s) 'example_task_group' retrieved from /home/airflow/.local/lib/python3.12/site-packages/airflow/example_dags/example_task_group.py
[2024-05-24T00:17:41.596+0000] {logging_mixin.py:188} INFO - [2024-05-24T00:17:41.596+0000] {dag.py:3096} INFO - Sync 1 DAGs
[2024-05-24T00:17:41.604+0000] {logging_mixin.py:188} INFO - [2024-05-24T00:17:41.604+0000] {dag.py:3954} INFO - Setting next_dagrun for example_task_group to 2024-05-23 00:00:00+00:00, run_after=2024-05-24 00:00:00+00:00
[2024-05-24T00:17:41.611+0000] {processor.py:183} INFO - Processing /home/airflow/.local/lib/python3.12/site-packages/airflow/example_dags/example_task_group.py took 0.033 seconds
[2024-05-24T00:18:12.260+0000] {processor.py:161} INFO - Started process (PID=503) to work on /home/airflow/.local/lib/python3.12/site-packages/airflow/example_dags/example_task_group.py
[2024-05-24T00:18:12.261+0000] {processor.py:830} INFO - Processing file /home/airflow/.local/lib/python3.12/site-packages/airflow/example_dags/example_task_group.py for tasks to queue
[2024-05-24T00:18:12.262+0000] {logging_mixin.py:188} INFO - [2024-05-24T00:18:12.262+0000] {dagbag.py:545} INFO - Filling up the DagBag from /home/airflow/.local/lib/python3.12/site-packages/airflow/example_dags/example_task_group.py
[2024-05-24T00:18:12.267+0000] {processor.py:840} INFO - DAG(s) 'example_task_group' retrieved from /home/airflow/.local/lib/python3.12/site-packages/airflow/example_dags/example_task_group.py
[2024-05-24T00:18:12.302+0000] {logging_mixin.py:188} INFO - [2024-05-24T00:18:12.301+0000] {dag.py:3096} INFO - Sync 1 DAGs
[2024-05-24T00:18:12.332+0000] {logging_mixin.py:188} INFO - [2024-05-24T00:18:12.332+0000] {dag.py:3954} INFO - Setting next_dagrun for example_task_group to 2024-05-23 00:00:00+00:00, run_after=2024-05-24 00:00:00+00:00
[2024-05-24T00:18:12.344+0000] {processor.py:183} INFO - Processing /home/airflow/.local/lib/python3.12/site-packages/airflow/example_dags/example_task_group.py took 0.088 seconds
[2024-05-24T00:18:42.984+0000] {processor.py:161} INFO - Started process (PID=569) to work on /home/airflow/.local/lib/python3.12/site-packages/airflow/example_dags/example_task_group.py
[2024-05-24T00:18:42.984+0000] {processor.py:830} INFO - Processing file /home/airflow/.local/lib/python3.12/site-packages/airflow/example_dags/example_task_group.py for tasks to queue
[2024-05-24T00:18:42.985+0000] {logging_mixin.py:188} INFO - [2024-05-24T00:18:42.985+0000] {dagbag.py:545} INFO - Filling up the DagBag from /home/airflow/.local/lib/python3.12/site-packages/airflow/example_dags/example_task_group.py
[2024-05-24T00:18:42.987+0000] {processor.py:840} INFO - DAG(s) 'example_task_group' retrieved from /home/airflow/.local/lib/python3.12/site-packages/airflow/example_dags/example_task_group.py
[2024-05-24T00:18:43.000+0000] {logging_mixin.py:188} INFO - [2024-05-24T00:18:42.999+0000] {dag.py:3096} INFO - Sync 1 DAGs
[2024-05-24T00:18:43.013+0000] {logging_mixin.py:188} INFO - [2024-05-24T00:18:43.013+0000] {dag.py:3954} INFO - Setting next_dagrun for example_task_group to 2024-05-23 00:00:00+00:00, run_after=2024-05-24 00:00:00+00:00
[2024-05-24T00:18:43.025+0000] {processor.py:183} INFO - Processing /home/airflow/.local/lib/python3.12/site-packages/airflow/example_dags/example_task_group.py took 0.043 seconds
[2024-05-24T00:19:13.747+0000] {processor.py:161} INFO - Started process (PID=629) to work on /home/airflow/.local/lib/python3.12/site-packages/airflow/example_dags/example_task_group.py
[2024-05-24T00:19:13.747+0000] {processor.py:830} INFO - Processing file /home/airflow/.local/lib/python3.12/site-packages/airflow/example_dags/example_task_group.py for tasks to queue
[2024-05-24T00:19:13.747+0000] {logging_mixin.py:188} INFO - [2024-05-24T00:19:13.747+0000] {dagbag.py:545} INFO - Filling up the DagBag from /home/airflow/.local/lib/python3.12/site-packages/airflow/example_dags/example_task_group.py
[2024-05-24T00:19:13.750+0000] {processor.py:840} INFO - DAG(s) 'example_task_group' retrieved from /home/airflow/.local/lib/python3.12/site-packages/airflow/example_dags/example_task_group.py
[2024-05-24T00:19:13.763+0000] {logging_mixin.py:188} INFO - [2024-05-24T00:19:13.763+0000] {dag.py:3096} INFO - Sync 1 DAGs
[2024-05-24T00:19:13.775+0000] {logging_mixin.py:188} INFO - [2024-05-24T00:19:13.775+0000] {dag.py:3954} INFO - Setting next_dagrun for example_task_group to 2024-05-23 00:00:00+00:00, run_after=2024-05-24 00:00:00+00:00
[2024-05-24T00:19:13.783+0000] {processor.py:183} INFO - Processing /home/airflow/.local/lib/python3.12/site-packages/airflow/example_dags/example_task_group.py took 0.039 seconds
[2024-05-24T00:19:44.485+0000] {processor.py:161} INFO - Started process (PID=689) to work on /home/airflow/.local/lib/python3.12/site-packages/airflow/example_dags/example_task_group.py
[2024-05-24T00:19:44.485+0000] {processor.py:830} INFO - Processing file /home/airflow/.local/lib/python3.12/site-packages/airflow/example_dags/example_task_group.py for tasks to queue
[2024-05-24T00:19:44.486+0000] {logging_mixin.py:188} INFO - [2024-05-24T00:19:44.486+0000] {dagbag.py:545} INFO - Filling up the DagBag from /home/airflow/.local/lib/python3.12/site-packages/airflow/example_dags/example_task_group.py
[2024-05-24T00:19:44.489+0000] {processor.py:840} INFO - DAG(s) 'example_task_group' retrieved from /home/airflow/.local/lib/python3.12/site-packages/airflow/example_dags/example_task_group.py
[2024-05-24T00:19:44.501+0000] {logging_mixin.py:188} INFO - [2024-05-24T00:19:44.501+0000] {dag.py:3096} INFO - Sync 1 DAGs
[2024-05-24T00:19:44.515+0000] {logging_mixin.py:188} INFO - [2024-05-24T00:19:44.515+0000] {dag.py:3954} INFO - Setting next_dagrun for example_task_group to 2024-05-23 00:00:00+00:00, run_after=2024-05-24 00:00:00+00:00
[2024-05-24T00:19:44.524+0000] {processor.py:183} INFO - Processing /home/airflow/.local/lib/python3.12/site-packages/airflow/example_dags/example_task_group.py took 0.043 seconds
[2024-05-24T00:20:15.156+0000] {processor.py:161} INFO - Started process (PID=748) to work on /home/airflow/.local/lib/python3.12/site-packages/airflow/example_dags/example_task_group.py
[2024-05-24T00:20:15.157+0000] {processor.py:830} INFO - Processing file /home/airflow/.local/lib/python3.12/site-packages/airflow/example_dags/example_task_group.py for tasks to queue
[2024-05-24T00:20:15.157+0000] {logging_mixin.py:188} INFO - [2024-05-24T00:20:15.157+0000] {dagbag.py:545} INFO - Filling up the DagBag from /home/airflow/.local/lib/python3.12/site-packages/airflow/example_dags/example_task_group.py
[2024-05-24T00:20:15.160+0000] {processor.py:840} INFO - DAG(s) 'example_task_group' retrieved from /home/airflow/.local/lib/python3.12/site-packages/airflow/example_dags/example_task_group.py
[2024-05-24T00:20:15.171+0000] {logging_mixin.py:188} INFO - [2024-05-24T00:20:15.171+0000] {dag.py:3096} INFO - Sync 1 DAGs
[2024-05-24T00:20:15.189+0000] {logging_mixin.py:188} INFO - [2024-05-24T00:20:15.189+0000] {dag.py:3954} INFO - Setting next_dagrun for example_task_group to 2024-05-23 00:00:00+00:00, run_after=2024-05-24 00:00:00+00:00
[2024-05-24T00:20:15.198+0000] {processor.py:183} INFO - Processing /home/airflow/.local/lib/python3.12/site-packages/airflow/example_dags/example_task_group.py took 0.045 seconds
[2024-05-24T00:20:45.861+0000] {processor.py:161} INFO - Started process (PID=808) to work on /home/airflow/.local/lib/python3.12/site-packages/airflow/example_dags/example_task_group.py
[2024-05-24T00:20:45.861+0000] {processor.py:830} INFO - Processing file /home/airflow/.local/lib/python3.12/site-packages/airflow/example_dags/example_task_group.py for tasks to queue
[2024-05-24T00:20:45.862+0000] {logging_mixin.py:188} INFO - [2024-05-24T00:20:45.862+0000] {dagbag.py:545} INFO - Filling up the DagBag from /home/airflow/.local/lib/python3.12/site-packages/airflow/example_dags/example_task_group.py
[2024-05-24T00:20:45.866+0000] {processor.py:840} INFO - DAG(s) 'example_task_group' retrieved from /home/airflow/.local/lib/python3.12/site-packages/airflow/example_dags/example_task_group.py
[2024-05-24T00:20:45.875+0000] {logging_mixin.py:188} INFO - [2024-05-24T00:20:45.874+0000] {dag.py:3096} INFO - Sync 1 DAGs
[2024-05-24T00:20:45.883+0000] {logging_mixin.py:188} INFO - [2024-05-24T00:20:45.883+0000] {dag.py:3954} INFO - Setting next_dagrun for example_task_group to 2024-05-23 00:00:00+00:00, run_after=2024-05-24 00:00:00+00:00
[2024-05-24T00:20:45.890+0000] {processor.py:183} INFO - Processing /home/airflow/.local/lib/python3.12/site-packages/airflow/example_dags/example_task_group.py took 0.031 seconds
[2024-05-24T00:21:16.462+0000] {processor.py:161} INFO - Started process (PID=885) to work on /home/airflow/.local/lib/python3.12/site-packages/airflow/example_dags/example_task_group.py
[2024-05-24T00:21:16.462+0000] {processor.py:830} INFO - Processing file /home/airflow/.local/lib/python3.12/site-packages/airflow/example_dags/example_task_group.py for tasks to queue
[2024-05-24T00:21:16.464+0000] {logging_mixin.py:188} INFO - [2024-05-24T00:21:16.464+0000] {dagbag.py:545} INFO - Filling up the DagBag from /home/airflow/.local/lib/python3.12/site-packages/airflow/example_dags/example_task_group.py
[2024-05-24T00:21:16.471+0000] {processor.py:840} INFO - DAG(s) 'example_task_group' retrieved from /home/airflow/.local/lib/python3.12/site-packages/airflow/example_dags/example_task_group.py
[2024-05-24T00:21:16.485+0000] {logging_mixin.py:188} INFO - [2024-05-24T00:21:16.485+0000] {dag.py:3096} INFO - Sync 1 DAGs
[2024-05-24T00:21:16.497+0000] {logging_mixin.py:188} INFO - [2024-05-24T00:21:16.497+0000] {dag.py:3954} INFO - Setting next_dagrun for example_task_group to 2024-05-23 00:00:00+00:00, run_after=2024-05-24 00:00:00+00:00
[2024-05-24T00:21:16.509+0000] {processor.py:183} INFO - Processing /home/airflow/.local/lib/python3.12/site-packages/airflow/example_dags/example_task_group.py took 0.051 seconds
[2024-05-24T00:21:47.171+0000] {processor.py:161} INFO - Started process (PID=963) to work on /home/airflow/.local/lib/python3.12/site-packages/airflow/example_dags/example_task_group.py
[2024-05-24T00:21:47.172+0000] {processor.py:830} INFO - Processing file /home/airflow/.local/lib/python3.12/site-packages/airflow/example_dags/example_task_group.py for tasks to queue
[2024-05-24T00:21:47.173+0000] {logging_mixin.py:188} INFO - [2024-05-24T00:21:47.173+0000] {dagbag.py:545} INFO - Filling up the DagBag from /home/airflow/.local/lib/python3.12/site-packages/airflow/example_dags/example_task_group.py
[2024-05-24T00:21:47.177+0000] {processor.py:840} INFO - DAG(s) 'example_task_group' retrieved from /home/airflow/.local/lib/python3.12/site-packages/airflow/example_dags/example_task_group.py
[2024-05-24T00:21:47.192+0000] {logging_mixin.py:188} INFO - [2024-05-24T00:21:47.192+0000] {dag.py:3096} INFO - Sync 1 DAGs
[2024-05-24T00:21:47.203+0000] {logging_mixin.py:188} INFO - [2024-05-24T00:21:47.203+0000] {dag.py:3954} INFO - Setting next_dagrun for example_task_group to 2024-05-23 00:00:00+00:00, run_after=2024-05-24 00:00:00+00:00
[2024-05-24T00:21:47.210+0000] {processor.py:183} INFO - Processing /home/airflow/.local/lib/python3.12/site-packages/airflow/example_dags/example_task_group.py took 0.044 seconds
[2024-05-24T00:22:17.997+0000] {processor.py:161} INFO - Started process (PID=1023) to work on /home/airflow/.local/lib/python3.12/site-packages/airflow/example_dags/example_task_group.py
[2024-05-24T00:22:17.998+0000] {processor.py:830} INFO - Processing file /home/airflow/.local/lib/python3.12/site-packages/airflow/example_dags/example_task_group.py for tasks to queue
[2024-05-24T00:22:17.999+0000] {logging_mixin.py:188} INFO - [2024-05-24T00:22:17.999+0000] {dagbag.py:545} INFO - Filling up the DagBag from /home/airflow/.local/lib/python3.12/site-packages/airflow/example_dags/example_task_group.py
[2024-05-24T00:22:18.004+0000] {processor.py:840} INFO - DAG(s) 'example_task_group' retrieved from /home/airflow/.local/lib/python3.12/site-packages/airflow/example_dags/example_task_group.py
[2024-05-24T00:22:18.028+0000] {logging_mixin.py:188} INFO - [2024-05-24T00:22:18.028+0000] {dag.py:3096} INFO - Sync 1 DAGs
[2024-05-24T00:22:18.038+0000] {logging_mixin.py:188} INFO - [2024-05-24T00:22:18.038+0000] {dag.py:3954} INFO - Setting next_dagrun for example_task_group to 2024-05-23 00:00:00+00:00, run_after=2024-05-24 00:00:00+00:00
[2024-05-24T00:22:18.048+0000] {processor.py:183} INFO - Processing /home/airflow/.local/lib/python3.12/site-packages/airflow/example_dags/example_task_group.py took 0.054 seconds
[2024-05-24T00:22:49.054+0000] {processor.py:161} INFO - Started process (PID=1101) to work on /home/airflow/.local/lib/python3.12/site-packages/airflow/example_dags/example_task_group.py
[2024-05-24T00:22:49.057+0000] {processor.py:830} INFO - Processing file /home/airflow/.local/lib/python3.12/site-packages/airflow/example_dags/example_task_group.py for tasks to queue
[2024-05-24T00:22:49.058+0000] {logging_mixin.py:188} INFO - [2024-05-24T00:22:49.058+0000] {dagbag.py:545} INFO - Filling up the DagBag from /home/airflow/.local/lib/python3.12/site-packages/airflow/example_dags/example_task_group.py
[2024-05-24T00:22:49.061+0000] {processor.py:840} INFO - DAG(s) 'example_task_group' retrieved from /home/airflow/.local/lib/python3.12/site-packages/airflow/example_dags/example_task_group.py
[2024-05-24T00:22:49.083+0000] {logging_mixin.py:188} INFO - [2024-05-24T00:22:49.083+0000] {dag.py:3096} INFO - Sync 1 DAGs
[2024-05-24T00:22:49.099+0000] {logging_mixin.py:188} INFO - [2024-05-24T00:22:49.099+0000] {dag.py:3954} INFO - Setting next_dagrun for example_task_group to 2024-05-23 00:00:00+00:00, run_after=2024-05-24 00:00:00+00:00
[2024-05-24T00:22:49.106+0000] {processor.py:183} INFO - Processing /home/airflow/.local/lib/python3.12/site-packages/airflow/example_dags/example_task_group.py took 0.057 seconds
[2024-05-24T00:23:19.837+0000] {processor.py:161} INFO - Started process (PID=1161) to work on /home/airflow/.local/lib/python3.12/site-packages/airflow/example_dags/example_task_group.py
[2024-05-24T00:23:19.841+0000] {processor.py:830} INFO - Processing file /home/airflow/.local/lib/python3.12/site-packages/airflow/example_dags/example_task_group.py for tasks to queue
[2024-05-24T00:23:19.843+0000] {logging_mixin.py:188} INFO - [2024-05-24T00:23:19.843+0000] {dagbag.py:545} INFO - Filling up the DagBag from /home/airflow/.local/lib/python3.12/site-packages/airflow/example_dags/example_task_group.py
[2024-05-24T00:23:19.853+0000] {processor.py:840} INFO - DAG(s) 'example_task_group' retrieved from /home/airflow/.local/lib/python3.12/site-packages/airflow/example_dags/example_task_group.py
[2024-05-24T00:23:19.878+0000] {logging_mixin.py:188} INFO - [2024-05-24T00:23:19.878+0000] {dag.py:3096} INFO - Sync 1 DAGs
[2024-05-24T00:23:19.887+0000] {logging_mixin.py:188} INFO - [2024-05-24T00:23:19.887+0000] {dag.py:3954} INFO - Setting next_dagrun for example_task_group to 2024-05-23 00:00:00+00:00, run_after=2024-05-24 00:00:00+00:00
[2024-05-24T00:23:19.894+0000] {processor.py:183} INFO - Processing /home/airflow/.local/lib/python3.12/site-packages/airflow/example_dags/example_task_group.py took 0.060 seconds
[2024-05-24T00:23:50.617+0000] {processor.py:161} INFO - Started process (PID=1221) to work on /home/airflow/.local/lib/python3.12/site-packages/airflow/example_dags/example_task_group.py
[2024-05-24T00:23:50.620+0000] {processor.py:830} INFO - Processing file /home/airflow/.local/lib/python3.12/site-packages/airflow/example_dags/example_task_group.py for tasks to queue
[2024-05-24T00:23:50.621+0000] {logging_mixin.py:188} INFO - [2024-05-24T00:23:50.621+0000] {dagbag.py:545} INFO - Filling up the DagBag from /home/airflow/.local/lib/python3.12/site-packages/airflow/example_dags/example_task_group.py
[2024-05-24T00:23:50.624+0000] {processor.py:840} INFO - DAG(s) 'example_task_group' retrieved from /home/airflow/.local/lib/python3.12/site-packages/airflow/example_dags/example_task_group.py
[2024-05-24T00:23:50.637+0000] {logging_mixin.py:188} INFO - [2024-05-24T00:23:50.636+0000] {dag.py:3096} INFO - Sync 1 DAGs
[2024-05-24T00:23:50.646+0000] {logging_mixin.py:188} INFO - [2024-05-24T00:23:50.646+0000] {dag.py:3954} INFO - Setting next_dagrun for example_task_group to 2024-05-23 00:00:00+00:00, run_after=2024-05-24 00:00:00+00:00
[2024-05-24T00:23:50.653+0000] {processor.py:183} INFO - Processing /home/airflow/.local/lib/python3.12/site-packages/airflow/example_dags/example_task_group.py took 0.040 seconds
[2024-05-24T00:24:21.401+0000] {processor.py:161} INFO - Started process (PID=1281) to work on /home/airflow/.local/lib/python3.12/site-packages/airflow/example_dags/example_task_group.py
[2024-05-24T00:24:21.402+0000] {processor.py:830} INFO - Processing file /home/airflow/.local/lib/python3.12/site-packages/airflow/example_dags/example_task_group.py for tasks to queue
[2024-05-24T00:24:21.402+0000] {logging_mixin.py:188} INFO - [2024-05-24T00:24:21.402+0000] {dagbag.py:545} INFO - Filling up the DagBag from /home/airflow/.local/lib/python3.12/site-packages/airflow/example_dags/example_task_group.py
[2024-05-24T00:24:21.405+0000] {processor.py:840} INFO - DAG(s) 'example_task_group' retrieved from /home/airflow/.local/lib/python3.12/site-packages/airflow/example_dags/example_task_group.py
[2024-05-24T00:24:21.414+0000] {logging_mixin.py:188} INFO - [2024-05-24T00:24:21.414+0000] {dag.py:3096} INFO - Sync 1 DAGs
[2024-05-24T00:24:21.423+0000] {logging_mixin.py:188} INFO - [2024-05-24T00:24:21.422+0000] {dag.py:3954} INFO - Setting next_dagrun for example_task_group to 2024-05-23 00:00:00+00:00, run_after=2024-05-24 00:00:00+00:00
[2024-05-24T00:24:21.430+0000] {processor.py:183} INFO - Processing /home/airflow/.local/lib/python3.12/site-packages/airflow/example_dags/example_task_group.py took 0.032 seconds
[2024-05-24T00:24:52.169+0000] {processor.py:161} INFO - Started process (PID=1341) to work on /home/airflow/.local/lib/python3.12/site-packages/airflow/example_dags/example_task_group.py
[2024-05-24T00:24:52.170+0000] {processor.py:830} INFO - Processing file /home/airflow/.local/lib/python3.12/site-packages/airflow/example_dags/example_task_group.py for tasks to queue
[2024-05-24T00:24:52.171+0000] {logging_mixin.py:188} INFO - [2024-05-24T00:24:52.171+0000] {dagbag.py:545} INFO - Filling up the DagBag from /home/airflow/.local/lib/python3.12/site-packages/airflow/example_dags/example_task_group.py
[2024-05-24T00:24:52.174+0000] {processor.py:840} INFO - DAG(s) 'example_task_group' retrieved from /home/airflow/.local/lib/python3.12/site-packages/airflow/example_dags/example_task_group.py
[2024-05-24T00:24:52.188+0000] {logging_mixin.py:188} INFO - [2024-05-24T00:24:52.188+0000] {dag.py:3096} INFO - Sync 1 DAGs
[2024-05-24T00:24:52.199+0000] {logging_mixin.py:188} INFO - [2024-05-24T00:24:52.199+0000] {dag.py:3954} INFO - Setting next_dagrun for example_task_group to 2024-05-23 00:00:00+00:00, run_after=2024-05-24 00:00:00+00:00
[2024-05-24T00:24:52.206+0000] {processor.py:183} INFO - Processing /home/airflow/.local/lib/python3.12/site-packages/airflow/example_dags/example_task_group.py took 0.041 seconds
[2024-05-24T00:25:22.870+0000] {processor.py:161} INFO - Started process (PID=1401) to work on /home/airflow/.local/lib/python3.12/site-packages/airflow/example_dags/example_task_group.py
[2024-05-24T00:25:22.873+0000] {processor.py:830} INFO - Processing file /home/airflow/.local/lib/python3.12/site-packages/airflow/example_dags/example_task_group.py for tasks to queue
[2024-05-24T00:25:22.874+0000] {logging_mixin.py:188} INFO - [2024-05-24T00:25:22.874+0000] {dagbag.py:545} INFO - Filling up the DagBag from /home/airflow/.local/lib/python3.12/site-packages/airflow/example_dags/example_task_group.py
[2024-05-24T00:25:22.878+0000] {processor.py:840} INFO - DAG(s) 'example_task_group' retrieved from /home/airflow/.local/lib/python3.12/site-packages/airflow/example_dags/example_task_group.py
[2024-05-24T00:25:22.889+0000] {logging_mixin.py:188} INFO - [2024-05-24T00:25:22.889+0000] {dag.py:3096} INFO - Sync 1 DAGs
[2024-05-24T00:25:22.897+0000] {logging_mixin.py:188} INFO - [2024-05-24T00:25:22.897+0000] {dag.py:3954} INFO - Setting next_dagrun for example_task_group to 2024-05-23 00:00:00+00:00, run_after=2024-05-24 00:00:00+00:00
[2024-05-24T00:25:22.905+0000] {processor.py:183} INFO - Processing /home/airflow/.local/lib/python3.12/site-packages/airflow/example_dags/example_task_group.py took 0.038 seconds
[2024-05-24T00:25:53.510+0000] {processor.py:161} INFO - Started process (PID=1461) to work on /home/airflow/.local/lib/python3.12/site-packages/airflow/example_dags/example_task_group.py
[2024-05-24T00:25:53.513+0000] {processor.py:830} INFO - Processing file /home/airflow/.local/lib/python3.12/site-packages/airflow/example_dags/example_task_group.py for tasks to queue
[2024-05-24T00:25:53.514+0000] {logging_mixin.py:188} INFO - [2024-05-24T00:25:53.514+0000] {dagbag.py:545} INFO - Filling up the DagBag from /home/airflow/.local/lib/python3.12/site-packages/airflow/example_dags/example_task_group.py
[2024-05-24T00:25:53.518+0000] {processor.py:840} INFO - DAG(s) 'example_task_group' retrieved from /home/airflow/.local/lib/python3.12/site-packages/airflow/example_dags/example_task_group.py
[2024-05-24T00:25:53.531+0000] {logging_mixin.py:188} INFO - [2024-05-24T00:25:53.531+0000] {dag.py:3096} INFO - Sync 1 DAGs
[2024-05-24T00:25:53.543+0000] {logging_mixin.py:188} INFO - [2024-05-24T00:25:53.543+0000] {dag.py:3954} INFO - Setting next_dagrun for example_task_group to 2024-05-23 00:00:00+00:00, run_after=2024-05-24 00:00:00+00:00
[2024-05-24T00:25:53.553+0000] {processor.py:183} INFO - Processing /home/airflow/.local/lib/python3.12/site-packages/airflow/example_dags/example_task_group.py took 0.046 seconds
[2024-05-24T00:26:24.188+0000] {processor.py:161} INFO - Started process (PID=1521) to work on /home/airflow/.local/lib/python3.12/site-packages/airflow/example_dags/example_task_group.py
[2024-05-24T00:26:24.189+0000] {processor.py:830} INFO - Processing file /home/airflow/.local/lib/python3.12/site-packages/airflow/example_dags/example_task_group.py for tasks to queue
[2024-05-24T00:26:24.190+0000] {logging_mixin.py:188} INFO - [2024-05-24T00:26:24.189+0000] {dagbag.py:545} INFO - Filling up the DagBag from /home/airflow/.local/lib/python3.12/site-packages/airflow/example_dags/example_task_group.py
[2024-05-24T00:26:24.194+0000] {processor.py:840} INFO - DAG(s) 'example_task_group' retrieved from /home/airflow/.local/lib/python3.12/site-packages/airflow/example_dags/example_task_group.py
[2024-05-24T00:26:24.217+0000] {logging_mixin.py:188} INFO - [2024-05-24T00:26:24.217+0000] {dag.py:3096} INFO - Sync 1 DAGs
[2024-05-24T00:26:24.251+0000] {logging_mixin.py:188} INFO - [2024-05-24T00:26:24.251+0000] {dag.py:3954} INFO - Setting next_dagrun for example_task_group to 2024-05-23 00:00:00+00:00, run_after=2024-05-24 00:00:00+00:00
[2024-05-24T00:26:24.269+0000] {processor.py:183} INFO - Processing /home/airflow/.local/lib/python3.12/site-packages/airflow/example_dags/example_task_group.py took 0.086 seconds
[2024-05-24T00:26:54.973+0000] {processor.py:161} INFO - Started process (PID=1582) to work on /home/airflow/.local/lib/python3.12/site-packages/airflow/example_dags/example_task_group.py
[2024-05-24T00:26:54.976+0000] {processor.py:830} INFO - Processing file /home/airflow/.local/lib/python3.12/site-packages/airflow/example_dags/example_task_group.py for tasks to queue
[2024-05-24T00:26:54.979+0000] {logging_mixin.py:188} INFO - [2024-05-24T00:26:54.978+0000] {dagbag.py:545} INFO - Filling up the DagBag from /home/airflow/.local/lib/python3.12/site-packages/airflow/example_dags/example_task_group.py
[2024-05-24T00:26:54.983+0000] {processor.py:840} INFO - DAG(s) 'example_task_group' retrieved from /home/airflow/.local/lib/python3.12/site-packages/airflow/example_dags/example_task_group.py
[2024-05-24T00:26:55.003+0000] {logging_mixin.py:188} INFO - [2024-05-24T00:26:55.003+0000] {dag.py:3096} INFO - Sync 1 DAGs
[2024-05-24T00:26:55.031+0000] {logging_mixin.py:188} INFO - [2024-05-24T00:26:55.030+0000] {dag.py:3954} INFO - Setting next_dagrun for example_task_group to 2024-05-23 00:00:00+00:00, run_after=2024-05-24 00:00:00+00:00
[2024-05-24T00:26:55.042+0000] {processor.py:183} INFO - Processing /home/airflow/.local/lib/python3.12/site-packages/airflow/example_dags/example_task_group.py took 0.072 seconds
[2024-05-24T00:27:25.692+0000] {processor.py:161} INFO - Started process (PID=1642) to work on /home/airflow/.local/lib/python3.12/site-packages/airflow/example_dags/example_task_group.py
[2024-05-24T00:27:25.696+0000] {processor.py:830} INFO - Processing file /home/airflow/.local/lib/python3.12/site-packages/airflow/example_dags/example_task_group.py for tasks to queue
[2024-05-24T00:27:25.698+0000] {logging_mixin.py:188} INFO - [2024-05-24T00:27:25.698+0000] {dagbag.py:545} INFO - Filling up the DagBag from /home/airflow/.local/lib/python3.12/site-packages/airflow/example_dags/example_task_group.py
[2024-05-24T00:27:25.701+0000] {processor.py:840} INFO - DAG(s) 'example_task_group' retrieved from /home/airflow/.local/lib/python3.12/site-packages/airflow/example_dags/example_task_group.py
[2024-05-24T00:27:25.726+0000] {logging_mixin.py:188} INFO - [2024-05-24T00:27:25.725+0000] {dag.py:3096} INFO - Sync 1 DAGs
[2024-05-24T00:27:25.738+0000] {logging_mixin.py:188} INFO - [2024-05-24T00:27:25.738+0000] {dag.py:3954} INFO - Setting next_dagrun for example_task_group to 2024-05-23 00:00:00+00:00, run_after=2024-05-24 00:00:00+00:00
[2024-05-24T00:27:25.745+0000] {processor.py:183} INFO - Processing /home/airflow/.local/lib/python3.12/site-packages/airflow/example_dags/example_task_group.py took 0.056 seconds
[2024-05-24T00:27:56.473+0000] {processor.py:161} INFO - Started process (PID=1702) to work on /home/airflow/.local/lib/python3.12/site-packages/airflow/example_dags/example_task_group.py
[2024-05-24T00:27:56.474+0000] {processor.py:830} INFO - Processing file /home/airflow/.local/lib/python3.12/site-packages/airflow/example_dags/example_task_group.py for tasks to queue
[2024-05-24T00:27:56.475+0000] {logging_mixin.py:188} INFO - [2024-05-24T00:27:56.475+0000] {dagbag.py:545} INFO - Filling up the DagBag from /home/airflow/.local/lib/python3.12/site-packages/airflow/example_dags/example_task_group.py
[2024-05-24T00:27:56.480+0000] {processor.py:840} INFO - DAG(s) 'example_task_group' retrieved from /home/airflow/.local/lib/python3.12/site-packages/airflow/example_dags/example_task_group.py
[2024-05-24T00:27:56.501+0000] {logging_mixin.py:188} INFO - [2024-05-24T00:27:56.501+0000] {dag.py:3096} INFO - Sync 1 DAGs
[2024-05-24T00:27:56.515+0000] {logging_mixin.py:188} INFO - [2024-05-24T00:27:56.514+0000] {dag.py:3954} INFO - Setting next_dagrun for example_task_group to 2024-05-23 00:00:00+00:00, run_after=2024-05-24 00:00:00+00:00
[2024-05-24T00:27:56.523+0000] {processor.py:183} INFO - Processing /home/airflow/.local/lib/python3.12/site-packages/airflow/example_dags/example_task_group.py took 0.052 seconds
[2024-05-24T00:28:27.344+0000] {processor.py:161} INFO - Started process (PID=1762) to work on /home/airflow/.local/lib/python3.12/site-packages/airflow/example_dags/example_task_group.py
[2024-05-24T00:28:27.347+0000] {processor.py:830} INFO - Processing file /home/airflow/.local/lib/python3.12/site-packages/airflow/example_dags/example_task_group.py for tasks to queue
[2024-05-24T00:28:27.348+0000] {logging_mixin.py:188} INFO - [2024-05-24T00:28:27.348+0000] {dagbag.py:545} INFO - Filling up the DagBag from /home/airflow/.local/lib/python3.12/site-packages/airflow/example_dags/example_task_group.py
[2024-05-24T00:28:27.352+0000] {processor.py:840} INFO - DAG(s) 'example_task_group' retrieved from /home/airflow/.local/lib/python3.12/site-packages/airflow/example_dags/example_task_group.py
[2024-05-24T00:28:27.370+0000] {logging_mixin.py:188} INFO - [2024-05-24T00:28:27.370+0000] {dag.py:3096} INFO - Sync 1 DAGs
[2024-05-24T00:28:27.381+0000] {logging_mixin.py:188} INFO - [2024-05-24T00:28:27.381+0000] {dag.py:3954} INFO - Setting next_dagrun for example_task_group to 2024-05-23 00:00:00+00:00, run_after=2024-05-24 00:00:00+00:00
[2024-05-24T00:28:27.391+0000] {processor.py:183} INFO - Processing /home/airflow/.local/lib/python3.12/site-packages/airflow/example_dags/example_task_group.py took 0.053 seconds
[2024-05-24T00:28:58.147+0000] {processor.py:161} INFO - Started process (PID=1822) to work on /home/airflow/.local/lib/python3.12/site-packages/airflow/example_dags/example_task_group.py
[2024-05-24T00:28:58.150+0000] {processor.py:830} INFO - Processing file /home/airflow/.local/lib/python3.12/site-packages/airflow/example_dags/example_task_group.py for tasks to queue
[2024-05-24T00:28:58.151+0000] {logging_mixin.py:188} INFO - [2024-05-24T00:28:58.151+0000] {dagbag.py:545} INFO - Filling up the DagBag from /home/airflow/.local/lib/python3.12/site-packages/airflow/example_dags/example_task_group.py
[2024-05-24T00:28:58.155+0000] {processor.py:840} INFO - DAG(s) 'example_task_group' retrieved from /home/airflow/.local/lib/python3.12/site-packages/airflow/example_dags/example_task_group.py
[2024-05-24T00:28:58.171+0000] {logging_mixin.py:188} INFO - [2024-05-24T00:28:58.171+0000] {dag.py:3096} INFO - Sync 1 DAGs
[2024-05-24T00:28:58.184+0000] {logging_mixin.py:188} INFO - [2024-05-24T00:28:58.184+0000] {dag.py:3954} INFO - Setting next_dagrun for example_task_group to 2024-05-23 00:00:00+00:00, run_after=2024-05-24 00:00:00+00:00
[2024-05-24T00:28:58.191+0000] {processor.py:183} INFO - Processing /home/airflow/.local/lib/python3.12/site-packages/airflow/example_dags/example_task_group.py took 0.049 seconds
[2024-05-24T00:29:29.122+0000] {processor.py:161} INFO - Started process (PID=1882) to work on /home/airflow/.local/lib/python3.12/site-packages/airflow/example_dags/example_task_group.py
[2024-05-24T00:29:29.122+0000] {processor.py:830} INFO - Processing file /home/airflow/.local/lib/python3.12/site-packages/airflow/example_dags/example_task_group.py for tasks to queue
[2024-05-24T00:29:29.123+0000] {logging_mixin.py:188} INFO - [2024-05-24T00:29:29.123+0000] {dagbag.py:545} INFO - Filling up the DagBag from /home/airflow/.local/lib/python3.12/site-packages/airflow/example_dags/example_task_group.py
[2024-05-24T00:29:29.126+0000] {processor.py:840} INFO - DAG(s) 'example_task_group' retrieved from /home/airflow/.local/lib/python3.12/site-packages/airflow/example_dags/example_task_group.py
[2024-05-24T00:29:29.141+0000] {logging_mixin.py:188} INFO - [2024-05-24T00:29:29.141+0000] {dag.py:3096} INFO - Sync 1 DAGs
[2024-05-24T00:29:29.154+0000] {logging_mixin.py:188} INFO - [2024-05-24T00:29:29.154+0000] {dag.py:3954} INFO - Setting next_dagrun for example_task_group to 2024-05-23 00:00:00+00:00, run_after=2024-05-24 00:00:00+00:00
[2024-05-24T00:29:29.164+0000] {processor.py:183} INFO - Processing /home/airflow/.local/lib/python3.12/site-packages/airflow/example_dags/example_task_group.py took 0.044 seconds
[2024-05-24T00:29:59.218+0000] {processor.py:161} INFO - Started process (PID=1942) to work on /home/airflow/.local/lib/python3.12/site-packages/airflow/example_dags/example_task_group.py
[2024-05-24T00:29:59.219+0000] {processor.py:830} INFO - Processing file /home/airflow/.local/lib/python3.12/site-packages/airflow/example_dags/example_task_group.py for tasks to queue
[2024-05-24T00:29:59.220+0000] {logging_mixin.py:188} INFO - [2024-05-24T00:29:59.219+0000] {dagbag.py:545} INFO - Filling up the DagBag from /home/airflow/.local/lib/python3.12/site-packages/airflow/example_dags/example_task_group.py
[2024-05-24T00:29:59.223+0000] {processor.py:840} INFO - DAG(s) 'example_task_group' retrieved from /home/airflow/.local/lib/python3.12/site-packages/airflow/example_dags/example_task_group.py
[2024-05-24T00:29:59.238+0000] {logging_mixin.py:188} INFO - [2024-05-24T00:29:59.237+0000] {dag.py:3096} INFO - Sync 1 DAGs
[2024-05-24T00:29:59.250+0000] {logging_mixin.py:188} INFO - [2024-05-24T00:29:59.249+0000] {dag.py:3954} INFO - Setting next_dagrun for example_task_group to 2024-05-23 00:00:00+00:00, run_after=2024-05-24 00:00:00+00:00
[2024-05-24T00:29:59.260+0000] {processor.py:183} INFO - Processing /home/airflow/.local/lib/python3.12/site-packages/airflow/example_dags/example_task_group.py took 0.044 seconds
[2024-05-24T00:30:30.182+0000] {processor.py:161} INFO - Started process (PID=2002) to work on /home/airflow/.local/lib/python3.12/site-packages/airflow/example_dags/example_task_group.py
[2024-05-24T00:30:30.182+0000] {processor.py:830} INFO - Processing file /home/airflow/.local/lib/python3.12/site-packages/airflow/example_dags/example_task_group.py for tasks to queue
[2024-05-24T00:30:30.183+0000] {logging_mixin.py:188} INFO - [2024-05-24T00:30:30.183+0000] {dagbag.py:545} INFO - Filling up the DagBag from /home/airflow/.local/lib/python3.12/site-packages/airflow/example_dags/example_task_group.py
[2024-05-24T00:30:30.185+0000] {processor.py:840} INFO - DAG(s) 'example_task_group' retrieved from /home/airflow/.local/lib/python3.12/site-packages/airflow/example_dags/example_task_group.py
[2024-05-24T00:30:30.198+0000] {logging_mixin.py:188} INFO - [2024-05-24T00:30:30.197+0000] {dag.py:3096} INFO - Sync 1 DAGs
[2024-05-24T00:30:30.208+0000] {logging_mixin.py:188} INFO - [2024-05-24T00:30:30.208+0000] {dag.py:3954} INFO - Setting next_dagrun for example_task_group to 2024-05-23 00:00:00+00:00, run_after=2024-05-24 00:00:00+00:00
[2024-05-24T00:30:30.217+0000] {processor.py:183} INFO - Processing /home/airflow/.local/lib/python3.12/site-packages/airflow/example_dags/example_task_group.py took 0.038 seconds
[2024-05-24T00:31:00.930+0000] {processor.py:161} INFO - Started process (PID=2062) to work on /home/airflow/.local/lib/python3.12/site-packages/airflow/example_dags/example_task_group.py
[2024-05-24T00:31:00.930+0000] {processor.py:830} INFO - Processing file /home/airflow/.local/lib/python3.12/site-packages/airflow/example_dags/example_task_group.py for tasks to queue
[2024-05-24T00:31:00.931+0000] {logging_mixin.py:188} INFO - [2024-05-24T00:31:00.931+0000] {dagbag.py:545} INFO - Filling up the DagBag from /home/airflow/.local/lib/python3.12/site-packages/airflow/example_dags/example_task_group.py
[2024-05-24T00:31:00.933+0000] {processor.py:840} INFO - DAG(s) 'example_task_group' retrieved from /home/airflow/.local/lib/python3.12/site-packages/airflow/example_dags/example_task_group.py
[2024-05-24T00:31:00.944+0000] {logging_mixin.py:188} INFO - [2024-05-24T00:31:00.944+0000] {dag.py:3096} INFO - Sync 1 DAGs
[2024-05-24T00:31:00.956+0000] {logging_mixin.py:188} INFO - [2024-05-24T00:31:00.956+0000] {dag.py:3954} INFO - Setting next_dagrun for example_task_group to 2024-05-23 00:00:00+00:00, run_after=2024-05-24 00:00:00+00:00
[2024-05-24T00:31:00.964+0000] {processor.py:183} INFO - Processing /home/airflow/.local/lib/python3.12/site-packages/airflow/example_dags/example_task_group.py took 0.036 seconds
[2024-05-24T00:31:31.453+0000] {processor.py:161} INFO - Started process (PID=2122) to work on /home/airflow/.local/lib/python3.12/site-packages/airflow/example_dags/example_task_group.py
[2024-05-24T00:31:31.454+0000] {processor.py:830} INFO - Processing file /home/airflow/.local/lib/python3.12/site-packages/airflow/example_dags/example_task_group.py for tasks to queue
[2024-05-24T00:31:31.455+0000] {logging_mixin.py:188} INFO - [2024-05-24T00:31:31.454+0000] {dagbag.py:545} INFO - Filling up the DagBag from /home/airflow/.local/lib/python3.12/site-packages/airflow/example_dags/example_task_group.py
[2024-05-24T00:31:31.459+0000] {processor.py:840} INFO - DAG(s) 'example_task_group' retrieved from /home/airflow/.local/lib/python3.12/site-packages/airflow/example_dags/example_task_group.py
[2024-05-24T00:31:31.475+0000] {logging_mixin.py:188} INFO - [2024-05-24T00:31:31.475+0000] {dag.py:3096} INFO - Sync 1 DAGs
[2024-05-24T00:31:31.485+0000] {logging_mixin.py:188} INFO - [2024-05-24T00:31:31.485+0000] {dag.py:3954} INFO - Setting next_dagrun for example_task_group to 2024-05-23 00:00:00+00:00, run_after=2024-05-24 00:00:00+00:00
[2024-05-24T00:31:31.491+0000] {processor.py:183} INFO - Processing /home/airflow/.local/lib/python3.12/site-packages/airflow/example_dags/example_task_group.py took 0.041 seconds
[2024-05-24T00:32:02.114+0000] {processor.py:161} INFO - Started process (PID=2188) to work on /home/airflow/.local/lib/python3.12/site-packages/airflow/example_dags/example_task_group.py
[2024-05-24T00:32:02.115+0000] {processor.py:830} INFO - Processing file /home/airflow/.local/lib/python3.12/site-packages/airflow/example_dags/example_task_group.py for tasks to queue
[2024-05-24T00:32:02.116+0000] {logging_mixin.py:188} INFO - [2024-05-24T00:32:02.116+0000] {dagbag.py:545} INFO - Filling up the DagBag from /home/airflow/.local/lib/python3.12/site-packages/airflow/example_dags/example_task_group.py
[2024-05-24T00:32:02.119+0000] {processor.py:840} INFO - DAG(s) 'example_task_group' retrieved from /home/airflow/.local/lib/python3.12/site-packages/airflow/example_dags/example_task_group.py
[2024-05-24T00:32:02.130+0000] {logging_mixin.py:188} INFO - [2024-05-24T00:32:02.130+0000] {dag.py:3096} INFO - Sync 1 DAGs
[2024-05-24T00:32:02.193+0000] {logging_mixin.py:188} INFO - [2024-05-24T00:32:02.193+0000] {dag.py:3954} INFO - Setting next_dagrun for example_task_group to 2024-05-23 00:00:00+00:00, run_after=2024-05-24 00:00:00+00:00
[2024-05-24T00:32:02.199+0000] {processor.py:183} INFO - Processing /home/airflow/.local/lib/python3.12/site-packages/airflow/example_dags/example_task_group.py took 0.088 seconds
[2024-05-24T00:32:33.154+0000] {processor.py:161} INFO - Started process (PID=2248) to work on /home/airflow/.local/lib/python3.12/site-packages/airflow/example_dags/example_task_group.py
[2024-05-24T00:32:33.155+0000] {processor.py:830} INFO - Processing file /home/airflow/.local/lib/python3.12/site-packages/airflow/example_dags/example_task_group.py for tasks to queue
[2024-05-24T00:32:33.158+0000] {logging_mixin.py:188} INFO - [2024-05-24T00:32:33.157+0000] {dagbag.py:545} INFO - Filling up the DagBag from /home/airflow/.local/lib/python3.12/site-packages/airflow/example_dags/example_task_group.py
[2024-05-24T00:32:33.163+0000] {processor.py:840} INFO - DAG(s) 'example_task_group' retrieved from /home/airflow/.local/lib/python3.12/site-packages/airflow/example_dags/example_task_group.py
[2024-05-24T00:32:33.180+0000] {logging_mixin.py:188} INFO - [2024-05-24T00:32:33.180+0000] {dag.py:3096} INFO - Sync 1 DAGs
[2024-05-24T00:32:33.192+0000] {logging_mixin.py:188} INFO - [2024-05-24T00:32:33.192+0000] {dag.py:3954} INFO - Setting next_dagrun for example_task_group to 2024-05-23 00:00:00+00:00, run_after=2024-05-24 00:00:00+00:00
[2024-05-24T00:32:33.199+0000] {processor.py:183} INFO - Processing /home/airflow/.local/lib/python3.12/site-packages/airflow/example_dags/example_task_group.py took 0.051 seconds
[2024-05-24T00:33:03.929+0000] {processor.py:161} INFO - Started process (PID=2308) to work on /home/airflow/.local/lib/python3.12/site-packages/airflow/example_dags/example_task_group.py
[2024-05-24T00:33:03.933+0000] {processor.py:830} INFO - Processing file /home/airflow/.local/lib/python3.12/site-packages/airflow/example_dags/example_task_group.py for tasks to queue
[2024-05-24T00:33:03.935+0000] {logging_mixin.py:188} INFO - [2024-05-24T00:33:03.935+0000] {dagbag.py:545} INFO - Filling up the DagBag from /home/airflow/.local/lib/python3.12/site-packages/airflow/example_dags/example_task_group.py
[2024-05-24T00:33:03.940+0000] {processor.py:840} INFO - DAG(s) 'example_task_group' retrieved from /home/airflow/.local/lib/python3.12/site-packages/airflow/example_dags/example_task_group.py
[2024-05-24T00:33:03.951+0000] {logging_mixin.py:188} INFO - [2024-05-24T00:33:03.951+0000] {dag.py:3096} INFO - Sync 1 DAGs
[2024-05-24T00:33:03.961+0000] {logging_mixin.py:188} INFO - [2024-05-24T00:33:03.961+0000] {dag.py:3954} INFO - Setting next_dagrun for example_task_group to 2024-05-23 00:00:00+00:00, run_after=2024-05-24 00:00:00+00:00
[2024-05-24T00:33:03.968+0000] {processor.py:183} INFO - Processing /home/airflow/.local/lib/python3.12/site-packages/airflow/example_dags/example_task_group.py took 0.044 seconds
[2024-05-24T00:33:34.751+0000] {processor.py:161} INFO - Started process (PID=2368) to work on /home/airflow/.local/lib/python3.12/site-packages/airflow/example_dags/example_task_group.py
[2024-05-24T00:33:34.754+0000] {processor.py:830} INFO - Processing file /home/airflow/.local/lib/python3.12/site-packages/airflow/example_dags/example_task_group.py for tasks to queue
[2024-05-24T00:33:34.756+0000] {logging_mixin.py:188} INFO - [2024-05-24T00:33:34.755+0000] {dagbag.py:545} INFO - Filling up the DagBag from /home/airflow/.local/lib/python3.12/site-packages/airflow/example_dags/example_task_group.py
[2024-05-24T00:33:34.761+0000] {processor.py:840} INFO - DAG(s) 'example_task_group' retrieved from /home/airflow/.local/lib/python3.12/site-packages/airflow/example_dags/example_task_group.py
[2024-05-24T00:33:34.774+0000] {logging_mixin.py:188} INFO - [2024-05-24T00:33:34.773+0000] {dag.py:3096} INFO - Sync 1 DAGs
[2024-05-24T00:33:34.787+0000] {logging_mixin.py:188} INFO - [2024-05-24T00:33:34.787+0000] {dag.py:3954} INFO - Setting next_dagrun for example_task_group to 2024-05-23 00:00:00+00:00, run_after=2024-05-24 00:00:00+00:00
[2024-05-24T00:33:34.797+0000] {processor.py:183} INFO - Processing /home/airflow/.local/lib/python3.12/site-packages/airflow/example_dags/example_task_group.py took 0.049 seconds
[2024-05-24T00:34:05.546+0000] {processor.py:161} INFO - Started process (PID=2428) to work on /home/airflow/.local/lib/python3.12/site-packages/airflow/example_dags/example_task_group.py
[2024-05-24T00:34:05.550+0000] {processor.py:830} INFO - Processing file /home/airflow/.local/lib/python3.12/site-packages/airflow/example_dags/example_task_group.py for tasks to queue
[2024-05-24T00:34:05.551+0000] {logging_mixin.py:188} INFO - [2024-05-24T00:34:05.551+0000] {dagbag.py:545} INFO - Filling up the DagBag from /home/airflow/.local/lib/python3.12/site-packages/airflow/example_dags/example_task_group.py
[2024-05-24T00:34:05.556+0000] {processor.py:840} INFO - DAG(s) 'example_task_group' retrieved from /home/airflow/.local/lib/python3.12/site-packages/airflow/example_dags/example_task_group.py
[2024-05-24T00:34:05.572+0000] {logging_mixin.py:188} INFO - [2024-05-24T00:34:05.572+0000] {dag.py:3096} INFO - Sync 1 DAGs
[2024-05-24T00:34:05.586+0000] {logging_mixin.py:188} INFO - [2024-05-24T00:34:05.586+0000] {dag.py:3954} INFO - Setting next_dagrun for example_task_group to 2024-05-23 00:00:00+00:00, run_after=2024-05-24 00:00:00+00:00
[2024-05-24T00:34:05.596+0000] {processor.py:183} INFO - Processing /home/airflow/.local/lib/python3.12/site-packages/airflow/example_dags/example_task_group.py took 0.054 seconds
[2024-05-24T00:34:36.174+0000] {processor.py:161} INFO - Started process (PID=2488) to work on /home/airflow/.local/lib/python3.12/site-packages/airflow/example_dags/example_task_group.py
[2024-05-24T00:34:36.177+0000] {processor.py:830} INFO - Processing file /home/airflow/.local/lib/python3.12/site-packages/airflow/example_dags/example_task_group.py for tasks to queue
[2024-05-24T00:34:36.178+0000] {logging_mixin.py:188} INFO - [2024-05-24T00:34:36.178+0000] {dagbag.py:545} INFO - Filling up the DagBag from /home/airflow/.local/lib/python3.12/site-packages/airflow/example_dags/example_task_group.py
[2024-05-24T00:34:36.182+0000] {processor.py:840} INFO - DAG(s) 'example_task_group' retrieved from /home/airflow/.local/lib/python3.12/site-packages/airflow/example_dags/example_task_group.py
[2024-05-24T00:34:36.194+0000] {logging_mixin.py:188} INFO - [2024-05-24T00:34:36.194+0000] {dag.py:3096} INFO - Sync 1 DAGs
[2024-05-24T00:34:36.208+0000] {logging_mixin.py:188} INFO - [2024-05-24T00:34:36.208+0000] {dag.py:3954} INFO - Setting next_dagrun for example_task_group to 2024-05-23 00:00:00+00:00, run_after=2024-05-24 00:00:00+00:00
[2024-05-24T00:34:36.217+0000] {processor.py:183} INFO - Processing /home/airflow/.local/lib/python3.12/site-packages/airflow/example_dags/example_task_group.py took 0.049 seconds
[2024-05-24T00:35:07.062+0000] {processor.py:161} INFO - Started process (PID=2548) to work on /home/airflow/.local/lib/python3.12/site-packages/airflow/example_dags/example_task_group.py
[2024-05-24T00:35:07.062+0000] {processor.py:830} INFO - Processing file /home/airflow/.local/lib/python3.12/site-packages/airflow/example_dags/example_task_group.py for tasks to queue
[2024-05-24T00:35:07.063+0000] {logging_mixin.py:188} INFO - [2024-05-24T00:35:07.063+0000] {dagbag.py:545} INFO - Filling up the DagBag from /home/airflow/.local/lib/python3.12/site-packages/airflow/example_dags/example_task_group.py
[2024-05-24T00:35:07.066+0000] {processor.py:840} INFO - DAG(s) 'example_task_group' retrieved from /home/airflow/.local/lib/python3.12/site-packages/airflow/example_dags/example_task_group.py
[2024-05-24T00:35:07.090+0000] {logging_mixin.py:188} INFO - [2024-05-24T00:35:07.090+0000] {dag.py:3096} INFO - Sync 1 DAGs
[2024-05-24T00:35:07.104+0000] {logging_mixin.py:188} INFO - [2024-05-24T00:35:07.104+0000] {dag.py:3954} INFO - Setting next_dagrun for example_task_group to 2024-05-23 00:00:00+00:00, run_after=2024-05-24 00:00:00+00:00
[2024-05-24T00:35:07.115+0000] {processor.py:183} INFO - Processing /home/airflow/.local/lib/python3.12/site-packages/airflow/example_dags/example_task_group.py took 0.057 seconds
[2024-05-24T00:35:37.718+0000] {processor.py:161} INFO - Started process (PID=2608) to work on /home/airflow/.local/lib/python3.12/site-packages/airflow/example_dags/example_task_group.py
[2024-05-24T00:35:37.722+0000] {processor.py:830} INFO - Processing file /home/airflow/.local/lib/python3.12/site-packages/airflow/example_dags/example_task_group.py for tasks to queue
[2024-05-24T00:35:37.724+0000] {logging_mixin.py:188} INFO - [2024-05-24T00:35:37.723+0000] {dagbag.py:545} INFO - Filling up the DagBag from /home/airflow/.local/lib/python3.12/site-packages/airflow/example_dags/example_task_group.py
[2024-05-24T00:35:37.729+0000] {processor.py:840} INFO - DAG(s) 'example_task_group' retrieved from /home/airflow/.local/lib/python3.12/site-packages/airflow/example_dags/example_task_group.py
[2024-05-24T00:35:37.752+0000] {logging_mixin.py:188} INFO - [2024-05-24T00:35:37.752+0000] {dag.py:3096} INFO - Sync 1 DAGs
[2024-05-24T00:35:37.766+0000] {logging_mixin.py:188} INFO - [2024-05-24T00:35:37.766+0000] {dag.py:3954} INFO - Setting next_dagrun for example_task_group to 2024-05-23 00:00:00+00:00, run_after=2024-05-24 00:00:00+00:00
[2024-05-24T00:35:37.776+0000] {processor.py:183} INFO - Processing /home/airflow/.local/lib/python3.12/site-packages/airflow/example_dags/example_task_group.py took 0.061 seconds
[2024-05-24T00:36:08.378+0000] {processor.py:161} INFO - Started process (PID=2667) to work on /home/airflow/.local/lib/python3.12/site-packages/airflow/example_dags/example_task_group.py
[2024-05-24T00:36:08.381+0000] {processor.py:830} INFO - Processing file /home/airflow/.local/lib/python3.12/site-packages/airflow/example_dags/example_task_group.py for tasks to queue
[2024-05-24T00:36:08.382+0000] {logging_mixin.py:188} INFO - [2024-05-24T00:36:08.382+0000] {dagbag.py:545} INFO - Filling up the DagBag from /home/airflow/.local/lib/python3.12/site-packages/airflow/example_dags/example_task_group.py
[2024-05-24T00:36:08.385+0000] {processor.py:840} INFO - DAG(s) 'example_task_group' retrieved from /home/airflow/.local/lib/python3.12/site-packages/airflow/example_dags/example_task_group.py
[2024-05-24T00:36:08.393+0000] {logging_mixin.py:188} INFO - [2024-05-24T00:36:08.393+0000] {dag.py:3096} INFO - Sync 1 DAGs
[2024-05-24T00:36:08.404+0000] {logging_mixin.py:188} INFO - [2024-05-24T00:36:08.403+0000] {dag.py:3954} INFO - Setting next_dagrun for example_task_group to 2024-05-23 00:00:00+00:00, run_after=2024-05-24 00:00:00+00:00
[2024-05-24T00:36:08.411+0000] {processor.py:183} INFO - Processing /home/airflow/.local/lib/python3.12/site-packages/airflow/example_dags/example_task_group.py took 0.038 seconds
[2024-05-24T00:36:39.204+0000] {processor.py:161} INFO - Started process (PID=2726) to work on /home/airflow/.local/lib/python3.12/site-packages/airflow/example_dags/example_task_group.py
[2024-05-24T00:36:39.207+0000] {processor.py:830} INFO - Processing file /home/airflow/.local/lib/python3.12/site-packages/airflow/example_dags/example_task_group.py for tasks to queue
[2024-05-24T00:36:39.208+0000] {logging_mixin.py:188} INFO - [2024-05-24T00:36:39.207+0000] {dagbag.py:545} INFO - Filling up the DagBag from /home/airflow/.local/lib/python3.12/site-packages/airflow/example_dags/example_task_group.py
[2024-05-24T00:36:39.212+0000] {processor.py:840} INFO - DAG(s) 'example_task_group' retrieved from /home/airflow/.local/lib/python3.12/site-packages/airflow/example_dags/example_task_group.py
[2024-05-24T00:36:39.231+0000] {logging_mixin.py:188} INFO - [2024-05-24T00:36:39.231+0000] {dag.py:3096} INFO - Sync 1 DAGs
[2024-05-24T00:36:39.248+0000] {logging_mixin.py:188} INFO - [2024-05-24T00:36:39.248+0000] {dag.py:3954} INFO - Setting next_dagrun for example_task_group to 2024-05-23 00:00:00+00:00, run_after=2024-05-24 00:00:00+00:00
[2024-05-24T00:36:39.256+0000] {processor.py:183} INFO - Processing /home/airflow/.local/lib/python3.12/site-packages/airflow/example_dags/example_task_group.py took 0.055 seconds
[2024-05-24T00:37:09.800+0000] {processor.py:161} INFO - Started process (PID=2785) to work on /home/airflow/.local/lib/python3.12/site-packages/airflow/example_dags/example_task_group.py
[2024-05-24T00:37:09.803+0000] {processor.py:830} INFO - Processing file /home/airflow/.local/lib/python3.12/site-packages/airflow/example_dags/example_task_group.py for tasks to queue
[2024-05-24T00:37:09.804+0000] {logging_mixin.py:188} INFO - [2024-05-24T00:37:09.804+0000] {dagbag.py:545} INFO - Filling up the DagBag from /home/airflow/.local/lib/python3.12/site-packages/airflow/example_dags/example_task_group.py
[2024-05-24T00:37:09.812+0000] {processor.py:840} INFO - DAG(s) 'example_task_group' retrieved from /home/airflow/.local/lib/python3.12/site-packages/airflow/example_dags/example_task_group.py
[2024-05-24T00:37:09.823+0000] {logging_mixin.py:188} INFO - [2024-05-24T00:37:09.823+0000] {dag.py:3096} INFO - Sync 1 DAGs
[2024-05-24T00:37:09.831+0000] {logging_mixin.py:188} INFO - [2024-05-24T00:37:09.831+0000] {dag.py:3954} INFO - Setting next_dagrun for example_task_group to 2024-05-23 00:00:00+00:00, run_after=2024-05-24 00:00:00+00:00
[2024-05-24T00:37:09.837+0000] {processor.py:183} INFO - Processing /home/airflow/.local/lib/python3.12/site-packages/airflow/example_dags/example_task_group.py took 0.040 seconds
[2024-05-24T00:37:40.484+0000] {processor.py:161} INFO - Started process (PID=2844) to work on /home/airflow/.local/lib/python3.12/site-packages/airflow/example_dags/example_task_group.py
[2024-05-24T00:37:40.487+0000] {processor.py:830} INFO - Processing file /home/airflow/.local/lib/python3.12/site-packages/airflow/example_dags/example_task_group.py for tasks to queue
[2024-05-24T00:37:40.488+0000] {logging_mixin.py:188} INFO - [2024-05-24T00:37:40.488+0000] {dagbag.py:545} INFO - Filling up the DagBag from /home/airflow/.local/lib/python3.12/site-packages/airflow/example_dags/example_task_group.py
[2024-05-24T00:37:40.496+0000] {processor.py:840} INFO - DAG(s) 'example_task_group' retrieved from /home/airflow/.local/lib/python3.12/site-packages/airflow/example_dags/example_task_group.py
[2024-05-24T00:37:40.516+0000] {logging_mixin.py:188} INFO - [2024-05-24T00:37:40.516+0000] {dag.py:3096} INFO - Sync 1 DAGs
[2024-05-24T00:37:40.525+0000] {logging_mixin.py:188} INFO - [2024-05-24T00:37:40.524+0000] {dag.py:3954} INFO - Setting next_dagrun for example_task_group to 2024-05-23 00:00:00+00:00, run_after=2024-05-24 00:00:00+00:00
[2024-05-24T00:37:40.532+0000] {processor.py:183} INFO - Processing /home/airflow/.local/lib/python3.12/site-packages/airflow/example_dags/example_task_group.py took 0.052 seconds
[2024-05-24T00:38:11.141+0000] {processor.py:161} INFO - Started process (PID=2903) to work on /home/airflow/.local/lib/python3.12/site-packages/airflow/example_dags/example_task_group.py
[2024-05-24T00:38:11.142+0000] {processor.py:830} INFO - Processing file /home/airflow/.local/lib/python3.12/site-packages/airflow/example_dags/example_task_group.py for tasks to queue
[2024-05-24T00:38:11.142+0000] {logging_mixin.py:188} INFO - [2024-05-24T00:38:11.142+0000] {dagbag.py:545} INFO - Filling up the DagBag from /home/airflow/.local/lib/python3.12/site-packages/airflow/example_dags/example_task_group.py
[2024-05-24T00:38:11.146+0000] {processor.py:840} INFO - DAG(s) 'example_task_group' retrieved from /home/airflow/.local/lib/python3.12/site-packages/airflow/example_dags/example_task_group.py
[2024-05-24T00:38:11.159+0000] {logging_mixin.py:188} INFO - [2024-05-24T00:38:11.159+0000] {dag.py:3096} INFO - Sync 1 DAGs
[2024-05-24T00:38:11.171+0000] {logging_mixin.py:188} INFO - [2024-05-24T00:38:11.170+0000] {dag.py:3954} INFO - Setting next_dagrun for example_task_group to 2024-05-23 00:00:00+00:00, run_after=2024-05-24 00:00:00+00:00
[2024-05-24T00:38:11.178+0000] {processor.py:183} INFO - Processing /home/airflow/.local/lib/python3.12/site-packages/airflow/example_dags/example_task_group.py took 0.040 seconds
[2024-05-24T00:38:41.743+0000] {processor.py:161} INFO - Started process (PID=2963) to work on /home/airflow/.local/lib/python3.12/site-packages/airflow/example_dags/example_task_group.py
[2024-05-24T00:38:41.746+0000] {processor.py:830} INFO - Processing file /home/airflow/.local/lib/python3.12/site-packages/airflow/example_dags/example_task_group.py for tasks to queue
[2024-05-24T00:38:41.747+0000] {logging_mixin.py:188} INFO - [2024-05-24T00:38:41.747+0000] {dagbag.py:545} INFO - Filling up the DagBag from /home/airflow/.local/lib/python3.12/site-packages/airflow/example_dags/example_task_group.py
[2024-05-24T00:38:41.750+0000] {processor.py:840} INFO - DAG(s) 'example_task_group' retrieved from /home/airflow/.local/lib/python3.12/site-packages/airflow/example_dags/example_task_group.py
[2024-05-24T00:38:41.762+0000] {logging_mixin.py:188} INFO - [2024-05-24T00:38:41.761+0000] {dag.py:3096} INFO - Sync 1 DAGs
[2024-05-24T00:38:41.774+0000] {logging_mixin.py:188} INFO - [2024-05-24T00:38:41.773+0000] {dag.py:3954} INFO - Setting next_dagrun for example_task_group to 2024-05-23 00:00:00+00:00, run_after=2024-05-24 00:00:00+00:00
[2024-05-24T00:38:41.783+0000] {processor.py:183} INFO - Processing /home/airflow/.local/lib/python3.12/site-packages/airflow/example_dags/example_task_group.py took 0.042 seconds
[2024-05-24T00:39:12.266+0000] {processor.py:161} INFO - Started process (PID=3022) to work on /home/airflow/.local/lib/python3.12/site-packages/airflow/example_dags/example_task_group.py
[2024-05-24T00:39:12.269+0000] {processor.py:830} INFO - Processing file /home/airflow/.local/lib/python3.12/site-packages/airflow/example_dags/example_task_group.py for tasks to queue
[2024-05-24T00:39:12.271+0000] {logging_mixin.py:188} INFO - [2024-05-24T00:39:12.270+0000] {dagbag.py:545} INFO - Filling up the DagBag from /home/airflow/.local/lib/python3.12/site-packages/airflow/example_dags/example_task_group.py
[2024-05-24T00:39:12.276+0000] {processor.py:840} INFO - DAG(s) 'example_task_group' retrieved from /home/airflow/.local/lib/python3.12/site-packages/airflow/example_dags/example_task_group.py
[2024-05-24T00:39:12.287+0000] {logging_mixin.py:188} INFO - [2024-05-24T00:39:12.287+0000] {dag.py:3096} INFO - Sync 1 DAGs
[2024-05-24T00:39:12.307+0000] {logging_mixin.py:188} INFO - [2024-05-24T00:39:12.307+0000] {dag.py:3954} INFO - Setting next_dagrun for example_task_group to 2024-05-23 00:00:00+00:00, run_after=2024-05-24 00:00:00+00:00
[2024-05-24T00:39:12.323+0000] {processor.py:183} INFO - Processing /home/airflow/.local/lib/python3.12/site-packages/airflow/example_dags/example_task_group.py took 0.062 seconds
[2024-05-24T00:39:42.636+0000] {processor.py:161} INFO - Started process (PID=3081) to work on /home/airflow/.local/lib/python3.12/site-packages/airflow/example_dags/example_task_group.py
[2024-05-24T00:39:42.638+0000] {processor.py:830} INFO - Processing file /home/airflow/.local/lib/python3.12/site-packages/airflow/example_dags/example_task_group.py for tasks to queue
[2024-05-24T00:39:42.639+0000] {logging_mixin.py:188} INFO - [2024-05-24T00:39:42.639+0000] {dagbag.py:545} INFO - Filling up the DagBag from /home/airflow/.local/lib/python3.12/site-packages/airflow/example_dags/example_task_group.py
[2024-05-24T00:39:42.642+0000] {processor.py:840} INFO - DAG(s) 'example_task_group' retrieved from /home/airflow/.local/lib/python3.12/site-packages/airflow/example_dags/example_task_group.py
[2024-05-24T00:39:42.648+0000] {logging_mixin.py:188} INFO - [2024-05-24T00:39:42.648+0000] {dag.py:3096} INFO - Sync 1 DAGs
[2024-05-24T00:39:42.660+0000] {logging_mixin.py:188} INFO - [2024-05-24T00:39:42.660+0000] {dag.py:3954} INFO - Setting next_dagrun for example_task_group to 2024-05-23 00:00:00+00:00, run_after=2024-05-24 00:00:00+00:00
[2024-05-24T00:39:42.666+0000] {processor.py:183} INFO - Processing /home/airflow/.local/lib/python3.12/site-packages/airflow/example_dags/example_task_group.py took 0.034 seconds
[2024-05-24T00:40:12.780+0000] {processor.py:161} INFO - Started process (PID=3139) to work on /home/airflow/.local/lib/python3.12/site-packages/airflow/example_dags/example_task_group.py
[2024-05-24T00:40:12.783+0000] {processor.py:830} INFO - Processing file /home/airflow/.local/lib/python3.12/site-packages/airflow/example_dags/example_task_group.py for tasks to queue
[2024-05-24T00:40:12.783+0000] {logging_mixin.py:188} INFO - [2024-05-24T00:40:12.783+0000] {dagbag.py:545} INFO - Filling up the DagBag from /home/airflow/.local/lib/python3.12/site-packages/airflow/example_dags/example_task_group.py
[2024-05-24T00:40:12.786+0000] {processor.py:840} INFO - DAG(s) 'example_task_group' retrieved from /home/airflow/.local/lib/python3.12/site-packages/airflow/example_dags/example_task_group.py
[2024-05-24T00:40:12.828+0000] {logging_mixin.py:188} INFO - [2024-05-24T00:40:12.828+0000] {dag.py:3096} INFO - Sync 1 DAGs
[2024-05-24T00:40:12.836+0000] {logging_mixin.py:188} INFO - [2024-05-24T00:40:12.836+0000] {dag.py:3954} INFO - Setting next_dagrun for example_task_group to 2024-05-23 00:00:00+00:00, run_after=2024-05-24 00:00:00+00:00
[2024-05-24T00:40:12.842+0000] {processor.py:183} INFO - Processing /home/airflow/.local/lib/python3.12/site-packages/airflow/example_dags/example_task_group.py took 0.068 seconds
