[2024-05-24T00:14:38.100+0000] {processor.py:161} INFO - Started process (PID=94) to work on /home/airflow/.local/lib/python3.12/site-packages/airflow/example_dags/example_branch_python_dop_operator_3.py
[2024-05-24T00:14:38.100+0000] {processor.py:830} INFO - Processing file /home/airflow/.local/lib/python3.12/site-packages/airflow/example_dags/example_branch_python_dop_operator_3.py for tasks to queue
[2024-05-24T00:14:38.101+0000] {logging_mixin.py:188} INFO - [2024-05-24T00:14:38.101+0000] {dagbag.py:545} INFO - Filling up the DagBag from /home/airflow/.local/lib/python3.12/site-packages/airflow/example_dags/example_branch_python_dop_operator_3.py
[2024-05-24T00:14:38.105+0000] {processor.py:840} INFO - DAG(s) 'example_branch_dop_operator_v3' retrieved from /home/airflow/.local/lib/python3.12/site-packages/airflow/example_dags/example_branch_python_dop_operator_3.py
[2024-05-24T00:14:38.112+0000] {logging_mixin.py:188} INFO - [2024-05-24T00:14:38.111+0000] {dag.py:3096} INFO - Sync 1 DAGs
[2024-05-24T00:14:38.130+0000] {logging_mixin.py:188} INFO - [2024-05-24T00:14:38.130+0000] {dag.py:3954} INFO - Setting next_dagrun for example_branch_dop_operator_v3 to 2024-05-24 00:13:00+00:00, run_after=2024-05-24 00:14:00+00:00
[2024-05-24T00:14:38.141+0000] {processor.py:183} INFO - Processing /home/airflow/.local/lib/python3.12/site-packages/airflow/example_dags/example_branch_python_dop_operator_3.py took 0.043 seconds
[2024-05-24T00:15:09.283+0000] {processor.py:161} INFO - Started process (PID=153) to work on /home/airflow/.local/lib/python3.12/site-packages/airflow/example_dags/example_branch_python_dop_operator_3.py
[2024-05-24T00:15:09.283+0000] {processor.py:830} INFO - Processing file /home/airflow/.local/lib/python3.12/site-packages/airflow/example_dags/example_branch_python_dop_operator_3.py for tasks to queue
[2024-05-24T00:15:09.284+0000] {logging_mixin.py:188} INFO - [2024-05-24T00:15:09.284+0000] {dagbag.py:545} INFO - Filling up the DagBag from /home/airflow/.local/lib/python3.12/site-packages/airflow/example_dags/example_branch_python_dop_operator_3.py
[2024-05-24T00:15:09.288+0000] {processor.py:840} INFO - DAG(s) 'example_branch_dop_operator_v3' retrieved from /home/airflow/.local/lib/python3.12/site-packages/airflow/example_dags/example_branch_python_dop_operator_3.py
[2024-05-24T00:15:09.340+0000] {logging_mixin.py:188} INFO - [2024-05-24T00:15:09.340+0000] {dag.py:3096} INFO - Sync 1 DAGs
[2024-05-24T00:15:09.353+0000] {logging_mixin.py:188} INFO - [2024-05-24T00:15:09.352+0000] {dag.py:3954} INFO - Setting next_dagrun for example_branch_dop_operator_v3 to 2024-05-24 00:14:00+00:00, run_after=2024-05-24 00:15:00+00:00
[2024-05-24T00:15:09.363+0000] {processor.py:183} INFO - Processing /home/airflow/.local/lib/python3.12/site-packages/airflow/example_dags/example_branch_python_dop_operator_3.py took 0.083 seconds
[2024-05-24T00:15:39.862+0000] {processor.py:161} INFO - Started process (PID=212) to work on /home/airflow/.local/lib/python3.12/site-packages/airflow/example_dags/example_branch_python_dop_operator_3.py
[2024-05-24T00:15:39.863+0000] {processor.py:830} INFO - Processing file /home/airflow/.local/lib/python3.12/site-packages/airflow/example_dags/example_branch_python_dop_operator_3.py for tasks to queue
[2024-05-24T00:15:39.864+0000] {logging_mixin.py:188} INFO - [2024-05-24T00:15:39.863+0000] {dagbag.py:545} INFO - Filling up the DagBag from /home/airflow/.local/lib/python3.12/site-packages/airflow/example_dags/example_branch_python_dop_operator_3.py
[2024-05-24T00:15:39.867+0000] {processor.py:840} INFO - DAG(s) 'example_branch_dop_operator_v3' retrieved from /home/airflow/.local/lib/python3.12/site-packages/airflow/example_dags/example_branch_python_dop_operator_3.py
[2024-05-24T00:15:39.880+0000] {logging_mixin.py:188} INFO - [2024-05-24T00:15:39.879+0000] {dag.py:3096} INFO - Sync 1 DAGs
[2024-05-24T00:15:39.891+0000] {logging_mixin.py:188} INFO - [2024-05-24T00:15:39.891+0000] {dag.py:3954} INFO - Setting next_dagrun for example_branch_dop_operator_v3 to 2024-05-24 00:14:00+00:00, run_after=2024-05-24 00:15:00+00:00
[2024-05-24T00:15:39.898+0000] {processor.py:183} INFO - Processing /home/airflow/.local/lib/python3.12/site-packages/airflow/example_dags/example_branch_python_dop_operator_3.py took 0.040 seconds
[2024-05-24T00:16:10.371+0000] {processor.py:161} INFO - Started process (PID=271) to work on /home/airflow/.local/lib/python3.12/site-packages/airflow/example_dags/example_branch_python_dop_operator_3.py
[2024-05-24T00:16:10.372+0000] {processor.py:830} INFO - Processing file /home/airflow/.local/lib/python3.12/site-packages/airflow/example_dags/example_branch_python_dop_operator_3.py for tasks to queue
[2024-05-24T00:16:10.373+0000] {logging_mixin.py:188} INFO - [2024-05-24T00:16:10.373+0000] {dagbag.py:545} INFO - Filling up the DagBag from /home/airflow/.local/lib/python3.12/site-packages/airflow/example_dags/example_branch_python_dop_operator_3.py
[2024-05-24T00:16:10.380+0000] {processor.py:840} INFO - DAG(s) 'example_branch_dop_operator_v3' retrieved from /home/airflow/.local/lib/python3.12/site-packages/airflow/example_dags/example_branch_python_dop_operator_3.py
[2024-05-24T00:16:10.395+0000] {logging_mixin.py:188} INFO - [2024-05-24T00:16:10.394+0000] {dag.py:3096} INFO - Sync 1 DAGs
[2024-05-24T00:16:10.410+0000] {logging_mixin.py:188} INFO - [2024-05-24T00:16:10.410+0000] {dag.py:3954} INFO - Setting next_dagrun for example_branch_dop_operator_v3 to 2024-05-24 00:15:00+00:00, run_after=2024-05-24 00:16:00+00:00
[2024-05-24T00:16:10.421+0000] {processor.py:183} INFO - Processing /home/airflow/.local/lib/python3.12/site-packages/airflow/example_dags/example_branch_python_dop_operator_3.py took 0.053 seconds
[2024-05-24T00:16:40.854+0000] {processor.py:161} INFO - Started process (PID=331) to work on /home/airflow/.local/lib/python3.12/site-packages/airflow/example_dags/example_branch_python_dop_operator_3.py
[2024-05-24T00:16:40.854+0000] {processor.py:830} INFO - Processing file /home/airflow/.local/lib/python3.12/site-packages/airflow/example_dags/example_branch_python_dop_operator_3.py for tasks to queue
[2024-05-24T00:16:40.855+0000] {logging_mixin.py:188} INFO - [2024-05-24T00:16:40.854+0000] {dagbag.py:545} INFO - Filling up the DagBag from /home/airflow/.local/lib/python3.12/site-packages/airflow/example_dags/example_branch_python_dop_operator_3.py
[2024-05-24T00:16:40.858+0000] {processor.py:840} INFO - DAG(s) 'example_branch_dop_operator_v3' retrieved from /home/airflow/.local/lib/python3.12/site-packages/airflow/example_dags/example_branch_python_dop_operator_3.py
[2024-05-24T00:16:40.871+0000] {logging_mixin.py:188} INFO - [2024-05-24T00:16:40.870+0000] {dag.py:3096} INFO - Sync 1 DAGs
[2024-05-24T00:16:40.888+0000] {logging_mixin.py:188} INFO - [2024-05-24T00:16:40.888+0000] {dag.py:3954} INFO - Setting next_dagrun for example_branch_dop_operator_v3 to 2024-05-24 00:15:00+00:00, run_after=2024-05-24 00:16:00+00:00
[2024-05-24T00:16:40.897+0000] {processor.py:183} INFO - Processing /home/airflow/.local/lib/python3.12/site-packages/airflow/example_dags/example_branch_python_dop_operator_3.py took 0.046 seconds
[2024-05-24T00:17:11.245+0000] {processor.py:161} INFO - Started process (PID=390) to work on /home/airflow/.local/lib/python3.12/site-packages/airflow/example_dags/example_branch_python_dop_operator_3.py
[2024-05-24T00:17:11.246+0000] {processor.py:830} INFO - Processing file /home/airflow/.local/lib/python3.12/site-packages/airflow/example_dags/example_branch_python_dop_operator_3.py for tasks to queue
[2024-05-24T00:17:11.247+0000] {logging_mixin.py:188} INFO - [2024-05-24T00:17:11.247+0000] {dagbag.py:545} INFO - Filling up the DagBag from /home/airflow/.local/lib/python3.12/site-packages/airflow/example_dags/example_branch_python_dop_operator_3.py
[2024-05-24T00:17:11.251+0000] {processor.py:840} INFO - DAG(s) 'example_branch_dop_operator_v3' retrieved from /home/airflow/.local/lib/python3.12/site-packages/airflow/example_dags/example_branch_python_dop_operator_3.py
[2024-05-24T00:17:11.259+0000] {logging_mixin.py:188} INFO - [2024-05-24T00:17:11.259+0000] {dag.py:3096} INFO - Sync 1 DAGs
[2024-05-24T00:17:11.269+0000] {logging_mixin.py:188} INFO - [2024-05-24T00:17:11.269+0000] {dag.py:3954} INFO - Setting next_dagrun for example_branch_dop_operator_v3 to 2024-05-24 00:16:00+00:00, run_after=2024-05-24 00:17:00+00:00
[2024-05-24T00:17:11.276+0000] {processor.py:183} INFO - Processing /home/airflow/.local/lib/python3.12/site-packages/airflow/example_dags/example_branch_python_dop_operator_3.py took 0.034 seconds
[2024-05-24T00:17:41.756+0000] {processor.py:161} INFO - Started process (PID=449) to work on /home/airflow/.local/lib/python3.12/site-packages/airflow/example_dags/example_branch_python_dop_operator_3.py
[2024-05-24T00:17:41.756+0000] {processor.py:830} INFO - Processing file /home/airflow/.local/lib/python3.12/site-packages/airflow/example_dags/example_branch_python_dop_operator_3.py for tasks to queue
[2024-05-24T00:17:41.757+0000] {logging_mixin.py:188} INFO - [2024-05-24T00:17:41.756+0000] {dagbag.py:545} INFO - Filling up the DagBag from /home/airflow/.local/lib/python3.12/site-packages/airflow/example_dags/example_branch_python_dop_operator_3.py
[2024-05-24T00:17:41.760+0000] {processor.py:840} INFO - DAG(s) 'example_branch_dop_operator_v3' retrieved from /home/airflow/.local/lib/python3.12/site-packages/airflow/example_dags/example_branch_python_dop_operator_3.py
[2024-05-24T00:17:41.772+0000] {logging_mixin.py:188} INFO - [2024-05-24T00:17:41.772+0000] {dag.py:3096} INFO - Sync 1 DAGs
[2024-05-24T00:17:41.789+0000] {logging_mixin.py:188} INFO - [2024-05-24T00:17:41.789+0000] {dag.py:3954} INFO - Setting next_dagrun for example_branch_dop_operator_v3 to 2024-05-24 00:16:00+00:00, run_after=2024-05-24 00:17:00+00:00
[2024-05-24T00:17:41.801+0000] {processor.py:183} INFO - Processing /home/airflow/.local/lib/python3.12/site-packages/airflow/example_dags/example_branch_python_dop_operator_3.py took 0.047 seconds
[2024-05-24T00:18:12.526+0000] {processor.py:161} INFO - Started process (PID=509) to work on /home/airflow/.local/lib/python3.12/site-packages/airflow/example_dags/example_branch_python_dop_operator_3.py
[2024-05-24T00:18:12.527+0000] {processor.py:830} INFO - Processing file /home/airflow/.local/lib/python3.12/site-packages/airflow/example_dags/example_branch_python_dop_operator_3.py for tasks to queue
[2024-05-24T00:18:12.527+0000] {logging_mixin.py:188} INFO - [2024-05-24T00:18:12.527+0000] {dagbag.py:545} INFO - Filling up the DagBag from /home/airflow/.local/lib/python3.12/site-packages/airflow/example_dags/example_branch_python_dop_operator_3.py
[2024-05-24T00:18:12.530+0000] {processor.py:840} INFO - DAG(s) 'example_branch_dop_operator_v3' retrieved from /home/airflow/.local/lib/python3.12/site-packages/airflow/example_dags/example_branch_python_dop_operator_3.py
[2024-05-24T00:18:12.539+0000] {logging_mixin.py:188} INFO - [2024-05-24T00:18:12.539+0000] {dag.py:3096} INFO - Sync 1 DAGs
[2024-05-24T00:18:12.549+0000] {logging_mixin.py:188} INFO - [2024-05-24T00:18:12.549+0000] {dag.py:3954} INFO - Setting next_dagrun for example_branch_dop_operator_v3 to 2024-05-24 00:17:00+00:00, run_after=2024-05-24 00:18:00+00:00
[2024-05-24T00:18:12.556+0000] {processor.py:183} INFO - Processing /home/airflow/.local/lib/python3.12/site-packages/airflow/example_dags/example_branch_python_dop_operator_3.py took 0.033 seconds
[2024-05-24T00:18:43.154+0000] {processor.py:161} INFO - Started process (PID=575) to work on /home/airflow/.local/lib/python3.12/site-packages/airflow/example_dags/example_branch_python_dop_operator_3.py
[2024-05-24T00:18:43.154+0000] {processor.py:830} INFO - Processing file /home/airflow/.local/lib/python3.12/site-packages/airflow/example_dags/example_branch_python_dop_operator_3.py for tasks to queue
[2024-05-24T00:18:43.155+0000] {logging_mixin.py:188} INFO - [2024-05-24T00:18:43.155+0000] {dagbag.py:545} INFO - Filling up the DagBag from /home/airflow/.local/lib/python3.12/site-packages/airflow/example_dags/example_branch_python_dop_operator_3.py
[2024-05-24T00:18:43.161+0000] {processor.py:840} INFO - DAG(s) 'example_branch_dop_operator_v3' retrieved from /home/airflow/.local/lib/python3.12/site-packages/airflow/example_dags/example_branch_python_dop_operator_3.py
[2024-05-24T00:18:43.173+0000] {logging_mixin.py:188} INFO - [2024-05-24T00:18:43.173+0000] {dag.py:3096} INFO - Sync 1 DAGs
[2024-05-24T00:18:43.191+0000] {logging_mixin.py:188} INFO - [2024-05-24T00:18:43.191+0000] {dag.py:3954} INFO - Setting next_dagrun for example_branch_dop_operator_v3 to 2024-05-24 00:17:00+00:00, run_after=2024-05-24 00:18:00+00:00
[2024-05-24T00:18:43.202+0000] {processor.py:183} INFO - Processing /home/airflow/.local/lib/python3.12/site-packages/airflow/example_dags/example_branch_python_dop_operator_3.py took 0.052 seconds
[2024-05-24T00:19:13.927+0000] {processor.py:161} INFO - Started process (PID=635) to work on /home/airflow/.local/lib/python3.12/site-packages/airflow/example_dags/example_branch_python_dop_operator_3.py
[2024-05-24T00:19:13.928+0000] {processor.py:830} INFO - Processing file /home/airflow/.local/lib/python3.12/site-packages/airflow/example_dags/example_branch_python_dop_operator_3.py for tasks to queue
[2024-05-24T00:19:13.929+0000] {logging_mixin.py:188} INFO - [2024-05-24T00:19:13.929+0000] {dagbag.py:545} INFO - Filling up the DagBag from /home/airflow/.local/lib/python3.12/site-packages/airflow/example_dags/example_branch_python_dop_operator_3.py
[2024-05-24T00:19:13.934+0000] {processor.py:840} INFO - DAG(s) 'example_branch_dop_operator_v3' retrieved from /home/airflow/.local/lib/python3.12/site-packages/airflow/example_dags/example_branch_python_dop_operator_3.py
[2024-05-24T00:19:13.946+0000] {logging_mixin.py:188} INFO - [2024-05-24T00:19:13.946+0000] {dag.py:3096} INFO - Sync 1 DAGs
[2024-05-24T00:19:13.959+0000] {logging_mixin.py:188} INFO - [2024-05-24T00:19:13.958+0000] {dag.py:3954} INFO - Setting next_dagrun for example_branch_dop_operator_v3 to 2024-05-24 00:18:00+00:00, run_after=2024-05-24 00:19:00+00:00
[2024-05-24T00:19:13.967+0000] {processor.py:183} INFO - Processing /home/airflow/.local/lib/python3.12/site-packages/airflow/example_dags/example_branch_python_dop_operator_3.py took 0.043 seconds
[2024-05-24T00:19:44.694+0000] {processor.py:161} INFO - Started process (PID=695) to work on /home/airflow/.local/lib/python3.12/site-packages/airflow/example_dags/example_branch_python_dop_operator_3.py
[2024-05-24T00:19:44.695+0000] {processor.py:830} INFO - Processing file /home/airflow/.local/lib/python3.12/site-packages/airflow/example_dags/example_branch_python_dop_operator_3.py for tasks to queue
[2024-05-24T00:19:44.696+0000] {logging_mixin.py:188} INFO - [2024-05-24T00:19:44.696+0000] {dagbag.py:545} INFO - Filling up the DagBag from /home/airflow/.local/lib/python3.12/site-packages/airflow/example_dags/example_branch_python_dop_operator_3.py
[2024-05-24T00:19:44.701+0000] {processor.py:840} INFO - DAG(s) 'example_branch_dop_operator_v3' retrieved from /home/airflow/.local/lib/python3.12/site-packages/airflow/example_dags/example_branch_python_dop_operator_3.py
[2024-05-24T00:19:44.729+0000] {logging_mixin.py:188} INFO - [2024-05-24T00:19:44.728+0000] {dag.py:3096} INFO - Sync 1 DAGs
[2024-05-24T00:19:44.744+0000] {logging_mixin.py:188} INFO - [2024-05-24T00:19:44.744+0000] {dag.py:3954} INFO - Setting next_dagrun for example_branch_dop_operator_v3 to 2024-05-24 00:18:00+00:00, run_after=2024-05-24 00:19:00+00:00
[2024-05-24T00:19:44.751+0000] {processor.py:183} INFO - Processing /home/airflow/.local/lib/python3.12/site-packages/airflow/example_dags/example_branch_python_dop_operator_3.py took 0.061 seconds
[2024-05-24T00:20:15.316+0000] {processor.py:161} INFO - Started process (PID=754) to work on /home/airflow/.local/lib/python3.12/site-packages/airflow/example_dags/example_branch_python_dop_operator_3.py
[2024-05-24T00:20:15.317+0000] {processor.py:830} INFO - Processing file /home/airflow/.local/lib/python3.12/site-packages/airflow/example_dags/example_branch_python_dop_operator_3.py for tasks to queue
[2024-05-24T00:20:15.317+0000] {logging_mixin.py:188} INFO - [2024-05-24T00:20:15.317+0000] {dagbag.py:545} INFO - Filling up the DagBag from /home/airflow/.local/lib/python3.12/site-packages/airflow/example_dags/example_branch_python_dop_operator_3.py
[2024-05-24T00:20:15.323+0000] {processor.py:840} INFO - DAG(s) 'example_branch_dop_operator_v3' retrieved from /home/airflow/.local/lib/python3.12/site-packages/airflow/example_dags/example_branch_python_dop_operator_3.py
[2024-05-24T00:20:15.334+0000] {logging_mixin.py:188} INFO - [2024-05-24T00:20:15.334+0000] {dag.py:3096} INFO - Sync 1 DAGs
[2024-05-24T00:20:15.352+0000] {logging_mixin.py:188} INFO - [2024-05-24T00:20:15.351+0000] {dag.py:3954} INFO - Setting next_dagrun for example_branch_dop_operator_v3 to 2024-05-24 00:19:00+00:00, run_after=2024-05-24 00:20:00+00:00
[2024-05-24T00:20:15.362+0000] {processor.py:183} INFO - Processing /home/airflow/.local/lib/python3.12/site-packages/airflow/example_dags/example_branch_python_dop_operator_3.py took 0.050 seconds
[2024-05-24T00:20:46.007+0000] {processor.py:161} INFO - Started process (PID=814) to work on /home/airflow/.local/lib/python3.12/site-packages/airflow/example_dags/example_branch_python_dop_operator_3.py
[2024-05-24T00:20:46.007+0000] {processor.py:830} INFO - Processing file /home/airflow/.local/lib/python3.12/site-packages/airflow/example_dags/example_branch_python_dop_operator_3.py for tasks to queue
[2024-05-24T00:20:46.008+0000] {logging_mixin.py:188} INFO - [2024-05-24T00:20:46.008+0000] {dagbag.py:545} INFO - Filling up the DagBag from /home/airflow/.local/lib/python3.12/site-packages/airflow/example_dags/example_branch_python_dop_operator_3.py
[2024-05-24T00:20:46.013+0000] {processor.py:840} INFO - DAG(s) 'example_branch_dop_operator_v3' retrieved from /home/airflow/.local/lib/python3.12/site-packages/airflow/example_dags/example_branch_python_dop_operator_3.py
[2024-05-24T00:20:46.025+0000] {logging_mixin.py:188} INFO - [2024-05-24T00:20:46.025+0000] {dag.py:3096} INFO - Sync 1 DAGs
[2024-05-24T00:20:46.042+0000] {logging_mixin.py:188} INFO - [2024-05-24T00:20:46.042+0000] {dag.py:3954} INFO - Setting next_dagrun for example_branch_dop_operator_v3 to 2024-05-24 00:19:00+00:00, run_after=2024-05-24 00:20:00+00:00
[2024-05-24T00:20:46.051+0000] {processor.py:183} INFO - Processing /home/airflow/.local/lib/python3.12/site-packages/airflow/example_dags/example_branch_python_dop_operator_3.py took 0.048 seconds
[2024-05-24T00:21:16.640+0000] {processor.py:161} INFO - Started process (PID=891) to work on /home/airflow/.local/lib/python3.12/site-packages/airflow/example_dags/example_branch_python_dop_operator_3.py
[2024-05-24T00:21:16.641+0000] {processor.py:830} INFO - Processing file /home/airflow/.local/lib/python3.12/site-packages/airflow/example_dags/example_branch_python_dop_operator_3.py for tasks to queue
[2024-05-24T00:21:16.642+0000] {logging_mixin.py:188} INFO - [2024-05-24T00:21:16.641+0000] {dagbag.py:545} INFO - Filling up the DagBag from /home/airflow/.local/lib/python3.12/site-packages/airflow/example_dags/example_branch_python_dop_operator_3.py
[2024-05-24T00:21:16.645+0000] {processor.py:840} INFO - DAG(s) 'example_branch_dop_operator_v3' retrieved from /home/airflow/.local/lib/python3.12/site-packages/airflow/example_dags/example_branch_python_dop_operator_3.py
[2024-05-24T00:21:16.661+0000] {logging_mixin.py:188} INFO - [2024-05-24T00:21:16.661+0000] {dag.py:3096} INFO - Sync 1 DAGs
[2024-05-24T00:21:16.673+0000] {logging_mixin.py:188} INFO - [2024-05-24T00:21:16.673+0000] {dag.py:3954} INFO - Setting next_dagrun for example_branch_dop_operator_v3 to 2024-05-24 00:20:00+00:00, run_after=2024-05-24 00:21:00+00:00
[2024-05-24T00:21:16.681+0000] {processor.py:183} INFO - Processing /home/airflow/.local/lib/python3.12/site-packages/airflow/example_dags/example_branch_python_dop_operator_3.py took 0.044 seconds
[2024-05-24T00:21:47.411+0000] {processor.py:161} INFO - Started process (PID=969) to work on /home/airflow/.local/lib/python3.12/site-packages/airflow/example_dags/example_branch_python_dop_operator_3.py
[2024-05-24T00:21:47.412+0000] {processor.py:830} INFO - Processing file /home/airflow/.local/lib/python3.12/site-packages/airflow/example_dags/example_branch_python_dop_operator_3.py for tasks to queue
[2024-05-24T00:21:47.412+0000] {logging_mixin.py:188} INFO - [2024-05-24T00:21:47.412+0000] {dagbag.py:545} INFO - Filling up the DagBag from /home/airflow/.local/lib/python3.12/site-packages/airflow/example_dags/example_branch_python_dop_operator_3.py
[2024-05-24T00:21:47.416+0000] {processor.py:840} INFO - DAG(s) 'example_branch_dop_operator_v3' retrieved from /home/airflow/.local/lib/python3.12/site-packages/airflow/example_dags/example_branch_python_dop_operator_3.py
[2024-05-24T00:21:47.424+0000] {logging_mixin.py:188} INFO - [2024-05-24T00:21:47.424+0000] {dag.py:3096} INFO - Sync 1 DAGs
[2024-05-24T00:21:47.434+0000] {logging_mixin.py:188} INFO - [2024-05-24T00:21:47.434+0000] {dag.py:3954} INFO - Setting next_dagrun for example_branch_dop_operator_v3 to 2024-05-24 00:20:00+00:00, run_after=2024-05-24 00:21:00+00:00
[2024-05-24T00:21:47.441+0000] {processor.py:183} INFO - Processing /home/airflow/.local/lib/python3.12/site-packages/airflow/example_dags/example_branch_python_dop_operator_3.py took 0.033 seconds
[2024-05-24T00:22:18.172+0000] {processor.py:161} INFO - Started process (PID=1029) to work on /home/airflow/.local/lib/python3.12/site-packages/airflow/example_dags/example_branch_python_dop_operator_3.py
[2024-05-24T00:22:18.172+0000] {processor.py:830} INFO - Processing file /home/airflow/.local/lib/python3.12/site-packages/airflow/example_dags/example_branch_python_dop_operator_3.py for tasks to queue
[2024-05-24T00:22:18.173+0000] {logging_mixin.py:188} INFO - [2024-05-24T00:22:18.173+0000] {dagbag.py:545} INFO - Filling up the DagBag from /home/airflow/.local/lib/python3.12/site-packages/airflow/example_dags/example_branch_python_dop_operator_3.py
[2024-05-24T00:22:18.176+0000] {processor.py:840} INFO - DAG(s) 'example_branch_dop_operator_v3' retrieved from /home/airflow/.local/lib/python3.12/site-packages/airflow/example_dags/example_branch_python_dop_operator_3.py
[2024-05-24T00:22:18.185+0000] {logging_mixin.py:188} INFO - [2024-05-24T00:22:18.185+0000] {dag.py:3096} INFO - Sync 1 DAGs
[2024-05-24T00:22:18.195+0000] {logging_mixin.py:188} INFO - [2024-05-24T00:22:18.195+0000] {dag.py:3954} INFO - Setting next_dagrun for example_branch_dop_operator_v3 to 2024-05-24 00:21:00+00:00, run_after=2024-05-24 00:22:00+00:00
[2024-05-24T00:22:18.203+0000] {processor.py:183} INFO - Processing /home/airflow/.local/lib/python3.12/site-packages/airflow/example_dags/example_branch_python_dop_operator_3.py took 0.033 seconds
[2024-05-24T00:22:49.237+0000] {processor.py:161} INFO - Started process (PID=1107) to work on /home/airflow/.local/lib/python3.12/site-packages/airflow/example_dags/example_branch_python_dop_operator_3.py
[2024-05-24T00:22:49.238+0000] {processor.py:830} INFO - Processing file /home/airflow/.local/lib/python3.12/site-packages/airflow/example_dags/example_branch_python_dop_operator_3.py for tasks to queue
[2024-05-24T00:22:49.239+0000] {logging_mixin.py:188} INFO - [2024-05-24T00:22:49.239+0000] {dagbag.py:545} INFO - Filling up the DagBag from /home/airflow/.local/lib/python3.12/site-packages/airflow/example_dags/example_branch_python_dop_operator_3.py
[2024-05-24T00:22:49.244+0000] {processor.py:840} INFO - DAG(s) 'example_branch_dop_operator_v3' retrieved from /home/airflow/.local/lib/python3.12/site-packages/airflow/example_dags/example_branch_python_dop_operator_3.py
[2024-05-24T00:22:49.255+0000] {logging_mixin.py:188} INFO - [2024-05-24T00:22:49.255+0000] {dag.py:3096} INFO - Sync 1 DAGs
[2024-05-24T00:22:49.269+0000] {logging_mixin.py:188} INFO - [2024-05-24T00:22:49.269+0000] {dag.py:3954} INFO - Setting next_dagrun for example_branch_dop_operator_v3 to 2024-05-24 00:21:00+00:00, run_after=2024-05-24 00:22:00+00:00
[2024-05-24T00:22:49.279+0000] {processor.py:183} INFO - Processing /home/airflow/.local/lib/python3.12/site-packages/airflow/example_dags/example_branch_python_dop_operator_3.py took 0.045 seconds
[2024-05-24T00:23:20.151+0000] {processor.py:161} INFO - Started process (PID=1167) to work on /home/airflow/.local/lib/python3.12/site-packages/airflow/example_dags/example_branch_python_dop_operator_3.py
[2024-05-24T00:23:20.152+0000] {processor.py:830} INFO - Processing file /home/airflow/.local/lib/python3.12/site-packages/airflow/example_dags/example_branch_python_dop_operator_3.py for tasks to queue
[2024-05-24T00:23:20.152+0000] {logging_mixin.py:188} INFO - [2024-05-24T00:23:20.152+0000] {dagbag.py:545} INFO - Filling up the DagBag from /home/airflow/.local/lib/python3.12/site-packages/airflow/example_dags/example_branch_python_dop_operator_3.py
[2024-05-24T00:23:20.157+0000] {processor.py:840} INFO - DAG(s) 'example_branch_dop_operator_v3' retrieved from /home/airflow/.local/lib/python3.12/site-packages/airflow/example_dags/example_branch_python_dop_operator_3.py
[2024-05-24T00:23:20.175+0000] {logging_mixin.py:188} INFO - [2024-05-24T00:23:20.175+0000] {dag.py:3096} INFO - Sync 1 DAGs
[2024-05-24T00:23:20.193+0000] {logging_mixin.py:188} INFO - [2024-05-24T00:23:20.193+0000] {dag.py:3954} INFO - Setting next_dagrun for example_branch_dop_operator_v3 to 2024-05-24 00:22:00+00:00, run_after=2024-05-24 00:23:00+00:00
[2024-05-24T00:23:20.203+0000] {processor.py:183} INFO - Processing /home/airflow/.local/lib/python3.12/site-packages/airflow/example_dags/example_branch_python_dop_operator_3.py took 0.054 seconds
[2024-05-24T00:23:50.759+0000] {processor.py:161} INFO - Started process (PID=1227) to work on /home/airflow/.local/lib/python3.12/site-packages/airflow/example_dags/example_branch_python_dop_operator_3.py
[2024-05-24T00:23:50.759+0000] {processor.py:830} INFO - Processing file /home/airflow/.local/lib/python3.12/site-packages/airflow/example_dags/example_branch_python_dop_operator_3.py for tasks to queue
[2024-05-24T00:23:50.760+0000] {logging_mixin.py:188} INFO - [2024-05-24T00:23:50.760+0000] {dagbag.py:545} INFO - Filling up the DagBag from /home/airflow/.local/lib/python3.12/site-packages/airflow/example_dags/example_branch_python_dop_operator_3.py
[2024-05-24T00:23:50.766+0000] {processor.py:840} INFO - DAG(s) 'example_branch_dop_operator_v3' retrieved from /home/airflow/.local/lib/python3.12/site-packages/airflow/example_dags/example_branch_python_dop_operator_3.py
[2024-05-24T00:23:50.775+0000] {logging_mixin.py:188} INFO - [2024-05-24T00:23:50.775+0000] {dag.py:3096} INFO - Sync 1 DAGs
[2024-05-24T00:23:50.785+0000] {logging_mixin.py:188} INFO - [2024-05-24T00:23:50.785+0000] {dag.py:3954} INFO - Setting next_dagrun for example_branch_dop_operator_v3 to 2024-05-24 00:22:00+00:00, run_after=2024-05-24 00:23:00+00:00
[2024-05-24T00:23:50.792+0000] {processor.py:183} INFO - Processing /home/airflow/.local/lib/python3.12/site-packages/airflow/example_dags/example_branch_python_dop_operator_3.py took 0.037 seconds
[2024-05-24T00:24:21.543+0000] {processor.py:161} INFO - Started process (PID=1287) to work on /home/airflow/.local/lib/python3.12/site-packages/airflow/example_dags/example_branch_python_dop_operator_3.py
[2024-05-24T00:24:21.544+0000] {processor.py:830} INFO - Processing file /home/airflow/.local/lib/python3.12/site-packages/airflow/example_dags/example_branch_python_dop_operator_3.py for tasks to queue
[2024-05-24T00:24:21.544+0000] {logging_mixin.py:188} INFO - [2024-05-24T00:24:21.544+0000] {dagbag.py:545} INFO - Filling up the DagBag from /home/airflow/.local/lib/python3.12/site-packages/airflow/example_dags/example_branch_python_dop_operator_3.py
[2024-05-24T00:24:21.547+0000] {processor.py:840} INFO - DAG(s) 'example_branch_dop_operator_v3' retrieved from /home/airflow/.local/lib/python3.12/site-packages/airflow/example_dags/example_branch_python_dop_operator_3.py
[2024-05-24T00:24:21.557+0000] {logging_mixin.py:188} INFO - [2024-05-24T00:24:21.557+0000] {dag.py:3096} INFO - Sync 1 DAGs
[2024-05-24T00:24:21.570+0000] {logging_mixin.py:188} INFO - [2024-05-24T00:24:21.570+0000] {dag.py:3954} INFO - Setting next_dagrun for example_branch_dop_operator_v3 to 2024-05-24 00:23:00+00:00, run_after=2024-05-24 00:24:00+00:00
[2024-05-24T00:24:21.577+0000] {processor.py:183} INFO - Processing /home/airflow/.local/lib/python3.12/site-packages/airflow/example_dags/example_branch_python_dop_operator_3.py took 0.036 seconds
[2024-05-24T00:24:52.369+0000] {processor.py:161} INFO - Started process (PID=1347) to work on /home/airflow/.local/lib/python3.12/site-packages/airflow/example_dags/example_branch_python_dop_operator_3.py
[2024-05-24T00:24:52.370+0000] {processor.py:830} INFO - Processing file /home/airflow/.local/lib/python3.12/site-packages/airflow/example_dags/example_branch_python_dop_operator_3.py for tasks to queue
[2024-05-24T00:24:52.370+0000] {logging_mixin.py:188} INFO - [2024-05-24T00:24:52.370+0000] {dagbag.py:545} INFO - Filling up the DagBag from /home/airflow/.local/lib/python3.12/site-packages/airflow/example_dags/example_branch_python_dop_operator_3.py
[2024-05-24T00:24:52.373+0000] {processor.py:840} INFO - DAG(s) 'example_branch_dop_operator_v3' retrieved from /home/airflow/.local/lib/python3.12/site-packages/airflow/example_dags/example_branch_python_dop_operator_3.py
[2024-05-24T00:24:52.382+0000] {logging_mixin.py:188} INFO - [2024-05-24T00:24:52.381+0000] {dag.py:3096} INFO - Sync 1 DAGs
[2024-05-24T00:24:52.391+0000] {logging_mixin.py:188} INFO - [2024-05-24T00:24:52.391+0000] {dag.py:3954} INFO - Setting next_dagrun for example_branch_dop_operator_v3 to 2024-05-24 00:23:00+00:00, run_after=2024-05-24 00:24:00+00:00
[2024-05-24T00:24:52.399+0000] {processor.py:183} INFO - Processing /home/airflow/.local/lib/python3.12/site-packages/airflow/example_dags/example_branch_python_dop_operator_3.py took 0.032 seconds
[2024-05-24T00:25:23.045+0000] {processor.py:161} INFO - Started process (PID=1407) to work on /home/airflow/.local/lib/python3.12/site-packages/airflow/example_dags/example_branch_python_dop_operator_3.py
[2024-05-24T00:25:23.046+0000] {processor.py:830} INFO - Processing file /home/airflow/.local/lib/python3.12/site-packages/airflow/example_dags/example_branch_python_dop_operator_3.py for tasks to queue
[2024-05-24T00:25:23.047+0000] {logging_mixin.py:188} INFO - [2024-05-24T00:25:23.046+0000] {dagbag.py:545} INFO - Filling up the DagBag from /home/airflow/.local/lib/python3.12/site-packages/airflow/example_dags/example_branch_python_dop_operator_3.py
[2024-05-24T00:25:23.051+0000] {processor.py:840} INFO - DAG(s) 'example_branch_dop_operator_v3' retrieved from /home/airflow/.local/lib/python3.12/site-packages/airflow/example_dags/example_branch_python_dop_operator_3.py
[2024-05-24T00:25:23.062+0000] {logging_mixin.py:188} INFO - [2024-05-24T00:25:23.061+0000] {dag.py:3096} INFO - Sync 1 DAGs
[2024-05-24T00:25:23.077+0000] {logging_mixin.py:188} INFO - [2024-05-24T00:25:23.077+0000] {dag.py:3954} INFO - Setting next_dagrun for example_branch_dop_operator_v3 to 2024-05-24 00:24:00+00:00, run_after=2024-05-24 00:25:00+00:00
[2024-05-24T00:25:23.085+0000] {processor.py:183} INFO - Processing /home/airflow/.local/lib/python3.12/site-packages/airflow/example_dags/example_branch_python_dop_operator_3.py took 0.043 seconds
[2024-05-24T00:25:53.684+0000] {processor.py:161} INFO - Started process (PID=1467) to work on /home/airflow/.local/lib/python3.12/site-packages/airflow/example_dags/example_branch_python_dop_operator_3.py
[2024-05-24T00:25:53.685+0000] {processor.py:830} INFO - Processing file /home/airflow/.local/lib/python3.12/site-packages/airflow/example_dags/example_branch_python_dop_operator_3.py for tasks to queue
[2024-05-24T00:25:53.686+0000] {logging_mixin.py:188} INFO - [2024-05-24T00:25:53.685+0000] {dagbag.py:545} INFO - Filling up the DagBag from /home/airflow/.local/lib/python3.12/site-packages/airflow/example_dags/example_branch_python_dop_operator_3.py
[2024-05-24T00:25:53.689+0000] {processor.py:840} INFO - DAG(s) 'example_branch_dop_operator_v3' retrieved from /home/airflow/.local/lib/python3.12/site-packages/airflow/example_dags/example_branch_python_dop_operator_3.py
[2024-05-24T00:25:53.698+0000] {logging_mixin.py:188} INFO - [2024-05-24T00:25:53.698+0000] {dag.py:3096} INFO - Sync 1 DAGs
[2024-05-24T00:25:53.708+0000] {logging_mixin.py:188} INFO - [2024-05-24T00:25:53.708+0000] {dag.py:3954} INFO - Setting next_dagrun for example_branch_dop_operator_v3 to 2024-05-24 00:24:00+00:00, run_after=2024-05-24 00:25:00+00:00
[2024-05-24T00:25:53.714+0000] {processor.py:183} INFO - Processing /home/airflow/.local/lib/python3.12/site-packages/airflow/example_dags/example_branch_python_dop_operator_3.py took 0.034 seconds
[2024-05-24T00:26:24.388+0000] {processor.py:161} INFO - Started process (PID=1527) to work on /home/airflow/.local/lib/python3.12/site-packages/airflow/example_dags/example_branch_python_dop_operator_3.py
[2024-05-24T00:26:24.388+0000] {processor.py:830} INFO - Processing file /home/airflow/.local/lib/python3.12/site-packages/airflow/example_dags/example_branch_python_dop_operator_3.py for tasks to queue
[2024-05-24T00:26:24.389+0000] {logging_mixin.py:188} INFO - [2024-05-24T00:26:24.389+0000] {dagbag.py:545} INFO - Filling up the DagBag from /home/airflow/.local/lib/python3.12/site-packages/airflow/example_dags/example_branch_python_dop_operator_3.py
[2024-05-24T00:26:24.395+0000] {processor.py:840} INFO - DAG(s) 'example_branch_dop_operator_v3' retrieved from /home/airflow/.local/lib/python3.12/site-packages/airflow/example_dags/example_branch_python_dop_operator_3.py
[2024-05-24T00:26:24.404+0000] {logging_mixin.py:188} INFO - [2024-05-24T00:26:24.404+0000] {dag.py:3096} INFO - Sync 1 DAGs
[2024-05-24T00:26:24.417+0000] {logging_mixin.py:188} INFO - [2024-05-24T00:26:24.417+0000] {dag.py:3954} INFO - Setting next_dagrun for example_branch_dop_operator_v3 to 2024-05-24 00:25:00+00:00, run_after=2024-05-24 00:26:00+00:00
[2024-05-24T00:26:24.424+0000] {processor.py:183} INFO - Processing /home/airflow/.local/lib/python3.12/site-packages/airflow/example_dags/example_branch_python_dop_operator_3.py took 0.039 seconds
[2024-05-24T00:26:55.148+0000] {processor.py:161} INFO - Started process (PID=1588) to work on /home/airflow/.local/lib/python3.12/site-packages/airflow/example_dags/example_branch_python_dop_operator_3.py
[2024-05-24T00:26:55.149+0000] {processor.py:830} INFO - Processing file /home/airflow/.local/lib/python3.12/site-packages/airflow/example_dags/example_branch_python_dop_operator_3.py for tasks to queue
[2024-05-24T00:26:55.150+0000] {logging_mixin.py:188} INFO - [2024-05-24T00:26:55.150+0000] {dagbag.py:545} INFO - Filling up the DagBag from /home/airflow/.local/lib/python3.12/site-packages/airflow/example_dags/example_branch_python_dop_operator_3.py
[2024-05-24T00:26:55.154+0000] {processor.py:840} INFO - DAG(s) 'example_branch_dop_operator_v3' retrieved from /home/airflow/.local/lib/python3.12/site-packages/airflow/example_dags/example_branch_python_dop_operator_3.py
[2024-05-24T00:26:55.165+0000] {logging_mixin.py:188} INFO - [2024-05-24T00:26:55.165+0000] {dag.py:3096} INFO - Sync 1 DAGs
[2024-05-24T00:26:55.181+0000] {logging_mixin.py:188} INFO - [2024-05-24T00:26:55.181+0000] {dag.py:3954} INFO - Setting next_dagrun for example_branch_dop_operator_v3 to 2024-05-24 00:25:00+00:00, run_after=2024-05-24 00:26:00+00:00
[2024-05-24T00:26:55.192+0000] {processor.py:183} INFO - Processing /home/airflow/.local/lib/python3.12/site-packages/airflow/example_dags/example_branch_python_dop_operator_3.py took 0.047 seconds
[2024-05-24T00:27:25.862+0000] {processor.py:161} INFO - Started process (PID=1648) to work on /home/airflow/.local/lib/python3.12/site-packages/airflow/example_dags/example_branch_python_dop_operator_3.py
[2024-05-24T00:27:25.862+0000] {processor.py:830} INFO - Processing file /home/airflow/.local/lib/python3.12/site-packages/airflow/example_dags/example_branch_python_dop_operator_3.py for tasks to queue
[2024-05-24T00:27:25.863+0000] {logging_mixin.py:188} INFO - [2024-05-24T00:27:25.863+0000] {dagbag.py:545} INFO - Filling up the DagBag from /home/airflow/.local/lib/python3.12/site-packages/airflow/example_dags/example_branch_python_dop_operator_3.py
[2024-05-24T00:27:25.866+0000] {processor.py:840} INFO - DAG(s) 'example_branch_dop_operator_v3' retrieved from /home/airflow/.local/lib/python3.12/site-packages/airflow/example_dags/example_branch_python_dop_operator_3.py
[2024-05-24T00:27:25.873+0000] {logging_mixin.py:188} INFO - [2024-05-24T00:27:25.873+0000] {dag.py:3096} INFO - Sync 1 DAGs
[2024-05-24T00:27:25.883+0000] {logging_mixin.py:188} INFO - [2024-05-24T00:27:25.883+0000] {dag.py:3954} INFO - Setting next_dagrun for example_branch_dop_operator_v3 to 2024-05-24 00:26:00+00:00, run_after=2024-05-24 00:27:00+00:00
[2024-05-24T00:27:25.889+0000] {processor.py:183} INFO - Processing /home/airflow/.local/lib/python3.12/site-packages/airflow/example_dags/example_branch_python_dop_operator_3.py took 0.031 seconds
[2024-05-24T00:27:56.702+0000] {processor.py:161} INFO - Started process (PID=1708) to work on /home/airflow/.local/lib/python3.12/site-packages/airflow/example_dags/example_branch_python_dop_operator_3.py
[2024-05-24T00:27:56.703+0000] {processor.py:830} INFO - Processing file /home/airflow/.local/lib/python3.12/site-packages/airflow/example_dags/example_branch_python_dop_operator_3.py for tasks to queue
[2024-05-24T00:27:56.704+0000] {logging_mixin.py:188} INFO - [2024-05-24T00:27:56.704+0000] {dagbag.py:545} INFO - Filling up the DagBag from /home/airflow/.local/lib/python3.12/site-packages/airflow/example_dags/example_branch_python_dop_operator_3.py
[2024-05-24T00:27:56.709+0000] {processor.py:840} INFO - DAG(s) 'example_branch_dop_operator_v3' retrieved from /home/airflow/.local/lib/python3.12/site-packages/airflow/example_dags/example_branch_python_dop_operator_3.py
[2024-05-24T00:27:56.721+0000] {logging_mixin.py:188} INFO - [2024-05-24T00:27:56.721+0000] {dag.py:3096} INFO - Sync 1 DAGs
[2024-05-24T00:27:56.736+0000] {logging_mixin.py:188} INFO - [2024-05-24T00:27:56.735+0000] {dag.py:3954} INFO - Setting next_dagrun for example_branch_dop_operator_v3 to 2024-05-24 00:26:00+00:00, run_after=2024-05-24 00:27:00+00:00
[2024-05-24T00:27:56.746+0000] {processor.py:183} INFO - Processing /home/airflow/.local/lib/python3.12/site-packages/airflow/example_dags/example_branch_python_dop_operator_3.py took 0.047 seconds
[2024-05-24T00:28:27.509+0000] {processor.py:161} INFO - Started process (PID=1768) to work on /home/airflow/.local/lib/python3.12/site-packages/airflow/example_dags/example_branch_python_dop_operator_3.py
[2024-05-24T00:28:27.510+0000] {processor.py:830} INFO - Processing file /home/airflow/.local/lib/python3.12/site-packages/airflow/example_dags/example_branch_python_dop_operator_3.py for tasks to queue
[2024-05-24T00:28:27.510+0000] {logging_mixin.py:188} INFO - [2024-05-24T00:28:27.510+0000] {dagbag.py:545} INFO - Filling up the DagBag from /home/airflow/.local/lib/python3.12/site-packages/airflow/example_dags/example_branch_python_dop_operator_3.py
[2024-05-24T00:28:27.514+0000] {processor.py:840} INFO - DAG(s) 'example_branch_dop_operator_v3' retrieved from /home/airflow/.local/lib/python3.12/site-packages/airflow/example_dags/example_branch_python_dop_operator_3.py
[2024-05-24T00:28:27.530+0000] {logging_mixin.py:188} INFO - [2024-05-24T00:28:27.530+0000] {dag.py:3096} INFO - Sync 1 DAGs
[2024-05-24T00:28:27.544+0000] {logging_mixin.py:188} INFO - [2024-05-24T00:28:27.543+0000] {dag.py:3954} INFO - Setting next_dagrun for example_branch_dop_operator_v3 to 2024-05-24 00:27:00+00:00, run_after=2024-05-24 00:28:00+00:00
[2024-05-24T00:28:27.560+0000] {processor.py:183} INFO - Processing /home/airflow/.local/lib/python3.12/site-packages/airflow/example_dags/example_branch_python_dop_operator_3.py took 0.053 seconds
[2024-05-24T00:28:58.343+0000] {processor.py:161} INFO - Started process (PID=1828) to work on /home/airflow/.local/lib/python3.12/site-packages/airflow/example_dags/example_branch_python_dop_operator_3.py
[2024-05-24T00:28:58.343+0000] {processor.py:830} INFO - Processing file /home/airflow/.local/lib/python3.12/site-packages/airflow/example_dags/example_branch_python_dop_operator_3.py for tasks to queue
[2024-05-24T00:28:58.344+0000] {logging_mixin.py:188} INFO - [2024-05-24T00:28:58.344+0000] {dagbag.py:545} INFO - Filling up the DagBag from /home/airflow/.local/lib/python3.12/site-packages/airflow/example_dags/example_branch_python_dop_operator_3.py
[2024-05-24T00:28:58.348+0000] {processor.py:840} INFO - DAG(s) 'example_branch_dop_operator_v3' retrieved from /home/airflow/.local/lib/python3.12/site-packages/airflow/example_dags/example_branch_python_dop_operator_3.py
[2024-05-24T00:28:58.361+0000] {logging_mixin.py:188} INFO - [2024-05-24T00:28:58.361+0000] {dag.py:3096} INFO - Sync 1 DAGs
[2024-05-24T00:28:58.375+0000] {logging_mixin.py:188} INFO - [2024-05-24T00:28:58.375+0000] {dag.py:3954} INFO - Setting next_dagrun for example_branch_dop_operator_v3 to 2024-05-24 00:27:00+00:00, run_after=2024-05-24 00:28:00+00:00
[2024-05-24T00:28:58.385+0000] {processor.py:183} INFO - Processing /home/airflow/.local/lib/python3.12/site-packages/airflow/example_dags/example_branch_python_dop_operator_3.py took 0.046 seconds
[2024-05-24T00:29:29.296+0000] {processor.py:161} INFO - Started process (PID=1888) to work on /home/airflow/.local/lib/python3.12/site-packages/airflow/example_dags/example_branch_python_dop_operator_3.py
[2024-05-24T00:29:29.297+0000] {processor.py:830} INFO - Processing file /home/airflow/.local/lib/python3.12/site-packages/airflow/example_dags/example_branch_python_dop_operator_3.py for tasks to queue
[2024-05-24T00:29:29.298+0000] {logging_mixin.py:188} INFO - [2024-05-24T00:29:29.297+0000] {dagbag.py:545} INFO - Filling up the DagBag from /home/airflow/.local/lib/python3.12/site-packages/airflow/example_dags/example_branch_python_dop_operator_3.py
[2024-05-24T00:29:29.303+0000] {processor.py:840} INFO - DAG(s) 'example_branch_dop_operator_v3' retrieved from /home/airflow/.local/lib/python3.12/site-packages/airflow/example_dags/example_branch_python_dop_operator_3.py
[2024-05-24T00:29:29.314+0000] {logging_mixin.py:188} INFO - [2024-05-24T00:29:29.314+0000] {dag.py:3096} INFO - Sync 1 DAGs
[2024-05-24T00:29:29.329+0000] {logging_mixin.py:188} INFO - [2024-05-24T00:29:29.329+0000] {dag.py:3954} INFO - Setting next_dagrun for example_branch_dop_operator_v3 to 2024-05-24 00:28:00+00:00, run_after=2024-05-24 00:29:00+00:00
[2024-05-24T00:29:29.339+0000] {processor.py:183} INFO - Processing /home/airflow/.local/lib/python3.12/site-packages/airflow/example_dags/example_branch_python_dop_operator_3.py took 0.047 seconds
[2024-05-24T00:29:59.411+0000] {processor.py:161} INFO - Started process (PID=1948) to work on /home/airflow/.local/lib/python3.12/site-packages/airflow/example_dags/example_branch_python_dop_operator_3.py
[2024-05-24T00:29:59.412+0000] {processor.py:830} INFO - Processing file /home/airflow/.local/lib/python3.12/site-packages/airflow/example_dags/example_branch_python_dop_operator_3.py for tasks to queue
[2024-05-24T00:29:59.413+0000] {logging_mixin.py:188} INFO - [2024-05-24T00:29:59.413+0000] {dagbag.py:545} INFO - Filling up the DagBag from /home/airflow/.local/lib/python3.12/site-packages/airflow/example_dags/example_branch_python_dop_operator_3.py
[2024-05-24T00:29:59.417+0000] {processor.py:840} INFO - DAG(s) 'example_branch_dop_operator_v3' retrieved from /home/airflow/.local/lib/python3.12/site-packages/airflow/example_dags/example_branch_python_dop_operator_3.py
[2024-05-24T00:29:59.425+0000] {logging_mixin.py:188} INFO - [2024-05-24T00:29:59.425+0000] {dag.py:3096} INFO - Sync 1 DAGs
[2024-05-24T00:29:59.438+0000] {logging_mixin.py:188} INFO - [2024-05-24T00:29:59.438+0000] {dag.py:3954} INFO - Setting next_dagrun for example_branch_dop_operator_v3 to 2024-05-24 00:28:00+00:00, run_after=2024-05-24 00:29:00+00:00
[2024-05-24T00:29:59.445+0000] {processor.py:183} INFO - Processing /home/airflow/.local/lib/python3.12/site-packages/airflow/example_dags/example_branch_python_dop_operator_3.py took 0.037 seconds
[2024-05-24T00:30:30.354+0000] {processor.py:161} INFO - Started process (PID=2008) to work on /home/airflow/.local/lib/python3.12/site-packages/airflow/example_dags/example_branch_python_dop_operator_3.py
[2024-05-24T00:30:30.354+0000] {processor.py:830} INFO - Processing file /home/airflow/.local/lib/python3.12/site-packages/airflow/example_dags/example_branch_python_dop_operator_3.py for tasks to queue
[2024-05-24T00:30:30.355+0000] {logging_mixin.py:188} INFO - [2024-05-24T00:30:30.355+0000] {dagbag.py:545} INFO - Filling up the DagBag from /home/airflow/.local/lib/python3.12/site-packages/airflow/example_dags/example_branch_python_dop_operator_3.py
[2024-05-24T00:30:30.358+0000] {processor.py:840} INFO - DAG(s) 'example_branch_dop_operator_v3' retrieved from /home/airflow/.local/lib/python3.12/site-packages/airflow/example_dags/example_branch_python_dop_operator_3.py
[2024-05-24T00:30:30.368+0000] {logging_mixin.py:188} INFO - [2024-05-24T00:30:30.368+0000] {dag.py:3096} INFO - Sync 1 DAGs
[2024-05-24T00:30:30.381+0000] {logging_mixin.py:188} INFO - [2024-05-24T00:30:30.381+0000] {dag.py:3954} INFO - Setting next_dagrun for example_branch_dop_operator_v3 to 2024-05-24 00:29:00+00:00, run_after=2024-05-24 00:30:00+00:00
[2024-05-24T00:30:30.388+0000] {processor.py:183} INFO - Processing /home/airflow/.local/lib/python3.12/site-packages/airflow/example_dags/example_branch_python_dop_operator_3.py took 0.037 seconds
[2024-05-24T00:31:01.115+0000] {processor.py:161} INFO - Started process (PID=2068) to work on /home/airflow/.local/lib/python3.12/site-packages/airflow/example_dags/example_branch_python_dop_operator_3.py
[2024-05-24T00:31:01.116+0000] {processor.py:830} INFO - Processing file /home/airflow/.local/lib/python3.12/site-packages/airflow/example_dags/example_branch_python_dop_operator_3.py for tasks to queue
[2024-05-24T00:31:01.116+0000] {logging_mixin.py:188} INFO - [2024-05-24T00:31:01.116+0000] {dagbag.py:545} INFO - Filling up the DagBag from /home/airflow/.local/lib/python3.12/site-packages/airflow/example_dags/example_branch_python_dop_operator_3.py
[2024-05-24T00:31:01.122+0000] {processor.py:840} INFO - DAG(s) 'example_branch_dop_operator_v3' retrieved from /home/airflow/.local/lib/python3.12/site-packages/airflow/example_dags/example_branch_python_dop_operator_3.py
[2024-05-24T00:31:01.134+0000] {logging_mixin.py:188} INFO - [2024-05-24T00:31:01.134+0000] {dag.py:3096} INFO - Sync 1 DAGs
[2024-05-24T00:31:01.153+0000] {logging_mixin.py:188} INFO - [2024-05-24T00:31:01.153+0000] {dag.py:3954} INFO - Setting next_dagrun for example_branch_dop_operator_v3 to 2024-05-24 00:30:00+00:00, run_after=2024-05-24 00:31:00+00:00
[2024-05-24T00:31:01.166+0000] {processor.py:183} INFO - Processing /home/airflow/.local/lib/python3.12/site-packages/airflow/example_dags/example_branch_python_dop_operator_3.py took 0.054 seconds
[2024-05-24T00:31:31.650+0000] {processor.py:161} INFO - Started process (PID=2134) to work on /home/airflow/.local/lib/python3.12/site-packages/airflow/example_dags/example_branch_python_dop_operator_3.py
[2024-05-24T00:31:31.651+0000] {processor.py:830} INFO - Processing file /home/airflow/.local/lib/python3.12/site-packages/airflow/example_dags/example_branch_python_dop_operator_3.py for tasks to queue
[2024-05-24T00:31:31.651+0000] {logging_mixin.py:188} INFO - [2024-05-24T00:31:31.651+0000] {dagbag.py:545} INFO - Filling up the DagBag from /home/airflow/.local/lib/python3.12/site-packages/airflow/example_dags/example_branch_python_dop_operator_3.py
[2024-05-24T00:31:31.655+0000] {processor.py:840} INFO - DAG(s) 'example_branch_dop_operator_v3' retrieved from /home/airflow/.local/lib/python3.12/site-packages/airflow/example_dags/example_branch_python_dop_operator_3.py
[2024-05-24T00:31:31.674+0000] {logging_mixin.py:188} INFO - [2024-05-24T00:31:31.674+0000] {dag.py:3096} INFO - Sync 1 DAGs
[2024-05-24T00:31:31.696+0000] {logging_mixin.py:188} INFO - [2024-05-24T00:31:31.696+0000] {dag.py:3954} INFO - Setting next_dagrun for example_branch_dop_operator_v3 to 2024-05-24 00:30:00+00:00, run_after=2024-05-24 00:31:00+00:00
[2024-05-24T00:31:31.705+0000] {processor.py:183} INFO - Processing /home/airflow/.local/lib/python3.12/site-packages/airflow/example_dags/example_branch_python_dop_operator_3.py took 0.057 seconds
[2024-05-24T00:32:02.591+0000] {processor.py:161} INFO - Started process (PID=2194) to work on /home/airflow/.local/lib/python3.12/site-packages/airflow/example_dags/example_branch_python_dop_operator_3.py
[2024-05-24T00:32:02.591+0000] {processor.py:830} INFO - Processing file /home/airflow/.local/lib/python3.12/site-packages/airflow/example_dags/example_branch_python_dop_operator_3.py for tasks to queue
[2024-05-24T00:32:02.592+0000] {logging_mixin.py:188} INFO - [2024-05-24T00:32:02.592+0000] {dagbag.py:545} INFO - Filling up the DagBag from /home/airflow/.local/lib/python3.12/site-packages/airflow/example_dags/example_branch_python_dop_operator_3.py
[2024-05-24T00:32:02.597+0000] {processor.py:840} INFO - DAG(s) 'example_branch_dop_operator_v3' retrieved from /home/airflow/.local/lib/python3.12/site-packages/airflow/example_dags/example_branch_python_dop_operator_3.py
[2024-05-24T00:32:02.669+0000] {logging_mixin.py:188} INFO - [2024-05-24T00:32:02.669+0000] {dag.py:3096} INFO - Sync 1 DAGs
[2024-05-24T00:32:02.677+0000] {logging_mixin.py:188} INFO - [2024-05-24T00:32:02.677+0000] {dag.py:3954} INFO - Setting next_dagrun for example_branch_dop_operator_v3 to 2024-05-24 00:31:00+00:00, run_after=2024-05-24 00:32:00+00:00
[2024-05-24T00:32:02.684+0000] {processor.py:183} INFO - Processing /home/airflow/.local/lib/python3.12/site-packages/airflow/example_dags/example_branch_python_dop_operator_3.py took 0.096 seconds
[2024-05-24T00:32:33.294+0000] {processor.py:161} INFO - Started process (PID=2254) to work on /home/airflow/.local/lib/python3.12/site-packages/airflow/example_dags/example_branch_python_dop_operator_3.py
[2024-05-24T00:32:33.295+0000] {processor.py:830} INFO - Processing file /home/airflow/.local/lib/python3.12/site-packages/airflow/example_dags/example_branch_python_dop_operator_3.py for tasks to queue
[2024-05-24T00:32:33.295+0000] {logging_mixin.py:188} INFO - [2024-05-24T00:32:33.295+0000] {dagbag.py:545} INFO - Filling up the DagBag from /home/airflow/.local/lib/python3.12/site-packages/airflow/example_dags/example_branch_python_dop_operator_3.py
[2024-05-24T00:32:33.299+0000] {processor.py:840} INFO - DAG(s) 'example_branch_dop_operator_v3' retrieved from /home/airflow/.local/lib/python3.12/site-packages/airflow/example_dags/example_branch_python_dop_operator_3.py
[2024-05-24T00:32:33.309+0000] {logging_mixin.py:188} INFO - [2024-05-24T00:32:33.309+0000] {dag.py:3096} INFO - Sync 1 DAGs
[2024-05-24T00:32:33.325+0000] {logging_mixin.py:188} INFO - [2024-05-24T00:32:33.325+0000] {dag.py:3954} INFO - Setting next_dagrun for example_branch_dop_operator_v3 to 2024-05-24 00:31:00+00:00, run_after=2024-05-24 00:32:00+00:00
[2024-05-24T00:32:33.337+0000] {processor.py:183} INFO - Processing /home/airflow/.local/lib/python3.12/site-packages/airflow/example_dags/example_branch_python_dop_operator_3.py took 0.045 seconds
[2024-05-24T00:33:04.074+0000] {processor.py:161} INFO - Started process (PID=2314) to work on /home/airflow/.local/lib/python3.12/site-packages/airflow/example_dags/example_branch_python_dop_operator_3.py
[2024-05-24T00:33:04.074+0000] {processor.py:830} INFO - Processing file /home/airflow/.local/lib/python3.12/site-packages/airflow/example_dags/example_branch_python_dop_operator_3.py for tasks to queue
[2024-05-24T00:33:04.075+0000] {logging_mixin.py:188} INFO - [2024-05-24T00:33:04.075+0000] {dagbag.py:545} INFO - Filling up the DagBag from /home/airflow/.local/lib/python3.12/site-packages/airflow/example_dags/example_branch_python_dop_operator_3.py
[2024-05-24T00:33:04.078+0000] {processor.py:840} INFO - DAG(s) 'example_branch_dop_operator_v3' retrieved from /home/airflow/.local/lib/python3.12/site-packages/airflow/example_dags/example_branch_python_dop_operator_3.py
[2024-05-24T00:33:04.090+0000] {logging_mixin.py:188} INFO - [2024-05-24T00:33:04.089+0000] {dag.py:3096} INFO - Sync 1 DAGs
[2024-05-24T00:33:04.103+0000] {logging_mixin.py:188} INFO - [2024-05-24T00:33:04.103+0000] {dag.py:3954} INFO - Setting next_dagrun for example_branch_dop_operator_v3 to 2024-05-24 00:32:00+00:00, run_after=2024-05-24 00:33:00+00:00
[2024-05-24T00:33:04.110+0000] {processor.py:183} INFO - Processing /home/airflow/.local/lib/python3.12/site-packages/airflow/example_dags/example_branch_python_dop_operator_3.py took 0.040 seconds
[2024-05-24T00:33:34.997+0000] {processor.py:161} INFO - Started process (PID=2374) to work on /home/airflow/.local/lib/python3.12/site-packages/airflow/example_dags/example_branch_python_dop_operator_3.py
[2024-05-24T00:33:34.998+0000] {processor.py:830} INFO - Processing file /home/airflow/.local/lib/python3.12/site-packages/airflow/example_dags/example_branch_python_dop_operator_3.py for tasks to queue
[2024-05-24T00:33:34.998+0000] {logging_mixin.py:188} INFO - [2024-05-24T00:33:34.998+0000] {dagbag.py:545} INFO - Filling up the DagBag from /home/airflow/.local/lib/python3.12/site-packages/airflow/example_dags/example_branch_python_dop_operator_3.py
[2024-05-24T00:33:35.002+0000] {processor.py:840} INFO - DAG(s) 'example_branch_dop_operator_v3' retrieved from /home/airflow/.local/lib/python3.12/site-packages/airflow/example_dags/example_branch_python_dop_operator_3.py
[2024-05-24T00:33:35.009+0000] {logging_mixin.py:188} INFO - [2024-05-24T00:33:35.009+0000] {dag.py:3096} INFO - Sync 1 DAGs
[2024-05-24T00:33:35.020+0000] {logging_mixin.py:188} INFO - [2024-05-24T00:33:35.020+0000] {dag.py:3954} INFO - Setting next_dagrun for example_branch_dop_operator_v3 to 2024-05-24 00:32:00+00:00, run_after=2024-05-24 00:33:00+00:00
[2024-05-24T00:33:35.026+0000] {processor.py:183} INFO - Processing /home/airflow/.local/lib/python3.12/site-packages/airflow/example_dags/example_branch_python_dop_operator_3.py took 0.031 seconds
[2024-05-24T00:34:05.699+0000] {processor.py:161} INFO - Started process (PID=2434) to work on /home/airflow/.local/lib/python3.12/site-packages/airflow/example_dags/example_branch_python_dop_operator_3.py
[2024-05-24T00:34:05.699+0000] {processor.py:830} INFO - Processing file /home/airflow/.local/lib/python3.12/site-packages/airflow/example_dags/example_branch_python_dop_operator_3.py for tasks to queue
[2024-05-24T00:34:05.700+0000] {logging_mixin.py:188} INFO - [2024-05-24T00:34:05.699+0000] {dagbag.py:545} INFO - Filling up the DagBag from /home/airflow/.local/lib/python3.12/site-packages/airflow/example_dags/example_branch_python_dop_operator_3.py
[2024-05-24T00:34:05.703+0000] {processor.py:840} INFO - DAG(s) 'example_branch_dop_operator_v3' retrieved from /home/airflow/.local/lib/python3.12/site-packages/airflow/example_dags/example_branch_python_dop_operator_3.py
[2024-05-24T00:34:05.714+0000] {logging_mixin.py:188} INFO - [2024-05-24T00:34:05.714+0000] {dag.py:3096} INFO - Sync 1 DAGs
[2024-05-24T00:34:05.730+0000] {logging_mixin.py:188} INFO - [2024-05-24T00:34:05.729+0000] {dag.py:3954} INFO - Setting next_dagrun for example_branch_dop_operator_v3 to 2024-05-24 00:33:00+00:00, run_after=2024-05-24 00:34:00+00:00
[2024-05-24T00:34:05.740+0000] {processor.py:183} INFO - Processing /home/airflow/.local/lib/python3.12/site-packages/airflow/example_dags/example_branch_python_dop_operator_3.py took 0.044 seconds
[2024-05-24T00:34:36.383+0000] {processor.py:161} INFO - Started process (PID=2494) to work on /home/airflow/.local/lib/python3.12/site-packages/airflow/example_dags/example_branch_python_dop_operator_3.py
[2024-05-24T00:34:36.383+0000] {processor.py:830} INFO - Processing file /home/airflow/.local/lib/python3.12/site-packages/airflow/example_dags/example_branch_python_dop_operator_3.py for tasks to queue
[2024-05-24T00:34:36.384+0000] {logging_mixin.py:188} INFO - [2024-05-24T00:34:36.384+0000] {dagbag.py:545} INFO - Filling up the DagBag from /home/airflow/.local/lib/python3.12/site-packages/airflow/example_dags/example_branch_python_dop_operator_3.py
[2024-05-24T00:34:36.388+0000] {processor.py:840} INFO - DAG(s) 'example_branch_dop_operator_v3' retrieved from /home/airflow/.local/lib/python3.12/site-packages/airflow/example_dags/example_branch_python_dop_operator_3.py
[2024-05-24T00:34:36.403+0000] {logging_mixin.py:188} INFO - [2024-05-24T00:34:36.403+0000] {dag.py:3096} INFO - Sync 1 DAGs
[2024-05-24T00:34:36.419+0000] {logging_mixin.py:188} INFO - [2024-05-24T00:34:36.419+0000] {dag.py:3954} INFO - Setting next_dagrun for example_branch_dop_operator_v3 to 2024-05-24 00:33:00+00:00, run_after=2024-05-24 00:34:00+00:00
[2024-05-24T00:34:36.429+0000] {processor.py:183} INFO - Processing /home/airflow/.local/lib/python3.12/site-packages/airflow/example_dags/example_branch_python_dop_operator_3.py took 0.049 seconds
[2024-05-24T00:35:07.241+0000] {processor.py:161} INFO - Started process (PID=2554) to work on /home/airflow/.local/lib/python3.12/site-packages/airflow/example_dags/example_branch_python_dop_operator_3.py
[2024-05-24T00:35:07.241+0000] {processor.py:830} INFO - Processing file /home/airflow/.local/lib/python3.12/site-packages/airflow/example_dags/example_branch_python_dop_operator_3.py for tasks to queue
[2024-05-24T00:35:07.242+0000] {logging_mixin.py:188} INFO - [2024-05-24T00:35:07.242+0000] {dagbag.py:545} INFO - Filling up the DagBag from /home/airflow/.local/lib/python3.12/site-packages/airflow/example_dags/example_branch_python_dop_operator_3.py
[2024-05-24T00:35:07.246+0000] {processor.py:840} INFO - DAG(s) 'example_branch_dop_operator_v3' retrieved from /home/airflow/.local/lib/python3.12/site-packages/airflow/example_dags/example_branch_python_dop_operator_3.py
[2024-05-24T00:35:07.253+0000] {logging_mixin.py:188} INFO - [2024-05-24T00:35:07.253+0000] {dag.py:3096} INFO - Sync 1 DAGs
[2024-05-24T00:35:07.263+0000] {logging_mixin.py:188} INFO - [2024-05-24T00:35:07.263+0000] {dag.py:3954} INFO - Setting next_dagrun for example_branch_dop_operator_v3 to 2024-05-24 00:34:00+00:00, run_after=2024-05-24 00:35:00+00:00
[2024-05-24T00:35:07.269+0000] {processor.py:183} INFO - Processing /home/airflow/.local/lib/python3.12/site-packages/airflow/example_dags/example_branch_python_dop_operator_3.py took 0.032 seconds
[2024-05-24T00:35:37.871+0000] {processor.py:161} INFO - Started process (PID=2614) to work on /home/airflow/.local/lib/python3.12/site-packages/airflow/example_dags/example_branch_python_dop_operator_3.py
[2024-05-24T00:35:37.872+0000] {processor.py:830} INFO - Processing file /home/airflow/.local/lib/python3.12/site-packages/airflow/example_dags/example_branch_python_dop_operator_3.py for tasks to queue
[2024-05-24T00:35:37.872+0000] {logging_mixin.py:188} INFO - [2024-05-24T00:35:37.872+0000] {dagbag.py:545} INFO - Filling up the DagBag from /home/airflow/.local/lib/python3.12/site-packages/airflow/example_dags/example_branch_python_dop_operator_3.py
[2024-05-24T00:35:37.876+0000] {processor.py:840} INFO - DAG(s) 'example_branch_dop_operator_v3' retrieved from /home/airflow/.local/lib/python3.12/site-packages/airflow/example_dags/example_branch_python_dop_operator_3.py
[2024-05-24T00:35:37.883+0000] {logging_mixin.py:188} INFO - [2024-05-24T00:35:37.883+0000] {dag.py:3096} INFO - Sync 1 DAGs
[2024-05-24T00:35:37.893+0000] {logging_mixin.py:188} INFO - [2024-05-24T00:35:37.893+0000] {dag.py:3954} INFO - Setting next_dagrun for example_branch_dop_operator_v3 to 2024-05-24 00:34:00+00:00, run_after=2024-05-24 00:35:00+00:00
[2024-05-24T00:35:37.899+0000] {processor.py:183} INFO - Processing /home/airflow/.local/lib/python3.12/site-packages/airflow/example_dags/example_branch_python_dop_operator_3.py took 0.031 seconds
[2024-05-24T00:36:08.566+0000] {processor.py:161} INFO - Started process (PID=2673) to work on /home/airflow/.local/lib/python3.12/site-packages/airflow/example_dags/example_branch_python_dop_operator_3.py
[2024-05-24T00:36:08.566+0000] {processor.py:830} INFO - Processing file /home/airflow/.local/lib/python3.12/site-packages/airflow/example_dags/example_branch_python_dop_operator_3.py for tasks to queue
[2024-05-24T00:36:08.567+0000] {logging_mixin.py:188} INFO - [2024-05-24T00:36:08.567+0000] {dagbag.py:545} INFO - Filling up the DagBag from /home/airflow/.local/lib/python3.12/site-packages/airflow/example_dags/example_branch_python_dop_operator_3.py
[2024-05-24T00:36:08.570+0000] {processor.py:840} INFO - DAG(s) 'example_branch_dop_operator_v3' retrieved from /home/airflow/.local/lib/python3.12/site-packages/airflow/example_dags/example_branch_python_dop_operator_3.py
[2024-05-24T00:36:08.577+0000] {logging_mixin.py:188} INFO - [2024-05-24T00:36:08.577+0000] {dag.py:3096} INFO - Sync 1 DAGs
[2024-05-24T00:36:08.587+0000] {logging_mixin.py:188} INFO - [2024-05-24T00:36:08.587+0000] {dag.py:3954} INFO - Setting next_dagrun for example_branch_dop_operator_v3 to 2024-05-24 00:35:00+00:00, run_after=2024-05-24 00:36:00+00:00
[2024-05-24T00:36:08.594+0000] {processor.py:183} INFO - Processing /home/airflow/.local/lib/python3.12/site-packages/airflow/example_dags/example_branch_python_dop_operator_3.py took 0.031 seconds
[2024-05-24T00:36:39.394+0000] {processor.py:161} INFO - Started process (PID=2732) to work on /home/airflow/.local/lib/python3.12/site-packages/airflow/example_dags/example_branch_python_dop_operator_3.py
[2024-05-24T00:36:39.395+0000] {processor.py:830} INFO - Processing file /home/airflow/.local/lib/python3.12/site-packages/airflow/example_dags/example_branch_python_dop_operator_3.py for tasks to queue
[2024-05-24T00:36:39.396+0000] {logging_mixin.py:188} INFO - [2024-05-24T00:36:39.396+0000] {dagbag.py:545} INFO - Filling up the DagBag from /home/airflow/.local/lib/python3.12/site-packages/airflow/example_dags/example_branch_python_dop_operator_3.py
[2024-05-24T00:36:39.399+0000] {processor.py:840} INFO - DAG(s) 'example_branch_dop_operator_v3' retrieved from /home/airflow/.local/lib/python3.12/site-packages/airflow/example_dags/example_branch_python_dop_operator_3.py
[2024-05-24T00:36:39.414+0000] {logging_mixin.py:188} INFO - [2024-05-24T00:36:39.414+0000] {dag.py:3096} INFO - Sync 1 DAGs
[2024-05-24T00:36:39.434+0000] {logging_mixin.py:188} INFO - [2024-05-24T00:36:39.434+0000] {dag.py:3954} INFO - Setting next_dagrun for example_branch_dop_operator_v3 to 2024-05-24 00:35:00+00:00, run_after=2024-05-24 00:36:00+00:00
[2024-05-24T00:36:39.445+0000] {processor.py:183} INFO - Processing /home/airflow/.local/lib/python3.12/site-packages/airflow/example_dags/example_branch_python_dop_operator_3.py took 0.054 seconds
[2024-05-24T00:37:10.015+0000] {processor.py:161} INFO - Started process (PID=2791) to work on /home/airflow/.local/lib/python3.12/site-packages/airflow/example_dags/example_branch_python_dop_operator_3.py
[2024-05-24T00:37:10.016+0000] {processor.py:830} INFO - Processing file /home/airflow/.local/lib/python3.12/site-packages/airflow/example_dags/example_branch_python_dop_operator_3.py for tasks to queue
[2024-05-24T00:37:10.017+0000] {logging_mixin.py:188} INFO - [2024-05-24T00:37:10.017+0000] {dagbag.py:545} INFO - Filling up the DagBag from /home/airflow/.local/lib/python3.12/site-packages/airflow/example_dags/example_branch_python_dop_operator_3.py
[2024-05-24T00:37:10.022+0000] {processor.py:840} INFO - DAG(s) 'example_branch_dop_operator_v3' retrieved from /home/airflow/.local/lib/python3.12/site-packages/airflow/example_dags/example_branch_python_dop_operator_3.py
[2024-05-24T00:37:10.042+0000] {logging_mixin.py:188} INFO - [2024-05-24T00:37:10.042+0000] {dag.py:3096} INFO - Sync 1 DAGs
[2024-05-24T00:37:10.053+0000] {logging_mixin.py:188} INFO - [2024-05-24T00:37:10.053+0000] {dag.py:3954} INFO - Setting next_dagrun for example_branch_dop_operator_v3 to 2024-05-24 00:36:00+00:00, run_after=2024-05-24 00:37:00+00:00
[2024-05-24T00:37:10.061+0000] {processor.py:183} INFO - Processing /home/airflow/.local/lib/python3.12/site-packages/airflow/example_dags/example_branch_python_dop_operator_3.py took 0.049 seconds
[2024-05-24T00:37:40.642+0000] {processor.py:161} INFO - Started process (PID=2850) to work on /home/airflow/.local/lib/python3.12/site-packages/airflow/example_dags/example_branch_python_dop_operator_3.py
[2024-05-24T00:37:40.642+0000] {processor.py:830} INFO - Processing file /home/airflow/.local/lib/python3.12/site-packages/airflow/example_dags/example_branch_python_dop_operator_3.py for tasks to queue
[2024-05-24T00:37:40.642+0000] {logging_mixin.py:188} INFO - [2024-05-24T00:37:40.642+0000] {dagbag.py:545} INFO - Filling up the DagBag from /home/airflow/.local/lib/python3.12/site-packages/airflow/example_dags/example_branch_python_dop_operator_3.py
[2024-05-24T00:37:40.646+0000] {processor.py:840} INFO - DAG(s) 'example_branch_dop_operator_v3' retrieved from /home/airflow/.local/lib/python3.12/site-packages/airflow/example_dags/example_branch_python_dop_operator_3.py
[2024-05-24T00:37:40.654+0000] {logging_mixin.py:188} INFO - [2024-05-24T00:37:40.654+0000] {dag.py:3096} INFO - Sync 1 DAGs
[2024-05-24T00:37:40.664+0000] {logging_mixin.py:188} INFO - [2024-05-24T00:37:40.664+0000] {dag.py:3954} INFO - Setting next_dagrun for example_branch_dop_operator_v3 to 2024-05-24 00:36:00+00:00, run_after=2024-05-24 00:37:00+00:00
[2024-05-24T00:37:40.671+0000] {processor.py:183} INFO - Processing /home/airflow/.local/lib/python3.12/site-packages/airflow/example_dags/example_branch_python_dop_operator_3.py took 0.033 seconds
[2024-05-24T00:38:11.333+0000] {processor.py:161} INFO - Started process (PID=2909) to work on /home/airflow/.local/lib/python3.12/site-packages/airflow/example_dags/example_branch_python_dop_operator_3.py
[2024-05-24T00:38:11.333+0000] {processor.py:830} INFO - Processing file /home/airflow/.local/lib/python3.12/site-packages/airflow/example_dags/example_branch_python_dop_operator_3.py for tasks to queue
[2024-05-24T00:38:11.334+0000] {logging_mixin.py:188} INFO - [2024-05-24T00:38:11.334+0000] {dagbag.py:545} INFO - Filling up the DagBag from /home/airflow/.local/lib/python3.12/site-packages/airflow/example_dags/example_branch_python_dop_operator_3.py
[2024-05-24T00:38:11.339+0000] {processor.py:840} INFO - DAG(s) 'example_branch_dop_operator_v3' retrieved from /home/airflow/.local/lib/python3.12/site-packages/airflow/example_dags/example_branch_python_dop_operator_3.py
[2024-05-24T00:38:11.374+0000] {logging_mixin.py:188} INFO - [2024-05-24T00:38:11.373+0000] {dag.py:3096} INFO - Sync 1 DAGs
[2024-05-24T00:38:11.403+0000] {logging_mixin.py:188} INFO - [2024-05-24T00:38:11.403+0000] {dag.py:3954} INFO - Setting next_dagrun for example_branch_dop_operator_v3 to 2024-05-24 00:37:00+00:00, run_after=2024-05-24 00:38:00+00:00
[2024-05-24T00:38:11.412+0000] {processor.py:183} INFO - Processing /home/airflow/.local/lib/python3.12/site-packages/airflow/example_dags/example_branch_python_dop_operator_3.py took 0.084 seconds
[2024-05-24T00:38:41.917+0000] {processor.py:161} INFO - Started process (PID=2969) to work on /home/airflow/.local/lib/python3.12/site-packages/airflow/example_dags/example_branch_python_dop_operator_3.py
[2024-05-24T00:38:41.918+0000] {processor.py:830} INFO - Processing file /home/airflow/.local/lib/python3.12/site-packages/airflow/example_dags/example_branch_python_dop_operator_3.py for tasks to queue
[2024-05-24T00:38:41.918+0000] {logging_mixin.py:188} INFO - [2024-05-24T00:38:41.918+0000] {dagbag.py:545} INFO - Filling up the DagBag from /home/airflow/.local/lib/python3.12/site-packages/airflow/example_dags/example_branch_python_dop_operator_3.py
[2024-05-24T00:38:41.921+0000] {processor.py:840} INFO - DAG(s) 'example_branch_dop_operator_v3' retrieved from /home/airflow/.local/lib/python3.12/site-packages/airflow/example_dags/example_branch_python_dop_operator_3.py
[2024-05-24T00:38:41.933+0000] {logging_mixin.py:188} INFO - [2024-05-24T00:38:41.933+0000] {dag.py:3096} INFO - Sync 1 DAGs
[2024-05-24T00:38:41.949+0000] {logging_mixin.py:188} INFO - [2024-05-24T00:38:41.949+0000] {dag.py:3954} INFO - Setting next_dagrun for example_branch_dop_operator_v3 to 2024-05-24 00:37:00+00:00, run_after=2024-05-24 00:38:00+00:00
[2024-05-24T00:38:41.959+0000] {processor.py:183} INFO - Processing /home/airflow/.local/lib/python3.12/site-packages/airflow/example_dags/example_branch_python_dop_operator_3.py took 0.045 seconds
[2024-05-24T00:39:12.413+0000] {processor.py:161} INFO - Started process (PID=3028) to work on /home/airflow/.local/lib/python3.12/site-packages/airflow/example_dags/example_branch_python_dop_operator_3.py
[2024-05-24T00:39:12.413+0000] {processor.py:830} INFO - Processing file /home/airflow/.local/lib/python3.12/site-packages/airflow/example_dags/example_branch_python_dop_operator_3.py for tasks to queue
[2024-05-24T00:39:12.414+0000] {logging_mixin.py:188} INFO - [2024-05-24T00:39:12.413+0000] {dagbag.py:545} INFO - Filling up the DagBag from /home/airflow/.local/lib/python3.12/site-packages/airflow/example_dags/example_branch_python_dop_operator_3.py
[2024-05-24T00:39:12.418+0000] {processor.py:840} INFO - DAG(s) 'example_branch_dop_operator_v3' retrieved from /home/airflow/.local/lib/python3.12/site-packages/airflow/example_dags/example_branch_python_dop_operator_3.py
[2024-05-24T00:39:12.424+0000] {logging_mixin.py:188} INFO - [2024-05-24T00:39:12.424+0000] {dag.py:3096} INFO - Sync 1 DAGs
[2024-05-24T00:39:12.443+0000] {logging_mixin.py:188} INFO - [2024-05-24T00:39:12.443+0000] {dag.py:3954} INFO - Setting next_dagrun for example_branch_dop_operator_v3 to 2024-05-24 00:38:00+00:00, run_after=2024-05-24 00:39:00+00:00
[2024-05-24T00:39:12.454+0000] {processor.py:183} INFO - Processing /home/airflow/.local/lib/python3.12/site-packages/airflow/example_dags/example_branch_python_dop_operator_3.py took 0.046 seconds
[2024-05-24T00:39:42.762+0000] {processor.py:161} INFO - Started process (PID=3087) to work on /home/airflow/.local/lib/python3.12/site-packages/airflow/example_dags/example_branch_python_dop_operator_3.py
[2024-05-24T00:39:42.762+0000] {processor.py:830} INFO - Processing file /home/airflow/.local/lib/python3.12/site-packages/airflow/example_dags/example_branch_python_dop_operator_3.py for tasks to queue
[2024-05-24T00:39:42.762+0000] {logging_mixin.py:188} INFO - [2024-05-24T00:39:42.762+0000] {dagbag.py:545} INFO - Filling up the DagBag from /home/airflow/.local/lib/python3.12/site-packages/airflow/example_dags/example_branch_python_dop_operator_3.py
[2024-05-24T00:39:42.766+0000] {processor.py:840} INFO - DAG(s) 'example_branch_dop_operator_v3' retrieved from /home/airflow/.local/lib/python3.12/site-packages/airflow/example_dags/example_branch_python_dop_operator_3.py
[2024-05-24T00:39:42.772+0000] {logging_mixin.py:188} INFO - [2024-05-24T00:39:42.772+0000] {dag.py:3096} INFO - Sync 1 DAGs
[2024-05-24T00:39:42.789+0000] {logging_mixin.py:188} INFO - [2024-05-24T00:39:42.789+0000] {dag.py:3954} INFO - Setting next_dagrun for example_branch_dop_operator_v3 to 2024-05-24 00:38:00+00:00, run_after=2024-05-24 00:39:00+00:00
[2024-05-24T00:39:42.800+0000] {processor.py:183} INFO - Processing /home/airflow/.local/lib/python3.12/site-packages/airflow/example_dags/example_branch_python_dop_operator_3.py took 0.041 seconds
[2024-05-24T00:40:13.068+0000] {processor.py:161} INFO - Started process (PID=3145) to work on /home/airflow/.local/lib/python3.12/site-packages/airflow/example_dags/example_branch_python_dop_operator_3.py
[2024-05-24T00:40:13.068+0000] {processor.py:830} INFO - Processing file /home/airflow/.local/lib/python3.12/site-packages/airflow/example_dags/example_branch_python_dop_operator_3.py for tasks to queue
[2024-05-24T00:40:13.068+0000] {logging_mixin.py:188} INFO - [2024-05-24T00:40:13.068+0000] {dagbag.py:545} INFO - Filling up the DagBag from /home/airflow/.local/lib/python3.12/site-packages/airflow/example_dags/example_branch_python_dop_operator_3.py
[2024-05-24T00:40:13.071+0000] {processor.py:840} INFO - DAG(s) 'example_branch_dop_operator_v3' retrieved from /home/airflow/.local/lib/python3.12/site-packages/airflow/example_dags/example_branch_python_dop_operator_3.py
[2024-05-24T00:40:13.119+0000] {logging_mixin.py:188} INFO - [2024-05-24T00:40:13.119+0000] {dag.py:3096} INFO - Sync 1 DAGs
[2024-05-24T00:40:13.136+0000] {logging_mixin.py:188} INFO - [2024-05-24T00:40:13.136+0000] {dag.py:3954} INFO - Setting next_dagrun for example_branch_dop_operator_v3 to 2024-05-24 00:39:00+00:00, run_after=2024-05-24 00:40:00+00:00
[2024-05-24T00:40:13.153+0000] {processor.py:183} INFO - Processing /home/airflow/.local/lib/python3.12/site-packages/airflow/example_dags/example_branch_python_dop_operator_3.py took 0.087 seconds
