[2024-05-24T00:14:37.626+0000] {processor.py:161} INFO - Started process (PID=73) to work on /home/airflow/.local/lib/python3.12/site-packages/airflow/example_dags/example_sensors.py
[2024-05-24T00:14:37.626+0000] {processor.py:830} INFO - Processing file /home/airflow/.local/lib/python3.12/site-packages/airflow/example_dags/example_sensors.py for tasks to queue
[2024-05-24T00:14:37.627+0000] {logging_mixin.py:188} INFO - [2024-05-24T00:14:37.627+0000] {dagbag.py:545} INFO - Filling up the DagBag from /home/airflow/.local/lib/python3.12/site-packages/airflow/example_dags/example_sensors.py
[2024-05-24T00:14:37.631+0000] {processor.py:840} INFO - DAG(s) 'example_sensors' retrieved from /home/airflow/.local/lib/python3.12/site-packages/airflow/example_dags/example_sensors.py
[2024-05-24T00:14:37.638+0000] {logging_mixin.py:188} INFO - [2024-05-24T00:14:37.638+0000] {dag.py:3096} INFO - Sync 1 DAGs
[2024-05-24T00:14:37.646+0000] {logging_mixin.py:188} INFO - [2024-05-24T00:14:37.646+0000] {dag.py:3954} INFO - Setting next_dagrun for example_sensors to None, run_after=None
[2024-05-24T00:14:37.657+0000] {processor.py:183} INFO - Processing /home/airflow/.local/lib/python3.12/site-packages/airflow/example_dags/example_sensors.py took 0.034 seconds
[2024-05-24T00:15:08.374+0000] {processor.py:161} INFO - Started process (PID=132) to work on /home/airflow/.local/lib/python3.12/site-packages/airflow/example_dags/example_sensors.py
[2024-05-24T00:15:08.375+0000] {processor.py:830} INFO - Processing file /home/airflow/.local/lib/python3.12/site-packages/airflow/example_dags/example_sensors.py for tasks to queue
[2024-05-24T00:15:08.376+0000] {logging_mixin.py:188} INFO - [2024-05-24T00:15:08.375+0000] {dagbag.py:545} INFO - Filling up the DagBag from /home/airflow/.local/lib/python3.12/site-packages/airflow/example_dags/example_sensors.py
[2024-05-24T00:15:08.379+0000] {processor.py:840} INFO - DAG(s) 'example_sensors' retrieved from /home/airflow/.local/lib/python3.12/site-packages/airflow/example_dags/example_sensors.py
[2024-05-24T00:15:08.430+0000] {logging_mixin.py:188} INFO - [2024-05-24T00:15:08.429+0000] {dag.py:3096} INFO - Sync 1 DAGs
[2024-05-24T00:15:08.435+0000] {logging_mixin.py:188} INFO - [2024-05-24T00:15:08.435+0000] {dag.py:3954} INFO - Setting next_dagrun for example_sensors to None, run_after=None
[2024-05-24T00:15:08.447+0000] {processor.py:183} INFO - Processing /home/airflow/.local/lib/python3.12/site-packages/airflow/example_dags/example_sensors.py took 0.077 seconds
[2024-05-24T00:15:39.254+0000] {processor.py:161} INFO - Started process (PID=191) to work on /home/airflow/.local/lib/python3.12/site-packages/airflow/example_dags/example_sensors.py
[2024-05-24T00:15:39.254+0000] {processor.py:830} INFO - Processing file /home/airflow/.local/lib/python3.12/site-packages/airflow/example_dags/example_sensors.py for tasks to queue
[2024-05-24T00:15:39.255+0000] {logging_mixin.py:188} INFO - [2024-05-24T00:15:39.255+0000] {dagbag.py:545} INFO - Filling up the DagBag from /home/airflow/.local/lib/python3.12/site-packages/airflow/example_dags/example_sensors.py
[2024-05-24T00:15:39.261+0000] {processor.py:840} INFO - DAG(s) 'example_sensors' retrieved from /home/airflow/.local/lib/python3.12/site-packages/airflow/example_dags/example_sensors.py
[2024-05-24T00:15:39.281+0000] {logging_mixin.py:188} INFO - [2024-05-24T00:15:39.281+0000] {dag.py:3096} INFO - Sync 1 DAGs
[2024-05-24T00:15:39.286+0000] {logging_mixin.py:188} INFO - [2024-05-24T00:15:39.286+0000] {dag.py:3954} INFO - Setting next_dagrun for example_sensors to None, run_after=None
[2024-05-24T00:15:39.297+0000] {processor.py:183} INFO - Processing /home/airflow/.local/lib/python3.12/site-packages/airflow/example_dags/example_sensors.py took 0.048 seconds
[2024-05-24T00:16:09.762+0000] {processor.py:161} INFO - Started process (PID=250) to work on /home/airflow/.local/lib/python3.12/site-packages/airflow/example_dags/example_sensors.py
[2024-05-24T00:16:09.762+0000] {processor.py:830} INFO - Processing file /home/airflow/.local/lib/python3.12/site-packages/airflow/example_dags/example_sensors.py for tasks to queue
[2024-05-24T00:16:09.763+0000] {logging_mixin.py:188} INFO - [2024-05-24T00:16:09.763+0000] {dagbag.py:545} INFO - Filling up the DagBag from /home/airflow/.local/lib/python3.12/site-packages/airflow/example_dags/example_sensors.py
[2024-05-24T00:16:09.766+0000] {processor.py:840} INFO - DAG(s) 'example_sensors' retrieved from /home/airflow/.local/lib/python3.12/site-packages/airflow/example_dags/example_sensors.py
[2024-05-24T00:16:09.781+0000] {logging_mixin.py:188} INFO - [2024-05-24T00:16:09.781+0000] {dag.py:3096} INFO - Sync 1 DAGs
[2024-05-24T00:16:09.785+0000] {logging_mixin.py:188} INFO - [2024-05-24T00:16:09.785+0000] {dag.py:3954} INFO - Setting next_dagrun for example_sensors to None, run_after=None
[2024-05-24T00:16:09.792+0000] {processor.py:183} INFO - Processing /home/airflow/.local/lib/python3.12/site-packages/airflow/example_dags/example_sensors.py took 0.035 seconds
[2024-05-24T00:16:40.257+0000] {processor.py:161} INFO - Started process (PID=310) to work on /home/airflow/.local/lib/python3.12/site-packages/airflow/example_dags/example_sensors.py
[2024-05-24T00:16:40.257+0000] {processor.py:830} INFO - Processing file /home/airflow/.local/lib/python3.12/site-packages/airflow/example_dags/example_sensors.py for tasks to queue
[2024-05-24T00:16:40.258+0000] {logging_mixin.py:188} INFO - [2024-05-24T00:16:40.258+0000] {dagbag.py:545} INFO - Filling up the DagBag from /home/airflow/.local/lib/python3.12/site-packages/airflow/example_dags/example_sensors.py
[2024-05-24T00:16:40.262+0000] {processor.py:840} INFO - DAG(s) 'example_sensors' retrieved from /home/airflow/.local/lib/python3.12/site-packages/airflow/example_dags/example_sensors.py
[2024-05-24T00:16:40.280+0000] {logging_mixin.py:188} INFO - [2024-05-24T00:16:40.280+0000] {dag.py:3096} INFO - Sync 1 DAGs
[2024-05-24T00:16:40.287+0000] {logging_mixin.py:188} INFO - [2024-05-24T00:16:40.287+0000] {dag.py:3954} INFO - Setting next_dagrun for example_sensors to None, run_after=None
[2024-05-24T00:16:40.297+0000] {processor.py:183} INFO - Processing /home/airflow/.local/lib/python3.12/site-packages/airflow/example_dags/example_sensors.py took 0.047 seconds
[2024-05-24T00:17:10.749+0000] {processor.py:161} INFO - Started process (PID=369) to work on /home/airflow/.local/lib/python3.12/site-packages/airflow/example_dags/example_sensors.py
[2024-05-24T00:17:10.750+0000] {processor.py:830} INFO - Processing file /home/airflow/.local/lib/python3.12/site-packages/airflow/example_dags/example_sensors.py for tasks to queue
[2024-05-24T00:17:10.750+0000] {logging_mixin.py:188} INFO - [2024-05-24T00:17:10.750+0000] {dagbag.py:545} INFO - Filling up the DagBag from /home/airflow/.local/lib/python3.12/site-packages/airflow/example_dags/example_sensors.py
[2024-05-24T00:17:10.754+0000] {processor.py:840} INFO - DAG(s) 'example_sensors' retrieved from /home/airflow/.local/lib/python3.12/site-packages/airflow/example_dags/example_sensors.py
[2024-05-24T00:17:10.778+0000] {logging_mixin.py:188} INFO - [2024-05-24T00:17:10.778+0000] {dag.py:3096} INFO - Sync 1 DAGs
[2024-05-24T00:17:10.785+0000] {logging_mixin.py:188} INFO - [2024-05-24T00:17:10.785+0000] {dag.py:3954} INFO - Setting next_dagrun for example_sensors to None, run_after=None
[2024-05-24T00:17:10.801+0000] {processor.py:183} INFO - Processing /home/airflow/.local/lib/python3.12/site-packages/airflow/example_dags/example_sensors.py took 0.054 seconds
[2024-05-24T00:17:41.195+0000] {processor.py:161} INFO - Started process (PID=428) to work on /home/airflow/.local/lib/python3.12/site-packages/airflow/example_dags/example_sensors.py
[2024-05-24T00:17:41.196+0000] {processor.py:830} INFO - Processing file /home/airflow/.local/lib/python3.12/site-packages/airflow/example_dags/example_sensors.py for tasks to queue
[2024-05-24T00:17:41.196+0000] {logging_mixin.py:188} INFO - [2024-05-24T00:17:41.196+0000] {dagbag.py:545} INFO - Filling up the DagBag from /home/airflow/.local/lib/python3.12/site-packages/airflow/example_dags/example_sensors.py
[2024-05-24T00:17:41.202+0000] {processor.py:840} INFO - DAG(s) 'example_sensors' retrieved from /home/airflow/.local/lib/python3.12/site-packages/airflow/example_dags/example_sensors.py
[2024-05-24T00:17:41.221+0000] {logging_mixin.py:188} INFO - [2024-05-24T00:17:41.221+0000] {dag.py:3096} INFO - Sync 1 DAGs
[2024-05-24T00:17:41.226+0000] {logging_mixin.py:188} INFO - [2024-05-24T00:17:41.226+0000] {dag.py:3954} INFO - Setting next_dagrun for example_sensors to None, run_after=None
[2024-05-24T00:17:41.233+0000] {processor.py:183} INFO - Processing /home/airflow/.local/lib/python3.12/site-packages/airflow/example_dags/example_sensors.py took 0.042 seconds
[2024-05-24T00:18:11.866+0000] {processor.py:161} INFO - Started process (PID=488) to work on /home/airflow/.local/lib/python3.12/site-packages/airflow/example_dags/example_sensors.py
[2024-05-24T00:18:11.867+0000] {processor.py:830} INFO - Processing file /home/airflow/.local/lib/python3.12/site-packages/airflow/example_dags/example_sensors.py for tasks to queue
[2024-05-24T00:18:11.867+0000] {logging_mixin.py:188} INFO - [2024-05-24T00:18:11.867+0000] {dagbag.py:545} INFO - Filling up the DagBag from /home/airflow/.local/lib/python3.12/site-packages/airflow/example_dags/example_sensors.py
[2024-05-24T00:18:11.871+0000] {processor.py:840} INFO - DAG(s) 'example_sensors' retrieved from /home/airflow/.local/lib/python3.12/site-packages/airflow/example_dags/example_sensors.py
[2024-05-24T00:18:11.881+0000] {logging_mixin.py:188} INFO - [2024-05-24T00:18:11.881+0000] {dag.py:3096} INFO - Sync 1 DAGs
[2024-05-24T00:18:11.886+0000] {logging_mixin.py:188} INFO - [2024-05-24T00:18:11.886+0000] {dag.py:3954} INFO - Setting next_dagrun for example_sensors to None, run_after=None
[2024-05-24T00:18:11.893+0000] {processor.py:183} INFO - Processing /home/airflow/.local/lib/python3.12/site-packages/airflow/example_dags/example_sensors.py took 0.029 seconds
[2024-05-24T00:18:42.644+0000] {processor.py:161} INFO - Started process (PID=554) to work on /home/airflow/.local/lib/python3.12/site-packages/airflow/example_dags/example_sensors.py
[2024-05-24T00:18:42.644+0000] {processor.py:830} INFO - Processing file /home/airflow/.local/lib/python3.12/site-packages/airflow/example_dags/example_sensors.py for tasks to queue
[2024-05-24T00:18:42.645+0000] {logging_mixin.py:188} INFO - [2024-05-24T00:18:42.645+0000] {dagbag.py:545} INFO - Filling up the DagBag from /home/airflow/.local/lib/python3.12/site-packages/airflow/example_dags/example_sensors.py
[2024-05-24T00:18:42.649+0000] {processor.py:840} INFO - DAG(s) 'example_sensors' retrieved from /home/airflow/.local/lib/python3.12/site-packages/airflow/example_dags/example_sensors.py
[2024-05-24T00:18:42.669+0000] {logging_mixin.py:188} INFO - [2024-05-24T00:18:42.668+0000] {dag.py:3096} INFO - Sync 1 DAGs
[2024-05-24T00:18:42.677+0000] {logging_mixin.py:188} INFO - [2024-05-24T00:18:42.677+0000] {dag.py:3954} INFO - Setting next_dagrun for example_sensors to None, run_after=None
[2024-05-24T00:18:42.687+0000] {processor.py:183} INFO - Processing /home/airflow/.local/lib/python3.12/site-packages/airflow/example_dags/example_sensors.py took 0.047 seconds
[2024-05-24T00:19:13.336+0000] {processor.py:161} INFO - Started process (PID=614) to work on /home/airflow/.local/lib/python3.12/site-packages/airflow/example_dags/example_sensors.py
[2024-05-24T00:19:13.336+0000] {processor.py:830} INFO - Processing file /home/airflow/.local/lib/python3.12/site-packages/airflow/example_dags/example_sensors.py for tasks to queue
[2024-05-24T00:19:13.337+0000] {logging_mixin.py:188} INFO - [2024-05-24T00:19:13.337+0000] {dagbag.py:545} INFO - Filling up the DagBag from /home/airflow/.local/lib/python3.12/site-packages/airflow/example_dags/example_sensors.py
[2024-05-24T00:19:13.341+0000] {processor.py:840} INFO - DAG(s) 'example_sensors' retrieved from /home/airflow/.local/lib/python3.12/site-packages/airflow/example_dags/example_sensors.py
[2024-05-24T00:19:13.354+0000] {logging_mixin.py:188} INFO - [2024-05-24T00:19:13.354+0000] {dag.py:3096} INFO - Sync 1 DAGs
[2024-05-24T00:19:13.361+0000] {logging_mixin.py:188} INFO - [2024-05-24T00:19:13.360+0000] {dag.py:3954} INFO - Setting next_dagrun for example_sensors to None, run_after=None
[2024-05-24T00:19:13.371+0000] {processor.py:183} INFO - Processing /home/airflow/.local/lib/python3.12/site-packages/airflow/example_dags/example_sensors.py took 0.038 seconds
[2024-05-24T00:19:44.094+0000] {processor.py:161} INFO - Started process (PID=674) to work on /home/airflow/.local/lib/python3.12/site-packages/airflow/example_dags/example_sensors.py
[2024-05-24T00:19:44.094+0000] {processor.py:830} INFO - Processing file /home/airflow/.local/lib/python3.12/site-packages/airflow/example_dags/example_sensors.py for tasks to queue
[2024-05-24T00:19:44.095+0000] {logging_mixin.py:188} INFO - [2024-05-24T00:19:44.095+0000] {dagbag.py:545} INFO - Filling up the DagBag from /home/airflow/.local/lib/python3.12/site-packages/airflow/example_dags/example_sensors.py
[2024-05-24T00:19:44.099+0000] {processor.py:840} INFO - DAG(s) 'example_sensors' retrieved from /home/airflow/.local/lib/python3.12/site-packages/airflow/example_dags/example_sensors.py
[2024-05-24T00:19:44.109+0000] {logging_mixin.py:188} INFO - [2024-05-24T00:19:44.109+0000] {dag.py:3096} INFO - Sync 1 DAGs
[2024-05-24T00:19:44.116+0000] {logging_mixin.py:188} INFO - [2024-05-24T00:19:44.116+0000] {dag.py:3954} INFO - Setting next_dagrun for example_sensors to None, run_after=None
[2024-05-24T00:19:44.123+0000] {processor.py:183} INFO - Processing /home/airflow/.local/lib/python3.12/site-packages/airflow/example_dags/example_sensors.py took 0.033 seconds
[2024-05-24T00:20:14.785+0000] {processor.py:161} INFO - Started process (PID=733) to work on /home/airflow/.local/lib/python3.12/site-packages/airflow/example_dags/example_sensors.py
[2024-05-24T00:20:14.786+0000] {processor.py:830} INFO - Processing file /home/airflow/.local/lib/python3.12/site-packages/airflow/example_dags/example_sensors.py for tasks to queue
[2024-05-24T00:20:14.787+0000] {logging_mixin.py:188} INFO - [2024-05-24T00:20:14.787+0000] {dagbag.py:545} INFO - Filling up the DagBag from /home/airflow/.local/lib/python3.12/site-packages/airflow/example_dags/example_sensors.py
[2024-05-24T00:20:14.790+0000] {processor.py:840} INFO - DAG(s) 'example_sensors' retrieved from /home/airflow/.local/lib/python3.12/site-packages/airflow/example_dags/example_sensors.py
[2024-05-24T00:20:14.811+0000] {logging_mixin.py:188} INFO - [2024-05-24T00:20:14.811+0000] {dag.py:3096} INFO - Sync 1 DAGs
[2024-05-24T00:20:14.818+0000] {logging_mixin.py:188} INFO - [2024-05-24T00:20:14.818+0000] {dag.py:3954} INFO - Setting next_dagrun for example_sensors to None, run_after=None
[2024-05-24T00:20:14.833+0000] {processor.py:183} INFO - Processing /home/airflow/.local/lib/python3.12/site-packages/airflow/example_dags/example_sensors.py took 0.051 seconds
[2024-05-24T00:20:45.480+0000] {processor.py:161} INFO - Started process (PID=793) to work on /home/airflow/.local/lib/python3.12/site-packages/airflow/example_dags/example_sensors.py
[2024-05-24T00:20:45.481+0000] {processor.py:830} INFO - Processing file /home/airflow/.local/lib/python3.12/site-packages/airflow/example_dags/example_sensors.py for tasks to queue
[2024-05-24T00:20:45.481+0000] {logging_mixin.py:188} INFO - [2024-05-24T00:20:45.481+0000] {dagbag.py:545} INFO - Filling up the DagBag from /home/airflow/.local/lib/python3.12/site-packages/airflow/example_dags/example_sensors.py
[2024-05-24T00:20:45.486+0000] {processor.py:840} INFO - DAG(s) 'example_sensors' retrieved from /home/airflow/.local/lib/python3.12/site-packages/airflow/example_dags/example_sensors.py
[2024-05-24T00:20:45.508+0000] {logging_mixin.py:188} INFO - [2024-05-24T00:20:45.508+0000] {dag.py:3096} INFO - Sync 1 DAGs
[2024-05-24T00:20:45.517+0000] {logging_mixin.py:188} INFO - [2024-05-24T00:20:45.516+0000] {dag.py:3954} INFO - Setting next_dagrun for example_sensors to None, run_after=None
[2024-05-24T00:20:45.524+0000] {processor.py:183} INFO - Processing /home/airflow/.local/lib/python3.12/site-packages/airflow/example_dags/example_sensors.py took 0.047 seconds
[2024-05-24T00:21:16.100+0000] {processor.py:161} INFO - Started process (PID=870) to work on /home/airflow/.local/lib/python3.12/site-packages/airflow/example_dags/example_sensors.py
[2024-05-24T00:21:16.101+0000] {processor.py:830} INFO - Processing file /home/airflow/.local/lib/python3.12/site-packages/airflow/example_dags/example_sensors.py for tasks to queue
[2024-05-24T00:21:16.101+0000] {logging_mixin.py:188} INFO - [2024-05-24T00:21:16.101+0000] {dagbag.py:545} INFO - Filling up the DagBag from /home/airflow/.local/lib/python3.12/site-packages/airflow/example_dags/example_sensors.py
[2024-05-24T00:21:16.107+0000] {processor.py:840} INFO - DAG(s) 'example_sensors' retrieved from /home/airflow/.local/lib/python3.12/site-packages/airflow/example_dags/example_sensors.py
[2024-05-24T00:21:16.118+0000] {logging_mixin.py:188} INFO - [2024-05-24T00:21:16.118+0000] {dag.py:3096} INFO - Sync 1 DAGs
[2024-05-24T00:21:16.124+0000] {logging_mixin.py:188} INFO - [2024-05-24T00:21:16.124+0000] {dag.py:3954} INFO - Setting next_dagrun for example_sensors to None, run_after=None
[2024-05-24T00:21:16.136+0000] {processor.py:183} INFO - Processing /home/airflow/.local/lib/python3.12/site-packages/airflow/example_dags/example_sensors.py took 0.039 seconds
[2024-05-24T00:21:46.709+0000] {processor.py:161} INFO - Started process (PID=948) to work on /home/airflow/.local/lib/python3.12/site-packages/airflow/example_dags/example_sensors.py
[2024-05-24T00:21:46.710+0000] {processor.py:830} INFO - Processing file /home/airflow/.local/lib/python3.12/site-packages/airflow/example_dags/example_sensors.py for tasks to queue
[2024-05-24T00:21:46.711+0000] {logging_mixin.py:188} INFO - [2024-05-24T00:21:46.711+0000] {dagbag.py:545} INFO - Filling up the DagBag from /home/airflow/.local/lib/python3.12/site-packages/airflow/example_dags/example_sensors.py
[2024-05-24T00:21:46.718+0000] {processor.py:840} INFO - DAG(s) 'example_sensors' retrieved from /home/airflow/.local/lib/python3.12/site-packages/airflow/example_dags/example_sensors.py
[2024-05-24T00:21:46.730+0000] {logging_mixin.py:188} INFO - [2024-05-24T00:21:46.730+0000] {dag.py:3096} INFO - Sync 1 DAGs
[2024-05-24T00:21:46.734+0000] {logging_mixin.py:188} INFO - [2024-05-24T00:21:46.734+0000] {dag.py:3954} INFO - Setting next_dagrun for example_sensors to None, run_after=None
[2024-05-24T00:21:46.741+0000] {processor.py:183} INFO - Processing /home/airflow/.local/lib/python3.12/site-packages/airflow/example_dags/example_sensors.py took 0.037 seconds
[2024-05-24T00:22:17.477+0000] {processor.py:161} INFO - Started process (PID=1008) to work on /home/airflow/.local/lib/python3.12/site-packages/airflow/example_dags/example_sensors.py
[2024-05-24T00:22:17.477+0000] {processor.py:830} INFO - Processing file /home/airflow/.local/lib/python3.12/site-packages/airflow/example_dags/example_sensors.py for tasks to queue
[2024-05-24T00:22:17.478+0000] {logging_mixin.py:188} INFO - [2024-05-24T00:22:17.478+0000] {dagbag.py:545} INFO - Filling up the DagBag from /home/airflow/.local/lib/python3.12/site-packages/airflow/example_dags/example_sensors.py
[2024-05-24T00:22:17.486+0000] {processor.py:840} INFO - DAG(s) 'example_sensors' retrieved from /home/airflow/.local/lib/python3.12/site-packages/airflow/example_dags/example_sensors.py
[2024-05-24T00:22:17.523+0000] {logging_mixin.py:188} INFO - [2024-05-24T00:22:17.523+0000] {dag.py:3096} INFO - Sync 1 DAGs
[2024-05-24T00:22:17.539+0000] {logging_mixin.py:188} INFO - [2024-05-24T00:22:17.539+0000] {dag.py:3954} INFO - Setting next_dagrun for example_sensors to None, run_after=None
[2024-05-24T00:22:17.554+0000] {processor.py:183} INFO - Processing /home/airflow/.local/lib/python3.12/site-packages/airflow/example_dags/example_sensors.py took 0.083 seconds
[2024-05-24T00:22:47.688+0000] {processor.py:161} INFO - Started process (PID=1086) to work on /home/airflow/.local/lib/python3.12/site-packages/airflow/example_dags/example_sensors.py
[2024-05-24T00:22:47.689+0000] {processor.py:830} INFO - Processing file /home/airflow/.local/lib/python3.12/site-packages/airflow/example_dags/example_sensors.py for tasks to queue
[2024-05-24T00:22:47.690+0000] {logging_mixin.py:188} INFO - [2024-05-24T00:22:47.690+0000] {dagbag.py:545} INFO - Filling up the DagBag from /home/airflow/.local/lib/python3.12/site-packages/airflow/example_dags/example_sensors.py
[2024-05-24T00:22:47.694+0000] {processor.py:840} INFO - DAG(s) 'example_sensors' retrieved from /home/airflow/.local/lib/python3.12/site-packages/airflow/example_dags/example_sensors.py
[2024-05-24T00:22:47.707+0000] {logging_mixin.py:188} INFO - [2024-05-24T00:22:47.707+0000] {dag.py:3096} INFO - Sync 1 DAGs
[2024-05-24T00:22:47.712+0000] {logging_mixin.py:188} INFO - [2024-05-24T00:22:47.712+0000] {dag.py:3954} INFO - Setting next_dagrun for example_sensors to None, run_after=None
[2024-05-24T00:22:47.722+0000] {processor.py:183} INFO - Processing /home/airflow/.local/lib/python3.12/site-packages/airflow/example_dags/example_sensors.py took 0.037 seconds
[2024-05-24T00:23:18.420+0000] {processor.py:161} INFO - Started process (PID=1146) to work on /home/airflow/.local/lib/python3.12/site-packages/airflow/example_dags/example_sensors.py
[2024-05-24T00:23:18.421+0000] {processor.py:830} INFO - Processing file /home/airflow/.local/lib/python3.12/site-packages/airflow/example_dags/example_sensors.py for tasks to queue
[2024-05-24T00:23:18.421+0000] {logging_mixin.py:188} INFO - [2024-05-24T00:23:18.421+0000] {dagbag.py:545} INFO - Filling up the DagBag from /home/airflow/.local/lib/python3.12/site-packages/airflow/example_dags/example_sensors.py
[2024-05-24T00:23:18.425+0000] {processor.py:840} INFO - DAG(s) 'example_sensors' retrieved from /home/airflow/.local/lib/python3.12/site-packages/airflow/example_dags/example_sensors.py
[2024-05-24T00:23:18.441+0000] {logging_mixin.py:188} INFO - [2024-05-24T00:23:18.441+0000] {dag.py:3096} INFO - Sync 1 DAGs
[2024-05-24T00:23:18.449+0000] {logging_mixin.py:188} INFO - [2024-05-24T00:23:18.449+0000] {dag.py:3954} INFO - Setting next_dagrun for example_sensors to None, run_after=None
[2024-05-24T00:23:18.460+0000] {processor.py:183} INFO - Processing /home/airflow/.local/lib/python3.12/site-packages/airflow/example_dags/example_sensors.py took 0.043 seconds
[2024-05-24T00:23:49.230+0000] {processor.py:161} INFO - Started process (PID=1206) to work on /home/airflow/.local/lib/python3.12/site-packages/airflow/example_dags/example_sensors.py
[2024-05-24T00:23:49.231+0000] {processor.py:830} INFO - Processing file /home/airflow/.local/lib/python3.12/site-packages/airflow/example_dags/example_sensors.py for tasks to queue
[2024-05-24T00:23:49.232+0000] {logging_mixin.py:188} INFO - [2024-05-24T00:23:49.231+0000] {dagbag.py:545} INFO - Filling up the DagBag from /home/airflow/.local/lib/python3.12/site-packages/airflow/example_dags/example_sensors.py
[2024-05-24T00:23:49.236+0000] {processor.py:840} INFO - DAG(s) 'example_sensors' retrieved from /home/airflow/.local/lib/python3.12/site-packages/airflow/example_dags/example_sensors.py
[2024-05-24T00:23:49.248+0000] {logging_mixin.py:188} INFO - [2024-05-24T00:23:49.248+0000] {dag.py:3096} INFO - Sync 1 DAGs
[2024-05-24T00:23:49.254+0000] {logging_mixin.py:188} INFO - [2024-05-24T00:23:49.254+0000] {dag.py:3954} INFO - Setting next_dagrun for example_sensors to None, run_after=None
[2024-05-24T00:23:49.265+0000] {processor.py:183} INFO - Processing /home/airflow/.local/lib/python3.12/site-packages/airflow/example_dags/example_sensors.py took 0.038 seconds
[2024-05-24T00:24:20.053+0000] {processor.py:161} INFO - Started process (PID=1266) to work on /home/airflow/.local/lib/python3.12/site-packages/airflow/example_dags/example_sensors.py
[2024-05-24T00:24:20.053+0000] {processor.py:830} INFO - Processing file /home/airflow/.local/lib/python3.12/site-packages/airflow/example_dags/example_sensors.py for tasks to queue
[2024-05-24T00:24:20.054+0000] {logging_mixin.py:188} INFO - [2024-05-24T00:24:20.054+0000] {dagbag.py:545} INFO - Filling up the DagBag from /home/airflow/.local/lib/python3.12/site-packages/airflow/example_dags/example_sensors.py
[2024-05-24T00:24:20.060+0000] {processor.py:840} INFO - DAG(s) 'example_sensors' retrieved from /home/airflow/.local/lib/python3.12/site-packages/airflow/example_dags/example_sensors.py
[2024-05-24T00:24:20.073+0000] {logging_mixin.py:188} INFO - [2024-05-24T00:24:20.073+0000] {dag.py:3096} INFO - Sync 1 DAGs
[2024-05-24T00:24:20.079+0000] {logging_mixin.py:188} INFO - [2024-05-24T00:24:20.079+0000] {dag.py:3954} INFO - Setting next_dagrun for example_sensors to None, run_after=None
[2024-05-24T00:24:20.090+0000] {processor.py:183} INFO - Processing /home/airflow/.local/lib/python3.12/site-packages/airflow/example_dags/example_sensors.py took 0.041 seconds
[2024-05-24T00:24:50.756+0000] {processor.py:161} INFO - Started process (PID=1326) to work on /home/airflow/.local/lib/python3.12/site-packages/airflow/example_dags/example_sensors.py
[2024-05-24T00:24:50.757+0000] {processor.py:830} INFO - Processing file /home/airflow/.local/lib/python3.12/site-packages/airflow/example_dags/example_sensors.py for tasks to queue
[2024-05-24T00:24:50.757+0000] {logging_mixin.py:188} INFO - [2024-05-24T00:24:50.757+0000] {dagbag.py:545} INFO - Filling up the DagBag from /home/airflow/.local/lib/python3.12/site-packages/airflow/example_dags/example_sensors.py
[2024-05-24T00:24:50.762+0000] {processor.py:840} INFO - DAG(s) 'example_sensors' retrieved from /home/airflow/.local/lib/python3.12/site-packages/airflow/example_dags/example_sensors.py
[2024-05-24T00:24:50.781+0000] {logging_mixin.py:188} INFO - [2024-05-24T00:24:50.781+0000] {dag.py:3096} INFO - Sync 1 DAGs
[2024-05-24T00:24:50.790+0000] {logging_mixin.py:188} INFO - [2024-05-24T00:24:50.790+0000] {dag.py:3954} INFO - Setting next_dagrun for example_sensors to None, run_after=None
[2024-05-24T00:24:50.803+0000] {processor.py:183} INFO - Processing /home/airflow/.local/lib/python3.12/site-packages/airflow/example_dags/example_sensors.py took 0.053 seconds
[2024-05-24T00:25:21.520+0000] {processor.py:161} INFO - Started process (PID=1386) to work on /home/airflow/.local/lib/python3.12/site-packages/airflow/example_dags/example_sensors.py
[2024-05-24T00:25:21.521+0000] {processor.py:830} INFO - Processing file /home/airflow/.local/lib/python3.12/site-packages/airflow/example_dags/example_sensors.py for tasks to queue
[2024-05-24T00:25:21.522+0000] {logging_mixin.py:188} INFO - [2024-05-24T00:25:21.521+0000] {dagbag.py:545} INFO - Filling up the DagBag from /home/airflow/.local/lib/python3.12/site-packages/airflow/example_dags/example_sensors.py
[2024-05-24T00:25:21.525+0000] {processor.py:840} INFO - DAG(s) 'example_sensors' retrieved from /home/airflow/.local/lib/python3.12/site-packages/airflow/example_dags/example_sensors.py
[2024-05-24T00:25:21.540+0000] {logging_mixin.py:188} INFO - [2024-05-24T00:25:21.540+0000] {dag.py:3096} INFO - Sync 1 DAGs
[2024-05-24T00:25:21.545+0000] {logging_mixin.py:188} INFO - [2024-05-24T00:25:21.545+0000] {dag.py:3954} INFO - Setting next_dagrun for example_sensors to None, run_after=None
[2024-05-24T00:25:21.552+0000] {processor.py:183} INFO - Processing /home/airflow/.local/lib/python3.12/site-packages/airflow/example_dags/example_sensors.py took 0.036 seconds
[2024-05-24T00:25:52.140+0000] {processor.py:161} INFO - Started process (PID=1446) to work on /home/airflow/.local/lib/python3.12/site-packages/airflow/example_dags/example_sensors.py
[2024-05-24T00:25:52.141+0000] {processor.py:830} INFO - Processing file /home/airflow/.local/lib/python3.12/site-packages/airflow/example_dags/example_sensors.py for tasks to queue
[2024-05-24T00:25:52.141+0000] {logging_mixin.py:188} INFO - [2024-05-24T00:25:52.141+0000] {dagbag.py:545} INFO - Filling up the DagBag from /home/airflow/.local/lib/python3.12/site-packages/airflow/example_dags/example_sensors.py
[2024-05-24T00:25:52.145+0000] {processor.py:840} INFO - DAG(s) 'example_sensors' retrieved from /home/airflow/.local/lib/python3.12/site-packages/airflow/example_dags/example_sensors.py
[2024-05-24T00:25:52.160+0000] {logging_mixin.py:188} INFO - [2024-05-24T00:25:52.160+0000] {dag.py:3096} INFO - Sync 1 DAGs
[2024-05-24T00:25:52.172+0000] {logging_mixin.py:188} INFO - [2024-05-24T00:25:52.171+0000] {dag.py:3954} INFO - Setting next_dagrun for example_sensors to None, run_after=None
[2024-05-24T00:25:52.187+0000] {processor.py:183} INFO - Processing /home/airflow/.local/lib/python3.12/site-packages/airflow/example_dags/example_sensors.py took 0.049 seconds
[2024-05-24T00:26:22.836+0000] {processor.py:161} INFO - Started process (PID=1506) to work on /home/airflow/.local/lib/python3.12/site-packages/airflow/example_dags/example_sensors.py
[2024-05-24T00:26:22.837+0000] {processor.py:830} INFO - Processing file /home/airflow/.local/lib/python3.12/site-packages/airflow/example_dags/example_sensors.py for tasks to queue
[2024-05-24T00:26:22.838+0000] {logging_mixin.py:188} INFO - [2024-05-24T00:26:22.837+0000] {dagbag.py:545} INFO - Filling up the DagBag from /home/airflow/.local/lib/python3.12/site-packages/airflow/example_dags/example_sensors.py
[2024-05-24T00:26:22.843+0000] {processor.py:840} INFO - DAG(s) 'example_sensors' retrieved from /home/airflow/.local/lib/python3.12/site-packages/airflow/example_dags/example_sensors.py
[2024-05-24T00:26:22.855+0000] {logging_mixin.py:188} INFO - [2024-05-24T00:26:22.854+0000] {dag.py:3096} INFO - Sync 1 DAGs
[2024-05-24T00:26:22.859+0000] {logging_mixin.py:188} INFO - [2024-05-24T00:26:22.859+0000] {dag.py:3954} INFO - Setting next_dagrun for example_sensors to None, run_after=None
[2024-05-24T00:26:22.867+0000] {processor.py:183} INFO - Processing /home/airflow/.local/lib/python3.12/site-packages/airflow/example_dags/example_sensors.py took 0.035 seconds
[2024-05-24T00:26:53.510+0000] {processor.py:161} INFO - Started process (PID=1567) to work on /home/airflow/.local/lib/python3.12/site-packages/airflow/example_dags/example_sensors.py
[2024-05-24T00:26:53.511+0000] {processor.py:830} INFO - Processing file /home/airflow/.local/lib/python3.12/site-packages/airflow/example_dags/example_sensors.py for tasks to queue
[2024-05-24T00:26:53.512+0000] {logging_mixin.py:188} INFO - [2024-05-24T00:26:53.511+0000] {dagbag.py:545} INFO - Filling up the DagBag from /home/airflow/.local/lib/python3.12/site-packages/airflow/example_dags/example_sensors.py
[2024-05-24T00:26:53.517+0000] {processor.py:840} INFO - DAG(s) 'example_sensors' retrieved from /home/airflow/.local/lib/python3.12/site-packages/airflow/example_dags/example_sensors.py
[2024-05-24T00:26:53.531+0000] {logging_mixin.py:188} INFO - [2024-05-24T00:26:53.531+0000] {dag.py:3096} INFO - Sync 1 DAGs
[2024-05-24T00:26:53.540+0000] {logging_mixin.py:188} INFO - [2024-05-24T00:26:53.540+0000] {dag.py:3954} INFO - Setting next_dagrun for example_sensors to None, run_after=None
[2024-05-24T00:26:53.558+0000] {processor.py:183} INFO - Processing /home/airflow/.local/lib/python3.12/site-packages/airflow/example_dags/example_sensors.py took 0.051 seconds
[2024-05-24T00:27:24.257+0000] {processor.py:161} INFO - Started process (PID=1627) to work on /home/airflow/.local/lib/python3.12/site-packages/airflow/example_dags/example_sensors.py
[2024-05-24T00:27:24.257+0000] {processor.py:830} INFO - Processing file /home/airflow/.local/lib/python3.12/site-packages/airflow/example_dags/example_sensors.py for tasks to queue
[2024-05-24T00:27:24.258+0000] {logging_mixin.py:188} INFO - [2024-05-24T00:27:24.258+0000] {dagbag.py:545} INFO - Filling up the DagBag from /home/airflow/.local/lib/python3.12/site-packages/airflow/example_dags/example_sensors.py
[2024-05-24T00:27:24.263+0000] {processor.py:840} INFO - DAG(s) 'example_sensors' retrieved from /home/airflow/.local/lib/python3.12/site-packages/airflow/example_dags/example_sensors.py
[2024-05-24T00:27:24.279+0000] {logging_mixin.py:188} INFO - [2024-05-24T00:27:24.278+0000] {dag.py:3096} INFO - Sync 1 DAGs
[2024-05-24T00:27:24.285+0000] {logging_mixin.py:188} INFO - [2024-05-24T00:27:24.285+0000] {dag.py:3954} INFO - Setting next_dagrun for example_sensors to None, run_after=None
[2024-05-24T00:27:24.295+0000] {processor.py:183} INFO - Processing /home/airflow/.local/lib/python3.12/site-packages/airflow/example_dags/example_sensors.py took 0.042 seconds
[2024-05-24T00:27:55.010+0000] {processor.py:161} INFO - Started process (PID=1687) to work on /home/airflow/.local/lib/python3.12/site-packages/airflow/example_dags/example_sensors.py
[2024-05-24T00:27:55.010+0000] {processor.py:830} INFO - Processing file /home/airflow/.local/lib/python3.12/site-packages/airflow/example_dags/example_sensors.py for tasks to queue
[2024-05-24T00:27:55.011+0000] {logging_mixin.py:188} INFO - [2024-05-24T00:27:55.011+0000] {dagbag.py:545} INFO - Filling up the DagBag from /home/airflow/.local/lib/python3.12/site-packages/airflow/example_dags/example_sensors.py
[2024-05-24T00:27:55.014+0000] {processor.py:840} INFO - DAG(s) 'example_sensors' retrieved from /home/airflow/.local/lib/python3.12/site-packages/airflow/example_dags/example_sensors.py
[2024-05-24T00:27:55.029+0000] {logging_mixin.py:188} INFO - [2024-05-24T00:27:55.029+0000] {dag.py:3096} INFO - Sync 1 DAGs
[2024-05-24T00:27:55.036+0000] {logging_mixin.py:188} INFO - [2024-05-24T00:27:55.036+0000] {dag.py:3954} INFO - Setting next_dagrun for example_sensors to None, run_after=None
[2024-05-24T00:27:55.044+0000] {processor.py:183} INFO - Processing /home/airflow/.local/lib/python3.12/site-packages/airflow/example_dags/example_sensors.py took 0.037 seconds
[2024-05-24T00:28:25.929+0000] {processor.py:161} INFO - Started process (PID=1747) to work on /home/airflow/.local/lib/python3.12/site-packages/airflow/example_dags/example_sensors.py
[2024-05-24T00:28:25.929+0000] {processor.py:830} INFO - Processing file /home/airflow/.local/lib/python3.12/site-packages/airflow/example_dags/example_sensors.py for tasks to queue
[2024-05-24T00:28:25.930+0000] {logging_mixin.py:188} INFO - [2024-05-24T00:28:25.930+0000] {dagbag.py:545} INFO - Filling up the DagBag from /home/airflow/.local/lib/python3.12/site-packages/airflow/example_dags/example_sensors.py
[2024-05-24T00:28:25.933+0000] {processor.py:840} INFO - DAG(s) 'example_sensors' retrieved from /home/airflow/.local/lib/python3.12/site-packages/airflow/example_dags/example_sensors.py
[2024-05-24T00:28:25.947+0000] {logging_mixin.py:188} INFO - [2024-05-24T00:28:25.946+0000] {dag.py:3096} INFO - Sync 1 DAGs
[2024-05-24T00:28:25.953+0000] {logging_mixin.py:188} INFO - [2024-05-24T00:28:25.953+0000] {dag.py:3954} INFO - Setting next_dagrun for example_sensors to None, run_after=None
[2024-05-24T00:28:25.961+0000] {processor.py:183} INFO - Processing /home/airflow/.local/lib/python3.12/site-packages/airflow/example_dags/example_sensors.py took 0.034 seconds
[2024-05-24T00:28:56.739+0000] {processor.py:161} INFO - Started process (PID=1807) to work on /home/airflow/.local/lib/python3.12/site-packages/airflow/example_dags/example_sensors.py
[2024-05-24T00:28:56.740+0000] {processor.py:830} INFO - Processing file /home/airflow/.local/lib/python3.12/site-packages/airflow/example_dags/example_sensors.py for tasks to queue
[2024-05-24T00:28:56.741+0000] {logging_mixin.py:188} INFO - [2024-05-24T00:28:56.741+0000] {dagbag.py:545} INFO - Filling up the DagBag from /home/airflow/.local/lib/python3.12/site-packages/airflow/example_dags/example_sensors.py
[2024-05-24T00:28:56.746+0000] {processor.py:840} INFO - DAG(s) 'example_sensors' retrieved from /home/airflow/.local/lib/python3.12/site-packages/airflow/example_dags/example_sensors.py
[2024-05-24T00:28:56.759+0000] {logging_mixin.py:188} INFO - [2024-05-24T00:28:56.759+0000] {dag.py:3096} INFO - Sync 1 DAGs
[2024-05-24T00:28:56.767+0000] {logging_mixin.py:188} INFO - [2024-05-24T00:28:56.767+0000] {dag.py:3954} INFO - Setting next_dagrun for example_sensors to None, run_after=None
[2024-05-24T00:28:56.777+0000] {processor.py:183} INFO - Processing /home/airflow/.local/lib/python3.12/site-packages/airflow/example_dags/example_sensors.py took 0.041 seconds
[2024-05-24T00:29:27.592+0000] {processor.py:161} INFO - Started process (PID=1867) to work on /home/airflow/.local/lib/python3.12/site-packages/airflow/example_dags/example_sensors.py
[2024-05-24T00:29:27.593+0000] {processor.py:830} INFO - Processing file /home/airflow/.local/lib/python3.12/site-packages/airflow/example_dags/example_sensors.py for tasks to queue
[2024-05-24T00:29:27.594+0000] {logging_mixin.py:188} INFO - [2024-05-24T00:29:27.594+0000] {dagbag.py:545} INFO - Filling up the DagBag from /home/airflow/.local/lib/python3.12/site-packages/airflow/example_dags/example_sensors.py
[2024-05-24T00:29:27.600+0000] {processor.py:840} INFO - DAG(s) 'example_sensors' retrieved from /home/airflow/.local/lib/python3.12/site-packages/airflow/example_dags/example_sensors.py
[2024-05-24T00:29:27.612+0000] {logging_mixin.py:188} INFO - [2024-05-24T00:29:27.612+0000] {dag.py:3096} INFO - Sync 1 DAGs
[2024-05-24T00:29:27.617+0000] {logging_mixin.py:188} INFO - [2024-05-24T00:29:27.617+0000] {dag.py:3954} INFO - Setting next_dagrun for example_sensors to None, run_after=None
[2024-05-24T00:29:27.624+0000] {processor.py:183} INFO - Processing /home/airflow/.local/lib/python3.12/site-packages/airflow/example_dags/example_sensors.py took 0.035 seconds
[2024-05-24T00:29:58.641+0000] {processor.py:161} INFO - Started process (PID=1927) to work on /home/airflow/.local/lib/python3.12/site-packages/airflow/example_dags/example_sensors.py
[2024-05-24T00:29:58.642+0000] {processor.py:830} INFO - Processing file /home/airflow/.local/lib/python3.12/site-packages/airflow/example_dags/example_sensors.py for tasks to queue
[2024-05-24T00:29:58.643+0000] {logging_mixin.py:188} INFO - [2024-05-24T00:29:58.643+0000] {dagbag.py:545} INFO - Filling up the DagBag from /home/airflow/.local/lib/python3.12/site-packages/airflow/example_dags/example_sensors.py
[2024-05-24T00:29:58.650+0000] {processor.py:840} INFO - DAG(s) 'example_sensors' retrieved from /home/airflow/.local/lib/python3.12/site-packages/airflow/example_dags/example_sensors.py
[2024-05-24T00:29:58.683+0000] {logging_mixin.py:188} INFO - [2024-05-24T00:29:58.683+0000] {dag.py:3096} INFO - Sync 1 DAGs
[2024-05-24T00:29:58.691+0000] {logging_mixin.py:188} INFO - [2024-05-24T00:29:58.690+0000] {dag.py:3954} INFO - Setting next_dagrun for example_sensors to None, run_after=None
[2024-05-24T00:29:58.704+0000] {processor.py:183} INFO - Processing /home/airflow/.local/lib/python3.12/site-packages/airflow/example_dags/example_sensors.py took 0.067 seconds
[2024-05-24T00:30:28.789+0000] {processor.py:161} INFO - Started process (PID=1987) to work on /home/airflow/.local/lib/python3.12/site-packages/airflow/example_dags/example_sensors.py
[2024-05-24T00:30:28.790+0000] {processor.py:830} INFO - Processing file /home/airflow/.local/lib/python3.12/site-packages/airflow/example_dags/example_sensors.py for tasks to queue
[2024-05-24T00:30:28.791+0000] {logging_mixin.py:188} INFO - [2024-05-24T00:30:28.791+0000] {dagbag.py:545} INFO - Filling up the DagBag from /home/airflow/.local/lib/python3.12/site-packages/airflow/example_dags/example_sensors.py
[2024-05-24T00:30:28.796+0000] {processor.py:840} INFO - DAG(s) 'example_sensors' retrieved from /home/airflow/.local/lib/python3.12/site-packages/airflow/example_dags/example_sensors.py
[2024-05-24T00:30:28.811+0000] {logging_mixin.py:188} INFO - [2024-05-24T00:30:28.811+0000] {dag.py:3096} INFO - Sync 1 DAGs
[2024-05-24T00:30:28.818+0000] {logging_mixin.py:188} INFO - [2024-05-24T00:30:28.818+0000] {dag.py:3954} INFO - Setting next_dagrun for example_sensors to None, run_after=None
[2024-05-24T00:30:28.828+0000] {processor.py:183} INFO - Processing /home/airflow/.local/lib/python3.12/site-packages/airflow/example_dags/example_sensors.py took 0.046 seconds
[2024-05-24T00:30:59.549+0000] {processor.py:161} INFO - Started process (PID=2047) to work on /home/airflow/.local/lib/python3.12/site-packages/airflow/example_dags/example_sensors.py
[2024-05-24T00:30:59.549+0000] {processor.py:830} INFO - Processing file /home/airflow/.local/lib/python3.12/site-packages/airflow/example_dags/example_sensors.py for tasks to queue
[2024-05-24T00:30:59.550+0000] {logging_mixin.py:188} INFO - [2024-05-24T00:30:59.550+0000] {dagbag.py:545} INFO - Filling up the DagBag from /home/airflow/.local/lib/python3.12/site-packages/airflow/example_dags/example_sensors.py
[2024-05-24T00:30:59.553+0000] {processor.py:840} INFO - DAG(s) 'example_sensors' retrieved from /home/airflow/.local/lib/python3.12/site-packages/airflow/example_dags/example_sensors.py
[2024-05-24T00:30:59.564+0000] {logging_mixin.py:188} INFO - [2024-05-24T00:30:59.564+0000] {dag.py:3096} INFO - Sync 1 DAGs
[2024-05-24T00:30:59.569+0000] {logging_mixin.py:188} INFO - [2024-05-24T00:30:59.569+0000] {dag.py:3954} INFO - Setting next_dagrun for example_sensors to None, run_after=None
[2024-05-24T00:30:59.576+0000] {processor.py:183} INFO - Processing /home/airflow/.local/lib/python3.12/site-packages/airflow/example_dags/example_sensors.py took 0.030 seconds
[2024-05-24T00:31:29.979+0000] {processor.py:161} INFO - Started process (PID=2107) to work on /home/airflow/.local/lib/python3.12/site-packages/airflow/example_dags/example_sensors.py
[2024-05-24T00:31:29.979+0000] {processor.py:830} INFO - Processing file /home/airflow/.local/lib/python3.12/site-packages/airflow/example_dags/example_sensors.py for tasks to queue
[2024-05-24T00:31:29.980+0000] {logging_mixin.py:188} INFO - [2024-05-24T00:31:29.980+0000] {dagbag.py:545} INFO - Filling up the DagBag from /home/airflow/.local/lib/python3.12/site-packages/airflow/example_dags/example_sensors.py
[2024-05-24T00:31:29.983+0000] {processor.py:840} INFO - DAG(s) 'example_sensors' retrieved from /home/airflow/.local/lib/python3.12/site-packages/airflow/example_dags/example_sensors.py
[2024-05-24T00:31:29.999+0000] {logging_mixin.py:188} INFO - [2024-05-24T00:31:29.998+0000] {dag.py:3096} INFO - Sync 1 DAGs
[2024-05-24T00:31:30.007+0000] {logging_mixin.py:188} INFO - [2024-05-24T00:31:30.007+0000] {dag.py:3954} INFO - Setting next_dagrun for example_sensors to None, run_after=None
[2024-05-24T00:31:30.019+0000] {processor.py:183} INFO - Processing /home/airflow/.local/lib/python3.12/site-packages/airflow/example_dags/example_sensors.py took 0.042 seconds
[2024-05-24T00:32:00.279+0000] {processor.py:161} INFO - Started process (PID=2167) to work on /home/airflow/.local/lib/python3.12/site-packages/airflow/example_dags/example_sensors.py
[2024-05-24T00:32:00.280+0000] {processor.py:830} INFO - Processing file /home/airflow/.local/lib/python3.12/site-packages/airflow/example_dags/example_sensors.py for tasks to queue
[2024-05-24T00:32:00.281+0000] {logging_mixin.py:188} INFO - [2024-05-24T00:32:00.280+0000] {dagbag.py:545} INFO - Filling up the DagBag from /home/airflow/.local/lib/python3.12/site-packages/airflow/example_dags/example_sensors.py
[2024-05-24T00:32:00.284+0000] {processor.py:840} INFO - DAG(s) 'example_sensors' retrieved from /home/airflow/.local/lib/python3.12/site-packages/airflow/example_dags/example_sensors.py
[2024-05-24T00:32:00.299+0000] {logging_mixin.py:188} INFO - [2024-05-24T00:32:00.299+0000] {dag.py:3096} INFO - Sync 1 DAGs
[2024-05-24T00:32:00.365+0000] {logging_mixin.py:188} INFO - [2024-05-24T00:32:00.365+0000] {dag.py:3954} INFO - Setting next_dagrun for example_sensors to None, run_after=None
[2024-05-24T00:32:00.373+0000] {processor.py:183} INFO - Processing /home/airflow/.local/lib/python3.12/site-packages/airflow/example_dags/example_sensors.py took 0.096 seconds
[2024-05-24T00:32:30.768+0000] {processor.py:161} INFO - Started process (PID=2227) to work on /home/airflow/.local/lib/python3.12/site-packages/airflow/example_dags/example_sensors.py
[2024-05-24T00:32:30.768+0000] {processor.py:830} INFO - Processing file /home/airflow/.local/lib/python3.12/site-packages/airflow/example_dags/example_sensors.py for tasks to queue
[2024-05-24T00:32:30.769+0000] {logging_mixin.py:188} INFO - [2024-05-24T00:32:30.769+0000] {dagbag.py:545} INFO - Filling up the DagBag from /home/airflow/.local/lib/python3.12/site-packages/airflow/example_dags/example_sensors.py
[2024-05-24T00:32:30.773+0000] {processor.py:840} INFO - DAG(s) 'example_sensors' retrieved from /home/airflow/.local/lib/python3.12/site-packages/airflow/example_dags/example_sensors.py
[2024-05-24T00:32:30.789+0000] {logging_mixin.py:188} INFO - [2024-05-24T00:32:30.789+0000] {dag.py:3096} INFO - Sync 1 DAGs
[2024-05-24T00:32:30.797+0000] {logging_mixin.py:188} INFO - [2024-05-24T00:32:30.797+0000] {dag.py:3954} INFO - Setting next_dagrun for example_sensors to None, run_after=None
[2024-05-24T00:32:30.808+0000] {processor.py:183} INFO - Processing /home/airflow/.local/lib/python3.12/site-packages/airflow/example_dags/example_sensors.py took 0.043 seconds
[2024-05-24T00:33:01.457+0000] {processor.py:161} INFO - Started process (PID=2287) to work on /home/airflow/.local/lib/python3.12/site-packages/airflow/example_dags/example_sensors.py
[2024-05-24T00:33:01.457+0000] {processor.py:830} INFO - Processing file /home/airflow/.local/lib/python3.12/site-packages/airflow/example_dags/example_sensors.py for tasks to queue
[2024-05-24T00:33:01.458+0000] {logging_mixin.py:188} INFO - [2024-05-24T00:33:01.457+0000] {dagbag.py:545} INFO - Filling up the DagBag from /home/airflow/.local/lib/python3.12/site-packages/airflow/example_dags/example_sensors.py
[2024-05-24T00:33:01.461+0000] {processor.py:840} INFO - DAG(s) 'example_sensors' retrieved from /home/airflow/.local/lib/python3.12/site-packages/airflow/example_dags/example_sensors.py
[2024-05-24T00:33:01.472+0000] {logging_mixin.py:188} INFO - [2024-05-24T00:33:01.472+0000] {dag.py:3096} INFO - Sync 1 DAGs
[2024-05-24T00:33:01.477+0000] {logging_mixin.py:188} INFO - [2024-05-24T00:33:01.477+0000] {dag.py:3954} INFO - Setting next_dagrun for example_sensors to None, run_after=None
[2024-05-24T00:33:01.484+0000] {processor.py:183} INFO - Processing /home/airflow/.local/lib/python3.12/site-packages/airflow/example_dags/example_sensors.py took 0.030 seconds
[2024-05-24T00:33:32.224+0000] {processor.py:161} INFO - Started process (PID=2353) to work on /home/airflow/.local/lib/python3.12/site-packages/airflow/example_dags/example_sensors.py
[2024-05-24T00:33:32.224+0000] {processor.py:830} INFO - Processing file /home/airflow/.local/lib/python3.12/site-packages/airflow/example_dags/example_sensors.py for tasks to queue
[2024-05-24T00:33:32.225+0000] {logging_mixin.py:188} INFO - [2024-05-24T00:33:32.225+0000] {dagbag.py:545} INFO - Filling up the DagBag from /home/airflow/.local/lib/python3.12/site-packages/airflow/example_dags/example_sensors.py
[2024-05-24T00:33:32.229+0000] {processor.py:840} INFO - DAG(s) 'example_sensors' retrieved from /home/airflow/.local/lib/python3.12/site-packages/airflow/example_dags/example_sensors.py
[2024-05-24T00:33:32.248+0000] {logging_mixin.py:188} INFO - [2024-05-24T00:33:32.248+0000] {dag.py:3096} INFO - Sync 1 DAGs
[2024-05-24T00:33:32.257+0000] {logging_mixin.py:188} INFO - [2024-05-24T00:33:32.257+0000] {dag.py:3954} INFO - Setting next_dagrun for example_sensors to None, run_after=None
[2024-05-24T00:33:32.267+0000] {processor.py:183} INFO - Processing /home/airflow/.local/lib/python3.12/site-packages/airflow/example_dags/example_sensors.py took 0.046 seconds
[2024-05-24T00:34:03.115+0000] {processor.py:161} INFO - Started process (PID=2413) to work on /home/airflow/.local/lib/python3.12/site-packages/airflow/example_dags/example_sensors.py
[2024-05-24T00:34:03.116+0000] {processor.py:830} INFO - Processing file /home/airflow/.local/lib/python3.12/site-packages/airflow/example_dags/example_sensors.py for tasks to queue
[2024-05-24T00:34:03.117+0000] {logging_mixin.py:188} INFO - [2024-05-24T00:34:03.116+0000] {dagbag.py:545} INFO - Filling up the DagBag from /home/airflow/.local/lib/python3.12/site-packages/airflow/example_dags/example_sensors.py
[2024-05-24T00:34:03.122+0000] {processor.py:840} INFO - DAG(s) 'example_sensors' retrieved from /home/airflow/.local/lib/python3.12/site-packages/airflow/example_dags/example_sensors.py
[2024-05-24T00:34:03.136+0000] {logging_mixin.py:188} INFO - [2024-05-24T00:34:03.136+0000] {dag.py:3096} INFO - Sync 1 DAGs
[2024-05-24T00:34:03.144+0000] {logging_mixin.py:188} INFO - [2024-05-24T00:34:03.144+0000] {dag.py:3954} INFO - Setting next_dagrun for example_sensors to None, run_after=None
[2024-05-24T00:34:03.154+0000] {processor.py:183} INFO - Processing /home/airflow/.local/lib/python3.12/site-packages/airflow/example_dags/example_sensors.py took 0.042 seconds
[2024-05-24T00:34:33.801+0000] {processor.py:161} INFO - Started process (PID=2473) to work on /home/airflow/.local/lib/python3.12/site-packages/airflow/example_dags/example_sensors.py
[2024-05-24T00:34:33.801+0000] {processor.py:830} INFO - Processing file /home/airflow/.local/lib/python3.12/site-packages/airflow/example_dags/example_sensors.py for tasks to queue
[2024-05-24T00:34:33.802+0000] {logging_mixin.py:188} INFO - [2024-05-24T00:34:33.802+0000] {dagbag.py:545} INFO - Filling up the DagBag from /home/airflow/.local/lib/python3.12/site-packages/airflow/example_dags/example_sensors.py
[2024-05-24T00:34:33.806+0000] {processor.py:840} INFO - DAG(s) 'example_sensors' retrieved from /home/airflow/.local/lib/python3.12/site-packages/airflow/example_dags/example_sensors.py
[2024-05-24T00:34:33.818+0000] {logging_mixin.py:188} INFO - [2024-05-24T00:34:33.818+0000] {dag.py:3096} INFO - Sync 1 DAGs
[2024-05-24T00:34:33.825+0000] {logging_mixin.py:188} INFO - [2024-05-24T00:34:33.825+0000] {dag.py:3954} INFO - Setting next_dagrun for example_sensors to None, run_after=None
[2024-05-24T00:34:33.832+0000] {processor.py:183} INFO - Processing /home/airflow/.local/lib/python3.12/site-packages/airflow/example_dags/example_sensors.py took 0.034 seconds
[2024-05-24T00:35:04.592+0000] {processor.py:161} INFO - Started process (PID=2533) to work on /home/airflow/.local/lib/python3.12/site-packages/airflow/example_dags/example_sensors.py
[2024-05-24T00:35:04.592+0000] {processor.py:830} INFO - Processing file /home/airflow/.local/lib/python3.12/site-packages/airflow/example_dags/example_sensors.py for tasks to queue
[2024-05-24T00:35:04.593+0000] {logging_mixin.py:188} INFO - [2024-05-24T00:35:04.593+0000] {dagbag.py:545} INFO - Filling up the DagBag from /home/airflow/.local/lib/python3.12/site-packages/airflow/example_dags/example_sensors.py
[2024-05-24T00:35:04.596+0000] {processor.py:840} INFO - DAG(s) 'example_sensors' retrieved from /home/airflow/.local/lib/python3.12/site-packages/airflow/example_dags/example_sensors.py
[2024-05-24T00:35:04.609+0000] {logging_mixin.py:188} INFO - [2024-05-24T00:35:04.609+0000] {dag.py:3096} INFO - Sync 1 DAGs
[2024-05-24T00:35:04.617+0000] {logging_mixin.py:188} INFO - [2024-05-24T00:35:04.617+0000] {dag.py:3954} INFO - Setting next_dagrun for example_sensors to None, run_after=None
[2024-05-24T00:35:04.628+0000] {processor.py:183} INFO - Processing /home/airflow/.local/lib/python3.12/site-packages/airflow/example_dags/example_sensors.py took 0.038 seconds
[2024-05-24T00:35:35.313+0000] {processor.py:161} INFO - Started process (PID=2593) to work on /home/airflow/.local/lib/python3.12/site-packages/airflow/example_dags/example_sensors.py
[2024-05-24T00:35:35.314+0000] {processor.py:830} INFO - Processing file /home/airflow/.local/lib/python3.12/site-packages/airflow/example_dags/example_sensors.py for tasks to queue
[2024-05-24T00:35:35.315+0000] {logging_mixin.py:188} INFO - [2024-05-24T00:35:35.315+0000] {dagbag.py:545} INFO - Filling up the DagBag from /home/airflow/.local/lib/python3.12/site-packages/airflow/example_dags/example_sensors.py
[2024-05-24T00:35:35.320+0000] {processor.py:840} INFO - DAG(s) 'example_sensors' retrieved from /home/airflow/.local/lib/python3.12/site-packages/airflow/example_dags/example_sensors.py
[2024-05-24T00:35:35.330+0000] {logging_mixin.py:188} INFO - [2024-05-24T00:35:35.330+0000] {dag.py:3096} INFO - Sync 1 DAGs
[2024-05-24T00:35:35.335+0000] {logging_mixin.py:188} INFO - [2024-05-24T00:35:35.335+0000] {dag.py:3954} INFO - Setting next_dagrun for example_sensors to None, run_after=None
[2024-05-24T00:35:35.343+0000] {processor.py:183} INFO - Processing /home/airflow/.local/lib/python3.12/site-packages/airflow/example_dags/example_sensors.py took 0.033 seconds
[2024-05-24T00:36:05.929+0000] {processor.py:161} INFO - Started process (PID=2652) to work on /home/airflow/.local/lib/python3.12/site-packages/airflow/example_dags/example_sensors.py
[2024-05-24T00:36:05.929+0000] {processor.py:830} INFO - Processing file /home/airflow/.local/lib/python3.12/site-packages/airflow/example_dags/example_sensors.py for tasks to queue
[2024-05-24T00:36:05.930+0000] {logging_mixin.py:188} INFO - [2024-05-24T00:36:05.930+0000] {dagbag.py:545} INFO - Filling up the DagBag from /home/airflow/.local/lib/python3.12/site-packages/airflow/example_dags/example_sensors.py
[2024-05-24T00:36:05.933+0000] {processor.py:840} INFO - DAG(s) 'example_sensors' retrieved from /home/airflow/.local/lib/python3.12/site-packages/airflow/example_dags/example_sensors.py
[2024-05-24T00:36:05.943+0000] {logging_mixin.py:188} INFO - [2024-05-24T00:36:05.943+0000] {dag.py:3096} INFO - Sync 1 DAGs
[2024-05-24T00:36:05.948+0000] {logging_mixin.py:188} INFO - [2024-05-24T00:36:05.948+0000] {dag.py:3954} INFO - Setting next_dagrun for example_sensors to None, run_after=None
[2024-05-24T00:36:05.955+0000] {processor.py:183} INFO - Processing /home/airflow/.local/lib/python3.12/site-packages/airflow/example_dags/example_sensors.py took 0.029 seconds
[2024-05-24T00:36:36.773+0000] {processor.py:161} INFO - Started process (PID=2711) to work on /home/airflow/.local/lib/python3.12/site-packages/airflow/example_dags/example_sensors.py
[2024-05-24T00:36:36.774+0000] {processor.py:830} INFO - Processing file /home/airflow/.local/lib/python3.12/site-packages/airflow/example_dags/example_sensors.py for tasks to queue
[2024-05-24T00:36:36.774+0000] {logging_mixin.py:188} INFO - [2024-05-24T00:36:36.774+0000] {dagbag.py:545} INFO - Filling up the DagBag from /home/airflow/.local/lib/python3.12/site-packages/airflow/example_dags/example_sensors.py
[2024-05-24T00:36:36.778+0000] {processor.py:840} INFO - DAG(s) 'example_sensors' retrieved from /home/airflow/.local/lib/python3.12/site-packages/airflow/example_dags/example_sensors.py
[2024-05-24T00:36:36.793+0000] {logging_mixin.py:188} INFO - [2024-05-24T00:36:36.793+0000] {dag.py:3096} INFO - Sync 1 DAGs
[2024-05-24T00:36:36.801+0000] {logging_mixin.py:188} INFO - [2024-05-24T00:36:36.801+0000] {dag.py:3954} INFO - Setting next_dagrun for example_sensors to None, run_after=None
[2024-05-24T00:36:36.811+0000] {processor.py:183} INFO - Processing /home/airflow/.local/lib/python3.12/site-packages/airflow/example_dags/example_sensors.py took 0.040 seconds
[2024-05-24T00:37:07.336+0000] {processor.py:161} INFO - Started process (PID=2770) to work on /home/airflow/.local/lib/python3.12/site-packages/airflow/example_dags/example_sensors.py
[2024-05-24T00:37:07.337+0000] {processor.py:830} INFO - Processing file /home/airflow/.local/lib/python3.12/site-packages/airflow/example_dags/example_sensors.py for tasks to queue
[2024-05-24T00:37:07.337+0000] {logging_mixin.py:188} INFO - [2024-05-24T00:37:07.337+0000] {dagbag.py:545} INFO - Filling up the DagBag from /home/airflow/.local/lib/python3.12/site-packages/airflow/example_dags/example_sensors.py
[2024-05-24T00:37:07.343+0000] {processor.py:840} INFO - DAG(s) 'example_sensors' retrieved from /home/airflow/.local/lib/python3.12/site-packages/airflow/example_dags/example_sensors.py
[2024-05-24T00:37:07.362+0000] {logging_mixin.py:188} INFO - [2024-05-24T00:37:07.361+0000] {dag.py:3096} INFO - Sync 1 DAGs
[2024-05-24T00:37:07.368+0000] {logging_mixin.py:188} INFO - [2024-05-24T00:37:07.368+0000] {dag.py:3954} INFO - Setting next_dagrun for example_sensors to None, run_after=None
[2024-05-24T00:37:07.378+0000] {processor.py:183} INFO - Processing /home/airflow/.local/lib/python3.12/site-packages/airflow/example_dags/example_sensors.py took 0.045 seconds
[2024-05-24T00:37:38.089+0000] {processor.py:161} INFO - Started process (PID=2829) to work on /home/airflow/.local/lib/python3.12/site-packages/airflow/example_dags/example_sensors.py
[2024-05-24T00:37:38.089+0000] {processor.py:830} INFO - Processing file /home/airflow/.local/lib/python3.12/site-packages/airflow/example_dags/example_sensors.py for tasks to queue
[2024-05-24T00:37:38.089+0000] {logging_mixin.py:188} INFO - [2024-05-24T00:37:38.089+0000] {dagbag.py:545} INFO - Filling up the DagBag from /home/airflow/.local/lib/python3.12/site-packages/airflow/example_dags/example_sensors.py
[2024-05-24T00:37:38.093+0000] {processor.py:840} INFO - DAG(s) 'example_sensors' retrieved from /home/airflow/.local/lib/python3.12/site-packages/airflow/example_dags/example_sensors.py
[2024-05-24T00:37:38.103+0000] {logging_mixin.py:188} INFO - [2024-05-24T00:37:38.103+0000] {dag.py:3096} INFO - Sync 1 DAGs
[2024-05-24T00:37:38.108+0000] {logging_mixin.py:188} INFO - [2024-05-24T00:37:38.108+0000] {dag.py:3954} INFO - Setting next_dagrun for example_sensors to None, run_after=None
[2024-05-24T00:37:38.116+0000] {processor.py:183} INFO - Processing /home/airflow/.local/lib/python3.12/site-packages/airflow/example_dags/example_sensors.py took 0.030 seconds
[2024-05-24T00:38:08.700+0000] {processor.py:161} INFO - Started process (PID=2888) to work on /home/airflow/.local/lib/python3.12/site-packages/airflow/example_dags/example_sensors.py
[2024-05-24T00:38:08.701+0000] {processor.py:830} INFO - Processing file /home/airflow/.local/lib/python3.12/site-packages/airflow/example_dags/example_sensors.py for tasks to queue
[2024-05-24T00:38:08.701+0000] {logging_mixin.py:188} INFO - [2024-05-24T00:38:08.701+0000] {dagbag.py:545} INFO - Filling up the DagBag from /home/airflow/.local/lib/python3.12/site-packages/airflow/example_dags/example_sensors.py
[2024-05-24T00:38:08.705+0000] {processor.py:840} INFO - DAG(s) 'example_sensors' retrieved from /home/airflow/.local/lib/python3.12/site-packages/airflow/example_dags/example_sensors.py
[2024-05-24T00:38:08.731+0000] {logging_mixin.py:188} INFO - [2024-05-24T00:38:08.731+0000] {dag.py:3096} INFO - Sync 1 DAGs
[2024-05-24T00:38:08.740+0000] {logging_mixin.py:188} INFO - [2024-05-24T00:38:08.740+0000] {dag.py:3954} INFO - Setting next_dagrun for example_sensors to None, run_after=None
[2024-05-24T00:38:08.760+0000] {processor.py:183} INFO - Processing /home/airflow/.local/lib/python3.12/site-packages/airflow/example_dags/example_sensors.py took 0.062 seconds
[2024-05-24T00:38:39.329+0000] {processor.py:161} INFO - Started process (PID=2948) to work on /home/airflow/.local/lib/python3.12/site-packages/airflow/example_dags/example_sensors.py
[2024-05-24T00:38:39.330+0000] {processor.py:830} INFO - Processing file /home/airflow/.local/lib/python3.12/site-packages/airflow/example_dags/example_sensors.py for tasks to queue
[2024-05-24T00:38:39.330+0000] {logging_mixin.py:188} INFO - [2024-05-24T00:38:39.330+0000] {dagbag.py:545} INFO - Filling up the DagBag from /home/airflow/.local/lib/python3.12/site-packages/airflow/example_dags/example_sensors.py
[2024-05-24T00:38:39.335+0000] {processor.py:840} INFO - DAG(s) 'example_sensors' retrieved from /home/airflow/.local/lib/python3.12/site-packages/airflow/example_dags/example_sensors.py
[2024-05-24T00:38:39.354+0000] {logging_mixin.py:188} INFO - [2024-05-24T00:38:39.354+0000] {dag.py:3096} INFO - Sync 1 DAGs
[2024-05-24T00:38:39.360+0000] {logging_mixin.py:188} INFO - [2024-05-24T00:38:39.360+0000] {dag.py:3954} INFO - Setting next_dagrun for example_sensors to None, run_after=None
[2024-05-24T00:38:39.367+0000] {processor.py:183} INFO - Processing /home/airflow/.local/lib/python3.12/site-packages/airflow/example_dags/example_sensors.py took 0.042 seconds
[2024-05-24T00:39:09.911+0000] {processor.py:161} INFO - Started process (PID=3007) to work on /home/airflow/.local/lib/python3.12/site-packages/airflow/example_dags/example_sensors.py
[2024-05-24T00:39:09.912+0000] {processor.py:830} INFO - Processing file /home/airflow/.local/lib/python3.12/site-packages/airflow/example_dags/example_sensors.py for tasks to queue
[2024-05-24T00:39:09.912+0000] {logging_mixin.py:188} INFO - [2024-05-24T00:39:09.912+0000] {dagbag.py:545} INFO - Filling up the DagBag from /home/airflow/.local/lib/python3.12/site-packages/airflow/example_dags/example_sensors.py
[2024-05-24T00:39:09.917+0000] {processor.py:840} INFO - DAG(s) 'example_sensors' retrieved from /home/airflow/.local/lib/python3.12/site-packages/airflow/example_dags/example_sensors.py
[2024-05-24T00:39:09.922+0000] {logging_mixin.py:188} INFO - [2024-05-24T00:39:09.922+0000] {dag.py:3096} INFO - Sync 1 DAGs
[2024-05-24T00:39:09.928+0000] {logging_mixin.py:188} INFO - [2024-05-24T00:39:09.928+0000] {dag.py:3954} INFO - Setting next_dagrun for example_sensors to None, run_after=None
[2024-05-24T00:39:09.935+0000] {processor.py:183} INFO - Processing /home/airflow/.local/lib/python3.12/site-packages/airflow/example_dags/example_sensors.py took 0.027 seconds
[2024-05-24T00:39:40.292+0000] {processor.py:161} INFO - Started process (PID=3066) to work on /home/airflow/.local/lib/python3.12/site-packages/airflow/example_dags/example_sensors.py
[2024-05-24T00:39:40.293+0000] {processor.py:830} INFO - Processing file /home/airflow/.local/lib/python3.12/site-packages/airflow/example_dags/example_sensors.py for tasks to queue
[2024-05-24T00:39:40.293+0000] {logging_mixin.py:188} INFO - [2024-05-24T00:39:40.293+0000] {dagbag.py:545} INFO - Filling up the DagBag from /home/airflow/.local/lib/python3.12/site-packages/airflow/example_dags/example_sensors.py
[2024-05-24T00:39:40.297+0000] {processor.py:840} INFO - DAG(s) 'example_sensors' retrieved from /home/airflow/.local/lib/python3.12/site-packages/airflow/example_dags/example_sensors.py
[2024-05-24T00:39:40.304+0000] {logging_mixin.py:188} INFO - [2024-05-24T00:39:40.304+0000] {dag.py:3096} INFO - Sync 1 DAGs
[2024-05-24T00:39:40.311+0000] {logging_mixin.py:188} INFO - [2024-05-24T00:39:40.311+0000] {dag.py:3954} INFO - Setting next_dagrun for example_sensors to None, run_after=None
[2024-05-24T00:39:40.318+0000] {processor.py:183} INFO - Processing /home/airflow/.local/lib/python3.12/site-packages/airflow/example_dags/example_sensors.py took 0.029 seconds
[2024-05-24T00:40:11.052+0000] {processor.py:161} INFO - Started process (PID=3124) to work on /home/airflow/.local/lib/python3.12/site-packages/airflow/example_dags/example_sensors.py
[2024-05-24T00:40:11.052+0000] {processor.py:830} INFO - Processing file /home/airflow/.local/lib/python3.12/site-packages/airflow/example_dags/example_sensors.py for tasks to queue
[2024-05-24T00:40:11.052+0000] {logging_mixin.py:188} INFO - [2024-05-24T00:40:11.052+0000] {dagbag.py:545} INFO - Filling up the DagBag from /home/airflow/.local/lib/python3.12/site-packages/airflow/example_dags/example_sensors.py
[2024-05-24T00:40:11.057+0000] {processor.py:840} INFO - DAG(s) 'example_sensors' retrieved from /home/airflow/.local/lib/python3.12/site-packages/airflow/example_dags/example_sensors.py
[2024-05-24T00:40:11.100+0000] {logging_mixin.py:188} INFO - [2024-05-24T00:40:11.100+0000] {dag.py:3096} INFO - Sync 1 DAGs
[2024-05-24T00:40:11.105+0000] {logging_mixin.py:188} INFO - [2024-05-24T00:40:11.104+0000] {dag.py:3954} INFO - Setting next_dagrun for example_sensors to None, run_after=None
[2024-05-24T00:40:11.112+0000] {processor.py:183} INFO - Processing /home/airflow/.local/lib/python3.12/site-packages/airflow/example_dags/example_sensors.py took 0.066 seconds
