[2024-05-24T00:14:37.798+0000] {processor.py:161} INFO - Started process (PID=80) to work on /home/airflow/.local/lib/python3.12/site-packages/airflow/example_dags/example_skip_dag.py
[2024-05-24T00:14:37.799+0000] {processor.py:830} INFO - Processing file /home/airflow/.local/lib/python3.12/site-packages/airflow/example_dags/example_skip_dag.py for tasks to queue
[2024-05-24T00:14:37.800+0000] {logging_mixin.py:188} INFO - [2024-05-24T00:14:37.799+0000] {dagbag.py:545} INFO - Filling up the DagBag from /home/airflow/.local/lib/python3.12/site-packages/airflow/example_dags/example_skip_dag.py
[2024-05-24T00:14:37.803+0000] {processor.py:840} INFO - DAG(s) 'example_skip_dag' retrieved from /home/airflow/.local/lib/python3.12/site-packages/airflow/example_dags/example_skip_dag.py
[2024-05-24T00:14:37.808+0000] {logging_mixin.py:188} INFO - [2024-05-24T00:14:37.808+0000] {dag.py:3096} INFO - Sync 1 DAGs
[2024-05-24T00:14:37.818+0000] {logging_mixin.py:188} INFO - [2024-05-24T00:14:37.818+0000] {dag.py:3954} INFO - Setting next_dagrun for example_skip_dag to 2024-05-23 00:00:00+00:00, run_after=2024-05-24 00:00:00+00:00
[2024-05-24T00:14:37.825+0000] {processor.py:183} INFO - Processing /home/airflow/.local/lib/python3.12/site-packages/airflow/example_dags/example_skip_dag.py took 0.030 seconds
[2024-05-24T00:15:08.654+0000] {processor.py:161} INFO - Started process (PID=139) to work on /home/airflow/.local/lib/python3.12/site-packages/airflow/example_dags/example_skip_dag.py
[2024-05-24T00:15:08.655+0000] {processor.py:830} INFO - Processing file /home/airflow/.local/lib/python3.12/site-packages/airflow/example_dags/example_skip_dag.py for tasks to queue
[2024-05-24T00:15:08.655+0000] {logging_mixin.py:188} INFO - [2024-05-24T00:15:08.655+0000] {dagbag.py:545} INFO - Filling up the DagBag from /home/airflow/.local/lib/python3.12/site-packages/airflow/example_dags/example_skip_dag.py
[2024-05-24T00:15:08.658+0000] {processor.py:840} INFO - DAG(s) 'example_skip_dag' retrieved from /home/airflow/.local/lib/python3.12/site-packages/airflow/example_dags/example_skip_dag.py
[2024-05-24T00:15:08.709+0000] {logging_mixin.py:188} INFO - [2024-05-24T00:15:08.709+0000] {dag.py:3096} INFO - Sync 1 DAGs
[2024-05-24T00:15:08.719+0000] {logging_mixin.py:188} INFO - [2024-05-24T00:15:08.719+0000] {dag.py:3954} INFO - Setting next_dagrun for example_skip_dag to 2024-05-23 00:00:00+00:00, run_after=2024-05-24 00:00:00+00:00
[2024-05-24T00:15:08.728+0000] {processor.py:183} INFO - Processing /home/airflow/.local/lib/python3.12/site-packages/airflow/example_dags/example_skip_dag.py took 0.077 seconds
[2024-05-24T00:15:39.527+0000] {processor.py:161} INFO - Started process (PID=198) to work on /home/airflow/.local/lib/python3.12/site-packages/airflow/example_dags/example_skip_dag.py
[2024-05-24T00:15:39.528+0000] {processor.py:830} INFO - Processing file /home/airflow/.local/lib/python3.12/site-packages/airflow/example_dags/example_skip_dag.py for tasks to queue
[2024-05-24T00:15:39.529+0000] {logging_mixin.py:188} INFO - [2024-05-24T00:15:39.529+0000] {dagbag.py:545} INFO - Filling up the DagBag from /home/airflow/.local/lib/python3.12/site-packages/airflow/example_dags/example_skip_dag.py
[2024-05-24T00:15:39.533+0000] {processor.py:840} INFO - DAG(s) 'example_skip_dag' retrieved from /home/airflow/.local/lib/python3.12/site-packages/airflow/example_dags/example_skip_dag.py
[2024-05-24T00:15:39.542+0000] {logging_mixin.py:188} INFO - [2024-05-24T00:15:39.542+0000] {dag.py:3096} INFO - Sync 1 DAGs
[2024-05-24T00:15:39.551+0000] {logging_mixin.py:188} INFO - [2024-05-24T00:15:39.551+0000] {dag.py:3954} INFO - Setting next_dagrun for example_skip_dag to 2024-05-23 00:00:00+00:00, run_after=2024-05-24 00:00:00+00:00
[2024-05-24T00:15:39.557+0000] {processor.py:183} INFO - Processing /home/airflow/.local/lib/python3.12/site-packages/airflow/example_dags/example_skip_dag.py took 0.035 seconds
[2024-05-24T00:16:10.050+0000] {processor.py:161} INFO - Started process (PID=257) to work on /home/airflow/.local/lib/python3.12/site-packages/airflow/example_dags/example_skip_dag.py
[2024-05-24T00:16:10.050+0000] {processor.py:830} INFO - Processing file /home/airflow/.local/lib/python3.12/site-packages/airflow/example_dags/example_skip_dag.py for tasks to queue
[2024-05-24T00:16:10.051+0000] {logging_mixin.py:188} INFO - [2024-05-24T00:16:10.050+0000] {dagbag.py:545} INFO - Filling up the DagBag from /home/airflow/.local/lib/python3.12/site-packages/airflow/example_dags/example_skip_dag.py
[2024-05-24T00:16:10.053+0000] {processor.py:840} INFO - DAG(s) 'example_skip_dag' retrieved from /home/airflow/.local/lib/python3.12/site-packages/airflow/example_dags/example_skip_dag.py
[2024-05-24T00:16:10.067+0000] {logging_mixin.py:188} INFO - [2024-05-24T00:16:10.066+0000] {dag.py:3096} INFO - Sync 1 DAGs
[2024-05-24T00:16:10.076+0000] {logging_mixin.py:188} INFO - [2024-05-24T00:16:10.076+0000] {dag.py:3954} INFO - Setting next_dagrun for example_skip_dag to 2024-05-23 00:00:00+00:00, run_after=2024-05-24 00:00:00+00:00
[2024-05-24T00:16:10.082+0000] {processor.py:183} INFO - Processing /home/airflow/.local/lib/python3.12/site-packages/airflow/example_dags/example_skip_dag.py took 0.035 seconds
[2024-05-24T00:16:40.438+0000] {processor.py:161} INFO - Started process (PID=317) to work on /home/airflow/.local/lib/python3.12/site-packages/airflow/example_dags/example_skip_dag.py
[2024-05-24T00:16:40.439+0000] {processor.py:830} INFO - Processing file /home/airflow/.local/lib/python3.12/site-packages/airflow/example_dags/example_skip_dag.py for tasks to queue
[2024-05-24T00:16:40.439+0000] {logging_mixin.py:188} INFO - [2024-05-24T00:16:40.439+0000] {dagbag.py:545} INFO - Filling up the DagBag from /home/airflow/.local/lib/python3.12/site-packages/airflow/example_dags/example_skip_dag.py
[2024-05-24T00:16:40.442+0000] {processor.py:840} INFO - DAG(s) 'example_skip_dag' retrieved from /home/airflow/.local/lib/python3.12/site-packages/airflow/example_dags/example_skip_dag.py
[2024-05-24T00:16:40.459+0000] {logging_mixin.py:188} INFO - [2024-05-24T00:16:40.459+0000] {dag.py:3096} INFO - Sync 1 DAGs
[2024-05-24T00:16:40.485+0000] {logging_mixin.py:188} INFO - [2024-05-24T00:16:40.485+0000] {dag.py:3954} INFO - Setting next_dagrun for example_skip_dag to 2024-05-23 00:00:00+00:00, run_after=2024-05-24 00:00:00+00:00
[2024-05-24T00:16:40.499+0000] {processor.py:183} INFO - Processing /home/airflow/.local/lib/python3.12/site-packages/airflow/example_dags/example_skip_dag.py took 0.063 seconds
[2024-05-24T00:17:10.939+0000] {processor.py:161} INFO - Started process (PID=376) to work on /home/airflow/.local/lib/python3.12/site-packages/airflow/example_dags/example_skip_dag.py
[2024-05-24T00:17:10.940+0000] {processor.py:830} INFO - Processing file /home/airflow/.local/lib/python3.12/site-packages/airflow/example_dags/example_skip_dag.py for tasks to queue
[2024-05-24T00:17:10.940+0000] {logging_mixin.py:188} INFO - [2024-05-24T00:17:10.940+0000] {dagbag.py:545} INFO - Filling up the DagBag from /home/airflow/.local/lib/python3.12/site-packages/airflow/example_dags/example_skip_dag.py
[2024-05-24T00:17:10.943+0000] {processor.py:840} INFO - DAG(s) 'example_skip_dag' retrieved from /home/airflow/.local/lib/python3.12/site-packages/airflow/example_dags/example_skip_dag.py
[2024-05-24T00:17:10.951+0000] {logging_mixin.py:188} INFO - [2024-05-24T00:17:10.951+0000] {dag.py:3096} INFO - Sync 1 DAGs
[2024-05-24T00:17:10.960+0000] {logging_mixin.py:188} INFO - [2024-05-24T00:17:10.960+0000] {dag.py:3954} INFO - Setting next_dagrun for example_skip_dag to 2024-05-23 00:00:00+00:00, run_after=2024-05-24 00:00:00+00:00
[2024-05-24T00:17:10.967+0000] {processor.py:183} INFO - Processing /home/airflow/.local/lib/python3.12/site-packages/airflow/example_dags/example_skip_dag.py took 0.030 seconds
[2024-05-24T00:17:41.394+0000] {processor.py:161} INFO - Started process (PID=435) to work on /home/airflow/.local/lib/python3.12/site-packages/airflow/example_dags/example_skip_dag.py
[2024-05-24T00:17:41.394+0000] {processor.py:830} INFO - Processing file /home/airflow/.local/lib/python3.12/site-packages/airflow/example_dags/example_skip_dag.py for tasks to queue
[2024-05-24T00:17:41.395+0000] {logging_mixin.py:188} INFO - [2024-05-24T00:17:41.395+0000] {dagbag.py:545} INFO - Filling up the DagBag from /home/airflow/.local/lib/python3.12/site-packages/airflow/example_dags/example_skip_dag.py
[2024-05-24T00:17:41.398+0000] {processor.py:840} INFO - DAG(s) 'example_skip_dag' retrieved from /home/airflow/.local/lib/python3.12/site-packages/airflow/example_dags/example_skip_dag.py
[2024-05-24T00:17:41.417+0000] {logging_mixin.py:188} INFO - [2024-05-24T00:17:41.416+0000] {dag.py:3096} INFO - Sync 1 DAGs
[2024-05-24T00:17:41.430+0000] {logging_mixin.py:188} INFO - [2024-05-24T00:17:41.430+0000] {dag.py:3954} INFO - Setting next_dagrun for example_skip_dag to 2024-05-23 00:00:00+00:00, run_after=2024-05-24 00:00:00+00:00
[2024-05-24T00:17:41.441+0000] {processor.py:183} INFO - Processing /home/airflow/.local/lib/python3.12/site-packages/airflow/example_dags/example_skip_dag.py took 0.053 seconds
[2024-05-24T00:18:12.016+0000] {processor.py:161} INFO - Started process (PID=495) to work on /home/airflow/.local/lib/python3.12/site-packages/airflow/example_dags/example_skip_dag.py
[2024-05-24T00:18:12.016+0000] {processor.py:830} INFO - Processing file /home/airflow/.local/lib/python3.12/site-packages/airflow/example_dags/example_skip_dag.py for tasks to queue
[2024-05-24T00:18:12.017+0000] {logging_mixin.py:188} INFO - [2024-05-24T00:18:12.017+0000] {dagbag.py:545} INFO - Filling up the DagBag from /home/airflow/.local/lib/python3.12/site-packages/airflow/example_dags/example_skip_dag.py
[2024-05-24T00:18:12.019+0000] {processor.py:840} INFO - DAG(s) 'example_skip_dag' retrieved from /home/airflow/.local/lib/python3.12/site-packages/airflow/example_dags/example_skip_dag.py
[2024-05-24T00:18:12.041+0000] {logging_mixin.py:188} INFO - [2024-05-24T00:18:12.041+0000] {dag.py:3096} INFO - Sync 1 DAGs
[2024-05-24T00:18:12.055+0000] {logging_mixin.py:188} INFO - [2024-05-24T00:18:12.055+0000] {dag.py:3954} INFO - Setting next_dagrun for example_skip_dag to 2024-05-23 00:00:00+00:00, run_after=2024-05-24 00:00:00+00:00
[2024-05-24T00:18:12.065+0000] {processor.py:183} INFO - Processing /home/airflow/.local/lib/python3.12/site-packages/airflow/example_dags/example_skip_dag.py took 0.052 seconds
[2024-05-24T00:18:42.789+0000] {processor.py:161} INFO - Started process (PID=561) to work on /home/airflow/.local/lib/python3.12/site-packages/airflow/example_dags/example_skip_dag.py
[2024-05-24T00:18:42.789+0000] {processor.py:830} INFO - Processing file /home/airflow/.local/lib/python3.12/site-packages/airflow/example_dags/example_skip_dag.py for tasks to queue
[2024-05-24T00:18:42.790+0000] {logging_mixin.py:188} INFO - [2024-05-24T00:18:42.789+0000] {dagbag.py:545} INFO - Filling up the DagBag from /home/airflow/.local/lib/python3.12/site-packages/airflow/example_dags/example_skip_dag.py
[2024-05-24T00:18:42.792+0000] {processor.py:840} INFO - DAG(s) 'example_skip_dag' retrieved from /home/airflow/.local/lib/python3.12/site-packages/airflow/example_dags/example_skip_dag.py
[2024-05-24T00:18:42.805+0000] {logging_mixin.py:188} INFO - [2024-05-24T00:18:42.805+0000] {dag.py:3096} INFO - Sync 1 DAGs
[2024-05-24T00:18:42.820+0000] {logging_mixin.py:188} INFO - [2024-05-24T00:18:42.820+0000] {dag.py:3954} INFO - Setting next_dagrun for example_skip_dag to 2024-05-23 00:00:00+00:00, run_after=2024-05-24 00:00:00+00:00
[2024-05-24T00:18:42.831+0000] {processor.py:183} INFO - Processing /home/airflow/.local/lib/python3.12/site-packages/airflow/example_dags/example_skip_dag.py took 0.045 seconds
[2024-05-24T00:19:13.567+0000] {processor.py:161} INFO - Started process (PID=621) to work on /home/airflow/.local/lib/python3.12/site-packages/airflow/example_dags/example_skip_dag.py
[2024-05-24T00:19:13.567+0000] {processor.py:830} INFO - Processing file /home/airflow/.local/lib/python3.12/site-packages/airflow/example_dags/example_skip_dag.py for tasks to queue
[2024-05-24T00:19:13.568+0000] {logging_mixin.py:188} INFO - [2024-05-24T00:19:13.568+0000] {dagbag.py:545} INFO - Filling up the DagBag from /home/airflow/.local/lib/python3.12/site-packages/airflow/example_dags/example_skip_dag.py
[2024-05-24T00:19:13.573+0000] {processor.py:840} INFO - DAG(s) 'example_skip_dag' retrieved from /home/airflow/.local/lib/python3.12/site-packages/airflow/example_dags/example_skip_dag.py
[2024-05-24T00:19:13.586+0000] {logging_mixin.py:188} INFO - [2024-05-24T00:19:13.585+0000] {dag.py:3096} INFO - Sync 1 DAGs
[2024-05-24T00:19:13.599+0000] {logging_mixin.py:188} INFO - [2024-05-24T00:19:13.599+0000] {dag.py:3954} INFO - Setting next_dagrun for example_skip_dag to 2024-05-23 00:00:00+00:00, run_after=2024-05-24 00:00:00+00:00
[2024-05-24T00:19:13.609+0000] {processor.py:183} INFO - Processing /home/airflow/.local/lib/python3.12/site-packages/airflow/example_dags/example_skip_dag.py took 0.046 seconds
[2024-05-24T00:19:44.300+0000] {processor.py:161} INFO - Started process (PID=681) to work on /home/airflow/.local/lib/python3.12/site-packages/airflow/example_dags/example_skip_dag.py
[2024-05-24T00:19:44.301+0000] {processor.py:830} INFO - Processing file /home/airflow/.local/lib/python3.12/site-packages/airflow/example_dags/example_skip_dag.py for tasks to queue
[2024-05-24T00:19:44.302+0000] {logging_mixin.py:188} INFO - [2024-05-24T00:19:44.302+0000] {dagbag.py:545} INFO - Filling up the DagBag from /home/airflow/.local/lib/python3.12/site-packages/airflow/example_dags/example_skip_dag.py
[2024-05-24T00:19:44.306+0000] {processor.py:840} INFO - DAG(s) 'example_skip_dag' retrieved from /home/airflow/.local/lib/python3.12/site-packages/airflow/example_dags/example_skip_dag.py
[2024-05-24T00:19:44.318+0000] {logging_mixin.py:188} INFO - [2024-05-24T00:19:44.318+0000] {dag.py:3096} INFO - Sync 1 DAGs
[2024-05-24T00:19:44.332+0000] {logging_mixin.py:188} INFO - [2024-05-24T00:19:44.331+0000] {dag.py:3954} INFO - Setting next_dagrun for example_skip_dag to 2024-05-23 00:00:00+00:00, run_after=2024-05-24 00:00:00+00:00
[2024-05-24T00:19:44.343+0000] {processor.py:183} INFO - Processing /home/airflow/.local/lib/python3.12/site-packages/airflow/example_dags/example_skip_dag.py took 0.047 seconds
[2024-05-24T00:20:14.980+0000] {processor.py:161} INFO - Started process (PID=740) to work on /home/airflow/.local/lib/python3.12/site-packages/airflow/example_dags/example_skip_dag.py
[2024-05-24T00:20:14.981+0000] {processor.py:830} INFO - Processing file /home/airflow/.local/lib/python3.12/site-packages/airflow/example_dags/example_skip_dag.py for tasks to queue
[2024-05-24T00:20:14.981+0000] {logging_mixin.py:188} INFO - [2024-05-24T00:20:14.981+0000] {dagbag.py:545} INFO - Filling up the DagBag from /home/airflow/.local/lib/python3.12/site-packages/airflow/example_dags/example_skip_dag.py
[2024-05-24T00:20:14.984+0000] {processor.py:840} INFO - DAG(s) 'example_skip_dag' retrieved from /home/airflow/.local/lib/python3.12/site-packages/airflow/example_dags/example_skip_dag.py
[2024-05-24T00:20:14.992+0000] {logging_mixin.py:188} INFO - [2024-05-24T00:20:14.992+0000] {dag.py:3096} INFO - Sync 1 DAGs
[2024-05-24T00:20:15.001+0000] {logging_mixin.py:188} INFO - [2024-05-24T00:20:15.001+0000] {dag.py:3954} INFO - Setting next_dagrun for example_skip_dag to 2024-05-23 00:00:00+00:00, run_after=2024-05-24 00:00:00+00:00
[2024-05-24T00:20:15.007+0000] {processor.py:183} INFO - Processing /home/airflow/.local/lib/python3.12/site-packages/airflow/example_dags/example_skip_dag.py took 0.030 seconds
[2024-05-24T00:20:45.668+0000] {processor.py:161} INFO - Started process (PID=800) to work on /home/airflow/.local/lib/python3.12/site-packages/airflow/example_dags/example_skip_dag.py
[2024-05-24T00:20:45.668+0000] {processor.py:830} INFO - Processing file /home/airflow/.local/lib/python3.12/site-packages/airflow/example_dags/example_skip_dag.py for tasks to queue
[2024-05-24T00:20:45.669+0000] {logging_mixin.py:188} INFO - [2024-05-24T00:20:45.668+0000] {dagbag.py:545} INFO - Filling up the DagBag from /home/airflow/.local/lib/python3.12/site-packages/airflow/example_dags/example_skip_dag.py
[2024-05-24T00:20:45.671+0000] {processor.py:840} INFO - DAG(s) 'example_skip_dag' retrieved from /home/airflow/.local/lib/python3.12/site-packages/airflow/example_dags/example_skip_dag.py
[2024-05-24T00:20:45.684+0000] {logging_mixin.py:188} INFO - [2024-05-24T00:20:45.684+0000] {dag.py:3096} INFO - Sync 1 DAGs
[2024-05-24T00:20:45.701+0000] {logging_mixin.py:188} INFO - [2024-05-24T00:20:45.701+0000] {dag.py:3954} INFO - Setting next_dagrun for example_skip_dag to 2024-05-23 00:00:00+00:00, run_after=2024-05-24 00:00:00+00:00
[2024-05-24T00:20:45.722+0000] {processor.py:183} INFO - Processing /home/airflow/.local/lib/python3.12/site-packages/airflow/example_dags/example_skip_dag.py took 0.057 seconds
[2024-05-24T00:21:16.281+0000] {processor.py:161} INFO - Started process (PID=877) to work on /home/airflow/.local/lib/python3.12/site-packages/airflow/example_dags/example_skip_dag.py
[2024-05-24T00:21:16.281+0000] {processor.py:830} INFO - Processing file /home/airflow/.local/lib/python3.12/site-packages/airflow/example_dags/example_skip_dag.py for tasks to queue
[2024-05-24T00:21:16.282+0000] {logging_mixin.py:188} INFO - [2024-05-24T00:21:16.282+0000] {dagbag.py:545} INFO - Filling up the DagBag from /home/airflow/.local/lib/python3.12/site-packages/airflow/example_dags/example_skip_dag.py
[2024-05-24T00:21:16.284+0000] {processor.py:840} INFO - DAG(s) 'example_skip_dag' retrieved from /home/airflow/.local/lib/python3.12/site-packages/airflow/example_dags/example_skip_dag.py
[2024-05-24T00:21:16.295+0000] {logging_mixin.py:188} INFO - [2024-05-24T00:21:16.295+0000] {dag.py:3096} INFO - Sync 1 DAGs
[2024-05-24T00:21:16.308+0000] {logging_mixin.py:188} INFO - [2024-05-24T00:21:16.308+0000] {dag.py:3954} INFO - Setting next_dagrun for example_skip_dag to 2024-05-23 00:00:00+00:00, run_after=2024-05-24 00:00:00+00:00
[2024-05-24T00:21:16.315+0000] {processor.py:183} INFO - Processing /home/airflow/.local/lib/python3.12/site-packages/airflow/example_dags/example_skip_dag.py took 0.037 seconds
[2024-05-24T00:21:46.956+0000] {processor.py:161} INFO - Started process (PID=955) to work on /home/airflow/.local/lib/python3.12/site-packages/airflow/example_dags/example_skip_dag.py
[2024-05-24T00:21:46.957+0000] {processor.py:830} INFO - Processing file /home/airflow/.local/lib/python3.12/site-packages/airflow/example_dags/example_skip_dag.py for tasks to queue
[2024-05-24T00:21:46.958+0000] {logging_mixin.py:188} INFO - [2024-05-24T00:21:46.958+0000] {dagbag.py:545} INFO - Filling up the DagBag from /home/airflow/.local/lib/python3.12/site-packages/airflow/example_dags/example_skip_dag.py
[2024-05-24T00:21:46.962+0000] {processor.py:840} INFO - DAG(s) 'example_skip_dag' retrieved from /home/airflow/.local/lib/python3.12/site-packages/airflow/example_dags/example_skip_dag.py
[2024-05-24T00:21:46.987+0000] {logging_mixin.py:188} INFO - [2024-05-24T00:21:46.987+0000] {dag.py:3096} INFO - Sync 1 DAGs
[2024-05-24T00:21:47.000+0000] {logging_mixin.py:188} INFO - [2024-05-24T00:21:47.000+0000] {dag.py:3954} INFO - Setting next_dagrun for example_skip_dag to 2024-05-23 00:00:00+00:00, run_after=2024-05-24 00:00:00+00:00
[2024-05-24T00:21:47.007+0000] {processor.py:183} INFO - Processing /home/airflow/.local/lib/python3.12/site-packages/airflow/example_dags/example_skip_dag.py took 0.054 seconds
[2024-05-24T00:22:17.714+0000] {processor.py:161} INFO - Started process (PID=1015) to work on /home/airflow/.local/lib/python3.12/site-packages/airflow/example_dags/example_skip_dag.py
[2024-05-24T00:22:17.715+0000] {processor.py:830} INFO - Processing file /home/airflow/.local/lib/python3.12/site-packages/airflow/example_dags/example_skip_dag.py for tasks to queue
[2024-05-24T00:22:17.716+0000] {logging_mixin.py:188} INFO - [2024-05-24T00:22:17.716+0000] {dagbag.py:545} INFO - Filling up the DagBag from /home/airflow/.local/lib/python3.12/site-packages/airflow/example_dags/example_skip_dag.py
[2024-05-24T00:22:17.719+0000] {processor.py:840} INFO - DAG(s) 'example_skip_dag' retrieved from /home/airflow/.local/lib/python3.12/site-packages/airflow/example_dags/example_skip_dag.py
[2024-05-24T00:22:17.727+0000] {logging_mixin.py:188} INFO - [2024-05-24T00:22:17.727+0000] {dag.py:3096} INFO - Sync 1 DAGs
[2024-05-24T00:22:17.735+0000] {logging_mixin.py:188} INFO - [2024-05-24T00:22:17.735+0000] {dag.py:3954} INFO - Setting next_dagrun for example_skip_dag to 2024-05-23 00:00:00+00:00, run_after=2024-05-24 00:00:00+00:00
[2024-05-24T00:22:17.741+0000] {processor.py:183} INFO - Processing /home/airflow/.local/lib/python3.12/site-packages/airflow/example_dags/example_skip_dag.py took 0.031 seconds
[2024-05-24T00:22:47.847+0000] {processor.py:161} INFO - Started process (PID=1093) to work on /home/airflow/.local/lib/python3.12/site-packages/airflow/example_dags/example_skip_dag.py
[2024-05-24T00:22:47.848+0000] {processor.py:830} INFO - Processing file /home/airflow/.local/lib/python3.12/site-packages/airflow/example_dags/example_skip_dag.py for tasks to queue
[2024-05-24T00:22:47.849+0000] {logging_mixin.py:188} INFO - [2024-05-24T00:22:47.848+0000] {dagbag.py:545} INFO - Filling up the DagBag from /home/airflow/.local/lib/python3.12/site-packages/airflow/example_dags/example_skip_dag.py
[2024-05-24T00:22:47.851+0000] {processor.py:840} INFO - DAG(s) 'example_skip_dag' retrieved from /home/airflow/.local/lib/python3.12/site-packages/airflow/example_dags/example_skip_dag.py
[2024-05-24T00:22:47.862+0000] {logging_mixin.py:188} INFO - [2024-05-24T00:22:47.861+0000] {dag.py:3096} INFO - Sync 1 DAGs
[2024-05-24T00:22:47.875+0000] {logging_mixin.py:188} INFO - [2024-05-24T00:22:47.875+0000] {dag.py:3954} INFO - Setting next_dagrun for example_skip_dag to 2024-05-23 00:00:00+00:00, run_after=2024-05-24 00:00:00+00:00
[2024-05-24T00:22:47.886+0000] {processor.py:183} INFO - Processing /home/airflow/.local/lib/python3.12/site-packages/airflow/example_dags/example_skip_dag.py took 0.042 seconds
[2024-05-24T00:23:18.619+0000] {processor.py:161} INFO - Started process (PID=1153) to work on /home/airflow/.local/lib/python3.12/site-packages/airflow/example_dags/example_skip_dag.py
[2024-05-24T00:23:18.619+0000] {processor.py:830} INFO - Processing file /home/airflow/.local/lib/python3.12/site-packages/airflow/example_dags/example_skip_dag.py for tasks to queue
[2024-05-24T00:23:18.620+0000] {logging_mixin.py:188} INFO - [2024-05-24T00:23:18.620+0000] {dagbag.py:545} INFO - Filling up the DagBag from /home/airflow/.local/lib/python3.12/site-packages/airflow/example_dags/example_skip_dag.py
[2024-05-24T00:23:18.622+0000] {processor.py:840} INFO - DAG(s) 'example_skip_dag' retrieved from /home/airflow/.local/lib/python3.12/site-packages/airflow/example_dags/example_skip_dag.py
[2024-05-24T00:23:18.632+0000] {logging_mixin.py:188} INFO - [2024-05-24T00:23:18.632+0000] {dag.py:3096} INFO - Sync 1 DAGs
[2024-05-24T00:23:18.641+0000] {logging_mixin.py:188} INFO - [2024-05-24T00:23:18.641+0000] {dag.py:3954} INFO - Setting next_dagrun for example_skip_dag to 2024-05-23 00:00:00+00:00, run_after=2024-05-24 00:00:00+00:00
[2024-05-24T00:23:18.652+0000] {processor.py:183} INFO - Processing /home/airflow/.local/lib/python3.12/site-packages/airflow/example_dags/example_skip_dag.py took 0.036 seconds
[2024-05-24T00:23:49.436+0000] {processor.py:161} INFO - Started process (PID=1213) to work on /home/airflow/.local/lib/python3.12/site-packages/airflow/example_dags/example_skip_dag.py
[2024-05-24T00:23:49.436+0000] {processor.py:830} INFO - Processing file /home/airflow/.local/lib/python3.12/site-packages/airflow/example_dags/example_skip_dag.py for tasks to queue
[2024-05-24T00:23:49.437+0000] {logging_mixin.py:188} INFO - [2024-05-24T00:23:49.437+0000] {dagbag.py:545} INFO - Filling up the DagBag from /home/airflow/.local/lib/python3.12/site-packages/airflow/example_dags/example_skip_dag.py
[2024-05-24T00:23:49.439+0000] {processor.py:840} INFO - DAG(s) 'example_skip_dag' retrieved from /home/airflow/.local/lib/python3.12/site-packages/airflow/example_dags/example_skip_dag.py
[2024-05-24T00:23:49.447+0000] {logging_mixin.py:188} INFO - [2024-05-24T00:23:49.447+0000] {dag.py:3096} INFO - Sync 1 DAGs
[2024-05-24T00:23:49.456+0000] {logging_mixin.py:188} INFO - [2024-05-24T00:23:49.456+0000] {dag.py:3954} INFO - Setting next_dagrun for example_skip_dag to 2024-05-23 00:00:00+00:00, run_after=2024-05-24 00:00:00+00:00
[2024-05-24T00:23:49.465+0000] {processor.py:183} INFO - Processing /home/airflow/.local/lib/python3.12/site-packages/airflow/example_dags/example_skip_dag.py took 0.033 seconds
[2024-05-24T00:24:20.223+0000] {processor.py:161} INFO - Started process (PID=1273) to work on /home/airflow/.local/lib/python3.12/site-packages/airflow/example_dags/example_skip_dag.py
[2024-05-24T00:24:20.224+0000] {processor.py:830} INFO - Processing file /home/airflow/.local/lib/python3.12/site-packages/airflow/example_dags/example_skip_dag.py for tasks to queue
[2024-05-24T00:24:20.225+0000] {logging_mixin.py:188} INFO - [2024-05-24T00:24:20.225+0000] {dagbag.py:545} INFO - Filling up the DagBag from /home/airflow/.local/lib/python3.12/site-packages/airflow/example_dags/example_skip_dag.py
[2024-05-24T00:24:20.227+0000] {processor.py:840} INFO - DAG(s) 'example_skip_dag' retrieved from /home/airflow/.local/lib/python3.12/site-packages/airflow/example_dags/example_skip_dag.py
[2024-05-24T00:24:20.240+0000] {logging_mixin.py:188} INFO - [2024-05-24T00:24:20.240+0000] {dag.py:3096} INFO - Sync 1 DAGs
[2024-05-24T00:24:20.254+0000] {logging_mixin.py:188} INFO - [2024-05-24T00:24:20.254+0000] {dag.py:3954} INFO - Setting next_dagrun for example_skip_dag to 2024-05-23 00:00:00+00:00, run_after=2024-05-24 00:00:00+00:00
[2024-05-24T00:24:20.265+0000] {processor.py:183} INFO - Processing /home/airflow/.local/lib/python3.12/site-packages/airflow/example_dags/example_skip_dag.py took 0.045 seconds
[2024-05-24T00:24:50.967+0000] {processor.py:161} INFO - Started process (PID=1333) to work on /home/airflow/.local/lib/python3.12/site-packages/airflow/example_dags/example_skip_dag.py
[2024-05-24T00:24:50.967+0000] {processor.py:830} INFO - Processing file /home/airflow/.local/lib/python3.12/site-packages/airflow/example_dags/example_skip_dag.py for tasks to queue
[2024-05-24T00:24:50.968+0000] {logging_mixin.py:188} INFO - [2024-05-24T00:24:50.968+0000] {dagbag.py:545} INFO - Filling up the DagBag from /home/airflow/.local/lib/python3.12/site-packages/airflow/example_dags/example_skip_dag.py
[2024-05-24T00:24:50.972+0000] {processor.py:840} INFO - DAG(s) 'example_skip_dag' retrieved from /home/airflow/.local/lib/python3.12/site-packages/airflow/example_dags/example_skip_dag.py
[2024-05-24T00:24:50.981+0000] {logging_mixin.py:188} INFO - [2024-05-24T00:24:50.981+0000] {dag.py:3096} INFO - Sync 1 DAGs
[2024-05-24T00:24:50.990+0000] {logging_mixin.py:188} INFO - [2024-05-24T00:24:50.990+0000] {dag.py:3954} INFO - Setting next_dagrun for example_skip_dag to 2024-05-23 00:00:00+00:00, run_after=2024-05-24 00:00:00+00:00
[2024-05-24T00:24:50.997+0000] {processor.py:183} INFO - Processing /home/airflow/.local/lib/python3.12/site-packages/airflow/example_dags/example_skip_dag.py took 0.038 seconds
[2024-05-24T00:25:21.692+0000] {processor.py:161} INFO - Started process (PID=1393) to work on /home/airflow/.local/lib/python3.12/site-packages/airflow/example_dags/example_skip_dag.py
[2024-05-24T00:25:21.692+0000] {processor.py:830} INFO - Processing file /home/airflow/.local/lib/python3.12/site-packages/airflow/example_dags/example_skip_dag.py for tasks to queue
[2024-05-24T00:25:21.693+0000] {logging_mixin.py:188} INFO - [2024-05-24T00:25:21.693+0000] {dagbag.py:545} INFO - Filling up the DagBag from /home/airflow/.local/lib/python3.12/site-packages/airflow/example_dags/example_skip_dag.py
[2024-05-24T00:25:21.695+0000] {processor.py:840} INFO - DAG(s) 'example_skip_dag' retrieved from /home/airflow/.local/lib/python3.12/site-packages/airflow/example_dags/example_skip_dag.py
[2024-05-24T00:25:21.707+0000] {logging_mixin.py:188} INFO - [2024-05-24T00:25:21.707+0000] {dag.py:3096} INFO - Sync 1 DAGs
[2024-05-24T00:25:21.718+0000] {logging_mixin.py:188} INFO - [2024-05-24T00:25:21.718+0000] {dag.py:3954} INFO - Setting next_dagrun for example_skip_dag to 2024-05-23 00:00:00+00:00, run_after=2024-05-24 00:00:00+00:00
[2024-05-24T00:25:21.725+0000] {processor.py:183} INFO - Processing /home/airflow/.local/lib/python3.12/site-packages/airflow/example_dags/example_skip_dag.py took 0.037 seconds
[2024-05-24T00:25:52.311+0000] {processor.py:161} INFO - Started process (PID=1453) to work on /home/airflow/.local/lib/python3.12/site-packages/airflow/example_dags/example_skip_dag.py
[2024-05-24T00:25:52.312+0000] {processor.py:830} INFO - Processing file /home/airflow/.local/lib/python3.12/site-packages/airflow/example_dags/example_skip_dag.py for tasks to queue
[2024-05-24T00:25:52.312+0000] {logging_mixin.py:188} INFO - [2024-05-24T00:25:52.312+0000] {dagbag.py:545} INFO - Filling up the DagBag from /home/airflow/.local/lib/python3.12/site-packages/airflow/example_dags/example_skip_dag.py
[2024-05-24T00:25:52.315+0000] {processor.py:840} INFO - DAG(s) 'example_skip_dag' retrieved from /home/airflow/.local/lib/python3.12/site-packages/airflow/example_dags/example_skip_dag.py
[2024-05-24T00:25:52.330+0000] {logging_mixin.py:188} INFO - [2024-05-24T00:25:52.330+0000] {dag.py:3096} INFO - Sync 1 DAGs
[2024-05-24T00:25:52.349+0000] {logging_mixin.py:188} INFO - [2024-05-24T00:25:52.349+0000] {dag.py:3954} INFO - Setting next_dagrun for example_skip_dag to 2024-05-23 00:00:00+00:00, run_after=2024-05-24 00:00:00+00:00
[2024-05-24T00:25:52.359+0000] {processor.py:183} INFO - Processing /home/airflow/.local/lib/python3.12/site-packages/airflow/example_dags/example_skip_dag.py took 0.051 seconds
[2024-05-24T00:26:22.982+0000] {processor.py:161} INFO - Started process (PID=1513) to work on /home/airflow/.local/lib/python3.12/site-packages/airflow/example_dags/example_skip_dag.py
[2024-05-24T00:26:22.982+0000] {processor.py:830} INFO - Processing file /home/airflow/.local/lib/python3.12/site-packages/airflow/example_dags/example_skip_dag.py for tasks to queue
[2024-05-24T00:26:22.983+0000] {logging_mixin.py:188} INFO - [2024-05-24T00:26:22.983+0000] {dagbag.py:545} INFO - Filling up the DagBag from /home/airflow/.local/lib/python3.12/site-packages/airflow/example_dags/example_skip_dag.py
[2024-05-24T00:26:22.986+0000] {processor.py:840} INFO - DAG(s) 'example_skip_dag' retrieved from /home/airflow/.local/lib/python3.12/site-packages/airflow/example_dags/example_skip_dag.py
[2024-05-24T00:26:22.997+0000] {logging_mixin.py:188} INFO - [2024-05-24T00:26:22.997+0000] {dag.py:3096} INFO - Sync 1 DAGs
[2024-05-24T00:26:23.008+0000] {logging_mixin.py:188} INFO - [2024-05-24T00:26:23.008+0000] {dag.py:3954} INFO - Setting next_dagrun for example_skip_dag to 2024-05-23 00:00:00+00:00, run_after=2024-05-24 00:00:00+00:00
[2024-05-24T00:26:23.019+0000] {processor.py:183} INFO - Processing /home/airflow/.local/lib/python3.12/site-packages/airflow/example_dags/example_skip_dag.py took 0.041 seconds
[2024-05-24T00:26:53.758+0000] {processor.py:161} INFO - Started process (PID=1574) to work on /home/airflow/.local/lib/python3.12/site-packages/airflow/example_dags/example_skip_dag.py
[2024-05-24T00:26:53.759+0000] {processor.py:830} INFO - Processing file /home/airflow/.local/lib/python3.12/site-packages/airflow/example_dags/example_skip_dag.py for tasks to queue
[2024-05-24T00:26:53.760+0000] {logging_mixin.py:188} INFO - [2024-05-24T00:26:53.760+0000] {dagbag.py:545} INFO - Filling up the DagBag from /home/airflow/.local/lib/python3.12/site-packages/airflow/example_dags/example_skip_dag.py
[2024-05-24T00:26:53.763+0000] {processor.py:840} INFO - DAG(s) 'example_skip_dag' retrieved from /home/airflow/.local/lib/python3.12/site-packages/airflow/example_dags/example_skip_dag.py
[2024-05-24T00:26:53.776+0000] {logging_mixin.py:188} INFO - [2024-05-24T00:26:53.776+0000] {dag.py:3096} INFO - Sync 1 DAGs
[2024-05-24T00:26:53.790+0000] {logging_mixin.py:188} INFO - [2024-05-24T00:26:53.790+0000] {dag.py:3954} INFO - Setting next_dagrun for example_skip_dag to 2024-05-23 00:00:00+00:00, run_after=2024-05-24 00:00:00+00:00
[2024-05-24T00:26:53.801+0000] {processor.py:183} INFO - Processing /home/airflow/.local/lib/python3.12/site-packages/airflow/example_dags/example_skip_dag.py took 0.049 seconds
[2024-05-24T00:27:24.430+0000] {processor.py:161} INFO - Started process (PID=1634) to work on /home/airflow/.local/lib/python3.12/site-packages/airflow/example_dags/example_skip_dag.py
[2024-05-24T00:27:24.431+0000] {processor.py:830} INFO - Processing file /home/airflow/.local/lib/python3.12/site-packages/airflow/example_dags/example_skip_dag.py for tasks to queue
[2024-05-24T00:27:24.432+0000] {logging_mixin.py:188} INFO - [2024-05-24T00:27:24.432+0000] {dagbag.py:545} INFO - Filling up the DagBag from /home/airflow/.local/lib/python3.12/site-packages/airflow/example_dags/example_skip_dag.py
[2024-05-24T00:27:24.435+0000] {processor.py:840} INFO - DAG(s) 'example_skip_dag' retrieved from /home/airflow/.local/lib/python3.12/site-packages/airflow/example_dags/example_skip_dag.py
[2024-05-24T00:27:24.443+0000] {logging_mixin.py:188} INFO - [2024-05-24T00:27:24.443+0000] {dag.py:3096} INFO - Sync 1 DAGs
[2024-05-24T00:27:24.451+0000] {logging_mixin.py:188} INFO - [2024-05-24T00:27:24.451+0000] {dag.py:3954} INFO - Setting next_dagrun for example_skip_dag to 2024-05-23 00:00:00+00:00, run_after=2024-05-24 00:00:00+00:00
[2024-05-24T00:27:24.457+0000] {processor.py:183} INFO - Processing /home/airflow/.local/lib/python3.12/site-packages/airflow/example_dags/example_skip_dag.py took 0.031 seconds
[2024-05-24T00:27:55.215+0000] {processor.py:161} INFO - Started process (PID=1694) to work on /home/airflow/.local/lib/python3.12/site-packages/airflow/example_dags/example_skip_dag.py
[2024-05-24T00:27:55.215+0000] {processor.py:830} INFO - Processing file /home/airflow/.local/lib/python3.12/site-packages/airflow/example_dags/example_skip_dag.py for tasks to queue
[2024-05-24T00:27:55.216+0000] {logging_mixin.py:188} INFO - [2024-05-24T00:27:55.216+0000] {dagbag.py:545} INFO - Filling up the DagBag from /home/airflow/.local/lib/python3.12/site-packages/airflow/example_dags/example_skip_dag.py
[2024-05-24T00:27:55.218+0000] {processor.py:840} INFO - DAG(s) 'example_skip_dag' retrieved from /home/airflow/.local/lib/python3.12/site-packages/airflow/example_dags/example_skip_dag.py
[2024-05-24T00:27:55.242+0000] {logging_mixin.py:188} INFO - [2024-05-24T00:27:55.242+0000] {dag.py:3096} INFO - Sync 1 DAGs
[2024-05-24T00:27:55.258+0000] {logging_mixin.py:188} INFO - [2024-05-24T00:27:55.258+0000] {dag.py:3954} INFO - Setting next_dagrun for example_skip_dag to 2024-05-23 00:00:00+00:00, run_after=2024-05-24 00:00:00+00:00
[2024-05-24T00:27:55.269+0000] {processor.py:183} INFO - Processing /home/airflow/.local/lib/python3.12/site-packages/airflow/example_dags/example_skip_dag.py took 0.057 seconds
[2024-05-24T00:28:26.145+0000] {processor.py:161} INFO - Started process (PID=1754) to work on /home/airflow/.local/lib/python3.12/site-packages/airflow/example_dags/example_skip_dag.py
[2024-05-24T00:28:26.146+0000] {processor.py:830} INFO - Processing file /home/airflow/.local/lib/python3.12/site-packages/airflow/example_dags/example_skip_dag.py for tasks to queue
[2024-05-24T00:28:26.146+0000] {logging_mixin.py:188} INFO - [2024-05-24T00:28:26.146+0000] {dagbag.py:545} INFO - Filling up the DagBag from /home/airflow/.local/lib/python3.12/site-packages/airflow/example_dags/example_skip_dag.py
[2024-05-24T00:28:26.149+0000] {processor.py:840} INFO - DAG(s) 'example_skip_dag' retrieved from /home/airflow/.local/lib/python3.12/site-packages/airflow/example_dags/example_skip_dag.py
[2024-05-24T00:28:26.161+0000] {logging_mixin.py:188} INFO - [2024-05-24T00:28:26.160+0000] {dag.py:3096} INFO - Sync 1 DAGs
[2024-05-24T00:28:26.176+0000] {logging_mixin.py:188} INFO - [2024-05-24T00:28:26.176+0000] {dag.py:3954} INFO - Setting next_dagrun for example_skip_dag to 2024-05-23 00:00:00+00:00, run_after=2024-05-24 00:00:00+00:00
[2024-05-24T00:28:26.187+0000] {processor.py:183} INFO - Processing /home/airflow/.local/lib/python3.12/site-packages/airflow/example_dags/example_skip_dag.py took 0.045 seconds
[2024-05-24T00:28:56.913+0000] {processor.py:161} INFO - Started process (PID=1814) to work on /home/airflow/.local/lib/python3.12/site-packages/airflow/example_dags/example_skip_dag.py
[2024-05-24T00:28:56.913+0000] {processor.py:830} INFO - Processing file /home/airflow/.local/lib/python3.12/site-packages/airflow/example_dags/example_skip_dag.py for tasks to queue
[2024-05-24T00:28:56.914+0000] {logging_mixin.py:188} INFO - [2024-05-24T00:28:56.914+0000] {dagbag.py:545} INFO - Filling up the DagBag from /home/airflow/.local/lib/python3.12/site-packages/airflow/example_dags/example_skip_dag.py
[2024-05-24T00:28:56.917+0000] {processor.py:840} INFO - DAG(s) 'example_skip_dag' retrieved from /home/airflow/.local/lib/python3.12/site-packages/airflow/example_dags/example_skip_dag.py
[2024-05-24T00:28:56.930+0000] {logging_mixin.py:188} INFO - [2024-05-24T00:28:56.930+0000] {dag.py:3096} INFO - Sync 1 DAGs
[2024-05-24T00:28:56.950+0000] {logging_mixin.py:188} INFO - [2024-05-24T00:28:56.950+0000] {dag.py:3954} INFO - Setting next_dagrun for example_skip_dag to 2024-05-23 00:00:00+00:00, run_after=2024-05-24 00:00:00+00:00
[2024-05-24T00:28:56.961+0000] {processor.py:183} INFO - Processing /home/airflow/.local/lib/python3.12/site-packages/airflow/example_dags/example_skip_dag.py took 0.050 seconds
[2024-05-24T00:29:27.870+0000] {processor.py:161} INFO - Started process (PID=1874) to work on /home/airflow/.local/lib/python3.12/site-packages/airflow/example_dags/example_skip_dag.py
[2024-05-24T00:29:27.870+0000] {processor.py:830} INFO - Processing file /home/airflow/.local/lib/python3.12/site-packages/airflow/example_dags/example_skip_dag.py for tasks to queue
[2024-05-24T00:29:27.871+0000] {logging_mixin.py:188} INFO - [2024-05-24T00:29:27.871+0000] {dagbag.py:545} INFO - Filling up the DagBag from /home/airflow/.local/lib/python3.12/site-packages/airflow/example_dags/example_skip_dag.py
[2024-05-24T00:29:27.875+0000] {processor.py:840} INFO - DAG(s) 'example_skip_dag' retrieved from /home/airflow/.local/lib/python3.12/site-packages/airflow/example_dags/example_skip_dag.py
[2024-05-24T00:29:27.887+0000] {logging_mixin.py:188} INFO - [2024-05-24T00:29:27.887+0000] {dag.py:3096} INFO - Sync 1 DAGs
[2024-05-24T00:29:27.901+0000] {logging_mixin.py:188} INFO - [2024-05-24T00:29:27.901+0000] {dag.py:3954} INFO - Setting next_dagrun for example_skip_dag to 2024-05-23 00:00:00+00:00, run_after=2024-05-24 00:00:00+00:00
[2024-05-24T00:29:27.910+0000] {processor.py:183} INFO - Processing /home/airflow/.local/lib/python3.12/site-packages/airflow/example_dags/example_skip_dag.py took 0.044 seconds
[2024-05-24T00:29:58.905+0000] {processor.py:161} INFO - Started process (PID=1934) to work on /home/airflow/.local/lib/python3.12/site-packages/airflow/example_dags/example_skip_dag.py
[2024-05-24T00:29:58.905+0000] {processor.py:830} INFO - Processing file /home/airflow/.local/lib/python3.12/site-packages/airflow/example_dags/example_skip_dag.py for tasks to queue
[2024-05-24T00:29:58.906+0000] {logging_mixin.py:188} INFO - [2024-05-24T00:29:58.906+0000] {dagbag.py:545} INFO - Filling up the DagBag from /home/airflow/.local/lib/python3.12/site-packages/airflow/example_dags/example_skip_dag.py
[2024-05-24T00:29:58.908+0000] {processor.py:840} INFO - DAG(s) 'example_skip_dag' retrieved from /home/airflow/.local/lib/python3.12/site-packages/airflow/example_dags/example_skip_dag.py
[2024-05-24T00:29:58.922+0000] {logging_mixin.py:188} INFO - [2024-05-24T00:29:58.921+0000] {dag.py:3096} INFO - Sync 1 DAGs
[2024-05-24T00:29:58.937+0000] {logging_mixin.py:188} INFO - [2024-05-24T00:29:58.937+0000] {dag.py:3954} INFO - Setting next_dagrun for example_skip_dag to 2024-05-23 00:00:00+00:00, run_after=2024-05-24 00:00:00+00:00
[2024-05-24T00:29:58.944+0000] {processor.py:183} INFO - Processing /home/airflow/.local/lib/python3.12/site-packages/airflow/example_dags/example_skip_dag.py took 0.042 seconds
[2024-05-24T00:30:28.965+0000] {processor.py:161} INFO - Started process (PID=1994) to work on /home/airflow/.local/lib/python3.12/site-packages/airflow/example_dags/example_skip_dag.py
[2024-05-24T00:30:28.966+0000] {processor.py:830} INFO - Processing file /home/airflow/.local/lib/python3.12/site-packages/airflow/example_dags/example_skip_dag.py for tasks to queue
[2024-05-24T00:30:28.966+0000] {logging_mixin.py:188} INFO - [2024-05-24T00:30:28.966+0000] {dagbag.py:545} INFO - Filling up the DagBag from /home/airflow/.local/lib/python3.12/site-packages/airflow/example_dags/example_skip_dag.py
[2024-05-24T00:30:28.969+0000] {processor.py:840} INFO - DAG(s) 'example_skip_dag' retrieved from /home/airflow/.local/lib/python3.12/site-packages/airflow/example_dags/example_skip_dag.py
[2024-05-24T00:30:28.983+0000] {logging_mixin.py:188} INFO - [2024-05-24T00:30:28.983+0000] {dag.py:3096} INFO - Sync 1 DAGs
[2024-05-24T00:30:28.995+0000] {logging_mixin.py:188} INFO - [2024-05-24T00:30:28.995+0000] {dag.py:3954} INFO - Setting next_dagrun for example_skip_dag to 2024-05-23 00:00:00+00:00, run_after=2024-05-24 00:00:00+00:00
[2024-05-24T00:30:29.007+0000] {processor.py:183} INFO - Processing /home/airflow/.local/lib/python3.12/site-packages/airflow/example_dags/example_skip_dag.py took 0.045 seconds
[2024-05-24T00:30:59.709+0000] {processor.py:161} INFO - Started process (PID=2054) to work on /home/airflow/.local/lib/python3.12/site-packages/airflow/example_dags/example_skip_dag.py
[2024-05-24T00:30:59.709+0000] {processor.py:830} INFO - Processing file /home/airflow/.local/lib/python3.12/site-packages/airflow/example_dags/example_skip_dag.py for tasks to queue
[2024-05-24T00:30:59.710+0000] {logging_mixin.py:188} INFO - [2024-05-24T00:30:59.710+0000] {dagbag.py:545} INFO - Filling up the DagBag from /home/airflow/.local/lib/python3.12/site-packages/airflow/example_dags/example_skip_dag.py
[2024-05-24T00:30:59.714+0000] {processor.py:840} INFO - DAG(s) 'example_skip_dag' retrieved from /home/airflow/.local/lib/python3.12/site-packages/airflow/example_dags/example_skip_dag.py
[2024-05-24T00:30:59.725+0000] {logging_mixin.py:188} INFO - [2024-05-24T00:30:59.725+0000] {dag.py:3096} INFO - Sync 1 DAGs
[2024-05-24T00:30:59.740+0000] {logging_mixin.py:188} INFO - [2024-05-24T00:30:59.740+0000] {dag.py:3954} INFO - Setting next_dagrun for example_skip_dag to 2024-05-23 00:00:00+00:00, run_after=2024-05-24 00:00:00+00:00
[2024-05-24T00:30:59.753+0000] {processor.py:183} INFO - Processing /home/airflow/.local/lib/python3.12/site-packages/airflow/example_dags/example_skip_dag.py took 0.047 seconds
[2024-05-24T00:31:30.162+0000] {processor.py:161} INFO - Started process (PID=2114) to work on /home/airflow/.local/lib/python3.12/site-packages/airflow/example_dags/example_skip_dag.py
[2024-05-24T00:31:30.163+0000] {processor.py:830} INFO - Processing file /home/airflow/.local/lib/python3.12/site-packages/airflow/example_dags/example_skip_dag.py for tasks to queue
[2024-05-24T00:31:30.163+0000] {logging_mixin.py:188} INFO - [2024-05-24T00:31:30.163+0000] {dagbag.py:545} INFO - Filling up the DagBag from /home/airflow/.local/lib/python3.12/site-packages/airflow/example_dags/example_skip_dag.py
[2024-05-24T00:31:30.166+0000] {processor.py:840} INFO - DAG(s) 'example_skip_dag' retrieved from /home/airflow/.local/lib/python3.12/site-packages/airflow/example_dags/example_skip_dag.py
[2024-05-24T00:31:30.184+0000] {logging_mixin.py:188} INFO - [2024-05-24T00:31:30.184+0000] {dag.py:3096} INFO - Sync 1 DAGs
[2024-05-24T00:31:30.204+0000] {logging_mixin.py:188} INFO - [2024-05-24T00:31:30.203+0000] {dag.py:3954} INFO - Setting next_dagrun for example_skip_dag to 2024-05-23 00:00:00+00:00, run_after=2024-05-24 00:00:00+00:00
[2024-05-24T00:31:30.216+0000] {processor.py:183} INFO - Processing /home/airflow/.local/lib/python3.12/site-packages/airflow/example_dags/example_skip_dag.py took 0.056 seconds
[2024-05-24T00:32:00.657+0000] {processor.py:161} INFO - Started process (PID=2174) to work on /home/airflow/.local/lib/python3.12/site-packages/airflow/example_dags/example_skip_dag.py
[2024-05-24T00:32:00.657+0000] {processor.py:830} INFO - Processing file /home/airflow/.local/lib/python3.12/site-packages/airflow/example_dags/example_skip_dag.py for tasks to queue
[2024-05-24T00:32:00.658+0000] {logging_mixin.py:188} INFO - [2024-05-24T00:32:00.658+0000] {dagbag.py:545} INFO - Filling up the DagBag from /home/airflow/.local/lib/python3.12/site-packages/airflow/example_dags/example_skip_dag.py
[2024-05-24T00:32:00.662+0000] {processor.py:840} INFO - DAG(s) 'example_skip_dag' retrieved from /home/airflow/.local/lib/python3.12/site-packages/airflow/example_dags/example_skip_dag.py
[2024-05-24T00:32:00.673+0000] {logging_mixin.py:188} INFO - [2024-05-24T00:32:00.673+0000] {dag.py:3096} INFO - Sync 1 DAGs
[2024-05-24T00:32:00.741+0000] {logging_mixin.py:188} INFO - [2024-05-24T00:32:00.741+0000] {dag.py:3954} INFO - Setting next_dagrun for example_skip_dag to 2024-05-23 00:00:00+00:00, run_after=2024-05-24 00:00:00+00:00
[2024-05-24T00:32:00.748+0000] {processor.py:183} INFO - Processing /home/airflow/.local/lib/python3.12/site-packages/airflow/example_dags/example_skip_dag.py took 0.095 seconds
[2024-05-24T00:32:30.949+0000] {processor.py:161} INFO - Started process (PID=2234) to work on /home/airflow/.local/lib/python3.12/site-packages/airflow/example_dags/example_skip_dag.py
[2024-05-24T00:32:30.950+0000] {processor.py:830} INFO - Processing file /home/airflow/.local/lib/python3.12/site-packages/airflow/example_dags/example_skip_dag.py for tasks to queue
[2024-05-24T00:32:30.951+0000] {logging_mixin.py:188} INFO - [2024-05-24T00:32:30.950+0000] {dagbag.py:545} INFO - Filling up the DagBag from /home/airflow/.local/lib/python3.12/site-packages/airflow/example_dags/example_skip_dag.py
[2024-05-24T00:32:30.955+0000] {processor.py:840} INFO - DAG(s) 'example_skip_dag' retrieved from /home/airflow/.local/lib/python3.12/site-packages/airflow/example_dags/example_skip_dag.py
[2024-05-24T00:32:30.970+0000] {logging_mixin.py:188} INFO - [2024-05-24T00:32:30.970+0000] {dag.py:3096} INFO - Sync 1 DAGs
[2024-05-24T00:32:30.991+0000] {logging_mixin.py:188} INFO - [2024-05-24T00:32:30.991+0000] {dag.py:3954} INFO - Setting next_dagrun for example_skip_dag to 2024-05-23 00:00:00+00:00, run_after=2024-05-24 00:00:00+00:00
[2024-05-24T00:32:31.000+0000] {processor.py:183} INFO - Processing /home/airflow/.local/lib/python3.12/site-packages/airflow/example_dags/example_skip_dag.py took 0.054 seconds
[2024-05-24T00:33:01.656+0000] {processor.py:161} INFO - Started process (PID=2294) to work on /home/airflow/.local/lib/python3.12/site-packages/airflow/example_dags/example_skip_dag.py
[2024-05-24T00:33:01.656+0000] {processor.py:830} INFO - Processing file /home/airflow/.local/lib/python3.12/site-packages/airflow/example_dags/example_skip_dag.py for tasks to queue
[2024-05-24T00:33:01.657+0000] {logging_mixin.py:188} INFO - [2024-05-24T00:33:01.657+0000] {dagbag.py:545} INFO - Filling up the DagBag from /home/airflow/.local/lib/python3.12/site-packages/airflow/example_dags/example_skip_dag.py
[2024-05-24T00:33:01.660+0000] {processor.py:840} INFO - DAG(s) 'example_skip_dag' retrieved from /home/airflow/.local/lib/python3.12/site-packages/airflow/example_dags/example_skip_dag.py
[2024-05-24T00:33:01.674+0000] {logging_mixin.py:188} INFO - [2024-05-24T00:33:01.674+0000] {dag.py:3096} INFO - Sync 1 DAGs
[2024-05-24T00:33:01.683+0000] {logging_mixin.py:188} INFO - [2024-05-24T00:33:01.683+0000] {dag.py:3954} INFO - Setting next_dagrun for example_skip_dag to 2024-05-23 00:00:00+00:00, run_after=2024-05-24 00:00:00+00:00
[2024-05-24T00:33:01.690+0000] {processor.py:183} INFO - Processing /home/airflow/.local/lib/python3.12/site-packages/airflow/example_dags/example_skip_dag.py took 0.036 seconds
[2024-05-24T00:33:32.398+0000] {processor.py:161} INFO - Started process (PID=2360) to work on /home/airflow/.local/lib/python3.12/site-packages/airflow/example_dags/example_skip_dag.py
[2024-05-24T00:33:32.399+0000] {processor.py:830} INFO - Processing file /home/airflow/.local/lib/python3.12/site-packages/airflow/example_dags/example_skip_dag.py for tasks to queue
[2024-05-24T00:33:32.399+0000] {logging_mixin.py:188} INFO - [2024-05-24T00:33:32.399+0000] {dagbag.py:545} INFO - Filling up the DagBag from /home/airflow/.local/lib/python3.12/site-packages/airflow/example_dags/example_skip_dag.py
[2024-05-24T00:33:32.402+0000] {processor.py:840} INFO - DAG(s) 'example_skip_dag' retrieved from /home/airflow/.local/lib/python3.12/site-packages/airflow/example_dags/example_skip_dag.py
[2024-05-24T00:33:32.413+0000] {logging_mixin.py:188} INFO - [2024-05-24T00:33:32.413+0000] {dag.py:3096} INFO - Sync 1 DAGs
[2024-05-24T00:33:32.423+0000] {logging_mixin.py:188} INFO - [2024-05-24T00:33:32.422+0000] {dag.py:3954} INFO - Setting next_dagrun for example_skip_dag to 2024-05-23 00:00:00+00:00, run_after=2024-05-24 00:00:00+00:00
[2024-05-24T00:33:32.430+0000] {processor.py:183} INFO - Processing /home/airflow/.local/lib/python3.12/site-packages/airflow/example_dags/example_skip_dag.py took 0.035 seconds
[2024-05-24T00:34:03.268+0000] {processor.py:161} INFO - Started process (PID=2420) to work on /home/airflow/.local/lib/python3.12/site-packages/airflow/example_dags/example_skip_dag.py
[2024-05-24T00:34:03.268+0000] {processor.py:830} INFO - Processing file /home/airflow/.local/lib/python3.12/site-packages/airflow/example_dags/example_skip_dag.py for tasks to queue
[2024-05-24T00:34:03.270+0000] {logging_mixin.py:188} INFO - [2024-05-24T00:34:03.270+0000] {dagbag.py:545} INFO - Filling up the DagBag from /home/airflow/.local/lib/python3.12/site-packages/airflow/example_dags/example_skip_dag.py
[2024-05-24T00:34:03.274+0000] {processor.py:840} INFO - DAG(s) 'example_skip_dag' retrieved from /home/airflow/.local/lib/python3.12/site-packages/airflow/example_dags/example_skip_dag.py
[2024-05-24T00:34:03.290+0000] {logging_mixin.py:188} INFO - [2024-05-24T00:34:03.289+0000] {dag.py:3096} INFO - Sync 1 DAGs
[2024-05-24T00:34:03.309+0000] {logging_mixin.py:188} INFO - [2024-05-24T00:34:03.309+0000] {dag.py:3954} INFO - Setting next_dagrun for example_skip_dag to 2024-05-23 00:00:00+00:00, run_after=2024-05-24 00:00:00+00:00
[2024-05-24T00:34:03.320+0000] {processor.py:183} INFO - Processing /home/airflow/.local/lib/python3.12/site-packages/airflow/example_dags/example_skip_dag.py took 0.055 seconds
[2024-05-24T00:34:33.928+0000] {processor.py:161} INFO - Started process (PID=2480) to work on /home/airflow/.local/lib/python3.12/site-packages/airflow/example_dags/example_skip_dag.py
[2024-05-24T00:34:33.929+0000] {processor.py:830} INFO - Processing file /home/airflow/.local/lib/python3.12/site-packages/airflow/example_dags/example_skip_dag.py for tasks to queue
[2024-05-24T00:34:33.929+0000] {logging_mixin.py:188} INFO - [2024-05-24T00:34:33.929+0000] {dagbag.py:545} INFO - Filling up the DagBag from /home/airflow/.local/lib/python3.12/site-packages/airflow/example_dags/example_skip_dag.py
[2024-05-24T00:34:33.932+0000] {processor.py:840} INFO - DAG(s) 'example_skip_dag' retrieved from /home/airflow/.local/lib/python3.12/site-packages/airflow/example_dags/example_skip_dag.py
[2024-05-24T00:34:33.942+0000] {logging_mixin.py:188} INFO - [2024-05-24T00:34:33.942+0000] {dag.py:3096} INFO - Sync 1 DAGs
[2024-05-24T00:34:33.950+0000] {logging_mixin.py:188} INFO - [2024-05-24T00:34:33.950+0000] {dag.py:3954} INFO - Setting next_dagrun for example_skip_dag to 2024-05-23 00:00:00+00:00, run_after=2024-05-24 00:00:00+00:00
[2024-05-24T00:34:33.957+0000] {processor.py:183} INFO - Processing /home/airflow/.local/lib/python3.12/site-packages/airflow/example_dags/example_skip_dag.py took 0.031 seconds
[2024-05-24T00:35:04.764+0000] {processor.py:161} INFO - Started process (PID=2540) to work on /home/airflow/.local/lib/python3.12/site-packages/airflow/example_dags/example_skip_dag.py
[2024-05-24T00:35:04.765+0000] {processor.py:830} INFO - Processing file /home/airflow/.local/lib/python3.12/site-packages/airflow/example_dags/example_skip_dag.py for tasks to queue
[2024-05-24T00:35:04.766+0000] {logging_mixin.py:188} INFO - [2024-05-24T00:35:04.765+0000] {dagbag.py:545} INFO - Filling up the DagBag from /home/airflow/.local/lib/python3.12/site-packages/airflow/example_dags/example_skip_dag.py
[2024-05-24T00:35:04.769+0000] {processor.py:840} INFO - DAG(s) 'example_skip_dag' retrieved from /home/airflow/.local/lib/python3.12/site-packages/airflow/example_dags/example_skip_dag.py
[2024-05-24T00:35:04.778+0000] {logging_mixin.py:188} INFO - [2024-05-24T00:35:04.778+0000] {dag.py:3096} INFO - Sync 1 DAGs
[2024-05-24T00:35:04.788+0000] {logging_mixin.py:188} INFO - [2024-05-24T00:35:04.788+0000] {dag.py:3954} INFO - Setting next_dagrun for example_skip_dag to 2024-05-23 00:00:00+00:00, run_after=2024-05-24 00:00:00+00:00
[2024-05-24T00:35:04.795+0000] {processor.py:183} INFO - Processing /home/airflow/.local/lib/python3.12/site-packages/airflow/example_dags/example_skip_dag.py took 0.034 seconds
[2024-05-24T00:35:35.500+0000] {processor.py:161} INFO - Started process (PID=2600) to work on /home/airflow/.local/lib/python3.12/site-packages/airflow/example_dags/example_skip_dag.py
[2024-05-24T00:35:35.501+0000] {processor.py:830} INFO - Processing file /home/airflow/.local/lib/python3.12/site-packages/airflow/example_dags/example_skip_dag.py for tasks to queue
[2024-05-24T00:35:35.501+0000] {logging_mixin.py:188} INFO - [2024-05-24T00:35:35.501+0000] {dagbag.py:545} INFO - Filling up the DagBag from /home/airflow/.local/lib/python3.12/site-packages/airflow/example_dags/example_skip_dag.py
[2024-05-24T00:35:35.504+0000] {processor.py:840} INFO - DAG(s) 'example_skip_dag' retrieved from /home/airflow/.local/lib/python3.12/site-packages/airflow/example_dags/example_skip_dag.py
[2024-05-24T00:35:35.517+0000] {logging_mixin.py:188} INFO - [2024-05-24T00:35:35.517+0000] {dag.py:3096} INFO - Sync 1 DAGs
[2024-05-24T00:35:35.526+0000] {logging_mixin.py:188} INFO - [2024-05-24T00:35:35.526+0000] {dag.py:3954} INFO - Setting next_dagrun for example_skip_dag to 2024-05-23 00:00:00+00:00, run_after=2024-05-24 00:00:00+00:00
[2024-05-24T00:35:35.532+0000] {processor.py:183} INFO - Processing /home/airflow/.local/lib/python3.12/site-packages/airflow/example_dags/example_skip_dag.py took 0.035 seconds
[2024-05-24T00:36:06.117+0000] {processor.py:161} INFO - Started process (PID=2659) to work on /home/airflow/.local/lib/python3.12/site-packages/airflow/example_dags/example_skip_dag.py
[2024-05-24T00:36:06.117+0000] {processor.py:830} INFO - Processing file /home/airflow/.local/lib/python3.12/site-packages/airflow/example_dags/example_skip_dag.py for tasks to queue
[2024-05-24T00:36:06.118+0000] {logging_mixin.py:188} INFO - [2024-05-24T00:36:06.118+0000] {dagbag.py:545} INFO - Filling up the DagBag from /home/airflow/.local/lib/python3.12/site-packages/airflow/example_dags/example_skip_dag.py
[2024-05-24T00:36:06.122+0000] {processor.py:840} INFO - DAG(s) 'example_skip_dag' retrieved from /home/airflow/.local/lib/python3.12/site-packages/airflow/example_dags/example_skip_dag.py
[2024-05-24T00:36:06.132+0000] {logging_mixin.py:188} INFO - [2024-05-24T00:36:06.132+0000] {dag.py:3096} INFO - Sync 1 DAGs
[2024-05-24T00:36:06.141+0000] {logging_mixin.py:188} INFO - [2024-05-24T00:36:06.141+0000] {dag.py:3954} INFO - Setting next_dagrun for example_skip_dag to 2024-05-23 00:00:00+00:00, run_after=2024-05-24 00:00:00+00:00
[2024-05-24T00:36:06.148+0000] {processor.py:183} INFO - Processing /home/airflow/.local/lib/python3.12/site-packages/airflow/example_dags/example_skip_dag.py took 0.034 seconds
[2024-05-24T00:36:36.971+0000] {processor.py:161} INFO - Started process (PID=2718) to work on /home/airflow/.local/lib/python3.12/site-packages/airflow/example_dags/example_skip_dag.py
[2024-05-24T00:36:36.972+0000] {processor.py:830} INFO - Processing file /home/airflow/.local/lib/python3.12/site-packages/airflow/example_dags/example_skip_dag.py for tasks to queue
[2024-05-24T00:36:36.972+0000] {logging_mixin.py:188} INFO - [2024-05-24T00:36:36.972+0000] {dagbag.py:545} INFO - Filling up the DagBag from /home/airflow/.local/lib/python3.12/site-packages/airflow/example_dags/example_skip_dag.py
[2024-05-24T00:36:36.975+0000] {processor.py:840} INFO - DAG(s) 'example_skip_dag' retrieved from /home/airflow/.local/lib/python3.12/site-packages/airflow/example_dags/example_skip_dag.py
[2024-05-24T00:36:36.985+0000] {logging_mixin.py:188} INFO - [2024-05-24T00:36:36.985+0000] {dag.py:3096} INFO - Sync 1 DAGs
[2024-05-24T00:36:36.997+0000] {logging_mixin.py:188} INFO - [2024-05-24T00:36:36.997+0000] {dag.py:3954} INFO - Setting next_dagrun for example_skip_dag to 2024-05-23 00:00:00+00:00, run_after=2024-05-24 00:00:00+00:00
[2024-05-24T00:36:37.003+0000] {processor.py:183} INFO - Processing /home/airflow/.local/lib/python3.12/site-packages/airflow/example_dags/example_skip_dag.py took 0.035 seconds
[2024-05-24T00:37:07.571+0000] {processor.py:161} INFO - Started process (PID=2777) to work on /home/airflow/.local/lib/python3.12/site-packages/airflow/example_dags/example_skip_dag.py
[2024-05-24T00:37:07.571+0000] {processor.py:830} INFO - Processing file /home/airflow/.local/lib/python3.12/site-packages/airflow/example_dags/example_skip_dag.py for tasks to queue
[2024-05-24T00:37:07.572+0000] {logging_mixin.py:188} INFO - [2024-05-24T00:37:07.572+0000] {dagbag.py:545} INFO - Filling up the DagBag from /home/airflow/.local/lib/python3.12/site-packages/airflow/example_dags/example_skip_dag.py
[2024-05-24T00:37:07.574+0000] {processor.py:840} INFO - DAG(s) 'example_skip_dag' retrieved from /home/airflow/.local/lib/python3.12/site-packages/airflow/example_dags/example_skip_dag.py
[2024-05-24T00:37:07.587+0000] {logging_mixin.py:188} INFO - [2024-05-24T00:37:07.587+0000] {dag.py:3096} INFO - Sync 1 DAGs
[2024-05-24T00:37:07.605+0000] {logging_mixin.py:188} INFO - [2024-05-24T00:37:07.605+0000] {dag.py:3954} INFO - Setting next_dagrun for example_skip_dag to 2024-05-23 00:00:00+00:00, run_after=2024-05-24 00:00:00+00:00
[2024-05-24T00:37:07.619+0000] {processor.py:183} INFO - Processing /home/airflow/.local/lib/python3.12/site-packages/airflow/example_dags/example_skip_dag.py took 0.050 seconds
[2024-05-24T00:37:38.245+0000] {processor.py:161} INFO - Started process (PID=2836) to work on /home/airflow/.local/lib/python3.12/site-packages/airflow/example_dags/example_skip_dag.py
[2024-05-24T00:37:38.245+0000] {processor.py:830} INFO - Processing file /home/airflow/.local/lib/python3.12/site-packages/airflow/example_dags/example_skip_dag.py for tasks to queue
[2024-05-24T00:37:38.246+0000] {logging_mixin.py:188} INFO - [2024-05-24T00:37:38.245+0000] {dagbag.py:545} INFO - Filling up the DagBag from /home/airflow/.local/lib/python3.12/site-packages/airflow/example_dags/example_skip_dag.py
[2024-05-24T00:37:38.249+0000] {processor.py:840} INFO - DAG(s) 'example_skip_dag' retrieved from /home/airflow/.local/lib/python3.12/site-packages/airflow/example_dags/example_skip_dag.py
[2024-05-24T00:37:38.269+0000] {logging_mixin.py:188} INFO - [2024-05-24T00:37:38.269+0000] {dag.py:3096} INFO - Sync 1 DAGs
[2024-05-24T00:37:38.282+0000] {logging_mixin.py:188} INFO - [2024-05-24T00:37:38.282+0000] {dag.py:3954} INFO - Setting next_dagrun for example_skip_dag to 2024-05-23 00:00:00+00:00, run_after=2024-05-24 00:00:00+00:00
[2024-05-24T00:37:38.297+0000] {processor.py:183} INFO - Processing /home/airflow/.local/lib/python3.12/site-packages/airflow/example_dags/example_skip_dag.py took 0.056 seconds
[2024-05-24T00:38:08.917+0000] {processor.py:161} INFO - Started process (PID=2895) to work on /home/airflow/.local/lib/python3.12/site-packages/airflow/example_dags/example_skip_dag.py
[2024-05-24T00:38:08.917+0000] {processor.py:830} INFO - Processing file /home/airflow/.local/lib/python3.12/site-packages/airflow/example_dags/example_skip_dag.py for tasks to queue
[2024-05-24T00:38:08.918+0000] {logging_mixin.py:188} INFO - [2024-05-24T00:38:08.918+0000] {dagbag.py:545} INFO - Filling up the DagBag from /home/airflow/.local/lib/python3.12/site-packages/airflow/example_dags/example_skip_dag.py
[2024-05-24T00:38:08.921+0000] {processor.py:840} INFO - DAG(s) 'example_skip_dag' retrieved from /home/airflow/.local/lib/python3.12/site-packages/airflow/example_dags/example_skip_dag.py
[2024-05-24T00:38:08.938+0000] {logging_mixin.py:188} INFO - [2024-05-24T00:38:08.938+0000] {dag.py:3096} INFO - Sync 1 DAGs
[2024-05-24T00:38:08.951+0000] {logging_mixin.py:188} INFO - [2024-05-24T00:38:08.951+0000] {dag.py:3954} INFO - Setting next_dagrun for example_skip_dag to 2024-05-23 00:00:00+00:00, run_after=2024-05-24 00:00:00+00:00
[2024-05-24T00:38:08.964+0000] {processor.py:183} INFO - Processing /home/airflow/.local/lib/python3.12/site-packages/airflow/example_dags/example_skip_dag.py took 0.053 seconds
[2024-05-24T00:38:39.484+0000] {processor.py:161} INFO - Started process (PID=2955) to work on /home/airflow/.local/lib/python3.12/site-packages/airflow/example_dags/example_skip_dag.py
[2024-05-24T00:38:39.486+0000] {processor.py:830} INFO - Processing file /home/airflow/.local/lib/python3.12/site-packages/airflow/example_dags/example_skip_dag.py for tasks to queue
[2024-05-24T00:38:39.486+0000] {logging_mixin.py:188} INFO - [2024-05-24T00:38:39.486+0000] {dagbag.py:545} INFO - Filling up the DagBag from /home/airflow/.local/lib/python3.12/site-packages/airflow/example_dags/example_skip_dag.py
[2024-05-24T00:38:39.488+0000] {processor.py:840} INFO - DAG(s) 'example_skip_dag' retrieved from /home/airflow/.local/lib/python3.12/site-packages/airflow/example_dags/example_skip_dag.py
[2024-05-24T00:38:39.500+0000] {logging_mixin.py:188} INFO - [2024-05-24T00:38:39.500+0000] {dag.py:3096} INFO - Sync 1 DAGs
[2024-05-24T00:38:39.514+0000] {logging_mixin.py:188} INFO - [2024-05-24T00:38:39.514+0000] {dag.py:3954} INFO - Setting next_dagrun for example_skip_dag to 2024-05-23 00:00:00+00:00, run_after=2024-05-24 00:00:00+00:00
[2024-05-24T00:38:39.525+0000] {processor.py:183} INFO - Processing /home/airflow/.local/lib/python3.12/site-packages/airflow/example_dags/example_skip_dag.py took 0.044 seconds
[2024-05-24T00:39:10.039+0000] {processor.py:161} INFO - Started process (PID=3014) to work on /home/airflow/.local/lib/python3.12/site-packages/airflow/example_dags/example_skip_dag.py
[2024-05-24T00:39:10.040+0000] {processor.py:830} INFO - Processing file /home/airflow/.local/lib/python3.12/site-packages/airflow/example_dags/example_skip_dag.py for tasks to queue
[2024-05-24T00:39:10.040+0000] {logging_mixin.py:188} INFO - [2024-05-24T00:39:10.040+0000] {dagbag.py:545} INFO - Filling up the DagBag from /home/airflow/.local/lib/python3.12/site-packages/airflow/example_dags/example_skip_dag.py
[2024-05-24T00:39:10.044+0000] {processor.py:840} INFO - DAG(s) 'example_skip_dag' retrieved from /home/airflow/.local/lib/python3.12/site-packages/airflow/example_dags/example_skip_dag.py
[2024-05-24T00:39:10.050+0000] {logging_mixin.py:188} INFO - [2024-05-24T00:39:10.049+0000] {dag.py:3096} INFO - Sync 1 DAGs
[2024-05-24T00:39:10.061+0000] {logging_mixin.py:188} INFO - [2024-05-24T00:39:10.061+0000] {dag.py:3954} INFO - Setting next_dagrun for example_skip_dag to 2024-05-23 00:00:00+00:00, run_after=2024-05-24 00:00:00+00:00
[2024-05-24T00:39:10.068+0000] {processor.py:183} INFO - Processing /home/airflow/.local/lib/python3.12/site-packages/airflow/example_dags/example_skip_dag.py took 0.032 seconds
[2024-05-24T00:39:40.433+0000] {processor.py:161} INFO - Started process (PID=3073) to work on /home/airflow/.local/lib/python3.12/site-packages/airflow/example_dags/example_skip_dag.py
[2024-05-24T00:39:40.433+0000] {processor.py:830} INFO - Processing file /home/airflow/.local/lib/python3.12/site-packages/airflow/example_dags/example_skip_dag.py for tasks to queue
[2024-05-24T00:39:40.433+0000] {logging_mixin.py:188} INFO - [2024-05-24T00:39:40.433+0000] {dagbag.py:545} INFO - Filling up the DagBag from /home/airflow/.local/lib/python3.12/site-packages/airflow/example_dags/example_skip_dag.py
[2024-05-24T00:39:40.436+0000] {processor.py:840} INFO - DAG(s) 'example_skip_dag' retrieved from /home/airflow/.local/lib/python3.12/site-packages/airflow/example_dags/example_skip_dag.py
[2024-05-24T00:39:40.443+0000] {logging_mixin.py:188} INFO - [2024-05-24T00:39:40.443+0000] {dag.py:3096} INFO - Sync 1 DAGs
[2024-05-24T00:39:40.453+0000] {logging_mixin.py:188} INFO - [2024-05-24T00:39:40.453+0000] {dag.py:3954} INFO - Setting next_dagrun for example_skip_dag to 2024-05-23 00:00:00+00:00, run_after=2024-05-24 00:00:00+00:00
[2024-05-24T00:39:40.460+0000] {processor.py:183} INFO - Processing /home/airflow/.local/lib/python3.12/site-packages/airflow/example_dags/example_skip_dag.py took 0.029 seconds
[2024-05-24T00:40:11.428+0000] {processor.py:161} INFO - Started process (PID=3131) to work on /home/airflow/.local/lib/python3.12/site-packages/airflow/example_dags/example_skip_dag.py
[2024-05-24T00:40:11.428+0000] {processor.py:830} INFO - Processing file /home/airflow/.local/lib/python3.12/site-packages/airflow/example_dags/example_skip_dag.py for tasks to queue
[2024-05-24T00:40:11.429+0000] {logging_mixin.py:188} INFO - [2024-05-24T00:40:11.429+0000] {dagbag.py:545} INFO - Filling up the DagBag from /home/airflow/.local/lib/python3.12/site-packages/airflow/example_dags/example_skip_dag.py
[2024-05-24T00:40:11.433+0000] {processor.py:840} INFO - DAG(s) 'example_skip_dag' retrieved from /home/airflow/.local/lib/python3.12/site-packages/airflow/example_dags/example_skip_dag.py
[2024-05-24T00:40:11.489+0000] {logging_mixin.py:188} INFO - [2024-05-24T00:40:11.489+0000] {dag.py:3096} INFO - Sync 1 DAGs
[2024-05-24T00:40:11.502+0000] {logging_mixin.py:188} INFO - [2024-05-24T00:40:11.502+0000] {dag.py:3954} INFO - Setting next_dagrun for example_skip_dag to 2024-05-23 00:00:00+00:00, run_after=2024-05-24 00:00:00+00:00
[2024-05-24T00:40:11.513+0000] {processor.py:183} INFO - Processing /home/airflow/.local/lib/python3.12/site-packages/airflow/example_dags/example_skip_dag.py took 0.089 seconds
