[2024-05-24T00:14:37.835+0000] {processor.py:161} INFO - Started process (PID=82) to work on /home/airflow/.local/lib/python3.12/site-packages/airflow/example_dags/example_setup_teardown.py
[2024-05-24T00:14:37.835+0000] {processor.py:830} INFO - Processing file /home/airflow/.local/lib/python3.12/site-packages/airflow/example_dags/example_setup_teardown.py for tasks to queue
[2024-05-24T00:14:37.836+0000] {logging_mixin.py:188} INFO - [2024-05-24T00:14:37.836+0000] {dagbag.py:545} INFO - Filling up the DagBag from /home/airflow/.local/lib/python3.12/site-packages/airflow/example_dags/example_setup_teardown.py
[2024-05-24T00:14:37.839+0000] {processor.py:840} INFO - DAG(s) 'example_setup_teardown' retrieved from /home/airflow/.local/lib/python3.12/site-packages/airflow/example_dags/example_setup_teardown.py
[2024-05-24T00:14:37.846+0000] {logging_mixin.py:188} INFO - [2024-05-24T00:14:37.846+0000] {dag.py:3096} INFO - Sync 1 DAGs
[2024-05-24T00:14:37.861+0000] {logging_mixin.py:188} INFO - [2024-05-24T00:14:37.860+0000] {dag.py:3954} INFO - Setting next_dagrun for example_setup_teardown to 2024-05-23 00:00:00+00:00, run_after=2024-05-24 00:00:00+00:00
[2024-05-24T00:14:37.871+0000] {processor.py:183} INFO - Processing /home/airflow/.local/lib/python3.12/site-packages/airflow/example_dags/example_setup_teardown.py took 0.039 seconds
[2024-05-24T00:15:08.808+0000] {processor.py:161} INFO - Started process (PID=141) to work on /home/airflow/.local/lib/python3.12/site-packages/airflow/example_dags/example_setup_teardown.py
[2024-05-24T00:15:08.809+0000] {processor.py:830} INFO - Processing file /home/airflow/.local/lib/python3.12/site-packages/airflow/example_dags/example_setup_teardown.py for tasks to queue
[2024-05-24T00:15:08.809+0000] {logging_mixin.py:188} INFO - [2024-05-24T00:15:08.809+0000] {dagbag.py:545} INFO - Filling up the DagBag from /home/airflow/.local/lib/python3.12/site-packages/airflow/example_dags/example_setup_teardown.py
[2024-05-24T00:15:08.812+0000] {processor.py:840} INFO - DAG(s) 'example_setup_teardown' retrieved from /home/airflow/.local/lib/python3.12/site-packages/airflow/example_dags/example_setup_teardown.py
[2024-05-24T00:15:08.854+0000] {logging_mixin.py:188} INFO - [2024-05-24T00:15:08.854+0000] {dag.py:3096} INFO - Sync 1 DAGs
[2024-05-24T00:15:08.863+0000] {logging_mixin.py:188} INFO - [2024-05-24T00:15:08.863+0000] {dag.py:3954} INFO - Setting next_dagrun for example_setup_teardown to 2024-05-23 00:00:00+00:00, run_after=2024-05-24 00:00:00+00:00
[2024-05-24T00:15:08.870+0000] {processor.py:183} INFO - Processing /home/airflow/.local/lib/python3.12/site-packages/airflow/example_dags/example_setup_teardown.py took 0.064 seconds
[2024-05-24T00:15:39.567+0000] {processor.py:161} INFO - Started process (PID=200) to work on /home/airflow/.local/lib/python3.12/site-packages/airflow/example_dags/example_setup_teardown.py
[2024-05-24T00:15:39.567+0000] {processor.py:830} INFO - Processing file /home/airflow/.local/lib/python3.12/site-packages/airflow/example_dags/example_setup_teardown.py for tasks to queue
[2024-05-24T00:15:39.568+0000] {logging_mixin.py:188} INFO - [2024-05-24T00:15:39.568+0000] {dagbag.py:545} INFO - Filling up the DagBag from /home/airflow/.local/lib/python3.12/site-packages/airflow/example_dags/example_setup_teardown.py
[2024-05-24T00:15:39.570+0000] {processor.py:840} INFO - DAG(s) 'example_setup_teardown' retrieved from /home/airflow/.local/lib/python3.12/site-packages/airflow/example_dags/example_setup_teardown.py
[2024-05-24T00:15:39.579+0000] {logging_mixin.py:188} INFO - [2024-05-24T00:15:39.579+0000] {dag.py:3096} INFO - Sync 1 DAGs
[2024-05-24T00:15:39.588+0000] {logging_mixin.py:188} INFO - [2024-05-24T00:15:39.587+0000] {dag.py:3954} INFO - Setting next_dagrun for example_setup_teardown to 2024-05-23 00:00:00+00:00, run_after=2024-05-24 00:00:00+00:00
[2024-05-24T00:15:39.594+0000] {processor.py:183} INFO - Processing /home/airflow/.local/lib/python3.12/site-packages/airflow/example_dags/example_setup_teardown.py took 0.030 seconds
[2024-05-24T00:16:10.091+0000] {processor.py:161} INFO - Started process (PID=259) to work on /home/airflow/.local/lib/python3.12/site-packages/airflow/example_dags/example_setup_teardown.py
[2024-05-24T00:16:10.092+0000] {processor.py:830} INFO - Processing file /home/airflow/.local/lib/python3.12/site-packages/airflow/example_dags/example_setup_teardown.py for tasks to queue
[2024-05-24T00:16:10.092+0000] {logging_mixin.py:188} INFO - [2024-05-24T00:16:10.092+0000] {dagbag.py:545} INFO - Filling up the DagBag from /home/airflow/.local/lib/python3.12/site-packages/airflow/example_dags/example_setup_teardown.py
[2024-05-24T00:16:10.095+0000] {processor.py:840} INFO - DAG(s) 'example_setup_teardown' retrieved from /home/airflow/.local/lib/python3.12/site-packages/airflow/example_dags/example_setup_teardown.py
[2024-05-24T00:16:10.108+0000] {logging_mixin.py:188} INFO - [2024-05-24T00:16:10.108+0000] {dag.py:3096} INFO - Sync 1 DAGs
[2024-05-24T00:16:10.119+0000] {logging_mixin.py:188} INFO - [2024-05-24T00:16:10.118+0000] {dag.py:3954} INFO - Setting next_dagrun for example_setup_teardown to 2024-05-23 00:00:00+00:00, run_after=2024-05-24 00:00:00+00:00
[2024-05-24T00:16:10.126+0000] {processor.py:183} INFO - Processing /home/airflow/.local/lib/python3.12/site-packages/airflow/example_dags/example_setup_teardown.py took 0.037 seconds
[2024-05-24T00:16:40.511+0000] {processor.py:161} INFO - Started process (PID=319) to work on /home/airflow/.local/lib/python3.12/site-packages/airflow/example_dags/example_setup_teardown.py
[2024-05-24T00:16:40.511+0000] {processor.py:830} INFO - Processing file /home/airflow/.local/lib/python3.12/site-packages/airflow/example_dags/example_setup_teardown.py for tasks to queue
[2024-05-24T00:16:40.512+0000] {logging_mixin.py:188} INFO - [2024-05-24T00:16:40.512+0000] {dagbag.py:545} INFO - Filling up the DagBag from /home/airflow/.local/lib/python3.12/site-packages/airflow/example_dags/example_setup_teardown.py
[2024-05-24T00:16:40.517+0000] {processor.py:840} INFO - DAG(s) 'example_setup_teardown' retrieved from /home/airflow/.local/lib/python3.12/site-packages/airflow/example_dags/example_setup_teardown.py
[2024-05-24T00:16:40.529+0000] {logging_mixin.py:188} INFO - [2024-05-24T00:16:40.528+0000] {dag.py:3096} INFO - Sync 1 DAGs
[2024-05-24T00:16:40.539+0000] {logging_mixin.py:188} INFO - [2024-05-24T00:16:40.539+0000] {dag.py:3954} INFO - Setting next_dagrun for example_setup_teardown to 2024-05-23 00:00:00+00:00, run_after=2024-05-24 00:00:00+00:00
[2024-05-24T00:16:40.545+0000] {processor.py:183} INFO - Processing /home/airflow/.local/lib/python3.12/site-packages/airflow/example_dags/example_setup_teardown.py took 0.038 seconds
[2024-05-24T00:17:10.976+0000] {processor.py:161} INFO - Started process (PID=378) to work on /home/airflow/.local/lib/python3.12/site-packages/airflow/example_dags/example_setup_teardown.py
[2024-05-24T00:17:10.977+0000] {processor.py:830} INFO - Processing file /home/airflow/.local/lib/python3.12/site-packages/airflow/example_dags/example_setup_teardown.py for tasks to queue
[2024-05-24T00:17:10.977+0000] {logging_mixin.py:188} INFO - [2024-05-24T00:17:10.977+0000] {dagbag.py:545} INFO - Filling up the DagBag from /home/airflow/.local/lib/python3.12/site-packages/airflow/example_dags/example_setup_teardown.py
[2024-05-24T00:17:10.980+0000] {processor.py:840} INFO - DAG(s) 'example_setup_teardown' retrieved from /home/airflow/.local/lib/python3.12/site-packages/airflow/example_dags/example_setup_teardown.py
[2024-05-24T00:17:10.987+0000] {logging_mixin.py:188} INFO - [2024-05-24T00:17:10.987+0000] {dag.py:3096} INFO - Sync 1 DAGs
[2024-05-24T00:17:10.996+0000] {logging_mixin.py:188} INFO - [2024-05-24T00:17:10.996+0000] {dag.py:3954} INFO - Setting next_dagrun for example_setup_teardown to 2024-05-23 00:00:00+00:00, run_after=2024-05-24 00:00:00+00:00
[2024-05-24T00:17:11.003+0000] {processor.py:183} INFO - Processing /home/airflow/.local/lib/python3.12/site-packages/airflow/example_dags/example_setup_teardown.py took 0.029 seconds
[2024-05-24T00:17:41.452+0000] {processor.py:161} INFO - Started process (PID=437) to work on /home/airflow/.local/lib/python3.12/site-packages/airflow/example_dags/example_setup_teardown.py
[2024-05-24T00:17:41.452+0000] {processor.py:830} INFO - Processing file /home/airflow/.local/lib/python3.12/site-packages/airflow/example_dags/example_setup_teardown.py for tasks to queue
[2024-05-24T00:17:41.453+0000] {logging_mixin.py:188} INFO - [2024-05-24T00:17:41.453+0000] {dagbag.py:545} INFO - Filling up the DagBag from /home/airflow/.local/lib/python3.12/site-packages/airflow/example_dags/example_setup_teardown.py
[2024-05-24T00:17:41.457+0000] {processor.py:840} INFO - DAG(s) 'example_setup_teardown' retrieved from /home/airflow/.local/lib/python3.12/site-packages/airflow/example_dags/example_setup_teardown.py
[2024-05-24T00:17:41.469+0000] {logging_mixin.py:188} INFO - [2024-05-24T00:17:41.469+0000] {dag.py:3096} INFO - Sync 1 DAGs
[2024-05-24T00:17:41.478+0000] {logging_mixin.py:188} INFO - [2024-05-24T00:17:41.478+0000] {dag.py:3954} INFO - Setting next_dagrun for example_setup_teardown to 2024-05-23 00:00:00+00:00, run_after=2024-05-24 00:00:00+00:00
[2024-05-24T00:17:41.485+0000] {processor.py:183} INFO - Processing /home/airflow/.local/lib/python3.12/site-packages/airflow/example_dags/example_setup_teardown.py took 0.036 seconds
[2024-05-24T00:18:12.075+0000] {processor.py:161} INFO - Started process (PID=497) to work on /home/airflow/.local/lib/python3.12/site-packages/airflow/example_dags/example_setup_teardown.py
[2024-05-24T00:18:12.075+0000] {processor.py:830} INFO - Processing file /home/airflow/.local/lib/python3.12/site-packages/airflow/example_dags/example_setup_teardown.py for tasks to queue
[2024-05-24T00:18:12.076+0000] {logging_mixin.py:188} INFO - [2024-05-24T00:18:12.076+0000] {dagbag.py:545} INFO - Filling up the DagBag from /home/airflow/.local/lib/python3.12/site-packages/airflow/example_dags/example_setup_teardown.py
[2024-05-24T00:18:12.078+0000] {processor.py:840} INFO - DAG(s) 'example_setup_teardown' retrieved from /home/airflow/.local/lib/python3.12/site-packages/airflow/example_dags/example_setup_teardown.py
[2024-05-24T00:18:12.092+0000] {logging_mixin.py:188} INFO - [2024-05-24T00:18:12.091+0000] {dag.py:3096} INFO - Sync 1 DAGs
[2024-05-24T00:18:12.105+0000] {logging_mixin.py:188} INFO - [2024-05-24T00:18:12.105+0000] {dag.py:3954} INFO - Setting next_dagrun for example_setup_teardown to 2024-05-23 00:00:00+00:00, run_after=2024-05-24 00:00:00+00:00
[2024-05-24T00:18:12.115+0000] {processor.py:183} INFO - Processing /home/airflow/.local/lib/python3.12/site-packages/airflow/example_dags/example_setup_teardown.py took 0.042 seconds
[2024-05-24T00:18:42.842+0000] {processor.py:161} INFO - Started process (PID=563) to work on /home/airflow/.local/lib/python3.12/site-packages/airflow/example_dags/example_setup_teardown.py
[2024-05-24T00:18:42.843+0000] {processor.py:830} INFO - Processing file /home/airflow/.local/lib/python3.12/site-packages/airflow/example_dags/example_setup_teardown.py for tasks to queue
[2024-05-24T00:18:42.844+0000] {logging_mixin.py:188} INFO - [2024-05-24T00:18:42.843+0000] {dagbag.py:545} INFO - Filling up the DagBag from /home/airflow/.local/lib/python3.12/site-packages/airflow/example_dags/example_setup_teardown.py
[2024-05-24T00:18:42.846+0000] {processor.py:840} INFO - DAG(s) 'example_setup_teardown' retrieved from /home/airflow/.local/lib/python3.12/site-packages/airflow/example_dags/example_setup_teardown.py
[2024-05-24T00:18:42.858+0000] {logging_mixin.py:188} INFO - [2024-05-24T00:18:42.858+0000] {dag.py:3096} INFO - Sync 1 DAGs
[2024-05-24T00:18:42.871+0000] {logging_mixin.py:188} INFO - [2024-05-24T00:18:42.871+0000] {dag.py:3954} INFO - Setting next_dagrun for example_setup_teardown to 2024-05-23 00:00:00+00:00, run_after=2024-05-24 00:00:00+00:00
[2024-05-24T00:18:42.882+0000] {processor.py:183} INFO - Processing /home/airflow/.local/lib/python3.12/site-packages/airflow/example_dags/example_setup_teardown.py took 0.043 seconds
[2024-05-24T00:19:13.619+0000] {processor.py:161} INFO - Started process (PID=623) to work on /home/airflow/.local/lib/python3.12/site-packages/airflow/example_dags/example_setup_teardown.py
[2024-05-24T00:19:13.620+0000] {processor.py:830} INFO - Processing file /home/airflow/.local/lib/python3.12/site-packages/airflow/example_dags/example_setup_teardown.py for tasks to queue
[2024-05-24T00:19:13.621+0000] {logging_mixin.py:188} INFO - [2024-05-24T00:19:13.620+0000] {dagbag.py:545} INFO - Filling up the DagBag from /home/airflow/.local/lib/python3.12/site-packages/airflow/example_dags/example_setup_teardown.py
[2024-05-24T00:19:13.623+0000] {processor.py:840} INFO - DAG(s) 'example_setup_teardown' retrieved from /home/airflow/.local/lib/python3.12/site-packages/airflow/example_dags/example_setup_teardown.py
[2024-05-24T00:19:13.634+0000] {logging_mixin.py:188} INFO - [2024-05-24T00:19:13.634+0000] {dag.py:3096} INFO - Sync 1 DAGs
[2024-05-24T00:19:13.644+0000] {logging_mixin.py:188} INFO - [2024-05-24T00:19:13.644+0000] {dag.py:3954} INFO - Setting next_dagrun for example_setup_teardown to 2024-05-23 00:00:00+00:00, run_after=2024-05-24 00:00:00+00:00
[2024-05-24T00:19:13.651+0000] {processor.py:183} INFO - Processing /home/airflow/.local/lib/python3.12/site-packages/airflow/example_dags/example_setup_teardown.py took 0.034 seconds
[2024-05-24T00:19:44.362+0000] {processor.py:161} INFO - Started process (PID=683) to work on /home/airflow/.local/lib/python3.12/site-packages/airflow/example_dags/example_setup_teardown.py
[2024-05-24T00:19:44.363+0000] {processor.py:830} INFO - Processing file /home/airflow/.local/lib/python3.12/site-packages/airflow/example_dags/example_setup_teardown.py for tasks to queue
[2024-05-24T00:19:44.364+0000] {logging_mixin.py:188} INFO - [2024-05-24T00:19:44.363+0000] {dagbag.py:545} INFO - Filling up the DagBag from /home/airflow/.local/lib/python3.12/site-packages/airflow/example_dags/example_setup_teardown.py
[2024-05-24T00:19:44.367+0000] {processor.py:840} INFO - DAG(s) 'example_setup_teardown' retrieved from /home/airflow/.local/lib/python3.12/site-packages/airflow/example_dags/example_setup_teardown.py
[2024-05-24T00:19:44.377+0000] {logging_mixin.py:188} INFO - [2024-05-24T00:19:44.377+0000] {dag.py:3096} INFO - Sync 1 DAGs
[2024-05-24T00:19:44.386+0000] {logging_mixin.py:188} INFO - [2024-05-24T00:19:44.386+0000] {dag.py:3954} INFO - Setting next_dagrun for example_setup_teardown to 2024-05-23 00:00:00+00:00, run_after=2024-05-24 00:00:00+00:00
[2024-05-24T00:19:44.393+0000] {processor.py:183} INFO - Processing /home/airflow/.local/lib/python3.12/site-packages/airflow/example_dags/example_setup_teardown.py took 0.036 seconds
[2024-05-24T00:20:15.019+0000] {processor.py:161} INFO - Started process (PID=742) to work on /home/airflow/.local/lib/python3.12/site-packages/airflow/example_dags/example_setup_teardown.py
[2024-05-24T00:20:15.020+0000] {processor.py:830} INFO - Processing file /home/airflow/.local/lib/python3.12/site-packages/airflow/example_dags/example_setup_teardown.py for tasks to queue
[2024-05-24T00:20:15.020+0000] {logging_mixin.py:188} INFO - [2024-05-24T00:20:15.020+0000] {dagbag.py:545} INFO - Filling up the DagBag from /home/airflow/.local/lib/python3.12/site-packages/airflow/example_dags/example_setup_teardown.py
[2024-05-24T00:20:15.023+0000] {processor.py:840} INFO - DAG(s) 'example_setup_teardown' retrieved from /home/airflow/.local/lib/python3.12/site-packages/airflow/example_dags/example_setup_teardown.py
[2024-05-24T00:20:15.035+0000] {logging_mixin.py:188} INFO - [2024-05-24T00:20:15.035+0000] {dag.py:3096} INFO - Sync 1 DAGs
[2024-05-24T00:20:15.048+0000] {logging_mixin.py:188} INFO - [2024-05-24T00:20:15.048+0000] {dag.py:3954} INFO - Setting next_dagrun for example_setup_teardown to 2024-05-23 00:00:00+00:00, run_after=2024-05-24 00:00:00+00:00
[2024-05-24T00:20:15.056+0000] {processor.py:183} INFO - Processing /home/airflow/.local/lib/python3.12/site-packages/airflow/example_dags/example_setup_teardown.py took 0.040 seconds
[2024-05-24T00:20:45.734+0000] {processor.py:161} INFO - Started process (PID=802) to work on /home/airflow/.local/lib/python3.12/site-packages/airflow/example_dags/example_setup_teardown.py
[2024-05-24T00:20:45.734+0000] {processor.py:830} INFO - Processing file /home/airflow/.local/lib/python3.12/site-packages/airflow/example_dags/example_setup_teardown.py for tasks to queue
[2024-05-24T00:20:45.735+0000] {logging_mixin.py:188} INFO - [2024-05-24T00:20:45.735+0000] {dagbag.py:545} INFO - Filling up the DagBag from /home/airflow/.local/lib/python3.12/site-packages/airflow/example_dags/example_setup_teardown.py
[2024-05-24T00:20:45.741+0000] {processor.py:840} INFO - DAG(s) 'example_setup_teardown' retrieved from /home/airflow/.local/lib/python3.12/site-packages/airflow/example_dags/example_setup_teardown.py
[2024-05-24T00:20:45.757+0000] {logging_mixin.py:188} INFO - [2024-05-24T00:20:45.757+0000] {dag.py:3096} INFO - Sync 1 DAGs
[2024-05-24T00:20:45.767+0000] {logging_mixin.py:188} INFO - [2024-05-24T00:20:45.767+0000] {dag.py:3954} INFO - Setting next_dagrun for example_setup_teardown to 2024-05-23 00:00:00+00:00, run_after=2024-05-24 00:00:00+00:00
[2024-05-24T00:20:45.779+0000] {processor.py:183} INFO - Processing /home/airflow/.local/lib/python3.12/site-packages/airflow/example_dags/example_setup_teardown.py took 0.048 seconds
[2024-05-24T00:21:16.326+0000] {processor.py:161} INFO - Started process (PID=879) to work on /home/airflow/.local/lib/python3.12/site-packages/airflow/example_dags/example_setup_teardown.py
[2024-05-24T00:21:16.326+0000] {processor.py:830} INFO - Processing file /home/airflow/.local/lib/python3.12/site-packages/airflow/example_dags/example_setup_teardown.py for tasks to queue
[2024-05-24T00:21:16.327+0000] {logging_mixin.py:188} INFO - [2024-05-24T00:21:16.327+0000] {dagbag.py:545} INFO - Filling up the DagBag from /home/airflow/.local/lib/python3.12/site-packages/airflow/example_dags/example_setup_teardown.py
[2024-05-24T00:21:16.330+0000] {processor.py:840} INFO - DAG(s) 'example_setup_teardown' retrieved from /home/airflow/.local/lib/python3.12/site-packages/airflow/example_dags/example_setup_teardown.py
[2024-05-24T00:21:16.339+0000] {logging_mixin.py:188} INFO - [2024-05-24T00:21:16.339+0000] {dag.py:3096} INFO - Sync 1 DAGs
[2024-05-24T00:21:16.351+0000] {logging_mixin.py:188} INFO - [2024-05-24T00:21:16.351+0000] {dag.py:3954} INFO - Setting next_dagrun for example_setup_teardown to 2024-05-23 00:00:00+00:00, run_after=2024-05-24 00:00:00+00:00
[2024-05-24T00:21:16.358+0000] {processor.py:183} INFO - Processing /home/airflow/.local/lib/python3.12/site-packages/airflow/example_dags/example_setup_teardown.py took 0.036 seconds
[2024-05-24T00:21:47.017+0000] {processor.py:161} INFO - Started process (PID=957) to work on /home/airflow/.local/lib/python3.12/site-packages/airflow/example_dags/example_setup_teardown.py
[2024-05-24T00:21:47.017+0000] {processor.py:830} INFO - Processing file /home/airflow/.local/lib/python3.12/site-packages/airflow/example_dags/example_setup_teardown.py for tasks to queue
[2024-05-24T00:21:47.018+0000] {logging_mixin.py:188} INFO - [2024-05-24T00:21:47.018+0000] {dagbag.py:545} INFO - Filling up the DagBag from /home/airflow/.local/lib/python3.12/site-packages/airflow/example_dags/example_setup_teardown.py
[2024-05-24T00:21:47.020+0000] {processor.py:840} INFO - DAG(s) 'example_setup_teardown' retrieved from /home/airflow/.local/lib/python3.12/site-packages/airflow/example_dags/example_setup_teardown.py
[2024-05-24T00:21:47.041+0000] {logging_mixin.py:188} INFO - [2024-05-24T00:21:47.041+0000] {dag.py:3096} INFO - Sync 1 DAGs
[2024-05-24T00:21:47.062+0000] {logging_mixin.py:188} INFO - [2024-05-24T00:21:47.062+0000] {dag.py:3954} INFO - Setting next_dagrun for example_setup_teardown to 2024-05-23 00:00:00+00:00, run_after=2024-05-24 00:00:00+00:00
[2024-05-24T00:21:47.076+0000] {processor.py:183} INFO - Processing /home/airflow/.local/lib/python3.12/site-packages/airflow/example_dags/example_setup_teardown.py took 0.061 seconds
[2024-05-24T00:22:17.752+0000] {processor.py:161} INFO - Started process (PID=1017) to work on /home/airflow/.local/lib/python3.12/site-packages/airflow/example_dags/example_setup_teardown.py
[2024-05-24T00:22:17.752+0000] {processor.py:830} INFO - Processing file /home/airflow/.local/lib/python3.12/site-packages/airflow/example_dags/example_setup_teardown.py for tasks to queue
[2024-05-24T00:22:17.753+0000] {logging_mixin.py:188} INFO - [2024-05-24T00:22:17.753+0000] {dagbag.py:545} INFO - Filling up the DagBag from /home/airflow/.local/lib/python3.12/site-packages/airflow/example_dags/example_setup_teardown.py
[2024-05-24T00:22:17.755+0000] {processor.py:840} INFO - DAG(s) 'example_setup_teardown' retrieved from /home/airflow/.local/lib/python3.12/site-packages/airflow/example_dags/example_setup_teardown.py
[2024-05-24T00:22:17.763+0000] {logging_mixin.py:188} INFO - [2024-05-24T00:22:17.763+0000] {dag.py:3096} INFO - Sync 1 DAGs
[2024-05-24T00:22:17.771+0000] {logging_mixin.py:188} INFO - [2024-05-24T00:22:17.771+0000] {dag.py:3954} INFO - Setting next_dagrun for example_setup_teardown to 2024-05-23 00:00:00+00:00, run_after=2024-05-24 00:00:00+00:00
[2024-05-24T00:22:17.778+0000] {processor.py:183} INFO - Processing /home/airflow/.local/lib/python3.12/site-packages/airflow/example_dags/example_setup_teardown.py took 0.028 seconds
[2024-05-24T00:22:47.898+0000] {processor.py:161} INFO - Started process (PID=1095) to work on /home/airflow/.local/lib/python3.12/site-packages/airflow/example_dags/example_setup_teardown.py
[2024-05-24T00:22:47.899+0000] {processor.py:830} INFO - Processing file /home/airflow/.local/lib/python3.12/site-packages/airflow/example_dags/example_setup_teardown.py for tasks to queue
[2024-05-24T00:22:47.900+0000] {logging_mixin.py:188} INFO - [2024-05-24T00:22:47.900+0000] {dagbag.py:545} INFO - Filling up the DagBag from /home/airflow/.local/lib/python3.12/site-packages/airflow/example_dags/example_setup_teardown.py
[2024-05-24T00:22:47.903+0000] {processor.py:840} INFO - DAG(s) 'example_setup_teardown' retrieved from /home/airflow/.local/lib/python3.12/site-packages/airflow/example_dags/example_setup_teardown.py
[2024-05-24T00:22:47.915+0000] {logging_mixin.py:188} INFO - [2024-05-24T00:22:47.915+0000] {dag.py:3096} INFO - Sync 1 DAGs
[2024-05-24T00:22:47.929+0000] {logging_mixin.py:188} INFO - [2024-05-24T00:22:47.929+0000] {dag.py:3954} INFO - Setting next_dagrun for example_setup_teardown to 2024-05-23 00:00:00+00:00, run_after=2024-05-24 00:00:00+00:00
[2024-05-24T00:22:47.940+0000] {processor.py:183} INFO - Processing /home/airflow/.local/lib/python3.12/site-packages/airflow/example_dags/example_setup_teardown.py took 0.045 seconds
[2024-05-24T00:23:18.665+0000] {processor.py:161} INFO - Started process (PID=1155) to work on /home/airflow/.local/lib/python3.12/site-packages/airflow/example_dags/example_setup_teardown.py
[2024-05-24T00:23:18.666+0000] {processor.py:830} INFO - Processing file /home/airflow/.local/lib/python3.12/site-packages/airflow/example_dags/example_setup_teardown.py for tasks to queue
[2024-05-24T00:23:18.667+0000] {logging_mixin.py:188} INFO - [2024-05-24T00:23:18.667+0000] {dagbag.py:545} INFO - Filling up the DagBag from /home/airflow/.local/lib/python3.12/site-packages/airflow/example_dags/example_setup_teardown.py
[2024-05-24T00:23:18.670+0000] {processor.py:840} INFO - DAG(s) 'example_setup_teardown' retrieved from /home/airflow/.local/lib/python3.12/site-packages/airflow/example_dags/example_setup_teardown.py
[2024-05-24T00:23:18.682+0000] {logging_mixin.py:188} INFO - [2024-05-24T00:23:18.682+0000] {dag.py:3096} INFO - Sync 1 DAGs
[2024-05-24T00:23:18.696+0000] {logging_mixin.py:188} INFO - [2024-05-24T00:23:18.696+0000] {dag.py:3954} INFO - Setting next_dagrun for example_setup_teardown to 2024-05-23 00:00:00+00:00, run_after=2024-05-24 00:00:00+00:00
[2024-05-24T00:23:18.706+0000] {processor.py:183} INFO - Processing /home/airflow/.local/lib/python3.12/site-packages/airflow/example_dags/example_setup_teardown.py took 0.043 seconds
[2024-05-24T00:23:49.476+0000] {processor.py:161} INFO - Started process (PID=1215) to work on /home/airflow/.local/lib/python3.12/site-packages/airflow/example_dags/example_setup_teardown.py
[2024-05-24T00:23:49.477+0000] {processor.py:830} INFO - Processing file /home/airflow/.local/lib/python3.12/site-packages/airflow/example_dags/example_setup_teardown.py for tasks to queue
[2024-05-24T00:23:49.478+0000] {logging_mixin.py:188} INFO - [2024-05-24T00:23:49.478+0000] {dagbag.py:545} INFO - Filling up the DagBag from /home/airflow/.local/lib/python3.12/site-packages/airflow/example_dags/example_setup_teardown.py
[2024-05-24T00:23:49.480+0000] {processor.py:840} INFO - DAG(s) 'example_setup_teardown' retrieved from /home/airflow/.local/lib/python3.12/site-packages/airflow/example_dags/example_setup_teardown.py
[2024-05-24T00:23:49.491+0000] {logging_mixin.py:188} INFO - [2024-05-24T00:23:49.491+0000] {dag.py:3096} INFO - Sync 1 DAGs
[2024-05-24T00:23:49.504+0000] {logging_mixin.py:188} INFO - [2024-05-24T00:23:49.504+0000] {dag.py:3954} INFO - Setting next_dagrun for example_setup_teardown to 2024-05-23 00:00:00+00:00, run_after=2024-05-24 00:00:00+00:00
[2024-05-24T00:23:49.515+0000] {processor.py:183} INFO - Processing /home/airflow/.local/lib/python3.12/site-packages/airflow/example_dags/example_setup_teardown.py took 0.042 seconds
[2024-05-24T00:24:20.278+0000] {processor.py:161} INFO - Started process (PID=1275) to work on /home/airflow/.local/lib/python3.12/site-packages/airflow/example_dags/example_setup_teardown.py
[2024-05-24T00:24:20.278+0000] {processor.py:830} INFO - Processing file /home/airflow/.local/lib/python3.12/site-packages/airflow/example_dags/example_setup_teardown.py for tasks to queue
[2024-05-24T00:24:20.279+0000] {logging_mixin.py:188} INFO - [2024-05-24T00:24:20.279+0000] {dagbag.py:545} INFO - Filling up the DagBag from /home/airflow/.local/lib/python3.12/site-packages/airflow/example_dags/example_setup_teardown.py
[2024-05-24T00:24:20.283+0000] {processor.py:840} INFO - DAG(s) 'example_setup_teardown' retrieved from /home/airflow/.local/lib/python3.12/site-packages/airflow/example_dags/example_setup_teardown.py
[2024-05-24T00:24:20.293+0000] {logging_mixin.py:188} INFO - [2024-05-24T00:24:20.293+0000] {dag.py:3096} INFO - Sync 1 DAGs
[2024-05-24T00:24:20.302+0000] {logging_mixin.py:188} INFO - [2024-05-24T00:24:20.301+0000] {dag.py:3954} INFO - Setting next_dagrun for example_setup_teardown to 2024-05-23 00:00:00+00:00, run_after=2024-05-24 00:00:00+00:00
[2024-05-24T00:24:20.310+0000] {processor.py:183} INFO - Processing /home/airflow/.local/lib/python3.12/site-packages/airflow/example_dags/example_setup_teardown.py took 0.036 seconds
[2024-05-24T00:24:51.009+0000] {processor.py:161} INFO - Started process (PID=1335) to work on /home/airflow/.local/lib/python3.12/site-packages/airflow/example_dags/example_setup_teardown.py
[2024-05-24T00:24:51.009+0000] {processor.py:830} INFO - Processing file /home/airflow/.local/lib/python3.12/site-packages/airflow/example_dags/example_setup_teardown.py for tasks to queue
[2024-05-24T00:24:51.010+0000] {logging_mixin.py:188} INFO - [2024-05-24T00:24:51.010+0000] {dagbag.py:545} INFO - Filling up the DagBag from /home/airflow/.local/lib/python3.12/site-packages/airflow/example_dags/example_setup_teardown.py
[2024-05-24T00:24:51.013+0000] {processor.py:840} INFO - DAG(s) 'example_setup_teardown' retrieved from /home/airflow/.local/lib/python3.12/site-packages/airflow/example_dags/example_setup_teardown.py
[2024-05-24T00:24:51.022+0000] {logging_mixin.py:188} INFO - [2024-05-24T00:24:51.022+0000] {dag.py:3096} INFO - Sync 1 DAGs
[2024-05-24T00:24:51.031+0000] {logging_mixin.py:188} INFO - [2024-05-24T00:24:51.031+0000] {dag.py:3954} INFO - Setting next_dagrun for example_setup_teardown to 2024-05-23 00:00:00+00:00, run_after=2024-05-24 00:00:00+00:00
[2024-05-24T00:24:51.038+0000] {processor.py:183} INFO - Processing /home/airflow/.local/lib/python3.12/site-packages/airflow/example_dags/example_setup_teardown.py took 0.033 seconds
[2024-05-24T00:25:21.735+0000] {processor.py:161} INFO - Started process (PID=1395) to work on /home/airflow/.local/lib/python3.12/site-packages/airflow/example_dags/example_setup_teardown.py
[2024-05-24T00:25:21.736+0000] {processor.py:830} INFO - Processing file /home/airflow/.local/lib/python3.12/site-packages/airflow/example_dags/example_setup_teardown.py for tasks to queue
[2024-05-24T00:25:21.736+0000] {logging_mixin.py:188} INFO - [2024-05-24T00:25:21.736+0000] {dagbag.py:545} INFO - Filling up the DagBag from /home/airflow/.local/lib/python3.12/site-packages/airflow/example_dags/example_setup_teardown.py
[2024-05-24T00:25:21.739+0000] {processor.py:840} INFO - DAG(s) 'example_setup_teardown' retrieved from /home/airflow/.local/lib/python3.12/site-packages/airflow/example_dags/example_setup_teardown.py
[2024-05-24T00:25:21.746+0000] {logging_mixin.py:188} INFO - [2024-05-24T00:25:21.746+0000] {dag.py:3096} INFO - Sync 1 DAGs
[2024-05-24T00:25:21.755+0000] {logging_mixin.py:188} INFO - [2024-05-24T00:25:21.755+0000] {dag.py:3954} INFO - Setting next_dagrun for example_setup_teardown to 2024-05-23 00:00:00+00:00, run_after=2024-05-24 00:00:00+00:00
[2024-05-24T00:25:21.761+0000] {processor.py:183} INFO - Processing /home/airflow/.local/lib/python3.12/site-packages/airflow/example_dags/example_setup_teardown.py took 0.029 seconds
[2024-05-24T00:25:52.371+0000] {processor.py:161} INFO - Started process (PID=1455) to work on /home/airflow/.local/lib/python3.12/site-packages/airflow/example_dags/example_setup_teardown.py
[2024-05-24T00:25:52.372+0000] {processor.py:830} INFO - Processing file /home/airflow/.local/lib/python3.12/site-packages/airflow/example_dags/example_setup_teardown.py for tasks to queue
[2024-05-24T00:25:52.373+0000] {logging_mixin.py:188} INFO - [2024-05-24T00:25:52.372+0000] {dagbag.py:545} INFO - Filling up the DagBag from /home/airflow/.local/lib/python3.12/site-packages/airflow/example_dags/example_setup_teardown.py
[2024-05-24T00:25:52.377+0000] {processor.py:840} INFO - DAG(s) 'example_setup_teardown' retrieved from /home/airflow/.local/lib/python3.12/site-packages/airflow/example_dags/example_setup_teardown.py
[2024-05-24T00:25:52.387+0000] {logging_mixin.py:188} INFO - [2024-05-24T00:25:52.387+0000] {dag.py:3096} INFO - Sync 1 DAGs
[2024-05-24T00:25:52.404+0000] {logging_mixin.py:188} INFO - [2024-05-24T00:25:52.403+0000] {dag.py:3954} INFO - Setting next_dagrun for example_setup_teardown to 2024-05-23 00:00:00+00:00, run_after=2024-05-24 00:00:00+00:00
[2024-05-24T00:25:52.412+0000] {processor.py:183} INFO - Processing /home/airflow/.local/lib/python3.12/site-packages/airflow/example_dags/example_setup_teardown.py took 0.045 seconds
[2024-05-24T00:26:23.030+0000] {processor.py:161} INFO - Started process (PID=1515) to work on /home/airflow/.local/lib/python3.12/site-packages/airflow/example_dags/example_setup_teardown.py
[2024-05-24T00:26:23.030+0000] {processor.py:830} INFO - Processing file /home/airflow/.local/lib/python3.12/site-packages/airflow/example_dags/example_setup_teardown.py for tasks to queue
[2024-05-24T00:26:23.031+0000] {logging_mixin.py:188} INFO - [2024-05-24T00:26:23.031+0000] {dagbag.py:545} INFO - Filling up the DagBag from /home/airflow/.local/lib/python3.12/site-packages/airflow/example_dags/example_setup_teardown.py
[2024-05-24T00:26:23.034+0000] {processor.py:840} INFO - DAG(s) 'example_setup_teardown' retrieved from /home/airflow/.local/lib/python3.12/site-packages/airflow/example_dags/example_setup_teardown.py
[2024-05-24T00:26:23.045+0000] {logging_mixin.py:188} INFO - [2024-05-24T00:26:23.045+0000] {dag.py:3096} INFO - Sync 1 DAGs
[2024-05-24T00:26:23.054+0000] {logging_mixin.py:188} INFO - [2024-05-24T00:26:23.054+0000] {dag.py:3954} INFO - Setting next_dagrun for example_setup_teardown to 2024-05-23 00:00:00+00:00, run_after=2024-05-24 00:00:00+00:00
[2024-05-24T00:26:23.061+0000] {processor.py:183} INFO - Processing /home/airflow/.local/lib/python3.12/site-packages/airflow/example_dags/example_setup_teardown.py took 0.033 seconds
[2024-05-24T00:26:53.812+0000] {processor.py:161} INFO - Started process (PID=1576) to work on /home/airflow/.local/lib/python3.12/site-packages/airflow/example_dags/example_setup_teardown.py
[2024-05-24T00:26:53.813+0000] {processor.py:830} INFO - Processing file /home/airflow/.local/lib/python3.12/site-packages/airflow/example_dags/example_setup_teardown.py for tasks to queue
[2024-05-24T00:26:53.814+0000] {logging_mixin.py:188} INFO - [2024-05-24T00:26:53.814+0000] {dagbag.py:545} INFO - Filling up the DagBag from /home/airflow/.local/lib/python3.12/site-packages/airflow/example_dags/example_setup_teardown.py
[2024-05-24T00:26:53.818+0000] {processor.py:840} INFO - DAG(s) 'example_setup_teardown' retrieved from /home/airflow/.local/lib/python3.12/site-packages/airflow/example_dags/example_setup_teardown.py
[2024-05-24T00:26:53.830+0000] {logging_mixin.py:188} INFO - [2024-05-24T00:26:53.829+0000] {dag.py:3096} INFO - Sync 1 DAGs
[2024-05-24T00:26:53.842+0000] {logging_mixin.py:188} INFO - [2024-05-24T00:26:53.842+0000] {dag.py:3954} INFO - Setting next_dagrun for example_setup_teardown to 2024-05-23 00:00:00+00:00, run_after=2024-05-24 00:00:00+00:00
[2024-05-24T00:26:53.850+0000] {processor.py:183} INFO - Processing /home/airflow/.local/lib/python3.12/site-packages/airflow/example_dags/example_setup_teardown.py took 0.041 seconds
[2024-05-24T00:27:24.520+0000] {processor.py:161} INFO - Started process (PID=1636) to work on /home/airflow/.local/lib/python3.12/site-packages/airflow/example_dags/example_setup_teardown.py
[2024-05-24T00:27:24.520+0000] {processor.py:830} INFO - Processing file /home/airflow/.local/lib/python3.12/site-packages/airflow/example_dags/example_setup_teardown.py for tasks to queue
[2024-05-24T00:27:24.521+0000] {logging_mixin.py:188} INFO - [2024-05-24T00:27:24.521+0000] {dagbag.py:545} INFO - Filling up the DagBag from /home/airflow/.local/lib/python3.12/site-packages/airflow/example_dags/example_setup_teardown.py
[2024-05-24T00:27:24.526+0000] {processor.py:840} INFO - DAG(s) 'example_setup_teardown' retrieved from /home/airflow/.local/lib/python3.12/site-packages/airflow/example_dags/example_setup_teardown.py
[2024-05-24T00:27:24.537+0000] {logging_mixin.py:188} INFO - [2024-05-24T00:27:24.536+0000] {dag.py:3096} INFO - Sync 1 DAGs
[2024-05-24T00:27:24.552+0000] {logging_mixin.py:188} INFO - [2024-05-24T00:27:24.552+0000] {dag.py:3954} INFO - Setting next_dagrun for example_setup_teardown to 2024-05-23 00:00:00+00:00, run_after=2024-05-24 00:00:00+00:00
[2024-05-24T00:27:24.558+0000] {processor.py:183} INFO - Processing /home/airflow/.local/lib/python3.12/site-packages/airflow/example_dags/example_setup_teardown.py took 0.042 seconds
[2024-05-24T00:27:55.281+0000] {processor.py:161} INFO - Started process (PID=1696) to work on /home/airflow/.local/lib/python3.12/site-packages/airflow/example_dags/example_setup_teardown.py
[2024-05-24T00:27:55.282+0000] {processor.py:830} INFO - Processing file /home/airflow/.local/lib/python3.12/site-packages/airflow/example_dags/example_setup_teardown.py for tasks to queue
[2024-05-24T00:27:55.282+0000] {logging_mixin.py:188} INFO - [2024-05-24T00:27:55.282+0000] {dagbag.py:545} INFO - Filling up the DagBag from /home/airflow/.local/lib/python3.12/site-packages/airflow/example_dags/example_setup_teardown.py
[2024-05-24T00:27:55.287+0000] {processor.py:840} INFO - DAG(s) 'example_setup_teardown' retrieved from /home/airflow/.local/lib/python3.12/site-packages/airflow/example_dags/example_setup_teardown.py
[2024-05-24T00:27:55.304+0000] {logging_mixin.py:188} INFO - [2024-05-24T00:27:55.304+0000] {dag.py:3096} INFO - Sync 1 DAGs
[2024-05-24T00:27:55.328+0000] {logging_mixin.py:188} INFO - [2024-05-24T00:27:55.328+0000] {dag.py:3954} INFO - Setting next_dagrun for example_setup_teardown to 2024-05-23 00:00:00+00:00, run_after=2024-05-24 00:00:00+00:00
[2024-05-24T00:27:55.337+0000] {processor.py:183} INFO - Processing /home/airflow/.local/lib/python3.12/site-packages/airflow/example_dags/example_setup_teardown.py took 0.059 seconds
[2024-05-24T00:28:26.198+0000] {processor.py:161} INFO - Started process (PID=1756) to work on /home/airflow/.local/lib/python3.12/site-packages/airflow/example_dags/example_setup_teardown.py
[2024-05-24T00:28:26.199+0000] {processor.py:830} INFO - Processing file /home/airflow/.local/lib/python3.12/site-packages/airflow/example_dags/example_setup_teardown.py for tasks to queue
[2024-05-24T00:28:26.200+0000] {logging_mixin.py:188} INFO - [2024-05-24T00:28:26.199+0000] {dagbag.py:545} INFO - Filling up the DagBag from /home/airflow/.local/lib/python3.12/site-packages/airflow/example_dags/example_setup_teardown.py
[2024-05-24T00:28:26.203+0000] {processor.py:840} INFO - DAG(s) 'example_setup_teardown' retrieved from /home/airflow/.local/lib/python3.12/site-packages/airflow/example_dags/example_setup_teardown.py
[2024-05-24T00:28:26.219+0000] {logging_mixin.py:188} INFO - [2024-05-24T00:28:26.219+0000] {dag.py:3096} INFO - Sync 1 DAGs
[2024-05-24T00:28:26.233+0000] {logging_mixin.py:188} INFO - [2024-05-24T00:28:26.233+0000] {dag.py:3954} INFO - Setting next_dagrun for example_setup_teardown to 2024-05-23 00:00:00+00:00, run_after=2024-05-24 00:00:00+00:00
[2024-05-24T00:28:26.243+0000] {processor.py:183} INFO - Processing /home/airflow/.local/lib/python3.12/site-packages/airflow/example_dags/example_setup_teardown.py took 0.048 seconds
[2024-05-24T00:28:56.972+0000] {processor.py:161} INFO - Started process (PID=1816) to work on /home/airflow/.local/lib/python3.12/site-packages/airflow/example_dags/example_setup_teardown.py
[2024-05-24T00:28:56.972+0000] {processor.py:830} INFO - Processing file /home/airflow/.local/lib/python3.12/site-packages/airflow/example_dags/example_setup_teardown.py for tasks to queue
[2024-05-24T00:28:56.973+0000] {logging_mixin.py:188} INFO - [2024-05-24T00:28:56.973+0000] {dagbag.py:545} INFO - Filling up the DagBag from /home/airflow/.local/lib/python3.12/site-packages/airflow/example_dags/example_setup_teardown.py
[2024-05-24T00:28:56.975+0000] {processor.py:840} INFO - DAG(s) 'example_setup_teardown' retrieved from /home/airflow/.local/lib/python3.12/site-packages/airflow/example_dags/example_setup_teardown.py
[2024-05-24T00:28:56.990+0000] {logging_mixin.py:188} INFO - [2024-05-24T00:28:56.990+0000] {dag.py:3096} INFO - Sync 1 DAGs
[2024-05-24T00:28:57.003+0000] {logging_mixin.py:188} INFO - [2024-05-24T00:28:57.002+0000] {dag.py:3954} INFO - Setting next_dagrun for example_setup_teardown to 2024-05-23 00:00:00+00:00, run_after=2024-05-24 00:00:00+00:00
[2024-05-24T00:28:57.014+0000] {processor.py:183} INFO - Processing /home/airflow/.local/lib/python3.12/site-packages/airflow/example_dags/example_setup_teardown.py took 0.045 seconds
[2024-05-24T00:29:27.918+0000] {processor.py:161} INFO - Started process (PID=1876) to work on /home/airflow/.local/lib/python3.12/site-packages/airflow/example_dags/example_setup_teardown.py
[2024-05-24T00:29:27.919+0000] {processor.py:830} INFO - Processing file /home/airflow/.local/lib/python3.12/site-packages/airflow/example_dags/example_setup_teardown.py for tasks to queue
[2024-05-24T00:29:27.920+0000] {logging_mixin.py:188} INFO - [2024-05-24T00:29:27.920+0000] {dagbag.py:545} INFO - Filling up the DagBag from /home/airflow/.local/lib/python3.12/site-packages/airflow/example_dags/example_setup_teardown.py
[2024-05-24T00:29:27.925+0000] {processor.py:840} INFO - DAG(s) 'example_setup_teardown' retrieved from /home/airflow/.local/lib/python3.12/site-packages/airflow/example_dags/example_setup_teardown.py
[2024-05-24T00:29:27.941+0000] {logging_mixin.py:188} INFO - [2024-05-24T00:29:27.941+0000] {dag.py:3096} INFO - Sync 1 DAGs
[2024-05-24T00:29:27.957+0000] {logging_mixin.py:188} INFO - [2024-05-24T00:29:27.957+0000] {dag.py:3954} INFO - Setting next_dagrun for example_setup_teardown to 2024-05-23 00:00:00+00:00, run_after=2024-05-24 00:00:00+00:00
[2024-05-24T00:29:27.968+0000] {processor.py:183} INFO - Processing /home/airflow/.local/lib/python3.12/site-packages/airflow/example_dags/example_setup_teardown.py took 0.053 seconds
[2024-05-24T00:29:58.957+0000] {processor.py:161} INFO - Started process (PID=1936) to work on /home/airflow/.local/lib/python3.12/site-packages/airflow/example_dags/example_setup_teardown.py
[2024-05-24T00:29:58.958+0000] {processor.py:830} INFO - Processing file /home/airflow/.local/lib/python3.12/site-packages/airflow/example_dags/example_setup_teardown.py for tasks to queue
[2024-05-24T00:29:58.959+0000] {logging_mixin.py:188} INFO - [2024-05-24T00:29:58.959+0000] {dagbag.py:545} INFO - Filling up the DagBag from /home/airflow/.local/lib/python3.12/site-packages/airflow/example_dags/example_setup_teardown.py
[2024-05-24T00:29:58.962+0000] {processor.py:840} INFO - DAG(s) 'example_setup_teardown' retrieved from /home/airflow/.local/lib/python3.12/site-packages/airflow/example_dags/example_setup_teardown.py
[2024-05-24T00:29:58.978+0000] {logging_mixin.py:188} INFO - [2024-05-24T00:29:58.977+0000] {dag.py:3096} INFO - Sync 1 DAGs
[2024-05-24T00:29:58.991+0000] {logging_mixin.py:188} INFO - [2024-05-24T00:29:58.991+0000] {dag.py:3954} INFO - Setting next_dagrun for example_setup_teardown to 2024-05-23 00:00:00+00:00, run_after=2024-05-24 00:00:00+00:00
[2024-05-24T00:29:59.000+0000] {processor.py:183} INFO - Processing /home/airflow/.local/lib/python3.12/site-packages/airflow/example_dags/example_setup_teardown.py took 0.047 seconds
[2024-05-24T00:30:29.022+0000] {processor.py:161} INFO - Started process (PID=1996) to work on /home/airflow/.local/lib/python3.12/site-packages/airflow/example_dags/example_setup_teardown.py
[2024-05-24T00:30:29.023+0000] {processor.py:830} INFO - Processing file /home/airflow/.local/lib/python3.12/site-packages/airflow/example_dags/example_setup_teardown.py for tasks to queue
[2024-05-24T00:30:29.024+0000] {logging_mixin.py:188} INFO - [2024-05-24T00:30:29.024+0000] {dagbag.py:545} INFO - Filling up the DagBag from /home/airflow/.local/lib/python3.12/site-packages/airflow/example_dags/example_setup_teardown.py
[2024-05-24T00:30:29.026+0000] {processor.py:840} INFO - DAG(s) 'example_setup_teardown' retrieved from /home/airflow/.local/lib/python3.12/site-packages/airflow/example_dags/example_setup_teardown.py
[2024-05-24T00:30:29.038+0000] {logging_mixin.py:188} INFO - [2024-05-24T00:30:29.038+0000] {dag.py:3096} INFO - Sync 1 DAGs
[2024-05-24T00:30:29.048+0000] {logging_mixin.py:188} INFO - [2024-05-24T00:30:29.048+0000] {dag.py:3954} INFO - Setting next_dagrun for example_setup_teardown to 2024-05-23 00:00:00+00:00, run_after=2024-05-24 00:00:00+00:00
[2024-05-24T00:30:29.055+0000] {processor.py:183} INFO - Processing /home/airflow/.local/lib/python3.12/site-packages/airflow/example_dags/example_setup_teardown.py took 0.037 seconds
[2024-05-24T00:30:59.764+0000] {processor.py:161} INFO - Started process (PID=2056) to work on /home/airflow/.local/lib/python3.12/site-packages/airflow/example_dags/example_setup_teardown.py
[2024-05-24T00:30:59.765+0000] {processor.py:830} INFO - Processing file /home/airflow/.local/lib/python3.12/site-packages/airflow/example_dags/example_setup_teardown.py for tasks to queue
[2024-05-24T00:30:59.766+0000] {logging_mixin.py:188} INFO - [2024-05-24T00:30:59.765+0000] {dagbag.py:545} INFO - Filling up the DagBag from /home/airflow/.local/lib/python3.12/site-packages/airflow/example_dags/example_setup_teardown.py
[2024-05-24T00:30:59.770+0000] {processor.py:840} INFO - DAG(s) 'example_setup_teardown' retrieved from /home/airflow/.local/lib/python3.12/site-packages/airflow/example_dags/example_setup_teardown.py
[2024-05-24T00:30:59.781+0000] {logging_mixin.py:188} INFO - [2024-05-24T00:30:59.781+0000] {dag.py:3096} INFO - Sync 1 DAGs
[2024-05-24T00:30:59.789+0000] {logging_mixin.py:188} INFO - [2024-05-24T00:30:59.789+0000] {dag.py:3954} INFO - Setting next_dagrun for example_setup_teardown to 2024-05-23 00:00:00+00:00, run_after=2024-05-24 00:00:00+00:00
[2024-05-24T00:30:59.796+0000] {processor.py:183} INFO - Processing /home/airflow/.local/lib/python3.12/site-packages/airflow/example_dags/example_setup_teardown.py took 0.036 seconds
[2024-05-24T00:31:30.225+0000] {processor.py:161} INFO - Started process (PID=2116) to work on /home/airflow/.local/lib/python3.12/site-packages/airflow/example_dags/example_setup_teardown.py
[2024-05-24T00:31:30.226+0000] {processor.py:830} INFO - Processing file /home/airflow/.local/lib/python3.12/site-packages/airflow/example_dags/example_setup_teardown.py for tasks to queue
[2024-05-24T00:31:30.226+0000] {logging_mixin.py:188} INFO - [2024-05-24T00:31:30.226+0000] {dagbag.py:545} INFO - Filling up the DagBag from /home/airflow/.local/lib/python3.12/site-packages/airflow/example_dags/example_setup_teardown.py
[2024-05-24T00:31:30.230+0000] {processor.py:840} INFO - DAG(s) 'example_setup_teardown' retrieved from /home/airflow/.local/lib/python3.12/site-packages/airflow/example_dags/example_setup_teardown.py
[2024-05-24T00:31:30.246+0000] {logging_mixin.py:188} INFO - [2024-05-24T00:31:30.246+0000] {dag.py:3096} INFO - Sync 1 DAGs
[2024-05-24T00:31:30.286+0000] {logging_mixin.py:188} INFO - [2024-05-24T00:31:30.285+0000] {dag.py:3954} INFO - Setting next_dagrun for example_setup_teardown to 2024-05-23 00:00:00+00:00, run_after=2024-05-24 00:00:00+00:00
[2024-05-24T00:31:30.320+0000] {processor.py:183} INFO - Processing /home/airflow/.local/lib/python3.12/site-packages/airflow/example_dags/example_setup_teardown.py took 0.097 seconds
[2024-05-24T00:32:00.762+0000] {processor.py:161} INFO - Started process (PID=2176) to work on /home/airflow/.local/lib/python3.12/site-packages/airflow/example_dags/example_setup_teardown.py
[2024-05-24T00:32:00.762+0000] {processor.py:830} INFO - Processing file /home/airflow/.local/lib/python3.12/site-packages/airflow/example_dags/example_setup_teardown.py for tasks to queue
[2024-05-24T00:32:00.763+0000] {logging_mixin.py:188} INFO - [2024-05-24T00:32:00.763+0000] {dagbag.py:545} INFO - Filling up the DagBag from /home/airflow/.local/lib/python3.12/site-packages/airflow/example_dags/example_setup_teardown.py
[2024-05-24T00:32:00.767+0000] {processor.py:840} INFO - DAG(s) 'example_setup_teardown' retrieved from /home/airflow/.local/lib/python3.12/site-packages/airflow/example_dags/example_setup_teardown.py
[2024-05-24T00:32:00.779+0000] {logging_mixin.py:188} INFO - [2024-05-24T00:32:00.779+0000] {dag.py:3096} INFO - Sync 1 DAGs
[2024-05-24T00:32:00.850+0000] {logging_mixin.py:188} INFO - [2024-05-24T00:32:00.850+0000] {dag.py:3954} INFO - Setting next_dagrun for example_setup_teardown to 2024-05-23 00:00:00+00:00, run_after=2024-05-24 00:00:00+00:00
[2024-05-24T00:32:00.857+0000] {processor.py:183} INFO - Processing /home/airflow/.local/lib/python3.12/site-packages/airflow/example_dags/example_setup_teardown.py took 0.099 seconds
[2024-05-24T00:32:31.011+0000] {processor.py:161} INFO - Started process (PID=2236) to work on /home/airflow/.local/lib/python3.12/site-packages/airflow/example_dags/example_setup_teardown.py
[2024-05-24T00:32:31.011+0000] {processor.py:830} INFO - Processing file /home/airflow/.local/lib/python3.12/site-packages/airflow/example_dags/example_setup_teardown.py for tasks to queue
[2024-05-24T00:32:31.012+0000] {logging_mixin.py:188} INFO - [2024-05-24T00:32:31.011+0000] {dagbag.py:545} INFO - Filling up the DagBag from /home/airflow/.local/lib/python3.12/site-packages/airflow/example_dags/example_setup_teardown.py
[2024-05-24T00:32:31.014+0000] {processor.py:840} INFO - DAG(s) 'example_setup_teardown' retrieved from /home/airflow/.local/lib/python3.12/site-packages/airflow/example_dags/example_setup_teardown.py
[2024-05-24T00:32:31.025+0000] {logging_mixin.py:188} INFO - [2024-05-24T00:32:31.025+0000] {dag.py:3096} INFO - Sync 1 DAGs
[2024-05-24T00:32:31.038+0000] {logging_mixin.py:188} INFO - [2024-05-24T00:32:31.038+0000] {dag.py:3954} INFO - Setting next_dagrun for example_setup_teardown to 2024-05-23 00:00:00+00:00, run_after=2024-05-24 00:00:00+00:00
[2024-05-24T00:32:31.048+0000] {processor.py:183} INFO - Processing /home/airflow/.local/lib/python3.12/site-packages/airflow/example_dags/example_setup_teardown.py took 0.040 seconds
[2024-05-24T00:33:01.700+0000] {processor.py:161} INFO - Started process (PID=2302) to work on /home/airflow/.local/lib/python3.12/site-packages/airflow/example_dags/example_setup_teardown.py
[2024-05-24T00:33:01.701+0000] {processor.py:830} INFO - Processing file /home/airflow/.local/lib/python3.12/site-packages/airflow/example_dags/example_setup_teardown.py for tasks to queue
[2024-05-24T00:33:01.702+0000] {logging_mixin.py:188} INFO - [2024-05-24T00:33:01.701+0000] {dagbag.py:545} INFO - Filling up the DagBag from /home/airflow/.local/lib/python3.12/site-packages/airflow/example_dags/example_setup_teardown.py
[2024-05-24T00:33:01.706+0000] {processor.py:840} INFO - DAG(s) 'example_setup_teardown' retrieved from /home/airflow/.local/lib/python3.12/site-packages/airflow/example_dags/example_setup_teardown.py
[2024-05-24T00:33:01.717+0000] {logging_mixin.py:188} INFO - [2024-05-24T00:33:01.717+0000] {dag.py:3096} INFO - Sync 1 DAGs
[2024-05-24T00:33:01.728+0000] {logging_mixin.py:188} INFO - [2024-05-24T00:33:01.728+0000] {dag.py:3954} INFO - Setting next_dagrun for example_setup_teardown to 2024-05-23 00:00:00+00:00, run_after=2024-05-24 00:00:00+00:00
[2024-05-24T00:33:01.744+0000] {processor.py:183} INFO - Processing /home/airflow/.local/lib/python3.12/site-packages/airflow/example_dags/example_setup_teardown.py took 0.047 seconds
[2024-05-24T00:33:32.533+0000] {processor.py:161} INFO - Started process (PID=2362) to work on /home/airflow/.local/lib/python3.12/site-packages/airflow/example_dags/example_setup_teardown.py
[2024-05-24T00:33:32.534+0000] {processor.py:830} INFO - Processing file /home/airflow/.local/lib/python3.12/site-packages/airflow/example_dags/example_setup_teardown.py for tasks to queue
[2024-05-24T00:33:32.535+0000] {logging_mixin.py:188} INFO - [2024-05-24T00:33:32.535+0000] {dagbag.py:545} INFO - Filling up the DagBag from /home/airflow/.local/lib/python3.12/site-packages/airflow/example_dags/example_setup_teardown.py
[2024-05-24T00:33:32.540+0000] {processor.py:840} INFO - DAG(s) 'example_setup_teardown' retrieved from /home/airflow/.local/lib/python3.12/site-packages/airflow/example_dags/example_setup_teardown.py
[2024-05-24T00:33:32.556+0000] {logging_mixin.py:188} INFO - [2024-05-24T00:33:32.556+0000] {dag.py:3096} INFO - Sync 1 DAGs
[2024-05-24T00:33:32.565+0000] {logging_mixin.py:188} INFO - [2024-05-24T00:33:32.565+0000] {dag.py:3954} INFO - Setting next_dagrun for example_setup_teardown to 2024-05-23 00:00:00+00:00, run_after=2024-05-24 00:00:00+00:00
[2024-05-24T00:33:32.572+0000] {processor.py:183} INFO - Processing /home/airflow/.local/lib/python3.12/site-packages/airflow/example_dags/example_setup_teardown.py took 0.042 seconds
[2024-05-24T00:34:03.332+0000] {processor.py:161} INFO - Started process (PID=2422) to work on /home/airflow/.local/lib/python3.12/site-packages/airflow/example_dags/example_setup_teardown.py
[2024-05-24T00:34:03.333+0000] {processor.py:830} INFO - Processing file /home/airflow/.local/lib/python3.12/site-packages/airflow/example_dags/example_setup_teardown.py for tasks to queue
[2024-05-24T00:34:03.335+0000] {logging_mixin.py:188} INFO - [2024-05-24T00:34:03.335+0000] {dagbag.py:545} INFO - Filling up the DagBag from /home/airflow/.local/lib/python3.12/site-packages/airflow/example_dags/example_setup_teardown.py
[2024-05-24T00:34:03.340+0000] {processor.py:840} INFO - DAG(s) 'example_setup_teardown' retrieved from /home/airflow/.local/lib/python3.12/site-packages/airflow/example_dags/example_setup_teardown.py
[2024-05-24T00:34:03.359+0000] {logging_mixin.py:188} INFO - [2024-05-24T00:34:03.358+0000] {dag.py:3096} INFO - Sync 1 DAGs
[2024-05-24T00:34:03.370+0000] {logging_mixin.py:188} INFO - [2024-05-24T00:34:03.370+0000] {dag.py:3954} INFO - Setting next_dagrun for example_setup_teardown to 2024-05-23 00:00:00+00:00, run_after=2024-05-24 00:00:00+00:00
[2024-05-24T00:34:03.380+0000] {processor.py:183} INFO - Processing /home/airflow/.local/lib/python3.12/site-packages/airflow/example_dags/example_setup_teardown.py took 0.053 seconds
[2024-05-24T00:34:33.967+0000] {processor.py:161} INFO - Started process (PID=2482) to work on /home/airflow/.local/lib/python3.12/site-packages/airflow/example_dags/example_setup_teardown.py
[2024-05-24T00:34:33.968+0000] {processor.py:830} INFO - Processing file /home/airflow/.local/lib/python3.12/site-packages/airflow/example_dags/example_setup_teardown.py for tasks to queue
[2024-05-24T00:34:33.968+0000] {logging_mixin.py:188} INFO - [2024-05-24T00:34:33.968+0000] {dagbag.py:545} INFO - Filling up the DagBag from /home/airflow/.local/lib/python3.12/site-packages/airflow/example_dags/example_setup_teardown.py
[2024-05-24T00:34:33.971+0000] {processor.py:840} INFO - DAG(s) 'example_setup_teardown' retrieved from /home/airflow/.local/lib/python3.12/site-packages/airflow/example_dags/example_setup_teardown.py
[2024-05-24T00:34:33.985+0000] {logging_mixin.py:188} INFO - [2024-05-24T00:34:33.984+0000] {dag.py:3096} INFO - Sync 1 DAGs
[2024-05-24T00:34:33.994+0000] {logging_mixin.py:188} INFO - [2024-05-24T00:34:33.994+0000] {dag.py:3954} INFO - Setting next_dagrun for example_setup_teardown to 2024-05-23 00:00:00+00:00, run_after=2024-05-24 00:00:00+00:00
[2024-05-24T00:34:34.004+0000] {processor.py:183} INFO - Processing /home/airflow/.local/lib/python3.12/site-packages/airflow/example_dags/example_setup_teardown.py took 0.040 seconds
[2024-05-24T00:35:04.861+0000] {processor.py:161} INFO - Started process (PID=2542) to work on /home/airflow/.local/lib/python3.12/site-packages/airflow/example_dags/example_setup_teardown.py
[2024-05-24T00:35:04.861+0000] {processor.py:830} INFO - Processing file /home/airflow/.local/lib/python3.12/site-packages/airflow/example_dags/example_setup_teardown.py for tasks to queue
[2024-05-24T00:35:04.862+0000] {logging_mixin.py:188} INFO - [2024-05-24T00:35:04.862+0000] {dagbag.py:545} INFO - Filling up the DagBag from /home/airflow/.local/lib/python3.12/site-packages/airflow/example_dags/example_setup_teardown.py
[2024-05-24T00:35:04.865+0000] {processor.py:840} INFO - DAG(s) 'example_setup_teardown' retrieved from /home/airflow/.local/lib/python3.12/site-packages/airflow/example_dags/example_setup_teardown.py
[2024-05-24T00:35:04.881+0000] {logging_mixin.py:188} INFO - [2024-05-24T00:35:04.881+0000] {dag.py:3096} INFO - Sync 1 DAGs
[2024-05-24T00:35:04.896+0000] {logging_mixin.py:188} INFO - [2024-05-24T00:35:04.895+0000] {dag.py:3954} INFO - Setting next_dagrun for example_setup_teardown to 2024-05-23 00:00:00+00:00, run_after=2024-05-24 00:00:00+00:00
[2024-05-24T00:35:04.905+0000] {processor.py:183} INFO - Processing /home/airflow/.local/lib/python3.12/site-packages/airflow/example_dags/example_setup_teardown.py took 0.049 seconds
[2024-05-24T00:35:35.541+0000] {processor.py:161} INFO - Started process (PID=2602) to work on /home/airflow/.local/lib/python3.12/site-packages/airflow/example_dags/example_setup_teardown.py
[2024-05-24T00:35:35.541+0000] {processor.py:830} INFO - Processing file /home/airflow/.local/lib/python3.12/site-packages/airflow/example_dags/example_setup_teardown.py for tasks to queue
[2024-05-24T00:35:35.542+0000] {logging_mixin.py:188} INFO - [2024-05-24T00:35:35.542+0000] {dagbag.py:545} INFO - Filling up the DagBag from /home/airflow/.local/lib/python3.12/site-packages/airflow/example_dags/example_setup_teardown.py
[2024-05-24T00:35:35.544+0000] {processor.py:840} INFO - DAG(s) 'example_setup_teardown' retrieved from /home/airflow/.local/lib/python3.12/site-packages/airflow/example_dags/example_setup_teardown.py
[2024-05-24T00:35:35.554+0000] {logging_mixin.py:188} INFO - [2024-05-24T00:35:35.554+0000] {dag.py:3096} INFO - Sync 1 DAGs
[2024-05-24T00:35:35.563+0000] {logging_mixin.py:188} INFO - [2024-05-24T00:35:35.563+0000] {dag.py:3954} INFO - Setting next_dagrun for example_setup_teardown to 2024-05-23 00:00:00+00:00, run_after=2024-05-24 00:00:00+00:00
[2024-05-24T00:35:35.570+0000] {processor.py:183} INFO - Processing /home/airflow/.local/lib/python3.12/site-packages/airflow/example_dags/example_setup_teardown.py took 0.031 seconds
[2024-05-24T00:36:06.158+0000] {processor.py:161} INFO - Started process (PID=2661) to work on /home/airflow/.local/lib/python3.12/site-packages/airflow/example_dags/example_setup_teardown.py
[2024-05-24T00:36:06.158+0000] {processor.py:830} INFO - Processing file /home/airflow/.local/lib/python3.12/site-packages/airflow/example_dags/example_setup_teardown.py for tasks to queue
[2024-05-24T00:36:06.159+0000] {logging_mixin.py:188} INFO - [2024-05-24T00:36:06.159+0000] {dagbag.py:545} INFO - Filling up the DagBag from /home/airflow/.local/lib/python3.12/site-packages/airflow/example_dags/example_setup_teardown.py
[2024-05-24T00:36:06.163+0000] {processor.py:840} INFO - DAG(s) 'example_setup_teardown' retrieved from /home/airflow/.local/lib/python3.12/site-packages/airflow/example_dags/example_setup_teardown.py
[2024-05-24T00:36:06.179+0000] {logging_mixin.py:188} INFO - [2024-05-24T00:36:06.178+0000] {dag.py:3096} INFO - Sync 1 DAGs
[2024-05-24T00:36:06.193+0000] {logging_mixin.py:188} INFO - [2024-05-24T00:36:06.193+0000] {dag.py:3954} INFO - Setting next_dagrun for example_setup_teardown to 2024-05-23 00:00:00+00:00, run_after=2024-05-24 00:00:00+00:00
[2024-05-24T00:36:06.203+0000] {processor.py:183} INFO - Processing /home/airflow/.local/lib/python3.12/site-packages/airflow/example_dags/example_setup_teardown.py took 0.048 seconds
[2024-05-24T00:36:37.014+0000] {processor.py:161} INFO - Started process (PID=2720) to work on /home/airflow/.local/lib/python3.12/site-packages/airflow/example_dags/example_setup_teardown.py
[2024-05-24T00:36:37.015+0000] {processor.py:830} INFO - Processing file /home/airflow/.local/lib/python3.12/site-packages/airflow/example_dags/example_setup_teardown.py for tasks to queue
[2024-05-24T00:36:37.015+0000] {logging_mixin.py:188} INFO - [2024-05-24T00:36:37.015+0000] {dagbag.py:545} INFO - Filling up the DagBag from /home/airflow/.local/lib/python3.12/site-packages/airflow/example_dags/example_setup_teardown.py
[2024-05-24T00:36:37.018+0000] {processor.py:840} INFO - DAG(s) 'example_setup_teardown' retrieved from /home/airflow/.local/lib/python3.12/site-packages/airflow/example_dags/example_setup_teardown.py
[2024-05-24T00:36:37.029+0000] {logging_mixin.py:188} INFO - [2024-05-24T00:36:37.028+0000] {dag.py:3096} INFO - Sync 1 DAGs
[2024-05-24T00:36:37.040+0000] {logging_mixin.py:188} INFO - [2024-05-24T00:36:37.040+0000] {dag.py:3954} INFO - Setting next_dagrun for example_setup_teardown to 2024-05-23 00:00:00+00:00, run_after=2024-05-24 00:00:00+00:00
[2024-05-24T00:36:37.050+0000] {processor.py:183} INFO - Processing /home/airflow/.local/lib/python3.12/site-packages/airflow/example_dags/example_setup_teardown.py took 0.038 seconds
[2024-05-24T00:37:07.630+0000] {processor.py:161} INFO - Started process (PID=2779) to work on /home/airflow/.local/lib/python3.12/site-packages/airflow/example_dags/example_setup_teardown.py
[2024-05-24T00:37:07.630+0000] {processor.py:830} INFO - Processing file /home/airflow/.local/lib/python3.12/site-packages/airflow/example_dags/example_setup_teardown.py for tasks to queue
[2024-05-24T00:37:07.630+0000] {logging_mixin.py:188} INFO - [2024-05-24T00:37:07.630+0000] {dagbag.py:545} INFO - Filling up the DagBag from /home/airflow/.local/lib/python3.12/site-packages/airflow/example_dags/example_setup_teardown.py
[2024-05-24T00:37:07.633+0000] {processor.py:840} INFO - DAG(s) 'example_setup_teardown' retrieved from /home/airflow/.local/lib/python3.12/site-packages/airflow/example_dags/example_setup_teardown.py
[2024-05-24T00:37:07.642+0000] {logging_mixin.py:188} INFO - [2024-05-24T00:37:07.641+0000] {dag.py:3096} INFO - Sync 1 DAGs
[2024-05-24T00:37:07.650+0000] {logging_mixin.py:188} INFO - [2024-05-24T00:37:07.650+0000] {dag.py:3954} INFO - Setting next_dagrun for example_setup_teardown to 2024-05-23 00:00:00+00:00, run_after=2024-05-24 00:00:00+00:00
[2024-05-24T00:37:07.656+0000] {processor.py:183} INFO - Processing /home/airflow/.local/lib/python3.12/site-packages/airflow/example_dags/example_setup_teardown.py took 0.029 seconds
[2024-05-24T00:37:38.309+0000] {processor.py:161} INFO - Started process (PID=2838) to work on /home/airflow/.local/lib/python3.12/site-packages/airflow/example_dags/example_setup_teardown.py
[2024-05-24T00:37:38.309+0000] {processor.py:830} INFO - Processing file /home/airflow/.local/lib/python3.12/site-packages/airflow/example_dags/example_setup_teardown.py for tasks to queue
[2024-05-24T00:37:38.310+0000] {logging_mixin.py:188} INFO - [2024-05-24T00:37:38.310+0000] {dagbag.py:545} INFO - Filling up the DagBag from /home/airflow/.local/lib/python3.12/site-packages/airflow/example_dags/example_setup_teardown.py
[2024-05-24T00:37:38.315+0000] {processor.py:840} INFO - DAG(s) 'example_setup_teardown' retrieved from /home/airflow/.local/lib/python3.12/site-packages/airflow/example_dags/example_setup_teardown.py
[2024-05-24T00:37:38.328+0000] {logging_mixin.py:188} INFO - [2024-05-24T00:37:38.328+0000] {dag.py:3096} INFO - Sync 1 DAGs
[2024-05-24T00:37:38.344+0000] {logging_mixin.py:188} INFO - [2024-05-24T00:37:38.344+0000] {dag.py:3954} INFO - Setting next_dagrun for example_setup_teardown to 2024-05-23 00:00:00+00:00, run_after=2024-05-24 00:00:00+00:00
[2024-05-24T00:37:38.355+0000] {processor.py:183} INFO - Processing /home/airflow/.local/lib/python3.12/site-packages/airflow/example_dags/example_setup_teardown.py took 0.049 seconds
[2024-05-24T00:38:08.974+0000] {processor.py:161} INFO - Started process (PID=2897) to work on /home/airflow/.local/lib/python3.12/site-packages/airflow/example_dags/example_setup_teardown.py
[2024-05-24T00:38:08.974+0000] {processor.py:830} INFO - Processing file /home/airflow/.local/lib/python3.12/site-packages/airflow/example_dags/example_setup_teardown.py for tasks to queue
[2024-05-24T00:38:08.975+0000] {logging_mixin.py:188} INFO - [2024-05-24T00:38:08.975+0000] {dagbag.py:545} INFO - Filling up the DagBag from /home/airflow/.local/lib/python3.12/site-packages/airflow/example_dags/example_setup_teardown.py
[2024-05-24T00:38:08.977+0000] {processor.py:840} INFO - DAG(s) 'example_setup_teardown' retrieved from /home/airflow/.local/lib/python3.12/site-packages/airflow/example_dags/example_setup_teardown.py
[2024-05-24T00:38:08.987+0000] {logging_mixin.py:188} INFO - [2024-05-24T00:38:08.987+0000] {dag.py:3096} INFO - Sync 1 DAGs
[2024-05-24T00:38:08.995+0000] {logging_mixin.py:188} INFO - [2024-05-24T00:38:08.995+0000] {dag.py:3954} INFO - Setting next_dagrun for example_setup_teardown to 2024-05-23 00:00:00+00:00, run_after=2024-05-24 00:00:00+00:00
[2024-05-24T00:38:09.003+0000] {processor.py:183} INFO - Processing /home/airflow/.local/lib/python3.12/site-packages/airflow/example_dags/example_setup_teardown.py took 0.031 seconds
[2024-05-24T00:38:39.541+0000] {processor.py:161} INFO - Started process (PID=2957) to work on /home/airflow/.local/lib/python3.12/site-packages/airflow/example_dags/example_setup_teardown.py
[2024-05-24T00:38:39.541+0000] {processor.py:830} INFO - Processing file /home/airflow/.local/lib/python3.12/site-packages/airflow/example_dags/example_setup_teardown.py for tasks to queue
[2024-05-24T00:38:39.542+0000] {logging_mixin.py:188} INFO - [2024-05-24T00:38:39.542+0000] {dagbag.py:545} INFO - Filling up the DagBag from /home/airflow/.local/lib/python3.12/site-packages/airflow/example_dags/example_setup_teardown.py
[2024-05-24T00:38:39.547+0000] {processor.py:840} INFO - DAG(s) 'example_setup_teardown' retrieved from /home/airflow/.local/lib/python3.12/site-packages/airflow/example_dags/example_setup_teardown.py
[2024-05-24T00:38:39.571+0000] {logging_mixin.py:188} INFO - [2024-05-24T00:38:39.571+0000] {dag.py:3096} INFO - Sync 1 DAGs
[2024-05-24T00:38:39.580+0000] {logging_mixin.py:188} INFO - [2024-05-24T00:38:39.580+0000] {dag.py:3954} INFO - Setting next_dagrun for example_setup_teardown to 2024-05-23 00:00:00+00:00, run_after=2024-05-24 00:00:00+00:00
[2024-05-24T00:38:39.587+0000] {processor.py:183} INFO - Processing /home/airflow/.local/lib/python3.12/site-packages/airflow/example_dags/example_setup_teardown.py took 0.052 seconds
[2024-05-24T00:39:10.077+0000] {processor.py:161} INFO - Started process (PID=3016) to work on /home/airflow/.local/lib/python3.12/site-packages/airflow/example_dags/example_setup_teardown.py
[2024-05-24T00:39:10.078+0000] {processor.py:830} INFO - Processing file /home/airflow/.local/lib/python3.12/site-packages/airflow/example_dags/example_setup_teardown.py for tasks to queue
[2024-05-24T00:39:10.078+0000] {logging_mixin.py:188} INFO - [2024-05-24T00:39:10.078+0000] {dagbag.py:545} INFO - Filling up the DagBag from /home/airflow/.local/lib/python3.12/site-packages/airflow/example_dags/example_setup_teardown.py
[2024-05-24T00:39:10.082+0000] {processor.py:840} INFO - DAG(s) 'example_setup_teardown' retrieved from /home/airflow/.local/lib/python3.12/site-packages/airflow/example_dags/example_setup_teardown.py
[2024-05-24T00:39:10.089+0000] {logging_mixin.py:188} INFO - [2024-05-24T00:39:10.089+0000] {dag.py:3096} INFO - Sync 1 DAGs
[2024-05-24T00:39:10.101+0000] {logging_mixin.py:188} INFO - [2024-05-24T00:39:10.101+0000] {dag.py:3954} INFO - Setting next_dagrun for example_setup_teardown to 2024-05-23 00:00:00+00:00, run_after=2024-05-24 00:00:00+00:00
[2024-05-24T00:39:10.108+0000] {processor.py:183} INFO - Processing /home/airflow/.local/lib/python3.12/site-packages/airflow/example_dags/example_setup_teardown.py took 0.034 seconds
[2024-05-24T00:39:40.470+0000] {processor.py:161} INFO - Started process (PID=3075) to work on /home/airflow/.local/lib/python3.12/site-packages/airflow/example_dags/example_setup_teardown.py
[2024-05-24T00:39:40.471+0000] {processor.py:830} INFO - Processing file /home/airflow/.local/lib/python3.12/site-packages/airflow/example_dags/example_setup_teardown.py for tasks to queue
[2024-05-24T00:39:40.471+0000] {logging_mixin.py:188} INFO - [2024-05-24T00:39:40.471+0000] {dagbag.py:545} INFO - Filling up the DagBag from /home/airflow/.local/lib/python3.12/site-packages/airflow/example_dags/example_setup_teardown.py
[2024-05-24T00:39:40.474+0000] {processor.py:840} INFO - DAG(s) 'example_setup_teardown' retrieved from /home/airflow/.local/lib/python3.12/site-packages/airflow/example_dags/example_setup_teardown.py
[2024-05-24T00:39:40.480+0000] {logging_mixin.py:188} INFO - [2024-05-24T00:39:40.480+0000] {dag.py:3096} INFO - Sync 1 DAGs
[2024-05-24T00:39:40.494+0000] {logging_mixin.py:188} INFO - [2024-05-24T00:39:40.494+0000] {dag.py:3954} INFO - Setting next_dagrun for example_setup_teardown to 2024-05-23 00:00:00+00:00, run_after=2024-05-24 00:00:00+00:00
[2024-05-24T00:39:40.505+0000] {processor.py:183} INFO - Processing /home/airflow/.local/lib/python3.12/site-packages/airflow/example_dags/example_setup_teardown.py took 0.037 seconds
[2024-05-24T00:40:11.526+0000] {processor.py:161} INFO - Started process (PID=3133) to work on /home/airflow/.local/lib/python3.12/site-packages/airflow/example_dags/example_setup_teardown.py
[2024-05-24T00:40:11.526+0000] {processor.py:830} INFO - Processing file /home/airflow/.local/lib/python3.12/site-packages/airflow/example_dags/example_setup_teardown.py for tasks to queue
[2024-05-24T00:40:11.527+0000] {logging_mixin.py:188} INFO - [2024-05-24T00:40:11.527+0000] {dagbag.py:545} INFO - Filling up the DagBag from /home/airflow/.local/lib/python3.12/site-packages/airflow/example_dags/example_setup_teardown.py
[2024-05-24T00:40:11.531+0000] {processor.py:840} INFO - DAG(s) 'example_setup_teardown' retrieved from /home/airflow/.local/lib/python3.12/site-packages/airflow/example_dags/example_setup_teardown.py
[2024-05-24T00:40:11.580+0000] {logging_mixin.py:188} INFO - [2024-05-24T00:40:11.580+0000] {dag.py:3096} INFO - Sync 1 DAGs
[2024-05-24T00:40:11.593+0000] {logging_mixin.py:188} INFO - [2024-05-24T00:40:11.593+0000] {dag.py:3954} INFO - Setting next_dagrun for example_setup_teardown to 2024-05-23 00:00:00+00:00, run_after=2024-05-24 00:00:00+00:00
[2024-05-24T00:40:11.603+0000] {processor.py:183} INFO - Processing /home/airflow/.local/lib/python3.12/site-packages/airflow/example_dags/example_setup_teardown.py took 0.083 seconds
