[2024-05-24T00:14:37.816+0000] {processor.py:161} INFO - Started process (PID=81) to work on /home/airflow/.local/lib/python3.12/site-packages/airflow/example_dags/example_short_circuit_operator.py
[2024-05-24T00:14:37.817+0000] {processor.py:830} INFO - Processing file /home/airflow/.local/lib/python3.12/site-packages/airflow/example_dags/example_short_circuit_operator.py for tasks to queue
[2024-05-24T00:14:37.818+0000] {logging_mixin.py:188} INFO - [2024-05-24T00:14:37.818+0000] {dagbag.py:545} INFO - Filling up the DagBag from /home/airflow/.local/lib/python3.12/site-packages/airflow/example_dags/example_short_circuit_operator.py
[2024-05-24T00:14:37.821+0000] {processor.py:840} INFO - DAG(s) 'example_short_circuit_operator' retrieved from /home/airflow/.local/lib/python3.12/site-packages/airflow/example_dags/example_short_circuit_operator.py
[2024-05-24T00:14:37.828+0000] {logging_mixin.py:188} INFO - [2024-05-24T00:14:37.827+0000] {dag.py:3096} INFO - Sync 1 DAGs
[2024-05-24T00:14:37.844+0000] {logging_mixin.py:188} INFO - [2024-05-24T00:14:37.844+0000] {dag.py:3954} INFO - Setting next_dagrun for example_short_circuit_operator to 2024-05-23 00:00:00+00:00, run_after=2024-05-24 00:00:00+00:00
[2024-05-24T00:14:37.855+0000] {processor.py:183} INFO - Processing /home/airflow/.local/lib/python3.12/site-packages/airflow/example_dags/example_short_circuit_operator.py took 0.043 seconds
[2024-05-24T00:15:08.735+0000] {processor.py:161} INFO - Started process (PID=140) to work on /home/airflow/.local/lib/python3.12/site-packages/airflow/example_dags/example_short_circuit_operator.py
[2024-05-24T00:15:08.735+0000] {processor.py:830} INFO - Processing file /home/airflow/.local/lib/python3.12/site-packages/airflow/example_dags/example_short_circuit_operator.py for tasks to queue
[2024-05-24T00:15:08.736+0000] {logging_mixin.py:188} INFO - [2024-05-24T00:15:08.736+0000] {dagbag.py:545} INFO - Filling up the DagBag from /home/airflow/.local/lib/python3.12/site-packages/airflow/example_dags/example_short_circuit_operator.py
[2024-05-24T00:15:08.739+0000] {processor.py:840} INFO - DAG(s) 'example_short_circuit_operator' retrieved from /home/airflow/.local/lib/python3.12/site-packages/airflow/example_dags/example_short_circuit_operator.py
[2024-05-24T00:15:08.782+0000] {logging_mixin.py:188} INFO - [2024-05-24T00:15:08.782+0000] {dag.py:3096} INFO - Sync 1 DAGs
[2024-05-24T00:15:08.790+0000] {logging_mixin.py:188} INFO - [2024-05-24T00:15:08.790+0000] {dag.py:3954} INFO - Setting next_dagrun for example_short_circuit_operator to 2024-05-23 00:00:00+00:00, run_after=2024-05-24 00:00:00+00:00
[2024-05-24T00:15:08.798+0000] {processor.py:183} INFO - Processing /home/airflow/.local/lib/python3.12/site-packages/airflow/example_dags/example_short_circuit_operator.py took 0.066 seconds
[2024-05-24T00:15:39.530+0000] {processor.py:161} INFO - Started process (PID=199) to work on /home/airflow/.local/lib/python3.12/site-packages/airflow/example_dags/example_short_circuit_operator.py
[2024-05-24T00:15:39.531+0000] {processor.py:830} INFO - Processing file /home/airflow/.local/lib/python3.12/site-packages/airflow/example_dags/example_short_circuit_operator.py for tasks to queue
[2024-05-24T00:15:39.532+0000] {logging_mixin.py:188} INFO - [2024-05-24T00:15:39.532+0000] {dagbag.py:545} INFO - Filling up the DagBag from /home/airflow/.local/lib/python3.12/site-packages/airflow/example_dags/example_short_circuit_operator.py
[2024-05-24T00:15:39.536+0000] {processor.py:840} INFO - DAG(s) 'example_short_circuit_operator' retrieved from /home/airflow/.local/lib/python3.12/site-packages/airflow/example_dags/example_short_circuit_operator.py
[2024-05-24T00:15:39.544+0000] {logging_mixin.py:188} INFO - [2024-05-24T00:15:39.544+0000] {dag.py:3096} INFO - Sync 1 DAGs
[2024-05-24T00:15:39.553+0000] {logging_mixin.py:188} INFO - [2024-05-24T00:15:39.552+0000] {dag.py:3954} INFO - Setting next_dagrun for example_short_circuit_operator to 2024-05-23 00:00:00+00:00, run_after=2024-05-24 00:00:00+00:00
[2024-05-24T00:15:39.559+0000] {processor.py:183} INFO - Processing /home/airflow/.local/lib/python3.12/site-packages/airflow/example_dags/example_short_circuit_operator.py took 0.033 seconds
[2024-05-24T00:16:10.087+0000] {processor.py:161} INFO - Started process (PID=258) to work on /home/airflow/.local/lib/python3.12/site-packages/airflow/example_dags/example_short_circuit_operator.py
[2024-05-24T00:16:10.088+0000] {processor.py:830} INFO - Processing file /home/airflow/.local/lib/python3.12/site-packages/airflow/example_dags/example_short_circuit_operator.py for tasks to queue
[2024-05-24T00:16:10.088+0000] {logging_mixin.py:188} INFO - [2024-05-24T00:16:10.088+0000] {dagbag.py:545} INFO - Filling up the DagBag from /home/airflow/.local/lib/python3.12/site-packages/airflow/example_dags/example_short_circuit_operator.py
[2024-05-24T00:16:10.091+0000] {processor.py:840} INFO - DAG(s) 'example_short_circuit_operator' retrieved from /home/airflow/.local/lib/python3.12/site-packages/airflow/example_dags/example_short_circuit_operator.py
[2024-05-24T00:16:10.102+0000] {logging_mixin.py:188} INFO - [2024-05-24T00:16:10.102+0000] {dag.py:3096} INFO - Sync 1 DAGs
[2024-05-24T00:16:10.112+0000] {logging_mixin.py:188} INFO - [2024-05-24T00:16:10.112+0000] {dag.py:3954} INFO - Setting next_dagrun for example_short_circuit_operator to 2024-05-23 00:00:00+00:00, run_after=2024-05-24 00:00:00+00:00
[2024-05-24T00:16:10.119+0000] {processor.py:183} INFO - Processing /home/airflow/.local/lib/python3.12/site-packages/airflow/example_dags/example_short_circuit_operator.py took 0.034 seconds
[2024-05-24T00:16:40.501+0000] {processor.py:161} INFO - Started process (PID=318) to work on /home/airflow/.local/lib/python3.12/site-packages/airflow/example_dags/example_short_circuit_operator.py
[2024-05-24T00:16:40.501+0000] {processor.py:830} INFO - Processing file /home/airflow/.local/lib/python3.12/site-packages/airflow/example_dags/example_short_circuit_operator.py for tasks to queue
[2024-05-24T00:16:40.502+0000] {logging_mixin.py:188} INFO - [2024-05-24T00:16:40.502+0000] {dagbag.py:545} INFO - Filling up the DagBag from /home/airflow/.local/lib/python3.12/site-packages/airflow/example_dags/example_short_circuit_operator.py
[2024-05-24T00:16:40.505+0000] {processor.py:840} INFO - DAG(s) 'example_short_circuit_operator' retrieved from /home/airflow/.local/lib/python3.12/site-packages/airflow/example_dags/example_short_circuit_operator.py
[2024-05-24T00:16:40.517+0000] {logging_mixin.py:188} INFO - [2024-05-24T00:16:40.516+0000] {dag.py:3096} INFO - Sync 1 DAGs
[2024-05-24T00:16:40.530+0000] {logging_mixin.py:188} INFO - [2024-05-24T00:16:40.529+0000] {dag.py:3954} INFO - Setting next_dagrun for example_short_circuit_operator to 2024-05-23 00:00:00+00:00, run_after=2024-05-24 00:00:00+00:00
[2024-05-24T00:16:40.538+0000] {processor.py:183} INFO - Processing /home/airflow/.local/lib/python3.12/site-packages/airflow/example_dags/example_short_circuit_operator.py took 0.039 seconds
[2024-05-24T00:17:10.951+0000] {processor.py:161} INFO - Started process (PID=377) to work on /home/airflow/.local/lib/python3.12/site-packages/airflow/example_dags/example_short_circuit_operator.py
[2024-05-24T00:17:10.952+0000] {processor.py:830} INFO - Processing file /home/airflow/.local/lib/python3.12/site-packages/airflow/example_dags/example_short_circuit_operator.py for tasks to queue
[2024-05-24T00:17:10.952+0000] {logging_mixin.py:188} INFO - [2024-05-24T00:17:10.952+0000] {dagbag.py:545} INFO - Filling up the DagBag from /home/airflow/.local/lib/python3.12/site-packages/airflow/example_dags/example_short_circuit_operator.py
[2024-05-24T00:17:10.955+0000] {processor.py:840} INFO - DAG(s) 'example_short_circuit_operator' retrieved from /home/airflow/.local/lib/python3.12/site-packages/airflow/example_dags/example_short_circuit_operator.py
[2024-05-24T00:17:10.964+0000] {logging_mixin.py:188} INFO - [2024-05-24T00:17:10.964+0000] {dag.py:3096} INFO - Sync 1 DAGs
[2024-05-24T00:17:10.973+0000] {logging_mixin.py:188} INFO - [2024-05-24T00:17:10.972+0000] {dag.py:3954} INFO - Setting next_dagrun for example_short_circuit_operator to 2024-05-23 00:00:00+00:00, run_after=2024-05-24 00:00:00+00:00
[2024-05-24T00:17:10.979+0000] {processor.py:183} INFO - Processing /home/airflow/.local/lib/python3.12/site-packages/airflow/example_dags/example_short_circuit_operator.py took 0.030 seconds
[2024-05-24T00:17:41.395+0000] {processor.py:161} INFO - Started process (PID=436) to work on /home/airflow/.local/lib/python3.12/site-packages/airflow/example_dags/example_short_circuit_operator.py
[2024-05-24T00:17:41.396+0000] {processor.py:830} INFO - Processing file /home/airflow/.local/lib/python3.12/site-packages/airflow/example_dags/example_short_circuit_operator.py for tasks to queue
[2024-05-24T00:17:41.397+0000] {logging_mixin.py:188} INFO - [2024-05-24T00:17:41.397+0000] {dagbag.py:545} INFO - Filling up the DagBag from /home/airflow/.local/lib/python3.12/site-packages/airflow/example_dags/example_short_circuit_operator.py
[2024-05-24T00:17:41.400+0000] {processor.py:840} INFO - DAG(s) 'example_short_circuit_operator' retrieved from /home/airflow/.local/lib/python3.12/site-packages/airflow/example_dags/example_short_circuit_operator.py
[2024-05-24T00:17:41.423+0000] {logging_mixin.py:188} INFO - [2024-05-24T00:17:41.423+0000] {dag.py:3096} INFO - Sync 1 DAGs
[2024-05-24T00:17:41.433+0000] {logging_mixin.py:188} INFO - [2024-05-24T00:17:41.433+0000] {dag.py:3954} INFO - Setting next_dagrun for example_short_circuit_operator to 2024-05-23 00:00:00+00:00, run_after=2024-05-24 00:00:00+00:00
[2024-05-24T00:17:41.441+0000] {processor.py:183} INFO - Processing /home/airflow/.local/lib/python3.12/site-packages/airflow/example_dags/example_short_circuit_operator.py took 0.050 seconds
[2024-05-24T00:18:12.069+0000] {processor.py:161} INFO - Started process (PID=496) to work on /home/airflow/.local/lib/python3.12/site-packages/airflow/example_dags/example_short_circuit_operator.py
[2024-05-24T00:18:12.069+0000] {processor.py:830} INFO - Processing file /home/airflow/.local/lib/python3.12/site-packages/airflow/example_dags/example_short_circuit_operator.py for tasks to queue
[2024-05-24T00:18:12.070+0000] {logging_mixin.py:188} INFO - [2024-05-24T00:18:12.070+0000] {dagbag.py:545} INFO - Filling up the DagBag from /home/airflow/.local/lib/python3.12/site-packages/airflow/example_dags/example_short_circuit_operator.py
[2024-05-24T00:18:12.075+0000] {processor.py:840} INFO - DAG(s) 'example_short_circuit_operator' retrieved from /home/airflow/.local/lib/python3.12/site-packages/airflow/example_dags/example_short_circuit_operator.py
[2024-05-24T00:18:12.090+0000] {logging_mixin.py:188} INFO - [2024-05-24T00:18:12.090+0000] {dag.py:3096} INFO - Sync 1 DAGs
[2024-05-24T00:18:12.102+0000] {logging_mixin.py:188} INFO - [2024-05-24T00:18:12.102+0000] {dag.py:3954} INFO - Setting next_dagrun for example_short_circuit_operator to 2024-05-23 00:00:00+00:00, run_after=2024-05-24 00:00:00+00:00
[2024-05-24T00:18:12.113+0000] {processor.py:183} INFO - Processing /home/airflow/.local/lib/python3.12/site-packages/airflow/example_dags/example_short_circuit_operator.py took 0.047 seconds
[2024-05-24T00:18:42.828+0000] {processor.py:161} INFO - Started process (PID=562) to work on /home/airflow/.local/lib/python3.12/site-packages/airflow/example_dags/example_short_circuit_operator.py
[2024-05-24T00:18:42.829+0000] {processor.py:830} INFO - Processing file /home/airflow/.local/lib/python3.12/site-packages/airflow/example_dags/example_short_circuit_operator.py for tasks to queue
[2024-05-24T00:18:42.829+0000] {logging_mixin.py:188} INFO - [2024-05-24T00:18:42.829+0000] {dagbag.py:545} INFO - Filling up the DagBag from /home/airflow/.local/lib/python3.12/site-packages/airflow/example_dags/example_short_circuit_operator.py
[2024-05-24T00:18:42.832+0000] {processor.py:840} INFO - DAG(s) 'example_short_circuit_operator' retrieved from /home/airflow/.local/lib/python3.12/site-packages/airflow/example_dags/example_short_circuit_operator.py
[2024-05-24T00:18:42.843+0000] {logging_mixin.py:188} INFO - [2024-05-24T00:18:42.843+0000] {dag.py:3096} INFO - Sync 1 DAGs
[2024-05-24T00:18:42.854+0000] {logging_mixin.py:188} INFO - [2024-05-24T00:18:42.854+0000] {dag.py:3954} INFO - Setting next_dagrun for example_short_circuit_operator to 2024-05-23 00:00:00+00:00, run_after=2024-05-24 00:00:00+00:00
[2024-05-24T00:18:42.864+0000] {processor.py:183} INFO - Processing /home/airflow/.local/lib/python3.12/site-packages/airflow/example_dags/example_short_circuit_operator.py took 0.037 seconds
[2024-05-24T00:19:13.592+0000] {processor.py:161} INFO - Started process (PID=622) to work on /home/airflow/.local/lib/python3.12/site-packages/airflow/example_dags/example_short_circuit_operator.py
[2024-05-24T00:19:13.593+0000] {processor.py:830} INFO - Processing file /home/airflow/.local/lib/python3.12/site-packages/airflow/example_dags/example_short_circuit_operator.py for tasks to queue
[2024-05-24T00:19:13.594+0000] {logging_mixin.py:188} INFO - [2024-05-24T00:19:13.594+0000] {dagbag.py:545} INFO - Filling up the DagBag from /home/airflow/.local/lib/python3.12/site-packages/airflow/example_dags/example_short_circuit_operator.py
[2024-05-24T00:19:13.598+0000] {processor.py:840} INFO - DAG(s) 'example_short_circuit_operator' retrieved from /home/airflow/.local/lib/python3.12/site-packages/airflow/example_dags/example_short_circuit_operator.py
[2024-05-24T00:19:13.613+0000] {logging_mixin.py:188} INFO - [2024-05-24T00:19:13.613+0000] {dag.py:3096} INFO - Sync 1 DAGs
[2024-05-24T00:19:13.627+0000] {logging_mixin.py:188} INFO - [2024-05-24T00:19:13.627+0000] {dag.py:3954} INFO - Setting next_dagrun for example_short_circuit_operator to 2024-05-23 00:00:00+00:00, run_after=2024-05-24 00:00:00+00:00
[2024-05-24T00:19:13.637+0000] {processor.py:183} INFO - Processing /home/airflow/.local/lib/python3.12/site-packages/airflow/example_dags/example_short_circuit_operator.py took 0.049 seconds
[2024-05-24T00:19:44.329+0000] {processor.py:161} INFO - Started process (PID=682) to work on /home/airflow/.local/lib/python3.12/site-packages/airflow/example_dags/example_short_circuit_operator.py
[2024-05-24T00:19:44.330+0000] {processor.py:830} INFO - Processing file /home/airflow/.local/lib/python3.12/site-packages/airflow/example_dags/example_short_circuit_operator.py for tasks to queue
[2024-05-24T00:19:44.331+0000] {logging_mixin.py:188} INFO - [2024-05-24T00:19:44.330+0000] {dagbag.py:545} INFO - Filling up the DagBag from /home/airflow/.local/lib/python3.12/site-packages/airflow/example_dags/example_short_circuit_operator.py
[2024-05-24T00:19:44.334+0000] {processor.py:840} INFO - DAG(s) 'example_short_circuit_operator' retrieved from /home/airflow/.local/lib/python3.12/site-packages/airflow/example_dags/example_short_circuit_operator.py
[2024-05-24T00:19:44.345+0000] {logging_mixin.py:188} INFO - [2024-05-24T00:19:44.345+0000] {dag.py:3096} INFO - Sync 1 DAGs
[2024-05-24T00:19:44.364+0000] {logging_mixin.py:188} INFO - [2024-05-24T00:19:44.364+0000] {dag.py:3954} INFO - Setting next_dagrun for example_short_circuit_operator to 2024-05-23 00:00:00+00:00, run_after=2024-05-24 00:00:00+00:00
[2024-05-24T00:19:44.372+0000] {processor.py:183} INFO - Processing /home/airflow/.local/lib/python3.12/site-packages/airflow/example_dags/example_short_circuit_operator.py took 0.045 seconds
[2024-05-24T00:20:14.997+0000] {processor.py:161} INFO - Started process (PID=741) to work on /home/airflow/.local/lib/python3.12/site-packages/airflow/example_dags/example_short_circuit_operator.py
[2024-05-24T00:20:14.998+0000] {processor.py:830} INFO - Processing file /home/airflow/.local/lib/python3.12/site-packages/airflow/example_dags/example_short_circuit_operator.py for tasks to queue
[2024-05-24T00:20:14.998+0000] {logging_mixin.py:188} INFO - [2024-05-24T00:20:14.998+0000] {dagbag.py:545} INFO - Filling up the DagBag from /home/airflow/.local/lib/python3.12/site-packages/airflow/example_dags/example_short_circuit_operator.py
[2024-05-24T00:20:15.001+0000] {processor.py:840} INFO - DAG(s) 'example_short_circuit_operator' retrieved from /home/airflow/.local/lib/python3.12/site-packages/airflow/example_dags/example_short_circuit_operator.py
[2024-05-24T00:20:15.012+0000] {logging_mixin.py:188} INFO - [2024-05-24T00:20:15.012+0000] {dag.py:3096} INFO - Sync 1 DAGs
[2024-05-24T00:20:15.027+0000] {logging_mixin.py:188} INFO - [2024-05-24T00:20:15.027+0000] {dag.py:3954} INFO - Setting next_dagrun for example_short_circuit_operator to 2024-05-23 00:00:00+00:00, run_after=2024-05-24 00:00:00+00:00
[2024-05-24T00:20:15.038+0000] {processor.py:183} INFO - Processing /home/airflow/.local/lib/python3.12/site-packages/airflow/example_dags/example_short_circuit_operator.py took 0.043 seconds
[2024-05-24T00:20:45.712+0000] {processor.py:161} INFO - Started process (PID=801) to work on /home/airflow/.local/lib/python3.12/site-packages/airflow/example_dags/example_short_circuit_operator.py
[2024-05-24T00:20:45.713+0000] {processor.py:830} INFO - Processing file /home/airflow/.local/lib/python3.12/site-packages/airflow/example_dags/example_short_circuit_operator.py for tasks to queue
[2024-05-24T00:20:45.714+0000] {logging_mixin.py:188} INFO - [2024-05-24T00:20:45.714+0000] {dagbag.py:545} INFO - Filling up the DagBag from /home/airflow/.local/lib/python3.12/site-packages/airflow/example_dags/example_short_circuit_operator.py
[2024-05-24T00:20:45.719+0000] {processor.py:840} INFO - DAG(s) 'example_short_circuit_operator' retrieved from /home/airflow/.local/lib/python3.12/site-packages/airflow/example_dags/example_short_circuit_operator.py
[2024-05-24T00:20:45.733+0000] {logging_mixin.py:188} INFO - [2024-05-24T00:20:45.733+0000] {dag.py:3096} INFO - Sync 1 DAGs
[2024-05-24T00:20:45.752+0000] {logging_mixin.py:188} INFO - [2024-05-24T00:20:45.752+0000] {dag.py:3954} INFO - Setting next_dagrun for example_short_circuit_operator to 2024-05-23 00:00:00+00:00, run_after=2024-05-24 00:00:00+00:00
[2024-05-24T00:20:45.761+0000] {processor.py:183} INFO - Processing /home/airflow/.local/lib/python3.12/site-packages/airflow/example_dags/example_short_circuit_operator.py took 0.054 seconds
[2024-05-24T00:21:16.306+0000] {processor.py:161} INFO - Started process (PID=878) to work on /home/airflow/.local/lib/python3.12/site-packages/airflow/example_dags/example_short_circuit_operator.py
[2024-05-24T00:21:16.307+0000] {processor.py:830} INFO - Processing file /home/airflow/.local/lib/python3.12/site-packages/airflow/example_dags/example_short_circuit_operator.py for tasks to queue
[2024-05-24T00:21:16.308+0000] {logging_mixin.py:188} INFO - [2024-05-24T00:21:16.308+0000] {dagbag.py:545} INFO - Filling up the DagBag from /home/airflow/.local/lib/python3.12/site-packages/airflow/example_dags/example_short_circuit_operator.py
[2024-05-24T00:21:16.312+0000] {processor.py:840} INFO - DAG(s) 'example_short_circuit_operator' retrieved from /home/airflow/.local/lib/python3.12/site-packages/airflow/example_dags/example_short_circuit_operator.py
[2024-05-24T00:21:16.322+0000] {logging_mixin.py:188} INFO - [2024-05-24T00:21:16.322+0000] {dag.py:3096} INFO - Sync 1 DAGs
[2024-05-24T00:21:16.331+0000] {logging_mixin.py:188} INFO - [2024-05-24T00:21:16.331+0000] {dag.py:3954} INFO - Setting next_dagrun for example_short_circuit_operator to 2024-05-23 00:00:00+00:00, run_after=2024-05-24 00:00:00+00:00
[2024-05-24T00:21:16.338+0000] {processor.py:183} INFO - Processing /home/airflow/.local/lib/python3.12/site-packages/airflow/example_dags/example_short_circuit_operator.py took 0.035 seconds
[2024-05-24T00:21:47.003+0000] {processor.py:161} INFO - Started process (PID=956) to work on /home/airflow/.local/lib/python3.12/site-packages/airflow/example_dags/example_short_circuit_operator.py
[2024-05-24T00:21:47.003+0000] {processor.py:830} INFO - Processing file /home/airflow/.local/lib/python3.12/site-packages/airflow/example_dags/example_short_circuit_operator.py for tasks to queue
[2024-05-24T00:21:47.004+0000] {logging_mixin.py:188} INFO - [2024-05-24T00:21:47.004+0000] {dagbag.py:545} INFO - Filling up the DagBag from /home/airflow/.local/lib/python3.12/site-packages/airflow/example_dags/example_short_circuit_operator.py
[2024-05-24T00:21:47.007+0000] {processor.py:840} INFO - DAG(s) 'example_short_circuit_operator' retrieved from /home/airflow/.local/lib/python3.12/site-packages/airflow/example_dags/example_short_circuit_operator.py
[2024-05-24T00:21:47.018+0000] {logging_mixin.py:188} INFO - [2024-05-24T00:21:47.018+0000] {dag.py:3096} INFO - Sync 1 DAGs
[2024-05-24T00:21:47.033+0000] {logging_mixin.py:188} INFO - [2024-05-24T00:21:47.033+0000] {dag.py:3954} INFO - Setting next_dagrun for example_short_circuit_operator to 2024-05-23 00:00:00+00:00, run_after=2024-05-24 00:00:00+00:00
[2024-05-24T00:21:47.051+0000] {processor.py:183} INFO - Processing /home/airflow/.local/lib/python3.12/site-packages/airflow/example_dags/example_short_circuit_operator.py took 0.051 seconds
[2024-05-24T00:22:17.744+0000] {processor.py:161} INFO - Started process (PID=1016) to work on /home/airflow/.local/lib/python3.12/site-packages/airflow/example_dags/example_short_circuit_operator.py
[2024-05-24T00:22:17.745+0000] {processor.py:830} INFO - Processing file /home/airflow/.local/lib/python3.12/site-packages/airflow/example_dags/example_short_circuit_operator.py for tasks to queue
[2024-05-24T00:22:17.745+0000] {logging_mixin.py:188} INFO - [2024-05-24T00:22:17.745+0000] {dagbag.py:545} INFO - Filling up the DagBag from /home/airflow/.local/lib/python3.12/site-packages/airflow/example_dags/example_short_circuit_operator.py
[2024-05-24T00:22:17.748+0000] {processor.py:840} INFO - DAG(s) 'example_short_circuit_operator' retrieved from /home/airflow/.local/lib/python3.12/site-packages/airflow/example_dags/example_short_circuit_operator.py
[2024-05-24T00:22:17.760+0000] {logging_mixin.py:188} INFO - [2024-05-24T00:22:17.760+0000] {dag.py:3096} INFO - Sync 1 DAGs
[2024-05-24T00:22:17.772+0000] {logging_mixin.py:188} INFO - [2024-05-24T00:22:17.772+0000] {dag.py:3954} INFO - Setting next_dagrun for example_short_circuit_operator to 2024-05-23 00:00:00+00:00, run_after=2024-05-24 00:00:00+00:00
[2024-05-24T00:22:17.779+0000] {processor.py:183} INFO - Processing /home/airflow/.local/lib/python3.12/site-packages/airflow/example_dags/example_short_circuit_operator.py took 0.038 seconds
[2024-05-24T00:22:47.884+0000] {processor.py:161} INFO - Started process (PID=1094) to work on /home/airflow/.local/lib/python3.12/site-packages/airflow/example_dags/example_short_circuit_operator.py
[2024-05-24T00:22:47.885+0000] {processor.py:830} INFO - Processing file /home/airflow/.local/lib/python3.12/site-packages/airflow/example_dags/example_short_circuit_operator.py for tasks to queue
[2024-05-24T00:22:47.885+0000] {logging_mixin.py:188} INFO - [2024-05-24T00:22:47.885+0000] {dagbag.py:545} INFO - Filling up the DagBag from /home/airflow/.local/lib/python3.12/site-packages/airflow/example_dags/example_short_circuit_operator.py
[2024-05-24T00:22:47.888+0000] {processor.py:840} INFO - DAG(s) 'example_short_circuit_operator' retrieved from /home/airflow/.local/lib/python3.12/site-packages/airflow/example_dags/example_short_circuit_operator.py
[2024-05-24T00:22:47.903+0000] {logging_mixin.py:188} INFO - [2024-05-24T00:22:47.902+0000] {dag.py:3096} INFO - Sync 1 DAGs
[2024-05-24T00:22:47.916+0000] {logging_mixin.py:188} INFO - [2024-05-24T00:22:47.916+0000] {dag.py:3954} INFO - Setting next_dagrun for example_short_circuit_operator to 2024-05-23 00:00:00+00:00, run_after=2024-05-24 00:00:00+00:00
[2024-05-24T00:22:47.927+0000] {processor.py:183} INFO - Processing /home/airflow/.local/lib/python3.12/site-packages/airflow/example_dags/example_short_circuit_operator.py took 0.046 seconds
[2024-05-24T00:23:18.621+0000] {processor.py:161} INFO - Started process (PID=1154) to work on /home/airflow/.local/lib/python3.12/site-packages/airflow/example_dags/example_short_circuit_operator.py
[2024-05-24T00:23:18.622+0000] {processor.py:830} INFO - Processing file /home/airflow/.local/lib/python3.12/site-packages/airflow/example_dags/example_short_circuit_operator.py for tasks to queue
[2024-05-24T00:23:18.622+0000] {logging_mixin.py:188} INFO - [2024-05-24T00:23:18.622+0000] {dagbag.py:545} INFO - Filling up the DagBag from /home/airflow/.local/lib/python3.12/site-packages/airflow/example_dags/example_short_circuit_operator.py
[2024-05-24T00:23:18.625+0000] {processor.py:840} INFO - DAG(s) 'example_short_circuit_operator' retrieved from /home/airflow/.local/lib/python3.12/site-packages/airflow/example_dags/example_short_circuit_operator.py
[2024-05-24T00:23:18.637+0000] {logging_mixin.py:188} INFO - [2024-05-24T00:23:18.637+0000] {dag.py:3096} INFO - Sync 1 DAGs
[2024-05-24T00:23:18.650+0000] {logging_mixin.py:188} INFO - [2024-05-24T00:23:18.650+0000] {dag.py:3954} INFO - Setting next_dagrun for example_short_circuit_operator to 2024-05-23 00:00:00+00:00, run_after=2024-05-24 00:00:00+00:00
[2024-05-24T00:23:18.660+0000] {processor.py:183} INFO - Processing /home/airflow/.local/lib/python3.12/site-packages/airflow/example_dags/example_short_circuit_operator.py took 0.041 seconds
[2024-05-24T00:23:49.466+0000] {processor.py:161} INFO - Started process (PID=1214) to work on /home/airflow/.local/lib/python3.12/site-packages/airflow/example_dags/example_short_circuit_operator.py
[2024-05-24T00:23:49.466+0000] {processor.py:830} INFO - Processing file /home/airflow/.local/lib/python3.12/site-packages/airflow/example_dags/example_short_circuit_operator.py for tasks to queue
[2024-05-24T00:23:49.467+0000] {logging_mixin.py:188} INFO - [2024-05-24T00:23:49.467+0000] {dagbag.py:545} INFO - Filling up the DagBag from /home/airflow/.local/lib/python3.12/site-packages/airflow/example_dags/example_short_circuit_operator.py
[2024-05-24T00:23:49.470+0000] {processor.py:840} INFO - DAG(s) 'example_short_circuit_operator' retrieved from /home/airflow/.local/lib/python3.12/site-packages/airflow/example_dags/example_short_circuit_operator.py
[2024-05-24T00:23:49.483+0000] {logging_mixin.py:188} INFO - [2024-05-24T00:23:49.483+0000] {dag.py:3096} INFO - Sync 1 DAGs
[2024-05-24T00:23:49.492+0000] {logging_mixin.py:188} INFO - [2024-05-24T00:23:49.492+0000] {dag.py:3954} INFO - Setting next_dagrun for example_short_circuit_operator to 2024-05-23 00:00:00+00:00, run_after=2024-05-24 00:00:00+00:00
[2024-05-24T00:23:49.503+0000] {processor.py:183} INFO - Processing /home/airflow/.local/lib/python3.12/site-packages/airflow/example_dags/example_short_circuit_operator.py took 0.040 seconds
[2024-05-24T00:24:20.251+0000] {processor.py:161} INFO - Started process (PID=1274) to work on /home/airflow/.local/lib/python3.12/site-packages/airflow/example_dags/example_short_circuit_operator.py
[2024-05-24T00:24:20.252+0000] {processor.py:830} INFO - Processing file /home/airflow/.local/lib/python3.12/site-packages/airflow/example_dags/example_short_circuit_operator.py for tasks to queue
[2024-05-24T00:24:20.252+0000] {logging_mixin.py:188} INFO - [2024-05-24T00:24:20.252+0000] {dagbag.py:545} INFO - Filling up the DagBag from /home/airflow/.local/lib/python3.12/site-packages/airflow/example_dags/example_short_circuit_operator.py
[2024-05-24T00:24:20.255+0000] {processor.py:840} INFO - DAG(s) 'example_short_circuit_operator' retrieved from /home/airflow/.local/lib/python3.12/site-packages/airflow/example_dags/example_short_circuit_operator.py
[2024-05-24T00:24:20.269+0000] {logging_mixin.py:188} INFO - [2024-05-24T00:24:20.269+0000] {dag.py:3096} INFO - Sync 1 DAGs
[2024-05-24T00:24:20.283+0000] {logging_mixin.py:188} INFO - [2024-05-24T00:24:20.283+0000] {dag.py:3954} INFO - Setting next_dagrun for example_short_circuit_operator to 2024-05-23 00:00:00+00:00, run_after=2024-05-24 00:00:00+00:00
[2024-05-24T00:24:20.294+0000] {processor.py:183} INFO - Processing /home/airflow/.local/lib/python3.12/site-packages/airflow/example_dags/example_short_circuit_operator.py took 0.045 seconds
[2024-05-24T00:24:50.968+0000] {processor.py:161} INFO - Started process (PID=1334) to work on /home/airflow/.local/lib/python3.12/site-packages/airflow/example_dags/example_short_circuit_operator.py
[2024-05-24T00:24:50.969+0000] {processor.py:830} INFO - Processing file /home/airflow/.local/lib/python3.12/site-packages/airflow/example_dags/example_short_circuit_operator.py for tasks to queue
[2024-05-24T00:24:50.970+0000] {logging_mixin.py:188} INFO - [2024-05-24T00:24:50.970+0000] {dagbag.py:545} INFO - Filling up the DagBag from /home/airflow/.local/lib/python3.12/site-packages/airflow/example_dags/example_short_circuit_operator.py
[2024-05-24T00:24:50.974+0000] {processor.py:840} INFO - DAG(s) 'example_short_circuit_operator' retrieved from /home/airflow/.local/lib/python3.12/site-packages/airflow/example_dags/example_short_circuit_operator.py
[2024-05-24T00:24:50.983+0000] {logging_mixin.py:188} INFO - [2024-05-24T00:24:50.983+0000] {dag.py:3096} INFO - Sync 1 DAGs
[2024-05-24T00:24:50.992+0000] {logging_mixin.py:188} INFO - [2024-05-24T00:24:50.992+0000] {dag.py:3954} INFO - Setting next_dagrun for example_short_circuit_operator to 2024-05-23 00:00:00+00:00, run_after=2024-05-24 00:00:00+00:00
[2024-05-24T00:24:50.998+0000] {processor.py:183} INFO - Processing /home/airflow/.local/lib/python3.12/site-packages/airflow/example_dags/example_short_circuit_operator.py took 0.035 seconds
[2024-05-24T00:25:21.724+0000] {processor.py:161} INFO - Started process (PID=1394) to work on /home/airflow/.local/lib/python3.12/site-packages/airflow/example_dags/example_short_circuit_operator.py
[2024-05-24T00:25:21.724+0000] {processor.py:830} INFO - Processing file /home/airflow/.local/lib/python3.12/site-packages/airflow/example_dags/example_short_circuit_operator.py for tasks to queue
[2024-05-24T00:25:21.725+0000] {logging_mixin.py:188} INFO - [2024-05-24T00:25:21.725+0000] {dagbag.py:545} INFO - Filling up the DagBag from /home/airflow/.local/lib/python3.12/site-packages/airflow/example_dags/example_short_circuit_operator.py
[2024-05-24T00:25:21.728+0000] {processor.py:840} INFO - DAG(s) 'example_short_circuit_operator' retrieved from /home/airflow/.local/lib/python3.12/site-packages/airflow/example_dags/example_short_circuit_operator.py
[2024-05-24T00:25:21.737+0000] {logging_mixin.py:188} INFO - [2024-05-24T00:25:21.737+0000] {dag.py:3096} INFO - Sync 1 DAGs
[2024-05-24T00:25:21.745+0000] {logging_mixin.py:188} INFO - [2024-05-24T00:25:21.745+0000] {dag.py:3954} INFO - Setting next_dagrun for example_short_circuit_operator to 2024-05-23 00:00:00+00:00, run_after=2024-05-24 00:00:00+00:00
[2024-05-24T00:25:21.752+0000] {processor.py:183} INFO - Processing /home/airflow/.local/lib/python3.12/site-packages/airflow/example_dags/example_short_circuit_operator.py took 0.031 seconds
[2024-05-24T00:25:52.355+0000] {processor.py:161} INFO - Started process (PID=1454) to work on /home/airflow/.local/lib/python3.12/site-packages/airflow/example_dags/example_short_circuit_operator.py
[2024-05-24T00:25:52.356+0000] {processor.py:830} INFO - Processing file /home/airflow/.local/lib/python3.12/site-packages/airflow/example_dags/example_short_circuit_operator.py for tasks to queue
[2024-05-24T00:25:52.356+0000] {logging_mixin.py:188} INFO - [2024-05-24T00:25:52.356+0000] {dagbag.py:545} INFO - Filling up the DagBag from /home/airflow/.local/lib/python3.12/site-packages/airflow/example_dags/example_short_circuit_operator.py
[2024-05-24T00:25:52.359+0000] {processor.py:840} INFO - DAG(s) 'example_short_circuit_operator' retrieved from /home/airflow/.local/lib/python3.12/site-packages/airflow/example_dags/example_short_circuit_operator.py
[2024-05-24T00:25:52.373+0000] {logging_mixin.py:188} INFO - [2024-05-24T00:25:52.373+0000] {dag.py:3096} INFO - Sync 1 DAGs
[2024-05-24T00:25:52.383+0000] {logging_mixin.py:188} INFO - [2024-05-24T00:25:52.382+0000] {dag.py:3954} INFO - Setting next_dagrun for example_short_circuit_operator to 2024-05-23 00:00:00+00:00, run_after=2024-05-24 00:00:00+00:00
[2024-05-24T00:25:52.393+0000] {processor.py:183} INFO - Processing /home/airflow/.local/lib/python3.12/site-packages/airflow/example_dags/example_short_circuit_operator.py took 0.040 seconds
[2024-05-24T00:26:23.016+0000] {processor.py:161} INFO - Started process (PID=1514) to work on /home/airflow/.local/lib/python3.12/site-packages/airflow/example_dags/example_short_circuit_operator.py
[2024-05-24T00:26:23.016+0000] {processor.py:830} INFO - Processing file /home/airflow/.local/lib/python3.12/site-packages/airflow/example_dags/example_short_circuit_operator.py for tasks to queue
[2024-05-24T00:26:23.017+0000] {logging_mixin.py:188} INFO - [2024-05-24T00:26:23.017+0000] {dagbag.py:545} INFO - Filling up the DagBag from /home/airflow/.local/lib/python3.12/site-packages/airflow/example_dags/example_short_circuit_operator.py
[2024-05-24T00:26:23.022+0000] {processor.py:840} INFO - DAG(s) 'example_short_circuit_operator' retrieved from /home/airflow/.local/lib/python3.12/site-packages/airflow/example_dags/example_short_circuit_operator.py
[2024-05-24T00:26:23.034+0000] {logging_mixin.py:188} INFO - [2024-05-24T00:26:23.034+0000] {dag.py:3096} INFO - Sync 1 DAGs
[2024-05-24T00:26:23.048+0000] {logging_mixin.py:188} INFO - [2024-05-24T00:26:23.048+0000] {dag.py:3954} INFO - Setting next_dagrun for example_short_circuit_operator to 2024-05-23 00:00:00+00:00, run_after=2024-05-24 00:00:00+00:00
[2024-05-24T00:26:23.054+0000] {processor.py:183} INFO - Processing /home/airflow/.local/lib/python3.12/site-packages/airflow/example_dags/example_short_circuit_operator.py took 0.042 seconds
[2024-05-24T00:26:53.760+0000] {processor.py:161} INFO - Started process (PID=1575) to work on /home/airflow/.local/lib/python3.12/site-packages/airflow/example_dags/example_short_circuit_operator.py
[2024-05-24T00:26:53.760+0000] {processor.py:830} INFO - Processing file /home/airflow/.local/lib/python3.12/site-packages/airflow/example_dags/example_short_circuit_operator.py for tasks to queue
[2024-05-24T00:26:53.761+0000] {logging_mixin.py:188} INFO - [2024-05-24T00:26:53.761+0000] {dagbag.py:545} INFO - Filling up the DagBag from /home/airflow/.local/lib/python3.12/site-packages/airflow/example_dags/example_short_circuit_operator.py
[2024-05-24T00:26:53.765+0000] {processor.py:840} INFO - DAG(s) 'example_short_circuit_operator' retrieved from /home/airflow/.local/lib/python3.12/site-packages/airflow/example_dags/example_short_circuit_operator.py
[2024-05-24T00:26:53.779+0000] {logging_mixin.py:188} INFO - [2024-05-24T00:26:53.778+0000] {dag.py:3096} INFO - Sync 1 DAGs
[2024-05-24T00:26:53.792+0000] {logging_mixin.py:188} INFO - [2024-05-24T00:26:53.792+0000] {dag.py:3954} INFO - Setting next_dagrun for example_short_circuit_operator to 2024-05-23 00:00:00+00:00, run_after=2024-05-24 00:00:00+00:00
[2024-05-24T00:26:53.802+0000] {processor.py:183} INFO - Processing /home/airflow/.local/lib/python3.12/site-packages/airflow/example_dags/example_short_circuit_operator.py took 0.045 seconds
[2024-05-24T00:27:24.465+0000] {processor.py:161} INFO - Started process (PID=1635) to work on /home/airflow/.local/lib/python3.12/site-packages/airflow/example_dags/example_short_circuit_operator.py
[2024-05-24T00:27:24.466+0000] {processor.py:830} INFO - Processing file /home/airflow/.local/lib/python3.12/site-packages/airflow/example_dags/example_short_circuit_operator.py for tasks to queue
[2024-05-24T00:27:24.466+0000] {logging_mixin.py:188} INFO - [2024-05-24T00:27:24.466+0000] {dagbag.py:545} INFO - Filling up the DagBag from /home/airflow/.local/lib/python3.12/site-packages/airflow/example_dags/example_short_circuit_operator.py
[2024-05-24T00:27:24.469+0000] {processor.py:840} INFO - DAG(s) 'example_short_circuit_operator' retrieved from /home/airflow/.local/lib/python3.12/site-packages/airflow/example_dags/example_short_circuit_operator.py
[2024-05-24T00:27:24.484+0000] {logging_mixin.py:188} INFO - [2024-05-24T00:27:24.483+0000] {dag.py:3096} INFO - Sync 1 DAGs
[2024-05-24T00:27:24.498+0000] {logging_mixin.py:188} INFO - [2024-05-24T00:27:24.498+0000] {dag.py:3954} INFO - Setting next_dagrun for example_short_circuit_operator to 2024-05-23 00:00:00+00:00, run_after=2024-05-24 00:00:00+00:00
[2024-05-24T00:27:24.509+0000] {processor.py:183} INFO - Processing /home/airflow/.local/lib/python3.12/site-packages/airflow/example_dags/example_short_circuit_operator.py took 0.045 seconds
[2024-05-24T00:27:55.216+0000] {processor.py:161} INFO - Started process (PID=1695) to work on /home/airflow/.local/lib/python3.12/site-packages/airflow/example_dags/example_short_circuit_operator.py
[2024-05-24T00:27:55.217+0000] {processor.py:830} INFO - Processing file /home/airflow/.local/lib/python3.12/site-packages/airflow/example_dags/example_short_circuit_operator.py for tasks to queue
[2024-05-24T00:27:55.217+0000] {logging_mixin.py:188} INFO - [2024-05-24T00:27:55.217+0000] {dagbag.py:545} INFO - Filling up the DagBag from /home/airflow/.local/lib/python3.12/site-packages/airflow/example_dags/example_short_circuit_operator.py
[2024-05-24T00:27:55.220+0000] {processor.py:840} INFO - DAG(s) 'example_short_circuit_operator' retrieved from /home/airflow/.local/lib/python3.12/site-packages/airflow/example_dags/example_short_circuit_operator.py
[2024-05-24T00:27:55.247+0000] {logging_mixin.py:188} INFO - [2024-05-24T00:27:55.247+0000] {dag.py:3096} INFO - Sync 1 DAGs
[2024-05-24T00:27:55.261+0000] {logging_mixin.py:188} INFO - [2024-05-24T00:27:55.261+0000] {dag.py:3954} INFO - Setting next_dagrun for example_short_circuit_operator to 2024-05-23 00:00:00+00:00, run_after=2024-05-24 00:00:00+00:00
[2024-05-24T00:27:55.271+0000] {processor.py:183} INFO - Processing /home/airflow/.local/lib/python3.12/site-packages/airflow/example_dags/example_short_circuit_operator.py took 0.057 seconds
[2024-05-24T00:28:26.184+0000] {processor.py:161} INFO - Started process (PID=1755) to work on /home/airflow/.local/lib/python3.12/site-packages/airflow/example_dags/example_short_circuit_operator.py
[2024-05-24T00:28:26.184+0000] {processor.py:830} INFO - Processing file /home/airflow/.local/lib/python3.12/site-packages/airflow/example_dags/example_short_circuit_operator.py for tasks to queue
[2024-05-24T00:28:26.185+0000] {logging_mixin.py:188} INFO - [2024-05-24T00:28:26.185+0000] {dagbag.py:545} INFO - Filling up the DagBag from /home/airflow/.local/lib/python3.12/site-packages/airflow/example_dags/example_short_circuit_operator.py
[2024-05-24T00:28:26.187+0000] {processor.py:840} INFO - DAG(s) 'example_short_circuit_operator' retrieved from /home/airflow/.local/lib/python3.12/site-packages/airflow/example_dags/example_short_circuit_operator.py
[2024-05-24T00:28:26.200+0000] {logging_mixin.py:188} INFO - [2024-05-24T00:28:26.199+0000] {dag.py:3096} INFO - Sync 1 DAGs
[2024-05-24T00:28:26.216+0000] {logging_mixin.py:188} INFO - [2024-05-24T00:28:26.216+0000] {dag.py:3954} INFO - Setting next_dagrun for example_short_circuit_operator to 2024-05-23 00:00:00+00:00, run_after=2024-05-24 00:00:00+00:00
[2024-05-24T00:28:26.227+0000] {processor.py:183} INFO - Processing /home/airflow/.local/lib/python3.12/site-packages/airflow/example_dags/example_short_circuit_operator.py took 0.046 seconds
[2024-05-24T00:28:56.928+0000] {processor.py:161} INFO - Started process (PID=1815) to work on /home/airflow/.local/lib/python3.12/site-packages/airflow/example_dags/example_short_circuit_operator.py
[2024-05-24T00:28:56.929+0000] {processor.py:830} INFO - Processing file /home/airflow/.local/lib/python3.12/site-packages/airflow/example_dags/example_short_circuit_operator.py for tasks to queue
[2024-05-24T00:28:56.930+0000] {logging_mixin.py:188} INFO - [2024-05-24T00:28:56.930+0000] {dagbag.py:545} INFO - Filling up the DagBag from /home/airflow/.local/lib/python3.12/site-packages/airflow/example_dags/example_short_circuit_operator.py
[2024-05-24T00:28:56.934+0000] {processor.py:840} INFO - DAG(s) 'example_short_circuit_operator' retrieved from /home/airflow/.local/lib/python3.12/site-packages/airflow/example_dags/example_short_circuit_operator.py
[2024-05-24T00:28:56.954+0000] {logging_mixin.py:188} INFO - [2024-05-24T00:28:56.954+0000] {dag.py:3096} INFO - Sync 1 DAGs
[2024-05-24T00:28:56.968+0000] {logging_mixin.py:188} INFO - [2024-05-24T00:28:56.968+0000] {dag.py:3954} INFO - Setting next_dagrun for example_short_circuit_operator to 2024-05-23 00:00:00+00:00, run_after=2024-05-24 00:00:00+00:00
[2024-05-24T00:28:56.976+0000] {processor.py:183} INFO - Processing /home/airflow/.local/lib/python3.12/site-packages/airflow/example_dags/example_short_circuit_operator.py took 0.053 seconds
[2024-05-24T00:29:27.877+0000] {processor.py:161} INFO - Started process (PID=1875) to work on /home/airflow/.local/lib/python3.12/site-packages/airflow/example_dags/example_short_circuit_operator.py
[2024-05-24T00:29:27.878+0000] {processor.py:830} INFO - Processing file /home/airflow/.local/lib/python3.12/site-packages/airflow/example_dags/example_short_circuit_operator.py for tasks to queue
[2024-05-24T00:29:27.878+0000] {logging_mixin.py:188} INFO - [2024-05-24T00:29:27.878+0000] {dagbag.py:545} INFO - Filling up the DagBag from /home/airflow/.local/lib/python3.12/site-packages/airflow/example_dags/example_short_circuit_operator.py
[2024-05-24T00:29:27.881+0000] {processor.py:840} INFO - DAG(s) 'example_short_circuit_operator' retrieved from /home/airflow/.local/lib/python3.12/site-packages/airflow/example_dags/example_short_circuit_operator.py
[2024-05-24T00:29:27.892+0000] {logging_mixin.py:188} INFO - [2024-05-24T00:29:27.892+0000] {dag.py:3096} INFO - Sync 1 DAGs
[2024-05-24T00:29:27.901+0000] {logging_mixin.py:188} INFO - [2024-05-24T00:29:27.901+0000] {dag.py:3954} INFO - Setting next_dagrun for example_short_circuit_operator to 2024-05-23 00:00:00+00:00, run_after=2024-05-24 00:00:00+00:00
[2024-05-24T00:29:27.908+0000] {processor.py:183} INFO - Processing /home/airflow/.local/lib/python3.12/site-packages/airflow/example_dags/example_short_circuit_operator.py took 0.034 seconds
[2024-05-24T00:29:58.953+0000] {processor.py:161} INFO - Started process (PID=1935) to work on /home/airflow/.local/lib/python3.12/site-packages/airflow/example_dags/example_short_circuit_operator.py
[2024-05-24T00:29:58.953+0000] {processor.py:830} INFO - Processing file /home/airflow/.local/lib/python3.12/site-packages/airflow/example_dags/example_short_circuit_operator.py for tasks to queue
[2024-05-24T00:29:58.954+0000] {logging_mixin.py:188} INFO - [2024-05-24T00:29:58.954+0000] {dagbag.py:545} INFO - Filling up the DagBag from /home/airflow/.local/lib/python3.12/site-packages/airflow/example_dags/example_short_circuit_operator.py
[2024-05-24T00:29:58.957+0000] {processor.py:840} INFO - DAG(s) 'example_short_circuit_operator' retrieved from /home/airflow/.local/lib/python3.12/site-packages/airflow/example_dags/example_short_circuit_operator.py
[2024-05-24T00:29:58.976+0000] {logging_mixin.py:188} INFO - [2024-05-24T00:29:58.976+0000] {dag.py:3096} INFO - Sync 1 DAGs
[2024-05-24T00:29:58.991+0000] {logging_mixin.py:188} INFO - [2024-05-24T00:29:58.991+0000] {dag.py:3954} INFO - Setting next_dagrun for example_short_circuit_operator to 2024-05-23 00:00:00+00:00, run_after=2024-05-24 00:00:00+00:00
[2024-05-24T00:29:59.002+0000] {processor.py:183} INFO - Processing /home/airflow/.local/lib/python3.12/site-packages/airflow/example_dags/example_short_circuit_operator.py took 0.051 seconds
[2024-05-24T00:30:29.018+0000] {processor.py:161} INFO - Started process (PID=1995) to work on /home/airflow/.local/lib/python3.12/site-packages/airflow/example_dags/example_short_circuit_operator.py
[2024-05-24T00:30:29.019+0000] {processor.py:830} INFO - Processing file /home/airflow/.local/lib/python3.12/site-packages/airflow/example_dags/example_short_circuit_operator.py for tasks to queue
[2024-05-24T00:30:29.020+0000] {logging_mixin.py:188} INFO - [2024-05-24T00:30:29.019+0000] {dagbag.py:545} INFO - Filling up the DagBag from /home/airflow/.local/lib/python3.12/site-packages/airflow/example_dags/example_short_circuit_operator.py
[2024-05-24T00:30:29.024+0000] {processor.py:840} INFO - DAG(s) 'example_short_circuit_operator' retrieved from /home/airflow/.local/lib/python3.12/site-packages/airflow/example_dags/example_short_circuit_operator.py
[2024-05-24T00:30:29.035+0000] {logging_mixin.py:188} INFO - [2024-05-24T00:30:29.035+0000] {dag.py:3096} INFO - Sync 1 DAGs
[2024-05-24T00:30:29.043+0000] {logging_mixin.py:188} INFO - [2024-05-24T00:30:29.043+0000] {dag.py:3954} INFO - Setting next_dagrun for example_short_circuit_operator to 2024-05-23 00:00:00+00:00, run_after=2024-05-24 00:00:00+00:00
[2024-05-24T00:30:29.050+0000] {processor.py:183} INFO - Processing /home/airflow/.local/lib/python3.12/site-packages/airflow/example_dags/example_short_circuit_operator.py took 0.034 seconds
[2024-05-24T00:30:59.746+0000] {processor.py:161} INFO - Started process (PID=2055) to work on /home/airflow/.local/lib/python3.12/site-packages/airflow/example_dags/example_short_circuit_operator.py
[2024-05-24T00:30:59.746+0000] {processor.py:830} INFO - Processing file /home/airflow/.local/lib/python3.12/site-packages/airflow/example_dags/example_short_circuit_operator.py for tasks to queue
[2024-05-24T00:30:59.747+0000] {logging_mixin.py:188} INFO - [2024-05-24T00:30:59.747+0000] {dagbag.py:545} INFO - Filling up the DagBag from /home/airflow/.local/lib/python3.12/site-packages/airflow/example_dags/example_short_circuit_operator.py
[2024-05-24T00:30:59.750+0000] {processor.py:840} INFO - DAG(s) 'example_short_circuit_operator' retrieved from /home/airflow/.local/lib/python3.12/site-packages/airflow/example_dags/example_short_circuit_operator.py
[2024-05-24T00:30:59.759+0000] {logging_mixin.py:188} INFO - [2024-05-24T00:30:59.759+0000] {dag.py:3096} INFO - Sync 1 DAGs
[2024-05-24T00:30:59.768+0000] {logging_mixin.py:188} INFO - [2024-05-24T00:30:59.768+0000] {dag.py:3954} INFO - Setting next_dagrun for example_short_circuit_operator to 2024-05-23 00:00:00+00:00, run_after=2024-05-24 00:00:00+00:00
[2024-05-24T00:30:59.775+0000] {processor.py:183} INFO - Processing /home/airflow/.local/lib/python3.12/site-packages/airflow/example_dags/example_short_circuit_operator.py took 0.032 seconds
[2024-05-24T00:31:30.166+0000] {processor.py:161} INFO - Started process (PID=2115) to work on /home/airflow/.local/lib/python3.12/site-packages/airflow/example_dags/example_short_circuit_operator.py
[2024-05-24T00:31:30.166+0000] {processor.py:830} INFO - Processing file /home/airflow/.local/lib/python3.12/site-packages/airflow/example_dags/example_short_circuit_operator.py for tasks to queue
[2024-05-24T00:31:30.167+0000] {logging_mixin.py:188} INFO - [2024-05-24T00:31:30.167+0000] {dagbag.py:545} INFO - Filling up the DagBag from /home/airflow/.local/lib/python3.12/site-packages/airflow/example_dags/example_short_circuit_operator.py
[2024-05-24T00:31:30.169+0000] {processor.py:840} INFO - DAG(s) 'example_short_circuit_operator' retrieved from /home/airflow/.local/lib/python3.12/site-packages/airflow/example_dags/example_short_circuit_operator.py
[2024-05-24T00:31:30.189+0000] {logging_mixin.py:188} INFO - [2024-05-24T00:31:30.188+0000] {dag.py:3096} INFO - Sync 1 DAGs
[2024-05-24T00:31:30.209+0000] {logging_mixin.py:188} INFO - [2024-05-24T00:31:30.208+0000] {dag.py:3954} INFO - Setting next_dagrun for example_short_circuit_operator to 2024-05-23 00:00:00+00:00, run_after=2024-05-24 00:00:00+00:00
[2024-05-24T00:31:30.216+0000] {processor.py:183} INFO - Processing /home/airflow/.local/lib/python3.12/site-packages/airflow/example_dags/example_short_circuit_operator.py took 0.054 seconds
[2024-05-24T00:32:00.697+0000] {processor.py:161} INFO - Started process (PID=2175) to work on /home/airflow/.local/lib/python3.12/site-packages/airflow/example_dags/example_short_circuit_operator.py
[2024-05-24T00:32:00.698+0000] {processor.py:830} INFO - Processing file /home/airflow/.local/lib/python3.12/site-packages/airflow/example_dags/example_short_circuit_operator.py for tasks to queue
[2024-05-24T00:32:00.699+0000] {logging_mixin.py:188} INFO - [2024-05-24T00:32:00.698+0000] {dagbag.py:545} INFO - Filling up the DagBag from /home/airflow/.local/lib/python3.12/site-packages/airflow/example_dags/example_short_circuit_operator.py
[2024-05-24T00:32:00.701+0000] {processor.py:840} INFO - DAG(s) 'example_short_circuit_operator' retrieved from /home/airflow/.local/lib/python3.12/site-packages/airflow/example_dags/example_short_circuit_operator.py
[2024-05-24T00:32:00.716+0000] {logging_mixin.py:188} INFO - [2024-05-24T00:32:00.716+0000] {dag.py:3096} INFO - Sync 1 DAGs
[2024-05-24T00:32:00.786+0000] {logging_mixin.py:188} INFO - [2024-05-24T00:32:00.786+0000] {dag.py:3954} INFO - Setting next_dagrun for example_short_circuit_operator to 2024-05-23 00:00:00+00:00, run_after=2024-05-24 00:00:00+00:00
[2024-05-24T00:32:00.793+0000] {processor.py:183} INFO - Processing /home/airflow/.local/lib/python3.12/site-packages/airflow/example_dags/example_short_circuit_operator.py took 0.099 seconds
[2024-05-24T00:32:30.964+0000] {processor.py:161} INFO - Started process (PID=2235) to work on /home/airflow/.local/lib/python3.12/site-packages/airflow/example_dags/example_short_circuit_operator.py
[2024-05-24T00:32:30.964+0000] {processor.py:830} INFO - Processing file /home/airflow/.local/lib/python3.12/site-packages/airflow/example_dags/example_short_circuit_operator.py for tasks to queue
[2024-05-24T00:32:30.965+0000] {logging_mixin.py:188} INFO - [2024-05-24T00:32:30.965+0000] {dagbag.py:545} INFO - Filling up the DagBag from /home/airflow/.local/lib/python3.12/site-packages/airflow/example_dags/example_short_circuit_operator.py
[2024-05-24T00:32:30.969+0000] {processor.py:840} INFO - DAG(s) 'example_short_circuit_operator' retrieved from /home/airflow/.local/lib/python3.12/site-packages/airflow/example_dags/example_short_circuit_operator.py
[2024-05-24T00:32:30.992+0000] {logging_mixin.py:188} INFO - [2024-05-24T00:32:30.991+0000] {dag.py:3096} INFO - Sync 1 DAGs
[2024-05-24T00:32:31.004+0000] {logging_mixin.py:188} INFO - [2024-05-24T00:32:31.004+0000] {dag.py:3954} INFO - Setting next_dagrun for example_short_circuit_operator to 2024-05-23 00:00:00+00:00, run_after=2024-05-24 00:00:00+00:00
[2024-05-24T00:32:31.011+0000] {processor.py:183} INFO - Processing /home/airflow/.local/lib/python3.12/site-packages/airflow/example_dags/example_short_circuit_operator.py took 0.050 seconds
[2024-05-24T00:33:01.694+0000] {processor.py:161} INFO - Started process (PID=2301) to work on /home/airflow/.local/lib/python3.12/site-packages/airflow/example_dags/example_short_circuit_operator.py
[2024-05-24T00:33:01.694+0000] {processor.py:830} INFO - Processing file /home/airflow/.local/lib/python3.12/site-packages/airflow/example_dags/example_short_circuit_operator.py for tasks to queue
[2024-05-24T00:33:01.695+0000] {logging_mixin.py:188} INFO - [2024-05-24T00:33:01.695+0000] {dagbag.py:545} INFO - Filling up the DagBag from /home/airflow/.local/lib/python3.12/site-packages/airflow/example_dags/example_short_circuit_operator.py
[2024-05-24T00:33:01.697+0000] {processor.py:840} INFO - DAG(s) 'example_short_circuit_operator' retrieved from /home/airflow/.local/lib/python3.12/site-packages/airflow/example_dags/example_short_circuit_operator.py
[2024-05-24T00:33:01.706+0000] {logging_mixin.py:188} INFO - [2024-05-24T00:33:01.706+0000] {dag.py:3096} INFO - Sync 1 DAGs
[2024-05-24T00:33:01.715+0000] {logging_mixin.py:188} INFO - [2024-05-24T00:33:01.715+0000] {dag.py:3954} INFO - Setting next_dagrun for example_short_circuit_operator to 2024-05-23 00:00:00+00:00, run_after=2024-05-24 00:00:00+00:00
[2024-05-24T00:33:01.722+0000] {processor.py:183} INFO - Processing /home/airflow/.local/lib/python3.12/site-packages/airflow/example_dags/example_short_circuit_operator.py took 0.031 seconds
[2024-05-24T00:33:32.444+0000] {processor.py:161} INFO - Started process (PID=2361) to work on /home/airflow/.local/lib/python3.12/site-packages/airflow/example_dags/example_short_circuit_operator.py
[2024-05-24T00:33:32.445+0000] {processor.py:830} INFO - Processing file /home/airflow/.local/lib/python3.12/site-packages/airflow/example_dags/example_short_circuit_operator.py for tasks to queue
[2024-05-24T00:33:32.447+0000] {logging_mixin.py:188} INFO - [2024-05-24T00:33:32.446+0000] {dagbag.py:545} INFO - Filling up the DagBag from /home/airflow/.local/lib/python3.12/site-packages/airflow/example_dags/example_short_circuit_operator.py
[2024-05-24T00:33:32.454+0000] {processor.py:840} INFO - DAG(s) 'example_short_circuit_operator' retrieved from /home/airflow/.local/lib/python3.12/site-packages/airflow/example_dags/example_short_circuit_operator.py
[2024-05-24T00:33:32.496+0000] {logging_mixin.py:188} INFO - [2024-05-24T00:33:32.496+0000] {dag.py:3096} INFO - Sync 1 DAGs
[2024-05-24T00:33:32.510+0000] {logging_mixin.py:188} INFO - [2024-05-24T00:33:32.510+0000] {dag.py:3954} INFO - Setting next_dagrun for example_short_circuit_operator to 2024-05-23 00:00:00+00:00, run_after=2024-05-24 00:00:00+00:00
[2024-05-24T00:33:32.521+0000] {processor.py:183} INFO - Processing /home/airflow/.local/lib/python3.12/site-packages/airflow/example_dags/example_short_circuit_operator.py took 0.083 seconds
[2024-05-24T00:34:03.321+0000] {processor.py:161} INFO - Started process (PID=2421) to work on /home/airflow/.local/lib/python3.12/site-packages/airflow/example_dags/example_short_circuit_operator.py
[2024-05-24T00:34:03.321+0000] {processor.py:830} INFO - Processing file /home/airflow/.local/lib/python3.12/site-packages/airflow/example_dags/example_short_circuit_operator.py for tasks to queue
[2024-05-24T00:34:03.322+0000] {logging_mixin.py:188} INFO - [2024-05-24T00:34:03.322+0000] {dagbag.py:545} INFO - Filling up the DagBag from /home/airflow/.local/lib/python3.12/site-packages/airflow/example_dags/example_short_circuit_operator.py
[2024-05-24T00:34:03.325+0000] {processor.py:840} INFO - DAG(s) 'example_short_circuit_operator' retrieved from /home/airflow/.local/lib/python3.12/site-packages/airflow/example_dags/example_short_circuit_operator.py
[2024-05-24T00:34:03.342+0000] {logging_mixin.py:188} INFO - [2024-05-24T00:34:03.342+0000] {dag.py:3096} INFO - Sync 1 DAGs
[2024-05-24T00:34:03.357+0000] {logging_mixin.py:188} INFO - [2024-05-24T00:34:03.357+0000] {dag.py:3954} INFO - Setting next_dagrun for example_short_circuit_operator to 2024-05-23 00:00:00+00:00, run_after=2024-05-24 00:00:00+00:00
[2024-05-24T00:34:03.365+0000] {processor.py:183} INFO - Processing /home/airflow/.local/lib/python3.12/site-packages/airflow/example_dags/example_short_circuit_operator.py took 0.047 seconds
[2024-05-24T00:34:33.959+0000] {processor.py:161} INFO - Started process (PID=2481) to work on /home/airflow/.local/lib/python3.12/site-packages/airflow/example_dags/example_short_circuit_operator.py
[2024-05-24T00:34:33.959+0000] {processor.py:830} INFO - Processing file /home/airflow/.local/lib/python3.12/site-packages/airflow/example_dags/example_short_circuit_operator.py for tasks to queue
[2024-05-24T00:34:33.960+0000] {logging_mixin.py:188} INFO - [2024-05-24T00:34:33.960+0000] {dagbag.py:545} INFO - Filling up the DagBag from /home/airflow/.local/lib/python3.12/site-packages/airflow/example_dags/example_short_circuit_operator.py
[2024-05-24T00:34:33.963+0000] {processor.py:840} INFO - DAG(s) 'example_short_circuit_operator' retrieved from /home/airflow/.local/lib/python3.12/site-packages/airflow/example_dags/example_short_circuit_operator.py
[2024-05-24T00:34:33.978+0000] {logging_mixin.py:188} INFO - [2024-05-24T00:34:33.978+0000] {dag.py:3096} INFO - Sync 1 DAGs
[2024-05-24T00:34:33.993+0000] {logging_mixin.py:188} INFO - [2024-05-24T00:34:33.993+0000] {dag.py:3954} INFO - Setting next_dagrun for example_short_circuit_operator to 2024-05-23 00:00:00+00:00, run_after=2024-05-24 00:00:00+00:00
[2024-05-24T00:34:34.004+0000] {processor.py:183} INFO - Processing /home/airflow/.local/lib/python3.12/site-packages/airflow/example_dags/example_short_circuit_operator.py took 0.047 seconds
[2024-05-24T00:35:04.803+0000] {processor.py:161} INFO - Started process (PID=2541) to work on /home/airflow/.local/lib/python3.12/site-packages/airflow/example_dags/example_short_circuit_operator.py
[2024-05-24T00:35:04.803+0000] {processor.py:830} INFO - Processing file /home/airflow/.local/lib/python3.12/site-packages/airflow/example_dags/example_short_circuit_operator.py for tasks to queue
[2024-05-24T00:35:04.804+0000] {logging_mixin.py:188} INFO - [2024-05-24T00:35:04.804+0000] {dagbag.py:545} INFO - Filling up the DagBag from /home/airflow/.local/lib/python3.12/site-packages/airflow/example_dags/example_short_circuit_operator.py
[2024-05-24T00:35:04.806+0000] {processor.py:840} INFO - DAG(s) 'example_short_circuit_operator' retrieved from /home/airflow/.local/lib/python3.12/site-packages/airflow/example_dags/example_short_circuit_operator.py
[2024-05-24T00:35:04.823+0000] {logging_mixin.py:188} INFO - [2024-05-24T00:35:04.823+0000] {dag.py:3096} INFO - Sync 1 DAGs
[2024-05-24T00:35:04.838+0000] {logging_mixin.py:188} INFO - [2024-05-24T00:35:04.838+0000] {dag.py:3954} INFO - Setting next_dagrun for example_short_circuit_operator to 2024-05-23 00:00:00+00:00, run_after=2024-05-24 00:00:00+00:00
[2024-05-24T00:35:04.849+0000] {processor.py:183} INFO - Processing /home/airflow/.local/lib/python3.12/site-packages/airflow/example_dags/example_short_circuit_operator.py took 0.048 seconds
[2024-05-24T00:35:35.535+0000] {processor.py:161} INFO - Started process (PID=2601) to work on /home/airflow/.local/lib/python3.12/site-packages/airflow/example_dags/example_short_circuit_operator.py
[2024-05-24T00:35:35.536+0000] {processor.py:830} INFO - Processing file /home/airflow/.local/lib/python3.12/site-packages/airflow/example_dags/example_short_circuit_operator.py for tasks to queue
[2024-05-24T00:35:35.536+0000] {logging_mixin.py:188} INFO - [2024-05-24T00:35:35.536+0000] {dagbag.py:545} INFO - Filling up the DagBag from /home/airflow/.local/lib/python3.12/site-packages/airflow/example_dags/example_short_circuit_operator.py
[2024-05-24T00:35:35.539+0000] {processor.py:840} INFO - DAG(s) 'example_short_circuit_operator' retrieved from /home/airflow/.local/lib/python3.12/site-packages/airflow/example_dags/example_short_circuit_operator.py
[2024-05-24T00:35:35.549+0000] {logging_mixin.py:188} INFO - [2024-05-24T00:35:35.549+0000] {dag.py:3096} INFO - Sync 1 DAGs
[2024-05-24T00:35:35.560+0000] {logging_mixin.py:188} INFO - [2024-05-24T00:35:35.560+0000] {dag.py:3954} INFO - Setting next_dagrun for example_short_circuit_operator to 2024-05-23 00:00:00+00:00, run_after=2024-05-24 00:00:00+00:00
[2024-05-24T00:35:35.566+0000] {processor.py:183} INFO - Processing /home/airflow/.local/lib/python3.12/site-packages/airflow/example_dags/example_short_circuit_operator.py took 0.033 seconds
[2024-05-24T00:36:06.155+0000] {processor.py:161} INFO - Started process (PID=2660) to work on /home/airflow/.local/lib/python3.12/site-packages/airflow/example_dags/example_short_circuit_operator.py
[2024-05-24T00:36:06.155+0000] {processor.py:830} INFO - Processing file /home/airflow/.local/lib/python3.12/site-packages/airflow/example_dags/example_short_circuit_operator.py for tasks to queue
[2024-05-24T00:36:06.156+0000] {logging_mixin.py:188} INFO - [2024-05-24T00:36:06.156+0000] {dagbag.py:545} INFO - Filling up the DagBag from /home/airflow/.local/lib/python3.12/site-packages/airflow/example_dags/example_short_circuit_operator.py
[2024-05-24T00:36:06.160+0000] {processor.py:840} INFO - DAG(s) 'example_short_circuit_operator' retrieved from /home/airflow/.local/lib/python3.12/site-packages/airflow/example_dags/example_short_circuit_operator.py
[2024-05-24T00:36:06.178+0000] {logging_mixin.py:188} INFO - [2024-05-24T00:36:06.178+0000] {dag.py:3096} INFO - Sync 1 DAGs
[2024-05-24T00:36:06.192+0000] {logging_mixin.py:188} INFO - [2024-05-24T00:36:06.192+0000] {dag.py:3954} INFO - Setting next_dagrun for example_short_circuit_operator to 2024-05-23 00:00:00+00:00, run_after=2024-05-24 00:00:00+00:00
[2024-05-24T00:36:06.203+0000] {processor.py:183} INFO - Processing /home/airflow/.local/lib/python3.12/site-packages/airflow/example_dags/example_short_circuit_operator.py took 0.052 seconds
[2024-05-24T00:36:36.996+0000] {processor.py:161} INFO - Started process (PID=2719) to work on /home/airflow/.local/lib/python3.12/site-packages/airflow/example_dags/example_short_circuit_operator.py
[2024-05-24T00:36:36.996+0000] {processor.py:830} INFO - Processing file /home/airflow/.local/lib/python3.12/site-packages/airflow/example_dags/example_short_circuit_operator.py for tasks to queue
[2024-05-24T00:36:36.997+0000] {logging_mixin.py:188} INFO - [2024-05-24T00:36:36.997+0000] {dagbag.py:545} INFO - Filling up the DagBag from /home/airflow/.local/lib/python3.12/site-packages/airflow/example_dags/example_short_circuit_operator.py
[2024-05-24T00:36:37.000+0000] {processor.py:840} INFO - DAG(s) 'example_short_circuit_operator' retrieved from /home/airflow/.local/lib/python3.12/site-packages/airflow/example_dags/example_short_circuit_operator.py
[2024-05-24T00:36:37.010+0000] {logging_mixin.py:188} INFO - [2024-05-24T00:36:37.010+0000] {dag.py:3096} INFO - Sync 1 DAGs
[2024-05-24T00:36:37.018+0000] {logging_mixin.py:188} INFO - [2024-05-24T00:36:37.018+0000] {dag.py:3954} INFO - Setting next_dagrun for example_short_circuit_operator to 2024-05-23 00:00:00+00:00, run_after=2024-05-24 00:00:00+00:00
[2024-05-24T00:36:37.025+0000] {processor.py:183} INFO - Processing /home/airflow/.local/lib/python3.12/site-packages/airflow/example_dags/example_short_circuit_operator.py took 0.032 seconds
[2024-05-24T00:37:07.585+0000] {processor.py:161} INFO - Started process (PID=2778) to work on /home/airflow/.local/lib/python3.12/site-packages/airflow/example_dags/example_short_circuit_operator.py
[2024-05-24T00:37:07.586+0000] {processor.py:830} INFO - Processing file /home/airflow/.local/lib/python3.12/site-packages/airflow/example_dags/example_short_circuit_operator.py for tasks to queue
[2024-05-24T00:37:07.586+0000] {logging_mixin.py:188} INFO - [2024-05-24T00:37:07.586+0000] {dagbag.py:545} INFO - Filling up the DagBag from /home/airflow/.local/lib/python3.12/site-packages/airflow/example_dags/example_short_circuit_operator.py
[2024-05-24T00:37:07.593+0000] {processor.py:840} INFO - DAG(s) 'example_short_circuit_operator' retrieved from /home/airflow/.local/lib/python3.12/site-packages/airflow/example_dags/example_short_circuit_operator.py
[2024-05-24T00:37:07.612+0000] {logging_mixin.py:188} INFO - [2024-05-24T00:37:07.611+0000] {dag.py:3096} INFO - Sync 1 DAGs
[2024-05-24T00:37:07.622+0000] {logging_mixin.py:188} INFO - [2024-05-24T00:37:07.622+0000] {dag.py:3954} INFO - Setting next_dagrun for example_short_circuit_operator to 2024-05-23 00:00:00+00:00, run_after=2024-05-24 00:00:00+00:00
[2024-05-24T00:37:07.630+0000] {processor.py:183} INFO - Processing /home/airflow/.local/lib/python3.12/site-packages/airflow/example_dags/example_short_circuit_operator.py took 0.049 seconds
[2024-05-24T00:37:38.280+0000] {processor.py:161} INFO - Started process (PID=2837) to work on /home/airflow/.local/lib/python3.12/site-packages/airflow/example_dags/example_short_circuit_operator.py
[2024-05-24T00:37:38.280+0000] {processor.py:830} INFO - Processing file /home/airflow/.local/lib/python3.12/site-packages/airflow/example_dags/example_short_circuit_operator.py for tasks to queue
[2024-05-24T00:37:38.280+0000] {logging_mixin.py:188} INFO - [2024-05-24T00:37:38.280+0000] {dagbag.py:545} INFO - Filling up the DagBag from /home/airflow/.local/lib/python3.12/site-packages/airflow/example_dags/example_short_circuit_operator.py
[2024-05-24T00:37:38.284+0000] {processor.py:840} INFO - DAG(s) 'example_short_circuit_operator' retrieved from /home/airflow/.local/lib/python3.12/site-packages/airflow/example_dags/example_short_circuit_operator.py
[2024-05-24T00:37:38.298+0000] {logging_mixin.py:188} INFO - [2024-05-24T00:37:38.298+0000] {dag.py:3096} INFO - Sync 1 DAGs
[2024-05-24T00:37:38.308+0000] {logging_mixin.py:188} INFO - [2024-05-24T00:37:38.308+0000] {dag.py:3954} INFO - Setting next_dagrun for example_short_circuit_operator to 2024-05-23 00:00:00+00:00, run_after=2024-05-24 00:00:00+00:00
[2024-05-24T00:37:38.320+0000] {processor.py:183} INFO - Processing /home/airflow/.local/lib/python3.12/site-packages/airflow/example_dags/example_short_circuit_operator.py took 0.043 seconds
[2024-05-24T00:38:08.944+0000] {processor.py:161} INFO - Started process (PID=2896) to work on /home/airflow/.local/lib/python3.12/site-packages/airflow/example_dags/example_short_circuit_operator.py
[2024-05-24T00:38:08.945+0000] {processor.py:830} INFO - Processing file /home/airflow/.local/lib/python3.12/site-packages/airflow/example_dags/example_short_circuit_operator.py for tasks to queue
[2024-05-24T00:38:08.945+0000] {logging_mixin.py:188} INFO - [2024-05-24T00:38:08.945+0000] {dagbag.py:545} INFO - Filling up the DagBag from /home/airflow/.local/lib/python3.12/site-packages/airflow/example_dags/example_short_circuit_operator.py
[2024-05-24T00:38:08.949+0000] {processor.py:840} INFO - DAG(s) 'example_short_circuit_operator' retrieved from /home/airflow/.local/lib/python3.12/site-packages/airflow/example_dags/example_short_circuit_operator.py
[2024-05-24T00:38:08.960+0000] {logging_mixin.py:188} INFO - [2024-05-24T00:38:08.960+0000] {dag.py:3096} INFO - Sync 1 DAGs
[2024-05-24T00:38:08.969+0000] {logging_mixin.py:188} INFO - [2024-05-24T00:38:08.969+0000] {dag.py:3954} INFO - Setting next_dagrun for example_short_circuit_operator to 2024-05-23 00:00:00+00:00, run_after=2024-05-24 00:00:00+00:00
[2024-05-24T00:38:08.980+0000] {processor.py:183} INFO - Processing /home/airflow/.local/lib/python3.12/site-packages/airflow/example_dags/example_short_circuit_operator.py took 0.039 seconds
[2024-05-24T00:38:39.518+0000] {processor.py:161} INFO - Started process (PID=2956) to work on /home/airflow/.local/lib/python3.12/site-packages/airflow/example_dags/example_short_circuit_operator.py
[2024-05-24T00:38:39.519+0000] {processor.py:830} INFO - Processing file /home/airflow/.local/lib/python3.12/site-packages/airflow/example_dags/example_short_circuit_operator.py for tasks to queue
[2024-05-24T00:38:39.519+0000] {logging_mixin.py:188} INFO - [2024-05-24T00:38:39.519+0000] {dagbag.py:545} INFO - Filling up the DagBag from /home/airflow/.local/lib/python3.12/site-packages/airflow/example_dags/example_short_circuit_operator.py
[2024-05-24T00:38:39.523+0000] {processor.py:840} INFO - DAG(s) 'example_short_circuit_operator' retrieved from /home/airflow/.local/lib/python3.12/site-packages/airflow/example_dags/example_short_circuit_operator.py
[2024-05-24T00:38:39.541+0000] {logging_mixin.py:188} INFO - [2024-05-24T00:38:39.541+0000] {dag.py:3096} INFO - Sync 1 DAGs
[2024-05-24T00:38:39.565+0000] {logging_mixin.py:188} INFO - [2024-05-24T00:38:39.565+0000] {dag.py:3954} INFO - Setting next_dagrun for example_short_circuit_operator to 2024-05-23 00:00:00+00:00, run_after=2024-05-24 00:00:00+00:00
[2024-05-24T00:38:39.574+0000] {processor.py:183} INFO - Processing /home/airflow/.local/lib/python3.12/site-packages/airflow/example_dags/example_short_circuit_operator.py took 0.059 seconds
[2024-05-24T00:39:10.062+0000] {processor.py:161} INFO - Started process (PID=3015) to work on /home/airflow/.local/lib/python3.12/site-packages/airflow/example_dags/example_short_circuit_operator.py
[2024-05-24T00:39:10.062+0000] {processor.py:830} INFO - Processing file /home/airflow/.local/lib/python3.12/site-packages/airflow/example_dags/example_short_circuit_operator.py for tasks to queue
[2024-05-24T00:39:10.062+0000] {logging_mixin.py:188} INFO - [2024-05-24T00:39:10.062+0000] {dagbag.py:545} INFO - Filling up the DagBag from /home/airflow/.local/lib/python3.12/site-packages/airflow/example_dags/example_short_circuit_operator.py
[2024-05-24T00:39:10.065+0000] {processor.py:840} INFO - DAG(s) 'example_short_circuit_operator' retrieved from /home/airflow/.local/lib/python3.12/site-packages/airflow/example_dags/example_short_circuit_operator.py
[2024-05-24T00:39:10.071+0000] {logging_mixin.py:188} INFO - [2024-05-24T00:39:10.071+0000] {dag.py:3096} INFO - Sync 1 DAGs
[2024-05-24T00:39:10.082+0000] {logging_mixin.py:188} INFO - [2024-05-24T00:39:10.082+0000] {dag.py:3954} INFO - Setting next_dagrun for example_short_circuit_operator to 2024-05-23 00:00:00+00:00, run_after=2024-05-24 00:00:00+00:00
[2024-05-24T00:39:10.089+0000] {processor.py:183} INFO - Processing /home/airflow/.local/lib/python3.12/site-packages/airflow/example_dags/example_short_circuit_operator.py took 0.030 seconds
[2024-05-24T00:39:40.457+0000] {processor.py:161} INFO - Started process (PID=3074) to work on /home/airflow/.local/lib/python3.12/site-packages/airflow/example_dags/example_short_circuit_operator.py
[2024-05-24T00:39:40.457+0000] {processor.py:830} INFO - Processing file /home/airflow/.local/lib/python3.12/site-packages/airflow/example_dags/example_short_circuit_operator.py for tasks to queue
[2024-05-24T00:39:40.457+0000] {logging_mixin.py:188} INFO - [2024-05-24T00:39:40.457+0000] {dagbag.py:545} INFO - Filling up the DagBag from /home/airflow/.local/lib/python3.12/site-packages/airflow/example_dags/example_short_circuit_operator.py
[2024-05-24T00:39:40.461+0000] {processor.py:840} INFO - DAG(s) 'example_short_circuit_operator' retrieved from /home/airflow/.local/lib/python3.12/site-packages/airflow/example_dags/example_short_circuit_operator.py
[2024-05-24T00:39:40.467+0000] {logging_mixin.py:188} INFO - [2024-05-24T00:39:40.467+0000] {dag.py:3096} INFO - Sync 1 DAGs
[2024-05-24T00:39:40.480+0000] {logging_mixin.py:188} INFO - [2024-05-24T00:39:40.479+0000] {dag.py:3954} INFO - Setting next_dagrun for example_short_circuit_operator to 2024-05-23 00:00:00+00:00, run_after=2024-05-24 00:00:00+00:00
[2024-05-24T00:39:40.489+0000] {processor.py:183} INFO - Processing /home/airflow/.local/lib/python3.12/site-packages/airflow/example_dags/example_short_circuit_operator.py took 0.035 seconds
[2024-05-24T00:40:11.511+0000] {processor.py:161} INFO - Started process (PID=3132) to work on /home/airflow/.local/lib/python3.12/site-packages/airflow/example_dags/example_short_circuit_operator.py
[2024-05-24T00:40:11.511+0000] {processor.py:830} INFO - Processing file /home/airflow/.local/lib/python3.12/site-packages/airflow/example_dags/example_short_circuit_operator.py for tasks to queue
[2024-05-24T00:40:11.511+0000] {logging_mixin.py:188} INFO - [2024-05-24T00:40:11.511+0000] {dagbag.py:545} INFO - Filling up the DagBag from /home/airflow/.local/lib/python3.12/site-packages/airflow/example_dags/example_short_circuit_operator.py
[2024-05-24T00:40:11.514+0000] {processor.py:840} INFO - DAG(s) 'example_short_circuit_operator' retrieved from /home/airflow/.local/lib/python3.12/site-packages/airflow/example_dags/example_short_circuit_operator.py
[2024-05-24T00:40:11.569+0000] {logging_mixin.py:188} INFO - [2024-05-24T00:40:11.569+0000] {dag.py:3096} INFO - Sync 1 DAGs
[2024-05-24T00:40:11.581+0000] {logging_mixin.py:188} INFO - [2024-05-24T00:40:11.581+0000] {dag.py:3954} INFO - Setting next_dagrun for example_short_circuit_operator to 2024-05-23 00:00:00+00:00, run_after=2024-05-24 00:00:00+00:00
[2024-05-24T00:40:11.592+0000] {processor.py:183} INFO - Processing /home/airflow/.local/lib/python3.12/site-packages/airflow/example_dags/example_short_circuit_operator.py took 0.084 seconds
