[2024-05-24T00:14:37.390+0000] {processor.py:161} INFO - Started process (PID=66) to work on /home/airflow/.local/lib/python3.12/site-packages/airflow/example_dags/example_task_group_decorator.py
[2024-05-24T00:14:37.390+0000] {processor.py:830} INFO - Processing file /home/airflow/.local/lib/python3.12/site-packages/airflow/example_dags/example_task_group_decorator.py for tasks to queue
[2024-05-24T00:14:37.391+0000] {logging_mixin.py:188} INFO - [2024-05-24T00:14:37.391+0000] {dagbag.py:545} INFO - Filling up the DagBag from /home/airflow/.local/lib/python3.12/site-packages/airflow/example_dags/example_task_group_decorator.py
[2024-05-24T00:14:37.396+0000] {processor.py:840} INFO - DAG(s) 'example_task_group_decorator' retrieved from /home/airflow/.local/lib/python3.12/site-packages/airflow/example_dags/example_task_group_decorator.py
[2024-05-24T00:14:37.402+0000] {logging_mixin.py:188} INFO - [2024-05-24T00:14:37.401+0000] {dag.py:3096} INFO - Sync 1 DAGs
[2024-05-24T00:14:37.411+0000] {logging_mixin.py:188} INFO - [2024-05-24T00:14:37.411+0000] {dag.py:3954} INFO - Setting next_dagrun for example_task_group_decorator to 2024-05-23 00:00:00+00:00, run_after=2024-05-24 00:00:00+00:00
[2024-05-24T00:14:37.418+0000] {processor.py:183} INFO - Processing /home/airflow/.local/lib/python3.12/site-packages/airflow/example_dags/example_task_group_decorator.py took 0.031 seconds
[2024-05-24T00:15:08.079+0000] {processor.py:161} INFO - Started process (PID=125) to work on /home/airflow/.local/lib/python3.12/site-packages/airflow/example_dags/example_task_group_decorator.py
[2024-05-24T00:15:08.079+0000] {processor.py:830} INFO - Processing file /home/airflow/.local/lib/python3.12/site-packages/airflow/example_dags/example_task_group_decorator.py for tasks to queue
[2024-05-24T00:15:08.080+0000] {logging_mixin.py:188} INFO - [2024-05-24T00:15:08.080+0000] {dagbag.py:545} INFO - Filling up the DagBag from /home/airflow/.local/lib/python3.12/site-packages/airflow/example_dags/example_task_group_decorator.py
[2024-05-24T00:15:08.086+0000] {processor.py:840} INFO - DAG(s) 'example_task_group_decorator' retrieved from /home/airflow/.local/lib/python3.12/site-packages/airflow/example_dags/example_task_group_decorator.py
[2024-05-24T00:15:08.128+0000] {logging_mixin.py:188} INFO - [2024-05-24T00:15:08.128+0000] {dag.py:3096} INFO - Sync 1 DAGs
[2024-05-24T00:15:08.136+0000] {logging_mixin.py:188} INFO - [2024-05-24T00:15:08.136+0000] {dag.py:3954} INFO - Setting next_dagrun for example_task_group_decorator to 2024-05-23 00:00:00+00:00, run_after=2024-05-24 00:00:00+00:00
[2024-05-24T00:15:08.143+0000] {processor.py:183} INFO - Processing /home/airflow/.local/lib/python3.12/site-packages/airflow/example_dags/example_task_group_decorator.py took 0.067 seconds
[2024-05-24T00:15:39.065+0000] {processor.py:161} INFO - Started process (PID=184) to work on /home/airflow/.local/lib/python3.12/site-packages/airflow/example_dags/example_task_group_decorator.py
[2024-05-24T00:15:39.066+0000] {processor.py:830} INFO - Processing file /home/airflow/.local/lib/python3.12/site-packages/airflow/example_dags/example_task_group_decorator.py for tasks to queue
[2024-05-24T00:15:39.066+0000] {logging_mixin.py:188} INFO - [2024-05-24T00:15:39.066+0000] {dagbag.py:545} INFO - Filling up the DagBag from /home/airflow/.local/lib/python3.12/site-packages/airflow/example_dags/example_task_group_decorator.py
[2024-05-24T00:15:39.072+0000] {processor.py:840} INFO - DAG(s) 'example_task_group_decorator' retrieved from /home/airflow/.local/lib/python3.12/site-packages/airflow/example_dags/example_task_group_decorator.py
[2024-05-24T00:15:39.087+0000] {logging_mixin.py:188} INFO - [2024-05-24T00:15:39.087+0000] {dag.py:3096} INFO - Sync 1 DAGs
[2024-05-24T00:15:39.096+0000] {logging_mixin.py:188} INFO - [2024-05-24T00:15:39.096+0000] {dag.py:3954} INFO - Setting next_dagrun for example_task_group_decorator to 2024-05-23 00:00:00+00:00, run_after=2024-05-24 00:00:00+00:00
[2024-05-24T00:15:39.103+0000] {processor.py:183} INFO - Processing /home/airflow/.local/lib/python3.12/site-packages/airflow/example_dags/example_task_group_decorator.py took 0.041 seconds
[2024-05-24T00:16:09.558+0000] {processor.py:161} INFO - Started process (PID=243) to work on /home/airflow/.local/lib/python3.12/site-packages/airflow/example_dags/example_task_group_decorator.py
[2024-05-24T00:16:09.559+0000] {processor.py:830} INFO - Processing file /home/airflow/.local/lib/python3.12/site-packages/airflow/example_dags/example_task_group_decorator.py for tasks to queue
[2024-05-24T00:16:09.559+0000] {logging_mixin.py:188} INFO - [2024-05-24T00:16:09.559+0000] {dagbag.py:545} INFO - Filling up the DagBag from /home/airflow/.local/lib/python3.12/site-packages/airflow/example_dags/example_task_group_decorator.py
[2024-05-24T00:16:09.565+0000] {processor.py:840} INFO - DAG(s) 'example_task_group_decorator' retrieved from /home/airflow/.local/lib/python3.12/site-packages/airflow/example_dags/example_task_group_decorator.py
[2024-05-24T00:16:09.580+0000] {logging_mixin.py:188} INFO - [2024-05-24T00:16:09.579+0000] {dag.py:3096} INFO - Sync 1 DAGs
[2024-05-24T00:16:09.593+0000] {logging_mixin.py:188} INFO - [2024-05-24T00:16:09.592+0000] {dag.py:3954} INFO - Setting next_dagrun for example_task_group_decorator to 2024-05-23 00:00:00+00:00, run_after=2024-05-24 00:00:00+00:00
[2024-05-24T00:16:09.603+0000] {processor.py:183} INFO - Processing /home/airflow/.local/lib/python3.12/site-packages/airflow/example_dags/example_task_group_decorator.py took 0.047 seconds
[2024-05-24T00:16:40.035+0000] {processor.py:161} INFO - Started process (PID=303) to work on /home/airflow/.local/lib/python3.12/site-packages/airflow/example_dags/example_task_group_decorator.py
[2024-05-24T00:16:40.035+0000] {processor.py:830} INFO - Processing file /home/airflow/.local/lib/python3.12/site-packages/airflow/example_dags/example_task_group_decorator.py for tasks to queue
[2024-05-24T00:16:40.036+0000] {logging_mixin.py:188} INFO - [2024-05-24T00:16:40.036+0000] {dagbag.py:545} INFO - Filling up the DagBag from /home/airflow/.local/lib/python3.12/site-packages/airflow/example_dags/example_task_group_decorator.py
[2024-05-24T00:16:40.041+0000] {processor.py:840} INFO - DAG(s) 'example_task_group_decorator' retrieved from /home/airflow/.local/lib/python3.12/site-packages/airflow/example_dags/example_task_group_decorator.py
[2024-05-24T00:16:40.051+0000] {logging_mixin.py:188} INFO - [2024-05-24T00:16:40.051+0000] {dag.py:3096} INFO - Sync 1 DAGs
[2024-05-24T00:16:40.059+0000] {logging_mixin.py:188} INFO - [2024-05-24T00:16:40.059+0000] {dag.py:3954} INFO - Setting next_dagrun for example_task_group_decorator to 2024-05-23 00:00:00+00:00, run_after=2024-05-24 00:00:00+00:00
[2024-05-24T00:16:40.066+0000] {processor.py:183} INFO - Processing /home/airflow/.local/lib/python3.12/site-packages/airflow/example_dags/example_task_group_decorator.py took 0.033 seconds
[2024-05-24T00:17:10.577+0000] {processor.py:161} INFO - Started process (PID=362) to work on /home/airflow/.local/lib/python3.12/site-packages/airflow/example_dags/example_task_group_decorator.py
[2024-05-24T00:17:10.577+0000] {processor.py:830} INFO - Processing file /home/airflow/.local/lib/python3.12/site-packages/airflow/example_dags/example_task_group_decorator.py for tasks to queue
[2024-05-24T00:17:10.578+0000] {logging_mixin.py:188} INFO - [2024-05-24T00:17:10.578+0000] {dagbag.py:545} INFO - Filling up the DagBag from /home/airflow/.local/lib/python3.12/site-packages/airflow/example_dags/example_task_group_decorator.py
[2024-05-24T00:17:10.584+0000] {processor.py:840} INFO - DAG(s) 'example_task_group_decorator' retrieved from /home/airflow/.local/lib/python3.12/site-packages/airflow/example_dags/example_task_group_decorator.py
[2024-05-24T00:17:10.596+0000] {logging_mixin.py:188} INFO - [2024-05-24T00:17:10.596+0000] {dag.py:3096} INFO - Sync 1 DAGs
[2024-05-24T00:17:10.608+0000] {logging_mixin.py:188} INFO - [2024-05-24T00:17:10.608+0000] {dag.py:3954} INFO - Setting next_dagrun for example_task_group_decorator to 2024-05-23 00:00:00+00:00, run_after=2024-05-24 00:00:00+00:00
[2024-05-24T00:17:10.615+0000] {processor.py:183} INFO - Processing /home/airflow/.local/lib/python3.12/site-packages/airflow/example_dags/example_task_group_decorator.py took 0.040 seconds
[2024-05-24T00:17:41.001+0000] {processor.py:161} INFO - Started process (PID=421) to work on /home/airflow/.local/lib/python3.12/site-packages/airflow/example_dags/example_task_group_decorator.py
[2024-05-24T00:17:41.001+0000] {processor.py:830} INFO - Processing file /home/airflow/.local/lib/python3.12/site-packages/airflow/example_dags/example_task_group_decorator.py for tasks to queue
[2024-05-24T00:17:41.002+0000] {logging_mixin.py:188} INFO - [2024-05-24T00:17:41.002+0000] {dagbag.py:545} INFO - Filling up the DagBag from /home/airflow/.local/lib/python3.12/site-packages/airflow/example_dags/example_task_group_decorator.py
[2024-05-24T00:17:41.008+0000] {processor.py:840} INFO - DAG(s) 'example_task_group_decorator' retrieved from /home/airflow/.local/lib/python3.12/site-packages/airflow/example_dags/example_task_group_decorator.py
[2024-05-24T00:17:41.020+0000] {logging_mixin.py:188} INFO - [2024-05-24T00:17:41.020+0000] {dag.py:3096} INFO - Sync 1 DAGs
[2024-05-24T00:17:41.031+0000] {logging_mixin.py:188} INFO - [2024-05-24T00:17:41.031+0000] {dag.py:3954} INFO - Setting next_dagrun for example_task_group_decorator to 2024-05-23 00:00:00+00:00, run_after=2024-05-24 00:00:00+00:00
[2024-05-24T00:17:41.037+0000] {processor.py:183} INFO - Processing /home/airflow/.local/lib/python3.12/site-packages/airflow/example_dags/example_task_group_decorator.py took 0.039 seconds
[2024-05-24T00:18:11.666+0000] {processor.py:161} INFO - Started process (PID=481) to work on /home/airflow/.local/lib/python3.12/site-packages/airflow/example_dags/example_task_group_decorator.py
[2024-05-24T00:18:11.666+0000] {processor.py:830} INFO - Processing file /home/airflow/.local/lib/python3.12/site-packages/airflow/example_dags/example_task_group_decorator.py for tasks to queue
[2024-05-24T00:18:11.667+0000] {logging_mixin.py:188} INFO - [2024-05-24T00:18:11.667+0000] {dagbag.py:545} INFO - Filling up the DagBag from /home/airflow/.local/lib/python3.12/site-packages/airflow/example_dags/example_task_group_decorator.py
[2024-05-24T00:18:11.672+0000] {processor.py:840} INFO - DAG(s) 'example_task_group_decorator' retrieved from /home/airflow/.local/lib/python3.12/site-packages/airflow/example_dags/example_task_group_decorator.py
[2024-05-24T00:18:11.685+0000] {logging_mixin.py:188} INFO - [2024-05-24T00:18:11.685+0000] {dag.py:3096} INFO - Sync 1 DAGs
[2024-05-24T00:18:11.698+0000] {logging_mixin.py:188} INFO - [2024-05-24T00:18:11.698+0000] {dag.py:3954} INFO - Setting next_dagrun for example_task_group_decorator to 2024-05-23 00:00:00+00:00, run_after=2024-05-24 00:00:00+00:00
[2024-05-24T00:18:11.708+0000] {processor.py:183} INFO - Processing /home/airflow/.local/lib/python3.12/site-packages/airflow/example_dags/example_task_group_decorator.py took 0.045 seconds
[2024-05-24T00:18:42.452+0000] {processor.py:161} INFO - Started process (PID=547) to work on /home/airflow/.local/lib/python3.12/site-packages/airflow/example_dags/example_task_group_decorator.py
[2024-05-24T00:18:42.452+0000] {processor.py:830} INFO - Processing file /home/airflow/.local/lib/python3.12/site-packages/airflow/example_dags/example_task_group_decorator.py for tasks to queue
[2024-05-24T00:18:42.453+0000] {logging_mixin.py:188} INFO - [2024-05-24T00:18:42.453+0000] {dagbag.py:545} INFO - Filling up the DagBag from /home/airflow/.local/lib/python3.12/site-packages/airflow/example_dags/example_task_group_decorator.py
[2024-05-24T00:18:42.458+0000] {processor.py:840} INFO - DAG(s) 'example_task_group_decorator' retrieved from /home/airflow/.local/lib/python3.12/site-packages/airflow/example_dags/example_task_group_decorator.py
[2024-05-24T00:18:42.473+0000] {logging_mixin.py:188} INFO - [2024-05-24T00:18:42.473+0000] {dag.py:3096} INFO - Sync 1 DAGs
[2024-05-24T00:18:42.482+0000] {logging_mixin.py:188} INFO - [2024-05-24T00:18:42.482+0000] {dag.py:3954} INFO - Setting next_dagrun for example_task_group_decorator to 2024-05-23 00:00:00+00:00, run_after=2024-05-24 00:00:00+00:00
[2024-05-24T00:18:42.489+0000] {processor.py:183} INFO - Processing /home/airflow/.local/lib/python3.12/site-packages/airflow/example_dags/example_task_group_decorator.py took 0.039 seconds
[2024-05-24T00:19:13.097+0000] {processor.py:161} INFO - Started process (PID=607) to work on /home/airflow/.local/lib/python3.12/site-packages/airflow/example_dags/example_task_group_decorator.py
[2024-05-24T00:19:13.098+0000] {processor.py:830} INFO - Processing file /home/airflow/.local/lib/python3.12/site-packages/airflow/example_dags/example_task_group_decorator.py for tasks to queue
[2024-05-24T00:19:13.098+0000] {logging_mixin.py:188} INFO - [2024-05-24T00:19:13.098+0000] {dagbag.py:545} INFO - Filling up the DagBag from /home/airflow/.local/lib/python3.12/site-packages/airflow/example_dags/example_task_group_decorator.py
[2024-05-24T00:19:13.104+0000] {processor.py:840} INFO - DAG(s) 'example_task_group_decorator' retrieved from /home/airflow/.local/lib/python3.12/site-packages/airflow/example_dags/example_task_group_decorator.py
[2024-05-24T00:19:13.119+0000] {logging_mixin.py:188} INFO - [2024-05-24T00:19:13.119+0000] {dag.py:3096} INFO - Sync 1 DAGs
[2024-05-24T00:19:13.130+0000] {logging_mixin.py:188} INFO - [2024-05-24T00:19:13.130+0000] {dag.py:3954} INFO - Setting next_dagrun for example_task_group_decorator to 2024-05-23 00:00:00+00:00, run_after=2024-05-24 00:00:00+00:00
[2024-05-24T00:19:13.138+0000] {processor.py:183} INFO - Processing /home/airflow/.local/lib/python3.12/site-packages/airflow/example_dags/example_task_group_decorator.py took 0.044 seconds
[2024-05-24T00:19:43.868+0000] {processor.py:161} INFO - Started process (PID=667) to work on /home/airflow/.local/lib/python3.12/site-packages/airflow/example_dags/example_task_group_decorator.py
[2024-05-24T00:19:43.869+0000] {processor.py:830} INFO - Processing file /home/airflow/.local/lib/python3.12/site-packages/airflow/example_dags/example_task_group_decorator.py for tasks to queue
[2024-05-24T00:19:43.870+0000] {logging_mixin.py:188} INFO - [2024-05-24T00:19:43.870+0000] {dagbag.py:545} INFO - Filling up the DagBag from /home/airflow/.local/lib/python3.12/site-packages/airflow/example_dags/example_task_group_decorator.py
[2024-05-24T00:19:43.877+0000] {processor.py:840} INFO - DAG(s) 'example_task_group_decorator' retrieved from /home/airflow/.local/lib/python3.12/site-packages/airflow/example_dags/example_task_group_decorator.py
[2024-05-24T00:19:43.888+0000] {logging_mixin.py:188} INFO - [2024-05-24T00:19:43.888+0000] {dag.py:3096} INFO - Sync 1 DAGs
[2024-05-24T00:19:43.897+0000] {logging_mixin.py:188} INFO - [2024-05-24T00:19:43.897+0000] {dag.py:3954} INFO - Setting next_dagrun for example_task_group_decorator to 2024-05-23 00:00:00+00:00, run_after=2024-05-24 00:00:00+00:00
[2024-05-24T00:19:43.904+0000] {processor.py:183} INFO - Processing /home/airflow/.local/lib/python3.12/site-packages/airflow/example_dags/example_task_group_decorator.py took 0.039 seconds
[2024-05-24T00:20:14.584+0000] {processor.py:161} INFO - Started process (PID=726) to work on /home/airflow/.local/lib/python3.12/site-packages/airflow/example_dags/example_task_group_decorator.py
[2024-05-24T00:20:14.584+0000] {processor.py:830} INFO - Processing file /home/airflow/.local/lib/python3.12/site-packages/airflow/example_dags/example_task_group_decorator.py for tasks to queue
[2024-05-24T00:20:14.585+0000] {logging_mixin.py:188} INFO - [2024-05-24T00:20:14.585+0000] {dagbag.py:545} INFO - Filling up the DagBag from /home/airflow/.local/lib/python3.12/site-packages/airflow/example_dags/example_task_group_decorator.py
[2024-05-24T00:20:14.591+0000] {processor.py:840} INFO - DAG(s) 'example_task_group_decorator' retrieved from /home/airflow/.local/lib/python3.12/site-packages/airflow/example_dags/example_task_group_decorator.py
[2024-05-24T00:20:14.607+0000] {logging_mixin.py:188} INFO - [2024-05-24T00:20:14.607+0000] {dag.py:3096} INFO - Sync 1 DAGs
[2024-05-24T00:20:14.617+0000] {logging_mixin.py:188} INFO - [2024-05-24T00:20:14.617+0000] {dag.py:3954} INFO - Setting next_dagrun for example_task_group_decorator to 2024-05-23 00:00:00+00:00, run_after=2024-05-24 00:00:00+00:00
[2024-05-24T00:20:14.625+0000] {processor.py:183} INFO - Processing /home/airflow/.local/lib/python3.12/site-packages/airflow/example_dags/example_task_group_decorator.py took 0.044 seconds
[2024-05-24T00:20:45.283+0000] {processor.py:161} INFO - Started process (PID=786) to work on /home/airflow/.local/lib/python3.12/site-packages/airflow/example_dags/example_task_group_decorator.py
[2024-05-24T00:20:45.284+0000] {processor.py:830} INFO - Processing file /home/airflow/.local/lib/python3.12/site-packages/airflow/example_dags/example_task_group_decorator.py for tasks to queue
[2024-05-24T00:20:45.284+0000] {logging_mixin.py:188} INFO - [2024-05-24T00:20:45.284+0000] {dagbag.py:545} INFO - Filling up the DagBag from /home/airflow/.local/lib/python3.12/site-packages/airflow/example_dags/example_task_group_decorator.py
[2024-05-24T00:20:45.290+0000] {processor.py:840} INFO - DAG(s) 'example_task_group_decorator' retrieved from /home/airflow/.local/lib/python3.12/site-packages/airflow/example_dags/example_task_group_decorator.py
[2024-05-24T00:20:45.300+0000] {logging_mixin.py:188} INFO - [2024-05-24T00:20:45.300+0000] {dag.py:3096} INFO - Sync 1 DAGs
[2024-05-24T00:20:45.308+0000] {logging_mixin.py:188} INFO - [2024-05-24T00:20:45.308+0000] {dag.py:3954} INFO - Setting next_dagrun for example_task_group_decorator to 2024-05-23 00:00:00+00:00, run_after=2024-05-24 00:00:00+00:00
[2024-05-24T00:20:45.315+0000] {processor.py:183} INFO - Processing /home/airflow/.local/lib/python3.12/site-packages/airflow/example_dags/example_task_group_decorator.py took 0.034 seconds
[2024-05-24T00:21:15.887+0000] {processor.py:161} INFO - Started process (PID=863) to work on /home/airflow/.local/lib/python3.12/site-packages/airflow/example_dags/example_task_group_decorator.py
[2024-05-24T00:21:15.887+0000] {processor.py:830} INFO - Processing file /home/airflow/.local/lib/python3.12/site-packages/airflow/example_dags/example_task_group_decorator.py for tasks to queue
[2024-05-24T00:21:15.888+0000] {logging_mixin.py:188} INFO - [2024-05-24T00:21:15.888+0000] {dagbag.py:545} INFO - Filling up the DagBag from /home/airflow/.local/lib/python3.12/site-packages/airflow/example_dags/example_task_group_decorator.py
[2024-05-24T00:21:15.894+0000] {processor.py:840} INFO - DAG(s) 'example_task_group_decorator' retrieved from /home/airflow/.local/lib/python3.12/site-packages/airflow/example_dags/example_task_group_decorator.py
[2024-05-24T00:21:15.909+0000] {logging_mixin.py:188} INFO - [2024-05-24T00:21:15.908+0000] {dag.py:3096} INFO - Sync 1 DAGs
[2024-05-24T00:21:15.922+0000] {logging_mixin.py:188} INFO - [2024-05-24T00:21:15.922+0000] {dag.py:3954} INFO - Setting next_dagrun for example_task_group_decorator to 2024-05-23 00:00:00+00:00, run_after=2024-05-24 00:00:00+00:00
[2024-05-24T00:21:15.932+0000] {processor.py:183} INFO - Processing /home/airflow/.local/lib/python3.12/site-packages/airflow/example_dags/example_task_group_decorator.py took 0.048 seconds
[2024-05-24T00:21:46.495+0000] {processor.py:161} INFO - Started process (PID=941) to work on /home/airflow/.local/lib/python3.12/site-packages/airflow/example_dags/example_task_group_decorator.py
[2024-05-24T00:21:46.495+0000] {processor.py:830} INFO - Processing file /home/airflow/.local/lib/python3.12/site-packages/airflow/example_dags/example_task_group_decorator.py for tasks to queue
[2024-05-24T00:21:46.496+0000] {logging_mixin.py:188} INFO - [2024-05-24T00:21:46.496+0000] {dagbag.py:545} INFO - Filling up the DagBag from /home/airflow/.local/lib/python3.12/site-packages/airflow/example_dags/example_task_group_decorator.py
[2024-05-24T00:21:46.502+0000] {processor.py:840} INFO - DAG(s) 'example_task_group_decorator' retrieved from /home/airflow/.local/lib/python3.12/site-packages/airflow/example_dags/example_task_group_decorator.py
[2024-05-24T00:21:46.515+0000] {logging_mixin.py:188} INFO - [2024-05-24T00:21:46.515+0000] {dag.py:3096} INFO - Sync 1 DAGs
[2024-05-24T00:21:46.523+0000] {logging_mixin.py:188} INFO - [2024-05-24T00:21:46.523+0000] {dag.py:3954} INFO - Setting next_dagrun for example_task_group_decorator to 2024-05-23 00:00:00+00:00, run_after=2024-05-24 00:00:00+00:00
[2024-05-24T00:21:46.530+0000] {processor.py:183} INFO - Processing /home/airflow/.local/lib/python3.12/site-packages/airflow/example_dags/example_task_group_decorator.py took 0.039 seconds
[2024-05-24T00:22:17.247+0000] {processor.py:161} INFO - Started process (PID=1001) to work on /home/airflow/.local/lib/python3.12/site-packages/airflow/example_dags/example_task_group_decorator.py
[2024-05-24T00:22:17.248+0000] {processor.py:830} INFO - Processing file /home/airflow/.local/lib/python3.12/site-packages/airflow/example_dags/example_task_group_decorator.py for tasks to queue
[2024-05-24T00:22:17.248+0000] {logging_mixin.py:188} INFO - [2024-05-24T00:22:17.248+0000] {dagbag.py:545} INFO - Filling up the DagBag from /home/airflow/.local/lib/python3.12/site-packages/airflow/example_dags/example_task_group_decorator.py
[2024-05-24T00:22:17.254+0000] {processor.py:840} INFO - DAG(s) 'example_task_group_decorator' retrieved from /home/airflow/.local/lib/python3.12/site-packages/airflow/example_dags/example_task_group_decorator.py
[2024-05-24T00:22:17.269+0000] {logging_mixin.py:188} INFO - [2024-05-24T00:22:17.268+0000] {dag.py:3096} INFO - Sync 1 DAGs
[2024-05-24T00:22:17.278+0000] {logging_mixin.py:188} INFO - [2024-05-24T00:22:17.278+0000] {dag.py:3954} INFO - Setting next_dagrun for example_task_group_decorator to 2024-05-23 00:00:00+00:00, run_after=2024-05-24 00:00:00+00:00
[2024-05-24T00:22:17.285+0000] {processor.py:183} INFO - Processing /home/airflow/.local/lib/python3.12/site-packages/airflow/example_dags/example_task_group_decorator.py took 0.040 seconds
[2024-05-24T00:22:47.486+0000] {processor.py:161} INFO - Started process (PID=1079) to work on /home/airflow/.local/lib/python3.12/site-packages/airflow/example_dags/example_task_group_decorator.py
[2024-05-24T00:22:47.487+0000] {processor.py:830} INFO - Processing file /home/airflow/.local/lib/python3.12/site-packages/airflow/example_dags/example_task_group_decorator.py for tasks to queue
[2024-05-24T00:22:47.487+0000] {logging_mixin.py:188} INFO - [2024-05-24T00:22:47.487+0000] {dagbag.py:545} INFO - Filling up the DagBag from /home/airflow/.local/lib/python3.12/site-packages/airflow/example_dags/example_task_group_decorator.py
[2024-05-24T00:22:47.493+0000] {processor.py:840} INFO - DAG(s) 'example_task_group_decorator' retrieved from /home/airflow/.local/lib/python3.12/site-packages/airflow/example_dags/example_task_group_decorator.py
[2024-05-24T00:22:47.506+0000] {logging_mixin.py:188} INFO - [2024-05-24T00:22:47.506+0000] {dag.py:3096} INFO - Sync 1 DAGs
[2024-05-24T00:22:47.515+0000] {logging_mixin.py:188} INFO - [2024-05-24T00:22:47.515+0000] {dag.py:3954} INFO - Setting next_dagrun for example_task_group_decorator to 2024-05-23 00:00:00+00:00, run_after=2024-05-24 00:00:00+00:00
[2024-05-24T00:22:47.522+0000] {processor.py:183} INFO - Processing /home/airflow/.local/lib/python3.12/site-packages/airflow/example_dags/example_task_group_decorator.py took 0.039 seconds
[2024-05-24T00:23:18.234+0000] {processor.py:161} INFO - Started process (PID=1139) to work on /home/airflow/.local/lib/python3.12/site-packages/airflow/example_dags/example_task_group_decorator.py
[2024-05-24T00:23:18.235+0000] {processor.py:830} INFO - Processing file /home/airflow/.local/lib/python3.12/site-packages/airflow/example_dags/example_task_group_decorator.py for tasks to queue
[2024-05-24T00:23:18.236+0000] {logging_mixin.py:188} INFO - [2024-05-24T00:23:18.235+0000] {dagbag.py:545} INFO - Filling up the DagBag from /home/airflow/.local/lib/python3.12/site-packages/airflow/example_dags/example_task_group_decorator.py
[2024-05-24T00:23:18.241+0000] {processor.py:840} INFO - DAG(s) 'example_task_group_decorator' retrieved from /home/airflow/.local/lib/python3.12/site-packages/airflow/example_dags/example_task_group_decorator.py
[2024-05-24T00:23:18.254+0000] {logging_mixin.py:188} INFO - [2024-05-24T00:23:18.254+0000] {dag.py:3096} INFO - Sync 1 DAGs
[2024-05-24T00:23:18.264+0000] {logging_mixin.py:188} INFO - [2024-05-24T00:23:18.264+0000] {dag.py:3954} INFO - Setting next_dagrun for example_task_group_decorator to 2024-05-23 00:00:00+00:00, run_after=2024-05-24 00:00:00+00:00
[2024-05-24T00:23:18.271+0000] {processor.py:183} INFO - Processing /home/airflow/.local/lib/python3.12/site-packages/airflow/example_dags/example_task_group_decorator.py took 0.040 seconds
[2024-05-24T00:23:49.032+0000] {processor.py:161} INFO - Started process (PID=1199) to work on /home/airflow/.local/lib/python3.12/site-packages/airflow/example_dags/example_task_group_decorator.py
[2024-05-24T00:23:49.032+0000] {processor.py:830} INFO - Processing file /home/airflow/.local/lib/python3.12/site-packages/airflow/example_dags/example_task_group_decorator.py for tasks to queue
[2024-05-24T00:23:49.033+0000] {logging_mixin.py:188} INFO - [2024-05-24T00:23:49.033+0000] {dagbag.py:545} INFO - Filling up the DagBag from /home/airflow/.local/lib/python3.12/site-packages/airflow/example_dags/example_task_group_decorator.py
[2024-05-24T00:23:49.038+0000] {processor.py:840} INFO - DAG(s) 'example_task_group_decorator' retrieved from /home/airflow/.local/lib/python3.12/site-packages/airflow/example_dags/example_task_group_decorator.py
[2024-05-24T00:23:49.050+0000] {logging_mixin.py:188} INFO - [2024-05-24T00:23:49.050+0000] {dag.py:3096} INFO - Sync 1 DAGs
[2024-05-24T00:23:49.059+0000] {logging_mixin.py:188} INFO - [2024-05-24T00:23:49.059+0000] {dag.py:3954} INFO - Setting next_dagrun for example_task_group_decorator to 2024-05-23 00:00:00+00:00, run_after=2024-05-24 00:00:00+00:00
[2024-05-24T00:23:49.066+0000] {processor.py:183} INFO - Processing /home/airflow/.local/lib/python3.12/site-packages/airflow/example_dags/example_task_group_decorator.py took 0.037 seconds
[2024-05-24T00:24:19.788+0000] {processor.py:161} INFO - Started process (PID=1259) to work on /home/airflow/.local/lib/python3.12/site-packages/airflow/example_dags/example_task_group_decorator.py
[2024-05-24T00:24:19.789+0000] {processor.py:830} INFO - Processing file /home/airflow/.local/lib/python3.12/site-packages/airflow/example_dags/example_task_group_decorator.py for tasks to queue
[2024-05-24T00:24:19.789+0000] {logging_mixin.py:188} INFO - [2024-05-24T00:24:19.789+0000] {dagbag.py:545} INFO - Filling up the DagBag from /home/airflow/.local/lib/python3.12/site-packages/airflow/example_dags/example_task_group_decorator.py
[2024-05-24T00:24:19.795+0000] {processor.py:840} INFO - DAG(s) 'example_task_group_decorator' retrieved from /home/airflow/.local/lib/python3.12/site-packages/airflow/example_dags/example_task_group_decorator.py
[2024-05-24T00:24:19.810+0000] {logging_mixin.py:188} INFO - [2024-05-24T00:24:19.810+0000] {dag.py:3096} INFO - Sync 1 DAGs
[2024-05-24T00:24:19.821+0000] {logging_mixin.py:188} INFO - [2024-05-24T00:24:19.821+0000] {dag.py:3954} INFO - Setting next_dagrun for example_task_group_decorator to 2024-05-23 00:00:00+00:00, run_after=2024-05-24 00:00:00+00:00
[2024-05-24T00:24:19.828+0000] {processor.py:183} INFO - Processing /home/airflow/.local/lib/python3.12/site-packages/airflow/example_dags/example_task_group_decorator.py took 0.043 seconds
[2024-05-24T00:24:50.537+0000] {processor.py:161} INFO - Started process (PID=1319) to work on /home/airflow/.local/lib/python3.12/site-packages/airflow/example_dags/example_task_group_decorator.py
[2024-05-24T00:24:50.538+0000] {processor.py:830} INFO - Processing file /home/airflow/.local/lib/python3.12/site-packages/airflow/example_dags/example_task_group_decorator.py for tasks to queue
[2024-05-24T00:24:50.539+0000] {logging_mixin.py:188} INFO - [2024-05-24T00:24:50.539+0000] {dagbag.py:545} INFO - Filling up the DagBag from /home/airflow/.local/lib/python3.12/site-packages/airflow/example_dags/example_task_group_decorator.py
[2024-05-24T00:24:50.548+0000] {processor.py:840} INFO - DAG(s) 'example_task_group_decorator' retrieved from /home/airflow/.local/lib/python3.12/site-packages/airflow/example_dags/example_task_group_decorator.py
[2024-05-24T00:24:50.559+0000] {logging_mixin.py:188} INFO - [2024-05-24T00:24:50.558+0000] {dag.py:3096} INFO - Sync 1 DAGs
[2024-05-24T00:24:50.567+0000] {logging_mixin.py:188} INFO - [2024-05-24T00:24:50.567+0000] {dag.py:3954} INFO - Setting next_dagrun for example_task_group_decorator to 2024-05-23 00:00:00+00:00, run_after=2024-05-24 00:00:00+00:00
[2024-05-24T00:24:50.574+0000] {processor.py:183} INFO - Processing /home/airflow/.local/lib/python3.12/site-packages/airflow/example_dags/example_task_group_decorator.py took 0.040 seconds
[2024-05-24T00:25:21.249+0000] {processor.py:161} INFO - Started process (PID=1379) to work on /home/airflow/.local/lib/python3.12/site-packages/airflow/example_dags/example_task_group_decorator.py
[2024-05-24T00:25:21.250+0000] {processor.py:830} INFO - Processing file /home/airflow/.local/lib/python3.12/site-packages/airflow/example_dags/example_task_group_decorator.py for tasks to queue
[2024-05-24T00:25:21.251+0000] {logging_mixin.py:188} INFO - [2024-05-24T00:25:21.251+0000] {dagbag.py:545} INFO - Filling up the DagBag from /home/airflow/.local/lib/python3.12/site-packages/airflow/example_dags/example_task_group_decorator.py
[2024-05-24T00:25:21.257+0000] {processor.py:840} INFO - DAG(s) 'example_task_group_decorator' retrieved from /home/airflow/.local/lib/python3.12/site-packages/airflow/example_dags/example_task_group_decorator.py
[2024-05-24T00:25:21.273+0000] {logging_mixin.py:188} INFO - [2024-05-24T00:25:21.273+0000] {dag.py:3096} INFO - Sync 1 DAGs
[2024-05-24T00:25:21.287+0000] {logging_mixin.py:188} INFO - [2024-05-24T00:25:21.286+0000] {dag.py:3954} INFO - Setting next_dagrun for example_task_group_decorator to 2024-05-23 00:00:00+00:00, run_after=2024-05-24 00:00:00+00:00
[2024-05-24T00:25:21.297+0000] {processor.py:183} INFO - Processing /home/airflow/.local/lib/python3.12/site-packages/airflow/example_dags/example_task_group_decorator.py took 0.051 seconds
[2024-05-24T00:25:51.913+0000] {processor.py:161} INFO - Started process (PID=1439) to work on /home/airflow/.local/lib/python3.12/site-packages/airflow/example_dags/example_task_group_decorator.py
[2024-05-24T00:25:51.913+0000] {processor.py:830} INFO - Processing file /home/airflow/.local/lib/python3.12/site-packages/airflow/example_dags/example_task_group_decorator.py for tasks to queue
[2024-05-24T00:25:51.914+0000] {logging_mixin.py:188} INFO - [2024-05-24T00:25:51.914+0000] {dagbag.py:545} INFO - Filling up the DagBag from /home/airflow/.local/lib/python3.12/site-packages/airflow/example_dags/example_task_group_decorator.py
[2024-05-24T00:25:51.924+0000] {processor.py:840} INFO - DAG(s) 'example_task_group_decorator' retrieved from /home/airflow/.local/lib/python3.12/site-packages/airflow/example_dags/example_task_group_decorator.py
[2024-05-24T00:25:51.937+0000] {logging_mixin.py:188} INFO - [2024-05-24T00:25:51.937+0000] {dag.py:3096} INFO - Sync 1 DAGs
[2024-05-24T00:25:51.948+0000] {logging_mixin.py:188} INFO - [2024-05-24T00:25:51.948+0000] {dag.py:3954} INFO - Setting next_dagrun for example_task_group_decorator to 2024-05-23 00:00:00+00:00, run_after=2024-05-24 00:00:00+00:00
[2024-05-24T00:25:51.955+0000] {processor.py:183} INFO - Processing /home/airflow/.local/lib/python3.12/site-packages/airflow/example_dags/example_task_group_decorator.py took 0.045 seconds
[2024-05-24T00:26:22.589+0000] {processor.py:161} INFO - Started process (PID=1499) to work on /home/airflow/.local/lib/python3.12/site-packages/airflow/example_dags/example_task_group_decorator.py
[2024-05-24T00:26:22.590+0000] {processor.py:830} INFO - Processing file /home/airflow/.local/lib/python3.12/site-packages/airflow/example_dags/example_task_group_decorator.py for tasks to queue
[2024-05-24T00:26:22.591+0000] {logging_mixin.py:188} INFO - [2024-05-24T00:26:22.591+0000] {dagbag.py:545} INFO - Filling up the DagBag from /home/airflow/.local/lib/python3.12/site-packages/airflow/example_dags/example_task_group_decorator.py
[2024-05-24T00:26:22.597+0000] {processor.py:840} INFO - DAG(s) 'example_task_group_decorator' retrieved from /home/airflow/.local/lib/python3.12/site-packages/airflow/example_dags/example_task_group_decorator.py
[2024-05-24T00:26:22.612+0000] {logging_mixin.py:188} INFO - [2024-05-24T00:26:22.612+0000] {dag.py:3096} INFO - Sync 1 DAGs
[2024-05-24T00:26:22.623+0000] {logging_mixin.py:188} INFO - [2024-05-24T00:26:22.623+0000] {dag.py:3954} INFO - Setting next_dagrun for example_task_group_decorator to 2024-05-23 00:00:00+00:00, run_after=2024-05-24 00:00:00+00:00
[2024-05-24T00:26:22.630+0000] {processor.py:183} INFO - Processing /home/airflow/.local/lib/python3.12/site-packages/airflow/example_dags/example_task_group_decorator.py took 0.045 seconds
[2024-05-24T00:26:53.280+0000] {processor.py:161} INFO - Started process (PID=1560) to work on /home/airflow/.local/lib/python3.12/site-packages/airflow/example_dags/example_task_group_decorator.py
[2024-05-24T00:26:53.281+0000] {processor.py:830} INFO - Processing file /home/airflow/.local/lib/python3.12/site-packages/airflow/example_dags/example_task_group_decorator.py for tasks to queue
[2024-05-24T00:26:53.281+0000] {logging_mixin.py:188} INFO - [2024-05-24T00:26:53.281+0000] {dagbag.py:545} INFO - Filling up the DagBag from /home/airflow/.local/lib/python3.12/site-packages/airflow/example_dags/example_task_group_decorator.py
[2024-05-24T00:26:53.287+0000] {processor.py:840} INFO - DAG(s) 'example_task_group_decorator' retrieved from /home/airflow/.local/lib/python3.12/site-packages/airflow/example_dags/example_task_group_decorator.py
[2024-05-24T00:26:53.296+0000] {logging_mixin.py:188} INFO - [2024-05-24T00:26:53.296+0000] {dag.py:3096} INFO - Sync 1 DAGs
[2024-05-24T00:26:53.305+0000] {logging_mixin.py:188} INFO - [2024-05-24T00:26:53.305+0000] {dag.py:3954} INFO - Setting next_dagrun for example_task_group_decorator to 2024-05-23 00:00:00+00:00, run_after=2024-05-24 00:00:00+00:00
[2024-05-24T00:26:53.311+0000] {processor.py:183} INFO - Processing /home/airflow/.local/lib/python3.12/site-packages/airflow/example_dags/example_task_group_decorator.py took 0.033 seconds
[2024-05-24T00:27:24.026+0000] {processor.py:161} INFO - Started process (PID=1620) to work on /home/airflow/.local/lib/python3.12/site-packages/airflow/example_dags/example_task_group_decorator.py
[2024-05-24T00:27:24.027+0000] {processor.py:830} INFO - Processing file /home/airflow/.local/lib/python3.12/site-packages/airflow/example_dags/example_task_group_decorator.py for tasks to queue
[2024-05-24T00:27:24.028+0000] {logging_mixin.py:188} INFO - [2024-05-24T00:27:24.028+0000] {dagbag.py:545} INFO - Filling up the DagBag from /home/airflow/.local/lib/python3.12/site-packages/airflow/example_dags/example_task_group_decorator.py
[2024-05-24T00:27:24.037+0000] {processor.py:840} INFO - DAG(s) 'example_task_group_decorator' retrieved from /home/airflow/.local/lib/python3.12/site-packages/airflow/example_dags/example_task_group_decorator.py
[2024-05-24T00:27:24.052+0000] {logging_mixin.py:188} INFO - [2024-05-24T00:27:24.051+0000] {dag.py:3096} INFO - Sync 1 DAGs
[2024-05-24T00:27:24.062+0000] {logging_mixin.py:188} INFO - [2024-05-24T00:27:24.062+0000] {dag.py:3954} INFO - Setting next_dagrun for example_task_group_decorator to 2024-05-23 00:00:00+00:00, run_after=2024-05-24 00:00:00+00:00
[2024-05-24T00:27:24.069+0000] {processor.py:183} INFO - Processing /home/airflow/.local/lib/python3.12/site-packages/airflow/example_dags/example_task_group_decorator.py took 0.046 seconds
[2024-05-24T00:27:54.787+0000] {processor.py:161} INFO - Started process (PID=1680) to work on /home/airflow/.local/lib/python3.12/site-packages/airflow/example_dags/example_task_group_decorator.py
[2024-05-24T00:27:54.788+0000] {processor.py:830} INFO - Processing file /home/airflow/.local/lib/python3.12/site-packages/airflow/example_dags/example_task_group_decorator.py for tasks to queue
[2024-05-24T00:27:54.789+0000] {logging_mixin.py:188} INFO - [2024-05-24T00:27:54.788+0000] {dagbag.py:545} INFO - Filling up the DagBag from /home/airflow/.local/lib/python3.12/site-packages/airflow/example_dags/example_task_group_decorator.py
[2024-05-24T00:27:54.797+0000] {processor.py:840} INFO - DAG(s) 'example_task_group_decorator' retrieved from /home/airflow/.local/lib/python3.12/site-packages/airflow/example_dags/example_task_group_decorator.py
[2024-05-24T00:27:54.807+0000] {logging_mixin.py:188} INFO - [2024-05-24T00:27:54.807+0000] {dag.py:3096} INFO - Sync 1 DAGs
[2024-05-24T00:27:54.816+0000] {logging_mixin.py:188} INFO - [2024-05-24T00:27:54.816+0000] {dag.py:3954} INFO - Setting next_dagrun for example_task_group_decorator to 2024-05-23 00:00:00+00:00, run_after=2024-05-24 00:00:00+00:00
[2024-05-24T00:27:54.823+0000] {processor.py:183} INFO - Processing /home/airflow/.local/lib/python3.12/site-packages/airflow/example_dags/example_task_group_decorator.py took 0.039 seconds
[2024-05-24T00:28:25.662+0000] {processor.py:161} INFO - Started process (PID=1740) to work on /home/airflow/.local/lib/python3.12/site-packages/airflow/example_dags/example_task_group_decorator.py
[2024-05-24T00:28:25.663+0000] {processor.py:830} INFO - Processing file /home/airflow/.local/lib/python3.12/site-packages/airflow/example_dags/example_task_group_decorator.py for tasks to queue
[2024-05-24T00:28:25.664+0000] {logging_mixin.py:188} INFO - [2024-05-24T00:28:25.663+0000] {dagbag.py:545} INFO - Filling up the DagBag from /home/airflow/.local/lib/python3.12/site-packages/airflow/example_dags/example_task_group_decorator.py
[2024-05-24T00:28:25.669+0000] {processor.py:840} INFO - DAG(s) 'example_task_group_decorator' retrieved from /home/airflow/.local/lib/python3.12/site-packages/airflow/example_dags/example_task_group_decorator.py
[2024-05-24T00:28:25.684+0000] {logging_mixin.py:188} INFO - [2024-05-24T00:28:25.684+0000] {dag.py:3096} INFO - Sync 1 DAGs
[2024-05-24T00:28:25.696+0000] {logging_mixin.py:188} INFO - [2024-05-24T00:28:25.696+0000] {dag.py:3954} INFO - Setting next_dagrun for example_task_group_decorator to 2024-05-23 00:00:00+00:00, run_after=2024-05-24 00:00:00+00:00
[2024-05-24T00:28:25.707+0000] {processor.py:183} INFO - Processing /home/airflow/.local/lib/python3.12/site-packages/airflow/example_dags/example_task_group_decorator.py took 0.047 seconds
[2024-05-24T00:28:56.499+0000] {processor.py:161} INFO - Started process (PID=1800) to work on /home/airflow/.local/lib/python3.12/site-packages/airflow/example_dags/example_task_group_decorator.py
[2024-05-24T00:28:56.499+0000] {processor.py:830} INFO - Processing file /home/airflow/.local/lib/python3.12/site-packages/airflow/example_dags/example_task_group_decorator.py for tasks to queue
[2024-05-24T00:28:56.500+0000] {logging_mixin.py:188} INFO - [2024-05-24T00:28:56.500+0000] {dagbag.py:545} INFO - Filling up the DagBag from /home/airflow/.local/lib/python3.12/site-packages/airflow/example_dags/example_task_group_decorator.py
[2024-05-24T00:28:56.505+0000] {processor.py:840} INFO - DAG(s) 'example_task_group_decorator' retrieved from /home/airflow/.local/lib/python3.12/site-packages/airflow/example_dags/example_task_group_decorator.py
[2024-05-24T00:28:56.516+0000] {logging_mixin.py:188} INFO - [2024-05-24T00:28:56.516+0000] {dag.py:3096} INFO - Sync 1 DAGs
[2024-05-24T00:28:56.525+0000] {logging_mixin.py:188} INFO - [2024-05-24T00:28:56.525+0000] {dag.py:3954} INFO - Setting next_dagrun for example_task_group_decorator to 2024-05-23 00:00:00+00:00, run_after=2024-05-24 00:00:00+00:00
[2024-05-24T00:28:56.532+0000] {processor.py:183} INFO - Processing /home/airflow/.local/lib/python3.12/site-packages/airflow/example_dags/example_task_group_decorator.py took 0.037 seconds
[2024-05-24T00:29:27.366+0000] {processor.py:161} INFO - Started process (PID=1860) to work on /home/airflow/.local/lib/python3.12/site-packages/airflow/example_dags/example_task_group_decorator.py
[2024-05-24T00:29:27.366+0000] {processor.py:830} INFO - Processing file /home/airflow/.local/lib/python3.12/site-packages/airflow/example_dags/example_task_group_decorator.py for tasks to queue
[2024-05-24T00:29:27.367+0000] {logging_mixin.py:188} INFO - [2024-05-24T00:29:27.367+0000] {dagbag.py:545} INFO - Filling up the DagBag from /home/airflow/.local/lib/python3.12/site-packages/airflow/example_dags/example_task_group_decorator.py
[2024-05-24T00:29:27.372+0000] {processor.py:840} INFO - DAG(s) 'example_task_group_decorator' retrieved from /home/airflow/.local/lib/python3.12/site-packages/airflow/example_dags/example_task_group_decorator.py
[2024-05-24T00:29:27.385+0000] {logging_mixin.py:188} INFO - [2024-05-24T00:29:27.384+0000] {dag.py:3096} INFO - Sync 1 DAGs
[2024-05-24T00:29:27.397+0000] {logging_mixin.py:188} INFO - [2024-05-24T00:29:27.397+0000] {dag.py:3954} INFO - Setting next_dagrun for example_task_group_decorator to 2024-05-23 00:00:00+00:00, run_after=2024-05-24 00:00:00+00:00
[2024-05-24T00:29:27.408+0000] {processor.py:183} INFO - Processing /home/airflow/.local/lib/python3.12/site-packages/airflow/example_dags/example_task_group_decorator.py took 0.045 seconds
[2024-05-24T00:29:58.281+0000] {processor.py:161} INFO - Started process (PID=1920) to work on /home/airflow/.local/lib/python3.12/site-packages/airflow/example_dags/example_task_group_decorator.py
[2024-05-24T00:29:58.282+0000] {processor.py:830} INFO - Processing file /home/airflow/.local/lib/python3.12/site-packages/airflow/example_dags/example_task_group_decorator.py for tasks to queue
[2024-05-24T00:29:58.282+0000] {logging_mixin.py:188} INFO - [2024-05-24T00:29:58.282+0000] {dagbag.py:545} INFO - Filling up the DagBag from /home/airflow/.local/lib/python3.12/site-packages/airflow/example_dags/example_task_group_decorator.py
[2024-05-24T00:29:58.288+0000] {processor.py:840} INFO - DAG(s) 'example_task_group_decorator' retrieved from /home/airflow/.local/lib/python3.12/site-packages/airflow/example_dags/example_task_group_decorator.py
[2024-05-24T00:29:58.304+0000] {logging_mixin.py:188} INFO - [2024-05-24T00:29:58.304+0000] {dag.py:3096} INFO - Sync 1 DAGs
[2024-05-24T00:29:58.314+0000] {logging_mixin.py:188} INFO - [2024-05-24T00:29:58.314+0000] {dag.py:3954} INFO - Setting next_dagrun for example_task_group_decorator to 2024-05-23 00:00:00+00:00, run_after=2024-05-24 00:00:00+00:00
[2024-05-24T00:29:58.321+0000] {processor.py:183} INFO - Processing /home/airflow/.local/lib/python3.12/site-packages/airflow/example_dags/example_task_group_decorator.py took 0.043 seconds
[2024-05-24T00:30:28.377+0000] {processor.py:161} INFO - Started process (PID=1979) to work on /home/airflow/.local/lib/python3.12/site-packages/airflow/example_dags/example_task_group_decorator.py
[2024-05-24T00:30:28.377+0000] {processor.py:830} INFO - Processing file /home/airflow/.local/lib/python3.12/site-packages/airflow/example_dags/example_task_group_decorator.py for tasks to queue
[2024-05-24T00:30:28.378+0000] {logging_mixin.py:188} INFO - [2024-05-24T00:30:28.378+0000] {dagbag.py:545} INFO - Filling up the DagBag from /home/airflow/.local/lib/python3.12/site-packages/airflow/example_dags/example_task_group_decorator.py
[2024-05-24T00:30:28.384+0000] {processor.py:840} INFO - DAG(s) 'example_task_group_decorator' retrieved from /home/airflow/.local/lib/python3.12/site-packages/airflow/example_dags/example_task_group_decorator.py
[2024-05-24T00:30:28.393+0000] {logging_mixin.py:188} INFO - [2024-05-24T00:30:28.393+0000] {dag.py:3096} INFO - Sync 1 DAGs
[2024-05-24T00:30:28.402+0000] {logging_mixin.py:188} INFO - [2024-05-24T00:30:28.402+0000] {dag.py:3954} INFO - Setting next_dagrun for example_task_group_decorator to 2024-05-23 00:00:00+00:00, run_after=2024-05-24 00:00:00+00:00
[2024-05-24T00:30:28.408+0000] {processor.py:183} INFO - Processing /home/airflow/.local/lib/python3.12/site-packages/airflow/example_dags/example_task_group_decorator.py took 0.034 seconds
[2024-05-24T00:30:59.321+0000] {processor.py:161} INFO - Started process (PID=2040) to work on /home/airflow/.local/lib/python3.12/site-packages/airflow/example_dags/example_task_group_decorator.py
[2024-05-24T00:30:59.322+0000] {processor.py:830} INFO - Processing file /home/airflow/.local/lib/python3.12/site-packages/airflow/example_dags/example_task_group_decorator.py for tasks to queue
[2024-05-24T00:30:59.323+0000] {logging_mixin.py:188} INFO - [2024-05-24T00:30:59.323+0000] {dagbag.py:545} INFO - Filling up the DagBag from /home/airflow/.local/lib/python3.12/site-packages/airflow/example_dags/example_task_group_decorator.py
[2024-05-24T00:30:59.329+0000] {processor.py:840} INFO - DAG(s) 'example_task_group_decorator' retrieved from /home/airflow/.local/lib/python3.12/site-packages/airflow/example_dags/example_task_group_decorator.py
[2024-05-24T00:30:59.345+0000] {logging_mixin.py:188} INFO - [2024-05-24T00:30:59.344+0000] {dag.py:3096} INFO - Sync 1 DAGs
[2024-05-24T00:30:59.353+0000] {logging_mixin.py:188} INFO - [2024-05-24T00:30:59.353+0000] {dag.py:3954} INFO - Setting next_dagrun for example_task_group_decorator to 2024-05-23 00:00:00+00:00, run_after=2024-05-24 00:00:00+00:00
[2024-05-24T00:30:59.360+0000] {processor.py:183} INFO - Processing /home/airflow/.local/lib/python3.12/site-packages/airflow/example_dags/example_task_group_decorator.py took 0.043 seconds
[2024-05-24T00:31:29.448+0000] {processor.py:161} INFO - Started process (PID=2099) to work on /home/airflow/.local/lib/python3.12/site-packages/airflow/example_dags/example_task_group_decorator.py
[2024-05-24T00:31:29.448+0000] {processor.py:830} INFO - Processing file /home/airflow/.local/lib/python3.12/site-packages/airflow/example_dags/example_task_group_decorator.py for tasks to queue
[2024-05-24T00:31:29.449+0000] {logging_mixin.py:188} INFO - [2024-05-24T00:31:29.449+0000] {dagbag.py:545} INFO - Filling up the DagBag from /home/airflow/.local/lib/python3.12/site-packages/airflow/example_dags/example_task_group_decorator.py
[2024-05-24T00:31:29.455+0000] {processor.py:840} INFO - DAG(s) 'example_task_group_decorator' retrieved from /home/airflow/.local/lib/python3.12/site-packages/airflow/example_dags/example_task_group_decorator.py
[2024-05-24T00:31:29.474+0000] {logging_mixin.py:188} INFO - [2024-05-24T00:31:29.474+0000] {dag.py:3096} INFO - Sync 1 DAGs
[2024-05-24T00:31:29.546+0000] {logging_mixin.py:188} INFO - [2024-05-24T00:31:29.546+0000] {dag.py:3954} INFO - Setting next_dagrun for example_task_group_decorator to 2024-05-23 00:00:00+00:00, run_after=2024-05-24 00:00:00+00:00
[2024-05-24T00:31:29.553+0000] {processor.py:183} INFO - Processing /home/airflow/.local/lib/python3.12/site-packages/airflow/example_dags/example_task_group_decorator.py took 0.107 seconds
[2024-05-24T00:31:59.839+0000] {processor.py:161} INFO - Started process (PID=2160) to work on /home/airflow/.local/lib/python3.12/site-packages/airflow/example_dags/example_task_group_decorator.py
[2024-05-24T00:31:59.840+0000] {processor.py:830} INFO - Processing file /home/airflow/.local/lib/python3.12/site-packages/airflow/example_dags/example_task_group_decorator.py for tasks to queue
[2024-05-24T00:31:59.840+0000] {logging_mixin.py:188} INFO - [2024-05-24T00:31:59.840+0000] {dagbag.py:545} INFO - Filling up the DagBag from /home/airflow/.local/lib/python3.12/site-packages/airflow/example_dags/example_task_group_decorator.py
[2024-05-24T00:31:59.846+0000] {processor.py:840} INFO - DAG(s) 'example_task_group_decorator' retrieved from /home/airflow/.local/lib/python3.12/site-packages/airflow/example_dags/example_task_group_decorator.py
[2024-05-24T00:31:59.862+0000] {logging_mixin.py:188} INFO - [2024-05-24T00:31:59.862+0000] {dag.py:3096} INFO - Sync 1 DAGs
[2024-05-24T00:31:59.933+0000] {logging_mixin.py:188} INFO - [2024-05-24T00:31:59.933+0000] {dag.py:3954} INFO - Setting next_dagrun for example_task_group_decorator to 2024-05-23 00:00:00+00:00, run_after=2024-05-24 00:00:00+00:00
[2024-05-24T00:31:59.944+0000] {processor.py:183} INFO - Processing /home/airflow/.local/lib/python3.12/site-packages/airflow/example_dags/example_task_group_decorator.py took 0.110 seconds
[2024-05-24T00:32:30.590+0000] {processor.py:161} INFO - Started process (PID=2220) to work on /home/airflow/.local/lib/python3.12/site-packages/airflow/example_dags/example_task_group_decorator.py
[2024-05-24T00:32:30.590+0000] {processor.py:830} INFO - Processing file /home/airflow/.local/lib/python3.12/site-packages/airflow/example_dags/example_task_group_decorator.py for tasks to queue
[2024-05-24T00:32:30.591+0000] {logging_mixin.py:188} INFO - [2024-05-24T00:32:30.591+0000] {dagbag.py:545} INFO - Filling up the DagBag from /home/airflow/.local/lib/python3.12/site-packages/airflow/example_dags/example_task_group_decorator.py
[2024-05-24T00:32:30.599+0000] {processor.py:840} INFO - DAG(s) 'example_task_group_decorator' retrieved from /home/airflow/.local/lib/python3.12/site-packages/airflow/example_dags/example_task_group_decorator.py
[2024-05-24T00:32:30.609+0000] {logging_mixin.py:188} INFO - [2024-05-24T00:32:30.609+0000] {dag.py:3096} INFO - Sync 1 DAGs
[2024-05-24T00:32:30.618+0000] {logging_mixin.py:188} INFO - [2024-05-24T00:32:30.618+0000] {dag.py:3954} INFO - Setting next_dagrun for example_task_group_decorator to 2024-05-23 00:00:00+00:00, run_after=2024-05-24 00:00:00+00:00
[2024-05-24T00:32:30.627+0000] {processor.py:183} INFO - Processing /home/airflow/.local/lib/python3.12/site-packages/airflow/example_dags/example_task_group_decorator.py took 0.040 seconds
[2024-05-24T00:33:01.238+0000] {processor.py:161} INFO - Started process (PID=2280) to work on /home/airflow/.local/lib/python3.12/site-packages/airflow/example_dags/example_task_group_decorator.py
[2024-05-24T00:33:01.239+0000] {processor.py:830} INFO - Processing file /home/airflow/.local/lib/python3.12/site-packages/airflow/example_dags/example_task_group_decorator.py for tasks to queue
[2024-05-24T00:33:01.240+0000] {logging_mixin.py:188} INFO - [2024-05-24T00:33:01.240+0000] {dagbag.py:545} INFO - Filling up the DagBag from /home/airflow/.local/lib/python3.12/site-packages/airflow/example_dags/example_task_group_decorator.py
[2024-05-24T00:33:01.249+0000] {processor.py:840} INFO - DAG(s) 'example_task_group_decorator' retrieved from /home/airflow/.local/lib/python3.12/site-packages/airflow/example_dags/example_task_group_decorator.py
[2024-05-24T00:33:01.264+0000] {logging_mixin.py:188} INFO - [2024-05-24T00:33:01.264+0000] {dag.py:3096} INFO - Sync 1 DAGs
[2024-05-24T00:33:01.280+0000] {logging_mixin.py:188} INFO - [2024-05-24T00:33:01.280+0000] {dag.py:3954} INFO - Setting next_dagrun for example_task_group_decorator to 2024-05-23 00:00:00+00:00, run_after=2024-05-24 00:00:00+00:00
[2024-05-24T00:33:01.290+0000] {processor.py:183} INFO - Processing /home/airflow/.local/lib/python3.12/site-packages/airflow/example_dags/example_task_group_decorator.py took 0.055 seconds
[2024-05-24T00:33:31.987+0000] {processor.py:161} INFO - Started process (PID=2346) to work on /home/airflow/.local/lib/python3.12/site-packages/airflow/example_dags/example_task_group_decorator.py
[2024-05-24T00:33:31.987+0000] {processor.py:830} INFO - Processing file /home/airflow/.local/lib/python3.12/site-packages/airflow/example_dags/example_task_group_decorator.py for tasks to queue
[2024-05-24T00:33:31.988+0000] {logging_mixin.py:188} INFO - [2024-05-24T00:33:31.988+0000] {dagbag.py:545} INFO - Filling up the DagBag from /home/airflow/.local/lib/python3.12/site-packages/airflow/example_dags/example_task_group_decorator.py
[2024-05-24T00:33:31.998+0000] {processor.py:840} INFO - DAG(s) 'example_task_group_decorator' retrieved from /home/airflow/.local/lib/python3.12/site-packages/airflow/example_dags/example_task_group_decorator.py
[2024-05-24T00:33:32.009+0000] {logging_mixin.py:188} INFO - [2024-05-24T00:33:32.009+0000] {dag.py:3096} INFO - Sync 1 DAGs
[2024-05-24T00:33:32.018+0000] {logging_mixin.py:188} INFO - [2024-05-24T00:33:32.018+0000] {dag.py:3954} INFO - Setting next_dagrun for example_task_group_decorator to 2024-05-23 00:00:00+00:00, run_after=2024-05-24 00:00:00+00:00
[2024-05-24T00:33:32.025+0000] {processor.py:183} INFO - Processing /home/airflow/.local/lib/python3.12/site-packages/airflow/example_dags/example_task_group_decorator.py took 0.042 seconds
[2024-05-24T00:34:02.928+0000] {processor.py:161} INFO - Started process (PID=2406) to work on /home/airflow/.local/lib/python3.12/site-packages/airflow/example_dags/example_task_group_decorator.py
[2024-05-24T00:34:02.929+0000] {processor.py:830} INFO - Processing file /home/airflow/.local/lib/python3.12/site-packages/airflow/example_dags/example_task_group_decorator.py for tasks to queue
[2024-05-24T00:34:02.930+0000] {logging_mixin.py:188} INFO - [2024-05-24T00:34:02.930+0000] {dagbag.py:545} INFO - Filling up the DagBag from /home/airflow/.local/lib/python3.12/site-packages/airflow/example_dags/example_task_group_decorator.py
[2024-05-24T00:34:02.935+0000] {processor.py:840} INFO - DAG(s) 'example_task_group_decorator' retrieved from /home/airflow/.local/lib/python3.12/site-packages/airflow/example_dags/example_task_group_decorator.py
[2024-05-24T00:34:02.949+0000] {logging_mixin.py:188} INFO - [2024-05-24T00:34:02.949+0000] {dag.py:3096} INFO - Sync 1 DAGs
[2024-05-24T00:34:02.961+0000] {logging_mixin.py:188} INFO - [2024-05-24T00:34:02.961+0000] {dag.py:3954} INFO - Setting next_dagrun for example_task_group_decorator to 2024-05-23 00:00:00+00:00, run_after=2024-05-24 00:00:00+00:00
[2024-05-24T00:34:02.971+0000] {processor.py:183} INFO - Processing /home/airflow/.local/lib/python3.12/site-packages/airflow/example_dags/example_task_group_decorator.py took 0.047 seconds
[2024-05-24T00:34:33.643+0000] {processor.py:161} INFO - Started process (PID=2466) to work on /home/airflow/.local/lib/python3.12/site-packages/airflow/example_dags/example_task_group_decorator.py
[2024-05-24T00:34:33.644+0000] {processor.py:830} INFO - Processing file /home/airflow/.local/lib/python3.12/site-packages/airflow/example_dags/example_task_group_decorator.py for tasks to queue
[2024-05-24T00:34:33.645+0000] {logging_mixin.py:188} INFO - [2024-05-24T00:34:33.645+0000] {dagbag.py:545} INFO - Filling up the DagBag from /home/airflow/.local/lib/python3.12/site-packages/airflow/example_dags/example_task_group_decorator.py
[2024-05-24T00:34:33.652+0000] {processor.py:840} INFO - DAG(s) 'example_task_group_decorator' retrieved from /home/airflow/.local/lib/python3.12/site-packages/airflow/example_dags/example_task_group_decorator.py
[2024-05-24T00:34:33.663+0000] {logging_mixin.py:188} INFO - [2024-05-24T00:34:33.663+0000] {dag.py:3096} INFO - Sync 1 DAGs
[2024-05-24T00:34:33.672+0000] {logging_mixin.py:188} INFO - [2024-05-24T00:34:33.672+0000] {dag.py:3954} INFO - Setting next_dagrun for example_task_group_decorator to 2024-05-23 00:00:00+00:00, run_after=2024-05-24 00:00:00+00:00
[2024-05-24T00:34:33.679+0000] {processor.py:183} INFO - Processing /home/airflow/.local/lib/python3.12/site-packages/airflow/example_dags/example_task_group_decorator.py took 0.039 seconds
[2024-05-24T00:35:04.374+0000] {processor.py:161} INFO - Started process (PID=2526) to work on /home/airflow/.local/lib/python3.12/site-packages/airflow/example_dags/example_task_group_decorator.py
[2024-05-24T00:35:04.375+0000] {processor.py:830} INFO - Processing file /home/airflow/.local/lib/python3.12/site-packages/airflow/example_dags/example_task_group_decorator.py for tasks to queue
[2024-05-24T00:35:04.376+0000] {logging_mixin.py:188} INFO - [2024-05-24T00:35:04.375+0000] {dagbag.py:545} INFO - Filling up the DagBag from /home/airflow/.local/lib/python3.12/site-packages/airflow/example_dags/example_task_group_decorator.py
[2024-05-24T00:35:04.384+0000] {processor.py:840} INFO - DAG(s) 'example_task_group_decorator' retrieved from /home/airflow/.local/lib/python3.12/site-packages/airflow/example_dags/example_task_group_decorator.py
[2024-05-24T00:35:04.403+0000] {logging_mixin.py:188} INFO - [2024-05-24T00:35:04.403+0000] {dag.py:3096} INFO - Sync 1 DAGs
[2024-05-24T00:35:04.417+0000] {logging_mixin.py:188} INFO - [2024-05-24T00:35:04.417+0000] {dag.py:3954} INFO - Setting next_dagrun for example_task_group_decorator to 2024-05-23 00:00:00+00:00, run_after=2024-05-24 00:00:00+00:00
[2024-05-24T00:35:04.427+0000] {processor.py:183} INFO - Processing /home/airflow/.local/lib/python3.12/site-packages/airflow/example_dags/example_task_group_decorator.py took 0.056 seconds
[2024-05-24T00:35:35.144+0000] {processor.py:161} INFO - Started process (PID=2586) to work on /home/airflow/.local/lib/python3.12/site-packages/airflow/example_dags/example_task_group_decorator.py
[2024-05-24T00:35:35.144+0000] {processor.py:830} INFO - Processing file /home/airflow/.local/lib/python3.12/site-packages/airflow/example_dags/example_task_group_decorator.py for tasks to queue
[2024-05-24T00:35:35.145+0000] {logging_mixin.py:188} INFO - [2024-05-24T00:35:35.145+0000] {dagbag.py:545} INFO - Filling up the DagBag from /home/airflow/.local/lib/python3.12/site-packages/airflow/example_dags/example_task_group_decorator.py
[2024-05-24T00:35:35.151+0000] {processor.py:840} INFO - DAG(s) 'example_task_group_decorator' retrieved from /home/airflow/.local/lib/python3.12/site-packages/airflow/example_dags/example_task_group_decorator.py
[2024-05-24T00:35:35.164+0000] {logging_mixin.py:188} INFO - [2024-05-24T00:35:35.163+0000] {dag.py:3096} INFO - Sync 1 DAGs
[2024-05-24T00:35:35.175+0000] {logging_mixin.py:188} INFO - [2024-05-24T00:35:35.175+0000] {dag.py:3954} INFO - Setting next_dagrun for example_task_group_decorator to 2024-05-23 00:00:00+00:00, run_after=2024-05-24 00:00:00+00:00
[2024-05-24T00:35:35.186+0000] {processor.py:183} INFO - Processing /home/airflow/.local/lib/python3.12/site-packages/airflow/example_dags/example_task_group_decorator.py took 0.044 seconds
[2024-05-24T00:36:05.657+0000] {processor.py:161} INFO - Started process (PID=2645) to work on /home/airflow/.local/lib/python3.12/site-packages/airflow/example_dags/example_task_group_decorator.py
[2024-05-24T00:36:05.657+0000] {processor.py:830} INFO - Processing file /home/airflow/.local/lib/python3.12/site-packages/airflow/example_dags/example_task_group_decorator.py for tasks to queue
[2024-05-24T00:36:05.658+0000] {logging_mixin.py:188} INFO - [2024-05-24T00:36:05.658+0000] {dagbag.py:545} INFO - Filling up the DagBag from /home/airflow/.local/lib/python3.12/site-packages/airflow/example_dags/example_task_group_decorator.py
[2024-05-24T00:36:05.664+0000] {processor.py:840} INFO - DAG(s) 'example_task_group_decorator' retrieved from /home/airflow/.local/lib/python3.12/site-packages/airflow/example_dags/example_task_group_decorator.py
[2024-05-24T00:36:05.673+0000] {logging_mixin.py:188} INFO - [2024-05-24T00:36:05.673+0000] {dag.py:3096} INFO - Sync 1 DAGs
[2024-05-24T00:36:05.682+0000] {logging_mixin.py:188} INFO - [2024-05-24T00:36:05.682+0000] {dag.py:3954} INFO - Setting next_dagrun for example_task_group_decorator to 2024-05-23 00:00:00+00:00, run_after=2024-05-24 00:00:00+00:00
[2024-05-24T00:36:05.689+0000] {processor.py:183} INFO - Processing /home/airflow/.local/lib/python3.12/site-packages/airflow/example_dags/example_task_group_decorator.py took 0.035 seconds
[2024-05-24T00:36:36.496+0000] {processor.py:161} INFO - Started process (PID=2704) to work on /home/airflow/.local/lib/python3.12/site-packages/airflow/example_dags/example_task_group_decorator.py
[2024-05-24T00:36:36.497+0000] {processor.py:830} INFO - Processing file /home/airflow/.local/lib/python3.12/site-packages/airflow/example_dags/example_task_group_decorator.py for tasks to queue
[2024-05-24T00:36:36.497+0000] {logging_mixin.py:188} INFO - [2024-05-24T00:36:36.497+0000] {dagbag.py:545} INFO - Filling up the DagBag from /home/airflow/.local/lib/python3.12/site-packages/airflow/example_dags/example_task_group_decorator.py
[2024-05-24T00:36:36.503+0000] {processor.py:840} INFO - DAG(s) 'example_task_group_decorator' retrieved from /home/airflow/.local/lib/python3.12/site-packages/airflow/example_dags/example_task_group_decorator.py
[2024-05-24T00:36:36.518+0000] {logging_mixin.py:188} INFO - [2024-05-24T00:36:36.518+0000] {dag.py:3096} INFO - Sync 1 DAGs
[2024-05-24T00:36:36.534+0000] {logging_mixin.py:188} INFO - [2024-05-24T00:36:36.534+0000] {dag.py:3954} INFO - Setting next_dagrun for example_task_group_decorator to 2024-05-23 00:00:00+00:00, run_after=2024-05-24 00:00:00+00:00
[2024-05-24T00:36:36.542+0000] {processor.py:183} INFO - Processing /home/airflow/.local/lib/python3.12/site-packages/airflow/example_dags/example_task_group_decorator.py took 0.048 seconds
[2024-05-24T00:37:07.142+0000] {processor.py:161} INFO - Started process (PID=2763) to work on /home/airflow/.local/lib/python3.12/site-packages/airflow/example_dags/example_task_group_decorator.py
[2024-05-24T00:37:07.143+0000] {processor.py:830} INFO - Processing file /home/airflow/.local/lib/python3.12/site-packages/airflow/example_dags/example_task_group_decorator.py for tasks to queue
[2024-05-24T00:37:07.143+0000] {logging_mixin.py:188} INFO - [2024-05-24T00:37:07.143+0000] {dagbag.py:545} INFO - Filling up the DagBag from /home/airflow/.local/lib/python3.12/site-packages/airflow/example_dags/example_task_group_decorator.py
[2024-05-24T00:37:07.149+0000] {processor.py:840} INFO - DAG(s) 'example_task_group_decorator' retrieved from /home/airflow/.local/lib/python3.12/site-packages/airflow/example_dags/example_task_group_decorator.py
[2024-05-24T00:37:07.164+0000] {logging_mixin.py:188} INFO - [2024-05-24T00:37:07.164+0000] {dag.py:3096} INFO - Sync 1 DAGs
[2024-05-24T00:37:07.178+0000] {logging_mixin.py:188} INFO - [2024-05-24T00:37:07.177+0000] {dag.py:3954} INFO - Setting next_dagrun for example_task_group_decorator to 2024-05-23 00:00:00+00:00, run_after=2024-05-24 00:00:00+00:00
[2024-05-24T00:37:07.188+0000] {processor.py:183} INFO - Processing /home/airflow/.local/lib/python3.12/site-packages/airflow/example_dags/example_task_group_decorator.py took 0.047 seconds
[2024-05-24T00:37:37.907+0000] {processor.py:161} INFO - Started process (PID=2822) to work on /home/airflow/.local/lib/python3.12/site-packages/airflow/example_dags/example_task_group_decorator.py
[2024-05-24T00:37:37.908+0000] {processor.py:830} INFO - Processing file /home/airflow/.local/lib/python3.12/site-packages/airflow/example_dags/example_task_group_decorator.py for tasks to queue
[2024-05-24T00:37:37.909+0000] {logging_mixin.py:188} INFO - [2024-05-24T00:37:37.908+0000] {dagbag.py:545} INFO - Filling up the DagBag from /home/airflow/.local/lib/python3.12/site-packages/airflow/example_dags/example_task_group_decorator.py
[2024-05-24T00:37:37.917+0000] {processor.py:840} INFO - DAG(s) 'example_task_group_decorator' retrieved from /home/airflow/.local/lib/python3.12/site-packages/airflow/example_dags/example_task_group_decorator.py
[2024-05-24T00:37:37.933+0000] {logging_mixin.py:188} INFO - [2024-05-24T00:37:37.933+0000] {dag.py:3096} INFO - Sync 1 DAGs
[2024-05-24T00:37:37.942+0000] {logging_mixin.py:188} INFO - [2024-05-24T00:37:37.942+0000] {dag.py:3954} INFO - Setting next_dagrun for example_task_group_decorator to 2024-05-23 00:00:00+00:00, run_after=2024-05-24 00:00:00+00:00
[2024-05-24T00:37:37.949+0000] {processor.py:183} INFO - Processing /home/airflow/.local/lib/python3.12/site-packages/airflow/example_dags/example_task_group_decorator.py took 0.046 seconds
[2024-05-24T00:38:08.486+0000] {processor.py:161} INFO - Started process (PID=2881) to work on /home/airflow/.local/lib/python3.12/site-packages/airflow/example_dags/example_task_group_decorator.py
[2024-05-24T00:38:08.486+0000] {processor.py:830} INFO - Processing file /home/airflow/.local/lib/python3.12/site-packages/airflow/example_dags/example_task_group_decorator.py for tasks to queue
[2024-05-24T00:38:08.487+0000] {logging_mixin.py:188} INFO - [2024-05-24T00:38:08.486+0000] {dagbag.py:545} INFO - Filling up the DagBag from /home/airflow/.local/lib/python3.12/site-packages/airflow/example_dags/example_task_group_decorator.py
[2024-05-24T00:38:08.493+0000] {processor.py:840} INFO - DAG(s) 'example_task_group_decorator' retrieved from /home/airflow/.local/lib/python3.12/site-packages/airflow/example_dags/example_task_group_decorator.py
[2024-05-24T00:38:08.512+0000] {logging_mixin.py:188} INFO - [2024-05-24T00:38:08.512+0000] {dag.py:3096} INFO - Sync 1 DAGs
[2024-05-24T00:38:08.523+0000] {logging_mixin.py:188} INFO - [2024-05-24T00:38:08.523+0000] {dag.py:3954} INFO - Setting next_dagrun for example_task_group_decorator to 2024-05-23 00:00:00+00:00, run_after=2024-05-24 00:00:00+00:00
[2024-05-24T00:38:08.530+0000] {processor.py:183} INFO - Processing /home/airflow/.local/lib/python3.12/site-packages/airflow/example_dags/example_task_group_decorator.py took 0.047 seconds
[2024-05-24T00:38:39.163+0000] {processor.py:161} INFO - Started process (PID=2941) to work on /home/airflow/.local/lib/python3.12/site-packages/airflow/example_dags/example_task_group_decorator.py
[2024-05-24T00:38:39.164+0000] {processor.py:830} INFO - Processing file /home/airflow/.local/lib/python3.12/site-packages/airflow/example_dags/example_task_group_decorator.py for tasks to queue
[2024-05-24T00:38:39.164+0000] {logging_mixin.py:188} INFO - [2024-05-24T00:38:39.164+0000] {dagbag.py:545} INFO - Filling up the DagBag from /home/airflow/.local/lib/python3.12/site-packages/airflow/example_dags/example_task_group_decorator.py
[2024-05-24T00:38:39.171+0000] {processor.py:840} INFO - DAG(s) 'example_task_group_decorator' retrieved from /home/airflow/.local/lib/python3.12/site-packages/airflow/example_dags/example_task_group_decorator.py
[2024-05-24T00:38:39.181+0000] {logging_mixin.py:188} INFO - [2024-05-24T00:38:39.181+0000] {dag.py:3096} INFO - Sync 1 DAGs
[2024-05-24T00:38:39.189+0000] {logging_mixin.py:188} INFO - [2024-05-24T00:38:39.189+0000] {dag.py:3954} INFO - Setting next_dagrun for example_task_group_decorator to 2024-05-23 00:00:00+00:00, run_after=2024-05-24 00:00:00+00:00
[2024-05-24T00:38:39.196+0000] {processor.py:183} INFO - Processing /home/airflow/.local/lib/python3.12/site-packages/airflow/example_dags/example_task_group_decorator.py took 0.035 seconds
[2024-05-24T00:39:09.752+0000] {processor.py:161} INFO - Started process (PID=3000) to work on /home/airflow/.local/lib/python3.12/site-packages/airflow/example_dags/example_task_group_decorator.py
[2024-05-24T00:39:09.752+0000] {processor.py:830} INFO - Processing file /home/airflow/.local/lib/python3.12/site-packages/airflow/example_dags/example_task_group_decorator.py for tasks to queue
[2024-05-24T00:39:09.752+0000] {logging_mixin.py:188} INFO - [2024-05-24T00:39:09.752+0000] {dagbag.py:545} INFO - Filling up the DagBag from /home/airflow/.local/lib/python3.12/site-packages/airflow/example_dags/example_task_group_decorator.py
[2024-05-24T00:39:09.758+0000] {processor.py:840} INFO - DAG(s) 'example_task_group_decorator' retrieved from /home/airflow/.local/lib/python3.12/site-packages/airflow/example_dags/example_task_group_decorator.py
[2024-05-24T00:39:09.764+0000] {logging_mixin.py:188} INFO - [2024-05-24T00:39:09.764+0000] {dag.py:3096} INFO - Sync 1 DAGs
[2024-05-24T00:39:09.779+0000] {logging_mixin.py:188} INFO - [2024-05-24T00:39:09.779+0000] {dag.py:3954} INFO - Setting next_dagrun for example_task_group_decorator to 2024-05-23 00:00:00+00:00, run_after=2024-05-24 00:00:00+00:00
[2024-05-24T00:39:09.787+0000] {processor.py:183} INFO - Processing /home/airflow/.local/lib/python3.12/site-packages/airflow/example_dags/example_task_group_decorator.py took 0.038 seconds
[2024-05-24T00:39:40.156+0000] {processor.py:161} INFO - Started process (PID=3059) to work on /home/airflow/.local/lib/python3.12/site-packages/airflow/example_dags/example_task_group_decorator.py
[2024-05-24T00:39:40.157+0000] {processor.py:830} INFO - Processing file /home/airflow/.local/lib/python3.12/site-packages/airflow/example_dags/example_task_group_decorator.py for tasks to queue
[2024-05-24T00:39:40.157+0000] {logging_mixin.py:188} INFO - [2024-05-24T00:39:40.157+0000] {dagbag.py:545} INFO - Filling up the DagBag from /home/airflow/.local/lib/python3.12/site-packages/airflow/example_dags/example_task_group_decorator.py
[2024-05-24T00:39:40.163+0000] {processor.py:840} INFO - DAG(s) 'example_task_group_decorator' retrieved from /home/airflow/.local/lib/python3.12/site-packages/airflow/example_dags/example_task_group_decorator.py
[2024-05-24T00:39:40.167+0000] {logging_mixin.py:188} INFO - [2024-05-24T00:39:40.167+0000] {dag.py:3096} INFO - Sync 1 DAGs
[2024-05-24T00:39:40.177+0000] {logging_mixin.py:188} INFO - [2024-05-24T00:39:40.176+0000] {dag.py:3954} INFO - Setting next_dagrun for example_task_group_decorator to 2024-05-23 00:00:00+00:00, run_after=2024-05-24 00:00:00+00:00
[2024-05-24T00:39:40.183+0000] {processor.py:183} INFO - Processing /home/airflow/.local/lib/python3.12/site-packages/airflow/example_dags/example_task_group_decorator.py took 0.030 seconds
[2024-05-24T00:40:10.684+0000] {processor.py:161} INFO - Started process (PID=3117) to work on /home/airflow/.local/lib/python3.12/site-packages/airflow/example_dags/example_task_group_decorator.py
[2024-05-24T00:40:10.684+0000] {processor.py:830} INFO - Processing file /home/airflow/.local/lib/python3.12/site-packages/airflow/example_dags/example_task_group_decorator.py for tasks to queue
[2024-05-24T00:40:10.685+0000] {logging_mixin.py:188} INFO - [2024-05-24T00:40:10.684+0000] {dagbag.py:545} INFO - Filling up the DagBag from /home/airflow/.local/lib/python3.12/site-packages/airflow/example_dags/example_task_group_decorator.py
[2024-05-24T00:40:10.691+0000] {processor.py:840} INFO - DAG(s) 'example_task_group_decorator' retrieved from /home/airflow/.local/lib/python3.12/site-packages/airflow/example_dags/example_task_group_decorator.py
[2024-05-24T00:40:10.745+0000] {logging_mixin.py:188} INFO - [2024-05-24T00:40:10.744+0000] {dag.py:3096} INFO - Sync 1 DAGs
[2024-05-24T00:40:10.758+0000] {logging_mixin.py:188} INFO - [2024-05-24T00:40:10.758+0000] {dag.py:3954} INFO - Setting next_dagrun for example_task_group_decorator to 2024-05-23 00:00:00+00:00, run_after=2024-05-24 00:00:00+00:00
[2024-05-24T00:40:10.774+0000] {processor.py:183} INFO - Processing /home/airflow/.local/lib/python3.12/site-packages/airflow/example_dags/example_task_group_decorator.py took 0.092 seconds
[2024-05-24T00:40:40.853+0000] {processor.py:161} INFO - Started process (PID=3175) to work on /home/airflow/.local/lib/python3.12/site-packages/airflow/example_dags/example_task_group_decorator.py
[2024-05-24T00:40:40.854+0000] {processor.py:830} INFO - Processing file /home/airflow/.local/lib/python3.12/site-packages/airflow/example_dags/example_task_group_decorator.py for tasks to queue
[2024-05-24T00:40:40.854+0000] {logging_mixin.py:188} INFO - [2024-05-24T00:40:40.854+0000] {dagbag.py:545} INFO - Filling up the DagBag from /home/airflow/.local/lib/python3.12/site-packages/airflow/example_dags/example_task_group_decorator.py
[2024-05-24T00:40:40.861+0000] {processor.py:840} INFO - DAG(s) 'example_task_group_decorator' retrieved from /home/airflow/.local/lib/python3.12/site-packages/airflow/example_dags/example_task_group_decorator.py
[2024-05-24T00:40:40.868+0000] {logging_mixin.py:188} INFO - [2024-05-24T00:40:40.868+0000] {dag.py:3096} INFO - Sync 1 DAGs
[2024-05-24T00:40:40.879+0000] {logging_mixin.py:188} INFO - [2024-05-24T00:40:40.879+0000] {dag.py:3954} INFO - Setting next_dagrun for example_task_group_decorator to 2024-05-23 00:00:00+00:00, run_after=2024-05-24 00:00:00+00:00
[2024-05-24T00:40:40.886+0000] {processor.py:183} INFO - Processing /home/airflow/.local/lib/python3.12/site-packages/airflow/example_dags/example_task_group_decorator.py took 0.035 seconds
