[2024-05-24T00:14:37.017+0000] {processor.py:161} INFO - Started process (PID=54) to work on /home/airflow/.local/lib/python3.12/site-packages/airflow/example_dags/example_branch_operator.py
[2024-05-24T00:14:37.017+0000] {processor.py:830} INFO - Processing file /home/airflow/.local/lib/python3.12/site-packages/airflow/example_dags/example_branch_operator.py for tasks to queue
[2024-05-24T00:14:37.018+0000] {logging_mixin.py:188} INFO - [2024-05-24T00:14:37.018+0000] {dagbag.py:545} INFO - Filling up the DagBag from /home/airflow/.local/lib/python3.12/site-packages/airflow/example_dags/example_branch_operator.py
[2024-05-24T00:14:37.029+0000] {processor.py:840} INFO - DAG(s) 'example_branch_operator' retrieved from /home/airflow/.local/lib/python3.12/site-packages/airflow/example_dags/example_branch_operator.py
[2024-05-24T00:14:37.035+0000] {logging_mixin.py:188} INFO - [2024-05-24T00:14:37.035+0000] {dag.py:3096} INFO - Sync 1 DAGs
[2024-05-24T00:14:37.050+0000] {logging_mixin.py:188} INFO - [2024-05-24T00:14:37.050+0000] {dag.py:3954} INFO - Setting next_dagrun for example_branch_operator to 2024-05-23 00:00:00+00:00, run_after=2024-05-24 00:00:00+00:00
[2024-05-24T00:14:37.062+0000] {processor.py:183} INFO - Processing /home/airflow/.local/lib/python3.12/site-packages/airflow/example_dags/example_branch_operator.py took 0.049 seconds
[2024-05-24T00:15:07.515+0000] {processor.py:161} INFO - Started process (PID=113) to work on /home/airflow/.local/lib/python3.12/site-packages/airflow/example_dags/example_branch_operator.py
[2024-05-24T00:15:07.515+0000] {processor.py:830} INFO - Processing file /home/airflow/.local/lib/python3.12/site-packages/airflow/example_dags/example_branch_operator.py for tasks to queue
[2024-05-24T00:15:07.516+0000] {logging_mixin.py:188} INFO - [2024-05-24T00:15:07.516+0000] {dagbag.py:545} INFO - Filling up the DagBag from /home/airflow/.local/lib/python3.12/site-packages/airflow/example_dags/example_branch_operator.py
[2024-05-24T00:15:07.522+0000] {processor.py:840} INFO - DAG(s) 'example_branch_operator' retrieved from /home/airflow/.local/lib/python3.12/site-packages/airflow/example_dags/example_branch_operator.py
[2024-05-24T00:15:07.571+0000] {logging_mixin.py:188} INFO - [2024-05-24T00:15:07.571+0000] {dag.py:3096} INFO - Sync 1 DAGs
[2024-05-24T00:15:07.579+0000] {logging_mixin.py:188} INFO - [2024-05-24T00:15:07.579+0000] {dag.py:3954} INFO - Setting next_dagrun for example_branch_operator to 2024-05-23 00:00:00+00:00, run_after=2024-05-24 00:00:00+00:00
[2024-05-24T00:15:07.586+0000] {processor.py:183} INFO - Processing /home/airflow/.local/lib/python3.12/site-packages/airflow/example_dags/example_branch_operator.py took 0.073 seconds
[2024-05-24T00:15:37.757+0000] {processor.py:161} INFO - Started process (PID=172) to work on /home/airflow/.local/lib/python3.12/site-packages/airflow/example_dags/example_branch_operator.py
[2024-05-24T00:15:37.758+0000] {processor.py:830} INFO - Processing file /home/airflow/.local/lib/python3.12/site-packages/airflow/example_dags/example_branch_operator.py for tasks to queue
[2024-05-24T00:15:37.758+0000] {logging_mixin.py:188} INFO - [2024-05-24T00:15:37.758+0000] {dagbag.py:545} INFO - Filling up the DagBag from /home/airflow/.local/lib/python3.12/site-packages/airflow/example_dags/example_branch_operator.py
[2024-05-24T00:15:37.765+0000] {processor.py:840} INFO - DAG(s) 'example_branch_operator' retrieved from /home/airflow/.local/lib/python3.12/site-packages/airflow/example_dags/example_branch_operator.py
[2024-05-24T00:15:37.777+0000] {logging_mixin.py:188} INFO - [2024-05-24T00:15:37.776+0000] {dag.py:3096} INFO - Sync 1 DAGs
[2024-05-24T00:15:37.786+0000] {logging_mixin.py:188} INFO - [2024-05-24T00:15:37.786+0000] {dag.py:3954} INFO - Setting next_dagrun for example_branch_operator to 2024-05-23 00:00:00+00:00, run_after=2024-05-24 00:00:00+00:00
[2024-05-24T00:15:37.793+0000] {processor.py:183} INFO - Processing /home/airflow/.local/lib/python3.12/site-packages/airflow/example_dags/example_branch_operator.py took 0.038 seconds
[2024-05-24T00:16:08.244+0000] {processor.py:161} INFO - Started process (PID=231) to work on /home/airflow/.local/lib/python3.12/site-packages/airflow/example_dags/example_branch_operator.py
[2024-05-24T00:16:08.245+0000] {processor.py:830} INFO - Processing file /home/airflow/.local/lib/python3.12/site-packages/airflow/example_dags/example_branch_operator.py for tasks to queue
[2024-05-24T00:16:08.246+0000] {logging_mixin.py:188} INFO - [2024-05-24T00:16:08.246+0000] {dagbag.py:545} INFO - Filling up the DagBag from /home/airflow/.local/lib/python3.12/site-packages/airflow/example_dags/example_branch_operator.py
[2024-05-24T00:16:08.255+0000] {processor.py:840} INFO - DAG(s) 'example_branch_operator' retrieved from /home/airflow/.local/lib/python3.12/site-packages/airflow/example_dags/example_branch_operator.py
[2024-05-24T00:16:08.272+0000] {logging_mixin.py:188} INFO - [2024-05-24T00:16:08.271+0000] {dag.py:3096} INFO - Sync 1 DAGs
[2024-05-24T00:16:08.285+0000] {logging_mixin.py:188} INFO - [2024-05-24T00:16:08.285+0000] {dag.py:3954} INFO - Setting next_dagrun for example_branch_operator to 2024-05-23 00:00:00+00:00, run_after=2024-05-24 00:00:00+00:00
[2024-05-24T00:16:08.296+0000] {processor.py:183} INFO - Processing /home/airflow/.local/lib/python3.12/site-packages/airflow/example_dags/example_branch_operator.py took 0.057 seconds
[2024-05-24T00:16:38.748+0000] {processor.py:161} INFO - Started process (PID=290) to work on /home/airflow/.local/lib/python3.12/site-packages/airflow/example_dags/example_branch_operator.py
[2024-05-24T00:16:38.749+0000] {processor.py:830} INFO - Processing file /home/airflow/.local/lib/python3.12/site-packages/airflow/example_dags/example_branch_operator.py for tasks to queue
[2024-05-24T00:16:38.749+0000] {logging_mixin.py:188} INFO - [2024-05-24T00:16:38.749+0000] {dagbag.py:545} INFO - Filling up the DagBag from /home/airflow/.local/lib/python3.12/site-packages/airflow/example_dags/example_branch_operator.py
[2024-05-24T00:16:38.755+0000] {processor.py:840} INFO - DAG(s) 'example_branch_operator' retrieved from /home/airflow/.local/lib/python3.12/site-packages/airflow/example_dags/example_branch_operator.py
[2024-05-24T00:16:38.767+0000] {logging_mixin.py:188} INFO - [2024-05-24T00:16:38.767+0000] {dag.py:3096} INFO - Sync 1 DAGs
[2024-05-24T00:16:38.776+0000] {logging_mixin.py:188} INFO - [2024-05-24T00:16:38.776+0000] {dag.py:3954} INFO - Setting next_dagrun for example_branch_operator to 2024-05-23 00:00:00+00:00, run_after=2024-05-24 00:00:00+00:00
[2024-05-24T00:16:38.783+0000] {processor.py:183} INFO - Processing /home/airflow/.local/lib/python3.12/site-packages/airflow/example_dags/example_branch_operator.py took 0.037 seconds
[2024-05-24T00:17:09.272+0000] {processor.py:161} INFO - Started process (PID=350) to work on /home/airflow/.local/lib/python3.12/site-packages/airflow/example_dags/example_branch_operator.py
[2024-05-24T00:17:09.273+0000] {processor.py:830} INFO - Processing file /home/airflow/.local/lib/python3.12/site-packages/airflow/example_dags/example_branch_operator.py for tasks to queue
[2024-05-24T00:17:09.274+0000] {logging_mixin.py:188} INFO - [2024-05-24T00:17:09.273+0000] {dagbag.py:545} INFO - Filling up the DagBag from /home/airflow/.local/lib/python3.12/site-packages/airflow/example_dags/example_branch_operator.py
[2024-05-24T00:17:09.281+0000] {processor.py:840} INFO - DAG(s) 'example_branch_operator' retrieved from /home/airflow/.local/lib/python3.12/site-packages/airflow/example_dags/example_branch_operator.py
[2024-05-24T00:17:09.293+0000] {logging_mixin.py:188} INFO - [2024-05-24T00:17:09.293+0000] {dag.py:3096} INFO - Sync 1 DAGs
[2024-05-24T00:17:09.303+0000] {logging_mixin.py:188} INFO - [2024-05-24T00:17:09.303+0000] {dag.py:3954} INFO - Setting next_dagrun for example_branch_operator to 2024-05-23 00:00:00+00:00, run_after=2024-05-24 00:00:00+00:00
[2024-05-24T00:17:09.310+0000] {processor.py:183} INFO - Processing /home/airflow/.local/lib/python3.12/site-packages/airflow/example_dags/example_branch_operator.py took 0.043 seconds
[2024-05-24T00:17:39.632+0000] {processor.py:161} INFO - Started process (PID=409) to work on /home/airflow/.local/lib/python3.12/site-packages/airflow/example_dags/example_branch_operator.py
[2024-05-24T00:17:39.632+0000] {processor.py:830} INFO - Processing file /home/airflow/.local/lib/python3.12/site-packages/airflow/example_dags/example_branch_operator.py for tasks to queue
[2024-05-24T00:17:39.633+0000] {logging_mixin.py:188} INFO - [2024-05-24T00:17:39.633+0000] {dagbag.py:545} INFO - Filling up the DagBag from /home/airflow/.local/lib/python3.12/site-packages/airflow/example_dags/example_branch_operator.py
[2024-05-24T00:17:39.642+0000] {processor.py:840} INFO - DAG(s) 'example_branch_operator' retrieved from /home/airflow/.local/lib/python3.12/site-packages/airflow/example_dags/example_branch_operator.py
[2024-05-24T00:17:39.659+0000] {logging_mixin.py:188} INFO - [2024-05-24T00:17:39.659+0000] {dag.py:3096} INFO - Sync 1 DAGs
[2024-05-24T00:17:39.672+0000] {logging_mixin.py:188} INFO - [2024-05-24T00:17:39.672+0000] {dag.py:3954} INFO - Setting next_dagrun for example_branch_operator to 2024-05-23 00:00:00+00:00, run_after=2024-05-24 00:00:00+00:00
[2024-05-24T00:17:39.683+0000] {processor.py:183} INFO - Processing /home/airflow/.local/lib/python3.12/site-packages/airflow/example_dags/example_branch_operator.py took 0.057 seconds
[2024-05-24T00:18:10.315+0000] {processor.py:161} INFO - Started process (PID=469) to work on /home/airflow/.local/lib/python3.12/site-packages/airflow/example_dags/example_branch_operator.py
[2024-05-24T00:18:10.315+0000] {processor.py:830} INFO - Processing file /home/airflow/.local/lib/python3.12/site-packages/airflow/example_dags/example_branch_operator.py for tasks to queue
[2024-05-24T00:18:10.316+0000] {logging_mixin.py:188} INFO - [2024-05-24T00:18:10.316+0000] {dagbag.py:545} INFO - Filling up the DagBag from /home/airflow/.local/lib/python3.12/site-packages/airflow/example_dags/example_branch_operator.py
[2024-05-24T00:18:10.325+0000] {processor.py:840} INFO - DAG(s) 'example_branch_operator' retrieved from /home/airflow/.local/lib/python3.12/site-packages/airflow/example_dags/example_branch_operator.py
[2024-05-24T00:18:10.337+0000] {logging_mixin.py:188} INFO - [2024-05-24T00:18:10.337+0000] {dag.py:3096} INFO - Sync 1 DAGs
[2024-05-24T00:18:10.346+0000] {logging_mixin.py:188} INFO - [2024-05-24T00:18:10.346+0000] {dag.py:3954} INFO - Setting next_dagrun for example_branch_operator to 2024-05-23 00:00:00+00:00, run_after=2024-05-24 00:00:00+00:00
[2024-05-24T00:18:10.353+0000] {processor.py:183} INFO - Processing /home/airflow/.local/lib/python3.12/site-packages/airflow/example_dags/example_branch_operator.py took 0.041 seconds
[2024-05-24T00:18:41.068+0000] {processor.py:161} INFO - Started process (PID=535) to work on /home/airflow/.local/lib/python3.12/site-packages/airflow/example_dags/example_branch_operator.py
[2024-05-24T00:18:41.068+0000] {processor.py:830} INFO - Processing file /home/airflow/.local/lib/python3.12/site-packages/airflow/example_dags/example_branch_operator.py for tasks to queue
[2024-05-24T00:18:41.070+0000] {logging_mixin.py:188} INFO - [2024-05-24T00:18:41.069+0000] {dagbag.py:545} INFO - Filling up the DagBag from /home/airflow/.local/lib/python3.12/site-packages/airflow/example_dags/example_branch_operator.py
[2024-05-24T00:18:41.077+0000] {processor.py:840} INFO - DAG(s) 'example_branch_operator' retrieved from /home/airflow/.local/lib/python3.12/site-packages/airflow/example_dags/example_branch_operator.py
[2024-05-24T00:18:41.109+0000] {logging_mixin.py:188} INFO - [2024-05-24T00:18:41.108+0000] {dag.py:3096} INFO - Sync 1 DAGs
[2024-05-24T00:18:41.126+0000] {logging_mixin.py:188} INFO - [2024-05-24T00:18:41.126+0000] {dag.py:3954} INFO - Setting next_dagrun for example_branch_operator to 2024-05-23 00:00:00+00:00, run_after=2024-05-24 00:00:00+00:00
[2024-05-24T00:18:41.136+0000] {processor.py:183} INFO - Processing /home/airflow/.local/lib/python3.12/site-packages/airflow/example_dags/example_branch_operator.py took 0.073 seconds
[2024-05-24T00:19:11.747+0000] {processor.py:161} INFO - Started process (PID=595) to work on /home/airflow/.local/lib/python3.12/site-packages/airflow/example_dags/example_branch_operator.py
[2024-05-24T00:19:11.747+0000] {processor.py:830} INFO - Processing file /home/airflow/.local/lib/python3.12/site-packages/airflow/example_dags/example_branch_operator.py for tasks to queue
[2024-05-24T00:19:11.748+0000] {logging_mixin.py:188} INFO - [2024-05-24T00:19:11.747+0000] {dagbag.py:545} INFO - Filling up the DagBag from /home/airflow/.local/lib/python3.12/site-packages/airflow/example_dags/example_branch_operator.py
[2024-05-24T00:19:11.754+0000] {processor.py:840} INFO - DAG(s) 'example_branch_operator' retrieved from /home/airflow/.local/lib/python3.12/site-packages/airflow/example_dags/example_branch_operator.py
[2024-05-24T00:19:11.775+0000] {logging_mixin.py:188} INFO - [2024-05-24T00:19:11.775+0000] {dag.py:3096} INFO - Sync 1 DAGs
[2024-05-24T00:19:11.792+0000] {logging_mixin.py:188} INFO - [2024-05-24T00:19:11.792+0000] {dag.py:3954} INFO - Setting next_dagrun for example_branch_operator to 2024-05-23 00:00:00+00:00, run_after=2024-05-24 00:00:00+00:00
[2024-05-24T00:19:11.803+0000] {processor.py:183} INFO - Processing /home/airflow/.local/lib/python3.12/site-packages/airflow/example_dags/example_branch_operator.py took 0.059 seconds
[2024-05-24T00:19:42.542+0000] {processor.py:161} INFO - Started process (PID=655) to work on /home/airflow/.local/lib/python3.12/site-packages/airflow/example_dags/example_branch_operator.py
[2024-05-24T00:19:42.543+0000] {processor.py:830} INFO - Processing file /home/airflow/.local/lib/python3.12/site-packages/airflow/example_dags/example_branch_operator.py for tasks to queue
[2024-05-24T00:19:42.544+0000] {logging_mixin.py:188} INFO - [2024-05-24T00:19:42.543+0000] {dagbag.py:545} INFO - Filling up the DagBag from /home/airflow/.local/lib/python3.12/site-packages/airflow/example_dags/example_branch_operator.py
[2024-05-24T00:19:42.552+0000] {processor.py:840} INFO - DAG(s) 'example_branch_operator' retrieved from /home/airflow/.local/lib/python3.12/site-packages/airflow/example_dags/example_branch_operator.py
[2024-05-24T00:19:42.576+0000] {logging_mixin.py:188} INFO - [2024-05-24T00:19:42.575+0000] {dag.py:3096} INFO - Sync 1 DAGs
[2024-05-24T00:19:42.589+0000] {logging_mixin.py:188} INFO - [2024-05-24T00:19:42.589+0000] {dag.py:3954} INFO - Setting next_dagrun for example_branch_operator to 2024-05-23 00:00:00+00:00, run_after=2024-05-24 00:00:00+00:00
[2024-05-24T00:19:42.600+0000] {processor.py:183} INFO - Processing /home/airflow/.local/lib/python3.12/site-packages/airflow/example_dags/example_branch_operator.py took 0.060 seconds
[2024-05-24T00:20:13.258+0000] {processor.py:161} INFO - Started process (PID=714) to work on /home/airflow/.local/lib/python3.12/site-packages/airflow/example_dags/example_branch_operator.py
[2024-05-24T00:20:13.258+0000] {processor.py:830} INFO - Processing file /home/airflow/.local/lib/python3.12/site-packages/airflow/example_dags/example_branch_operator.py for tasks to queue
[2024-05-24T00:20:13.259+0000] {logging_mixin.py:188} INFO - [2024-05-24T00:20:13.259+0000] {dagbag.py:545} INFO - Filling up the DagBag from /home/airflow/.local/lib/python3.12/site-packages/airflow/example_dags/example_branch_operator.py
[2024-05-24T00:20:13.266+0000] {processor.py:840} INFO - DAG(s) 'example_branch_operator' retrieved from /home/airflow/.local/lib/python3.12/site-packages/airflow/example_dags/example_branch_operator.py
[2024-05-24T00:20:13.282+0000] {logging_mixin.py:188} INFO - [2024-05-24T00:20:13.282+0000] {dag.py:3096} INFO - Sync 1 DAGs
[2024-05-24T00:20:13.296+0000] {logging_mixin.py:188} INFO - [2024-05-24T00:20:13.296+0000] {dag.py:3954} INFO - Setting next_dagrun for example_branch_operator to 2024-05-23 00:00:00+00:00, run_after=2024-05-24 00:00:00+00:00
[2024-05-24T00:20:13.304+0000] {processor.py:183} INFO - Processing /home/airflow/.local/lib/python3.12/site-packages/airflow/example_dags/example_branch_operator.py took 0.048 seconds
[2024-05-24T00:20:43.855+0000] {processor.py:161} INFO - Started process (PID=774) to work on /home/airflow/.local/lib/python3.12/site-packages/airflow/example_dags/example_branch_operator.py
[2024-05-24T00:20:43.856+0000] {processor.py:830} INFO - Processing file /home/airflow/.local/lib/python3.12/site-packages/airflow/example_dags/example_branch_operator.py for tasks to queue
[2024-05-24T00:20:43.856+0000] {logging_mixin.py:188} INFO - [2024-05-24T00:20:43.856+0000] {dagbag.py:545} INFO - Filling up the DagBag from /home/airflow/.local/lib/python3.12/site-packages/airflow/example_dags/example_branch_operator.py
[2024-05-24T00:20:43.864+0000] {processor.py:840} INFO - DAG(s) 'example_branch_operator' retrieved from /home/airflow/.local/lib/python3.12/site-packages/airflow/example_dags/example_branch_operator.py
[2024-05-24T00:20:43.902+0000] {logging_mixin.py:188} INFO - [2024-05-24T00:20:43.902+0000] {dag.py:3096} INFO - Sync 1 DAGs
[2024-05-24T00:20:43.930+0000] {logging_mixin.py:188} INFO - [2024-05-24T00:20:43.930+0000] {dag.py:3954} INFO - Setting next_dagrun for example_branch_operator to 2024-05-23 00:00:00+00:00, run_after=2024-05-24 00:00:00+00:00
[2024-05-24T00:20:43.941+0000] {processor.py:183} INFO - Processing /home/airflow/.local/lib/python3.12/site-packages/airflow/example_dags/example_branch_operator.py took 0.088 seconds
[2024-05-24T00:21:14.538+0000] {processor.py:161} INFO - Started process (PID=851) to work on /home/airflow/.local/lib/python3.12/site-packages/airflow/example_dags/example_branch_operator.py
[2024-05-24T00:21:14.539+0000] {processor.py:830} INFO - Processing file /home/airflow/.local/lib/python3.12/site-packages/airflow/example_dags/example_branch_operator.py for tasks to queue
[2024-05-24T00:21:14.540+0000] {logging_mixin.py:188} INFO - [2024-05-24T00:21:14.540+0000] {dagbag.py:545} INFO - Filling up the DagBag from /home/airflow/.local/lib/python3.12/site-packages/airflow/example_dags/example_branch_operator.py
[2024-05-24T00:21:14.550+0000] {processor.py:840} INFO - DAG(s) 'example_branch_operator' retrieved from /home/airflow/.local/lib/python3.12/site-packages/airflow/example_dags/example_branch_operator.py
[2024-05-24T00:21:14.565+0000] {logging_mixin.py:188} INFO - [2024-05-24T00:21:14.565+0000] {dag.py:3096} INFO - Sync 1 DAGs
[2024-05-24T00:21:14.578+0000] {logging_mixin.py:188} INFO - [2024-05-24T00:21:14.578+0000] {dag.py:3954} INFO - Setting next_dagrun for example_branch_operator to 2024-05-23 00:00:00+00:00, run_after=2024-05-24 00:00:00+00:00
[2024-05-24T00:21:14.587+0000] {processor.py:183} INFO - Processing /home/airflow/.local/lib/python3.12/site-packages/airflow/example_dags/example_branch_operator.py took 0.053 seconds
[2024-05-24T00:21:45.180+0000] {processor.py:161} INFO - Started process (PID=929) to work on /home/airflow/.local/lib/python3.12/site-packages/airflow/example_dags/example_branch_operator.py
[2024-05-24T00:21:45.181+0000] {processor.py:830} INFO - Processing file /home/airflow/.local/lib/python3.12/site-packages/airflow/example_dags/example_branch_operator.py for tasks to queue
[2024-05-24T00:21:45.181+0000] {logging_mixin.py:188} INFO - [2024-05-24T00:21:45.181+0000] {dagbag.py:545} INFO - Filling up the DagBag from /home/airflow/.local/lib/python3.12/site-packages/airflow/example_dags/example_branch_operator.py
[2024-05-24T00:21:45.188+0000] {processor.py:840} INFO - DAG(s) 'example_branch_operator' retrieved from /home/airflow/.local/lib/python3.12/site-packages/airflow/example_dags/example_branch_operator.py
[2024-05-24T00:21:45.206+0000] {logging_mixin.py:188} INFO - [2024-05-24T00:21:45.205+0000] {dag.py:3096} INFO - Sync 1 DAGs
[2024-05-24T00:21:45.218+0000] {logging_mixin.py:188} INFO - [2024-05-24T00:21:45.218+0000] {dag.py:3954} INFO - Setting next_dagrun for example_branch_operator to 2024-05-23 00:00:00+00:00, run_after=2024-05-24 00:00:00+00:00
[2024-05-24T00:21:45.228+0000] {processor.py:183} INFO - Processing /home/airflow/.local/lib/python3.12/site-packages/airflow/example_dags/example_branch_operator.py took 0.050 seconds
[2024-05-24T00:22:15.930+0000] {processor.py:161} INFO - Started process (PID=989) to work on /home/airflow/.local/lib/python3.12/site-packages/airflow/example_dags/example_branch_operator.py
[2024-05-24T00:22:15.930+0000] {processor.py:830} INFO - Processing file /home/airflow/.local/lib/python3.12/site-packages/airflow/example_dags/example_branch_operator.py for tasks to queue
[2024-05-24T00:22:15.932+0000] {logging_mixin.py:188} INFO - [2024-05-24T00:22:15.931+0000] {dagbag.py:545} INFO - Filling up the DagBag from /home/airflow/.local/lib/python3.12/site-packages/airflow/example_dags/example_branch_operator.py
[2024-05-24T00:22:15.938+0000] {processor.py:840} INFO - DAG(s) 'example_branch_operator' retrieved from /home/airflow/.local/lib/python3.12/site-packages/airflow/example_dags/example_branch_operator.py
[2024-05-24T00:22:15.949+0000] {logging_mixin.py:188} INFO - [2024-05-24T00:22:15.949+0000] {dag.py:3096} INFO - Sync 1 DAGs
[2024-05-24T00:22:15.962+0000] {logging_mixin.py:188} INFO - [2024-05-24T00:22:15.962+0000] {dag.py:3954} INFO - Setting next_dagrun for example_branch_operator to 2024-05-23 00:00:00+00:00, run_after=2024-05-24 00:00:00+00:00
[2024-05-24T00:22:15.971+0000] {processor.py:183} INFO - Processing /home/airflow/.local/lib/python3.12/site-packages/airflow/example_dags/example_branch_operator.py took 0.045 seconds
[2024-05-24T00:22:46.076+0000] {processor.py:161} INFO - Started process (PID=1067) to work on /home/airflow/.local/lib/python3.12/site-packages/airflow/example_dags/example_branch_operator.py
[2024-05-24T00:22:46.076+0000] {processor.py:830} INFO - Processing file /home/airflow/.local/lib/python3.12/site-packages/airflow/example_dags/example_branch_operator.py for tasks to queue
[2024-05-24T00:22:46.077+0000] {logging_mixin.py:188} INFO - [2024-05-24T00:22:46.077+0000] {dagbag.py:545} INFO - Filling up the DagBag from /home/airflow/.local/lib/python3.12/site-packages/airflow/example_dags/example_branch_operator.py
[2024-05-24T00:22:46.084+0000] {processor.py:840} INFO - DAG(s) 'example_branch_operator' retrieved from /home/airflow/.local/lib/python3.12/site-packages/airflow/example_dags/example_branch_operator.py
[2024-05-24T00:22:46.102+0000] {logging_mixin.py:188} INFO - [2024-05-24T00:22:46.102+0000] {dag.py:3096} INFO - Sync 1 DAGs
[2024-05-24T00:22:46.121+0000] {logging_mixin.py:188} INFO - [2024-05-24T00:22:46.121+0000] {dag.py:3954} INFO - Setting next_dagrun for example_branch_operator to 2024-05-23 00:00:00+00:00, run_after=2024-05-24 00:00:00+00:00
[2024-05-24T00:22:46.132+0000] {processor.py:183} INFO - Processing /home/airflow/.local/lib/python3.12/site-packages/airflow/example_dags/example_branch_operator.py took 0.058 seconds
[2024-05-24T00:23:16.774+0000] {processor.py:161} INFO - Started process (PID=1127) to work on /home/airflow/.local/lib/python3.12/site-packages/airflow/example_dags/example_branch_operator.py
[2024-05-24T00:23:16.774+0000] {processor.py:830} INFO - Processing file /home/airflow/.local/lib/python3.12/site-packages/airflow/example_dags/example_branch_operator.py for tasks to queue
[2024-05-24T00:23:16.775+0000] {logging_mixin.py:188} INFO - [2024-05-24T00:23:16.774+0000] {dagbag.py:545} INFO - Filling up the DagBag from /home/airflow/.local/lib/python3.12/site-packages/airflow/example_dags/example_branch_operator.py
[2024-05-24T00:23:16.781+0000] {processor.py:840} INFO - DAG(s) 'example_branch_operator' retrieved from /home/airflow/.local/lib/python3.12/site-packages/airflow/example_dags/example_branch_operator.py
[2024-05-24T00:23:16.797+0000] {logging_mixin.py:188} INFO - [2024-05-24T00:23:16.797+0000] {dag.py:3096} INFO - Sync 1 DAGs
[2024-05-24T00:23:16.818+0000] {logging_mixin.py:188} INFO - [2024-05-24T00:23:16.817+0000] {dag.py:3954} INFO - Setting next_dagrun for example_branch_operator to 2024-05-23 00:00:00+00:00, run_after=2024-05-24 00:00:00+00:00
[2024-05-24T00:23:16.834+0000] {processor.py:183} INFO - Processing /home/airflow/.local/lib/python3.12/site-packages/airflow/example_dags/example_branch_operator.py took 0.062 seconds
[2024-05-24T00:23:47.723+0000] {processor.py:161} INFO - Started process (PID=1187) to work on /home/airflow/.local/lib/python3.12/site-packages/airflow/example_dags/example_branch_operator.py
[2024-05-24T00:23:47.724+0000] {processor.py:830} INFO - Processing file /home/airflow/.local/lib/python3.12/site-packages/airflow/example_dags/example_branch_operator.py for tasks to queue
[2024-05-24T00:23:47.724+0000] {logging_mixin.py:188} INFO - [2024-05-24T00:23:47.724+0000] {dagbag.py:545} INFO - Filling up the DagBag from /home/airflow/.local/lib/python3.12/site-packages/airflow/example_dags/example_branch_operator.py
[2024-05-24T00:23:47.731+0000] {processor.py:840} INFO - DAG(s) 'example_branch_operator' retrieved from /home/airflow/.local/lib/python3.12/site-packages/airflow/example_dags/example_branch_operator.py
[2024-05-24T00:23:47.750+0000] {logging_mixin.py:188} INFO - [2024-05-24T00:23:47.750+0000] {dag.py:3096} INFO - Sync 1 DAGs
[2024-05-24T00:23:47.763+0000] {logging_mixin.py:188} INFO - [2024-05-24T00:23:47.763+0000] {dag.py:3954} INFO - Setting next_dagrun for example_branch_operator to 2024-05-23 00:00:00+00:00, run_after=2024-05-24 00:00:00+00:00
[2024-05-24T00:23:47.770+0000] {processor.py:183} INFO - Processing /home/airflow/.local/lib/python3.12/site-packages/airflow/example_dags/example_branch_operator.py took 0.049 seconds
[2024-05-24T00:24:18.321+0000] {processor.py:161} INFO - Started process (PID=1247) to work on /home/airflow/.local/lib/python3.12/site-packages/airflow/example_dags/example_branch_operator.py
[2024-05-24T00:24:18.322+0000] {processor.py:830} INFO - Processing file /home/airflow/.local/lib/python3.12/site-packages/airflow/example_dags/example_branch_operator.py for tasks to queue
[2024-05-24T00:24:18.323+0000] {logging_mixin.py:188} INFO - [2024-05-24T00:24:18.323+0000] {dagbag.py:545} INFO - Filling up the DagBag from /home/airflow/.local/lib/python3.12/site-packages/airflow/example_dags/example_branch_operator.py
[2024-05-24T00:24:18.330+0000] {processor.py:840} INFO - DAG(s) 'example_branch_operator' retrieved from /home/airflow/.local/lib/python3.12/site-packages/airflow/example_dags/example_branch_operator.py
[2024-05-24T00:24:18.344+0000] {logging_mixin.py:188} INFO - [2024-05-24T00:24:18.344+0000] {dag.py:3096} INFO - Sync 1 DAGs
[2024-05-24T00:24:18.354+0000] {logging_mixin.py:188} INFO - [2024-05-24T00:24:18.354+0000] {dag.py:3954} INFO - Setting next_dagrun for example_branch_operator to 2024-05-23 00:00:00+00:00, run_after=2024-05-24 00:00:00+00:00
[2024-05-24T00:24:18.361+0000] {processor.py:183} INFO - Processing /home/airflow/.local/lib/python3.12/site-packages/airflow/example_dags/example_branch_operator.py took 0.043 seconds
[2024-05-24T00:24:49.169+0000] {processor.py:161} INFO - Started process (PID=1307) to work on /home/airflow/.local/lib/python3.12/site-packages/airflow/example_dags/example_branch_operator.py
[2024-05-24T00:24:49.169+0000] {processor.py:830} INFO - Processing file /home/airflow/.local/lib/python3.12/site-packages/airflow/example_dags/example_branch_operator.py for tasks to queue
[2024-05-24T00:24:49.170+0000] {logging_mixin.py:188} INFO - [2024-05-24T00:24:49.169+0000] {dagbag.py:545} INFO - Filling up the DagBag from /home/airflow/.local/lib/python3.12/site-packages/airflow/example_dags/example_branch_operator.py
[2024-05-24T00:24:49.177+0000] {processor.py:840} INFO - DAG(s) 'example_branch_operator' retrieved from /home/airflow/.local/lib/python3.12/site-packages/airflow/example_dags/example_branch_operator.py
[2024-05-24T00:24:49.188+0000] {logging_mixin.py:188} INFO - [2024-05-24T00:24:49.188+0000] {dag.py:3096} INFO - Sync 1 DAGs
[2024-05-24T00:24:49.197+0000] {logging_mixin.py:188} INFO - [2024-05-24T00:24:49.197+0000] {dag.py:3954} INFO - Setting next_dagrun for example_branch_operator to 2024-05-23 00:00:00+00:00, run_after=2024-05-24 00:00:00+00:00
[2024-05-24T00:24:49.205+0000] {processor.py:183} INFO - Processing /home/airflow/.local/lib/python3.12/site-packages/airflow/example_dags/example_branch_operator.py took 0.039 seconds
[2024-05-24T00:25:19.937+0000] {processor.py:161} INFO - Started process (PID=1367) to work on /home/airflow/.local/lib/python3.12/site-packages/airflow/example_dags/example_branch_operator.py
[2024-05-24T00:25:19.937+0000] {processor.py:830} INFO - Processing file /home/airflow/.local/lib/python3.12/site-packages/airflow/example_dags/example_branch_operator.py for tasks to queue
[2024-05-24T00:25:19.938+0000] {logging_mixin.py:188} INFO - [2024-05-24T00:25:19.938+0000] {dagbag.py:545} INFO - Filling up the DagBag from /home/airflow/.local/lib/python3.12/site-packages/airflow/example_dags/example_branch_operator.py
[2024-05-24T00:25:19.944+0000] {processor.py:840} INFO - DAG(s) 'example_branch_operator' retrieved from /home/airflow/.local/lib/python3.12/site-packages/airflow/example_dags/example_branch_operator.py
[2024-05-24T00:25:19.956+0000] {logging_mixin.py:188} INFO - [2024-05-24T00:25:19.955+0000] {dag.py:3096} INFO - Sync 1 DAGs
[2024-05-24T00:25:19.964+0000] {logging_mixin.py:188} INFO - [2024-05-24T00:25:19.964+0000] {dag.py:3954} INFO - Setting next_dagrun for example_branch_operator to 2024-05-23 00:00:00+00:00, run_after=2024-05-24 00:00:00+00:00
[2024-05-24T00:25:19.971+0000] {processor.py:183} INFO - Processing /home/airflow/.local/lib/python3.12/site-packages/airflow/example_dags/example_branch_operator.py took 0.037 seconds
[2024-05-24T00:25:50.597+0000] {processor.py:161} INFO - Started process (PID=1427) to work on /home/airflow/.local/lib/python3.12/site-packages/airflow/example_dags/example_branch_operator.py
[2024-05-24T00:25:50.597+0000] {processor.py:830} INFO - Processing file /home/airflow/.local/lib/python3.12/site-packages/airflow/example_dags/example_branch_operator.py for tasks to queue
[2024-05-24T00:25:50.598+0000] {logging_mixin.py:188} INFO - [2024-05-24T00:25:50.598+0000] {dagbag.py:545} INFO - Filling up the DagBag from /home/airflow/.local/lib/python3.12/site-packages/airflow/example_dags/example_branch_operator.py
[2024-05-24T00:25:50.605+0000] {processor.py:840} INFO - DAG(s) 'example_branch_operator' retrieved from /home/airflow/.local/lib/python3.12/site-packages/airflow/example_dags/example_branch_operator.py
[2024-05-24T00:25:50.621+0000] {logging_mixin.py:188} INFO - [2024-05-24T00:25:50.621+0000] {dag.py:3096} INFO - Sync 1 DAGs
[2024-05-24T00:25:50.638+0000] {logging_mixin.py:188} INFO - [2024-05-24T00:25:50.638+0000] {dag.py:3954} INFO - Setting next_dagrun for example_branch_operator to 2024-05-23 00:00:00+00:00, run_after=2024-05-24 00:00:00+00:00
[2024-05-24T00:25:50.649+0000] {processor.py:183} INFO - Processing /home/airflow/.local/lib/python3.12/site-packages/airflow/example_dags/example_branch_operator.py took 0.054 seconds
[2024-05-24T00:26:21.235+0000] {processor.py:161} INFO - Started process (PID=1487) to work on /home/airflow/.local/lib/python3.12/site-packages/airflow/example_dags/example_branch_operator.py
[2024-05-24T00:26:21.235+0000] {processor.py:830} INFO - Processing file /home/airflow/.local/lib/python3.12/site-packages/airflow/example_dags/example_branch_operator.py for tasks to queue
[2024-05-24T00:26:21.236+0000] {logging_mixin.py:188} INFO - [2024-05-24T00:26:21.236+0000] {dagbag.py:545} INFO - Filling up the DagBag from /home/airflow/.local/lib/python3.12/site-packages/airflow/example_dags/example_branch_operator.py
[2024-05-24T00:26:21.244+0000] {processor.py:840} INFO - DAG(s) 'example_branch_operator' retrieved from /home/airflow/.local/lib/python3.12/site-packages/airflow/example_dags/example_branch_operator.py
[2024-05-24T00:26:21.259+0000] {logging_mixin.py:188} INFO - [2024-05-24T00:26:21.259+0000] {dag.py:3096} INFO - Sync 1 DAGs
[2024-05-24T00:26:21.273+0000] {logging_mixin.py:188} INFO - [2024-05-24T00:26:21.273+0000] {dag.py:3954} INFO - Setting next_dagrun for example_branch_operator to 2024-05-23 00:00:00+00:00, run_after=2024-05-24 00:00:00+00:00
[2024-05-24T00:26:21.283+0000] {processor.py:183} INFO - Processing /home/airflow/.local/lib/python3.12/site-packages/airflow/example_dags/example_branch_operator.py took 0.052 seconds
[2024-05-24T00:26:51.965+0000] {processor.py:161} INFO - Started process (PID=1548) to work on /home/airflow/.local/lib/python3.12/site-packages/airflow/example_dags/example_branch_operator.py
[2024-05-24T00:26:51.966+0000] {processor.py:830} INFO - Processing file /home/airflow/.local/lib/python3.12/site-packages/airflow/example_dags/example_branch_operator.py for tasks to queue
[2024-05-24T00:26:51.967+0000] {logging_mixin.py:188} INFO - [2024-05-24T00:26:51.967+0000] {dagbag.py:545} INFO - Filling up the DagBag from /home/airflow/.local/lib/python3.12/site-packages/airflow/example_dags/example_branch_operator.py
[2024-05-24T00:26:51.974+0000] {processor.py:840} INFO - DAG(s) 'example_branch_operator' retrieved from /home/airflow/.local/lib/python3.12/site-packages/airflow/example_dags/example_branch_operator.py
[2024-05-24T00:26:51.993+0000] {logging_mixin.py:188} INFO - [2024-05-24T00:26:51.993+0000] {dag.py:3096} INFO - Sync 1 DAGs
[2024-05-24T00:26:52.003+0000] {logging_mixin.py:188} INFO - [2024-05-24T00:26:52.003+0000] {dag.py:3954} INFO - Setting next_dagrun for example_branch_operator to 2024-05-23 00:00:00+00:00, run_after=2024-05-24 00:00:00+00:00
[2024-05-24T00:26:52.010+0000] {processor.py:183} INFO - Processing /home/airflow/.local/lib/python3.12/site-packages/airflow/example_dags/example_branch_operator.py took 0.048 seconds
[2024-05-24T00:27:22.699+0000] {processor.py:161} INFO - Started process (PID=1608) to work on /home/airflow/.local/lib/python3.12/site-packages/airflow/example_dags/example_branch_operator.py
[2024-05-24T00:27:22.699+0000] {processor.py:830} INFO - Processing file /home/airflow/.local/lib/python3.12/site-packages/airflow/example_dags/example_branch_operator.py for tasks to queue
[2024-05-24T00:27:22.700+0000] {logging_mixin.py:188} INFO - [2024-05-24T00:27:22.700+0000] {dagbag.py:545} INFO - Filling up the DagBag from /home/airflow/.local/lib/python3.12/site-packages/airflow/example_dags/example_branch_operator.py
[2024-05-24T00:27:22.706+0000] {processor.py:840} INFO - DAG(s) 'example_branch_operator' retrieved from /home/airflow/.local/lib/python3.12/site-packages/airflow/example_dags/example_branch_operator.py
[2024-05-24T00:27:22.722+0000] {logging_mixin.py:188} INFO - [2024-05-24T00:27:22.722+0000] {dag.py:3096} INFO - Sync 1 DAGs
[2024-05-24T00:27:22.739+0000] {logging_mixin.py:188} INFO - [2024-05-24T00:27:22.739+0000] {dag.py:3954} INFO - Setting next_dagrun for example_branch_operator to 2024-05-23 00:00:00+00:00, run_after=2024-05-24 00:00:00+00:00
[2024-05-24T00:27:22.749+0000] {processor.py:183} INFO - Processing /home/airflow/.local/lib/python3.12/site-packages/airflow/example_dags/example_branch_operator.py took 0.052 seconds
[2024-05-24T00:27:53.409+0000] {processor.py:161} INFO - Started process (PID=1668) to work on /home/airflow/.local/lib/python3.12/site-packages/airflow/example_dags/example_branch_operator.py
[2024-05-24T00:27:53.410+0000] {processor.py:830} INFO - Processing file /home/airflow/.local/lib/python3.12/site-packages/airflow/example_dags/example_branch_operator.py for tasks to queue
[2024-05-24T00:27:53.411+0000] {logging_mixin.py:188} INFO - [2024-05-24T00:27:53.411+0000] {dagbag.py:545} INFO - Filling up the DagBag from /home/airflow/.local/lib/python3.12/site-packages/airflow/example_dags/example_branch_operator.py
[2024-05-24T00:27:53.419+0000] {processor.py:840} INFO - DAG(s) 'example_branch_operator' retrieved from /home/airflow/.local/lib/python3.12/site-packages/airflow/example_dags/example_branch_operator.py
[2024-05-24T00:27:53.444+0000] {logging_mixin.py:188} INFO - [2024-05-24T00:27:53.443+0000] {dag.py:3096} INFO - Sync 1 DAGs
[2024-05-24T00:27:53.460+0000] {logging_mixin.py:188} INFO - [2024-05-24T00:27:53.460+0000] {dag.py:3954} INFO - Setting next_dagrun for example_branch_operator to 2024-05-23 00:00:00+00:00, run_after=2024-05-24 00:00:00+00:00
[2024-05-24T00:27:53.471+0000] {processor.py:183} INFO - Processing /home/airflow/.local/lib/python3.12/site-packages/airflow/example_dags/example_branch_operator.py took 0.065 seconds
[2024-05-24T00:28:24.279+0000] {processor.py:161} INFO - Started process (PID=1728) to work on /home/airflow/.local/lib/python3.12/site-packages/airflow/example_dags/example_branch_operator.py
[2024-05-24T00:28:24.280+0000] {processor.py:830} INFO - Processing file /home/airflow/.local/lib/python3.12/site-packages/airflow/example_dags/example_branch_operator.py for tasks to queue
[2024-05-24T00:28:24.280+0000] {logging_mixin.py:188} INFO - [2024-05-24T00:28:24.280+0000] {dagbag.py:545} INFO - Filling up the DagBag from /home/airflow/.local/lib/python3.12/site-packages/airflow/example_dags/example_branch_operator.py
[2024-05-24T00:28:24.290+0000] {processor.py:840} INFO - DAG(s) 'example_branch_operator' retrieved from /home/airflow/.local/lib/python3.12/site-packages/airflow/example_dags/example_branch_operator.py
[2024-05-24T00:28:24.310+0000] {logging_mixin.py:188} INFO - [2024-05-24T00:28:24.310+0000] {dag.py:3096} INFO - Sync 1 DAGs
[2024-05-24T00:28:24.319+0000] {logging_mixin.py:188} INFO - [2024-05-24T00:28:24.319+0000] {dag.py:3954} INFO - Setting next_dagrun for example_branch_operator to 2024-05-23 00:00:00+00:00, run_after=2024-05-24 00:00:00+00:00
[2024-05-24T00:28:24.326+0000] {processor.py:183} INFO - Processing /home/airflow/.local/lib/python3.12/site-packages/airflow/example_dags/example_branch_operator.py took 0.049 seconds
[2024-05-24T00:28:55.120+0000] {processor.py:161} INFO - Started process (PID=1788) to work on /home/airflow/.local/lib/python3.12/site-packages/airflow/example_dags/example_branch_operator.py
[2024-05-24T00:28:55.120+0000] {processor.py:830} INFO - Processing file /home/airflow/.local/lib/python3.12/site-packages/airflow/example_dags/example_branch_operator.py for tasks to queue
[2024-05-24T00:28:55.121+0000] {logging_mixin.py:188} INFO - [2024-05-24T00:28:55.121+0000] {dagbag.py:545} INFO - Filling up the DagBag from /home/airflow/.local/lib/python3.12/site-packages/airflow/example_dags/example_branch_operator.py
[2024-05-24T00:28:55.128+0000] {processor.py:840} INFO - DAG(s) 'example_branch_operator' retrieved from /home/airflow/.local/lib/python3.12/site-packages/airflow/example_dags/example_branch_operator.py
[2024-05-24T00:28:55.152+0000] {logging_mixin.py:188} INFO - [2024-05-24T00:28:55.152+0000] {dag.py:3096} INFO - Sync 1 DAGs
[2024-05-24T00:28:55.161+0000] {logging_mixin.py:188} INFO - [2024-05-24T00:28:55.161+0000] {dag.py:3954} INFO - Setting next_dagrun for example_branch_operator to 2024-05-23 00:00:00+00:00, run_after=2024-05-24 00:00:00+00:00
[2024-05-24T00:28:55.226+0000] {processor.py:183} INFO - Processing /home/airflow/.local/lib/python3.12/site-packages/airflow/example_dags/example_branch_operator.py took 0.109 seconds
[2024-05-24T00:29:25.954+0000] {processor.py:161} INFO - Started process (PID=1848) to work on /home/airflow/.local/lib/python3.12/site-packages/airflow/example_dags/example_branch_operator.py
[2024-05-24T00:29:25.954+0000] {processor.py:830} INFO - Processing file /home/airflow/.local/lib/python3.12/site-packages/airflow/example_dags/example_branch_operator.py for tasks to queue
[2024-05-24T00:29:25.955+0000] {logging_mixin.py:188} INFO - [2024-05-24T00:29:25.955+0000] {dagbag.py:545} INFO - Filling up the DagBag from /home/airflow/.local/lib/python3.12/site-packages/airflow/example_dags/example_branch_operator.py
[2024-05-24T00:29:25.967+0000] {processor.py:840} INFO - DAG(s) 'example_branch_operator' retrieved from /home/airflow/.local/lib/python3.12/site-packages/airflow/example_dags/example_branch_operator.py
[2024-05-24T00:29:25.993+0000] {logging_mixin.py:188} INFO - [2024-05-24T00:29:25.993+0000] {dag.py:3096} INFO - Sync 1 DAGs
[2024-05-24T00:29:26.002+0000] {logging_mixin.py:188} INFO - [2024-05-24T00:29:26.002+0000] {dag.py:3954} INFO - Setting next_dagrun for example_branch_operator to 2024-05-23 00:00:00+00:00, run_after=2024-05-24 00:00:00+00:00
[2024-05-24T00:29:26.009+0000] {processor.py:183} INFO - Processing /home/airflow/.local/lib/python3.12/site-packages/airflow/example_dags/example_branch_operator.py took 0.059 seconds
[2024-05-24T00:29:56.840+0000] {processor.py:161} INFO - Started process (PID=1908) to work on /home/airflow/.local/lib/python3.12/site-packages/airflow/example_dags/example_branch_operator.py
[2024-05-24T00:29:56.840+0000] {processor.py:830} INFO - Processing file /home/airflow/.local/lib/python3.12/site-packages/airflow/example_dags/example_branch_operator.py for tasks to queue
[2024-05-24T00:29:56.841+0000] {logging_mixin.py:188} INFO - [2024-05-24T00:29:56.841+0000] {dagbag.py:545} INFO - Filling up the DagBag from /home/airflow/.local/lib/python3.12/site-packages/airflow/example_dags/example_branch_operator.py
[2024-05-24T00:29:56.847+0000] {processor.py:840} INFO - DAG(s) 'example_branch_operator' retrieved from /home/airflow/.local/lib/python3.12/site-packages/airflow/example_dags/example_branch_operator.py
[2024-05-24T00:29:56.863+0000] {logging_mixin.py:188} INFO - [2024-05-24T00:29:56.862+0000] {dag.py:3096} INFO - Sync 1 DAGs
[2024-05-24T00:29:56.878+0000] {logging_mixin.py:188} INFO - [2024-05-24T00:29:56.878+0000] {dag.py:3954} INFO - Setting next_dagrun for example_branch_operator to 2024-05-23 00:00:00+00:00, run_after=2024-05-24 00:00:00+00:00
[2024-05-24T00:29:56.890+0000] {processor.py:183} INFO - Processing /home/airflow/.local/lib/python3.12/site-packages/airflow/example_dags/example_branch_operator.py took 0.053 seconds
[2024-05-24T00:30:26.997+0000] {processor.py:161} INFO - Started process (PID=1968) to work on /home/airflow/.local/lib/python3.12/site-packages/airflow/example_dags/example_branch_operator.py
[2024-05-24T00:30:26.997+0000] {processor.py:830} INFO - Processing file /home/airflow/.local/lib/python3.12/site-packages/airflow/example_dags/example_branch_operator.py for tasks to queue
[2024-05-24T00:30:26.998+0000] {logging_mixin.py:188} INFO - [2024-05-24T00:30:26.998+0000] {dagbag.py:545} INFO - Filling up the DagBag from /home/airflow/.local/lib/python3.12/site-packages/airflow/example_dags/example_branch_operator.py
[2024-05-24T00:30:27.004+0000] {processor.py:840} INFO - DAG(s) 'example_branch_operator' retrieved from /home/airflow/.local/lib/python3.12/site-packages/airflow/example_dags/example_branch_operator.py
[2024-05-24T00:30:27.018+0000] {logging_mixin.py:188} INFO - [2024-05-24T00:30:27.017+0000] {dag.py:3096} INFO - Sync 1 DAGs
[2024-05-24T00:30:27.033+0000] {logging_mixin.py:188} INFO - [2024-05-24T00:30:27.033+0000] {dag.py:3954} INFO - Setting next_dagrun for example_branch_operator to 2024-05-23 00:00:00+00:00, run_after=2024-05-24 00:00:00+00:00
[2024-05-24T00:30:27.046+0000] {processor.py:183} INFO - Processing /home/airflow/.local/lib/python3.12/site-packages/airflow/example_dags/example_branch_operator.py took 0.051 seconds
[2024-05-24T00:30:57.972+0000] {processor.py:161} INFO - Started process (PID=2028) to work on /home/airflow/.local/lib/python3.12/site-packages/airflow/example_dags/example_branch_operator.py
[2024-05-24T00:30:57.973+0000] {processor.py:830} INFO - Processing file /home/airflow/.local/lib/python3.12/site-packages/airflow/example_dags/example_branch_operator.py for tasks to queue
[2024-05-24T00:30:57.974+0000] {logging_mixin.py:188} INFO - [2024-05-24T00:30:57.973+0000] {dagbag.py:545} INFO - Filling up the DagBag from /home/airflow/.local/lib/python3.12/site-packages/airflow/example_dags/example_branch_operator.py
[2024-05-24T00:30:57.983+0000] {processor.py:840} INFO - DAG(s) 'example_branch_operator' retrieved from /home/airflow/.local/lib/python3.12/site-packages/airflow/example_dags/example_branch_operator.py
[2024-05-24T00:30:57.997+0000] {logging_mixin.py:188} INFO - [2024-05-24T00:30:57.997+0000] {dag.py:3096} INFO - Sync 1 DAGs
[2024-05-24T00:30:58.009+0000] {logging_mixin.py:188} INFO - [2024-05-24T00:30:58.009+0000] {dag.py:3954} INFO - Setting next_dagrun for example_branch_operator to 2024-05-23 00:00:00+00:00, run_after=2024-05-24 00:00:00+00:00
[2024-05-24T00:30:58.016+0000] {processor.py:183} INFO - Processing /home/airflow/.local/lib/python3.12/site-packages/airflow/example_dags/example_branch_operator.py took 0.047 seconds
[2024-05-24T00:31:28.707+0000] {processor.py:161} INFO - Started process (PID=2088) to work on /home/airflow/.local/lib/python3.12/site-packages/airflow/example_dags/example_branch_operator.py
[2024-05-24T00:31:28.707+0000] {processor.py:830} INFO - Processing file /home/airflow/.local/lib/python3.12/site-packages/airflow/example_dags/example_branch_operator.py for tasks to queue
[2024-05-24T00:31:28.708+0000] {logging_mixin.py:188} INFO - [2024-05-24T00:31:28.708+0000] {dagbag.py:545} INFO - Filling up the DagBag from /home/airflow/.local/lib/python3.12/site-packages/airflow/example_dags/example_branch_operator.py
[2024-05-24T00:31:28.715+0000] {processor.py:840} INFO - DAG(s) 'example_branch_operator' retrieved from /home/airflow/.local/lib/python3.12/site-packages/airflow/example_dags/example_branch_operator.py
[2024-05-24T00:31:28.733+0000] {logging_mixin.py:188} INFO - [2024-05-24T00:31:28.733+0000] {dag.py:3096} INFO - Sync 1 DAGs
[2024-05-24T00:31:28.806+0000] {logging_mixin.py:188} INFO - [2024-05-24T00:31:28.806+0000] {dag.py:3954} INFO - Setting next_dagrun for example_branch_operator to 2024-05-23 00:00:00+00:00, run_after=2024-05-24 00:00:00+00:00
[2024-05-24T00:31:28.817+0000] {processor.py:183} INFO - Processing /home/airflow/.local/lib/python3.12/site-packages/airflow/example_dags/example_branch_operator.py took 0.113 seconds
[2024-05-24T00:31:59.275+0000] {processor.py:161} INFO - Started process (PID=2148) to work on /home/airflow/.local/lib/python3.12/site-packages/airflow/example_dags/example_branch_operator.py
[2024-05-24T00:31:59.276+0000] {processor.py:830} INFO - Processing file /home/airflow/.local/lib/python3.12/site-packages/airflow/example_dags/example_branch_operator.py for tasks to queue
[2024-05-24T00:31:59.277+0000] {logging_mixin.py:188} INFO - [2024-05-24T00:31:59.276+0000] {dagbag.py:545} INFO - Filling up the DagBag from /home/airflow/.local/lib/python3.12/site-packages/airflow/example_dags/example_branch_operator.py
[2024-05-24T00:31:59.284+0000] {processor.py:840} INFO - DAG(s) 'example_branch_operator' retrieved from /home/airflow/.local/lib/python3.12/site-packages/airflow/example_dags/example_branch_operator.py
[2024-05-24T00:31:59.307+0000] {logging_mixin.py:188} INFO - [2024-05-24T00:31:59.306+0000] {dag.py:3096} INFO - Sync 1 DAGs
[2024-05-24T00:31:59.321+0000] {logging_mixin.py:188} INFO - [2024-05-24T00:31:59.321+0000] {dag.py:3954} INFO - Setting next_dagrun for example_branch_operator to 2024-05-23 00:00:00+00:00, run_after=2024-05-24 00:00:00+00:00
[2024-05-24T00:31:59.402+0000] {processor.py:183} INFO - Processing /home/airflow/.local/lib/python3.12/site-packages/airflow/example_dags/example_branch_operator.py took 0.129 seconds
[2024-05-24T00:32:30.274+0000] {processor.py:161} INFO - Started process (PID=2208) to work on /home/airflow/.local/lib/python3.12/site-packages/airflow/example_dags/example_branch_operator.py
[2024-05-24T00:32:30.275+0000] {processor.py:830} INFO - Processing file /home/airflow/.local/lib/python3.12/site-packages/airflow/example_dags/example_branch_operator.py for tasks to queue
[2024-05-24T00:32:30.275+0000] {logging_mixin.py:188} INFO - [2024-05-24T00:32:30.275+0000] {dagbag.py:545} INFO - Filling up the DagBag from /home/airflow/.local/lib/python3.12/site-packages/airflow/example_dags/example_branch_operator.py
[2024-05-24T00:32:30.282+0000] {processor.py:840} INFO - DAG(s) 'example_branch_operator' retrieved from /home/airflow/.local/lib/python3.12/site-packages/airflow/example_dags/example_branch_operator.py
[2024-05-24T00:32:30.295+0000] {logging_mixin.py:188} INFO - [2024-05-24T00:32:30.295+0000] {dag.py:3096} INFO - Sync 1 DAGs
[2024-05-24T00:32:30.305+0000] {logging_mixin.py:188} INFO - [2024-05-24T00:32:30.305+0000] {dag.py:3954} INFO - Setting next_dagrun for example_branch_operator to 2024-05-23 00:00:00+00:00, run_after=2024-05-24 00:00:00+00:00
[2024-05-24T00:32:30.313+0000] {processor.py:183} INFO - Processing /home/airflow/.local/lib/python3.12/site-packages/airflow/example_dags/example_branch_operator.py took 0.042 seconds
[2024-05-24T00:33:00.837+0000] {processor.py:161} INFO - Started process (PID=2268) to work on /home/airflow/.local/lib/python3.12/site-packages/airflow/example_dags/example_branch_operator.py
[2024-05-24T00:33:00.838+0000] {processor.py:830} INFO - Processing file /home/airflow/.local/lib/python3.12/site-packages/airflow/example_dags/example_branch_operator.py for tasks to queue
[2024-05-24T00:33:00.838+0000] {logging_mixin.py:188} INFO - [2024-05-24T00:33:00.838+0000] {dagbag.py:545} INFO - Filling up the DagBag from /home/airflow/.local/lib/python3.12/site-packages/airflow/example_dags/example_branch_operator.py
[2024-05-24T00:33:00.844+0000] {processor.py:840} INFO - DAG(s) 'example_branch_operator' retrieved from /home/airflow/.local/lib/python3.12/site-packages/airflow/example_dags/example_branch_operator.py
[2024-05-24T00:33:00.868+0000] {logging_mixin.py:188} INFO - [2024-05-24T00:33:00.868+0000] {dag.py:3096} INFO - Sync 1 DAGs
[2024-05-24T00:33:00.893+0000] {logging_mixin.py:188} INFO - [2024-05-24T00:33:00.893+0000] {dag.py:3954} INFO - Setting next_dagrun for example_branch_operator to 2024-05-23 00:00:00+00:00, run_after=2024-05-24 00:00:00+00:00
[2024-05-24T00:33:00.903+0000] {processor.py:183} INFO - Processing /home/airflow/.local/lib/python3.12/site-packages/airflow/example_dags/example_branch_operator.py took 0.069 seconds
[2024-05-24T00:33:31.613+0000] {processor.py:161} INFO - Started process (PID=2328) to work on /home/airflow/.local/lib/python3.12/site-packages/airflow/example_dags/example_branch_operator.py
[2024-05-24T00:33:31.613+0000] {processor.py:830} INFO - Processing file /home/airflow/.local/lib/python3.12/site-packages/airflow/example_dags/example_branch_operator.py for tasks to queue
[2024-05-24T00:33:31.614+0000] {logging_mixin.py:188} INFO - [2024-05-24T00:33:31.614+0000] {dagbag.py:545} INFO - Filling up the DagBag from /home/airflow/.local/lib/python3.12/site-packages/airflow/example_dags/example_branch_operator.py
[2024-05-24T00:33:31.621+0000] {processor.py:840} INFO - DAG(s) 'example_branch_operator' retrieved from /home/airflow/.local/lib/python3.12/site-packages/airflow/example_dags/example_branch_operator.py
[2024-05-24T00:33:31.638+0000] {logging_mixin.py:188} INFO - [2024-05-24T00:33:31.638+0000] {dag.py:3096} INFO - Sync 1 DAGs
[2024-05-24T00:33:31.646+0000] {logging_mixin.py:188} INFO - [2024-05-24T00:33:31.646+0000] {dag.py:3954} INFO - Setting next_dagrun for example_branch_operator to 2024-05-23 00:00:00+00:00, run_after=2024-05-24 00:00:00+00:00
[2024-05-24T00:33:31.653+0000] {processor.py:183} INFO - Processing /home/airflow/.local/lib/python3.12/site-packages/airflow/example_dags/example_branch_operator.py took 0.043 seconds
[2024-05-24T00:34:02.568+0000] {processor.py:161} INFO - Started process (PID=2394) to work on /home/airflow/.local/lib/python3.12/site-packages/airflow/example_dags/example_branch_operator.py
[2024-05-24T00:34:02.568+0000] {processor.py:830} INFO - Processing file /home/airflow/.local/lib/python3.12/site-packages/airflow/example_dags/example_branch_operator.py for tasks to queue
[2024-05-24T00:34:02.569+0000] {logging_mixin.py:188} INFO - [2024-05-24T00:34:02.569+0000] {dagbag.py:545} INFO - Filling up the DagBag from /home/airflow/.local/lib/python3.12/site-packages/airflow/example_dags/example_branch_operator.py
[2024-05-24T00:34:02.575+0000] {processor.py:840} INFO - DAG(s) 'example_branch_operator' retrieved from /home/airflow/.local/lib/python3.12/site-packages/airflow/example_dags/example_branch_operator.py
[2024-05-24T00:34:02.589+0000] {logging_mixin.py:188} INFO - [2024-05-24T00:34:02.588+0000] {dag.py:3096} INFO - Sync 1 DAGs
[2024-05-24T00:34:02.603+0000] {logging_mixin.py:188} INFO - [2024-05-24T00:34:02.602+0000] {dag.py:3954} INFO - Setting next_dagrun for example_branch_operator to 2024-05-23 00:00:00+00:00, run_after=2024-05-24 00:00:00+00:00
[2024-05-24T00:34:02.613+0000] {processor.py:183} INFO - Processing /home/airflow/.local/lib/python3.12/site-packages/airflow/example_dags/example_branch_operator.py took 0.048 seconds
[2024-05-24T00:34:33.236+0000] {processor.py:161} INFO - Started process (PID=2454) to work on /home/airflow/.local/lib/python3.12/site-packages/airflow/example_dags/example_branch_operator.py
[2024-05-24T00:34:33.237+0000] {processor.py:830} INFO - Processing file /home/airflow/.local/lib/python3.12/site-packages/airflow/example_dags/example_branch_operator.py for tasks to queue
[2024-05-24T00:34:33.238+0000] {logging_mixin.py:188} INFO - [2024-05-24T00:34:33.238+0000] {dagbag.py:545} INFO - Filling up the DagBag from /home/airflow/.local/lib/python3.12/site-packages/airflow/example_dags/example_branch_operator.py
[2024-05-24T00:34:33.244+0000] {processor.py:840} INFO - DAG(s) 'example_branch_operator' retrieved from /home/airflow/.local/lib/python3.12/site-packages/airflow/example_dags/example_branch_operator.py
[2024-05-24T00:34:33.260+0000] {logging_mixin.py:188} INFO - [2024-05-24T00:34:33.260+0000] {dag.py:3096} INFO - Sync 1 DAGs
[2024-05-24T00:34:33.275+0000] {logging_mixin.py:188} INFO - [2024-05-24T00:34:33.275+0000] {dag.py:3954} INFO - Setting next_dagrun for example_branch_operator to 2024-05-23 00:00:00+00:00, run_after=2024-05-24 00:00:00+00:00
[2024-05-24T00:34:33.282+0000] {processor.py:183} INFO - Processing /home/airflow/.local/lib/python3.12/site-packages/airflow/example_dags/example_branch_operator.py took 0.049 seconds
[2024-05-24T00:35:03.923+0000] {processor.py:161} INFO - Started process (PID=2514) to work on /home/airflow/.local/lib/python3.12/site-packages/airflow/example_dags/example_branch_operator.py
[2024-05-24T00:35:03.924+0000] {processor.py:830} INFO - Processing file /home/airflow/.local/lib/python3.12/site-packages/airflow/example_dags/example_branch_operator.py for tasks to queue
[2024-05-24T00:35:03.925+0000] {logging_mixin.py:188} INFO - [2024-05-24T00:35:03.925+0000] {dagbag.py:545} INFO - Filling up the DagBag from /home/airflow/.local/lib/python3.12/site-packages/airflow/example_dags/example_branch_operator.py
[2024-05-24T00:35:03.933+0000] {processor.py:840} INFO - DAG(s) 'example_branch_operator' retrieved from /home/airflow/.local/lib/python3.12/site-packages/airflow/example_dags/example_branch_operator.py
[2024-05-24T00:35:03.948+0000] {logging_mixin.py:188} INFO - [2024-05-24T00:35:03.948+0000] {dag.py:3096} INFO - Sync 1 DAGs
[2024-05-24T00:35:03.960+0000] {logging_mixin.py:188} INFO - [2024-05-24T00:35:03.960+0000] {dag.py:3954} INFO - Setting next_dagrun for example_branch_operator to 2024-05-23 00:00:00+00:00, run_after=2024-05-24 00:00:00+00:00
[2024-05-24T00:35:03.967+0000] {processor.py:183} INFO - Processing /home/airflow/.local/lib/python3.12/site-packages/airflow/example_dags/example_branch_operator.py took 0.047 seconds
[2024-05-24T00:35:34.807+0000] {processor.py:161} INFO - Started process (PID=2574) to work on /home/airflow/.local/lib/python3.12/site-packages/airflow/example_dags/example_branch_operator.py
[2024-05-24T00:35:34.808+0000] {processor.py:830} INFO - Processing file /home/airflow/.local/lib/python3.12/site-packages/airflow/example_dags/example_branch_operator.py for tasks to queue
[2024-05-24T00:35:34.808+0000] {logging_mixin.py:188} INFO - [2024-05-24T00:35:34.808+0000] {dagbag.py:545} INFO - Filling up the DagBag from /home/airflow/.local/lib/python3.12/site-packages/airflow/example_dags/example_branch_operator.py
[2024-05-24T00:35:34.815+0000] {processor.py:840} INFO - DAG(s) 'example_branch_operator' retrieved from /home/airflow/.local/lib/python3.12/site-packages/airflow/example_dags/example_branch_operator.py
[2024-05-24T00:35:34.829+0000] {logging_mixin.py:188} INFO - [2024-05-24T00:35:34.829+0000] {dag.py:3096} INFO - Sync 1 DAGs
[2024-05-24T00:35:34.845+0000] {logging_mixin.py:188} INFO - [2024-05-24T00:35:34.845+0000] {dag.py:3954} INFO - Setting next_dagrun for example_branch_operator to 2024-05-23 00:00:00+00:00, run_after=2024-05-24 00:00:00+00:00
[2024-05-24T00:35:34.855+0000] {processor.py:183} INFO - Processing /home/airflow/.local/lib/python3.12/site-packages/airflow/example_dags/example_branch_operator.py took 0.052 seconds
[2024-05-24T00:36:05.314+0000] {processor.py:161} INFO - Started process (PID=2633) to work on /home/airflow/.local/lib/python3.12/site-packages/airflow/example_dags/example_branch_operator.py
[2024-05-24T00:36:05.314+0000] {processor.py:830} INFO - Processing file /home/airflow/.local/lib/python3.12/site-packages/airflow/example_dags/example_branch_operator.py for tasks to queue
[2024-05-24T00:36:05.315+0000] {logging_mixin.py:188} INFO - [2024-05-24T00:36:05.315+0000] {dagbag.py:545} INFO - Filling up the DagBag from /home/airflow/.local/lib/python3.12/site-packages/airflow/example_dags/example_branch_operator.py
[2024-05-24T00:36:05.322+0000] {processor.py:840} INFO - DAG(s) 'example_branch_operator' retrieved from /home/airflow/.local/lib/python3.12/site-packages/airflow/example_dags/example_branch_operator.py
[2024-05-24T00:36:05.334+0000] {logging_mixin.py:188} INFO - [2024-05-24T00:36:05.334+0000] {dag.py:3096} INFO - Sync 1 DAGs
[2024-05-24T00:36:05.342+0000] {logging_mixin.py:188} INFO - [2024-05-24T00:36:05.342+0000] {dag.py:3954} INFO - Setting next_dagrun for example_branch_operator to 2024-05-23 00:00:00+00:00, run_after=2024-05-24 00:00:00+00:00
[2024-05-24T00:36:05.349+0000] {processor.py:183} INFO - Processing /home/airflow/.local/lib/python3.12/site-packages/airflow/example_dags/example_branch_operator.py took 0.038 seconds
[2024-05-24T00:36:36.032+0000] {processor.py:161} INFO - Started process (PID=2692) to work on /home/airflow/.local/lib/python3.12/site-packages/airflow/example_dags/example_branch_operator.py
[2024-05-24T00:36:36.033+0000] {processor.py:830} INFO - Processing file /home/airflow/.local/lib/python3.12/site-packages/airflow/example_dags/example_branch_operator.py for tasks to queue
[2024-05-24T00:36:36.033+0000] {logging_mixin.py:188} INFO - [2024-05-24T00:36:36.033+0000] {dagbag.py:545} INFO - Filling up the DagBag from /home/airflow/.local/lib/python3.12/site-packages/airflow/example_dags/example_branch_operator.py
[2024-05-24T00:36:36.042+0000] {processor.py:840} INFO - DAG(s) 'example_branch_operator' retrieved from /home/airflow/.local/lib/python3.12/site-packages/airflow/example_dags/example_branch_operator.py
[2024-05-24T00:36:36.066+0000] {logging_mixin.py:188} INFO - [2024-05-24T00:36:36.066+0000] {dag.py:3096} INFO - Sync 1 DAGs
[2024-05-24T00:36:36.097+0000] {logging_mixin.py:188} INFO - [2024-05-24T00:36:36.097+0000] {dag.py:3954} INFO - Setting next_dagrun for example_branch_operator to 2024-05-23 00:00:00+00:00, run_after=2024-05-24 00:00:00+00:00
[2024-05-24T00:36:36.109+0000] {processor.py:183} INFO - Processing /home/airflow/.local/lib/python3.12/site-packages/airflow/example_dags/example_branch_operator.py took 0.080 seconds
[2024-05-24T00:37:06.814+0000] {processor.py:161} INFO - Started process (PID=2751) to work on /home/airflow/.local/lib/python3.12/site-packages/airflow/example_dags/example_branch_operator.py
[2024-05-24T00:37:06.814+0000] {processor.py:830} INFO - Processing file /home/airflow/.local/lib/python3.12/site-packages/airflow/example_dags/example_branch_operator.py for tasks to queue
[2024-05-24T00:37:06.814+0000] {logging_mixin.py:188} INFO - [2024-05-24T00:37:06.814+0000] {dagbag.py:545} INFO - Filling up the DagBag from /home/airflow/.local/lib/python3.12/site-packages/airflow/example_dags/example_branch_operator.py
[2024-05-24T00:37:06.824+0000] {processor.py:840} INFO - DAG(s) 'example_branch_operator' retrieved from /home/airflow/.local/lib/python3.12/site-packages/airflow/example_dags/example_branch_operator.py
[2024-05-24T00:37:06.845+0000] {logging_mixin.py:188} INFO - [2024-05-24T00:37:06.845+0000] {dag.py:3096} INFO - Sync 1 DAGs
[2024-05-24T00:37:06.859+0000] {logging_mixin.py:188} INFO - [2024-05-24T00:37:06.858+0000] {dag.py:3954} INFO - Setting next_dagrun for example_branch_operator to 2024-05-23 00:00:00+00:00, run_after=2024-05-24 00:00:00+00:00
[2024-05-24T00:37:06.868+0000] {processor.py:183} INFO - Processing /home/airflow/.local/lib/python3.12/site-packages/airflow/example_dags/example_branch_operator.py took 0.058 seconds
[2024-05-24T00:37:37.416+0000] {processor.py:161} INFO - Started process (PID=2810) to work on /home/airflow/.local/lib/python3.12/site-packages/airflow/example_dags/example_branch_operator.py
[2024-05-24T00:37:37.416+0000] {processor.py:830} INFO - Processing file /home/airflow/.local/lib/python3.12/site-packages/airflow/example_dags/example_branch_operator.py for tasks to queue
[2024-05-24T00:37:37.417+0000] {logging_mixin.py:188} INFO - [2024-05-24T00:37:37.416+0000] {dagbag.py:545} INFO - Filling up the DagBag from /home/airflow/.local/lib/python3.12/site-packages/airflow/example_dags/example_branch_operator.py
[2024-05-24T00:37:37.424+0000] {processor.py:840} INFO - DAG(s) 'example_branch_operator' retrieved from /home/airflow/.local/lib/python3.12/site-packages/airflow/example_dags/example_branch_operator.py
[2024-05-24T00:37:37.452+0000] {logging_mixin.py:188} INFO - [2024-05-24T00:37:37.451+0000] {dag.py:3096} INFO - Sync 1 DAGs
[2024-05-24T00:37:37.463+0000] {logging_mixin.py:188} INFO - [2024-05-24T00:37:37.463+0000] {dag.py:3954} INFO - Setting next_dagrun for example_branch_operator to 2024-05-23 00:00:00+00:00, run_after=2024-05-24 00:00:00+00:00
[2024-05-24T00:37:37.471+0000] {processor.py:183} INFO - Processing /home/airflow/.local/lib/python3.12/site-packages/airflow/example_dags/example_branch_operator.py took 0.058 seconds
[2024-05-24T00:38:08.071+0000] {processor.py:161} INFO - Started process (PID=2869) to work on /home/airflow/.local/lib/python3.12/site-packages/airflow/example_dags/example_branch_operator.py
[2024-05-24T00:38:08.072+0000] {processor.py:830} INFO - Processing file /home/airflow/.local/lib/python3.12/site-packages/airflow/example_dags/example_branch_operator.py for tasks to queue
[2024-05-24T00:38:08.072+0000] {logging_mixin.py:188} INFO - [2024-05-24T00:38:08.072+0000] {dagbag.py:545} INFO - Filling up the DagBag from /home/airflow/.local/lib/python3.12/site-packages/airflow/example_dags/example_branch_operator.py
[2024-05-24T00:38:08.078+0000] {processor.py:840} INFO - DAG(s) 'example_branch_operator' retrieved from /home/airflow/.local/lib/python3.12/site-packages/airflow/example_dags/example_branch_operator.py
[2024-05-24T00:38:08.097+0000] {logging_mixin.py:188} INFO - [2024-05-24T00:38:08.097+0000] {dag.py:3096} INFO - Sync 1 DAGs
[2024-05-24T00:38:08.107+0000] {logging_mixin.py:188} INFO - [2024-05-24T00:38:08.106+0000] {dag.py:3954} INFO - Setting next_dagrun for example_branch_operator to 2024-05-23 00:00:00+00:00, run_after=2024-05-24 00:00:00+00:00
[2024-05-24T00:38:08.113+0000] {processor.py:183} INFO - Processing /home/airflow/.local/lib/python3.12/site-packages/airflow/example_dags/example_branch_operator.py took 0.044 seconds
[2024-05-24T00:38:38.768+0000] {processor.py:161} INFO - Started process (PID=2929) to work on /home/airflow/.local/lib/python3.12/site-packages/airflow/example_dags/example_branch_operator.py
[2024-05-24T00:38:38.768+0000] {processor.py:830} INFO - Processing file /home/airflow/.local/lib/python3.12/site-packages/airflow/example_dags/example_branch_operator.py for tasks to queue
[2024-05-24T00:38:38.769+0000] {logging_mixin.py:188} INFO - [2024-05-24T00:38:38.769+0000] {dagbag.py:545} INFO - Filling up the DagBag from /home/airflow/.local/lib/python3.12/site-packages/airflow/example_dags/example_branch_operator.py
[2024-05-24T00:38:38.775+0000] {processor.py:840} INFO - DAG(s) 'example_branch_operator' retrieved from /home/airflow/.local/lib/python3.12/site-packages/airflow/example_dags/example_branch_operator.py
[2024-05-24T00:38:38.787+0000] {logging_mixin.py:188} INFO - [2024-05-24T00:38:38.787+0000] {dag.py:3096} INFO - Sync 1 DAGs
[2024-05-24T00:38:38.796+0000] {logging_mixin.py:188} INFO - [2024-05-24T00:38:38.796+0000] {dag.py:3954} INFO - Setting next_dagrun for example_branch_operator to 2024-05-23 00:00:00+00:00, run_after=2024-05-24 00:00:00+00:00
[2024-05-24T00:38:38.803+0000] {processor.py:183} INFO - Processing /home/airflow/.local/lib/python3.12/site-packages/airflow/example_dags/example_branch_operator.py took 0.037 seconds
[2024-05-24T00:39:09.328+0000] {processor.py:161} INFO - Started process (PID=2988) to work on /home/airflow/.local/lib/python3.12/site-packages/airflow/example_dags/example_branch_operator.py
[2024-05-24T00:39:09.329+0000] {processor.py:830} INFO - Processing file /home/airflow/.local/lib/python3.12/site-packages/airflow/example_dags/example_branch_operator.py for tasks to queue
[2024-05-24T00:39:09.329+0000] {logging_mixin.py:188} INFO - [2024-05-24T00:39:09.329+0000] {dagbag.py:545} INFO - Filling up the DagBag from /home/airflow/.local/lib/python3.12/site-packages/airflow/example_dags/example_branch_operator.py
[2024-05-24T00:39:09.336+0000] {processor.py:840} INFO - DAG(s) 'example_branch_operator' retrieved from /home/airflow/.local/lib/python3.12/site-packages/airflow/example_dags/example_branch_operator.py
[2024-05-24T00:39:09.342+0000] {logging_mixin.py:188} INFO - [2024-05-24T00:39:09.342+0000] {dag.py:3096} INFO - Sync 1 DAGs
[2024-05-24T00:39:09.363+0000] {logging_mixin.py:188} INFO - [2024-05-24T00:39:09.362+0000] {dag.py:3954} INFO - Setting next_dagrun for example_branch_operator to 2024-05-23 00:00:00+00:00, run_after=2024-05-24 00:00:00+00:00
[2024-05-24T00:39:09.374+0000] {processor.py:183} INFO - Processing /home/airflow/.local/lib/python3.12/site-packages/airflow/example_dags/example_branch_operator.py took 0.049 seconds
[2024-05-24T00:39:39.884+0000] {processor.py:161} INFO - Started process (PID=3047) to work on /home/airflow/.local/lib/python3.12/site-packages/airflow/example_dags/example_branch_operator.py
[2024-05-24T00:39:39.884+0000] {processor.py:830} INFO - Processing file /home/airflow/.local/lib/python3.12/site-packages/airflow/example_dags/example_branch_operator.py for tasks to queue
[2024-05-24T00:39:39.884+0000] {logging_mixin.py:188} INFO - [2024-05-24T00:39:39.884+0000] {dagbag.py:545} INFO - Filling up the DagBag from /home/airflow/.local/lib/python3.12/site-packages/airflow/example_dags/example_branch_operator.py
[2024-05-24T00:39:39.891+0000] {processor.py:840} INFO - DAG(s) 'example_branch_operator' retrieved from /home/airflow/.local/lib/python3.12/site-packages/airflow/example_dags/example_branch_operator.py
[2024-05-24T00:39:39.897+0000] {logging_mixin.py:188} INFO - [2024-05-24T00:39:39.897+0000] {dag.py:3096} INFO - Sync 1 DAGs
[2024-05-24T00:39:39.908+0000] {logging_mixin.py:188} INFO - [2024-05-24T00:39:39.908+0000] {dag.py:3954} INFO - Setting next_dagrun for example_branch_operator to 2024-05-23 00:00:00+00:00, run_after=2024-05-24 00:00:00+00:00
[2024-05-24T00:39:39.915+0000] {processor.py:183} INFO - Processing /home/airflow/.local/lib/python3.12/site-packages/airflow/example_dags/example_branch_operator.py took 0.033 seconds
[2024-05-24T00:40:10.161+0000] {processor.py:161} INFO - Started process (PID=3105) to work on /home/airflow/.local/lib/python3.12/site-packages/airflow/example_dags/example_branch_operator.py
[2024-05-24T00:40:10.162+0000] {processor.py:830} INFO - Processing file /home/airflow/.local/lib/python3.12/site-packages/airflow/example_dags/example_branch_operator.py for tasks to queue
[2024-05-24T00:40:10.163+0000] {logging_mixin.py:188} INFO - [2024-05-24T00:40:10.162+0000] {dagbag.py:545} INFO - Filling up the DagBag from /home/airflow/.local/lib/python3.12/site-packages/airflow/example_dags/example_branch_operator.py
[2024-05-24T00:40:10.173+0000] {processor.py:840} INFO - DAG(s) 'example_branch_operator' retrieved from /home/airflow/.local/lib/python3.12/site-packages/airflow/example_dags/example_branch_operator.py
[2024-05-24T00:40:10.221+0000] {logging_mixin.py:188} INFO - [2024-05-24T00:40:10.220+0000] {dag.py:3096} INFO - Sync 1 DAGs
[2024-05-24T00:40:10.229+0000] {logging_mixin.py:188} INFO - [2024-05-24T00:40:10.229+0000] {dag.py:3954} INFO - Setting next_dagrun for example_branch_operator to 2024-05-23 00:00:00+00:00, run_after=2024-05-24 00:00:00+00:00
[2024-05-24T00:40:10.237+0000] {processor.py:183} INFO - Processing /home/airflow/.local/lib/python3.12/site-packages/airflow/example_dags/example_branch_operator.py took 0.080 seconds
[2024-05-24T00:40:40.502+0000] {processor.py:161} INFO - Started process (PID=3163) to work on /home/airflow/.local/lib/python3.12/site-packages/airflow/example_dags/example_branch_operator.py
[2024-05-24T00:40:40.502+0000] {processor.py:830} INFO - Processing file /home/airflow/.local/lib/python3.12/site-packages/airflow/example_dags/example_branch_operator.py for tasks to queue
[2024-05-24T00:40:40.503+0000] {logging_mixin.py:188} INFO - [2024-05-24T00:40:40.503+0000] {dagbag.py:545} INFO - Filling up the DagBag from /home/airflow/.local/lib/python3.12/site-packages/airflow/example_dags/example_branch_operator.py
[2024-05-24T00:40:40.510+0000] {processor.py:840} INFO - DAG(s) 'example_branch_operator' retrieved from /home/airflow/.local/lib/python3.12/site-packages/airflow/example_dags/example_branch_operator.py
[2024-05-24T00:40:40.518+0000] {logging_mixin.py:188} INFO - [2024-05-24T00:40:40.518+0000] {dag.py:3096} INFO - Sync 1 DAGs
[2024-05-24T00:40:40.561+0000] {logging_mixin.py:188} INFO - [2024-05-24T00:40:40.560+0000] {dag.py:3954} INFO - Setting next_dagrun for example_branch_operator to 2024-05-23 00:00:00+00:00, run_after=2024-05-24 00:00:00+00:00
[2024-05-24T00:40:40.580+0000] {processor.py:183} INFO - Processing /home/airflow/.local/lib/python3.12/site-packages/airflow/example_dags/example_branch_operator.py took 0.081 seconds
