[2024-05-24T00:14:37.908+0000] {processor.py:161} INFO - Started process (PID=85) to work on /home/airflow/.local/lib/python3.12/site-packages/airflow/example_dags/example_sla_dag.py
[2024-05-24T00:14:37.908+0000] {processor.py:830} INFO - Processing file /home/airflow/.local/lib/python3.12/site-packages/airflow/example_dags/example_sla_dag.py for tasks to queue
[2024-05-24T00:14:37.909+0000] {logging_mixin.py:188} INFO - [2024-05-24T00:14:37.909+0000] {dagbag.py:545} INFO - Filling up the DagBag from /home/airflow/.local/lib/python3.12/site-packages/airflow/example_dags/example_sla_dag.py
[2024-05-24T00:14:37.913+0000] {processor.py:840} INFO - DAG(s) 'example_sla_dag' retrieved from /home/airflow/.local/lib/python3.12/site-packages/airflow/example_dags/example_sla_dag.py
[2024-05-24T00:14:37.920+0000] {logging_mixin.py:188} INFO - [2024-05-24T00:14:37.920+0000] {dag.py:3096} INFO - Sync 1 DAGs
[2024-05-24T00:14:37.934+0000] {logging_mixin.py:188} INFO - [2024-05-24T00:14:37.934+0000] {dag.py:3954} INFO - Setting next_dagrun for example_sla_dag to 2024-05-24 00:12:00+00:00, run_after=2024-05-24 00:14:00+00:00
[2024-05-24T00:14:37.945+0000] {processor.py:183} INFO - Processing /home/airflow/.local/lib/python3.12/site-packages/airflow/example_dags/example_sla_dag.py took 0.040 seconds
[2024-05-24T00:15:08.889+0000] {processor.py:161} INFO - Started process (PID=144) to work on /home/airflow/.local/lib/python3.12/site-packages/airflow/example_dags/example_sla_dag.py
[2024-05-24T00:15:08.890+0000] {processor.py:830} INFO - Processing file /home/airflow/.local/lib/python3.12/site-packages/airflow/example_dags/example_sla_dag.py for tasks to queue
[2024-05-24T00:15:08.890+0000] {logging_mixin.py:188} INFO - [2024-05-24T00:15:08.890+0000] {dagbag.py:545} INFO - Filling up the DagBag from /home/airflow/.local/lib/python3.12/site-packages/airflow/example_dags/example_sla_dag.py
[2024-05-24T00:15:08.894+0000] {processor.py:840} INFO - DAG(s) 'example_sla_dag' retrieved from /home/airflow/.local/lib/python3.12/site-packages/airflow/example_dags/example_sla_dag.py
[2024-05-24T00:15:08.938+0000] {logging_mixin.py:188} INFO - [2024-05-24T00:15:08.938+0000] {dag.py:3096} INFO - Sync 1 DAGs
[2024-05-24T00:15:08.948+0000] {logging_mixin.py:188} INFO - [2024-05-24T00:15:08.948+0000] {dag.py:3954} INFO - Setting next_dagrun for example_sla_dag to 2024-05-24 00:12:00+00:00, run_after=2024-05-24 00:14:00+00:00
[2024-05-24T00:15:08.956+0000] {processor.py:183} INFO - Processing /home/airflow/.local/lib/python3.12/site-packages/airflow/example_dags/example_sla_dag.py took 0.069 seconds
[2024-05-24T00:15:39.645+0000] {processor.py:161} INFO - Started process (PID=203) to work on /home/airflow/.local/lib/python3.12/site-packages/airflow/example_dags/example_sla_dag.py
[2024-05-24T00:15:39.646+0000] {processor.py:830} INFO - Processing file /home/airflow/.local/lib/python3.12/site-packages/airflow/example_dags/example_sla_dag.py for tasks to queue
[2024-05-24T00:15:39.646+0000] {logging_mixin.py:188} INFO - [2024-05-24T00:15:39.646+0000] {dagbag.py:545} INFO - Filling up the DagBag from /home/airflow/.local/lib/python3.12/site-packages/airflow/example_dags/example_sla_dag.py
[2024-05-24T00:15:39.649+0000] {processor.py:840} INFO - DAG(s) 'example_sla_dag' retrieved from /home/airflow/.local/lib/python3.12/site-packages/airflow/example_dags/example_sla_dag.py
[2024-05-24T00:15:39.660+0000] {logging_mixin.py:188} INFO - [2024-05-24T00:15:39.659+0000] {dag.py:3096} INFO - Sync 1 DAGs
[2024-05-24T00:15:39.675+0000] {logging_mixin.py:188} INFO - [2024-05-24T00:15:39.675+0000] {dag.py:3954} INFO - Setting next_dagrun for example_sla_dag to 2024-05-24 00:12:00+00:00, run_after=2024-05-24 00:14:00+00:00
[2024-05-24T00:15:39.683+0000] {processor.py:183} INFO - Processing /home/airflow/.local/lib/python3.12/site-packages/airflow/example_dags/example_sla_dag.py took 0.040 seconds
[2024-05-24T00:16:10.174+0000] {processor.py:161} INFO - Started process (PID=262) to work on /home/airflow/.local/lib/python3.12/site-packages/airflow/example_dags/example_sla_dag.py
[2024-05-24T00:16:10.174+0000] {processor.py:830} INFO - Processing file /home/airflow/.local/lib/python3.12/site-packages/airflow/example_dags/example_sla_dag.py for tasks to queue
[2024-05-24T00:16:10.175+0000] {logging_mixin.py:188} INFO - [2024-05-24T00:16:10.175+0000] {dagbag.py:545} INFO - Filling up the DagBag from /home/airflow/.local/lib/python3.12/site-packages/airflow/example_dags/example_sla_dag.py
[2024-05-24T00:16:10.178+0000] {processor.py:840} INFO - DAG(s) 'example_sla_dag' retrieved from /home/airflow/.local/lib/python3.12/site-packages/airflow/example_dags/example_sla_dag.py
[2024-05-24T00:16:10.187+0000] {logging_mixin.py:188} INFO - [2024-05-24T00:16:10.187+0000] {dag.py:3096} INFO - Sync 1 DAGs
[2024-05-24T00:16:10.196+0000] {logging_mixin.py:188} INFO - [2024-05-24T00:16:10.196+0000] {dag.py:3954} INFO - Setting next_dagrun for example_sla_dag to 2024-05-24 00:14:00+00:00, run_after=2024-05-24 00:16:00+00:00
[2024-05-24T00:16:10.203+0000] {processor.py:183} INFO - Processing /home/airflow/.local/lib/python3.12/site-packages/airflow/example_dags/example_sla_dag.py took 0.032 seconds
[2024-05-24T00:16:40.605+0000] {processor.py:161} INFO - Started process (PID=322) to work on /home/airflow/.local/lib/python3.12/site-packages/airflow/example_dags/example_sla_dag.py
[2024-05-24T00:16:40.606+0000] {processor.py:830} INFO - Processing file /home/airflow/.local/lib/python3.12/site-packages/airflow/example_dags/example_sla_dag.py for tasks to queue
[2024-05-24T00:16:40.608+0000] {logging_mixin.py:188} INFO - [2024-05-24T00:16:40.608+0000] {dagbag.py:545} INFO - Filling up the DagBag from /home/airflow/.local/lib/python3.12/site-packages/airflow/example_dags/example_sla_dag.py
[2024-05-24T00:16:40.617+0000] {processor.py:840} INFO - DAG(s) 'example_sla_dag' retrieved from /home/airflow/.local/lib/python3.12/site-packages/airflow/example_dags/example_sla_dag.py
[2024-05-24T00:16:40.630+0000] {logging_mixin.py:188} INFO - [2024-05-24T00:16:40.630+0000] {dag.py:3096} INFO - Sync 1 DAGs
[2024-05-24T00:16:40.648+0000] {logging_mixin.py:188} INFO - [2024-05-24T00:16:40.648+0000] {dag.py:3954} INFO - Setting next_dagrun for example_sla_dag to 2024-05-24 00:14:00+00:00, run_after=2024-05-24 00:16:00+00:00
[2024-05-24T00:16:40.658+0000] {processor.py:183} INFO - Processing /home/airflow/.local/lib/python3.12/site-packages/airflow/example_dags/example_sla_dag.py took 0.059 seconds
[2024-05-24T00:17:11.021+0000] {processor.py:161} INFO - Started process (PID=381) to work on /home/airflow/.local/lib/python3.12/site-packages/airflow/example_dags/example_sla_dag.py
[2024-05-24T00:17:11.021+0000] {processor.py:830} INFO - Processing file /home/airflow/.local/lib/python3.12/site-packages/airflow/example_dags/example_sla_dag.py for tasks to queue
[2024-05-24T00:17:11.022+0000] {logging_mixin.py:188} INFO - [2024-05-24T00:17:11.022+0000] {dagbag.py:545} INFO - Filling up the DagBag from /home/airflow/.local/lib/python3.12/site-packages/airflow/example_dags/example_sla_dag.py
[2024-05-24T00:17:11.025+0000] {processor.py:840} INFO - DAG(s) 'example_sla_dag' retrieved from /home/airflow/.local/lib/python3.12/site-packages/airflow/example_dags/example_sla_dag.py
[2024-05-24T00:17:11.034+0000] {logging_mixin.py:188} INFO - [2024-05-24T00:17:11.034+0000] {dag.py:3096} INFO - Sync 1 DAGs
[2024-05-24T00:17:11.046+0000] {logging_mixin.py:188} INFO - [2024-05-24T00:17:11.046+0000] {dag.py:3954} INFO - Setting next_dagrun for example_sla_dag to 2024-05-24 00:14:00+00:00, run_after=2024-05-24 00:16:00+00:00
[2024-05-24T00:17:11.055+0000] {processor.py:183} INFO - Processing /home/airflow/.local/lib/python3.12/site-packages/airflow/example_dags/example_sla_dag.py took 0.037 seconds
[2024-05-24T00:17:41.530+0000] {processor.py:161} INFO - Started process (PID=440) to work on /home/airflow/.local/lib/python3.12/site-packages/airflow/example_dags/example_sla_dag.py
[2024-05-24T00:17:41.530+0000] {processor.py:830} INFO - Processing file /home/airflow/.local/lib/python3.12/site-packages/airflow/example_dags/example_sla_dag.py for tasks to queue
[2024-05-24T00:17:41.531+0000] {logging_mixin.py:188} INFO - [2024-05-24T00:17:41.530+0000] {dagbag.py:545} INFO - Filling up the DagBag from /home/airflow/.local/lib/python3.12/site-packages/airflow/example_dags/example_sla_dag.py
[2024-05-24T00:17:41.534+0000] {processor.py:840} INFO - DAG(s) 'example_sla_dag' retrieved from /home/airflow/.local/lib/python3.12/site-packages/airflow/example_dags/example_sla_dag.py
[2024-05-24T00:17:41.545+0000] {logging_mixin.py:188} INFO - [2024-05-24T00:17:41.545+0000] {dag.py:3096} INFO - Sync 1 DAGs
[2024-05-24T00:17:41.562+0000] {logging_mixin.py:188} INFO - [2024-05-24T00:17:41.561+0000] {dag.py:3954} INFO - Setting next_dagrun for example_sla_dag to 2024-05-24 00:14:00+00:00, run_after=2024-05-24 00:16:00+00:00
[2024-05-24T00:17:41.570+0000] {processor.py:183} INFO - Processing /home/airflow/.local/lib/python3.12/site-packages/airflow/example_dags/example_sla_dag.py took 0.043 seconds
[2024-05-24T00:18:12.173+0000] {processor.py:161} INFO - Started process (PID=500) to work on /home/airflow/.local/lib/python3.12/site-packages/airflow/example_dags/example_sla_dag.py
[2024-05-24T00:18:12.173+0000] {processor.py:830} INFO - Processing file /home/airflow/.local/lib/python3.12/site-packages/airflow/example_dags/example_sla_dag.py for tasks to queue
[2024-05-24T00:18:12.174+0000] {logging_mixin.py:188} INFO - [2024-05-24T00:18:12.174+0000] {dagbag.py:545} INFO - Filling up the DagBag from /home/airflow/.local/lib/python3.12/site-packages/airflow/example_dags/example_sla_dag.py
[2024-05-24T00:18:12.178+0000] {processor.py:840} INFO - DAG(s) 'example_sla_dag' retrieved from /home/airflow/.local/lib/python3.12/site-packages/airflow/example_dags/example_sla_dag.py
[2024-05-24T00:18:12.189+0000] {logging_mixin.py:188} INFO - [2024-05-24T00:18:12.188+0000] {dag.py:3096} INFO - Sync 1 DAGs
[2024-05-24T00:18:12.199+0000] {logging_mixin.py:188} INFO - [2024-05-24T00:18:12.199+0000] {dag.py:3954} INFO - Setting next_dagrun for example_sla_dag to 2024-05-24 00:16:00+00:00, run_after=2024-05-24 00:18:00+00:00
[2024-05-24T00:18:12.205+0000] {processor.py:183} INFO - Processing /home/airflow/.local/lib/python3.12/site-packages/airflow/example_dags/example_sla_dag.py took 0.035 seconds
[2024-05-24T00:18:42.929+0000] {processor.py:161} INFO - Started process (PID=566) to work on /home/airflow/.local/lib/python3.12/site-packages/airflow/example_dags/example_sla_dag.py
[2024-05-24T00:18:42.929+0000] {processor.py:830} INFO - Processing file /home/airflow/.local/lib/python3.12/site-packages/airflow/example_dags/example_sla_dag.py for tasks to queue
[2024-05-24T00:18:42.930+0000] {logging_mixin.py:188} INFO - [2024-05-24T00:18:42.930+0000] {dagbag.py:545} INFO - Filling up the DagBag from /home/airflow/.local/lib/python3.12/site-packages/airflow/example_dags/example_sla_dag.py
[2024-05-24T00:18:42.936+0000] {processor.py:840} INFO - DAG(s) 'example_sla_dag' retrieved from /home/airflow/.local/lib/python3.12/site-packages/airflow/example_dags/example_sla_dag.py
[2024-05-24T00:18:42.945+0000] {logging_mixin.py:188} INFO - [2024-05-24T00:18:42.945+0000] {dag.py:3096} INFO - Sync 1 DAGs
[2024-05-24T00:18:42.957+0000] {logging_mixin.py:188} INFO - [2024-05-24T00:18:42.957+0000] {dag.py:3954} INFO - Setting next_dagrun for example_sla_dag to 2024-05-24 00:16:00+00:00, run_after=2024-05-24 00:18:00+00:00
[2024-05-24T00:18:42.966+0000] {processor.py:183} INFO - Processing /home/airflow/.local/lib/python3.12/site-packages/airflow/example_dags/example_sla_dag.py took 0.041 seconds
[2024-05-24T00:19:13.691+0000] {processor.py:161} INFO - Started process (PID=626) to work on /home/airflow/.local/lib/python3.12/site-packages/airflow/example_dags/example_sla_dag.py
[2024-05-24T00:19:13.691+0000] {processor.py:830} INFO - Processing file /home/airflow/.local/lib/python3.12/site-packages/airflow/example_dags/example_sla_dag.py for tasks to queue
[2024-05-24T00:19:13.692+0000] {logging_mixin.py:188} INFO - [2024-05-24T00:19:13.692+0000] {dagbag.py:545} INFO - Filling up the DagBag from /home/airflow/.local/lib/python3.12/site-packages/airflow/example_dags/example_sla_dag.py
[2024-05-24T00:19:13.695+0000] {processor.py:840} INFO - DAG(s) 'example_sla_dag' retrieved from /home/airflow/.local/lib/python3.12/site-packages/airflow/example_dags/example_sla_dag.py
[2024-05-24T00:19:13.705+0000] {logging_mixin.py:188} INFO - [2024-05-24T00:19:13.705+0000] {dag.py:3096} INFO - Sync 1 DAGs
[2024-05-24T00:19:13.720+0000] {logging_mixin.py:188} INFO - [2024-05-24T00:19:13.720+0000] {dag.py:3954} INFO - Setting next_dagrun for example_sla_dag to 2024-05-24 00:16:00+00:00, run_after=2024-05-24 00:18:00+00:00
[2024-05-24T00:19:13.730+0000] {processor.py:183} INFO - Processing /home/airflow/.local/lib/python3.12/site-packages/airflow/example_dags/example_sla_dag.py took 0.042 seconds
[2024-05-24T00:19:44.430+0000] {processor.py:161} INFO - Started process (PID=686) to work on /home/airflow/.local/lib/python3.12/site-packages/airflow/example_dags/example_sla_dag.py
[2024-05-24T00:19:44.431+0000] {processor.py:830} INFO - Processing file /home/airflow/.local/lib/python3.12/site-packages/airflow/example_dags/example_sla_dag.py for tasks to queue
[2024-05-24T00:19:44.432+0000] {logging_mixin.py:188} INFO - [2024-05-24T00:19:44.431+0000] {dagbag.py:545} INFO - Filling up the DagBag from /home/airflow/.local/lib/python3.12/site-packages/airflow/example_dags/example_sla_dag.py
[2024-05-24T00:19:44.435+0000] {processor.py:840} INFO - DAG(s) 'example_sla_dag' retrieved from /home/airflow/.local/lib/python3.12/site-packages/airflow/example_dags/example_sla_dag.py
[2024-05-24T00:19:44.444+0000] {logging_mixin.py:188} INFO - [2024-05-24T00:19:44.444+0000] {dag.py:3096} INFO - Sync 1 DAGs
[2024-05-24T00:19:44.453+0000] {logging_mixin.py:188} INFO - [2024-05-24T00:19:44.453+0000] {dag.py:3954} INFO - Setting next_dagrun for example_sla_dag to 2024-05-24 00:16:00+00:00, run_after=2024-05-24 00:18:00+00:00
[2024-05-24T00:19:44.460+0000] {processor.py:183} INFO - Processing /home/airflow/.local/lib/python3.12/site-packages/airflow/example_dags/example_sla_dag.py took 0.034 seconds
[2024-05-24T00:20:15.089+0000] {processor.py:161} INFO - Started process (PID=745) to work on /home/airflow/.local/lib/python3.12/site-packages/airflow/example_dags/example_sla_dag.py
[2024-05-24T00:20:15.089+0000] {processor.py:830} INFO - Processing file /home/airflow/.local/lib/python3.12/site-packages/airflow/example_dags/example_sla_dag.py for tasks to queue
[2024-05-24T00:20:15.090+0000] {logging_mixin.py:188} INFO - [2024-05-24T00:20:15.090+0000] {dagbag.py:545} INFO - Filling up the DagBag from /home/airflow/.local/lib/python3.12/site-packages/airflow/example_dags/example_sla_dag.py
[2024-05-24T00:20:15.093+0000] {processor.py:840} INFO - DAG(s) 'example_sla_dag' retrieved from /home/airflow/.local/lib/python3.12/site-packages/airflow/example_dags/example_sla_dag.py
[2024-05-24T00:20:15.100+0000] {logging_mixin.py:188} INFO - [2024-05-24T00:20:15.100+0000] {dag.py:3096} INFO - Sync 1 DAGs
[2024-05-24T00:20:15.109+0000] {logging_mixin.py:188} INFO - [2024-05-24T00:20:15.109+0000] {dag.py:3954} INFO - Setting next_dagrun for example_sla_dag to 2024-05-24 00:18:00+00:00, run_after=2024-05-24 00:20:00+00:00
[2024-05-24T00:20:15.116+0000] {processor.py:183} INFO - Processing /home/airflow/.local/lib/python3.12/site-packages/airflow/example_dags/example_sla_dag.py took 0.029 seconds
[2024-05-24T00:20:45.809+0000] {processor.py:161} INFO - Started process (PID=805) to work on /home/airflow/.local/lib/python3.12/site-packages/airflow/example_dags/example_sla_dag.py
[2024-05-24T00:20:45.809+0000] {processor.py:830} INFO - Processing file /home/airflow/.local/lib/python3.12/site-packages/airflow/example_dags/example_sla_dag.py for tasks to queue
[2024-05-24T00:20:45.810+0000] {logging_mixin.py:188} INFO - [2024-05-24T00:20:45.810+0000] {dagbag.py:545} INFO - Filling up the DagBag from /home/airflow/.local/lib/python3.12/site-packages/airflow/example_dags/example_sla_dag.py
[2024-05-24T00:20:45.813+0000] {processor.py:840} INFO - DAG(s) 'example_sla_dag' retrieved from /home/airflow/.local/lib/python3.12/site-packages/airflow/example_dags/example_sla_dag.py
[2024-05-24T00:20:45.821+0000] {logging_mixin.py:188} INFO - [2024-05-24T00:20:45.821+0000] {dag.py:3096} INFO - Sync 1 DAGs
[2024-05-24T00:20:45.831+0000] {logging_mixin.py:188} INFO - [2024-05-24T00:20:45.831+0000] {dag.py:3954} INFO - Setting next_dagrun for example_sla_dag to 2024-05-24 00:18:00+00:00, run_after=2024-05-24 00:20:00+00:00
[2024-05-24T00:20:45.838+0000] {processor.py:183} INFO - Processing /home/airflow/.local/lib/python3.12/site-packages/airflow/example_dags/example_sla_dag.py took 0.032 seconds
[2024-05-24T00:21:16.396+0000] {processor.py:161} INFO - Started process (PID=882) to work on /home/airflow/.local/lib/python3.12/site-packages/airflow/example_dags/example_sla_dag.py
[2024-05-24T00:21:16.396+0000] {processor.py:830} INFO - Processing file /home/airflow/.local/lib/python3.12/site-packages/airflow/example_dags/example_sla_dag.py for tasks to queue
[2024-05-24T00:21:16.397+0000] {logging_mixin.py:188} INFO - [2024-05-24T00:21:16.397+0000] {dagbag.py:545} INFO - Filling up the DagBag from /home/airflow/.local/lib/python3.12/site-packages/airflow/example_dags/example_sla_dag.py
[2024-05-24T00:21:16.402+0000] {processor.py:840} INFO - DAG(s) 'example_sla_dag' retrieved from /home/airflow/.local/lib/python3.12/site-packages/airflow/example_dags/example_sla_dag.py
[2024-05-24T00:21:16.413+0000] {logging_mixin.py:188} INFO - [2024-05-24T00:21:16.413+0000] {dag.py:3096} INFO - Sync 1 DAGs
[2024-05-24T00:21:16.428+0000] {logging_mixin.py:188} INFO - [2024-05-24T00:21:16.428+0000] {dag.py:3954} INFO - Setting next_dagrun for example_sla_dag to 2024-05-24 00:18:00+00:00, run_after=2024-05-24 00:20:00+00:00
[2024-05-24T00:21:16.438+0000] {processor.py:183} INFO - Processing /home/airflow/.local/lib/python3.12/site-packages/airflow/example_dags/example_sla_dag.py took 0.046 seconds
[2024-05-24T00:21:47.114+0000] {processor.py:161} INFO - Started process (PID=960) to work on /home/airflow/.local/lib/python3.12/site-packages/airflow/example_dags/example_sla_dag.py
[2024-05-24T00:21:47.114+0000] {processor.py:830} INFO - Processing file /home/airflow/.local/lib/python3.12/site-packages/airflow/example_dags/example_sla_dag.py for tasks to queue
[2024-05-24T00:21:47.115+0000] {logging_mixin.py:188} INFO - [2024-05-24T00:21:47.115+0000] {dagbag.py:545} INFO - Filling up the DagBag from /home/airflow/.local/lib/python3.12/site-packages/airflow/example_dags/example_sla_dag.py
[2024-05-24T00:21:47.119+0000] {processor.py:840} INFO - DAG(s) 'example_sla_dag' retrieved from /home/airflow/.local/lib/python3.12/site-packages/airflow/example_dags/example_sla_dag.py
[2024-05-24T00:21:47.129+0000] {logging_mixin.py:188} INFO - [2024-05-24T00:21:47.129+0000] {dag.py:3096} INFO - Sync 1 DAGs
[2024-05-24T00:21:47.146+0000] {logging_mixin.py:188} INFO - [2024-05-24T00:21:47.145+0000] {dag.py:3954} INFO - Setting next_dagrun for example_sla_dag to 2024-05-24 00:18:00+00:00, run_after=2024-05-24 00:20:00+00:00
[2024-05-24T00:21:47.155+0000] {processor.py:183} INFO - Processing /home/airflow/.local/lib/python3.12/site-packages/airflow/example_dags/example_sla_dag.py took 0.045 seconds
[2024-05-24T00:22:17.878+0000] {processor.py:161} INFO - Started process (PID=1020) to work on /home/airflow/.local/lib/python3.12/site-packages/airflow/example_dags/example_sla_dag.py
[2024-05-24T00:22:17.878+0000] {processor.py:830} INFO - Processing file /home/airflow/.local/lib/python3.12/site-packages/airflow/example_dags/example_sla_dag.py for tasks to queue
[2024-05-24T00:22:17.879+0000] {logging_mixin.py:188} INFO - [2024-05-24T00:22:17.879+0000] {dagbag.py:545} INFO - Filling up the DagBag from /home/airflow/.local/lib/python3.12/site-packages/airflow/example_dags/example_sla_dag.py
[2024-05-24T00:22:17.884+0000] {processor.py:840} INFO - DAG(s) 'example_sla_dag' retrieved from /home/airflow/.local/lib/python3.12/site-packages/airflow/example_dags/example_sla_dag.py
[2024-05-24T00:22:17.911+0000] {logging_mixin.py:188} INFO - [2024-05-24T00:22:17.910+0000] {dag.py:3096} INFO - Sync 1 DAGs
[2024-05-24T00:22:17.928+0000] {logging_mixin.py:188} INFO - [2024-05-24T00:22:17.928+0000] {dag.py:3954} INFO - Setting next_dagrun for example_sla_dag to 2024-05-24 00:20:00+00:00, run_after=2024-05-24 00:22:00+00:00
[2024-05-24T00:22:17.935+0000] {processor.py:183} INFO - Processing /home/airflow/.local/lib/python3.12/site-packages/airflow/example_dags/example_sla_dag.py took 0.063 seconds
[2024-05-24T00:22:47.976+0000] {processor.py:161} INFO - Started process (PID=1098) to work on /home/airflow/.local/lib/python3.12/site-packages/airflow/example_dags/example_sla_dag.py
[2024-05-24T00:22:47.976+0000] {processor.py:830} INFO - Processing file /home/airflow/.local/lib/python3.12/site-packages/airflow/example_dags/example_sla_dag.py for tasks to queue
[2024-05-24T00:22:47.977+0000] {logging_mixin.py:188} INFO - [2024-05-24T00:22:47.977+0000] {dagbag.py:545} INFO - Filling up the DagBag from /home/airflow/.local/lib/python3.12/site-packages/airflow/example_dags/example_sla_dag.py
[2024-05-24T00:22:47.980+0000] {processor.py:840} INFO - DAG(s) 'example_sla_dag' retrieved from /home/airflow/.local/lib/python3.12/site-packages/airflow/example_dags/example_sla_dag.py
[2024-05-24T00:22:47.992+0000] {logging_mixin.py:188} INFO - [2024-05-24T00:22:47.992+0000] {dag.py:3096} INFO - Sync 1 DAGs
[2024-05-24T00:22:48.003+0000] {logging_mixin.py:188} INFO - [2024-05-24T00:22:48.003+0000] {dag.py:3954} INFO - Setting next_dagrun for example_sla_dag to 2024-05-24 00:20:00+00:00, run_after=2024-05-24 00:22:00+00:00
[2024-05-24T00:22:48.009+0000] {processor.py:183} INFO - Processing /home/airflow/.local/lib/python3.12/site-packages/airflow/example_dags/example_sla_dag.py took 0.036 seconds
[2024-05-24T00:23:18.774+0000] {processor.py:161} INFO - Started process (PID=1158) to work on /home/airflow/.local/lib/python3.12/site-packages/airflow/example_dags/example_sla_dag.py
[2024-05-24T00:23:18.775+0000] {processor.py:830} INFO - Processing file /home/airflow/.local/lib/python3.12/site-packages/airflow/example_dags/example_sla_dag.py for tasks to queue
[2024-05-24T00:23:18.776+0000] {logging_mixin.py:188} INFO - [2024-05-24T00:23:18.776+0000] {dagbag.py:545} INFO - Filling up the DagBag from /home/airflow/.local/lib/python3.12/site-packages/airflow/example_dags/example_sla_dag.py
[2024-05-24T00:23:18.780+0000] {processor.py:840} INFO - DAG(s) 'example_sla_dag' retrieved from /home/airflow/.local/lib/python3.12/site-packages/airflow/example_dags/example_sla_dag.py
[2024-05-24T00:23:18.792+0000] {logging_mixin.py:188} INFO - [2024-05-24T00:23:18.792+0000] {dag.py:3096} INFO - Sync 1 DAGs
[2024-05-24T00:23:18.802+0000] {logging_mixin.py:188} INFO - [2024-05-24T00:23:18.802+0000] {dag.py:3954} INFO - Setting next_dagrun for example_sla_dag to 2024-05-24 00:20:00+00:00, run_after=2024-05-24 00:22:00+00:00
[2024-05-24T00:23:18.810+0000] {processor.py:183} INFO - Processing /home/airflow/.local/lib/python3.12/site-packages/airflow/example_dags/example_sla_dag.py took 0.039 seconds
[2024-05-24T00:23:49.559+0000] {processor.py:161} INFO - Started process (PID=1218) to work on /home/airflow/.local/lib/python3.12/site-packages/airflow/example_dags/example_sla_dag.py
[2024-05-24T00:23:49.559+0000] {processor.py:830} INFO - Processing file /home/airflow/.local/lib/python3.12/site-packages/airflow/example_dags/example_sla_dag.py for tasks to queue
[2024-05-24T00:23:49.560+0000] {logging_mixin.py:188} INFO - [2024-05-24T00:23:49.560+0000] {dagbag.py:545} INFO - Filling up the DagBag from /home/airflow/.local/lib/python3.12/site-packages/airflow/example_dags/example_sla_dag.py
[2024-05-24T00:23:49.564+0000] {processor.py:840} INFO - DAG(s) 'example_sla_dag' retrieved from /home/airflow/.local/lib/python3.12/site-packages/airflow/example_dags/example_sla_dag.py
[2024-05-24T00:23:49.572+0000] {logging_mixin.py:188} INFO - [2024-05-24T00:23:49.572+0000] {dag.py:3096} INFO - Sync 1 DAGs
[2024-05-24T00:23:49.582+0000] {logging_mixin.py:188} INFO - [2024-05-24T00:23:49.582+0000] {dag.py:3954} INFO - Setting next_dagrun for example_sla_dag to 2024-05-24 00:20:00+00:00, run_after=2024-05-24 00:22:00+00:00
[2024-05-24T00:23:49.589+0000] {processor.py:183} INFO - Processing /home/airflow/.local/lib/python3.12/site-packages/airflow/example_dags/example_sla_dag.py took 0.034 seconds
[2024-05-24T00:24:20.340+0000] {processor.py:161} INFO - Started process (PID=1278) to work on /home/airflow/.local/lib/python3.12/site-packages/airflow/example_dags/example_sla_dag.py
[2024-05-24T00:24:20.341+0000] {processor.py:830} INFO - Processing file /home/airflow/.local/lib/python3.12/site-packages/airflow/example_dags/example_sla_dag.py for tasks to queue
[2024-05-24T00:24:20.341+0000] {logging_mixin.py:188} INFO - [2024-05-24T00:24:20.341+0000] {dagbag.py:545} INFO - Filling up the DagBag from /home/airflow/.local/lib/python3.12/site-packages/airflow/example_dags/example_sla_dag.py
[2024-05-24T00:24:20.345+0000] {processor.py:840} INFO - DAG(s) 'example_sla_dag' retrieved from /home/airflow/.local/lib/python3.12/site-packages/airflow/example_dags/example_sla_dag.py
[2024-05-24T00:24:20.355+0000] {logging_mixin.py:188} INFO - [2024-05-24T00:24:20.355+0000] {dag.py:3096} INFO - Sync 1 DAGs
[2024-05-24T00:24:20.366+0000] {logging_mixin.py:188} INFO - [2024-05-24T00:24:20.366+0000] {dag.py:3954} INFO - Setting next_dagrun for example_sla_dag to 2024-05-24 00:22:00+00:00, run_after=2024-05-24 00:24:00+00:00
[2024-05-24T00:24:20.373+0000] {processor.py:183} INFO - Processing /home/airflow/.local/lib/python3.12/site-packages/airflow/example_dags/example_sla_dag.py took 0.035 seconds
[2024-05-24T00:24:51.110+0000] {processor.py:161} INFO - Started process (PID=1338) to work on /home/airflow/.local/lib/python3.12/site-packages/airflow/example_dags/example_sla_dag.py
[2024-05-24T00:24:51.111+0000] {processor.py:830} INFO - Processing file /home/airflow/.local/lib/python3.12/site-packages/airflow/example_dags/example_sla_dag.py for tasks to queue
[2024-05-24T00:24:51.112+0000] {logging_mixin.py:188} INFO - [2024-05-24T00:24:51.112+0000] {dagbag.py:545} INFO - Filling up the DagBag from /home/airflow/.local/lib/python3.12/site-packages/airflow/example_dags/example_sla_dag.py
[2024-05-24T00:24:51.118+0000] {processor.py:840} INFO - DAG(s) 'example_sla_dag' retrieved from /home/airflow/.local/lib/python3.12/site-packages/airflow/example_dags/example_sla_dag.py
[2024-05-24T00:24:51.129+0000] {logging_mixin.py:188} INFO - [2024-05-24T00:24:51.129+0000] {dag.py:3096} INFO - Sync 1 DAGs
[2024-05-24T00:24:51.140+0000] {logging_mixin.py:188} INFO - [2024-05-24T00:24:51.140+0000] {dag.py:3954} INFO - Setting next_dagrun for example_sla_dag to 2024-05-24 00:22:00+00:00, run_after=2024-05-24 00:24:00+00:00
[2024-05-24T00:24:51.146+0000] {processor.py:183} INFO - Processing /home/airflow/.local/lib/python3.12/site-packages/airflow/example_dags/example_sla_dag.py took 0.039 seconds
[2024-05-24T00:25:21.805+0000] {processor.py:161} INFO - Started process (PID=1398) to work on /home/airflow/.local/lib/python3.12/site-packages/airflow/example_dags/example_sla_dag.py
[2024-05-24T00:25:21.806+0000] {processor.py:830} INFO - Processing file /home/airflow/.local/lib/python3.12/site-packages/airflow/example_dags/example_sla_dag.py for tasks to queue
[2024-05-24T00:25:21.807+0000] {logging_mixin.py:188} INFO - [2024-05-24T00:25:21.806+0000] {dagbag.py:545} INFO - Filling up the DagBag from /home/airflow/.local/lib/python3.12/site-packages/airflow/example_dags/example_sla_dag.py
[2024-05-24T00:25:21.810+0000] {processor.py:840} INFO - DAG(s) 'example_sla_dag' retrieved from /home/airflow/.local/lib/python3.12/site-packages/airflow/example_dags/example_sla_dag.py
[2024-05-24T00:25:21.820+0000] {logging_mixin.py:188} INFO - [2024-05-24T00:25:21.820+0000] {dag.py:3096} INFO - Sync 1 DAGs
[2024-05-24T00:25:21.835+0000] {logging_mixin.py:188} INFO - [2024-05-24T00:25:21.834+0000] {dag.py:3954} INFO - Setting next_dagrun for example_sla_dag to 2024-05-24 00:22:00+00:00, run_after=2024-05-24 00:24:00+00:00
[2024-05-24T00:25:21.844+0000] {processor.py:183} INFO - Processing /home/airflow/.local/lib/python3.12/site-packages/airflow/example_dags/example_sla_dag.py took 0.042 seconds
[2024-05-24T00:25:52.440+0000] {processor.py:161} INFO - Started process (PID=1458) to work on /home/airflow/.local/lib/python3.12/site-packages/airflow/example_dags/example_sla_dag.py
[2024-05-24T00:25:52.440+0000] {processor.py:830} INFO - Processing file /home/airflow/.local/lib/python3.12/site-packages/airflow/example_dags/example_sla_dag.py for tasks to queue
[2024-05-24T00:25:52.441+0000] {logging_mixin.py:188} INFO - [2024-05-24T00:25:52.441+0000] {dagbag.py:545} INFO - Filling up the DagBag from /home/airflow/.local/lib/python3.12/site-packages/airflow/example_dags/example_sla_dag.py
[2024-05-24T00:25:52.444+0000] {processor.py:840} INFO - DAG(s) 'example_sla_dag' retrieved from /home/airflow/.local/lib/python3.12/site-packages/airflow/example_dags/example_sla_dag.py
[2024-05-24T00:25:52.452+0000] {logging_mixin.py:188} INFO - [2024-05-24T00:25:52.452+0000] {dag.py:3096} INFO - Sync 1 DAGs
[2024-05-24T00:25:52.461+0000] {logging_mixin.py:188} INFO - [2024-05-24T00:25:52.461+0000] {dag.py:3954} INFO - Setting next_dagrun for example_sla_dag to 2024-05-24 00:22:00+00:00, run_after=2024-05-24 00:24:00+00:00
[2024-05-24T00:25:52.470+0000] {processor.py:183} INFO - Processing /home/airflow/.local/lib/python3.12/site-packages/airflow/example_dags/example_sla_dag.py took 0.032 seconds
[2024-05-24T00:26:23.096+0000] {processor.py:161} INFO - Started process (PID=1518) to work on /home/airflow/.local/lib/python3.12/site-packages/airflow/example_dags/example_sla_dag.py
[2024-05-24T00:26:23.096+0000] {processor.py:830} INFO - Processing file /home/airflow/.local/lib/python3.12/site-packages/airflow/example_dags/example_sla_dag.py for tasks to queue
[2024-05-24T00:26:23.097+0000] {logging_mixin.py:188} INFO - [2024-05-24T00:26:23.097+0000] {dagbag.py:545} INFO - Filling up the DagBag from /home/airflow/.local/lib/python3.12/site-packages/airflow/example_dags/example_sla_dag.py
[2024-05-24T00:26:23.100+0000] {processor.py:840} INFO - DAG(s) 'example_sla_dag' retrieved from /home/airflow/.local/lib/python3.12/site-packages/airflow/example_dags/example_sla_dag.py
[2024-05-24T00:26:23.111+0000] {logging_mixin.py:188} INFO - [2024-05-24T00:26:23.111+0000] {dag.py:3096} INFO - Sync 1 DAGs
[2024-05-24T00:26:23.122+0000] {logging_mixin.py:188} INFO - [2024-05-24T00:26:23.122+0000] {dag.py:3954} INFO - Setting next_dagrun for example_sla_dag to 2024-05-24 00:24:00+00:00, run_after=2024-05-24 00:26:00+00:00
[2024-05-24T00:26:23.129+0000] {processor.py:183} INFO - Processing /home/airflow/.local/lib/python3.12/site-packages/airflow/example_dags/example_sla_dag.py took 0.036 seconds
[2024-05-24T00:26:53.905+0000] {processor.py:161} INFO - Started process (PID=1579) to work on /home/airflow/.local/lib/python3.12/site-packages/airflow/example_dags/example_sla_dag.py
[2024-05-24T00:26:53.905+0000] {processor.py:830} INFO - Processing file /home/airflow/.local/lib/python3.12/site-packages/airflow/example_dags/example_sla_dag.py for tasks to queue
[2024-05-24T00:26:53.906+0000] {logging_mixin.py:188} INFO - [2024-05-24T00:26:53.906+0000] {dagbag.py:545} INFO - Filling up the DagBag from /home/airflow/.local/lib/python3.12/site-packages/airflow/example_dags/example_sla_dag.py
[2024-05-24T00:26:53.911+0000] {processor.py:840} INFO - DAG(s) 'example_sla_dag' retrieved from /home/airflow/.local/lib/python3.12/site-packages/airflow/example_dags/example_sla_dag.py
[2024-05-24T00:26:53.921+0000] {logging_mixin.py:188} INFO - [2024-05-24T00:26:53.921+0000] {dag.py:3096} INFO - Sync 1 DAGs
[2024-05-24T00:26:53.937+0000] {logging_mixin.py:188} INFO - [2024-05-24T00:26:53.936+0000] {dag.py:3954} INFO - Setting next_dagrun for example_sla_dag to 2024-05-24 00:24:00+00:00, run_after=2024-05-24 00:26:00+00:00
[2024-05-24T00:26:53.946+0000] {processor.py:183} INFO - Processing /home/airflow/.local/lib/python3.12/site-packages/airflow/example_dags/example_sla_dag.py took 0.045 seconds
[2024-05-24T00:27:24.574+0000] {processor.py:161} INFO - Started process (PID=1639) to work on /home/airflow/.local/lib/python3.12/site-packages/airflow/example_dags/example_sla_dag.py
[2024-05-24T00:27:24.574+0000] {processor.py:830} INFO - Processing file /home/airflow/.local/lib/python3.12/site-packages/airflow/example_dags/example_sla_dag.py for tasks to queue
[2024-05-24T00:27:24.575+0000] {logging_mixin.py:188} INFO - [2024-05-24T00:27:24.575+0000] {dagbag.py:545} INFO - Filling up the DagBag from /home/airflow/.local/lib/python3.12/site-packages/airflow/example_dags/example_sla_dag.py
[2024-05-24T00:27:24.579+0000] {processor.py:840} INFO - DAG(s) 'example_sla_dag' retrieved from /home/airflow/.local/lib/python3.12/site-packages/airflow/example_dags/example_sla_dag.py
[2024-05-24T00:27:24.593+0000] {logging_mixin.py:188} INFO - [2024-05-24T00:27:24.593+0000] {dag.py:3096} INFO - Sync 1 DAGs
[2024-05-24T00:27:24.605+0000] {logging_mixin.py:188} INFO - [2024-05-24T00:27:24.605+0000] {dag.py:3954} INFO - Setting next_dagrun for example_sla_dag to 2024-05-24 00:24:00+00:00, run_after=2024-05-24 00:26:00+00:00
[2024-05-24T00:27:24.612+0000] {processor.py:183} INFO - Processing /home/airflow/.local/lib/python3.12/site-packages/airflow/example_dags/example_sla_dag.py took 0.043 seconds
[2024-05-24T00:27:55.404+0000] {processor.py:161} INFO - Started process (PID=1699) to work on /home/airflow/.local/lib/python3.12/site-packages/airflow/example_dags/example_sla_dag.py
[2024-05-24T00:27:55.404+0000] {processor.py:830} INFO - Processing file /home/airflow/.local/lib/python3.12/site-packages/airflow/example_dags/example_sla_dag.py for tasks to queue
[2024-05-24T00:27:55.405+0000] {logging_mixin.py:188} INFO - [2024-05-24T00:27:55.405+0000] {dagbag.py:545} INFO - Filling up the DagBag from /home/airflow/.local/lib/python3.12/site-packages/airflow/example_dags/example_sla_dag.py
[2024-05-24T00:27:55.408+0000] {processor.py:840} INFO - DAG(s) 'example_sla_dag' retrieved from /home/airflow/.local/lib/python3.12/site-packages/airflow/example_dags/example_sla_dag.py
[2024-05-24T00:27:55.422+0000] {logging_mixin.py:188} INFO - [2024-05-24T00:27:55.422+0000] {dag.py:3096} INFO - Sync 1 DAGs
[2024-05-24T00:27:55.441+0000] {logging_mixin.py:188} INFO - [2024-05-24T00:27:55.441+0000] {dag.py:3954} INFO - Setting next_dagrun for example_sla_dag to 2024-05-24 00:24:00+00:00, run_after=2024-05-24 00:26:00+00:00
[2024-05-24T00:27:55.451+0000] {processor.py:183} INFO - Processing /home/airflow/.local/lib/python3.12/site-packages/airflow/example_dags/example_sla_dag.py took 0.049 seconds
[2024-05-24T00:28:26.273+0000] {processor.py:161} INFO - Started process (PID=1759) to work on /home/airflow/.local/lib/python3.12/site-packages/airflow/example_dags/example_sla_dag.py
[2024-05-24T00:28:26.274+0000] {processor.py:830} INFO - Processing file /home/airflow/.local/lib/python3.12/site-packages/airflow/example_dags/example_sla_dag.py for tasks to queue
[2024-05-24T00:28:26.274+0000] {logging_mixin.py:188} INFO - [2024-05-24T00:28:26.274+0000] {dagbag.py:545} INFO - Filling up the DagBag from /home/airflow/.local/lib/python3.12/site-packages/airflow/example_dags/example_sla_dag.py
[2024-05-24T00:28:26.278+0000] {processor.py:840} INFO - DAG(s) 'example_sla_dag' retrieved from /home/airflow/.local/lib/python3.12/site-packages/airflow/example_dags/example_sla_dag.py
[2024-05-24T00:28:26.285+0000] {logging_mixin.py:188} INFO - [2024-05-24T00:28:26.285+0000] {dag.py:3096} INFO - Sync 1 DAGs
[2024-05-24T00:28:26.294+0000] {logging_mixin.py:188} INFO - [2024-05-24T00:28:26.294+0000] {dag.py:3954} INFO - Setting next_dagrun for example_sla_dag to 2024-05-24 00:26:00+00:00, run_after=2024-05-24 00:28:00+00:00
[2024-05-24T00:28:26.301+0000] {processor.py:183} INFO - Processing /home/airflow/.local/lib/python3.12/site-packages/airflow/example_dags/example_sla_dag.py took 0.030 seconds
[2024-05-24T00:28:57.034+0000] {processor.py:161} INFO - Started process (PID=1819) to work on /home/airflow/.local/lib/python3.12/site-packages/airflow/example_dags/example_sla_dag.py
[2024-05-24T00:28:57.034+0000] {processor.py:830} INFO - Processing file /home/airflow/.local/lib/python3.12/site-packages/airflow/example_dags/example_sla_dag.py for tasks to queue
[2024-05-24T00:28:57.035+0000] {logging_mixin.py:188} INFO - [2024-05-24T00:28:57.035+0000] {dagbag.py:545} INFO - Filling up the DagBag from /home/airflow/.local/lib/python3.12/site-packages/airflow/example_dags/example_sla_dag.py
[2024-05-24T00:28:57.038+0000] {processor.py:840} INFO - DAG(s) 'example_sla_dag' retrieved from /home/airflow/.local/lib/python3.12/site-packages/airflow/example_dags/example_sla_dag.py
[2024-05-24T00:28:57.046+0000] {logging_mixin.py:188} INFO - [2024-05-24T00:28:57.046+0000] {dag.py:3096} INFO - Sync 1 DAGs
[2024-05-24T00:28:57.055+0000] {logging_mixin.py:188} INFO - [2024-05-24T00:28:57.055+0000] {dag.py:3954} INFO - Setting next_dagrun for example_sla_dag to 2024-05-24 00:26:00+00:00, run_after=2024-05-24 00:28:00+00:00
[2024-05-24T00:28:57.061+0000] {processor.py:183} INFO - Processing /home/airflow/.local/lib/python3.12/site-packages/airflow/example_dags/example_sla_dag.py took 0.030 seconds
[2024-05-24T00:29:28.031+0000] {processor.py:161} INFO - Started process (PID=1879) to work on /home/airflow/.local/lib/python3.12/site-packages/airflow/example_dags/example_sla_dag.py
[2024-05-24T00:29:28.032+0000] {processor.py:830} INFO - Processing file /home/airflow/.local/lib/python3.12/site-packages/airflow/example_dags/example_sla_dag.py for tasks to queue
[2024-05-24T00:29:28.032+0000] {logging_mixin.py:188} INFO - [2024-05-24T00:29:28.032+0000] {dagbag.py:545} INFO - Filling up the DagBag from /home/airflow/.local/lib/python3.12/site-packages/airflow/example_dags/example_sla_dag.py
[2024-05-24T00:29:28.036+0000] {processor.py:840} INFO - DAG(s) 'example_sla_dag' retrieved from /home/airflow/.local/lib/python3.12/site-packages/airflow/example_dags/example_sla_dag.py
[2024-05-24T00:29:28.046+0000] {logging_mixin.py:188} INFO - [2024-05-24T00:29:28.046+0000] {dag.py:3096} INFO - Sync 1 DAGs
[2024-05-24T00:29:28.055+0000] {logging_mixin.py:188} INFO - [2024-05-24T00:29:28.055+0000] {dag.py:3954} INFO - Setting next_dagrun for example_sla_dag to 2024-05-24 00:26:00+00:00, run_after=2024-05-24 00:28:00+00:00
[2024-05-24T00:29:28.062+0000] {processor.py:183} INFO - Processing /home/airflow/.local/lib/python3.12/site-packages/airflow/example_dags/example_sla_dag.py took 0.033 seconds
[2024-05-24T00:29:59.054+0000] {processor.py:161} INFO - Started process (PID=1939) to work on /home/airflow/.local/lib/python3.12/site-packages/airflow/example_dags/example_sla_dag.py
[2024-05-24T00:29:59.055+0000] {processor.py:830} INFO - Processing file /home/airflow/.local/lib/python3.12/site-packages/airflow/example_dags/example_sla_dag.py for tasks to queue
[2024-05-24T00:29:59.057+0000] {logging_mixin.py:188} INFO - [2024-05-24T00:29:59.056+0000] {dagbag.py:545} INFO - Filling up the DagBag from /home/airflow/.local/lib/python3.12/site-packages/airflow/example_dags/example_sla_dag.py
[2024-05-24T00:29:59.063+0000] {processor.py:840} INFO - DAG(s) 'example_sla_dag' retrieved from /home/airflow/.local/lib/python3.12/site-packages/airflow/example_dags/example_sla_dag.py
[2024-05-24T00:29:59.082+0000] {logging_mixin.py:188} INFO - [2024-05-24T00:29:59.081+0000] {dag.py:3096} INFO - Sync 1 DAGs
[2024-05-24T00:29:59.098+0000] {logging_mixin.py:188} INFO - [2024-05-24T00:29:59.098+0000] {dag.py:3954} INFO - Setting next_dagrun for example_sla_dag to 2024-05-24 00:26:00+00:00, run_after=2024-05-24 00:28:00+00:00
[2024-05-24T00:29:59.106+0000] {processor.py:183} INFO - Processing /home/airflow/.local/lib/python3.12/site-packages/airflow/example_dags/example_sla_dag.py took 0.060 seconds
[2024-05-24T00:30:30.090+0000] {processor.py:161} INFO - Started process (PID=1999) to work on /home/airflow/.local/lib/python3.12/site-packages/airflow/example_dags/example_sla_dag.py
[2024-05-24T00:30:30.090+0000] {processor.py:830} INFO - Processing file /home/airflow/.local/lib/python3.12/site-packages/airflow/example_dags/example_sla_dag.py for tasks to queue
[2024-05-24T00:30:30.091+0000] {logging_mixin.py:188} INFO - [2024-05-24T00:30:30.091+0000] {dagbag.py:545} INFO - Filling up the DagBag from /home/airflow/.local/lib/python3.12/site-packages/airflow/example_dags/example_sla_dag.py
[2024-05-24T00:30:30.094+0000] {processor.py:840} INFO - DAG(s) 'example_sla_dag' retrieved from /home/airflow/.local/lib/python3.12/site-packages/airflow/example_dags/example_sla_dag.py
[2024-05-24T00:30:30.106+0000] {logging_mixin.py:188} INFO - [2024-05-24T00:30:30.105+0000] {dag.py:3096} INFO - Sync 1 DAGs
[2024-05-24T00:30:30.116+0000] {logging_mixin.py:188} INFO - [2024-05-24T00:30:30.116+0000] {dag.py:3954} INFO - Setting next_dagrun for example_sla_dag to 2024-05-24 00:28:00+00:00, run_after=2024-05-24 00:30:00+00:00
[2024-05-24T00:30:30.124+0000] {processor.py:183} INFO - Processing /home/airflow/.local/lib/python3.12/site-packages/airflow/example_dags/example_sla_dag.py took 0.042 seconds
[2024-05-24T00:31:00.828+0000] {processor.py:161} INFO - Started process (PID=2059) to work on /home/airflow/.local/lib/python3.12/site-packages/airflow/example_dags/example_sla_dag.py
[2024-05-24T00:31:00.828+0000] {processor.py:830} INFO - Processing file /home/airflow/.local/lib/python3.12/site-packages/airflow/example_dags/example_sla_dag.py for tasks to queue
[2024-05-24T00:31:00.829+0000] {logging_mixin.py:188} INFO - [2024-05-24T00:31:00.829+0000] {dagbag.py:545} INFO - Filling up the DagBag from /home/airflow/.local/lib/python3.12/site-packages/airflow/example_dags/example_sla_dag.py
[2024-05-24T00:31:00.834+0000] {processor.py:840} INFO - DAG(s) 'example_sla_dag' retrieved from /home/airflow/.local/lib/python3.12/site-packages/airflow/example_dags/example_sla_dag.py
[2024-05-24T00:31:00.850+0000] {logging_mixin.py:188} INFO - [2024-05-24T00:31:00.849+0000] {dag.py:3096} INFO - Sync 1 DAGs
[2024-05-24T00:31:00.865+0000] {logging_mixin.py:188} INFO - [2024-05-24T00:31:00.864+0000] {dag.py:3954} INFO - Setting next_dagrun for example_sla_dag to 2024-05-24 00:28:00+00:00, run_after=2024-05-24 00:30:00+00:00
[2024-05-24T00:31:00.873+0000] {processor.py:183} INFO - Processing /home/airflow/.local/lib/python3.12/site-packages/airflow/example_dags/example_sla_dag.py took 0.049 seconds
[2024-05-24T00:31:31.353+0000] {processor.py:161} INFO - Started process (PID=2119) to work on /home/airflow/.local/lib/python3.12/site-packages/airflow/example_dags/example_sla_dag.py
[2024-05-24T00:31:31.354+0000] {processor.py:830} INFO - Processing file /home/airflow/.local/lib/python3.12/site-packages/airflow/example_dags/example_sla_dag.py for tasks to queue
[2024-05-24T00:31:31.354+0000] {logging_mixin.py:188} INFO - [2024-05-24T00:31:31.354+0000] {dagbag.py:545} INFO - Filling up the DagBag from /home/airflow/.local/lib/python3.12/site-packages/airflow/example_dags/example_sla_dag.py
[2024-05-24T00:31:31.358+0000] {processor.py:840} INFO - DAG(s) 'example_sla_dag' retrieved from /home/airflow/.local/lib/python3.12/site-packages/airflow/example_dags/example_sla_dag.py
[2024-05-24T00:31:31.368+0000] {logging_mixin.py:188} INFO - [2024-05-24T00:31:31.368+0000] {dag.py:3096} INFO - Sync 1 DAGs
[2024-05-24T00:31:31.391+0000] {logging_mixin.py:188} INFO - [2024-05-24T00:31:31.391+0000] {dag.py:3954} INFO - Setting next_dagrun for example_sla_dag to 2024-05-24 00:28:00+00:00, run_after=2024-05-24 00:30:00+00:00
[2024-05-24T00:31:31.402+0000] {processor.py:183} INFO - Processing /home/airflow/.local/lib/python3.12/site-packages/airflow/example_dags/example_sla_dag.py took 0.051 seconds
[2024-05-24T00:32:01.888+0000] {processor.py:161} INFO - Started process (PID=2185) to work on /home/airflow/.local/lib/python3.12/site-packages/airflow/example_dags/example_sla_dag.py
[2024-05-24T00:32:01.891+0000] {processor.py:830} INFO - Processing file /home/airflow/.local/lib/python3.12/site-packages/airflow/example_dags/example_sla_dag.py for tasks to queue
[2024-05-24T00:32:01.892+0000] {logging_mixin.py:188} INFO - [2024-05-24T00:32:01.892+0000] {dagbag.py:545} INFO - Filling up the DagBag from /home/airflow/.local/lib/python3.12/site-packages/airflow/example_dags/example_sla_dag.py
[2024-05-24T00:32:01.898+0000] {processor.py:840} INFO - DAG(s) 'example_sla_dag' retrieved from /home/airflow/.local/lib/python3.12/site-packages/airflow/example_dags/example_sla_dag.py
[2024-05-24T00:32:01.916+0000] {logging_mixin.py:188} INFO - [2024-05-24T00:32:01.915+0000] {dag.py:3096} INFO - Sync 1 DAGs
[2024-05-24T00:32:01.990+0000] {logging_mixin.py:188} INFO - [2024-05-24T00:32:01.990+0000] {dag.py:3954} INFO - Setting next_dagrun for example_sla_dag to 2024-05-24 00:30:00+00:00, run_after=2024-05-24 00:32:00+00:00
[2024-05-24T00:32:01.999+0000] {processor.py:183} INFO - Processing /home/airflow/.local/lib/python3.12/site-packages/airflow/example_dags/example_sla_dag.py took 0.113 seconds
[2024-05-24T00:32:32.074+0000] {processor.py:161} INFO - Started process (PID=2245) to work on /home/airflow/.local/lib/python3.12/site-packages/airflow/example_dags/example_sla_dag.py
[2024-05-24T00:32:32.075+0000] {processor.py:830} INFO - Processing file /home/airflow/.local/lib/python3.12/site-packages/airflow/example_dags/example_sla_dag.py for tasks to queue
[2024-05-24T00:32:32.076+0000] {logging_mixin.py:188} INFO - [2024-05-24T00:32:32.076+0000] {dagbag.py:545} INFO - Filling up the DagBag from /home/airflow/.local/lib/python3.12/site-packages/airflow/example_dags/example_sla_dag.py
[2024-05-24T00:32:32.083+0000] {processor.py:840} INFO - DAG(s) 'example_sla_dag' retrieved from /home/airflow/.local/lib/python3.12/site-packages/airflow/example_dags/example_sla_dag.py
[2024-05-24T00:32:32.098+0000] {logging_mixin.py:188} INFO - [2024-05-24T00:32:32.097+0000] {dag.py:3096} INFO - Sync 1 DAGs
[2024-05-24T00:32:32.115+0000] {logging_mixin.py:188} INFO - [2024-05-24T00:32:32.115+0000] {dag.py:3954} INFO - Setting next_dagrun for example_sla_dag to 2024-05-24 00:30:00+00:00, run_after=2024-05-24 00:32:00+00:00
[2024-05-24T00:32:32.123+0000] {processor.py:183} INFO - Processing /home/airflow/.local/lib/python3.12/site-packages/airflow/example_dags/example_sla_dag.py took 0.052 seconds
[2024-05-24T00:33:02.771+0000] {processor.py:161} INFO - Started process (PID=2305) to work on /home/airflow/.local/lib/python3.12/site-packages/airflow/example_dags/example_sla_dag.py
[2024-05-24T00:33:02.772+0000] {processor.py:830} INFO - Processing file /home/airflow/.local/lib/python3.12/site-packages/airflow/example_dags/example_sla_dag.py for tasks to queue
[2024-05-24T00:33:02.773+0000] {logging_mixin.py:188} INFO - [2024-05-24T00:33:02.773+0000] {dagbag.py:545} INFO - Filling up the DagBag from /home/airflow/.local/lib/python3.12/site-packages/airflow/example_dags/example_sla_dag.py
[2024-05-24T00:33:02.776+0000] {processor.py:840} INFO - DAG(s) 'example_sla_dag' retrieved from /home/airflow/.local/lib/python3.12/site-packages/airflow/example_dags/example_sla_dag.py
[2024-05-24T00:33:02.786+0000] {logging_mixin.py:188} INFO - [2024-05-24T00:33:02.786+0000] {dag.py:3096} INFO - Sync 1 DAGs
[2024-05-24T00:33:02.795+0000] {logging_mixin.py:188} INFO - [2024-05-24T00:33:02.795+0000] {dag.py:3954} INFO - Setting next_dagrun for example_sla_dag to 2024-05-24 00:30:00+00:00, run_after=2024-05-24 00:32:00+00:00
[2024-05-24T00:33:02.802+0000] {processor.py:183} INFO - Processing /home/airflow/.local/lib/python3.12/site-packages/airflow/example_dags/example_sla_dag.py took 0.038 seconds
[2024-05-24T00:33:33.599+0000] {processor.py:161} INFO - Started process (PID=2365) to work on /home/airflow/.local/lib/python3.12/site-packages/airflow/example_dags/example_sla_dag.py
[2024-05-24T00:33:33.600+0000] {processor.py:830} INFO - Processing file /home/airflow/.local/lib/python3.12/site-packages/airflow/example_dags/example_sla_dag.py for tasks to queue
[2024-05-24T00:33:33.601+0000] {logging_mixin.py:188} INFO - [2024-05-24T00:33:33.601+0000] {dagbag.py:545} INFO - Filling up the DagBag from /home/airflow/.local/lib/python3.12/site-packages/airflow/example_dags/example_sla_dag.py
[2024-05-24T00:33:33.607+0000] {processor.py:840} INFO - DAG(s) 'example_sla_dag' retrieved from /home/airflow/.local/lib/python3.12/site-packages/airflow/example_dags/example_sla_dag.py
[2024-05-24T00:33:33.621+0000] {logging_mixin.py:188} INFO - [2024-05-24T00:33:33.621+0000] {dag.py:3096} INFO - Sync 1 DAGs
[2024-05-24T00:33:33.631+0000] {logging_mixin.py:188} INFO - [2024-05-24T00:33:33.631+0000] {dag.py:3954} INFO - Setting next_dagrun for example_sla_dag to 2024-05-24 00:30:00+00:00, run_after=2024-05-24 00:32:00+00:00
[2024-05-24T00:33:33.638+0000] {processor.py:183} INFO - Processing /home/airflow/.local/lib/python3.12/site-packages/airflow/example_dags/example_sla_dag.py took 0.042 seconds
[2024-05-24T00:34:04.408+0000] {processor.py:161} INFO - Started process (PID=2425) to work on /home/airflow/.local/lib/python3.12/site-packages/airflow/example_dags/example_sla_dag.py
[2024-05-24T00:34:04.408+0000] {processor.py:830} INFO - Processing file /home/airflow/.local/lib/python3.12/site-packages/airflow/example_dags/example_sla_dag.py for tasks to queue
[2024-05-24T00:34:04.409+0000] {logging_mixin.py:188} INFO - [2024-05-24T00:34:04.409+0000] {dagbag.py:545} INFO - Filling up the DagBag from /home/airflow/.local/lib/python3.12/site-packages/airflow/example_dags/example_sla_dag.py
[2024-05-24T00:34:04.417+0000] {processor.py:840} INFO - DAG(s) 'example_sla_dag' retrieved from /home/airflow/.local/lib/python3.12/site-packages/airflow/example_dags/example_sla_dag.py
[2024-05-24T00:34:04.432+0000] {logging_mixin.py:188} INFO - [2024-05-24T00:34:04.432+0000] {dag.py:3096} INFO - Sync 1 DAGs
[2024-05-24T00:34:04.450+0000] {logging_mixin.py:188} INFO - [2024-05-24T00:34:04.450+0000] {dag.py:3954} INFO - Setting next_dagrun for example_sla_dag to 2024-05-24 00:32:00+00:00, run_after=2024-05-24 00:34:00+00:00
[2024-05-24T00:34:04.460+0000] {processor.py:183} INFO - Processing /home/airflow/.local/lib/python3.12/site-packages/airflow/example_dags/example_sla_dag.py took 0.058 seconds
[2024-05-24T00:34:35.040+0000] {processor.py:161} INFO - Started process (PID=2485) to work on /home/airflow/.local/lib/python3.12/site-packages/airflow/example_dags/example_sla_dag.py
[2024-05-24T00:34:35.041+0000] {processor.py:830} INFO - Processing file /home/airflow/.local/lib/python3.12/site-packages/airflow/example_dags/example_sla_dag.py for tasks to queue
[2024-05-24T00:34:35.043+0000] {logging_mixin.py:188} INFO - [2024-05-24T00:34:35.043+0000] {dagbag.py:545} INFO - Filling up the DagBag from /home/airflow/.local/lib/python3.12/site-packages/airflow/example_dags/example_sla_dag.py
[2024-05-24T00:34:35.049+0000] {processor.py:840} INFO - DAG(s) 'example_sla_dag' retrieved from /home/airflow/.local/lib/python3.12/site-packages/airflow/example_dags/example_sla_dag.py
[2024-05-24T00:34:35.074+0000] {logging_mixin.py:188} INFO - [2024-05-24T00:34:35.074+0000] {dag.py:3096} INFO - Sync 1 DAGs
[2024-05-24T00:34:35.097+0000] {logging_mixin.py:188} INFO - [2024-05-24T00:34:35.097+0000] {dag.py:3954} INFO - Setting next_dagrun for example_sla_dag to 2024-05-24 00:32:00+00:00, run_after=2024-05-24 00:34:00+00:00
[2024-05-24T00:34:35.107+0000] {processor.py:183} INFO - Processing /home/airflow/.local/lib/python3.12/site-packages/airflow/example_dags/example_sla_dag.py took 0.071 seconds
[2024-05-24T00:35:05.931+0000] {processor.py:161} INFO - Started process (PID=2545) to work on /home/airflow/.local/lib/python3.12/site-packages/airflow/example_dags/example_sla_dag.py
[2024-05-24T00:35:05.932+0000] {processor.py:830} INFO - Processing file /home/airflow/.local/lib/python3.12/site-packages/airflow/example_dags/example_sla_dag.py for tasks to queue
[2024-05-24T00:35:05.933+0000] {logging_mixin.py:188} INFO - [2024-05-24T00:35:05.933+0000] {dagbag.py:545} INFO - Filling up the DagBag from /home/airflow/.local/lib/python3.12/site-packages/airflow/example_dags/example_sla_dag.py
[2024-05-24T00:35:05.938+0000] {processor.py:840} INFO - DAG(s) 'example_sla_dag' retrieved from /home/airflow/.local/lib/python3.12/site-packages/airflow/example_dags/example_sla_dag.py
[2024-05-24T00:35:05.955+0000] {logging_mixin.py:188} INFO - [2024-05-24T00:35:05.954+0000] {dag.py:3096} INFO - Sync 1 DAGs
[2024-05-24T00:35:05.965+0000] {logging_mixin.py:188} INFO - [2024-05-24T00:35:05.965+0000] {dag.py:3954} INFO - Setting next_dagrun for example_sla_dag to 2024-05-24 00:32:00+00:00, run_after=2024-05-24 00:34:00+00:00
[2024-05-24T00:35:05.973+0000] {processor.py:183} INFO - Processing /home/airflow/.local/lib/python3.12/site-packages/airflow/example_dags/example_sla_dag.py took 0.044 seconds
[2024-05-24T00:35:36.602+0000] {processor.py:161} INFO - Started process (PID=2605) to work on /home/airflow/.local/lib/python3.12/site-packages/airflow/example_dags/example_sla_dag.py
[2024-05-24T00:35:36.602+0000] {processor.py:830} INFO - Processing file /home/airflow/.local/lib/python3.12/site-packages/airflow/example_dags/example_sla_dag.py for tasks to queue
[2024-05-24T00:35:36.603+0000] {logging_mixin.py:188} INFO - [2024-05-24T00:35:36.603+0000] {dagbag.py:545} INFO - Filling up the DagBag from /home/airflow/.local/lib/python3.12/site-packages/airflow/example_dags/example_sla_dag.py
[2024-05-24T00:35:36.606+0000] {processor.py:840} INFO - DAG(s) 'example_sla_dag' retrieved from /home/airflow/.local/lib/python3.12/site-packages/airflow/example_dags/example_sla_dag.py
[2024-05-24T00:35:36.621+0000] {logging_mixin.py:188} INFO - [2024-05-24T00:35:36.621+0000] {dag.py:3096} INFO - Sync 1 DAGs
[2024-05-24T00:35:36.637+0000] {logging_mixin.py:188} INFO - [2024-05-24T00:35:36.637+0000] {dag.py:3954} INFO - Setting next_dagrun for example_sla_dag to 2024-05-24 00:32:00+00:00, run_after=2024-05-24 00:34:00+00:00
[2024-05-24T00:35:36.648+0000] {processor.py:183} INFO - Processing /home/airflow/.local/lib/python3.12/site-packages/airflow/example_dags/example_sla_dag.py took 0.050 seconds
[2024-05-24T00:36:07.238+0000] {processor.py:161} INFO - Started process (PID=2664) to work on /home/airflow/.local/lib/python3.12/site-packages/airflow/example_dags/example_sla_dag.py
[2024-05-24T00:36:07.239+0000] {processor.py:830} INFO - Processing file /home/airflow/.local/lib/python3.12/site-packages/airflow/example_dags/example_sla_dag.py for tasks to queue
[2024-05-24T00:36:07.239+0000] {logging_mixin.py:188} INFO - [2024-05-24T00:36:07.239+0000] {dagbag.py:545} INFO - Filling up the DagBag from /home/airflow/.local/lib/python3.12/site-packages/airflow/example_dags/example_sla_dag.py
[2024-05-24T00:36:07.243+0000] {processor.py:840} INFO - DAG(s) 'example_sla_dag' retrieved from /home/airflow/.local/lib/python3.12/site-packages/airflow/example_dags/example_sla_dag.py
[2024-05-24T00:36:07.250+0000] {logging_mixin.py:188} INFO - [2024-05-24T00:36:07.250+0000] {dag.py:3096} INFO - Sync 1 DAGs
[2024-05-24T00:36:07.260+0000] {logging_mixin.py:188} INFO - [2024-05-24T00:36:07.260+0000] {dag.py:3954} INFO - Setting next_dagrun for example_sla_dag to 2024-05-24 00:34:00+00:00, run_after=2024-05-24 00:36:00+00:00
[2024-05-24T00:36:07.267+0000] {processor.py:183} INFO - Processing /home/airflow/.local/lib/python3.12/site-packages/airflow/example_dags/example_sla_dag.py took 0.031 seconds
[2024-05-24T00:36:38.086+0000] {processor.py:161} INFO - Started process (PID=2723) to work on /home/airflow/.local/lib/python3.12/site-packages/airflow/example_dags/example_sla_dag.py
[2024-05-24T00:36:38.086+0000] {processor.py:830} INFO - Processing file /home/airflow/.local/lib/python3.12/site-packages/airflow/example_dags/example_sla_dag.py for tasks to queue
[2024-05-24T00:36:38.087+0000] {logging_mixin.py:188} INFO - [2024-05-24T00:36:38.087+0000] {dagbag.py:545} INFO - Filling up the DagBag from /home/airflow/.local/lib/python3.12/site-packages/airflow/example_dags/example_sla_dag.py
[2024-05-24T00:36:38.094+0000] {processor.py:840} INFO - DAG(s) 'example_sla_dag' retrieved from /home/airflow/.local/lib/python3.12/site-packages/airflow/example_dags/example_sla_dag.py
[2024-05-24T00:36:38.119+0000] {logging_mixin.py:188} INFO - [2024-05-24T00:36:38.119+0000] {dag.py:3096} INFO - Sync 1 DAGs
[2024-05-24T00:36:38.130+0000] {logging_mixin.py:188} INFO - [2024-05-24T00:36:38.130+0000] {dag.py:3954} INFO - Setting next_dagrun for example_sla_dag to 2024-05-24 00:34:00+00:00, run_after=2024-05-24 00:36:00+00:00
[2024-05-24T00:36:38.137+0000] {processor.py:183} INFO - Processing /home/airflow/.local/lib/python3.12/site-packages/airflow/example_dags/example_sla_dag.py took 0.054 seconds
[2024-05-24T00:37:08.685+0000] {processor.py:161} INFO - Started process (PID=2782) to work on /home/airflow/.local/lib/python3.12/site-packages/airflow/example_dags/example_sla_dag.py
[2024-05-24T00:37:08.687+0000] {processor.py:830} INFO - Processing file /home/airflow/.local/lib/python3.12/site-packages/airflow/example_dags/example_sla_dag.py for tasks to queue
[2024-05-24T00:37:08.688+0000] {logging_mixin.py:188} INFO - [2024-05-24T00:37:08.687+0000] {dagbag.py:545} INFO - Filling up the DagBag from /home/airflow/.local/lib/python3.12/site-packages/airflow/example_dags/example_sla_dag.py
[2024-05-24T00:37:08.696+0000] {processor.py:840} INFO - DAG(s) 'example_sla_dag' retrieved from /home/airflow/.local/lib/python3.12/site-packages/airflow/example_dags/example_sla_dag.py
[2024-05-24T00:37:08.709+0000] {logging_mixin.py:188} INFO - [2024-05-24T00:37:08.708+0000] {dag.py:3096} INFO - Sync 1 DAGs
[2024-05-24T00:37:08.724+0000] {logging_mixin.py:188} INFO - [2024-05-24T00:37:08.724+0000] {dag.py:3954} INFO - Setting next_dagrun for example_sla_dag to 2024-05-24 00:34:00+00:00, run_after=2024-05-24 00:36:00+00:00
[2024-05-24T00:37:08.734+0000] {processor.py:183} INFO - Processing /home/airflow/.local/lib/python3.12/site-packages/airflow/example_dags/example_sla_dag.py took 0.052 seconds
[2024-05-24T00:37:39.385+0000] {processor.py:161} INFO - Started process (PID=2841) to work on /home/airflow/.local/lib/python3.12/site-packages/airflow/example_dags/example_sla_dag.py
[2024-05-24T00:37:39.387+0000] {processor.py:830} INFO - Processing file /home/airflow/.local/lib/python3.12/site-packages/airflow/example_dags/example_sla_dag.py for tasks to queue
[2024-05-24T00:37:39.389+0000] {logging_mixin.py:188} INFO - [2024-05-24T00:37:39.388+0000] {dagbag.py:545} INFO - Filling up the DagBag from /home/airflow/.local/lib/python3.12/site-packages/airflow/example_dags/example_sla_dag.py
[2024-05-24T00:37:39.396+0000] {processor.py:840} INFO - DAG(s) 'example_sla_dag' retrieved from /home/airflow/.local/lib/python3.12/site-packages/airflow/example_dags/example_sla_dag.py
[2024-05-24T00:37:39.406+0000] {logging_mixin.py:188} INFO - [2024-05-24T00:37:39.406+0000] {dag.py:3096} INFO - Sync 1 DAGs
[2024-05-24T00:37:39.420+0000] {logging_mixin.py:188} INFO - [2024-05-24T00:37:39.420+0000] {dag.py:3954} INFO - Setting next_dagrun for example_sla_dag to 2024-05-24 00:34:00+00:00, run_after=2024-05-24 00:36:00+00:00
[2024-05-24T00:37:39.429+0000] {processor.py:183} INFO - Processing /home/airflow/.local/lib/python3.12/site-packages/airflow/example_dags/example_sla_dag.py took 0.049 seconds
[2024-05-24T00:38:10.035+0000] {processor.py:161} INFO - Started process (PID=2900) to work on /home/airflow/.local/lib/python3.12/site-packages/airflow/example_dags/example_sla_dag.py
[2024-05-24T00:38:10.036+0000] {processor.py:830} INFO - Processing file /home/airflow/.local/lib/python3.12/site-packages/airflow/example_dags/example_sla_dag.py for tasks to queue
[2024-05-24T00:38:10.037+0000] {logging_mixin.py:188} INFO - [2024-05-24T00:38:10.036+0000] {dagbag.py:545} INFO - Filling up the DagBag from /home/airflow/.local/lib/python3.12/site-packages/airflow/example_dags/example_sla_dag.py
[2024-05-24T00:38:10.043+0000] {processor.py:840} INFO - DAG(s) 'example_sla_dag' retrieved from /home/airflow/.local/lib/python3.12/site-packages/airflow/example_dags/example_sla_dag.py
[2024-05-24T00:38:10.053+0000] {logging_mixin.py:188} INFO - [2024-05-24T00:38:10.053+0000] {dag.py:3096} INFO - Sync 1 DAGs
[2024-05-24T00:38:10.062+0000] {logging_mixin.py:188} INFO - [2024-05-24T00:38:10.062+0000] {dag.py:3954} INFO - Setting next_dagrun for example_sla_dag to 2024-05-24 00:36:00+00:00, run_after=2024-05-24 00:38:00+00:00
[2024-05-24T00:38:10.070+0000] {processor.py:183} INFO - Processing /home/airflow/.local/lib/python3.12/site-packages/airflow/example_dags/example_sla_dag.py took 0.038 seconds
[2024-05-24T00:38:40.619+0000] {processor.py:161} INFO - Started process (PID=2960) to work on /home/airflow/.local/lib/python3.12/site-packages/airflow/example_dags/example_sla_dag.py
[2024-05-24T00:38:40.620+0000] {processor.py:830} INFO - Processing file /home/airflow/.local/lib/python3.12/site-packages/airflow/example_dags/example_sla_dag.py for tasks to queue
[2024-05-24T00:38:40.620+0000] {logging_mixin.py:188} INFO - [2024-05-24T00:38:40.620+0000] {dagbag.py:545} INFO - Filling up the DagBag from /home/airflow/.local/lib/python3.12/site-packages/airflow/example_dags/example_sla_dag.py
[2024-05-24T00:38:40.624+0000] {processor.py:840} INFO - DAG(s) 'example_sla_dag' retrieved from /home/airflow/.local/lib/python3.12/site-packages/airflow/example_dags/example_sla_dag.py
[2024-05-24T00:38:40.648+0000] {logging_mixin.py:188} INFO - [2024-05-24T00:38:40.648+0000] {dag.py:3096} INFO - Sync 1 DAGs
[2024-05-24T00:38:40.663+0000] {logging_mixin.py:188} INFO - [2024-05-24T00:38:40.663+0000] {dag.py:3954} INFO - Setting next_dagrun for example_sla_dag to 2024-05-24 00:36:00+00:00, run_after=2024-05-24 00:38:00+00:00
[2024-05-24T00:38:40.674+0000] {processor.py:183} INFO - Processing /home/airflow/.local/lib/python3.12/site-packages/airflow/example_dags/example_sla_dag.py took 0.060 seconds
[2024-05-24T00:39:11.137+0000] {processor.py:161} INFO - Started process (PID=3019) to work on /home/airflow/.local/lib/python3.12/site-packages/airflow/example_dags/example_sla_dag.py
[2024-05-24T00:39:11.138+0000] {processor.py:830} INFO - Processing file /home/airflow/.local/lib/python3.12/site-packages/airflow/example_dags/example_sla_dag.py for tasks to queue
[2024-05-24T00:39:11.138+0000] {logging_mixin.py:188} INFO - [2024-05-24T00:39:11.138+0000] {dagbag.py:545} INFO - Filling up the DagBag from /home/airflow/.local/lib/python3.12/site-packages/airflow/example_dags/example_sla_dag.py
[2024-05-24T00:39:11.143+0000] {processor.py:840} INFO - DAG(s) 'example_sla_dag' retrieved from /home/airflow/.local/lib/python3.12/site-packages/airflow/example_dags/example_sla_dag.py
[2024-05-24T00:39:11.155+0000] {logging_mixin.py:188} INFO - [2024-05-24T00:39:11.155+0000] {dag.py:3096} INFO - Sync 1 DAGs
[2024-05-24T00:39:11.181+0000] {logging_mixin.py:188} INFO - [2024-05-24T00:39:11.181+0000] {dag.py:3954} INFO - Setting next_dagrun for example_sla_dag to 2024-05-24 00:36:00+00:00, run_after=2024-05-24 00:38:00+00:00
[2024-05-24T00:39:11.191+0000] {processor.py:183} INFO - Processing /home/airflow/.local/lib/python3.12/site-packages/airflow/example_dags/example_sla_dag.py took 0.059 seconds
[2024-05-24T00:39:41.535+0000] {processor.py:161} INFO - Started process (PID=3078) to work on /home/airflow/.local/lib/python3.12/site-packages/airflow/example_dags/example_sla_dag.py
[2024-05-24T00:39:41.536+0000] {processor.py:830} INFO - Processing file /home/airflow/.local/lib/python3.12/site-packages/airflow/example_dags/example_sla_dag.py for tasks to queue
[2024-05-24T00:39:41.536+0000] {logging_mixin.py:188} INFO - [2024-05-24T00:39:41.536+0000] {dagbag.py:545} INFO - Filling up the DagBag from /home/airflow/.local/lib/python3.12/site-packages/airflow/example_dags/example_sla_dag.py
[2024-05-24T00:39:41.540+0000] {processor.py:840} INFO - DAG(s) 'example_sla_dag' retrieved from /home/airflow/.local/lib/python3.12/site-packages/airflow/example_dags/example_sla_dag.py
[2024-05-24T00:39:41.547+0000] {logging_mixin.py:188} INFO - [2024-05-24T00:39:41.547+0000] {dag.py:3096} INFO - Sync 1 DAGs
[2024-05-24T00:39:41.565+0000] {logging_mixin.py:188} INFO - [2024-05-24T00:39:41.565+0000] {dag.py:3954} INFO - Setting next_dagrun for example_sla_dag to 2024-05-24 00:36:00+00:00, run_after=2024-05-24 00:38:00+00:00
[2024-05-24T00:39:41.577+0000] {processor.py:183} INFO - Processing /home/airflow/.local/lib/python3.12/site-packages/airflow/example_dags/example_sla_dag.py took 0.047 seconds
[2024-05-24T00:40:11.671+0000] {processor.py:161} INFO - Started process (PID=3136) to work on /home/airflow/.local/lib/python3.12/site-packages/airflow/example_dags/example_sla_dag.py
[2024-05-24T00:40:11.671+0000] {processor.py:830} INFO - Processing file /home/airflow/.local/lib/python3.12/site-packages/airflow/example_dags/example_sla_dag.py for tasks to queue
[2024-05-24T00:40:11.672+0000] {logging_mixin.py:188} INFO - [2024-05-24T00:40:11.672+0000] {dagbag.py:545} INFO - Filling up the DagBag from /home/airflow/.local/lib/python3.12/site-packages/airflow/example_dags/example_sla_dag.py
[2024-05-24T00:40:11.676+0000] {processor.py:840} INFO - DAG(s) 'example_sla_dag' retrieved from /home/airflow/.local/lib/python3.12/site-packages/airflow/example_dags/example_sla_dag.py
[2024-05-24T00:40:11.720+0000] {logging_mixin.py:188} INFO - [2024-05-24T00:40:11.720+0000] {dag.py:3096} INFO - Sync 1 DAGs
[2024-05-24T00:40:11.729+0000] {logging_mixin.py:188} INFO - [2024-05-24T00:40:11.729+0000] {dag.py:3954} INFO - Setting next_dagrun for example_sla_dag to 2024-05-24 00:38:00+00:00, run_after=2024-05-24 00:40:00+00:00
[2024-05-24T00:40:11.737+0000] {processor.py:183} INFO - Processing /home/airflow/.local/lib/python3.12/site-packages/airflow/example_dags/example_sla_dag.py took 0.070 seconds
