[2024-05-24T00:14:37.256+0000] {processor.py:161} INFO - Started process (PID=62) to work on /home/airflow/.local/lib/python3.12/site-packages/airflow/example_dags/example_xcomargs.py
[2024-05-24T00:14:37.256+0000] {processor.py:830} INFO - Processing file /home/airflow/.local/lib/python3.12/site-packages/airflow/example_dags/example_xcomargs.py for tasks to queue
[2024-05-24T00:14:37.257+0000] {logging_mixin.py:188} INFO - [2024-05-24T00:14:37.257+0000] {dagbag.py:545} INFO - Filling up the DagBag from /home/airflow/.local/lib/python3.12/site-packages/airflow/example_dags/example_xcomargs.py
[2024-05-24T00:14:37.260+0000] {processor.py:840} INFO - DAG(s) 'example_xcom_args_with_operators', 'example_xcom_args' retrieved from /home/airflow/.local/lib/python3.12/site-packages/airflow/example_dags/example_xcomargs.py
[2024-05-24T00:14:37.267+0000] {logging_mixin.py:188} INFO - [2024-05-24T00:14:37.267+0000] {dag.py:3096} INFO - Sync 2 DAGs
[2024-05-24T00:14:37.277+0000] {logging_mixin.py:188} INFO - [2024-05-24T00:14:37.277+0000] {dag.py:3954} INFO - Setting next_dagrun for example_xcom_args to None, run_after=None
[2024-05-24T00:14:37.280+0000] {logging_mixin.py:188} INFO - [2024-05-24T00:14:37.280+0000] {dag.py:3954} INFO - Setting next_dagrun for example_xcom_args_with_operators to None, run_after=None
[2024-05-24T00:14:37.289+0000] {processor.py:183} INFO - Processing /home/airflow/.local/lib/python3.12/site-packages/airflow/example_dags/example_xcomargs.py took 0.036 seconds
[2024-05-24T00:15:07.851+0000] {processor.py:161} INFO - Started process (PID=121) to work on /home/airflow/.local/lib/python3.12/site-packages/airflow/example_dags/example_xcomargs.py
[2024-05-24T00:15:07.851+0000] {processor.py:830} INFO - Processing file /home/airflow/.local/lib/python3.12/site-packages/airflow/example_dags/example_xcomargs.py for tasks to queue
[2024-05-24T00:15:07.852+0000] {logging_mixin.py:188} INFO - [2024-05-24T00:15:07.852+0000] {dagbag.py:545} INFO - Filling up the DagBag from /home/airflow/.local/lib/python3.12/site-packages/airflow/example_dags/example_xcomargs.py
[2024-05-24T00:15:07.855+0000] {processor.py:840} INFO - DAG(s) 'example_xcom_args', 'example_xcom_args_with_operators' retrieved from /home/airflow/.local/lib/python3.12/site-packages/airflow/example_dags/example_xcomargs.py
[2024-05-24T00:15:07.913+0000] {logging_mixin.py:188} INFO - [2024-05-24T00:15:07.913+0000] {dag.py:3096} INFO - Sync 2 DAGs
[2024-05-24T00:15:07.918+0000] {logging_mixin.py:188} INFO - [2024-05-24T00:15:07.918+0000] {dag.py:3954} INFO - Setting next_dagrun for example_xcom_args to None, run_after=None
[2024-05-24T00:15:07.920+0000] {logging_mixin.py:188} INFO - [2024-05-24T00:15:07.920+0000] {dag.py:3954} INFO - Setting next_dagrun for example_xcom_args_with_operators to None, run_after=None
[2024-05-24T00:15:07.927+0000] {processor.py:183} INFO - Processing /home/airflow/.local/lib/python3.12/site-packages/airflow/example_dags/example_xcomargs.py took 0.078 seconds
[2024-05-24T00:15:37.963+0000] {processor.py:161} INFO - Started process (PID=180) to work on /home/airflow/.local/lib/python3.12/site-packages/airflow/example_dags/example_xcomargs.py
[2024-05-24T00:15:37.963+0000] {processor.py:830} INFO - Processing file /home/airflow/.local/lib/python3.12/site-packages/airflow/example_dags/example_xcomargs.py for tasks to queue
[2024-05-24T00:15:37.964+0000] {logging_mixin.py:188} INFO - [2024-05-24T00:15:37.964+0000] {dagbag.py:545} INFO - Filling up the DagBag from /home/airflow/.local/lib/python3.12/site-packages/airflow/example_dags/example_xcomargs.py
[2024-05-24T00:15:37.969+0000] {processor.py:840} INFO - DAG(s) 'example_xcom_args', 'example_xcom_args_with_operators' retrieved from /home/airflow/.local/lib/python3.12/site-packages/airflow/example_dags/example_xcomargs.py
[2024-05-24T00:15:37.987+0000] {logging_mixin.py:188} INFO - [2024-05-24T00:15:37.987+0000] {dag.py:3096} INFO - Sync 2 DAGs
[2024-05-24T00:15:37.993+0000] {logging_mixin.py:188} INFO - [2024-05-24T00:15:37.993+0000] {dag.py:3954} INFO - Setting next_dagrun for example_xcom_args to None, run_after=None
[2024-05-24T00:15:37.995+0000] {logging_mixin.py:188} INFO - [2024-05-24T00:15:37.994+0000] {dag.py:3954} INFO - Setting next_dagrun for example_xcom_args_with_operators to None, run_after=None
[2024-05-24T00:15:38.003+0000] {processor.py:183} INFO - Processing /home/airflow/.local/lib/python3.12/site-packages/airflow/example_dags/example_xcomargs.py took 0.044 seconds
[2024-05-24T00:16:08.472+0000] {processor.py:161} INFO - Started process (PID=239) to work on /home/airflow/.local/lib/python3.12/site-packages/airflow/example_dags/example_xcomargs.py
[2024-05-24T00:16:08.472+0000] {processor.py:830} INFO - Processing file /home/airflow/.local/lib/python3.12/site-packages/airflow/example_dags/example_xcomargs.py for tasks to queue
[2024-05-24T00:16:08.473+0000] {logging_mixin.py:188} INFO - [2024-05-24T00:16:08.473+0000] {dagbag.py:545} INFO - Filling up the DagBag from /home/airflow/.local/lib/python3.12/site-packages/airflow/example_dags/example_xcomargs.py
[2024-05-24T00:16:08.477+0000] {processor.py:840} INFO - DAG(s) 'example_xcom_args_with_operators', 'example_xcom_args' retrieved from /home/airflow/.local/lib/python3.12/site-packages/airflow/example_dags/example_xcomargs.py
[2024-05-24T00:16:08.487+0000] {logging_mixin.py:188} INFO - [2024-05-24T00:16:08.487+0000] {dag.py:3096} INFO - Sync 2 DAGs
[2024-05-24T00:16:08.492+0000] {logging_mixin.py:188} INFO - [2024-05-24T00:16:08.492+0000] {dag.py:3954} INFO - Setting next_dagrun for example_xcom_args to None, run_after=None
[2024-05-24T00:16:08.493+0000] {logging_mixin.py:188} INFO - [2024-05-24T00:16:08.493+0000] {dag.py:3954} INFO - Setting next_dagrun for example_xcom_args_with_operators to None, run_after=None
[2024-05-24T00:16:08.499+0000] {processor.py:183} INFO - Processing /home/airflow/.local/lib/python3.12/site-packages/airflow/example_dags/example_xcomargs.py took 0.031 seconds
[2024-05-24T00:16:38.931+0000] {processor.py:161} INFO - Started process (PID=298) to work on /home/airflow/.local/lib/python3.12/site-packages/airflow/example_dags/example_xcomargs.py
[2024-05-24T00:16:38.932+0000] {processor.py:830} INFO - Processing file /home/airflow/.local/lib/python3.12/site-packages/airflow/example_dags/example_xcomargs.py for tasks to queue
[2024-05-24T00:16:38.933+0000] {logging_mixin.py:188} INFO - [2024-05-24T00:16:38.933+0000] {dagbag.py:545} INFO - Filling up the DagBag from /home/airflow/.local/lib/python3.12/site-packages/airflow/example_dags/example_xcomargs.py
[2024-05-24T00:16:38.936+0000] {processor.py:840} INFO - DAG(s) 'example_xcom_args', 'example_xcom_args_with_operators' retrieved from /home/airflow/.local/lib/python3.12/site-packages/airflow/example_dags/example_xcomargs.py
[2024-05-24T00:16:38.946+0000] {logging_mixin.py:188} INFO - [2024-05-24T00:16:38.946+0000] {dag.py:3096} INFO - Sync 2 DAGs
[2024-05-24T00:16:38.951+0000] {logging_mixin.py:188} INFO - [2024-05-24T00:16:38.951+0000] {dag.py:3954} INFO - Setting next_dagrun for example_xcom_args to None, run_after=None
[2024-05-24T00:16:38.952+0000] {logging_mixin.py:188} INFO - [2024-05-24T00:16:38.952+0000] {dag.py:3954} INFO - Setting next_dagrun for example_xcom_args_with_operators to None, run_after=None
[2024-05-24T00:16:38.958+0000] {processor.py:183} INFO - Processing /home/airflow/.local/lib/python3.12/site-packages/airflow/example_dags/example_xcomargs.py took 0.030 seconds
[2024-05-24T00:17:09.479+0000] {processor.py:161} INFO - Started process (PID=358) to work on /home/airflow/.local/lib/python3.12/site-packages/airflow/example_dags/example_xcomargs.py
[2024-05-24T00:17:09.480+0000] {processor.py:830} INFO - Processing file /home/airflow/.local/lib/python3.12/site-packages/airflow/example_dags/example_xcomargs.py for tasks to queue
[2024-05-24T00:17:09.480+0000] {logging_mixin.py:188} INFO - [2024-05-24T00:17:09.480+0000] {dagbag.py:545} INFO - Filling up the DagBag from /home/airflow/.local/lib/python3.12/site-packages/airflow/example_dags/example_xcomargs.py
[2024-05-24T00:17:09.484+0000] {processor.py:840} INFO - DAG(s) 'example_xcom_args', 'example_xcom_args_with_operators' retrieved from /home/airflow/.local/lib/python3.12/site-packages/airflow/example_dags/example_xcomargs.py
[2024-05-24T00:17:09.497+0000] {logging_mixin.py:188} INFO - [2024-05-24T00:17:09.497+0000] {dag.py:3096} INFO - Sync 2 DAGs
[2024-05-24T00:17:09.506+0000] {logging_mixin.py:188} INFO - [2024-05-24T00:17:09.506+0000] {dag.py:3954} INFO - Setting next_dagrun for example_xcom_args to None, run_after=None
[2024-05-24T00:17:09.509+0000] {logging_mixin.py:188} INFO - [2024-05-24T00:17:09.508+0000] {dag.py:3954} INFO - Setting next_dagrun for example_xcom_args_with_operators to None, run_after=None
[2024-05-24T00:17:09.518+0000] {processor.py:183} INFO - Processing /home/airflow/.local/lib/python3.12/site-packages/airflow/example_dags/example_xcomargs.py took 0.041 seconds
[2024-05-24T00:17:39.870+0000] {processor.py:161} INFO - Started process (PID=417) to work on /home/airflow/.local/lib/python3.12/site-packages/airflow/example_dags/example_xcomargs.py
[2024-05-24T00:17:39.871+0000] {processor.py:830} INFO - Processing file /home/airflow/.local/lib/python3.12/site-packages/airflow/example_dags/example_xcomargs.py for tasks to queue
[2024-05-24T00:17:39.871+0000] {logging_mixin.py:188} INFO - [2024-05-24T00:17:39.871+0000] {dagbag.py:545} INFO - Filling up the DagBag from /home/airflow/.local/lib/python3.12/site-packages/airflow/example_dags/example_xcomargs.py
[2024-05-24T00:17:39.875+0000] {processor.py:840} INFO - DAG(s) 'example_xcom_args', 'example_xcom_args_with_operators' retrieved from /home/airflow/.local/lib/python3.12/site-packages/airflow/example_dags/example_xcomargs.py
[2024-05-24T00:17:39.895+0000] {logging_mixin.py:188} INFO - [2024-05-24T00:17:39.895+0000] {dag.py:3096} INFO - Sync 2 DAGs
[2024-05-24T00:17:39.901+0000] {logging_mixin.py:188} INFO - [2024-05-24T00:17:39.901+0000] {dag.py:3954} INFO - Setting next_dagrun for example_xcom_args to None, run_after=None
[2024-05-24T00:17:39.903+0000] {logging_mixin.py:188} INFO - [2024-05-24T00:17:39.903+0000] {dag.py:3954} INFO - Setting next_dagrun for example_xcom_args_with_operators to None, run_after=None
[2024-05-24T00:17:39.909+0000] {processor.py:183} INFO - Processing /home/airflow/.local/lib/python3.12/site-packages/airflow/example_dags/example_xcomargs.py took 0.043 seconds
[2024-05-24T00:18:10.540+0000] {processor.py:161} INFO - Started process (PID=477) to work on /home/airflow/.local/lib/python3.12/site-packages/airflow/example_dags/example_xcomargs.py
[2024-05-24T00:18:10.540+0000] {processor.py:830} INFO - Processing file /home/airflow/.local/lib/python3.12/site-packages/airflow/example_dags/example_xcomargs.py for tasks to queue
[2024-05-24T00:18:10.541+0000] {logging_mixin.py:188} INFO - [2024-05-24T00:18:10.541+0000] {dagbag.py:545} INFO - Filling up the DagBag from /home/airflow/.local/lib/python3.12/site-packages/airflow/example_dags/example_xcomargs.py
[2024-05-24T00:18:10.547+0000] {processor.py:840} INFO - DAG(s) 'example_xcom_args', 'example_xcom_args_with_operators' retrieved from /home/airflow/.local/lib/python3.12/site-packages/airflow/example_dags/example_xcomargs.py
[2024-05-24T00:18:10.562+0000] {logging_mixin.py:188} INFO - [2024-05-24T00:18:10.562+0000] {dag.py:3096} INFO - Sync 2 DAGs
[2024-05-24T00:18:10.570+0000] {logging_mixin.py:188} INFO - [2024-05-24T00:18:10.570+0000] {dag.py:3954} INFO - Setting next_dagrun for example_xcom_args to None, run_after=None
[2024-05-24T00:18:10.573+0000] {logging_mixin.py:188} INFO - [2024-05-24T00:18:10.573+0000] {dag.py:3954} INFO - Setting next_dagrun for example_xcom_args_with_operators to None, run_after=None
[2024-05-24T00:18:10.581+0000] {processor.py:183} INFO - Processing /home/airflow/.local/lib/python3.12/site-packages/airflow/example_dags/example_xcomargs.py took 0.045 seconds
[2024-05-24T00:18:41.347+0000] {processor.py:161} INFO - Started process (PID=543) to work on /home/airflow/.local/lib/python3.12/site-packages/airflow/example_dags/example_xcomargs.py
[2024-05-24T00:18:41.347+0000] {processor.py:830} INFO - Processing file /home/airflow/.local/lib/python3.12/site-packages/airflow/example_dags/example_xcomargs.py for tasks to queue
[2024-05-24T00:18:41.348+0000] {logging_mixin.py:188} INFO - [2024-05-24T00:18:41.348+0000] {dagbag.py:545} INFO - Filling up the DagBag from /home/airflow/.local/lib/python3.12/site-packages/airflow/example_dags/example_xcomargs.py
[2024-05-24T00:18:41.351+0000] {processor.py:840} INFO - DAG(s) 'example_xcom_args_with_operators', 'example_xcom_args' retrieved from /home/airflow/.local/lib/python3.12/site-packages/airflow/example_dags/example_xcomargs.py
[2024-05-24T00:18:41.361+0000] {logging_mixin.py:188} INFO - [2024-05-24T00:18:41.361+0000] {dag.py:3096} INFO - Sync 2 DAGs
[2024-05-24T00:18:41.366+0000] {logging_mixin.py:188} INFO - [2024-05-24T00:18:41.366+0000] {dag.py:3954} INFO - Setting next_dagrun for example_xcom_args to None, run_after=None
[2024-05-24T00:18:41.368+0000] {logging_mixin.py:188} INFO - [2024-05-24T00:18:41.368+0000] {dag.py:3954} INFO - Setting next_dagrun for example_xcom_args_with_operators to None, run_after=None
[2024-05-24T00:18:41.373+0000] {processor.py:183} INFO - Processing /home/airflow/.local/lib/python3.12/site-packages/airflow/example_dags/example_xcomargs.py took 0.029 seconds
[2024-05-24T00:19:11.996+0000] {processor.py:161} INFO - Started process (PID=603) to work on /home/airflow/.local/lib/python3.12/site-packages/airflow/example_dags/example_xcomargs.py
[2024-05-24T00:19:11.997+0000] {processor.py:830} INFO - Processing file /home/airflow/.local/lib/python3.12/site-packages/airflow/example_dags/example_xcomargs.py for tasks to queue
[2024-05-24T00:19:11.998+0000] {logging_mixin.py:188} INFO - [2024-05-24T00:19:11.998+0000] {dagbag.py:545} INFO - Filling up the DagBag from /home/airflow/.local/lib/python3.12/site-packages/airflow/example_dags/example_xcomargs.py
[2024-05-24T00:19:12.001+0000] {processor.py:840} INFO - DAG(s) 'example_xcom_args_with_operators', 'example_xcom_args' retrieved from /home/airflow/.local/lib/python3.12/site-packages/airflow/example_dags/example_xcomargs.py
[2024-05-24T00:19:12.010+0000] {logging_mixin.py:188} INFO - [2024-05-24T00:19:12.010+0000] {dag.py:3096} INFO - Sync 2 DAGs
[2024-05-24T00:19:12.015+0000] {logging_mixin.py:188} INFO - [2024-05-24T00:19:12.015+0000] {dag.py:3954} INFO - Setting next_dagrun for example_xcom_args to None, run_after=None
[2024-05-24T00:19:12.017+0000] {logging_mixin.py:188} INFO - [2024-05-24T00:19:12.017+0000] {dag.py:3954} INFO - Setting next_dagrun for example_xcom_args_with_operators to None, run_after=None
[2024-05-24T00:19:12.023+0000] {processor.py:183} INFO - Processing /home/airflow/.local/lib/python3.12/site-packages/airflow/example_dags/example_xcomargs.py took 0.030 seconds
[2024-05-24T00:19:42.771+0000] {processor.py:161} INFO - Started process (PID=663) to work on /home/airflow/.local/lib/python3.12/site-packages/airflow/example_dags/example_xcomargs.py
[2024-05-24T00:19:42.771+0000] {processor.py:830} INFO - Processing file /home/airflow/.local/lib/python3.12/site-packages/airflow/example_dags/example_xcomargs.py for tasks to queue
[2024-05-24T00:19:42.772+0000] {logging_mixin.py:188} INFO - [2024-05-24T00:19:42.772+0000] {dagbag.py:545} INFO - Filling up the DagBag from /home/airflow/.local/lib/python3.12/site-packages/airflow/example_dags/example_xcomargs.py
[2024-05-24T00:19:42.775+0000] {processor.py:840} INFO - DAG(s) 'example_xcom_args', 'example_xcom_args_with_operators' retrieved from /home/airflow/.local/lib/python3.12/site-packages/airflow/example_dags/example_xcomargs.py
[2024-05-24T00:19:42.789+0000] {logging_mixin.py:188} INFO - [2024-05-24T00:19:42.789+0000] {dag.py:3096} INFO - Sync 2 DAGs
[2024-05-24T00:19:42.798+0000] {logging_mixin.py:188} INFO - [2024-05-24T00:19:42.798+0000] {dag.py:3954} INFO - Setting next_dagrun for example_xcom_args to None, run_after=None
[2024-05-24T00:19:42.799+0000] {logging_mixin.py:188} INFO - [2024-05-24T00:19:42.799+0000] {dag.py:3954} INFO - Setting next_dagrun for example_xcom_args_with_operators to None, run_after=None
[2024-05-24T00:19:42.806+0000] {processor.py:183} INFO - Processing /home/airflow/.local/lib/python3.12/site-packages/airflow/example_dags/example_xcomargs.py took 0.038 seconds
[2024-05-24T00:20:13.462+0000] {processor.py:161} INFO - Started process (PID=722) to work on /home/airflow/.local/lib/python3.12/site-packages/airflow/example_dags/example_xcomargs.py
[2024-05-24T00:20:13.462+0000] {processor.py:830} INFO - Processing file /home/airflow/.local/lib/python3.12/site-packages/airflow/example_dags/example_xcomargs.py for tasks to queue
[2024-05-24T00:20:13.463+0000] {logging_mixin.py:188} INFO - [2024-05-24T00:20:13.463+0000] {dagbag.py:545} INFO - Filling up the DagBag from /home/airflow/.local/lib/python3.12/site-packages/airflow/example_dags/example_xcomargs.py
[2024-05-24T00:20:13.468+0000] {processor.py:840} INFO - DAG(s) 'example_xcom_args', 'example_xcom_args_with_operators' retrieved from /home/airflow/.local/lib/python3.12/site-packages/airflow/example_dags/example_xcomargs.py
[2024-05-24T00:20:13.483+0000] {logging_mixin.py:188} INFO - [2024-05-24T00:20:13.483+0000] {dag.py:3096} INFO - Sync 2 DAGs
[2024-05-24T00:20:13.492+0000] {logging_mixin.py:188} INFO - [2024-05-24T00:20:13.492+0000] {dag.py:3954} INFO - Setting next_dagrun for example_xcom_args to None, run_after=None
[2024-05-24T00:20:13.494+0000] {logging_mixin.py:188} INFO - [2024-05-24T00:20:13.494+0000] {dag.py:3954} INFO - Setting next_dagrun for example_xcom_args_with_operators to None, run_after=None
[2024-05-24T00:20:13.502+0000] {processor.py:183} INFO - Processing /home/airflow/.local/lib/python3.12/site-packages/airflow/example_dags/example_xcomargs.py took 0.044 seconds
[2024-05-24T00:20:44.181+0000] {processor.py:161} INFO - Started process (PID=782) to work on /home/airflow/.local/lib/python3.12/site-packages/airflow/example_dags/example_xcomargs.py
[2024-05-24T00:20:44.181+0000] {processor.py:830} INFO - Processing file /home/airflow/.local/lib/python3.12/site-packages/airflow/example_dags/example_xcomargs.py for tasks to queue
[2024-05-24T00:20:44.182+0000] {logging_mixin.py:188} INFO - [2024-05-24T00:20:44.181+0000] {dagbag.py:545} INFO - Filling up the DagBag from /home/airflow/.local/lib/python3.12/site-packages/airflow/example_dags/example_xcomargs.py
[2024-05-24T00:20:44.185+0000] {processor.py:840} INFO - DAG(s) 'example_xcom_args_with_operators', 'example_xcom_args' retrieved from /home/airflow/.local/lib/python3.12/site-packages/airflow/example_dags/example_xcomargs.py
[2024-05-24T00:20:44.197+0000] {logging_mixin.py:188} INFO - [2024-05-24T00:20:44.197+0000] {dag.py:3096} INFO - Sync 2 DAGs
[2024-05-24T00:20:44.205+0000] {logging_mixin.py:188} INFO - [2024-05-24T00:20:44.205+0000] {dag.py:3954} INFO - Setting next_dagrun for example_xcom_args to None, run_after=None
[2024-05-24T00:20:44.207+0000] {logging_mixin.py:188} INFO - [2024-05-24T00:20:44.207+0000] {dag.py:3954} INFO - Setting next_dagrun for example_xcom_args_with_operators to None, run_after=None
[2024-05-24T00:20:44.215+0000] {processor.py:183} INFO - Processing /home/airflow/.local/lib/python3.12/site-packages/airflow/example_dags/example_xcomargs.py took 0.038 seconds
[2024-05-24T00:21:14.765+0000] {processor.py:161} INFO - Started process (PID=859) to work on /home/airflow/.local/lib/python3.12/site-packages/airflow/example_dags/example_xcomargs.py
[2024-05-24T00:21:14.766+0000] {processor.py:830} INFO - Processing file /home/airflow/.local/lib/python3.12/site-packages/airflow/example_dags/example_xcomargs.py for tasks to queue
[2024-05-24T00:21:14.767+0000] {logging_mixin.py:188} INFO - [2024-05-24T00:21:14.767+0000] {dagbag.py:545} INFO - Filling up the DagBag from /home/airflow/.local/lib/python3.12/site-packages/airflow/example_dags/example_xcomargs.py
[2024-05-24T00:21:14.773+0000] {processor.py:840} INFO - DAG(s) 'example_xcom_args', 'example_xcom_args_with_operators' retrieved from /home/airflow/.local/lib/python3.12/site-packages/airflow/example_dags/example_xcomargs.py
[2024-05-24T00:21:14.789+0000] {logging_mixin.py:188} INFO - [2024-05-24T00:21:14.788+0000] {dag.py:3096} INFO - Sync 2 DAGs
[2024-05-24T00:21:14.797+0000] {logging_mixin.py:188} INFO - [2024-05-24T00:21:14.797+0000] {dag.py:3954} INFO - Setting next_dagrun for example_xcom_args to None, run_after=None
[2024-05-24T00:21:14.800+0000] {logging_mixin.py:188} INFO - [2024-05-24T00:21:14.799+0000] {dag.py:3954} INFO - Setting next_dagrun for example_xcom_args_with_operators to None, run_after=None
[2024-05-24T00:21:14.809+0000] {processor.py:183} INFO - Processing /home/airflow/.local/lib/python3.12/site-packages/airflow/example_dags/example_xcomargs.py took 0.051 seconds
[2024-05-24T00:21:45.382+0000] {processor.py:161} INFO - Started process (PID=937) to work on /home/airflow/.local/lib/python3.12/site-packages/airflow/example_dags/example_xcomargs.py
[2024-05-24T00:21:45.383+0000] {processor.py:830} INFO - Processing file /home/airflow/.local/lib/python3.12/site-packages/airflow/example_dags/example_xcomargs.py for tasks to queue
[2024-05-24T00:21:45.384+0000] {logging_mixin.py:188} INFO - [2024-05-24T00:21:45.383+0000] {dagbag.py:545} INFO - Filling up the DagBag from /home/airflow/.local/lib/python3.12/site-packages/airflow/example_dags/example_xcomargs.py
[2024-05-24T00:21:45.388+0000] {processor.py:840} INFO - DAG(s) 'example_xcom_args_with_operators', 'example_xcom_args' retrieved from /home/airflow/.local/lib/python3.12/site-packages/airflow/example_dags/example_xcomargs.py
[2024-05-24T00:21:45.397+0000] {logging_mixin.py:188} INFO - [2024-05-24T00:21:45.397+0000] {dag.py:3096} INFO - Sync 2 DAGs
[2024-05-24T00:21:45.403+0000] {logging_mixin.py:188} INFO - [2024-05-24T00:21:45.402+0000] {dag.py:3954} INFO - Setting next_dagrun for example_xcom_args to None, run_after=None
[2024-05-24T00:21:45.404+0000] {logging_mixin.py:188} INFO - [2024-05-24T00:21:45.404+0000] {dag.py:3954} INFO - Setting next_dagrun for example_xcom_args_with_operators to None, run_after=None
[2024-05-24T00:21:45.410+0000] {processor.py:183} INFO - Processing /home/airflow/.local/lib/python3.12/site-packages/airflow/example_dags/example_xcomargs.py took 0.032 seconds
[2024-05-24T00:22:16.135+0000] {processor.py:161} INFO - Started process (PID=997) to work on /home/airflow/.local/lib/python3.12/site-packages/airflow/example_dags/example_xcomargs.py
[2024-05-24T00:22:16.136+0000] {processor.py:830} INFO - Processing file /home/airflow/.local/lib/python3.12/site-packages/airflow/example_dags/example_xcomargs.py for tasks to queue
[2024-05-24T00:22:16.136+0000] {logging_mixin.py:188} INFO - [2024-05-24T00:22:16.136+0000] {dagbag.py:545} INFO - Filling up the DagBag from /home/airflow/.local/lib/python3.12/site-packages/airflow/example_dags/example_xcomargs.py
[2024-05-24T00:22:16.140+0000] {processor.py:840} INFO - DAG(s) 'example_xcom_args', 'example_xcom_args_with_operators' retrieved from /home/airflow/.local/lib/python3.12/site-packages/airflow/example_dags/example_xcomargs.py
[2024-05-24T00:22:16.153+0000] {logging_mixin.py:188} INFO - [2024-05-24T00:22:16.153+0000] {dag.py:3096} INFO - Sync 2 DAGs
[2024-05-24T00:22:16.161+0000] {logging_mixin.py:188} INFO - [2024-05-24T00:22:16.161+0000] {dag.py:3954} INFO - Setting next_dagrun for example_xcom_args to None, run_after=None
[2024-05-24T00:22:16.163+0000] {logging_mixin.py:188} INFO - [2024-05-24T00:22:16.163+0000] {dag.py:3954} INFO - Setting next_dagrun for example_xcom_args_with_operators to None, run_after=None
[2024-05-24T00:22:16.173+0000] {processor.py:183} INFO - Processing /home/airflow/.local/lib/python3.12/site-packages/airflow/example_dags/example_xcomargs.py took 0.039 seconds
[2024-05-24T00:22:46.379+0000] {processor.py:161} INFO - Started process (PID=1075) to work on /home/airflow/.local/lib/python3.12/site-packages/airflow/example_dags/example_xcomargs.py
[2024-05-24T00:22:46.380+0000] {processor.py:830} INFO - Processing file /home/airflow/.local/lib/python3.12/site-packages/airflow/example_dags/example_xcomargs.py for tasks to queue
[2024-05-24T00:22:46.381+0000] {logging_mixin.py:188} INFO - [2024-05-24T00:22:46.381+0000] {dagbag.py:545} INFO - Filling up the DagBag from /home/airflow/.local/lib/python3.12/site-packages/airflow/example_dags/example_xcomargs.py
[2024-05-24T00:22:46.386+0000] {processor.py:840} INFO - DAG(s) 'example_xcom_args_with_operators', 'example_xcom_args' retrieved from /home/airflow/.local/lib/python3.12/site-packages/airflow/example_dags/example_xcomargs.py
[2024-05-24T00:22:46.400+0000] {logging_mixin.py:188} INFO - [2024-05-24T00:22:46.400+0000] {dag.py:3096} INFO - Sync 2 DAGs
[2024-05-24T00:22:46.410+0000] {logging_mixin.py:188} INFO - [2024-05-24T00:22:46.410+0000] {dag.py:3954} INFO - Setting next_dagrun for example_xcom_args to None, run_after=None
[2024-05-24T00:22:46.412+0000] {logging_mixin.py:188} INFO - [2024-05-24T00:22:46.412+0000] {dag.py:3954} INFO - Setting next_dagrun for example_xcom_args_with_operators to None, run_after=None
[2024-05-24T00:22:46.419+0000] {processor.py:183} INFO - Processing /home/airflow/.local/lib/python3.12/site-packages/airflow/example_dags/example_xcomargs.py took 0.045 seconds
[2024-05-24T00:23:17.134+0000] {processor.py:161} INFO - Started process (PID=1135) to work on /home/airflow/.local/lib/python3.12/site-packages/airflow/example_dags/example_xcomargs.py
[2024-05-24T00:23:17.134+0000] {processor.py:830} INFO - Processing file /home/airflow/.local/lib/python3.12/site-packages/airflow/example_dags/example_xcomargs.py for tasks to queue
[2024-05-24T00:23:17.135+0000] {logging_mixin.py:188} INFO - [2024-05-24T00:23:17.135+0000] {dagbag.py:545} INFO - Filling up the DagBag from /home/airflow/.local/lib/python3.12/site-packages/airflow/example_dags/example_xcomargs.py
[2024-05-24T00:23:17.140+0000] {processor.py:840} INFO - DAG(s) 'example_xcom_args', 'example_xcom_args_with_operators' retrieved from /home/airflow/.local/lib/python3.12/site-packages/airflow/example_dags/example_xcomargs.py
[2024-05-24T00:23:17.155+0000] {logging_mixin.py:188} INFO - [2024-05-24T00:23:17.155+0000] {dag.py:3096} INFO - Sync 2 DAGs
[2024-05-24T00:23:17.161+0000] {logging_mixin.py:188} INFO - [2024-05-24T00:23:17.161+0000] {dag.py:3954} INFO - Setting next_dagrun for example_xcom_args to None, run_after=None
[2024-05-24T00:23:17.164+0000] {logging_mixin.py:188} INFO - [2024-05-24T00:23:17.163+0000] {dag.py:3954} INFO - Setting next_dagrun for example_xcom_args_with_operators to None, run_after=None
[2024-05-24T00:23:17.173+0000] {processor.py:183} INFO - Processing /home/airflow/.local/lib/python3.12/site-packages/airflow/example_dags/example_xcomargs.py took 0.043 seconds
[2024-05-24T00:23:47.931+0000] {processor.py:161} INFO - Started process (PID=1195) to work on /home/airflow/.local/lib/python3.12/site-packages/airflow/example_dags/example_xcomargs.py
[2024-05-24T00:23:47.931+0000] {processor.py:830} INFO - Processing file /home/airflow/.local/lib/python3.12/site-packages/airflow/example_dags/example_xcomargs.py for tasks to queue
[2024-05-24T00:23:47.932+0000] {logging_mixin.py:188} INFO - [2024-05-24T00:23:47.932+0000] {dagbag.py:545} INFO - Filling up the DagBag from /home/airflow/.local/lib/python3.12/site-packages/airflow/example_dags/example_xcomargs.py
[2024-05-24T00:23:47.935+0000] {processor.py:840} INFO - DAG(s) 'example_xcom_args_with_operators', 'example_xcom_args' retrieved from /home/airflow/.local/lib/python3.12/site-packages/airflow/example_dags/example_xcomargs.py
[2024-05-24T00:23:47.949+0000] {logging_mixin.py:188} INFO - [2024-05-24T00:23:47.949+0000] {dag.py:3096} INFO - Sync 2 DAGs
[2024-05-24T00:23:47.955+0000] {logging_mixin.py:188} INFO - [2024-05-24T00:23:47.955+0000] {dag.py:3954} INFO - Setting next_dagrun for example_xcom_args to None, run_after=None
[2024-05-24T00:23:47.957+0000] {logging_mixin.py:188} INFO - [2024-05-24T00:23:47.957+0000] {dag.py:3954} INFO - Setting next_dagrun for example_xcom_args_with_operators to None, run_after=None
[2024-05-24T00:23:47.967+0000] {processor.py:183} INFO - Processing /home/airflow/.local/lib/python3.12/site-packages/airflow/example_dags/example_xcomargs.py took 0.039 seconds
[2024-05-24T00:24:18.657+0000] {processor.py:161} INFO - Started process (PID=1255) to work on /home/airflow/.local/lib/python3.12/site-packages/airflow/example_dags/example_xcomargs.py
[2024-05-24T00:24:18.658+0000] {processor.py:830} INFO - Processing file /home/airflow/.local/lib/python3.12/site-packages/airflow/example_dags/example_xcomargs.py for tasks to queue
[2024-05-24T00:24:18.658+0000] {logging_mixin.py:188} INFO - [2024-05-24T00:24:18.658+0000] {dagbag.py:545} INFO - Filling up the DagBag from /home/airflow/.local/lib/python3.12/site-packages/airflow/example_dags/example_xcomargs.py
[2024-05-24T00:24:18.661+0000] {processor.py:840} INFO - DAG(s) 'example_xcom_args', 'example_xcom_args_with_operators' retrieved from /home/airflow/.local/lib/python3.12/site-packages/airflow/example_dags/example_xcomargs.py
[2024-05-24T00:24:18.673+0000] {logging_mixin.py:188} INFO - [2024-05-24T00:24:18.672+0000] {dag.py:3096} INFO - Sync 2 DAGs
[2024-05-24T00:24:18.680+0000] {logging_mixin.py:188} INFO - [2024-05-24T00:24:18.680+0000] {dag.py:3954} INFO - Setting next_dagrun for example_xcom_args to None, run_after=None
[2024-05-24T00:24:18.683+0000] {logging_mixin.py:188} INFO - [2024-05-24T00:24:18.683+0000] {dag.py:3954} INFO - Setting next_dagrun for example_xcom_args_with_operators to None, run_after=None
[2024-05-24T00:24:18.691+0000] {processor.py:183} INFO - Processing /home/airflow/.local/lib/python3.12/site-packages/airflow/example_dags/example_xcomargs.py took 0.037 seconds
[2024-05-24T00:24:49.410+0000] {processor.py:161} INFO - Started process (PID=1315) to work on /home/airflow/.local/lib/python3.12/site-packages/airflow/example_dags/example_xcomargs.py
[2024-05-24T00:24:49.411+0000] {processor.py:830} INFO - Processing file /home/airflow/.local/lib/python3.12/site-packages/airflow/example_dags/example_xcomargs.py for tasks to queue
[2024-05-24T00:24:49.412+0000] {logging_mixin.py:188} INFO - [2024-05-24T00:24:49.412+0000] {dagbag.py:545} INFO - Filling up the DagBag from /home/airflow/.local/lib/python3.12/site-packages/airflow/example_dags/example_xcomargs.py
[2024-05-24T00:24:49.418+0000] {processor.py:840} INFO - DAG(s) 'example_xcom_args', 'example_xcom_args_with_operators' retrieved from /home/airflow/.local/lib/python3.12/site-packages/airflow/example_dags/example_xcomargs.py
[2024-05-24T00:24:49.437+0000] {logging_mixin.py:188} INFO - [2024-05-24T00:24:49.437+0000] {dag.py:3096} INFO - Sync 2 DAGs
[2024-05-24T00:24:49.446+0000] {logging_mixin.py:188} INFO - [2024-05-24T00:24:49.446+0000] {dag.py:3954} INFO - Setting next_dagrun for example_xcom_args to None, run_after=None
[2024-05-24T00:24:49.449+0000] {logging_mixin.py:188} INFO - [2024-05-24T00:24:49.449+0000] {dag.py:3954} INFO - Setting next_dagrun for example_xcom_args_with_operators to None, run_after=None
[2024-05-24T00:24:49.458+0000] {processor.py:183} INFO - Processing /home/airflow/.local/lib/python3.12/site-packages/airflow/example_dags/example_xcomargs.py took 0.052 seconds
[2024-05-24T00:25:20.135+0000] {processor.py:161} INFO - Started process (PID=1375) to work on /home/airflow/.local/lib/python3.12/site-packages/airflow/example_dags/example_xcomargs.py
[2024-05-24T00:25:20.135+0000] {processor.py:830} INFO - Processing file /home/airflow/.local/lib/python3.12/site-packages/airflow/example_dags/example_xcomargs.py for tasks to queue
[2024-05-24T00:25:20.136+0000] {logging_mixin.py:188} INFO - [2024-05-24T00:25:20.136+0000] {dagbag.py:545} INFO - Filling up the DagBag from /home/airflow/.local/lib/python3.12/site-packages/airflow/example_dags/example_xcomargs.py
[2024-05-24T00:25:20.139+0000] {processor.py:840} INFO - DAG(s) 'example_xcom_args_with_operators', 'example_xcom_args' retrieved from /home/airflow/.local/lib/python3.12/site-packages/airflow/example_dags/example_xcomargs.py
[2024-05-24T00:25:20.153+0000] {logging_mixin.py:188} INFO - [2024-05-24T00:25:20.153+0000] {dag.py:3096} INFO - Sync 2 DAGs
[2024-05-24T00:25:20.161+0000] {logging_mixin.py:188} INFO - [2024-05-24T00:25:20.161+0000] {dag.py:3954} INFO - Setting next_dagrun for example_xcom_args to None, run_after=None
[2024-05-24T00:25:20.163+0000] {logging_mixin.py:188} INFO - [2024-05-24T00:25:20.163+0000] {dag.py:3954} INFO - Setting next_dagrun for example_xcom_args_with_operators to None, run_after=None
[2024-05-24T00:25:20.172+0000] {processor.py:183} INFO - Processing /home/airflow/.local/lib/python3.12/site-packages/airflow/example_dags/example_xcomargs.py took 0.039 seconds
[2024-05-24T00:25:50.801+0000] {processor.py:161} INFO - Started process (PID=1435) to work on /home/airflow/.local/lib/python3.12/site-packages/airflow/example_dags/example_xcomargs.py
[2024-05-24T00:25:50.801+0000] {processor.py:830} INFO - Processing file /home/airflow/.local/lib/python3.12/site-packages/airflow/example_dags/example_xcomargs.py for tasks to queue
[2024-05-24T00:25:50.802+0000] {logging_mixin.py:188} INFO - [2024-05-24T00:25:50.802+0000] {dagbag.py:545} INFO - Filling up the DagBag from /home/airflow/.local/lib/python3.12/site-packages/airflow/example_dags/example_xcomargs.py
[2024-05-24T00:25:50.805+0000] {processor.py:840} INFO - DAG(s) 'example_xcom_args_with_operators', 'example_xcom_args' retrieved from /home/airflow/.local/lib/python3.12/site-packages/airflow/example_dags/example_xcomargs.py
[2024-05-24T00:25:50.817+0000] {logging_mixin.py:188} INFO - [2024-05-24T00:25:50.817+0000] {dag.py:3096} INFO - Sync 2 DAGs
[2024-05-24T00:25:50.826+0000] {logging_mixin.py:188} INFO - [2024-05-24T00:25:50.826+0000] {dag.py:3954} INFO - Setting next_dagrun for example_xcom_args to None, run_after=None
[2024-05-24T00:25:50.829+0000] {logging_mixin.py:188} INFO - [2024-05-24T00:25:50.829+0000] {dag.py:3954} INFO - Setting next_dagrun for example_xcom_args_with_operators to None, run_after=None
[2024-05-24T00:25:50.838+0000] {processor.py:183} INFO - Processing /home/airflow/.local/lib/python3.12/site-packages/airflow/example_dags/example_xcomargs.py took 0.040 seconds
[2024-05-24T00:26:21.461+0000] {processor.py:161} INFO - Started process (PID=1495) to work on /home/airflow/.local/lib/python3.12/site-packages/airflow/example_dags/example_xcomargs.py
[2024-05-24T00:26:21.461+0000] {processor.py:830} INFO - Processing file /home/airflow/.local/lib/python3.12/site-packages/airflow/example_dags/example_xcomargs.py for tasks to queue
[2024-05-24T00:26:21.462+0000] {logging_mixin.py:188} INFO - [2024-05-24T00:26:21.462+0000] {dagbag.py:545} INFO - Filling up the DagBag from /home/airflow/.local/lib/python3.12/site-packages/airflow/example_dags/example_xcomargs.py
[2024-05-24T00:26:21.467+0000] {processor.py:840} INFO - DAG(s) 'example_xcom_args', 'example_xcom_args_with_operators' retrieved from /home/airflow/.local/lib/python3.12/site-packages/airflow/example_dags/example_xcomargs.py
[2024-05-24T00:26:21.481+0000] {logging_mixin.py:188} INFO - [2024-05-24T00:26:21.481+0000] {dag.py:3096} INFO - Sync 2 DAGs
[2024-05-24T00:26:21.490+0000] {logging_mixin.py:188} INFO - [2024-05-24T00:26:21.490+0000] {dag.py:3954} INFO - Setting next_dagrun for example_xcom_args to None, run_after=None
[2024-05-24T00:26:21.492+0000] {logging_mixin.py:188} INFO - [2024-05-24T00:26:21.492+0000] {dag.py:3954} INFO - Setting next_dagrun for example_xcom_args_with_operators to None, run_after=None
[2024-05-24T00:26:21.502+0000] {processor.py:183} INFO - Processing /home/airflow/.local/lib/python3.12/site-packages/airflow/example_dags/example_xcomargs.py took 0.045 seconds
[2024-05-24T00:26:52.173+0000] {processor.py:161} INFO - Started process (PID=1556) to work on /home/airflow/.local/lib/python3.12/site-packages/airflow/example_dags/example_xcomargs.py
[2024-05-24T00:26:52.174+0000] {processor.py:830} INFO - Processing file /home/airflow/.local/lib/python3.12/site-packages/airflow/example_dags/example_xcomargs.py for tasks to queue
[2024-05-24T00:26:52.175+0000] {logging_mixin.py:188} INFO - [2024-05-24T00:26:52.175+0000] {dagbag.py:545} INFO - Filling up the DagBag from /home/airflow/.local/lib/python3.12/site-packages/airflow/example_dags/example_xcomargs.py
[2024-05-24T00:26:52.180+0000] {processor.py:840} INFO - DAG(s) 'example_xcom_args', 'example_xcom_args_with_operators' retrieved from /home/airflow/.local/lib/python3.12/site-packages/airflow/example_dags/example_xcomargs.py
[2024-05-24T00:26:52.194+0000] {logging_mixin.py:188} INFO - [2024-05-24T00:26:52.193+0000] {dag.py:3096} INFO - Sync 2 DAGs
[2024-05-24T00:26:52.201+0000] {logging_mixin.py:188} INFO - [2024-05-24T00:26:52.201+0000] {dag.py:3954} INFO - Setting next_dagrun for example_xcom_args to None, run_after=None
[2024-05-24T00:26:52.203+0000] {logging_mixin.py:188} INFO - [2024-05-24T00:26:52.203+0000] {dag.py:3954} INFO - Setting next_dagrun for example_xcom_args_with_operators to None, run_after=None
[2024-05-24T00:26:52.212+0000] {processor.py:183} INFO - Processing /home/airflow/.local/lib/python3.12/site-packages/airflow/example_dags/example_xcomargs.py took 0.042 seconds
[2024-05-24T00:27:22.915+0000] {processor.py:161} INFO - Started process (PID=1616) to work on /home/airflow/.local/lib/python3.12/site-packages/airflow/example_dags/example_xcomargs.py
[2024-05-24T00:27:22.915+0000] {processor.py:830} INFO - Processing file /home/airflow/.local/lib/python3.12/site-packages/airflow/example_dags/example_xcomargs.py for tasks to queue
[2024-05-24T00:27:22.916+0000] {logging_mixin.py:188} INFO - [2024-05-24T00:27:22.916+0000] {dagbag.py:545} INFO - Filling up the DagBag from /home/airflow/.local/lib/python3.12/site-packages/airflow/example_dags/example_xcomargs.py
[2024-05-24T00:27:22.919+0000] {processor.py:840} INFO - DAG(s) 'example_xcom_args', 'example_xcom_args_with_operators' retrieved from /home/airflow/.local/lib/python3.12/site-packages/airflow/example_dags/example_xcomargs.py
[2024-05-24T00:27:22.938+0000] {logging_mixin.py:188} INFO - [2024-05-24T00:27:22.938+0000] {dag.py:3096} INFO - Sync 2 DAGs
[2024-05-24T00:27:22.943+0000] {logging_mixin.py:188} INFO - [2024-05-24T00:27:22.943+0000] {dag.py:3954} INFO - Setting next_dagrun for example_xcom_args to None, run_after=None
[2024-05-24T00:27:22.945+0000] {logging_mixin.py:188} INFO - [2024-05-24T00:27:22.945+0000] {dag.py:3954} INFO - Setting next_dagrun for example_xcom_args_with_operators to None, run_after=None
[2024-05-24T00:27:22.953+0000] {processor.py:183} INFO - Processing /home/airflow/.local/lib/python3.12/site-packages/airflow/example_dags/example_xcomargs.py took 0.041 seconds
[2024-05-24T00:27:53.660+0000] {processor.py:161} INFO - Started process (PID=1676) to work on /home/airflow/.local/lib/python3.12/site-packages/airflow/example_dags/example_xcomargs.py
[2024-05-24T00:27:53.661+0000] {processor.py:830} INFO - Processing file /home/airflow/.local/lib/python3.12/site-packages/airflow/example_dags/example_xcomargs.py for tasks to queue
[2024-05-24T00:27:53.663+0000] {logging_mixin.py:188} INFO - [2024-05-24T00:27:53.663+0000] {dagbag.py:545} INFO - Filling up the DagBag from /home/airflow/.local/lib/python3.12/site-packages/airflow/example_dags/example_xcomargs.py
[2024-05-24T00:27:53.669+0000] {processor.py:840} INFO - DAG(s) 'example_xcom_args_with_operators', 'example_xcom_args' retrieved from /home/airflow/.local/lib/python3.12/site-packages/airflow/example_dags/example_xcomargs.py
[2024-05-24T00:27:53.683+0000] {logging_mixin.py:188} INFO - [2024-05-24T00:27:53.683+0000] {dag.py:3096} INFO - Sync 2 DAGs
[2024-05-24T00:27:53.693+0000] {logging_mixin.py:188} INFO - [2024-05-24T00:27:53.693+0000] {dag.py:3954} INFO - Setting next_dagrun for example_xcom_args to None, run_after=None
[2024-05-24T00:27:53.696+0000] {logging_mixin.py:188} INFO - [2024-05-24T00:27:53.696+0000] {dag.py:3954} INFO - Setting next_dagrun for example_xcom_args_with_operators to None, run_after=None
[2024-05-24T00:27:53.708+0000] {processor.py:183} INFO - Processing /home/airflow/.local/lib/python3.12/site-packages/airflow/example_dags/example_xcomargs.py took 0.054 seconds
[2024-05-24T00:28:24.550+0000] {processor.py:161} INFO - Started process (PID=1736) to work on /home/airflow/.local/lib/python3.12/site-packages/airflow/example_dags/example_xcomargs.py
[2024-05-24T00:28:24.551+0000] {processor.py:830} INFO - Processing file /home/airflow/.local/lib/python3.12/site-packages/airflow/example_dags/example_xcomargs.py for tasks to queue
[2024-05-24T00:28:24.552+0000] {logging_mixin.py:188} INFO - [2024-05-24T00:28:24.552+0000] {dagbag.py:545} INFO - Filling up the DagBag from /home/airflow/.local/lib/python3.12/site-packages/airflow/example_dags/example_xcomargs.py
[2024-05-24T00:28:24.555+0000] {processor.py:840} INFO - DAG(s) 'example_xcom_args_with_operators', 'example_xcom_args' retrieved from /home/airflow/.local/lib/python3.12/site-packages/airflow/example_dags/example_xcomargs.py
[2024-05-24T00:28:24.566+0000] {logging_mixin.py:188} INFO - [2024-05-24T00:28:24.566+0000] {dag.py:3096} INFO - Sync 2 DAGs
[2024-05-24T00:28:24.572+0000] {logging_mixin.py:188} INFO - [2024-05-24T00:28:24.572+0000] {dag.py:3954} INFO - Setting next_dagrun for example_xcom_args to None, run_after=None
[2024-05-24T00:28:24.573+0000] {logging_mixin.py:188} INFO - [2024-05-24T00:28:24.573+0000] {dag.py:3954} INFO - Setting next_dagrun for example_xcom_args_with_operators to None, run_after=None
[2024-05-24T00:28:24.579+0000] {processor.py:183} INFO - Processing /home/airflow/.local/lib/python3.12/site-packages/airflow/example_dags/example_xcomargs.py took 0.032 seconds
[2024-05-24T00:28:55.391+0000] {processor.py:161} INFO - Started process (PID=1796) to work on /home/airflow/.local/lib/python3.12/site-packages/airflow/example_dags/example_xcomargs.py
[2024-05-24T00:28:55.392+0000] {processor.py:830} INFO - Processing file /home/airflow/.local/lib/python3.12/site-packages/airflow/example_dags/example_xcomargs.py for tasks to queue
[2024-05-24T00:28:55.392+0000] {logging_mixin.py:188} INFO - [2024-05-24T00:28:55.392+0000] {dagbag.py:545} INFO - Filling up the DagBag from /home/airflow/.local/lib/python3.12/site-packages/airflow/example_dags/example_xcomargs.py
[2024-05-24T00:28:55.395+0000] {processor.py:840} INFO - DAG(s) 'example_xcom_args', 'example_xcom_args_with_operators' retrieved from /home/airflow/.local/lib/python3.12/site-packages/airflow/example_dags/example_xcomargs.py
[2024-05-24T00:28:55.408+0000] {logging_mixin.py:188} INFO - [2024-05-24T00:28:55.408+0000] {dag.py:3096} INFO - Sync 2 DAGs
[2024-05-24T00:28:55.415+0000] {logging_mixin.py:188} INFO - [2024-05-24T00:28:55.415+0000] {dag.py:3954} INFO - Setting next_dagrun for example_xcom_args to None, run_after=None
[2024-05-24T00:28:55.418+0000] {logging_mixin.py:188} INFO - [2024-05-24T00:28:55.417+0000] {dag.py:3954} INFO - Setting next_dagrun for example_xcom_args_with_operators to None, run_after=None
[2024-05-24T00:28:55.427+0000] {processor.py:183} INFO - Processing /home/airflow/.local/lib/python3.12/site-packages/airflow/example_dags/example_xcomargs.py took 0.037 seconds
[2024-05-24T00:29:26.255+0000] {processor.py:161} INFO - Started process (PID=1856) to work on /home/airflow/.local/lib/python3.12/site-packages/airflow/example_dags/example_xcomargs.py
[2024-05-24T00:29:26.256+0000] {processor.py:830} INFO - Processing file /home/airflow/.local/lib/python3.12/site-packages/airflow/example_dags/example_xcomargs.py for tasks to queue
[2024-05-24T00:29:26.257+0000] {logging_mixin.py:188} INFO - [2024-05-24T00:29:26.257+0000] {dagbag.py:545} INFO - Filling up the DagBag from /home/airflow/.local/lib/python3.12/site-packages/airflow/example_dags/example_xcomargs.py
[2024-05-24T00:29:26.262+0000] {processor.py:840} INFO - DAG(s) 'example_xcom_args', 'example_xcom_args_with_operators' retrieved from /home/airflow/.local/lib/python3.12/site-packages/airflow/example_dags/example_xcomargs.py
[2024-05-24T00:29:26.275+0000] {logging_mixin.py:188} INFO - [2024-05-24T00:29:26.275+0000] {dag.py:3096} INFO - Sync 2 DAGs
[2024-05-24T00:29:26.284+0000] {logging_mixin.py:188} INFO - [2024-05-24T00:29:26.284+0000] {dag.py:3954} INFO - Setting next_dagrun for example_xcom_args to None, run_after=None
[2024-05-24T00:29:26.286+0000] {logging_mixin.py:188} INFO - [2024-05-24T00:29:26.286+0000] {dag.py:3954} INFO - Setting next_dagrun for example_xcom_args_with_operators to None, run_after=None
[2024-05-24T00:29:26.295+0000] {processor.py:183} INFO - Processing /home/airflow/.local/lib/python3.12/site-packages/airflow/example_dags/example_xcomargs.py took 0.044 seconds
[2024-05-24T00:29:57.178+0000] {processor.py:161} INFO - Started process (PID=1916) to work on /home/airflow/.local/lib/python3.12/site-packages/airflow/example_dags/example_xcomargs.py
[2024-05-24T00:29:57.179+0000] {processor.py:830} INFO - Processing file /home/airflow/.local/lib/python3.12/site-packages/airflow/example_dags/example_xcomargs.py for tasks to queue
[2024-05-24T00:29:57.180+0000] {logging_mixin.py:188} INFO - [2024-05-24T00:29:57.179+0000] {dagbag.py:545} INFO - Filling up the DagBag from /home/airflow/.local/lib/python3.12/site-packages/airflow/example_dags/example_xcomargs.py
[2024-05-24T00:29:57.183+0000] {processor.py:840} INFO - DAG(s) 'example_xcom_args_with_operators', 'example_xcom_args' retrieved from /home/airflow/.local/lib/python3.12/site-packages/airflow/example_dags/example_xcomargs.py
[2024-05-24T00:29:57.197+0000] {logging_mixin.py:188} INFO - [2024-05-24T00:29:57.196+0000] {dag.py:3096} INFO - Sync 2 DAGs
[2024-05-24T00:29:57.205+0000] {logging_mixin.py:188} INFO - [2024-05-24T00:29:57.205+0000] {dag.py:3954} INFO - Setting next_dagrun for example_xcom_args to None, run_after=None
[2024-05-24T00:29:57.207+0000] {logging_mixin.py:188} INFO - [2024-05-24T00:29:57.206+0000] {dag.py:3954} INFO - Setting next_dagrun for example_xcom_args_with_operators to None, run_after=None
[2024-05-24T00:29:57.216+0000] {processor.py:183} INFO - Processing /home/airflow/.local/lib/python3.12/site-packages/airflow/example_dags/example_xcomargs.py took 0.041 seconds
[2024-05-24T00:30:27.319+0000] {processor.py:161} INFO - Started process (PID=1976) to work on /home/airflow/.local/lib/python3.12/site-packages/airflow/example_dags/example_xcomargs.py
[2024-05-24T00:30:27.320+0000] {processor.py:830} INFO - Processing file /home/airflow/.local/lib/python3.12/site-packages/airflow/example_dags/example_xcomargs.py for tasks to queue
[2024-05-24T00:30:27.320+0000] {logging_mixin.py:188} INFO - [2024-05-24T00:30:27.320+0000] {dagbag.py:545} INFO - Filling up the DagBag from /home/airflow/.local/lib/python3.12/site-packages/airflow/example_dags/example_xcomargs.py
[2024-05-24T00:30:27.323+0000] {processor.py:840} INFO - DAG(s) 'example_xcom_args_with_operators', 'example_xcom_args' retrieved from /home/airflow/.local/lib/python3.12/site-packages/airflow/example_dags/example_xcomargs.py
[2024-05-24T00:30:27.337+0000] {logging_mixin.py:188} INFO - [2024-05-24T00:30:27.337+0000] {dag.py:3096} INFO - Sync 2 DAGs
[2024-05-24T00:30:27.343+0000] {logging_mixin.py:188} INFO - [2024-05-24T00:30:27.343+0000] {dag.py:3954} INFO - Setting next_dagrun for example_xcom_args to None, run_after=None
[2024-05-24T00:30:27.345+0000] {logging_mixin.py:188} INFO - [2024-05-24T00:30:27.345+0000] {dag.py:3954} INFO - Setting next_dagrun for example_xcom_args_with_operators to None, run_after=None
[2024-05-24T00:30:27.357+0000] {processor.py:183} INFO - Processing /home/airflow/.local/lib/python3.12/site-packages/airflow/example_dags/example_xcomargs.py took 0.041 seconds
[2024-05-24T00:30:58.210+0000] {processor.py:161} INFO - Started process (PID=2036) to work on /home/airflow/.local/lib/python3.12/site-packages/airflow/example_dags/example_xcomargs.py
[2024-05-24T00:30:58.210+0000] {processor.py:830} INFO - Processing file /home/airflow/.local/lib/python3.12/site-packages/airflow/example_dags/example_xcomargs.py for tasks to queue
[2024-05-24T00:30:58.211+0000] {logging_mixin.py:188} INFO - [2024-05-24T00:30:58.211+0000] {dagbag.py:545} INFO - Filling up the DagBag from /home/airflow/.local/lib/python3.12/site-packages/airflow/example_dags/example_xcomargs.py
[2024-05-24T00:30:58.214+0000] {processor.py:840} INFO - DAG(s) 'example_xcom_args_with_operators', 'example_xcom_args' retrieved from /home/airflow/.local/lib/python3.12/site-packages/airflow/example_dags/example_xcomargs.py
[2024-05-24T00:30:58.226+0000] {logging_mixin.py:188} INFO - [2024-05-24T00:30:58.226+0000] {dag.py:3096} INFO - Sync 2 DAGs
[2024-05-24T00:30:58.231+0000] {logging_mixin.py:188} INFO - [2024-05-24T00:30:58.231+0000] {dag.py:3954} INFO - Setting next_dagrun for example_xcom_args to None, run_after=None
[2024-05-24T00:30:58.232+0000] {logging_mixin.py:188} INFO - [2024-05-24T00:30:58.232+0000] {dag.py:3954} INFO - Setting next_dagrun for example_xcom_args_with_operators to None, run_after=None
[2024-05-24T00:30:58.238+0000] {processor.py:183} INFO - Processing /home/airflow/.local/lib/python3.12/site-packages/airflow/example_dags/example_xcomargs.py took 0.034 seconds
[2024-05-24T00:31:29.156+0000] {processor.py:161} INFO - Started process (PID=2096) to work on /home/airflow/.local/lib/python3.12/site-packages/airflow/example_dags/example_xcomargs.py
[2024-05-24T00:31:29.156+0000] {processor.py:830} INFO - Processing file /home/airflow/.local/lib/python3.12/site-packages/airflow/example_dags/example_xcomargs.py for tasks to queue
[2024-05-24T00:31:29.158+0000] {logging_mixin.py:188} INFO - [2024-05-24T00:31:29.157+0000] {dagbag.py:545} INFO - Filling up the DagBag from /home/airflow/.local/lib/python3.12/site-packages/airflow/example_dags/example_xcomargs.py
[2024-05-24T00:31:29.161+0000] {processor.py:840} INFO - DAG(s) 'example_xcom_args', 'example_xcom_args_with_operators' retrieved from /home/airflow/.local/lib/python3.12/site-packages/airflow/example_dags/example_xcomargs.py
[2024-05-24T00:31:29.172+0000] {logging_mixin.py:188} INFO - [2024-05-24T00:31:29.172+0000] {dag.py:3096} INFO - Sync 2 DAGs
[2024-05-24T00:31:29.234+0000] {logging_mixin.py:188} INFO - [2024-05-24T00:31:29.234+0000] {dag.py:3954} INFO - Setting next_dagrun for example_xcom_args to None, run_after=None
[2024-05-24T00:31:29.235+0000] {logging_mixin.py:188} INFO - [2024-05-24T00:31:29.235+0000] {dag.py:3954} INFO - Setting next_dagrun for example_xcom_args_with_operators to None, run_after=None
[2024-05-24T00:31:29.241+0000] {processor.py:183} INFO - Processing /home/airflow/.local/lib/python3.12/site-packages/airflow/example_dags/example_xcomargs.py took 0.089 seconds
[2024-05-24T00:31:59.523+0000] {processor.py:161} INFO - Started process (PID=2156) to work on /home/airflow/.local/lib/python3.12/site-packages/airflow/example_dags/example_xcomargs.py
[2024-05-24T00:31:59.524+0000] {processor.py:830} INFO - Processing file /home/airflow/.local/lib/python3.12/site-packages/airflow/example_dags/example_xcomargs.py for tasks to queue
[2024-05-24T00:31:59.525+0000] {logging_mixin.py:188} INFO - [2024-05-24T00:31:59.525+0000] {dagbag.py:545} INFO - Filling up the DagBag from /home/airflow/.local/lib/python3.12/site-packages/airflow/example_dags/example_xcomargs.py
[2024-05-24T00:31:59.530+0000] {processor.py:840} INFO - DAG(s) 'example_xcom_args', 'example_xcom_args_with_operators' retrieved from /home/airflow/.local/lib/python3.12/site-packages/airflow/example_dags/example_xcomargs.py
[2024-05-24T00:31:59.540+0000] {logging_mixin.py:188} INFO - [2024-05-24T00:31:59.540+0000] {dag.py:3096} INFO - Sync 2 DAGs
[2024-05-24T00:31:59.545+0000] {logging_mixin.py:188} INFO - [2024-05-24T00:31:59.545+0000] {dag.py:3954} INFO - Setting next_dagrun for example_xcom_args to None, run_after=None
[2024-05-24T00:31:59.546+0000] {logging_mixin.py:188} INFO - [2024-05-24T00:31:59.546+0000] {dag.py:3954} INFO - Setting next_dagrun for example_xcom_args_with_operators to None, run_after=None
[2024-05-24T00:31:59.616+0000] {processor.py:183} INFO - Processing /home/airflow/.local/lib/python3.12/site-packages/airflow/example_dags/example_xcomargs.py took 0.096 seconds
[2024-05-24T00:32:30.472+0000] {processor.py:161} INFO - Started process (PID=2216) to work on /home/airflow/.local/lib/python3.12/site-packages/airflow/example_dags/example_xcomargs.py
[2024-05-24T00:32:30.472+0000] {processor.py:830} INFO - Processing file /home/airflow/.local/lib/python3.12/site-packages/airflow/example_dags/example_xcomargs.py for tasks to queue
[2024-05-24T00:32:30.473+0000] {logging_mixin.py:188} INFO - [2024-05-24T00:32:30.473+0000] {dagbag.py:545} INFO - Filling up the DagBag from /home/airflow/.local/lib/python3.12/site-packages/airflow/example_dags/example_xcomargs.py
[2024-05-24T00:32:30.476+0000] {processor.py:840} INFO - DAG(s) 'example_xcom_args', 'example_xcom_args_with_operators' retrieved from /home/airflow/.local/lib/python3.12/site-packages/airflow/example_dags/example_xcomargs.py
[2024-05-24T00:32:30.486+0000] {logging_mixin.py:188} INFO - [2024-05-24T00:32:30.486+0000] {dag.py:3096} INFO - Sync 2 DAGs
[2024-05-24T00:32:30.491+0000] {logging_mixin.py:188} INFO - [2024-05-24T00:32:30.491+0000] {dag.py:3954} INFO - Setting next_dagrun for example_xcom_args to None, run_after=None
[2024-05-24T00:32:30.493+0000] {logging_mixin.py:188} INFO - [2024-05-24T00:32:30.493+0000] {dag.py:3954} INFO - Setting next_dagrun for example_xcom_args_with_operators to None, run_after=None
[2024-05-24T00:32:30.499+0000] {processor.py:183} INFO - Processing /home/airflow/.local/lib/python3.12/site-packages/airflow/example_dags/example_xcomargs.py took 0.029 seconds
[2024-05-24T00:33:01.125+0000] {processor.py:161} INFO - Started process (PID=2276) to work on /home/airflow/.local/lib/python3.12/site-packages/airflow/example_dags/example_xcomargs.py
[2024-05-24T00:33:01.126+0000] {processor.py:830} INFO - Processing file /home/airflow/.local/lib/python3.12/site-packages/airflow/example_dags/example_xcomargs.py for tasks to queue
[2024-05-24T00:33:01.126+0000] {logging_mixin.py:188} INFO - [2024-05-24T00:33:01.126+0000] {dagbag.py:545} INFO - Filling up the DagBag from /home/airflow/.local/lib/python3.12/site-packages/airflow/example_dags/example_xcomargs.py
[2024-05-24T00:33:01.129+0000] {processor.py:840} INFO - DAG(s) 'example_xcom_args', 'example_xcom_args_with_operators' retrieved from /home/airflow/.local/lib/python3.12/site-packages/airflow/example_dags/example_xcomargs.py
[2024-05-24T00:33:01.143+0000] {logging_mixin.py:188} INFO - [2024-05-24T00:33:01.143+0000] {dag.py:3096} INFO - Sync 2 DAGs
[2024-05-24T00:33:01.151+0000] {logging_mixin.py:188} INFO - [2024-05-24T00:33:01.151+0000] {dag.py:3954} INFO - Setting next_dagrun for example_xcom_args to None, run_after=None
[2024-05-24T00:33:01.153+0000] {logging_mixin.py:188} INFO - [2024-05-24T00:33:01.153+0000] {dag.py:3954} INFO - Setting next_dagrun for example_xcom_args_with_operators to None, run_after=None
[2024-05-24T00:33:01.160+0000] {processor.py:183} INFO - Processing /home/airflow/.local/lib/python3.12/site-packages/airflow/example_dags/example_xcomargs.py took 0.037 seconds
[2024-05-24T00:33:31.833+0000] {processor.py:161} INFO - Started process (PID=2342) to work on /home/airflow/.local/lib/python3.12/site-packages/airflow/example_dags/example_xcomargs.py
[2024-05-24T00:33:31.834+0000] {processor.py:830} INFO - Processing file /home/airflow/.local/lib/python3.12/site-packages/airflow/example_dags/example_xcomargs.py for tasks to queue
[2024-05-24T00:33:31.834+0000] {logging_mixin.py:188} INFO - [2024-05-24T00:33:31.834+0000] {dagbag.py:545} INFO - Filling up the DagBag from /home/airflow/.local/lib/python3.12/site-packages/airflow/example_dags/example_xcomargs.py
[2024-05-24T00:33:31.838+0000] {processor.py:840} INFO - DAG(s) 'example_xcom_args', 'example_xcom_args_with_operators' retrieved from /home/airflow/.local/lib/python3.12/site-packages/airflow/example_dags/example_xcomargs.py
[2024-05-24T00:33:31.847+0000] {logging_mixin.py:188} INFO - [2024-05-24T00:33:31.847+0000] {dag.py:3096} INFO - Sync 2 DAGs
[2024-05-24T00:33:31.852+0000] {logging_mixin.py:188} INFO - [2024-05-24T00:33:31.852+0000] {dag.py:3954} INFO - Setting next_dagrun for example_xcom_args to None, run_after=None
[2024-05-24T00:33:31.854+0000] {logging_mixin.py:188} INFO - [2024-05-24T00:33:31.854+0000] {dag.py:3954} INFO - Setting next_dagrun for example_xcom_args_with_operators to None, run_after=None
[2024-05-24T00:33:31.860+0000] {processor.py:183} INFO - Processing /home/airflow/.local/lib/python3.12/site-packages/airflow/example_dags/example_xcomargs.py took 0.030 seconds
[2024-05-24T00:34:02.790+0000] {processor.py:161} INFO - Started process (PID=2402) to work on /home/airflow/.local/lib/python3.12/site-packages/airflow/example_dags/example_xcomargs.py
[2024-05-24T00:34:02.790+0000] {processor.py:830} INFO - Processing file /home/airflow/.local/lib/python3.12/site-packages/airflow/example_dags/example_xcomargs.py for tasks to queue
[2024-05-24T00:34:02.791+0000] {logging_mixin.py:188} INFO - [2024-05-24T00:34:02.790+0000] {dagbag.py:545} INFO - Filling up the DagBag from /home/airflow/.local/lib/python3.12/site-packages/airflow/example_dags/example_xcomargs.py
[2024-05-24T00:34:02.794+0000] {processor.py:840} INFO - DAG(s) 'example_xcom_args_with_operators', 'example_xcom_args' retrieved from /home/airflow/.local/lib/python3.12/site-packages/airflow/example_dags/example_xcomargs.py
[2024-05-24T00:34:02.809+0000] {logging_mixin.py:188} INFO - [2024-05-24T00:34:02.808+0000] {dag.py:3096} INFO - Sync 2 DAGs
[2024-05-24T00:34:02.817+0000] {logging_mixin.py:188} INFO - [2024-05-24T00:34:02.817+0000] {dag.py:3954} INFO - Setting next_dagrun for example_xcom_args to None, run_after=None
[2024-05-24T00:34:02.820+0000] {logging_mixin.py:188} INFO - [2024-05-24T00:34:02.820+0000] {dag.py:3954} INFO - Setting next_dagrun for example_xcom_args_with_operators to None, run_after=None
[2024-05-24T00:34:02.829+0000] {processor.py:183} INFO - Processing /home/airflow/.local/lib/python3.12/site-packages/airflow/example_dags/example_xcomargs.py took 0.042 seconds
[2024-05-24T00:34:33.528+0000] {processor.py:161} INFO - Started process (PID=2462) to work on /home/airflow/.local/lib/python3.12/site-packages/airflow/example_dags/example_xcomargs.py
[2024-05-24T00:34:33.529+0000] {processor.py:830} INFO - Processing file /home/airflow/.local/lib/python3.12/site-packages/airflow/example_dags/example_xcomargs.py for tasks to queue
[2024-05-24T00:34:33.529+0000] {logging_mixin.py:188} INFO - [2024-05-24T00:34:33.529+0000] {dagbag.py:545} INFO - Filling up the DagBag from /home/airflow/.local/lib/python3.12/site-packages/airflow/example_dags/example_xcomargs.py
[2024-05-24T00:34:33.533+0000] {processor.py:840} INFO - DAG(s) 'example_xcom_args', 'example_xcom_args_with_operators' retrieved from /home/airflow/.local/lib/python3.12/site-packages/airflow/example_dags/example_xcomargs.py
[2024-05-24T00:34:33.548+0000] {logging_mixin.py:188} INFO - [2024-05-24T00:34:33.548+0000] {dag.py:3096} INFO - Sync 2 DAGs
[2024-05-24T00:34:33.556+0000] {logging_mixin.py:188} INFO - [2024-05-24T00:34:33.556+0000] {dag.py:3954} INFO - Setting next_dagrun for example_xcom_args to None, run_after=None
[2024-05-24T00:34:33.558+0000] {logging_mixin.py:188} INFO - [2024-05-24T00:34:33.558+0000] {dag.py:3954} INFO - Setting next_dagrun for example_xcom_args_with_operators to None, run_after=None
[2024-05-24T00:34:33.568+0000] {processor.py:183} INFO - Processing /home/airflow/.local/lib/python3.12/site-packages/airflow/example_dags/example_xcomargs.py took 0.043 seconds
[2024-05-24T00:35:04.221+0000] {processor.py:161} INFO - Started process (PID=2522) to work on /home/airflow/.local/lib/python3.12/site-packages/airflow/example_dags/example_xcomargs.py
[2024-05-24T00:35:04.222+0000] {processor.py:830} INFO - Processing file /home/airflow/.local/lib/python3.12/site-packages/airflow/example_dags/example_xcomargs.py for tasks to queue
[2024-05-24T00:35:04.223+0000] {logging_mixin.py:188} INFO - [2024-05-24T00:35:04.223+0000] {dagbag.py:545} INFO - Filling up the DagBag from /home/airflow/.local/lib/python3.12/site-packages/airflow/example_dags/example_xcomargs.py
[2024-05-24T00:35:04.227+0000] {processor.py:840} INFO - DAG(s) 'example_xcom_args', 'example_xcom_args_with_operators' retrieved from /home/airflow/.local/lib/python3.12/site-packages/airflow/example_dags/example_xcomargs.py
[2024-05-24T00:35:04.241+0000] {logging_mixin.py:188} INFO - [2024-05-24T00:35:04.241+0000] {dag.py:3096} INFO - Sync 2 DAGs
[2024-05-24T00:35:04.251+0000] {logging_mixin.py:188} INFO - [2024-05-24T00:35:04.251+0000] {dag.py:3954} INFO - Setting next_dagrun for example_xcom_args to None, run_after=None
[2024-05-24T00:35:04.254+0000] {logging_mixin.py:188} INFO - [2024-05-24T00:35:04.254+0000] {dag.py:3954} INFO - Setting next_dagrun for example_xcom_args_with_operators to None, run_after=None
[2024-05-24T00:35:04.263+0000] {processor.py:183} INFO - Processing /home/airflow/.local/lib/python3.12/site-packages/airflow/example_dags/example_xcomargs.py took 0.045 seconds
[2024-05-24T00:35:35.020+0000] {processor.py:161} INFO - Started process (PID=2582) to work on /home/airflow/.local/lib/python3.12/site-packages/airflow/example_dags/example_xcomargs.py
[2024-05-24T00:35:35.021+0000] {processor.py:830} INFO - Processing file /home/airflow/.local/lib/python3.12/site-packages/airflow/example_dags/example_xcomargs.py for tasks to queue
[2024-05-24T00:35:35.022+0000] {logging_mixin.py:188} INFO - [2024-05-24T00:35:35.022+0000] {dagbag.py:545} INFO - Filling up the DagBag from /home/airflow/.local/lib/python3.12/site-packages/airflow/example_dags/example_xcomargs.py
[2024-05-24T00:35:35.028+0000] {processor.py:840} INFO - DAG(s) 'example_xcom_args_with_operators', 'example_xcom_args' retrieved from /home/airflow/.local/lib/python3.12/site-packages/airflow/example_dags/example_xcomargs.py
[2024-05-24T00:35:35.037+0000] {logging_mixin.py:188} INFO - [2024-05-24T00:35:35.037+0000] {dag.py:3096} INFO - Sync 2 DAGs
[2024-05-24T00:35:35.042+0000] {logging_mixin.py:188} INFO - [2024-05-24T00:35:35.042+0000] {dag.py:3954} INFO - Setting next_dagrun for example_xcom_args to None, run_after=None
[2024-05-24T00:35:35.044+0000] {logging_mixin.py:188} INFO - [2024-05-24T00:35:35.044+0000] {dag.py:3954} INFO - Setting next_dagrun for example_xcom_args_with_operators to None, run_after=None
[2024-05-24T00:35:35.049+0000] {processor.py:183} INFO - Processing /home/airflow/.local/lib/python3.12/site-packages/airflow/example_dags/example_xcomargs.py took 0.033 seconds
[2024-05-24T00:36:05.537+0000] {processor.py:161} INFO - Started process (PID=2641) to work on /home/airflow/.local/lib/python3.12/site-packages/airflow/example_dags/example_xcomargs.py
[2024-05-24T00:36:05.537+0000] {processor.py:830} INFO - Processing file /home/airflow/.local/lib/python3.12/site-packages/airflow/example_dags/example_xcomargs.py for tasks to queue
[2024-05-24T00:36:05.538+0000] {logging_mixin.py:188} INFO - [2024-05-24T00:36:05.538+0000] {dagbag.py:545} INFO - Filling up the DagBag from /home/airflow/.local/lib/python3.12/site-packages/airflow/example_dags/example_xcomargs.py
[2024-05-24T00:36:05.541+0000] {processor.py:840} INFO - DAG(s) 'example_xcom_args', 'example_xcom_args_with_operators' retrieved from /home/airflow/.local/lib/python3.12/site-packages/airflow/example_dags/example_xcomargs.py
[2024-05-24T00:36:05.550+0000] {logging_mixin.py:188} INFO - [2024-05-24T00:36:05.550+0000] {dag.py:3096} INFO - Sync 2 DAGs
[2024-05-24T00:36:05.556+0000] {logging_mixin.py:188} INFO - [2024-05-24T00:36:05.555+0000] {dag.py:3954} INFO - Setting next_dagrun for example_xcom_args to None, run_after=None
[2024-05-24T00:36:05.558+0000] {logging_mixin.py:188} INFO - [2024-05-24T00:36:05.558+0000] {dag.py:3954} INFO - Setting next_dagrun for example_xcom_args_with_operators to None, run_after=None
[2024-05-24T00:36:05.565+0000] {processor.py:183} INFO - Processing /home/airflow/.local/lib/python3.12/site-packages/airflow/example_dags/example_xcomargs.py took 0.031 seconds
[2024-05-24T00:36:36.302+0000] {processor.py:161} INFO - Started process (PID=2700) to work on /home/airflow/.local/lib/python3.12/site-packages/airflow/example_dags/example_xcomargs.py
[2024-05-24T00:36:36.303+0000] {processor.py:830} INFO - Processing file /home/airflow/.local/lib/python3.12/site-packages/airflow/example_dags/example_xcomargs.py for tasks to queue
[2024-05-24T00:36:36.304+0000] {logging_mixin.py:188} INFO - [2024-05-24T00:36:36.304+0000] {dagbag.py:545} INFO - Filling up the DagBag from /home/airflow/.local/lib/python3.12/site-packages/airflow/example_dags/example_xcomargs.py
[2024-05-24T00:36:36.308+0000] {processor.py:840} INFO - DAG(s) 'example_xcom_args', 'example_xcom_args_with_operators' retrieved from /home/airflow/.local/lib/python3.12/site-packages/airflow/example_dags/example_xcomargs.py
[2024-05-24T00:36:36.323+0000] {logging_mixin.py:188} INFO - [2024-05-24T00:36:36.323+0000] {dag.py:3096} INFO - Sync 2 DAGs
[2024-05-24T00:36:36.329+0000] {logging_mixin.py:188} INFO - [2024-05-24T00:36:36.329+0000] {dag.py:3954} INFO - Setting next_dagrun for example_xcom_args to None, run_after=None
[2024-05-24T00:36:36.331+0000] {logging_mixin.py:188} INFO - [2024-05-24T00:36:36.331+0000] {dag.py:3954} INFO - Setting next_dagrun for example_xcom_args_with_operators to None, run_after=None
[2024-05-24T00:36:36.338+0000] {processor.py:183} INFO - Processing /home/airflow/.local/lib/python3.12/site-packages/airflow/example_dags/example_xcomargs.py took 0.042 seconds
[2024-05-24T00:37:07.023+0000] {processor.py:161} INFO - Started process (PID=2759) to work on /home/airflow/.local/lib/python3.12/site-packages/airflow/example_dags/example_xcomargs.py
[2024-05-24T00:37:07.024+0000] {processor.py:830} INFO - Processing file /home/airflow/.local/lib/python3.12/site-packages/airflow/example_dags/example_xcomargs.py for tasks to queue
[2024-05-24T00:37:07.024+0000] {logging_mixin.py:188} INFO - [2024-05-24T00:37:07.024+0000] {dagbag.py:545} INFO - Filling up the DagBag from /home/airflow/.local/lib/python3.12/site-packages/airflow/example_dags/example_xcomargs.py
[2024-05-24T00:37:07.027+0000] {processor.py:840} INFO - DAG(s) 'example_xcom_args_with_operators', 'example_xcom_args' retrieved from /home/airflow/.local/lib/python3.12/site-packages/airflow/example_dags/example_xcomargs.py
[2024-05-24T00:37:07.041+0000] {logging_mixin.py:188} INFO - [2024-05-24T00:37:07.041+0000] {dag.py:3096} INFO - Sync 2 DAGs
[2024-05-24T00:37:07.046+0000] {logging_mixin.py:188} INFO - [2024-05-24T00:37:07.046+0000] {dag.py:3954} INFO - Setting next_dagrun for example_xcom_args to None, run_after=None
[2024-05-24T00:37:07.048+0000] {logging_mixin.py:188} INFO - [2024-05-24T00:37:07.048+0000] {dag.py:3954} INFO - Setting next_dagrun for example_xcom_args_with_operators to None, run_after=None
[2024-05-24T00:37:07.053+0000] {processor.py:183} INFO - Processing /home/airflow/.local/lib/python3.12/site-packages/airflow/example_dags/example_xcomargs.py took 0.032 seconds
[2024-05-24T00:37:37.675+0000] {processor.py:161} INFO - Started process (PID=2818) to work on /home/airflow/.local/lib/python3.12/site-packages/airflow/example_dags/example_xcomargs.py
[2024-05-24T00:37:37.675+0000] {processor.py:830} INFO - Processing file /home/airflow/.local/lib/python3.12/site-packages/airflow/example_dags/example_xcomargs.py for tasks to queue
[2024-05-24T00:37:37.676+0000] {logging_mixin.py:188} INFO - [2024-05-24T00:37:37.676+0000] {dagbag.py:545} INFO - Filling up the DagBag from /home/airflow/.local/lib/python3.12/site-packages/airflow/example_dags/example_xcomargs.py
[2024-05-24T00:37:37.682+0000] {processor.py:840} INFO - DAG(s) 'example_xcom_args_with_operators', 'example_xcom_args' retrieved from /home/airflow/.local/lib/python3.12/site-packages/airflow/example_dags/example_xcomargs.py
[2024-05-24T00:37:37.697+0000] {logging_mixin.py:188} INFO - [2024-05-24T00:37:37.697+0000] {dag.py:3096} INFO - Sync 2 DAGs
[2024-05-24T00:37:37.705+0000] {logging_mixin.py:188} INFO - [2024-05-24T00:37:37.705+0000] {dag.py:3954} INFO - Setting next_dagrun for example_xcom_args to None, run_after=None
[2024-05-24T00:37:37.708+0000] {logging_mixin.py:188} INFO - [2024-05-24T00:37:37.708+0000] {dag.py:3954} INFO - Setting next_dagrun for example_xcom_args_with_operators to None, run_after=None
[2024-05-24T00:37:37.718+0000] {processor.py:183} INFO - Processing /home/airflow/.local/lib/python3.12/site-packages/airflow/example_dags/example_xcomargs.py took 0.049 seconds
[2024-05-24T00:38:08.276+0000] {processor.py:161} INFO - Started process (PID=2877) to work on /home/airflow/.local/lib/python3.12/site-packages/airflow/example_dags/example_xcomargs.py
[2024-05-24T00:38:08.276+0000] {processor.py:830} INFO - Processing file /home/airflow/.local/lib/python3.12/site-packages/airflow/example_dags/example_xcomargs.py for tasks to queue
[2024-05-24T00:38:08.277+0000] {logging_mixin.py:188} INFO - [2024-05-24T00:38:08.277+0000] {dagbag.py:545} INFO - Filling up the DagBag from /home/airflow/.local/lib/python3.12/site-packages/airflow/example_dags/example_xcomargs.py
[2024-05-24T00:38:08.280+0000] {processor.py:840} INFO - DAG(s) 'example_xcom_args_with_operators', 'example_xcom_args' retrieved from /home/airflow/.local/lib/python3.12/site-packages/airflow/example_dags/example_xcomargs.py
[2024-05-24T00:38:08.293+0000] {logging_mixin.py:188} INFO - [2024-05-24T00:38:08.293+0000] {dag.py:3096} INFO - Sync 2 DAGs
[2024-05-24T00:38:08.299+0000] {logging_mixin.py:188} INFO - [2024-05-24T00:38:08.299+0000] {dag.py:3954} INFO - Setting next_dagrun for example_xcom_args to None, run_after=None
[2024-05-24T00:38:08.301+0000] {logging_mixin.py:188} INFO - [2024-05-24T00:38:08.301+0000] {dag.py:3954} INFO - Setting next_dagrun for example_xcom_args_with_operators to None, run_after=None
[2024-05-24T00:38:08.309+0000] {processor.py:183} INFO - Processing /home/airflow/.local/lib/python3.12/site-packages/airflow/example_dags/example_xcomargs.py took 0.035 seconds
[2024-05-24T00:38:39.016+0000] {processor.py:161} INFO - Started process (PID=2937) to work on /home/airflow/.local/lib/python3.12/site-packages/airflow/example_dags/example_xcomargs.py
[2024-05-24T00:38:39.016+0000] {processor.py:830} INFO - Processing file /home/airflow/.local/lib/python3.12/site-packages/airflow/example_dags/example_xcomargs.py for tasks to queue
[2024-05-24T00:38:39.017+0000] {logging_mixin.py:188} INFO - [2024-05-24T00:38:39.016+0000] {dagbag.py:545} INFO - Filling up the DagBag from /home/airflow/.local/lib/python3.12/site-packages/airflow/example_dags/example_xcomargs.py
[2024-05-24T00:38:39.022+0000] {processor.py:840} INFO - DAG(s) 'example_xcom_args', 'example_xcom_args_with_operators' retrieved from /home/airflow/.local/lib/python3.12/site-packages/airflow/example_dags/example_xcomargs.py
[2024-05-24T00:38:39.036+0000] {logging_mixin.py:188} INFO - [2024-05-24T00:38:39.036+0000] {dag.py:3096} INFO - Sync 2 DAGs
[2024-05-24T00:38:39.045+0000] {logging_mixin.py:188} INFO - [2024-05-24T00:38:39.044+0000] {dag.py:3954} INFO - Setting next_dagrun for example_xcom_args to None, run_after=None
[2024-05-24T00:38:39.047+0000] {logging_mixin.py:188} INFO - [2024-05-24T00:38:39.047+0000] {dag.py:3954} INFO - Setting next_dagrun for example_xcom_args_with_operators to None, run_after=None
[2024-05-24T00:38:39.056+0000] {processor.py:183} INFO - Processing /home/airflow/.local/lib/python3.12/site-packages/airflow/example_dags/example_xcomargs.py took 0.045 seconds
[2024-05-24T00:39:09.587+0000] {processor.py:161} INFO - Started process (PID=2996) to work on /home/airflow/.local/lib/python3.12/site-packages/airflow/example_dags/example_xcomargs.py
[2024-05-24T00:39:09.588+0000] {processor.py:830} INFO - Processing file /home/airflow/.local/lib/python3.12/site-packages/airflow/example_dags/example_xcomargs.py for tasks to queue
[2024-05-24T00:39:09.588+0000] {logging_mixin.py:188} INFO - [2024-05-24T00:39:09.588+0000] {dagbag.py:545} INFO - Filling up the DagBag from /home/airflow/.local/lib/python3.12/site-packages/airflow/example_dags/example_xcomargs.py
[2024-05-24T00:39:09.592+0000] {processor.py:840} INFO - DAG(s) 'example_xcom_args', 'example_xcom_args_with_operators' retrieved from /home/airflow/.local/lib/python3.12/site-packages/airflow/example_dags/example_xcomargs.py
[2024-05-24T00:39:09.601+0000] {logging_mixin.py:188} INFO - [2024-05-24T00:39:09.600+0000] {dag.py:3096} INFO - Sync 2 DAGs
[2024-05-24T00:39:09.618+0000] {logging_mixin.py:188} INFO - [2024-05-24T00:39:09.618+0000] {dag.py:3954} INFO - Setting next_dagrun for example_xcom_args to None, run_after=None
[2024-05-24T00:39:09.624+0000] {logging_mixin.py:188} INFO - [2024-05-24T00:39:09.624+0000] {dag.py:3954} INFO - Setting next_dagrun for example_xcom_args_with_operators to None, run_after=None
[2024-05-24T00:39:09.636+0000] {processor.py:183} INFO - Processing /home/airflow/.local/lib/python3.12/site-packages/airflow/example_dags/example_xcomargs.py took 0.055 seconds
[2024-05-24T00:39:40.052+0000] {processor.py:161} INFO - Started process (PID=3055) to work on /home/airflow/.local/lib/python3.12/site-packages/airflow/example_dags/example_xcomargs.py
[2024-05-24T00:39:40.052+0000] {processor.py:830} INFO - Processing file /home/airflow/.local/lib/python3.12/site-packages/airflow/example_dags/example_xcomargs.py for tasks to queue
[2024-05-24T00:39:40.053+0000] {logging_mixin.py:188} INFO - [2024-05-24T00:39:40.053+0000] {dagbag.py:545} INFO - Filling up the DagBag from /home/airflow/.local/lib/python3.12/site-packages/airflow/example_dags/example_xcomargs.py
[2024-05-24T00:39:40.056+0000] {processor.py:840} INFO - DAG(s) 'example_xcom_args_with_operators', 'example_xcom_args' retrieved from /home/airflow/.local/lib/python3.12/site-packages/airflow/example_dags/example_xcomargs.py
[2024-05-24T00:39:40.061+0000] {logging_mixin.py:188} INFO - [2024-05-24T00:39:40.061+0000] {dag.py:3096} INFO - Sync 2 DAGs
[2024-05-24T00:39:40.068+0000] {logging_mixin.py:188} INFO - [2024-05-24T00:39:40.067+0000] {dag.py:3954} INFO - Setting next_dagrun for example_xcom_args to None, run_after=None
[2024-05-24T00:39:40.069+0000] {logging_mixin.py:188} INFO - [2024-05-24T00:39:40.069+0000] {dag.py:3954} INFO - Setting next_dagrun for example_xcom_args_with_operators to None, run_after=None
[2024-05-24T00:39:40.075+0000] {processor.py:183} INFO - Processing /home/airflow/.local/lib/python3.12/site-packages/airflow/example_dags/example_xcomargs.py took 0.026 seconds
[2024-05-24T00:40:10.517+0000] {processor.py:161} INFO - Started process (PID=3113) to work on /home/airflow/.local/lib/python3.12/site-packages/airflow/example_dags/example_xcomargs.py
[2024-05-24T00:40:10.517+0000] {processor.py:830} INFO - Processing file /home/airflow/.local/lib/python3.12/site-packages/airflow/example_dags/example_xcomargs.py for tasks to queue
[2024-05-24T00:40:10.517+0000] {logging_mixin.py:188} INFO - [2024-05-24T00:40:10.517+0000] {dagbag.py:545} INFO - Filling up the DagBag from /home/airflow/.local/lib/python3.12/site-packages/airflow/example_dags/example_xcomargs.py
[2024-05-24T00:40:10.521+0000] {processor.py:840} INFO - DAG(s) 'example_xcom_args', 'example_xcom_args_with_operators' retrieved from /home/airflow/.local/lib/python3.12/site-packages/airflow/example_dags/example_xcomargs.py
[2024-05-24T00:40:10.583+0000] {logging_mixin.py:188} INFO - [2024-05-24T00:40:10.583+0000] {dag.py:3096} INFO - Sync 2 DAGs
[2024-05-24T00:40:10.587+0000] {logging_mixin.py:188} INFO - [2024-05-24T00:40:10.587+0000] {dag.py:3954} INFO - Setting next_dagrun for example_xcom_args to None, run_after=None
[2024-05-24T00:40:10.588+0000] {logging_mixin.py:188} INFO - [2024-05-24T00:40:10.588+0000] {dag.py:3954} INFO - Setting next_dagrun for example_xcom_args_with_operators to None, run_after=None
[2024-05-24T00:40:10.594+0000] {processor.py:183} INFO - Processing /home/airflow/.local/lib/python3.12/site-packages/airflow/example_dags/example_xcomargs.py took 0.081 seconds
[2024-05-24T00:40:40.721+0000] {processor.py:161} INFO - Started process (PID=3171) to work on /home/airflow/.local/lib/python3.12/site-packages/airflow/example_dags/example_xcomargs.py
[2024-05-24T00:40:40.721+0000] {processor.py:830} INFO - Processing file /home/airflow/.local/lib/python3.12/site-packages/airflow/example_dags/example_xcomargs.py for tasks to queue
[2024-05-24T00:40:40.721+0000] {logging_mixin.py:188} INFO - [2024-05-24T00:40:40.721+0000] {dagbag.py:545} INFO - Filling up the DagBag from /home/airflow/.local/lib/python3.12/site-packages/airflow/example_dags/example_xcomargs.py
[2024-05-24T00:40:40.725+0000] {processor.py:840} INFO - DAG(s) 'example_xcom_args_with_operators', 'example_xcom_args' retrieved from /home/airflow/.local/lib/python3.12/site-packages/airflow/example_dags/example_xcomargs.py
[2024-05-24T00:40:40.733+0000] {logging_mixin.py:188} INFO - [2024-05-24T00:40:40.733+0000] {dag.py:3096} INFO - Sync 2 DAGs
[2024-05-24T00:40:40.741+0000] {logging_mixin.py:188} INFO - [2024-05-24T00:40:40.741+0000] {dag.py:3954} INFO - Setting next_dagrun for example_xcom_args to None, run_after=None
[2024-05-24T00:40:40.744+0000] {logging_mixin.py:188} INFO - [2024-05-24T00:40:40.744+0000] {dag.py:3954} INFO - Setting next_dagrun for example_xcom_args_with_operators to None, run_after=None
[2024-05-24T00:40:40.754+0000] {processor.py:183} INFO - Processing /home/airflow/.local/lib/python3.12/site-packages/airflow/example_dags/example_xcomargs.py took 0.038 seconds
