[2024-05-24T00:14:36.957+0000] {processor.py:161} INFO - Started process (PID=52) to work on /home/airflow/.local/lib/python3.12/site-packages/airflow/example_dags/example_latest_only.py
[2024-05-24T00:14:36.957+0000] {processor.py:830} INFO - Processing file /home/airflow/.local/lib/python3.12/site-packages/airflow/example_dags/example_latest_only.py for tasks to queue
[2024-05-24T00:14:36.958+0000] {logging_mixin.py:188} INFO - [2024-05-24T00:14:36.958+0000] {dagbag.py:545} INFO - Filling up the DagBag from /home/airflow/.local/lib/python3.12/site-packages/airflow/example_dags/example_latest_only.py
[2024-05-24T00:14:36.966+0000] {processor.py:840} INFO - DAG(s) 'latest_only' retrieved from /home/airflow/.local/lib/python3.12/site-packages/airflow/example_dags/example_latest_only.py
[2024-05-24T00:14:36.978+0000] {logging_mixin.py:188} INFO - [2024-05-24T00:14:36.977+0000] {dag.py:3096} INFO - Sync 1 DAGs
[2024-05-24T00:14:36.991+0000] {logging_mixin.py:188} INFO - [2024-05-24T00:14:36.991+0000] {dag.py:3954} INFO - Setting next_dagrun for latest_only to 2024-05-23 20:00:00+00:00, run_after=2024-05-24 00:00:00+00:00
[2024-05-24T00:14:37.001+0000] {processor.py:183} INFO - Processing /home/airflow/.local/lib/python3.12/site-packages/airflow/example_dags/example_latest_only.py took 0.047 seconds
[2024-05-24T00:15:07.396+0000] {processor.py:161} INFO - Started process (PID=111) to work on /home/airflow/.local/lib/python3.12/site-packages/airflow/example_dags/example_latest_only.py
[2024-05-24T00:15:07.396+0000] {processor.py:830} INFO - Processing file /home/airflow/.local/lib/python3.12/site-packages/airflow/example_dags/example_latest_only.py for tasks to queue
[2024-05-24T00:15:07.397+0000] {logging_mixin.py:188} INFO - [2024-05-24T00:15:07.397+0000] {dagbag.py:545} INFO - Filling up the DagBag from /home/airflow/.local/lib/python3.12/site-packages/airflow/example_dags/example_latest_only.py
[2024-05-24T00:15:07.399+0000] {processor.py:840} INFO - DAG(s) 'latest_only' retrieved from /home/airflow/.local/lib/python3.12/site-packages/airflow/example_dags/example_latest_only.py
[2024-05-24T00:15:07.491+0000] {logging_mixin.py:188} INFO - [2024-05-24T00:15:07.490+0000] {dag.py:3096} INFO - Sync 1 DAGs
[2024-05-24T00:15:07.498+0000] {logging_mixin.py:188} INFO - [2024-05-24T00:15:07.498+0000] {dag.py:3954} INFO - Setting next_dagrun for latest_only to 2024-05-23 20:00:00+00:00, run_after=2024-05-24 00:00:00+00:00
[2024-05-24T00:15:07.505+0000] {processor.py:183} INFO - Processing /home/airflow/.local/lib/python3.12/site-packages/airflow/example_dags/example_latest_only.py took 0.112 seconds
[2024-05-24T00:15:37.710+0000] {processor.py:161} INFO - Started process (PID=170) to work on /home/airflow/.local/lib/python3.12/site-packages/airflow/example_dags/example_latest_only.py
[2024-05-24T00:15:37.710+0000] {processor.py:830} INFO - Processing file /home/airflow/.local/lib/python3.12/site-packages/airflow/example_dags/example_latest_only.py for tasks to queue
[2024-05-24T00:15:37.711+0000] {logging_mixin.py:188} INFO - [2024-05-24T00:15:37.711+0000] {dagbag.py:545} INFO - Filling up the DagBag from /home/airflow/.local/lib/python3.12/site-packages/airflow/example_dags/example_latest_only.py
[2024-05-24T00:15:37.712+0000] {processor.py:840} INFO - DAG(s) 'latest_only' retrieved from /home/airflow/.local/lib/python3.12/site-packages/airflow/example_dags/example_latest_only.py
[2024-05-24T00:15:37.725+0000] {logging_mixin.py:188} INFO - [2024-05-24T00:15:37.725+0000] {dag.py:3096} INFO - Sync 1 DAGs
[2024-05-24T00:15:37.737+0000] {logging_mixin.py:188} INFO - [2024-05-24T00:15:37.737+0000] {dag.py:3954} INFO - Setting next_dagrun for latest_only to 2024-05-23 20:00:00+00:00, run_after=2024-05-24 00:00:00+00:00
[2024-05-24T00:15:37.747+0000] {processor.py:183} INFO - Processing /home/airflow/.local/lib/python3.12/site-packages/airflow/example_dags/example_latest_only.py took 0.039 seconds
[2024-05-24T00:16:08.175+0000] {processor.py:161} INFO - Started process (PID=229) to work on /home/airflow/.local/lib/python3.12/site-packages/airflow/example_dags/example_latest_only.py
[2024-05-24T00:16:08.175+0000] {processor.py:830} INFO - Processing file /home/airflow/.local/lib/python3.12/site-packages/airflow/example_dags/example_latest_only.py for tasks to queue
[2024-05-24T00:16:08.176+0000] {logging_mixin.py:188} INFO - [2024-05-24T00:16:08.176+0000] {dagbag.py:545} INFO - Filling up the DagBag from /home/airflow/.local/lib/python3.12/site-packages/airflow/example_dags/example_latest_only.py
[2024-05-24T00:16:08.178+0000] {processor.py:840} INFO - DAG(s) 'latest_only' retrieved from /home/airflow/.local/lib/python3.12/site-packages/airflow/example_dags/example_latest_only.py
[2024-05-24T00:16:08.204+0000] {logging_mixin.py:188} INFO - [2024-05-24T00:16:08.203+0000] {dag.py:3096} INFO - Sync 1 DAGs
[2024-05-24T00:16:08.222+0000] {logging_mixin.py:188} INFO - [2024-05-24T00:16:08.221+0000] {dag.py:3954} INFO - Setting next_dagrun for latest_only to 2024-05-23 20:00:00+00:00, run_after=2024-05-24 00:00:00+00:00
[2024-05-24T00:16:08.231+0000] {processor.py:183} INFO - Processing /home/airflow/.local/lib/python3.12/site-packages/airflow/example_dags/example_latest_only.py took 0.059 seconds
[2024-05-24T00:16:38.713+0000] {processor.py:161} INFO - Started process (PID=288) to work on /home/airflow/.local/lib/python3.12/site-packages/airflow/example_dags/example_latest_only.py
[2024-05-24T00:16:38.713+0000] {processor.py:830} INFO - Processing file /home/airflow/.local/lib/python3.12/site-packages/airflow/example_dags/example_latest_only.py for tasks to queue
[2024-05-24T00:16:38.714+0000] {logging_mixin.py:188} INFO - [2024-05-24T00:16:38.714+0000] {dagbag.py:545} INFO - Filling up the DagBag from /home/airflow/.local/lib/python3.12/site-packages/airflow/example_dags/example_latest_only.py
[2024-05-24T00:16:38.716+0000] {processor.py:840} INFO - DAG(s) 'latest_only' retrieved from /home/airflow/.local/lib/python3.12/site-packages/airflow/example_dags/example_latest_only.py
[2024-05-24T00:16:38.723+0000] {logging_mixin.py:188} INFO - [2024-05-24T00:16:38.723+0000] {dag.py:3096} INFO - Sync 1 DAGs
[2024-05-24T00:16:38.732+0000] {logging_mixin.py:188} INFO - [2024-05-24T00:16:38.732+0000] {dag.py:3954} INFO - Setting next_dagrun for latest_only to 2024-05-23 20:00:00+00:00, run_after=2024-05-24 00:00:00+00:00
[2024-05-24T00:16:38.739+0000] {processor.py:183} INFO - Processing /home/airflow/.local/lib/python3.12/site-packages/airflow/example_dags/example_latest_only.py took 0.031 seconds
[2024-05-24T00:17:09.203+0000] {processor.py:161} INFO - Started process (PID=348) to work on /home/airflow/.local/lib/python3.12/site-packages/airflow/example_dags/example_latest_only.py
[2024-05-24T00:17:09.204+0000] {processor.py:830} INFO - Processing file /home/airflow/.local/lib/python3.12/site-packages/airflow/example_dags/example_latest_only.py for tasks to queue
[2024-05-24T00:17:09.205+0000] {logging_mixin.py:188} INFO - [2024-05-24T00:17:09.205+0000] {dagbag.py:545} INFO - Filling up the DagBag from /home/airflow/.local/lib/python3.12/site-packages/airflow/example_dags/example_latest_only.py
[2024-05-24T00:17:09.208+0000] {processor.py:840} INFO - DAG(s) 'latest_only' retrieved from /home/airflow/.local/lib/python3.12/site-packages/airflow/example_dags/example_latest_only.py
[2024-05-24T00:17:09.228+0000] {logging_mixin.py:188} INFO - [2024-05-24T00:17:09.227+0000] {dag.py:3096} INFO - Sync 1 DAGs
[2024-05-24T00:17:09.247+0000] {logging_mixin.py:188} INFO - [2024-05-24T00:17:09.247+0000] {dag.py:3954} INFO - Setting next_dagrun for latest_only to 2024-05-23 20:00:00+00:00, run_after=2024-05-24 00:00:00+00:00
[2024-05-24T00:17:09.259+0000] {processor.py:183} INFO - Processing /home/airflow/.local/lib/python3.12/site-packages/airflow/example_dags/example_latest_only.py took 0.059 seconds
[2024-05-24T00:17:39.584+0000] {processor.py:161} INFO - Started process (PID=407) to work on /home/airflow/.local/lib/python3.12/site-packages/airflow/example_dags/example_latest_only.py
[2024-05-24T00:17:39.585+0000] {processor.py:830} INFO - Processing file /home/airflow/.local/lib/python3.12/site-packages/airflow/example_dags/example_latest_only.py for tasks to queue
[2024-05-24T00:17:39.585+0000] {logging_mixin.py:188} INFO - [2024-05-24T00:17:39.585+0000] {dagbag.py:545} INFO - Filling up the DagBag from /home/airflow/.local/lib/python3.12/site-packages/airflow/example_dags/example_latest_only.py
[2024-05-24T00:17:39.587+0000] {processor.py:840} INFO - DAG(s) 'latest_only' retrieved from /home/airflow/.local/lib/python3.12/site-packages/airflow/example_dags/example_latest_only.py
[2024-05-24T00:17:39.597+0000] {logging_mixin.py:188} INFO - [2024-05-24T00:17:39.597+0000] {dag.py:3096} INFO - Sync 1 DAGs
[2024-05-24T00:17:39.606+0000] {logging_mixin.py:188} INFO - [2024-05-24T00:17:39.606+0000] {dag.py:3954} INFO - Setting next_dagrun for latest_only to 2024-05-23 20:00:00+00:00, run_after=2024-05-24 00:00:00+00:00
[2024-05-24T00:17:39.615+0000] {processor.py:183} INFO - Processing /home/airflow/.local/lib/python3.12/site-packages/airflow/example_dags/example_latest_only.py took 0.033 seconds
[2024-05-24T00:18:10.270+0000] {processor.py:161} INFO - Started process (PID=467) to work on /home/airflow/.local/lib/python3.12/site-packages/airflow/example_dags/example_latest_only.py
[2024-05-24T00:18:10.273+0000] {processor.py:830} INFO - Processing file /home/airflow/.local/lib/python3.12/site-packages/airflow/example_dags/example_latest_only.py for tasks to queue
[2024-05-24T00:18:10.274+0000] {logging_mixin.py:188} INFO - [2024-05-24T00:18:10.273+0000] {dagbag.py:545} INFO - Filling up the DagBag from /home/airflow/.local/lib/python3.12/site-packages/airflow/example_dags/example_latest_only.py
[2024-05-24T00:18:10.276+0000] {processor.py:840} INFO - DAG(s) 'latest_only' retrieved from /home/airflow/.local/lib/python3.12/site-packages/airflow/example_dags/example_latest_only.py
[2024-05-24T00:18:10.289+0000] {logging_mixin.py:188} INFO - [2024-05-24T00:18:10.289+0000] {dag.py:3096} INFO - Sync 1 DAGs
[2024-05-24T00:18:10.297+0000] {logging_mixin.py:188} INFO - [2024-05-24T00:18:10.297+0000] {dag.py:3954} INFO - Setting next_dagrun for latest_only to 2024-05-23 20:00:00+00:00, run_after=2024-05-24 00:00:00+00:00
[2024-05-24T00:18:10.304+0000] {processor.py:183} INFO - Processing /home/airflow/.local/lib/python3.12/site-packages/airflow/example_dags/example_latest_only.py took 0.040 seconds
[2024-05-24T00:18:41.001+0000] {processor.py:161} INFO - Started process (PID=533) to work on /home/airflow/.local/lib/python3.12/site-packages/airflow/example_dags/example_latest_only.py
[2024-05-24T00:18:41.004+0000] {processor.py:830} INFO - Processing file /home/airflow/.local/lib/python3.12/site-packages/airflow/example_dags/example_latest_only.py for tasks to queue
[2024-05-24T00:18:41.005+0000] {logging_mixin.py:188} INFO - [2024-05-24T00:18:41.005+0000] {dagbag.py:545} INFO - Filling up the DagBag from /home/airflow/.local/lib/python3.12/site-packages/airflow/example_dags/example_latest_only.py
[2024-05-24T00:18:41.007+0000] {processor.py:840} INFO - DAG(s) 'latest_only' retrieved from /home/airflow/.local/lib/python3.12/site-packages/airflow/example_dags/example_latest_only.py
[2024-05-24T00:18:41.027+0000] {logging_mixin.py:188} INFO - [2024-05-24T00:18:41.027+0000] {dag.py:3096} INFO - Sync 1 DAGs
[2024-05-24T00:18:41.041+0000] {logging_mixin.py:188} INFO - [2024-05-24T00:18:41.041+0000] {dag.py:3954} INFO - Setting next_dagrun for latest_only to 2024-05-23 20:00:00+00:00, run_after=2024-05-24 00:00:00+00:00
[2024-05-24T00:18:41.049+0000] {processor.py:183} INFO - Processing /home/airflow/.local/lib/python3.12/site-packages/airflow/example_dags/example_latest_only.py took 0.053 seconds
[2024-05-24T00:19:11.679+0000] {processor.py:161} INFO - Started process (PID=593) to work on /home/airflow/.local/lib/python3.12/site-packages/airflow/example_dags/example_latest_only.py
[2024-05-24T00:19:11.680+0000] {processor.py:830} INFO - Processing file /home/airflow/.local/lib/python3.12/site-packages/airflow/example_dags/example_latest_only.py for tasks to queue
[2024-05-24T00:19:11.681+0000] {logging_mixin.py:188} INFO - [2024-05-24T00:19:11.681+0000] {dagbag.py:545} INFO - Filling up the DagBag from /home/airflow/.local/lib/python3.12/site-packages/airflow/example_dags/example_latest_only.py
[2024-05-24T00:19:11.683+0000] {processor.py:840} INFO - DAG(s) 'latest_only' retrieved from /home/airflow/.local/lib/python3.12/site-packages/airflow/example_dags/example_latest_only.py
[2024-05-24T00:19:11.708+0000] {logging_mixin.py:188} INFO - [2024-05-24T00:19:11.708+0000] {dag.py:3096} INFO - Sync 1 DAGs
[2024-05-24T00:19:11.724+0000] {logging_mixin.py:188} INFO - [2024-05-24T00:19:11.724+0000] {dag.py:3954} INFO - Setting next_dagrun for latest_only to 2024-05-23 20:00:00+00:00, run_after=2024-05-24 00:00:00+00:00
[2024-05-24T00:19:11.735+0000] {processor.py:183} INFO - Processing /home/airflow/.local/lib/python3.12/site-packages/airflow/example_dags/example_latest_only.py took 0.060 seconds
[2024-05-24T00:19:42.483+0000] {processor.py:161} INFO - Started process (PID=653) to work on /home/airflow/.local/lib/python3.12/site-packages/airflow/example_dags/example_latest_only.py
[2024-05-24T00:19:42.486+0000] {processor.py:830} INFO - Processing file /home/airflow/.local/lib/python3.12/site-packages/airflow/example_dags/example_latest_only.py for tasks to queue
[2024-05-24T00:19:42.487+0000] {logging_mixin.py:188} INFO - [2024-05-24T00:19:42.487+0000] {dagbag.py:545} INFO - Filling up the DagBag from /home/airflow/.local/lib/python3.12/site-packages/airflow/example_dags/example_latest_only.py
[2024-05-24T00:19:42.489+0000] {processor.py:840} INFO - DAG(s) 'latest_only' retrieved from /home/airflow/.local/lib/python3.12/site-packages/airflow/example_dags/example_latest_only.py
[2024-05-24T00:19:42.499+0000] {logging_mixin.py:188} INFO - [2024-05-24T00:19:42.499+0000] {dag.py:3096} INFO - Sync 1 DAGs
[2024-05-24T00:19:42.520+0000] {logging_mixin.py:188} INFO - [2024-05-24T00:19:42.520+0000] {dag.py:3954} INFO - Setting next_dagrun for latest_only to 2024-05-23 20:00:00+00:00, run_after=2024-05-24 00:00:00+00:00
[2024-05-24T00:19:42.531+0000] {processor.py:183} INFO - Processing /home/airflow/.local/lib/python3.12/site-packages/airflow/example_dags/example_latest_only.py took 0.052 seconds
[2024-05-24T00:20:13.209+0000] {processor.py:161} INFO - Started process (PID=712) to work on /home/airflow/.local/lib/python3.12/site-packages/airflow/example_dags/example_latest_only.py
[2024-05-24T00:20:13.210+0000] {processor.py:830} INFO - Processing file /home/airflow/.local/lib/python3.12/site-packages/airflow/example_dags/example_latest_only.py for tasks to queue
[2024-05-24T00:20:13.210+0000] {logging_mixin.py:188} INFO - [2024-05-24T00:20:13.210+0000] {dagbag.py:545} INFO - Filling up the DagBag from /home/airflow/.local/lib/python3.12/site-packages/airflow/example_dags/example_latest_only.py
[2024-05-24T00:20:13.212+0000] {processor.py:840} INFO - DAG(s) 'latest_only' retrieved from /home/airflow/.local/lib/python3.12/site-packages/airflow/example_dags/example_latest_only.py
[2024-05-24T00:20:13.224+0000] {logging_mixin.py:188} INFO - [2024-05-24T00:20:13.224+0000] {dag.py:3096} INFO - Sync 1 DAGs
[2024-05-24T00:20:13.236+0000] {logging_mixin.py:188} INFO - [2024-05-24T00:20:13.235+0000] {dag.py:3954} INFO - Setting next_dagrun for latest_only to 2024-05-23 20:00:00+00:00, run_after=2024-05-24 00:00:00+00:00
[2024-05-24T00:20:13.246+0000] {processor.py:183} INFO - Processing /home/airflow/.local/lib/python3.12/site-packages/airflow/example_dags/example_latest_only.py took 0.040 seconds
[2024-05-24T00:20:43.812+0000] {processor.py:161} INFO - Started process (PID=772) to work on /home/airflow/.local/lib/python3.12/site-packages/airflow/example_dags/example_latest_only.py
[2024-05-24T00:20:43.815+0000] {processor.py:830} INFO - Processing file /home/airflow/.local/lib/python3.12/site-packages/airflow/example_dags/example_latest_only.py for tasks to queue
[2024-05-24T00:20:43.816+0000] {logging_mixin.py:188} INFO - [2024-05-24T00:20:43.816+0000] {dagbag.py:545} INFO - Filling up the DagBag from /home/airflow/.local/lib/python3.12/site-packages/airflow/example_dags/example_latest_only.py
[2024-05-24T00:20:43.818+0000] {processor.py:840} INFO - DAG(s) 'latest_only' retrieved from /home/airflow/.local/lib/python3.12/site-packages/airflow/example_dags/example_latest_only.py
[2024-05-24T00:20:43.829+0000] {logging_mixin.py:188} INFO - [2024-05-24T00:20:43.828+0000] {dag.py:3096} INFO - Sync 1 DAGs
[2024-05-24T00:20:43.840+0000] {logging_mixin.py:188} INFO - [2024-05-24T00:20:43.840+0000] {dag.py:3954} INFO - Setting next_dagrun for latest_only to 2024-05-23 20:00:00+00:00, run_after=2024-05-24 00:00:00+00:00
[2024-05-24T00:20:43.847+0000] {processor.py:183} INFO - Processing /home/airflow/.local/lib/python3.12/site-packages/airflow/example_dags/example_latest_only.py took 0.039 seconds
[2024-05-24T00:21:14.499+0000] {processor.py:161} INFO - Started process (PID=849) to work on /home/airflow/.local/lib/python3.12/site-packages/airflow/example_dags/example_latest_only.py
[2024-05-24T00:21:14.502+0000] {processor.py:830} INFO - Processing file /home/airflow/.local/lib/python3.12/site-packages/airflow/example_dags/example_latest_only.py for tasks to queue
[2024-05-24T00:21:14.502+0000] {logging_mixin.py:188} INFO - [2024-05-24T00:21:14.502+0000] {dagbag.py:545} INFO - Filling up the DagBag from /home/airflow/.local/lib/python3.12/site-packages/airflow/example_dags/example_latest_only.py
[2024-05-24T00:21:14.504+0000] {processor.py:840} INFO - DAG(s) 'latest_only' retrieved from /home/airflow/.local/lib/python3.12/site-packages/airflow/example_dags/example_latest_only.py
[2024-05-24T00:21:14.512+0000] {logging_mixin.py:188} INFO - [2024-05-24T00:21:14.512+0000] {dag.py:3096} INFO - Sync 1 DAGs
[2024-05-24T00:21:14.521+0000] {logging_mixin.py:188} INFO - [2024-05-24T00:21:14.521+0000] {dag.py:3954} INFO - Setting next_dagrun for latest_only to 2024-05-23 20:00:00+00:00, run_after=2024-05-24 00:00:00+00:00
[2024-05-24T00:21:14.527+0000] {processor.py:183} INFO - Processing /home/airflow/.local/lib/python3.12/site-packages/airflow/example_dags/example_latest_only.py took 0.032 seconds
[2024-05-24T00:21:45.142+0000] {processor.py:161} INFO - Started process (PID=927) to work on /home/airflow/.local/lib/python3.12/site-packages/airflow/example_dags/example_latest_only.py
[2024-05-24T00:21:45.142+0000] {processor.py:830} INFO - Processing file /home/airflow/.local/lib/python3.12/site-packages/airflow/example_dags/example_latest_only.py for tasks to queue
[2024-05-24T00:21:45.143+0000] {logging_mixin.py:188} INFO - [2024-05-24T00:21:45.143+0000] {dagbag.py:545} INFO - Filling up the DagBag from /home/airflow/.local/lib/python3.12/site-packages/airflow/example_dags/example_latest_only.py
[2024-05-24T00:21:45.145+0000] {processor.py:840} INFO - DAG(s) 'latest_only' retrieved from /home/airflow/.local/lib/python3.12/site-packages/airflow/example_dags/example_latest_only.py
[2024-05-24T00:21:45.154+0000] {logging_mixin.py:188} INFO - [2024-05-24T00:21:45.153+0000] {dag.py:3096} INFO - Sync 1 DAGs
[2024-05-24T00:21:45.163+0000] {logging_mixin.py:188} INFO - [2024-05-24T00:21:45.163+0000] {dag.py:3954} INFO - Setting next_dagrun for latest_only to 2024-05-23 20:00:00+00:00, run_after=2024-05-24 00:00:00+00:00
[2024-05-24T00:21:45.170+0000] {processor.py:183} INFO - Processing /home/airflow/.local/lib/python3.12/site-packages/airflow/example_dags/example_latest_only.py took 0.031 seconds
[2024-05-24T00:22:15.879+0000] {processor.py:161} INFO - Started process (PID=987) to work on /home/airflow/.local/lib/python3.12/site-packages/airflow/example_dags/example_latest_only.py
[2024-05-24T00:22:15.882+0000] {processor.py:830} INFO - Processing file /home/airflow/.local/lib/python3.12/site-packages/airflow/example_dags/example_latest_only.py for tasks to queue
[2024-05-24T00:22:15.883+0000] {logging_mixin.py:188} INFO - [2024-05-24T00:22:15.883+0000] {dagbag.py:545} INFO - Filling up the DagBag from /home/airflow/.local/lib/python3.12/site-packages/airflow/example_dags/example_latest_only.py
[2024-05-24T00:22:15.885+0000] {processor.py:840} INFO - DAG(s) 'latest_only' retrieved from /home/airflow/.local/lib/python3.12/site-packages/airflow/example_dags/example_latest_only.py
[2024-05-24T00:22:15.897+0000] {logging_mixin.py:188} INFO - [2024-05-24T00:22:15.897+0000] {dag.py:3096} INFO - Sync 1 DAGs
[2024-05-24T00:22:15.910+0000] {logging_mixin.py:188} INFO - [2024-05-24T00:22:15.910+0000] {dag.py:3954} INFO - Setting next_dagrun for latest_only to 2024-05-23 20:00:00+00:00, run_after=2024-05-24 00:00:00+00:00
[2024-05-24T00:22:15.917+0000] {processor.py:183} INFO - Processing /home/airflow/.local/lib/python3.12/site-packages/airflow/example_dags/example_latest_only.py took 0.041 seconds
[2024-05-24T00:22:46.021+0000] {processor.py:161} INFO - Started process (PID=1065) to work on /home/airflow/.local/lib/python3.12/site-packages/airflow/example_dags/example_latest_only.py
[2024-05-24T00:22:46.024+0000] {processor.py:830} INFO - Processing file /home/airflow/.local/lib/python3.12/site-packages/airflow/example_dags/example_latest_only.py for tasks to queue
[2024-05-24T00:22:46.025+0000] {logging_mixin.py:188} INFO - [2024-05-24T00:22:46.025+0000] {dagbag.py:545} INFO - Filling up the DagBag from /home/airflow/.local/lib/python3.12/site-packages/airflow/example_dags/example_latest_only.py
[2024-05-24T00:22:46.027+0000] {processor.py:840} INFO - DAG(s) 'latest_only' retrieved from /home/airflow/.local/lib/python3.12/site-packages/airflow/example_dags/example_latest_only.py
[2024-05-24T00:22:46.042+0000] {logging_mixin.py:188} INFO - [2024-05-24T00:22:46.041+0000] {dag.py:3096} INFO - Sync 1 DAGs
[2024-05-24T00:22:46.057+0000] {logging_mixin.py:188} INFO - [2024-05-24T00:22:46.056+0000] {dag.py:3954} INFO - Setting next_dagrun for latest_only to 2024-05-23 20:00:00+00:00, run_after=2024-05-24 00:00:00+00:00
[2024-05-24T00:22:46.065+0000] {processor.py:183} INFO - Processing /home/airflow/.local/lib/python3.12/site-packages/airflow/example_dags/example_latest_only.py took 0.051 seconds
[2024-05-24T00:23:16.725+0000] {processor.py:161} INFO - Started process (PID=1125) to work on /home/airflow/.local/lib/python3.12/site-packages/airflow/example_dags/example_latest_only.py
[2024-05-24T00:23:16.728+0000] {processor.py:830} INFO - Processing file /home/airflow/.local/lib/python3.12/site-packages/airflow/example_dags/example_latest_only.py for tasks to queue
[2024-05-24T00:23:16.729+0000] {logging_mixin.py:188} INFO - [2024-05-24T00:23:16.729+0000] {dagbag.py:545} INFO - Filling up the DagBag from /home/airflow/.local/lib/python3.12/site-packages/airflow/example_dags/example_latest_only.py
[2024-05-24T00:23:16.731+0000] {processor.py:840} INFO - DAG(s) 'latest_only' retrieved from /home/airflow/.local/lib/python3.12/site-packages/airflow/example_dags/example_latest_only.py
[2024-05-24T00:23:16.741+0000] {logging_mixin.py:188} INFO - [2024-05-24T00:23:16.741+0000] {dag.py:3096} INFO - Sync 1 DAGs
[2024-05-24T00:23:16.752+0000] {logging_mixin.py:188} INFO - [2024-05-24T00:23:16.752+0000] {dag.py:3954} INFO - Setting next_dagrun for latest_only to 2024-05-23 20:00:00+00:00, run_after=2024-05-24 00:00:00+00:00
[2024-05-24T00:23:16.763+0000] {processor.py:183} INFO - Processing /home/airflow/.local/lib/python3.12/site-packages/airflow/example_dags/example_latest_only.py took 0.041 seconds
[2024-05-24T00:23:47.679+0000] {processor.py:161} INFO - Started process (PID=1185) to work on /home/airflow/.local/lib/python3.12/site-packages/airflow/example_dags/example_latest_only.py
[2024-05-24T00:23:47.682+0000] {processor.py:830} INFO - Processing file /home/airflow/.local/lib/python3.12/site-packages/airflow/example_dags/example_latest_only.py for tasks to queue
[2024-05-24T00:23:47.682+0000] {logging_mixin.py:188} INFO - [2024-05-24T00:23:47.682+0000] {dagbag.py:545} INFO - Filling up the DagBag from /home/airflow/.local/lib/python3.12/site-packages/airflow/example_dags/example_latest_only.py
[2024-05-24T00:23:47.684+0000] {processor.py:840} INFO - DAG(s) 'latest_only' retrieved from /home/airflow/.local/lib/python3.12/site-packages/airflow/example_dags/example_latest_only.py
[2024-05-24T00:23:47.694+0000] {logging_mixin.py:188} INFO - [2024-05-24T00:23:47.694+0000] {dag.py:3096} INFO - Sync 1 DAGs
[2024-05-24T00:23:47.705+0000] {logging_mixin.py:188} INFO - [2024-05-24T00:23:47.705+0000] {dag.py:3954} INFO - Setting next_dagrun for latest_only to 2024-05-23 20:00:00+00:00, run_after=2024-05-24 00:00:00+00:00
[2024-05-24T00:23:47.713+0000] {processor.py:183} INFO - Processing /home/airflow/.local/lib/python3.12/site-packages/airflow/example_dags/example_latest_only.py took 0.036 seconds
[2024-05-24T00:24:18.268+0000] {processor.py:161} INFO - Started process (PID=1245) to work on /home/airflow/.local/lib/python3.12/site-packages/airflow/example_dags/example_latest_only.py
[2024-05-24T00:24:18.271+0000] {processor.py:830} INFO - Processing file /home/airflow/.local/lib/python3.12/site-packages/airflow/example_dags/example_latest_only.py for tasks to queue
[2024-05-24T00:24:18.271+0000] {logging_mixin.py:188} INFO - [2024-05-24T00:24:18.271+0000] {dagbag.py:545} INFO - Filling up the DagBag from /home/airflow/.local/lib/python3.12/site-packages/airflow/example_dags/example_latest_only.py
[2024-05-24T00:24:18.273+0000] {processor.py:840} INFO - DAG(s) 'latest_only' retrieved from /home/airflow/.local/lib/python3.12/site-packages/airflow/example_dags/example_latest_only.py
[2024-05-24T00:24:18.287+0000] {logging_mixin.py:188} INFO - [2024-05-24T00:24:18.287+0000] {dag.py:3096} INFO - Sync 1 DAGs
[2024-05-24T00:24:18.302+0000] {logging_mixin.py:188} INFO - [2024-05-24T00:24:18.302+0000] {dag.py:3954} INFO - Setting next_dagrun for latest_only to 2024-05-23 20:00:00+00:00, run_after=2024-05-24 00:00:00+00:00
[2024-05-24T00:24:18.312+0000] {processor.py:183} INFO - Processing /home/airflow/.local/lib/python3.12/site-packages/airflow/example_dags/example_latest_only.py took 0.049 seconds
[2024-05-24T00:24:49.093+0000] {processor.py:161} INFO - Started process (PID=1305) to work on /home/airflow/.local/lib/python3.12/site-packages/airflow/example_dags/example_latest_only.py
[2024-05-24T00:24:49.096+0000] {processor.py:830} INFO - Processing file /home/airflow/.local/lib/python3.12/site-packages/airflow/example_dags/example_latest_only.py for tasks to queue
[2024-05-24T00:24:49.100+0000] {logging_mixin.py:188} INFO - [2024-05-24T00:24:49.099+0000] {dagbag.py:545} INFO - Filling up the DagBag from /home/airflow/.local/lib/python3.12/site-packages/airflow/example_dags/example_latest_only.py
[2024-05-24T00:24:49.104+0000] {processor.py:840} INFO - DAG(s) 'latest_only' retrieved from /home/airflow/.local/lib/python3.12/site-packages/airflow/example_dags/example_latest_only.py
[2024-05-24T00:24:49.126+0000] {logging_mixin.py:188} INFO - [2024-05-24T00:24:49.126+0000] {dag.py:3096} INFO - Sync 1 DAGs
[2024-05-24T00:24:49.147+0000] {logging_mixin.py:188} INFO - [2024-05-24T00:24:49.147+0000] {dag.py:3954} INFO - Setting next_dagrun for latest_only to 2024-05-23 20:00:00+00:00, run_after=2024-05-24 00:00:00+00:00
[2024-05-24T00:24:49.158+0000] {processor.py:183} INFO - Processing /home/airflow/.local/lib/python3.12/site-packages/airflow/example_dags/example_latest_only.py took 0.070 seconds
[2024-05-24T00:25:19.890+0000] {processor.py:161} INFO - Started process (PID=1365) to work on /home/airflow/.local/lib/python3.12/site-packages/airflow/example_dags/example_latest_only.py
[2024-05-24T00:25:19.893+0000] {processor.py:830} INFO - Processing file /home/airflow/.local/lib/python3.12/site-packages/airflow/example_dags/example_latest_only.py for tasks to queue
[2024-05-24T00:25:19.895+0000] {logging_mixin.py:188} INFO - [2024-05-24T00:25:19.895+0000] {dagbag.py:545} INFO - Filling up the DagBag from /home/airflow/.local/lib/python3.12/site-packages/airflow/example_dags/example_latest_only.py
[2024-05-24T00:25:19.900+0000] {processor.py:840} INFO - DAG(s) 'latest_only' retrieved from /home/airflow/.local/lib/python3.12/site-packages/airflow/example_dags/example_latest_only.py
[2024-05-24T00:25:19.911+0000] {logging_mixin.py:188} INFO - [2024-05-24T00:25:19.911+0000] {dag.py:3096} INFO - Sync 1 DAGs
[2024-05-24T00:25:19.920+0000] {logging_mixin.py:188} INFO - [2024-05-24T00:25:19.920+0000] {dag.py:3954} INFO - Setting next_dagrun for latest_only to 2024-05-23 20:00:00+00:00, run_after=2024-05-24 00:00:00+00:00
[2024-05-24T00:25:19.927+0000] {processor.py:183} INFO - Processing /home/airflow/.local/lib/python3.12/site-packages/airflow/example_dags/example_latest_only.py took 0.046 seconds
[2024-05-24T00:25:50.549+0000] {processor.py:161} INFO - Started process (PID=1425) to work on /home/airflow/.local/lib/python3.12/site-packages/airflow/example_dags/example_latest_only.py
[2024-05-24T00:25:50.552+0000] {processor.py:830} INFO - Processing file /home/airflow/.local/lib/python3.12/site-packages/airflow/example_dags/example_latest_only.py for tasks to queue
[2024-05-24T00:25:50.555+0000] {logging_mixin.py:188} INFO - [2024-05-24T00:25:50.554+0000] {dagbag.py:545} INFO - Filling up the DagBag from /home/airflow/.local/lib/python3.12/site-packages/airflow/example_dags/example_latest_only.py
[2024-05-24T00:25:50.560+0000] {processor.py:840} INFO - DAG(s) 'latest_only' retrieved from /home/airflow/.local/lib/python3.12/site-packages/airflow/example_dags/example_latest_only.py
[2024-05-24T00:25:50.574+0000] {logging_mixin.py:188} INFO - [2024-05-24T00:25:50.573+0000] {dag.py:3096} INFO - Sync 1 DAGs
[2024-05-24T00:25:50.586+0000] {logging_mixin.py:188} INFO - [2024-05-24T00:25:50.586+0000] {dag.py:3954} INFO - Setting next_dagrun for latest_only to 2024-05-23 20:00:00+00:00, run_after=2024-05-24 00:00:00+00:00
[2024-05-24T00:25:50.597+0000] {processor.py:183} INFO - Processing /home/airflow/.local/lib/python3.12/site-packages/airflow/example_dags/example_latest_only.py took 0.053 seconds
[2024-05-24T00:26:21.176+0000] {processor.py:161} INFO - Started process (PID=1485) to work on /home/airflow/.local/lib/python3.12/site-packages/airflow/example_dags/example_latest_only.py
[2024-05-24T00:26:21.179+0000] {processor.py:830} INFO - Processing file /home/airflow/.local/lib/python3.12/site-packages/airflow/example_dags/example_latest_only.py for tasks to queue
[2024-05-24T00:26:21.182+0000] {logging_mixin.py:188} INFO - [2024-05-24T00:26:21.182+0000] {dagbag.py:545} INFO - Filling up the DagBag from /home/airflow/.local/lib/python3.12/site-packages/airflow/example_dags/example_latest_only.py
[2024-05-24T00:26:21.187+0000] {processor.py:840} INFO - DAG(s) 'latest_only' retrieved from /home/airflow/.local/lib/python3.12/site-packages/airflow/example_dags/example_latest_only.py
[2024-05-24T00:26:21.205+0000] {logging_mixin.py:188} INFO - [2024-05-24T00:26:21.205+0000] {dag.py:3096} INFO - Sync 1 DAGs
[2024-05-24T00:26:21.216+0000] {logging_mixin.py:188} INFO - [2024-05-24T00:26:21.216+0000] {dag.py:3954} INFO - Setting next_dagrun for latest_only to 2024-05-23 20:00:00+00:00, run_after=2024-05-24 00:00:00+00:00
[2024-05-24T00:26:21.223+0000] {processor.py:183} INFO - Processing /home/airflow/.local/lib/python3.12/site-packages/airflow/example_dags/example_latest_only.py took 0.053 seconds
[2024-05-24T00:26:51.879+0000] {processor.py:161} INFO - Started process (PID=1546) to work on /home/airflow/.local/lib/python3.12/site-packages/airflow/example_dags/example_latest_only.py
[2024-05-24T00:26:51.882+0000] {processor.py:830} INFO - Processing file /home/airflow/.local/lib/python3.12/site-packages/airflow/example_dags/example_latest_only.py for tasks to queue
[2024-05-24T00:26:51.885+0000] {logging_mixin.py:188} INFO - [2024-05-24T00:26:51.884+0000] {dagbag.py:545} INFO - Filling up the DagBag from /home/airflow/.local/lib/python3.12/site-packages/airflow/example_dags/example_latest_only.py
[2024-05-24T00:26:51.890+0000] {processor.py:840} INFO - DAG(s) 'latest_only' retrieved from /home/airflow/.local/lib/python3.12/site-packages/airflow/example_dags/example_latest_only.py
[2024-05-24T00:26:51.925+0000] {logging_mixin.py:188} INFO - [2024-05-24T00:26:51.925+0000] {dag.py:3096} INFO - Sync 1 DAGs
[2024-05-24T00:26:51.941+0000] {logging_mixin.py:188} INFO - [2024-05-24T00:26:51.941+0000] {dag.py:3954} INFO - Setting next_dagrun for latest_only to 2024-05-23 20:00:00+00:00, run_after=2024-05-24 00:00:00+00:00
[2024-05-24T00:26:51.952+0000] {processor.py:183} INFO - Processing /home/airflow/.local/lib/python3.12/site-packages/airflow/example_dags/example_latest_only.py took 0.079 seconds
[2024-05-24T00:27:22.653+0000] {processor.py:161} INFO - Started process (PID=1606) to work on /home/airflow/.local/lib/python3.12/site-packages/airflow/example_dags/example_latest_only.py
[2024-05-24T00:27:22.657+0000] {processor.py:830} INFO - Processing file /home/airflow/.local/lib/python3.12/site-packages/airflow/example_dags/example_latest_only.py for tasks to queue
[2024-05-24T00:27:22.659+0000] {logging_mixin.py:188} INFO - [2024-05-24T00:27:22.659+0000] {dagbag.py:545} INFO - Filling up the DagBag from /home/airflow/.local/lib/python3.12/site-packages/airflow/example_dags/example_latest_only.py
[2024-05-24T00:27:22.664+0000] {processor.py:840} INFO - DAG(s) 'latest_only' retrieved from /home/airflow/.local/lib/python3.12/site-packages/airflow/example_dags/example_latest_only.py
[2024-05-24T00:27:22.677+0000] {logging_mixin.py:188} INFO - [2024-05-24T00:27:22.677+0000] {dag.py:3096} INFO - Sync 1 DAGs
[2024-05-24T00:27:22.691+0000] {logging_mixin.py:188} INFO - [2024-05-24T00:27:22.691+0000] {dag.py:3954} INFO - Setting next_dagrun for latest_only to 2024-05-23 20:00:00+00:00, run_after=2024-05-24 00:00:00+00:00
[2024-05-24T00:27:22.699+0000] {processor.py:183} INFO - Processing /home/airflow/.local/lib/python3.12/site-packages/airflow/example_dags/example_latest_only.py took 0.049 seconds
[2024-05-24T00:27:53.354+0000] {processor.py:161} INFO - Started process (PID=1666) to work on /home/airflow/.local/lib/python3.12/site-packages/airflow/example_dags/example_latest_only.py
[2024-05-24T00:27:53.355+0000] {processor.py:830} INFO - Processing file /home/airflow/.local/lib/python3.12/site-packages/airflow/example_dags/example_latest_only.py for tasks to queue
[2024-05-24T00:27:53.356+0000] {logging_mixin.py:188} INFO - [2024-05-24T00:27:53.356+0000] {dagbag.py:545} INFO - Filling up the DagBag from /home/airflow/.local/lib/python3.12/site-packages/airflow/example_dags/example_latest_only.py
[2024-05-24T00:27:53.360+0000] {processor.py:840} INFO - DAG(s) 'latest_only' retrieved from /home/airflow/.local/lib/python3.12/site-packages/airflow/example_dags/example_latest_only.py
[2024-05-24T00:27:53.377+0000] {logging_mixin.py:188} INFO - [2024-05-24T00:27:53.377+0000] {dag.py:3096} INFO - Sync 1 DAGs
[2024-05-24T00:27:53.393+0000] {logging_mixin.py:188} INFO - [2024-05-24T00:27:53.393+0000] {dag.py:3954} INFO - Setting next_dagrun for latest_only to 2024-05-23 20:00:00+00:00, run_after=2024-05-24 00:00:00+00:00
[2024-05-24T00:27:53.403+0000] {processor.py:183} INFO - Processing /home/airflow/.local/lib/python3.12/site-packages/airflow/example_dags/example_latest_only.py took 0.052 seconds
[2024-05-24T00:28:24.226+0000] {processor.py:161} INFO - Started process (PID=1726) to work on /home/airflow/.local/lib/python3.12/site-packages/airflow/example_dags/example_latest_only.py
[2024-05-24T00:28:24.229+0000] {processor.py:830} INFO - Processing file /home/airflow/.local/lib/python3.12/site-packages/airflow/example_dags/example_latest_only.py for tasks to queue
[2024-05-24T00:28:24.232+0000] {logging_mixin.py:188} INFO - [2024-05-24T00:28:24.231+0000] {dagbag.py:545} INFO - Filling up the DagBag from /home/airflow/.local/lib/python3.12/site-packages/airflow/example_dags/example_latest_only.py
[2024-05-24T00:28:24.236+0000] {processor.py:840} INFO - DAG(s) 'latest_only' retrieved from /home/airflow/.local/lib/python3.12/site-packages/airflow/example_dags/example_latest_only.py
[2024-05-24T00:28:24.247+0000] {logging_mixin.py:188} INFO - [2024-05-24T00:28:24.247+0000] {dag.py:3096} INFO - Sync 1 DAGs
[2024-05-24T00:28:24.261+0000] {logging_mixin.py:188} INFO - [2024-05-24T00:28:24.261+0000] {dag.py:3954} INFO - Setting next_dagrun for latest_only to 2024-05-23 20:00:00+00:00, run_after=2024-05-24 00:00:00+00:00
[2024-05-24T00:28:24.270+0000] {processor.py:183} INFO - Processing /home/airflow/.local/lib/python3.12/site-packages/airflow/example_dags/example_latest_only.py took 0.047 seconds
[2024-05-24T00:28:55.071+0000] {processor.py:161} INFO - Started process (PID=1786) to work on /home/airflow/.local/lib/python3.12/site-packages/airflow/example_dags/example_latest_only.py
[2024-05-24T00:28:55.072+0000] {processor.py:830} INFO - Processing file /home/airflow/.local/lib/python3.12/site-packages/airflow/example_dags/example_latest_only.py for tasks to queue
[2024-05-24T00:28:55.073+0000] {logging_mixin.py:188} INFO - [2024-05-24T00:28:55.072+0000] {dagbag.py:545} INFO - Filling up the DagBag from /home/airflow/.local/lib/python3.12/site-packages/airflow/example_dags/example_latest_only.py
[2024-05-24T00:28:55.074+0000] {processor.py:840} INFO - DAG(s) 'latest_only' retrieved from /home/airflow/.local/lib/python3.12/site-packages/airflow/example_dags/example_latest_only.py
[2024-05-24T00:28:55.087+0000] {logging_mixin.py:188} INFO - [2024-05-24T00:28:55.086+0000] {dag.py:3096} INFO - Sync 1 DAGs
[2024-05-24T00:28:55.100+0000] {logging_mixin.py:188} INFO - [2024-05-24T00:28:55.100+0000] {dag.py:3954} INFO - Setting next_dagrun for latest_only to 2024-05-23 20:00:00+00:00, run_after=2024-05-24 00:00:00+00:00
[2024-05-24T00:28:55.111+0000] {processor.py:183} INFO - Processing /home/airflow/.local/lib/python3.12/site-packages/airflow/example_dags/example_latest_only.py took 0.042 seconds
[2024-05-24T00:29:25.895+0000] {processor.py:161} INFO - Started process (PID=1846) to work on /home/airflow/.local/lib/python3.12/site-packages/airflow/example_dags/example_latest_only.py
[2024-05-24T00:29:25.898+0000] {processor.py:830} INFO - Processing file /home/airflow/.local/lib/python3.12/site-packages/airflow/example_dags/example_latest_only.py for tasks to queue
[2024-05-24T00:29:25.900+0000] {logging_mixin.py:188} INFO - [2024-05-24T00:29:25.900+0000] {dagbag.py:545} INFO - Filling up the DagBag from /home/airflow/.local/lib/python3.12/site-packages/airflow/example_dags/example_latest_only.py
[2024-05-24T00:29:25.905+0000] {processor.py:840} INFO - DAG(s) 'latest_only' retrieved from /home/airflow/.local/lib/python3.12/site-packages/airflow/example_dags/example_latest_only.py
[2024-05-24T00:29:25.919+0000] {logging_mixin.py:188} INFO - [2024-05-24T00:29:25.919+0000] {dag.py:3096} INFO - Sync 1 DAGs
[2024-05-24T00:29:25.933+0000] {logging_mixin.py:188} INFO - [2024-05-24T00:29:25.933+0000] {dag.py:3954} INFO - Setting next_dagrun for latest_only to 2024-05-23 20:00:00+00:00, run_after=2024-05-24 00:00:00+00:00
[2024-05-24T00:29:25.942+0000] {processor.py:183} INFO - Processing /home/airflow/.local/lib/python3.12/site-packages/airflow/example_dags/example_latest_only.py took 0.051 seconds
[2024-05-24T00:29:56.797+0000] {processor.py:161} INFO - Started process (PID=1906) to work on /home/airflow/.local/lib/python3.12/site-packages/airflow/example_dags/example_latest_only.py
[2024-05-24T00:29:56.800+0000] {processor.py:830} INFO - Processing file /home/airflow/.local/lib/python3.12/site-packages/airflow/example_dags/example_latest_only.py for tasks to queue
[2024-05-24T00:29:56.801+0000] {logging_mixin.py:188} INFO - [2024-05-24T00:29:56.800+0000] {dagbag.py:545} INFO - Filling up the DagBag from /home/airflow/.local/lib/python3.12/site-packages/airflow/example_dags/example_latest_only.py
[2024-05-24T00:29:56.803+0000] {processor.py:840} INFO - DAG(s) 'latest_only' retrieved from /home/airflow/.local/lib/python3.12/site-packages/airflow/example_dags/example_latest_only.py
[2024-05-24T00:29:56.813+0000] {logging_mixin.py:188} INFO - [2024-05-24T00:29:56.812+0000] {dag.py:3096} INFO - Sync 1 DAGs
[2024-05-24T00:29:56.821+0000] {logging_mixin.py:188} INFO - [2024-05-24T00:29:56.821+0000] {dag.py:3954} INFO - Setting next_dagrun for latest_only to 2024-05-23 20:00:00+00:00, run_after=2024-05-24 00:00:00+00:00
[2024-05-24T00:29:56.828+0000] {processor.py:183} INFO - Processing /home/airflow/.local/lib/python3.12/site-packages/airflow/example_dags/example_latest_only.py took 0.035 seconds
[2024-05-24T00:30:26.940+0000] {processor.py:161} INFO - Started process (PID=1966) to work on /home/airflow/.local/lib/python3.12/site-packages/airflow/example_dags/example_latest_only.py
[2024-05-24T00:30:26.943+0000] {processor.py:830} INFO - Processing file /home/airflow/.local/lib/python3.12/site-packages/airflow/example_dags/example_latest_only.py for tasks to queue
[2024-05-24T00:30:26.946+0000] {logging_mixin.py:188} INFO - [2024-05-24T00:30:26.945+0000] {dagbag.py:545} INFO - Filling up the DagBag from /home/airflow/.local/lib/python3.12/site-packages/airflow/example_dags/example_latest_only.py
[2024-05-24T00:30:26.949+0000] {processor.py:840} INFO - DAG(s) 'latest_only' retrieved from /home/airflow/.local/lib/python3.12/site-packages/airflow/example_dags/example_latest_only.py
[2024-05-24T00:30:26.963+0000] {logging_mixin.py:188} INFO - [2024-05-24T00:30:26.962+0000] {dag.py:3096} INFO - Sync 1 DAGs
[2024-05-24T00:30:26.977+0000] {logging_mixin.py:188} INFO - [2024-05-24T00:30:26.977+0000] {dag.py:3954} INFO - Setting next_dagrun for latest_only to 2024-05-23 20:00:00+00:00, run_after=2024-05-24 00:00:00+00:00
[2024-05-24T00:30:26.987+0000] {processor.py:183} INFO - Processing /home/airflow/.local/lib/python3.12/site-packages/airflow/example_dags/example_latest_only.py took 0.058 seconds
[2024-05-24T00:30:57.861+0000] {processor.py:161} INFO - Started process (PID=2026) to work on /home/airflow/.local/lib/python3.12/site-packages/airflow/example_dags/example_latest_only.py
[2024-05-24T00:30:57.864+0000] {processor.py:830} INFO - Processing file /home/airflow/.local/lib/python3.12/site-packages/airflow/example_dags/example_latest_only.py for tasks to queue
[2024-05-24T00:30:57.867+0000] {logging_mixin.py:188} INFO - [2024-05-24T00:30:57.867+0000] {dagbag.py:545} INFO - Filling up the DagBag from /home/airflow/.local/lib/python3.12/site-packages/airflow/example_dags/example_latest_only.py
[2024-05-24T00:30:57.872+0000] {processor.py:840} INFO - DAG(s) 'latest_only' retrieved from /home/airflow/.local/lib/python3.12/site-packages/airflow/example_dags/example_latest_only.py
[2024-05-24T00:30:57.887+0000] {logging_mixin.py:188} INFO - [2024-05-24T00:30:57.887+0000] {dag.py:3096} INFO - Sync 1 DAGs
[2024-05-24T00:30:57.964+0000] {logging_mixin.py:188} INFO - [2024-05-24T00:30:57.964+0000] {dag.py:3954} INFO - Setting next_dagrun for latest_only to 2024-05-23 20:00:00+00:00, run_after=2024-05-24 00:00:00+00:00
[2024-05-24T00:30:57.975+0000] {processor.py:183} INFO - Processing /home/airflow/.local/lib/python3.12/site-packages/airflow/example_dags/example_latest_only.py took 0.120 seconds
[2024-05-24T00:31:28.647+0000] {processor.py:161} INFO - Started process (PID=2086) to work on /home/airflow/.local/lib/python3.12/site-packages/airflow/example_dags/example_latest_only.py
[2024-05-24T00:31:28.650+0000] {processor.py:830} INFO - Processing file /home/airflow/.local/lib/python3.12/site-packages/airflow/example_dags/example_latest_only.py for tasks to queue
[2024-05-24T00:31:28.652+0000] {logging_mixin.py:188} INFO - [2024-05-24T00:31:28.651+0000] {dagbag.py:545} INFO - Filling up the DagBag from /home/airflow/.local/lib/python3.12/site-packages/airflow/example_dags/example_latest_only.py
[2024-05-24T00:31:28.655+0000] {processor.py:840} INFO - DAG(s) 'latest_only' retrieved from /home/airflow/.local/lib/python3.12/site-packages/airflow/example_dags/example_latest_only.py
[2024-05-24T00:31:28.669+0000] {logging_mixin.py:188} INFO - [2024-05-24T00:31:28.669+0000] {dag.py:3096} INFO - Sync 1 DAGs
[2024-05-24T00:31:28.684+0000] {logging_mixin.py:188} INFO - [2024-05-24T00:31:28.684+0000] {dag.py:3954} INFO - Setting next_dagrun for latest_only to 2024-05-23 20:00:00+00:00, run_after=2024-05-24 00:00:00+00:00
[2024-05-24T00:31:28.755+0000] {processor.py:183} INFO - Processing /home/airflow/.local/lib/python3.12/site-packages/airflow/example_dags/example_latest_only.py took 0.112 seconds
[2024-05-24T00:31:59.221+0000] {processor.py:161} INFO - Started process (PID=2146) to work on /home/airflow/.local/lib/python3.12/site-packages/airflow/example_dags/example_latest_only.py
[2024-05-24T00:31:59.225+0000] {processor.py:830} INFO - Processing file /home/airflow/.local/lib/python3.12/site-packages/airflow/example_dags/example_latest_only.py for tasks to queue
[2024-05-24T00:31:59.226+0000] {logging_mixin.py:188} INFO - [2024-05-24T00:31:59.226+0000] {dagbag.py:545} INFO - Filling up the DagBag from /home/airflow/.local/lib/python3.12/site-packages/airflow/example_dags/example_latest_only.py
[2024-05-24T00:31:59.231+0000] {processor.py:840} INFO - DAG(s) 'latest_only' retrieved from /home/airflow/.local/lib/python3.12/site-packages/airflow/example_dags/example_latest_only.py
[2024-05-24T00:31:59.248+0000] {logging_mixin.py:188} INFO - [2024-05-24T00:31:59.247+0000] {dag.py:3096} INFO - Sync 1 DAGs
[2024-05-24T00:31:59.261+0000] {logging_mixin.py:188} INFO - [2024-05-24T00:31:59.261+0000] {dag.py:3954} INFO - Setting next_dagrun for latest_only to 2024-05-23 20:00:00+00:00, run_after=2024-05-24 00:00:00+00:00
[2024-05-24T00:31:59.270+0000] {processor.py:183} INFO - Processing /home/airflow/.local/lib/python3.12/site-packages/airflow/example_dags/example_latest_only.py took 0.051 seconds
[2024-05-24T00:32:30.228+0000] {processor.py:161} INFO - Started process (PID=2206) to work on /home/airflow/.local/lib/python3.12/site-packages/airflow/example_dags/example_latest_only.py
[2024-05-24T00:32:30.231+0000] {processor.py:830} INFO - Processing file /home/airflow/.local/lib/python3.12/site-packages/airflow/example_dags/example_latest_only.py for tasks to queue
[2024-05-24T00:32:30.233+0000] {logging_mixin.py:188} INFO - [2024-05-24T00:32:30.232+0000] {dagbag.py:545} INFO - Filling up the DagBag from /home/airflow/.local/lib/python3.12/site-packages/airflow/example_dags/example_latest_only.py
[2024-05-24T00:32:30.236+0000] {processor.py:840} INFO - DAG(s) 'latest_only' retrieved from /home/airflow/.local/lib/python3.12/site-packages/airflow/example_dags/example_latest_only.py
[2024-05-24T00:32:30.245+0000] {logging_mixin.py:188} INFO - [2024-05-24T00:32:30.245+0000] {dag.py:3096} INFO - Sync 1 DAGs
[2024-05-24T00:32:30.256+0000] {logging_mixin.py:188} INFO - [2024-05-24T00:32:30.256+0000] {dag.py:3954} INFO - Setting next_dagrun for latest_only to 2024-05-23 20:00:00+00:00, run_after=2024-05-24 00:00:00+00:00
[2024-05-24T00:32:30.263+0000] {processor.py:183} INFO - Processing /home/airflow/.local/lib/python3.12/site-packages/airflow/example_dags/example_latest_only.py took 0.041 seconds
[2024-05-24T00:33:00.794+0000] {processor.py:161} INFO - Started process (PID=2266) to work on /home/airflow/.local/lib/python3.12/site-packages/airflow/example_dags/example_latest_only.py
[2024-05-24T00:33:00.797+0000] {processor.py:830} INFO - Processing file /home/airflow/.local/lib/python3.12/site-packages/airflow/example_dags/example_latest_only.py for tasks to queue
[2024-05-24T00:33:00.798+0000] {logging_mixin.py:188} INFO - [2024-05-24T00:33:00.798+0000] {dagbag.py:545} INFO - Filling up the DagBag from /home/airflow/.local/lib/python3.12/site-packages/airflow/example_dags/example_latest_only.py
[2024-05-24T00:33:00.801+0000] {processor.py:840} INFO - DAG(s) 'latest_only' retrieved from /home/airflow/.local/lib/python3.12/site-packages/airflow/example_dags/example_latest_only.py
[2024-05-24T00:33:00.812+0000] {logging_mixin.py:188} INFO - [2024-05-24T00:33:00.812+0000] {dag.py:3096} INFO - Sync 1 DAGs
[2024-05-24T00:33:00.821+0000] {logging_mixin.py:188} INFO - [2024-05-24T00:33:00.821+0000] {dag.py:3954} INFO - Setting next_dagrun for latest_only to 2024-05-23 20:00:00+00:00, run_after=2024-05-24 00:00:00+00:00
[2024-05-24T00:33:00.830+0000] {processor.py:183} INFO - Processing /home/airflow/.local/lib/python3.12/site-packages/airflow/example_dags/example_latest_only.py took 0.039 seconds
[2024-05-24T00:33:31.566+0000] {processor.py:161} INFO - Started process (PID=2326) to work on /home/airflow/.local/lib/python3.12/site-packages/airflow/example_dags/example_latest_only.py
[2024-05-24T00:33:31.567+0000] {processor.py:830} INFO - Processing file /home/airflow/.local/lib/python3.12/site-packages/airflow/example_dags/example_latest_only.py for tasks to queue
[2024-05-24T00:33:31.569+0000] {logging_mixin.py:188} INFO - [2024-05-24T00:33:31.568+0000] {dagbag.py:545} INFO - Filling up the DagBag from /home/airflow/.local/lib/python3.12/site-packages/airflow/example_dags/example_latest_only.py
[2024-05-24T00:33:31.573+0000] {processor.py:840} INFO - DAG(s) 'latest_only' retrieved from /home/airflow/.local/lib/python3.12/site-packages/airflow/example_dags/example_latest_only.py
[2024-05-24T00:33:31.586+0000] {logging_mixin.py:188} INFO - [2024-05-24T00:33:31.586+0000] {dag.py:3096} INFO - Sync 1 DAGs
[2024-05-24T00:33:31.595+0000] {logging_mixin.py:188} INFO - [2024-05-24T00:33:31.595+0000] {dag.py:3954} INFO - Setting next_dagrun for latest_only to 2024-05-23 20:00:00+00:00, run_after=2024-05-24 00:00:00+00:00
[2024-05-24T00:33:31.602+0000] {processor.py:183} INFO - Processing /home/airflow/.local/lib/python3.12/site-packages/airflow/example_dags/example_latest_only.py took 0.043 seconds
[2024-05-24T00:34:02.514+0000] {processor.py:161} INFO - Started process (PID=2392) to work on /home/airflow/.local/lib/python3.12/site-packages/airflow/example_dags/example_latest_only.py
[2024-05-24T00:34:02.515+0000] {processor.py:830} INFO - Processing file /home/airflow/.local/lib/python3.12/site-packages/airflow/example_dags/example_latest_only.py for tasks to queue
[2024-05-24T00:34:02.516+0000] {logging_mixin.py:188} INFO - [2024-05-24T00:34:02.516+0000] {dagbag.py:545} INFO - Filling up the DagBag from /home/airflow/.local/lib/python3.12/site-packages/airflow/example_dags/example_latest_only.py
[2024-05-24T00:34:02.519+0000] {processor.py:840} INFO - DAG(s) 'latest_only' retrieved from /home/airflow/.local/lib/python3.12/site-packages/airflow/example_dags/example_latest_only.py
[2024-05-24T00:34:02.531+0000] {logging_mixin.py:188} INFO - [2024-05-24T00:34:02.531+0000] {dag.py:3096} INFO - Sync 1 DAGs
[2024-05-24T00:34:02.547+0000] {logging_mixin.py:188} INFO - [2024-05-24T00:34:02.547+0000] {dag.py:3954} INFO - Setting next_dagrun for latest_only to 2024-05-23 20:00:00+00:00, run_after=2024-05-24 00:00:00+00:00
[2024-05-24T00:34:02.558+0000] {processor.py:183} INFO - Processing /home/airflow/.local/lib/python3.12/site-packages/airflow/example_dags/example_latest_only.py took 0.050 seconds
[2024-05-24T00:34:33.173+0000] {processor.py:161} INFO - Started process (PID=2452) to work on /home/airflow/.local/lib/python3.12/site-packages/airflow/example_dags/example_latest_only.py
[2024-05-24T00:34:33.174+0000] {processor.py:830} INFO - Processing file /home/airflow/.local/lib/python3.12/site-packages/airflow/example_dags/example_latest_only.py for tasks to queue
[2024-05-24T00:34:33.175+0000] {logging_mixin.py:188} INFO - [2024-05-24T00:34:33.175+0000] {dagbag.py:545} INFO - Filling up the DagBag from /home/airflow/.local/lib/python3.12/site-packages/airflow/example_dags/example_latest_only.py
[2024-05-24T00:34:33.177+0000] {processor.py:840} INFO - DAG(s) 'latest_only' retrieved from /home/airflow/.local/lib/python3.12/site-packages/airflow/example_dags/example_latest_only.py
[2024-05-24T00:34:33.189+0000] {logging_mixin.py:188} INFO - [2024-05-24T00:34:33.189+0000] {dag.py:3096} INFO - Sync 1 DAGs
[2024-05-24T00:34:33.205+0000] {logging_mixin.py:188} INFO - [2024-05-24T00:34:33.205+0000] {dag.py:3954} INFO - Setting next_dagrun for latest_only to 2024-05-23 20:00:00+00:00, run_after=2024-05-24 00:00:00+00:00
[2024-05-24T00:34:33.218+0000] {processor.py:183} INFO - Processing /home/airflow/.local/lib/python3.12/site-packages/airflow/example_dags/example_latest_only.py took 0.048 seconds
[2024-05-24T00:35:03.884+0000] {processor.py:161} INFO - Started process (PID=2512) to work on /home/airflow/.local/lib/python3.12/site-packages/airflow/example_dags/example_latest_only.py
[2024-05-24T00:35:03.884+0000] {processor.py:830} INFO - Processing file /home/airflow/.local/lib/python3.12/site-packages/airflow/example_dags/example_latest_only.py for tasks to queue
[2024-05-24T00:35:03.885+0000] {logging_mixin.py:188} INFO - [2024-05-24T00:35:03.885+0000] {dagbag.py:545} INFO - Filling up the DagBag from /home/airflow/.local/lib/python3.12/site-packages/airflow/example_dags/example_latest_only.py
[2024-05-24T00:35:03.887+0000] {processor.py:840} INFO - DAG(s) 'latest_only' retrieved from /home/airflow/.local/lib/python3.12/site-packages/airflow/example_dags/example_latest_only.py
[2024-05-24T00:35:03.896+0000] {logging_mixin.py:188} INFO - [2024-05-24T00:35:03.896+0000] {dag.py:3096} INFO - Sync 1 DAGs
[2024-05-24T00:35:03.906+0000] {logging_mixin.py:188} INFO - [2024-05-24T00:35:03.906+0000] {dag.py:3954} INFO - Setting next_dagrun for latest_only to 2024-05-23 20:00:00+00:00, run_after=2024-05-24 00:00:00+00:00
[2024-05-24T00:35:03.913+0000] {processor.py:183} INFO - Processing /home/airflow/.local/lib/python3.12/site-packages/airflow/example_dags/example_latest_only.py took 0.036 seconds
[2024-05-24T00:35:34.764+0000] {processor.py:161} INFO - Started process (PID=2572) to work on /home/airflow/.local/lib/python3.12/site-packages/airflow/example_dags/example_latest_only.py
[2024-05-24T00:35:34.764+0000] {processor.py:830} INFO - Processing file /home/airflow/.local/lib/python3.12/site-packages/airflow/example_dags/example_latest_only.py for tasks to queue
[2024-05-24T00:35:34.765+0000] {logging_mixin.py:188} INFO - [2024-05-24T00:35:34.765+0000] {dagbag.py:545} INFO - Filling up the DagBag from /home/airflow/.local/lib/python3.12/site-packages/airflow/example_dags/example_latest_only.py
[2024-05-24T00:35:34.767+0000] {processor.py:840} INFO - DAG(s) 'latest_only' retrieved from /home/airflow/.local/lib/python3.12/site-packages/airflow/example_dags/example_latest_only.py
[2024-05-24T00:35:34.776+0000] {logging_mixin.py:188} INFO - [2024-05-24T00:35:34.776+0000] {dag.py:3096} INFO - Sync 1 DAGs
[2024-05-24T00:35:34.788+0000] {logging_mixin.py:188} INFO - [2024-05-24T00:35:34.788+0000] {dag.py:3954} INFO - Setting next_dagrun for latest_only to 2024-05-23 20:00:00+00:00, run_after=2024-05-24 00:00:00+00:00
[2024-05-24T00:35:34.795+0000] {processor.py:183} INFO - Processing /home/airflow/.local/lib/python3.12/site-packages/airflow/example_dags/example_latest_only.py took 0.036 seconds
[2024-05-24T00:36:05.249+0000] {processor.py:161} INFO - Started process (PID=2631) to work on /home/airflow/.local/lib/python3.12/site-packages/airflow/example_dags/example_latest_only.py
[2024-05-24T00:36:05.252+0000] {processor.py:830} INFO - Processing file /home/airflow/.local/lib/python3.12/site-packages/airflow/example_dags/example_latest_only.py for tasks to queue
[2024-05-24T00:36:05.254+0000] {logging_mixin.py:188} INFO - [2024-05-24T00:36:05.254+0000] {dagbag.py:545} INFO - Filling up the DagBag from /home/airflow/.local/lib/python3.12/site-packages/airflow/example_dags/example_latest_only.py
[2024-05-24T00:36:05.258+0000] {processor.py:840} INFO - DAG(s) 'latest_only' retrieved from /home/airflow/.local/lib/python3.12/site-packages/airflow/example_dags/example_latest_only.py
[2024-05-24T00:36:05.279+0000] {logging_mixin.py:188} INFO - [2024-05-24T00:36:05.278+0000] {dag.py:3096} INFO - Sync 1 DAGs
[2024-05-24T00:36:05.295+0000] {logging_mixin.py:188} INFO - [2024-05-24T00:36:05.295+0000] {dag.py:3954} INFO - Setting next_dagrun for latest_only to 2024-05-23 20:00:00+00:00, run_after=2024-05-24 00:00:00+00:00
[2024-05-24T00:36:05.305+0000] {processor.py:183} INFO - Processing /home/airflow/.local/lib/python3.12/site-packages/airflow/example_dags/example_latest_only.py took 0.062 seconds
[2024-05-24T00:36:35.965+0000] {processor.py:161} INFO - Started process (PID=2690) to work on /home/airflow/.local/lib/python3.12/site-packages/airflow/example_dags/example_latest_only.py
[2024-05-24T00:36:35.968+0000] {processor.py:830} INFO - Processing file /home/airflow/.local/lib/python3.12/site-packages/airflow/example_dags/example_latest_only.py for tasks to queue
[2024-05-24T00:36:35.969+0000] {logging_mixin.py:188} INFO - [2024-05-24T00:36:35.969+0000] {dagbag.py:545} INFO - Filling up the DagBag from /home/airflow/.local/lib/python3.12/site-packages/airflow/example_dags/example_latest_only.py
[2024-05-24T00:36:35.972+0000] {processor.py:840} INFO - DAG(s) 'latest_only' retrieved from /home/airflow/.local/lib/python3.12/site-packages/airflow/example_dags/example_latest_only.py
[2024-05-24T00:36:35.998+0000] {logging_mixin.py:188} INFO - [2024-05-24T00:36:35.997+0000] {dag.py:3096} INFO - Sync 1 DAGs
[2024-05-24T00:36:36.013+0000] {logging_mixin.py:188} INFO - [2024-05-24T00:36:36.013+0000] {dag.py:3954} INFO - Setting next_dagrun for latest_only to 2024-05-23 20:00:00+00:00, run_after=2024-05-24 00:00:00+00:00
[2024-05-24T00:36:36.023+0000] {processor.py:183} INFO - Processing /home/airflow/.local/lib/python3.12/site-packages/airflow/example_dags/example_latest_only.py took 0.063 seconds
[2024-05-24T00:37:06.747+0000] {processor.py:161} INFO - Started process (PID=2749) to work on /home/airflow/.local/lib/python3.12/site-packages/airflow/example_dags/example_latest_only.py
[2024-05-24T00:37:06.747+0000] {processor.py:830} INFO - Processing file /home/airflow/.local/lib/python3.12/site-packages/airflow/example_dags/example_latest_only.py for tasks to queue
[2024-05-24T00:37:06.748+0000] {logging_mixin.py:188} INFO - [2024-05-24T00:37:06.748+0000] {dagbag.py:545} INFO - Filling up the DagBag from /home/airflow/.local/lib/python3.12/site-packages/airflow/example_dags/example_latest_only.py
[2024-05-24T00:37:06.752+0000] {processor.py:840} INFO - DAG(s) 'latest_only' retrieved from /home/airflow/.local/lib/python3.12/site-packages/airflow/example_dags/example_latest_only.py
[2024-05-24T00:37:06.774+0000] {logging_mixin.py:188} INFO - [2024-05-24T00:37:06.773+0000] {dag.py:3096} INFO - Sync 1 DAGs
[2024-05-24T00:37:06.790+0000] {logging_mixin.py:188} INFO - [2024-05-24T00:37:06.790+0000] {dag.py:3954} INFO - Setting next_dagrun for latest_only to 2024-05-23 20:00:00+00:00, run_after=2024-05-24 00:00:00+00:00
[2024-05-24T00:37:06.801+0000] {processor.py:183} INFO - Processing /home/airflow/.local/lib/python3.12/site-packages/airflow/example_dags/example_latest_only.py took 0.058 seconds
[2024-05-24T00:37:37.371+0000] {processor.py:161} INFO - Started process (PID=2808) to work on /home/airflow/.local/lib/python3.12/site-packages/airflow/example_dags/example_latest_only.py
[2024-05-24T00:37:37.374+0000] {processor.py:830} INFO - Processing file /home/airflow/.local/lib/python3.12/site-packages/airflow/example_dags/example_latest_only.py for tasks to queue
[2024-05-24T00:37:37.375+0000] {logging_mixin.py:188} INFO - [2024-05-24T00:37:37.374+0000] {dagbag.py:545} INFO - Filling up the DagBag from /home/airflow/.local/lib/python3.12/site-packages/airflow/example_dags/example_latest_only.py
[2024-05-24T00:37:37.377+0000] {processor.py:840} INFO - DAG(s) 'latest_only' retrieved from /home/airflow/.local/lib/python3.12/site-packages/airflow/example_dags/example_latest_only.py
[2024-05-24T00:37:37.387+0000] {logging_mixin.py:188} INFO - [2024-05-24T00:37:37.387+0000] {dag.py:3096} INFO - Sync 1 DAGs
[2024-05-24T00:37:37.399+0000] {logging_mixin.py:188} INFO - [2024-05-24T00:37:37.399+0000] {dag.py:3954} INFO - Setting next_dagrun for latest_only to 2024-05-23 20:00:00+00:00, run_after=2024-05-24 00:00:00+00:00
[2024-05-24T00:37:37.406+0000] {processor.py:183} INFO - Processing /home/airflow/.local/lib/python3.12/site-packages/airflow/example_dags/example_latest_only.py took 0.040 seconds
[2024-05-24T00:38:08.014+0000] {processor.py:161} INFO - Started process (PID=2867) to work on /home/airflow/.local/lib/python3.12/site-packages/airflow/example_dags/example_latest_only.py
[2024-05-24T00:38:08.015+0000] {processor.py:830} INFO - Processing file /home/airflow/.local/lib/python3.12/site-packages/airflow/example_dags/example_latest_only.py for tasks to queue
[2024-05-24T00:38:08.015+0000] {logging_mixin.py:188} INFO - [2024-05-24T00:38:08.015+0000] {dagbag.py:545} INFO - Filling up the DagBag from /home/airflow/.local/lib/python3.12/site-packages/airflow/example_dags/example_latest_only.py
[2024-05-24T00:38:08.019+0000] {processor.py:840} INFO - DAG(s) 'latest_only' retrieved from /home/airflow/.local/lib/python3.12/site-packages/airflow/example_dags/example_latest_only.py
[2024-05-24T00:38:08.039+0000] {logging_mixin.py:188} INFO - [2024-05-24T00:38:08.038+0000] {dag.py:3096} INFO - Sync 1 DAGs
[2024-05-24T00:38:08.057+0000] {logging_mixin.py:188} INFO - [2024-05-24T00:38:08.057+0000] {dag.py:3954} INFO - Setting next_dagrun for latest_only to 2024-05-23 20:00:00+00:00, run_after=2024-05-24 00:00:00+00:00
[2024-05-24T00:38:08.068+0000] {processor.py:183} INFO - Processing /home/airflow/.local/lib/python3.12/site-packages/airflow/example_dags/example_latest_only.py took 0.056 seconds
[2024-05-24T00:38:38.720+0000] {processor.py:161} INFO - Started process (PID=2927) to work on /home/airflow/.local/lib/python3.12/site-packages/airflow/example_dags/example_latest_only.py
[2024-05-24T00:38:38.724+0000] {processor.py:830} INFO - Processing file /home/airflow/.local/lib/python3.12/site-packages/airflow/example_dags/example_latest_only.py for tasks to queue
[2024-05-24T00:38:38.724+0000] {logging_mixin.py:188} INFO - [2024-05-24T00:38:38.724+0000] {dagbag.py:545} INFO - Filling up the DagBag from /home/airflow/.local/lib/python3.12/site-packages/airflow/example_dags/example_latest_only.py
[2024-05-24T00:38:38.727+0000] {processor.py:840} INFO - DAG(s) 'latest_only' retrieved from /home/airflow/.local/lib/python3.12/site-packages/airflow/example_dags/example_latest_only.py
[2024-05-24T00:38:38.738+0000] {logging_mixin.py:188} INFO - [2024-05-24T00:38:38.737+0000] {dag.py:3096} INFO - Sync 1 DAGs
[2024-05-24T00:38:38.750+0000] {logging_mixin.py:188} INFO - [2024-05-24T00:38:38.750+0000] {dag.py:3954} INFO - Setting next_dagrun for latest_only to 2024-05-23 20:00:00+00:00, run_after=2024-05-24 00:00:00+00:00
[2024-05-24T00:38:38.758+0000] {processor.py:183} INFO - Processing /home/airflow/.local/lib/python3.12/site-packages/airflow/example_dags/example_latest_only.py took 0.042 seconds
[2024-05-24T00:39:09.270+0000] {processor.py:161} INFO - Started process (PID=2986) to work on /home/airflow/.local/lib/python3.12/site-packages/airflow/example_dags/example_latest_only.py
[2024-05-24T00:39:09.274+0000] {processor.py:830} INFO - Processing file /home/airflow/.local/lib/python3.12/site-packages/airflow/example_dags/example_latest_only.py for tasks to queue
[2024-05-24T00:39:09.275+0000] {logging_mixin.py:188} INFO - [2024-05-24T00:39:09.274+0000] {dagbag.py:545} INFO - Filling up the DagBag from /home/airflow/.local/lib/python3.12/site-packages/airflow/example_dags/example_latest_only.py
[2024-05-24T00:39:09.278+0000] {processor.py:840} INFO - DAG(s) 'latest_only' retrieved from /home/airflow/.local/lib/python3.12/site-packages/airflow/example_dags/example_latest_only.py
[2024-05-24T00:39:09.290+0000] {logging_mixin.py:188} INFO - [2024-05-24T00:39:09.289+0000] {dag.py:3096} INFO - Sync 1 DAGs
[2024-05-24T00:39:09.310+0000] {logging_mixin.py:188} INFO - [2024-05-24T00:39:09.310+0000] {dag.py:3954} INFO - Setting next_dagrun for latest_only to 2024-05-23 20:00:00+00:00, run_after=2024-05-24 00:00:00+00:00
[2024-05-24T00:39:09.318+0000] {processor.py:183} INFO - Processing /home/airflow/.local/lib/python3.12/site-packages/airflow/example_dags/example_latest_only.py took 0.052 seconds
[2024-05-24T00:39:39.847+0000] {processor.py:161} INFO - Started process (PID=3045) to work on /home/airflow/.local/lib/python3.12/site-packages/airflow/example_dags/example_latest_only.py
[2024-05-24T00:39:39.850+0000] {processor.py:830} INFO - Processing file /home/airflow/.local/lib/python3.12/site-packages/airflow/example_dags/example_latest_only.py for tasks to queue
[2024-05-24T00:39:39.850+0000] {logging_mixin.py:188} INFO - [2024-05-24T00:39:39.850+0000] {dagbag.py:545} INFO - Filling up the DagBag from /home/airflow/.local/lib/python3.12/site-packages/airflow/example_dags/example_latest_only.py
[2024-05-24T00:39:39.852+0000] {processor.py:840} INFO - DAG(s) 'latest_only' retrieved from /home/airflow/.local/lib/python3.12/site-packages/airflow/example_dags/example_latest_only.py
[2024-05-24T00:39:39.857+0000] {logging_mixin.py:188} INFO - [2024-05-24T00:39:39.857+0000] {dag.py:3096} INFO - Sync 1 DAGs
[2024-05-24T00:39:39.867+0000] {logging_mixin.py:188} INFO - [2024-05-24T00:39:39.867+0000] {dag.py:3954} INFO - Setting next_dagrun for latest_only to 2024-05-23 20:00:00+00:00, run_after=2024-05-24 00:00:00+00:00
[2024-05-24T00:39:39.873+0000] {processor.py:183} INFO - Processing /home/airflow/.local/lib/python3.12/site-packages/airflow/example_dags/example_latest_only.py took 0.030 seconds
[2024-05-24T00:40:10.073+0000] {processor.py:161} INFO - Started process (PID=3103) to work on /home/airflow/.local/lib/python3.12/site-packages/airflow/example_dags/example_latest_only.py
[2024-05-24T00:40:10.074+0000] {processor.py:830} INFO - Processing file /home/airflow/.local/lib/python3.12/site-packages/airflow/example_dags/example_latest_only.py for tasks to queue
[2024-05-24T00:40:10.074+0000] {logging_mixin.py:188} INFO - [2024-05-24T00:40:10.074+0000] {dagbag.py:545} INFO - Filling up the DagBag from /home/airflow/.local/lib/python3.12/site-packages/airflow/example_dags/example_latest_only.py
[2024-05-24T00:40:10.079+0000] {processor.py:840} INFO - DAG(s) 'latest_only' retrieved from /home/airflow/.local/lib/python3.12/site-packages/airflow/example_dags/example_latest_only.py
[2024-05-24T00:40:10.134+0000] {logging_mixin.py:188} INFO - [2024-05-24T00:40:10.134+0000] {dag.py:3096} INFO - Sync 1 DAGs
[2024-05-24T00:40:10.142+0000] {logging_mixin.py:188} INFO - [2024-05-24T00:40:10.142+0000] {dag.py:3954} INFO - Setting next_dagrun for latest_only to 2024-05-23 20:00:00+00:00, run_after=2024-05-24 00:00:00+00:00
[2024-05-24T00:40:10.149+0000] {processor.py:183} INFO - Processing /home/airflow/.local/lib/python3.12/site-packages/airflow/example_dags/example_latest_only.py took 0.079 seconds
[2024-05-24T00:40:40.443+0000] {processor.py:161} INFO - Started process (PID=3161) to work on /home/airflow/.local/lib/python3.12/site-packages/airflow/example_dags/example_latest_only.py
[2024-05-24T00:40:40.446+0000] {processor.py:830} INFO - Processing file /home/airflow/.local/lib/python3.12/site-packages/airflow/example_dags/example_latest_only.py for tasks to queue
[2024-05-24T00:40:40.447+0000] {logging_mixin.py:188} INFO - [2024-05-24T00:40:40.447+0000] {dagbag.py:545} INFO - Filling up the DagBag from /home/airflow/.local/lib/python3.12/site-packages/airflow/example_dags/example_latest_only.py
[2024-05-24T00:40:40.449+0000] {processor.py:840} INFO - DAG(s) 'latest_only' retrieved from /home/airflow/.local/lib/python3.12/site-packages/airflow/example_dags/example_latest_only.py
[2024-05-24T00:40:40.457+0000] {logging_mixin.py:188} INFO - [2024-05-24T00:40:40.457+0000] {dag.py:3096} INFO - Sync 1 DAGs
[2024-05-24T00:40:40.477+0000] {logging_mixin.py:188} INFO - [2024-05-24T00:40:40.477+0000] {dag.py:3954} INFO - Setting next_dagrun for latest_only to 2024-05-23 20:00:00+00:00, run_after=2024-05-24 00:00:00+00:00
[2024-05-24T00:40:40.490+0000] {processor.py:183} INFO - Processing /home/airflow/.local/lib/python3.12/site-packages/airflow/example_dags/example_latest_only.py took 0.051 seconds
