[2024-05-24T00:14:36.985+0000] {processor.py:161} INFO - Started process (PID=53) to work on /home/airflow/.local/lib/python3.12/site-packages/airflow/example_dags/example_branch_labels.py
[2024-05-24T00:14:36.985+0000] {processor.py:830} INFO - Processing file /home/airflow/.local/lib/python3.12/site-packages/airflow/example_dags/example_branch_labels.py for tasks to queue
[2024-05-24T00:14:36.986+0000] {logging_mixin.py:188} INFO - [2024-05-24T00:14:36.985+0000] {dagbag.py:545} INFO - Filling up the DagBag from /home/airflow/.local/lib/python3.12/site-packages/airflow/example_dags/example_branch_labels.py
[2024-05-24T00:14:36.990+0000] {processor.py:840} INFO - DAG(s) 'example_branch_labels' retrieved from /home/airflow/.local/lib/python3.12/site-packages/airflow/example_dags/example_branch_labels.py
[2024-05-24T00:14:36.996+0000] {logging_mixin.py:188} INFO - [2024-05-24T00:14:36.996+0000] {dag.py:3096} INFO - Sync 1 DAGs
[2024-05-24T00:14:37.012+0000] {logging_mixin.py:188} INFO - [2024-05-24T00:14:37.012+0000] {dag.py:3954} INFO - Setting next_dagrun for example_branch_labels to 2024-05-23 00:00:00+00:00, run_after=2024-05-24 00:00:00+00:00
[2024-05-24T00:14:37.021+0000] {processor.py:183} INFO - Processing /home/airflow/.local/lib/python3.12/site-packages/airflow/example_dags/example_branch_labels.py took 0.038 seconds
[2024-05-24T00:15:07.426+0000] {processor.py:161} INFO - Started process (PID=112) to work on /home/airflow/.local/lib/python3.12/site-packages/airflow/example_dags/example_branch_labels.py
[2024-05-24T00:15:07.426+0000] {processor.py:830} INFO - Processing file /home/airflow/.local/lib/python3.12/site-packages/airflow/example_dags/example_branch_labels.py for tasks to queue
[2024-05-24T00:15:07.427+0000] {logging_mixin.py:188} INFO - [2024-05-24T00:15:07.427+0000] {dagbag.py:545} INFO - Filling up the DagBag from /home/airflow/.local/lib/python3.12/site-packages/airflow/example_dags/example_branch_labels.py
[2024-05-24T00:15:07.430+0000] {processor.py:840} INFO - DAG(s) 'example_branch_labels' retrieved from /home/airflow/.local/lib/python3.12/site-packages/airflow/example_dags/example_branch_labels.py
[2024-05-24T00:15:07.494+0000] {logging_mixin.py:188} INFO - [2024-05-24T00:15:07.494+0000] {dag.py:3096} INFO - Sync 1 DAGs
[2024-05-24T00:15:07.506+0000] {logging_mixin.py:188} INFO - [2024-05-24T00:15:07.506+0000] {dag.py:3954} INFO - Setting next_dagrun for example_branch_labels to 2024-05-23 00:00:00+00:00, run_after=2024-05-24 00:00:00+00:00
[2024-05-24T00:15:07.514+0000] {processor.py:183} INFO - Processing /home/airflow/.local/lib/python3.12/site-packages/airflow/example_dags/example_branch_labels.py took 0.091 seconds
[2024-05-24T00:15:37.738+0000] {processor.py:161} INFO - Started process (PID=171) to work on /home/airflow/.local/lib/python3.12/site-packages/airflow/example_dags/example_branch_labels.py
[2024-05-24T00:15:37.739+0000] {processor.py:830} INFO - Processing file /home/airflow/.local/lib/python3.12/site-packages/airflow/example_dags/example_branch_labels.py for tasks to queue
[2024-05-24T00:15:37.740+0000] {logging_mixin.py:188} INFO - [2024-05-24T00:15:37.740+0000] {dagbag.py:545} INFO - Filling up the DagBag from /home/airflow/.local/lib/python3.12/site-packages/airflow/example_dags/example_branch_labels.py
[2024-05-24T00:15:37.744+0000] {processor.py:840} INFO - DAG(s) 'example_branch_labels' retrieved from /home/airflow/.local/lib/python3.12/site-packages/airflow/example_dags/example_branch_labels.py
[2024-05-24T00:15:37.754+0000] {logging_mixin.py:188} INFO - [2024-05-24T00:15:37.754+0000] {dag.py:3096} INFO - Sync 1 DAGs
[2024-05-24T00:15:37.763+0000] {logging_mixin.py:188} INFO - [2024-05-24T00:15:37.763+0000] {dag.py:3954} INFO - Setting next_dagrun for example_branch_labels to 2024-05-23 00:00:00+00:00, run_after=2024-05-24 00:00:00+00:00
[2024-05-24T00:15:37.769+0000] {processor.py:183} INFO - Processing /home/airflow/.local/lib/python3.12/site-packages/airflow/example_dags/example_branch_labels.py took 0.033 seconds
[2024-05-24T00:16:08.221+0000] {processor.py:161} INFO - Started process (PID=230) to work on /home/airflow/.local/lib/python3.12/site-packages/airflow/example_dags/example_branch_labels.py
[2024-05-24T00:16:08.222+0000] {processor.py:830} INFO - Processing file /home/airflow/.local/lib/python3.12/site-packages/airflow/example_dags/example_branch_labels.py for tasks to queue
[2024-05-24T00:16:08.223+0000] {logging_mixin.py:188} INFO - [2024-05-24T00:16:08.223+0000] {dagbag.py:545} INFO - Filling up the DagBag from /home/airflow/.local/lib/python3.12/site-packages/airflow/example_dags/example_branch_labels.py
[2024-05-24T00:16:08.228+0000] {processor.py:840} INFO - DAG(s) 'example_branch_labels' retrieved from /home/airflow/.local/lib/python3.12/site-packages/airflow/example_dags/example_branch_labels.py
[2024-05-24T00:16:08.240+0000] {logging_mixin.py:188} INFO - [2024-05-24T00:16:08.240+0000] {dag.py:3096} INFO - Sync 1 DAGs
[2024-05-24T00:16:08.258+0000] {logging_mixin.py:188} INFO - [2024-05-24T00:16:08.258+0000] {dag.py:3954} INFO - Setting next_dagrun for example_branch_labels to 2024-05-23 00:00:00+00:00, run_after=2024-05-24 00:00:00+00:00
[2024-05-24T00:16:08.268+0000] {processor.py:183} INFO - Processing /home/airflow/.local/lib/python3.12/site-packages/airflow/example_dags/example_branch_labels.py took 0.053 seconds
[2024-05-24T00:16:38.734+0000] {processor.py:161} INFO - Started process (PID=289) to work on /home/airflow/.local/lib/python3.12/site-packages/airflow/example_dags/example_branch_labels.py
[2024-05-24T00:16:38.735+0000] {processor.py:830} INFO - Processing file /home/airflow/.local/lib/python3.12/site-packages/airflow/example_dags/example_branch_labels.py for tasks to queue
[2024-05-24T00:16:38.735+0000] {logging_mixin.py:188} INFO - [2024-05-24T00:16:38.735+0000] {dagbag.py:545} INFO - Filling up the DagBag from /home/airflow/.local/lib/python3.12/site-packages/airflow/example_dags/example_branch_labels.py
[2024-05-24T00:16:38.738+0000] {processor.py:840} INFO - DAG(s) 'example_branch_labels' retrieved from /home/airflow/.local/lib/python3.12/site-packages/airflow/example_dags/example_branch_labels.py
[2024-05-24T00:16:38.746+0000] {logging_mixin.py:188} INFO - [2024-05-24T00:16:38.746+0000] {dag.py:3096} INFO - Sync 1 DAGs
[2024-05-24T00:16:38.755+0000] {logging_mixin.py:188} INFO - [2024-05-24T00:16:38.755+0000] {dag.py:3954} INFO - Setting next_dagrun for example_branch_labels to 2024-05-23 00:00:00+00:00, run_after=2024-05-24 00:00:00+00:00
[2024-05-24T00:16:38.761+0000] {processor.py:183} INFO - Processing /home/airflow/.local/lib/python3.12/site-packages/airflow/example_dags/example_branch_labels.py took 0.030 seconds
[2024-05-24T00:17:09.243+0000] {processor.py:161} INFO - Started process (PID=349) to work on /home/airflow/.local/lib/python3.12/site-packages/airflow/example_dags/example_branch_labels.py
[2024-05-24T00:17:09.243+0000] {processor.py:830} INFO - Processing file /home/airflow/.local/lib/python3.12/site-packages/airflow/example_dags/example_branch_labels.py for tasks to queue
[2024-05-24T00:17:09.244+0000] {logging_mixin.py:188} INFO - [2024-05-24T00:17:09.244+0000] {dagbag.py:545} INFO - Filling up the DagBag from /home/airflow/.local/lib/python3.12/site-packages/airflow/example_dags/example_branch_labels.py
[2024-05-24T00:17:09.251+0000] {processor.py:840} INFO - DAG(s) 'example_branch_labels' retrieved from /home/airflow/.local/lib/python3.12/site-packages/airflow/example_dags/example_branch_labels.py
[2024-05-24T00:17:09.261+0000] {logging_mixin.py:188} INFO - [2024-05-24T00:17:09.261+0000] {dag.py:3096} INFO - Sync 1 DAGs
[2024-05-24T00:17:09.270+0000] {logging_mixin.py:188} INFO - [2024-05-24T00:17:09.270+0000] {dag.py:3954} INFO - Setting next_dagrun for example_branch_labels to 2024-05-23 00:00:00+00:00, run_after=2024-05-24 00:00:00+00:00
[2024-05-24T00:17:09.279+0000] {processor.py:183} INFO - Processing /home/airflow/.local/lib/python3.12/site-packages/airflow/example_dags/example_branch_labels.py took 0.041 seconds
[2024-05-24T00:17:39.610+0000] {processor.py:161} INFO - Started process (PID=408) to work on /home/airflow/.local/lib/python3.12/site-packages/airflow/example_dags/example_branch_labels.py
[2024-05-24T00:17:39.611+0000] {processor.py:830} INFO - Processing file /home/airflow/.local/lib/python3.12/site-packages/airflow/example_dags/example_branch_labels.py for tasks to queue
[2024-05-24T00:17:39.612+0000] {logging_mixin.py:188} INFO - [2024-05-24T00:17:39.611+0000] {dagbag.py:545} INFO - Filling up the DagBag from /home/airflow/.local/lib/python3.12/site-packages/airflow/example_dags/example_branch_labels.py
[2024-05-24T00:17:39.616+0000] {processor.py:840} INFO - DAG(s) 'example_branch_labels' retrieved from /home/airflow/.local/lib/python3.12/site-packages/airflow/example_dags/example_branch_labels.py
[2024-05-24T00:17:39.633+0000] {logging_mixin.py:188} INFO - [2024-05-24T00:17:39.633+0000] {dag.py:3096} INFO - Sync 1 DAGs
[2024-05-24T00:17:39.651+0000] {logging_mixin.py:188} INFO - [2024-05-24T00:17:39.651+0000] {dag.py:3954} INFO - Setting next_dagrun for example_branch_labels to 2024-05-23 00:00:00+00:00, run_after=2024-05-24 00:00:00+00:00
[2024-05-24T00:17:39.659+0000] {processor.py:183} INFO - Processing /home/airflow/.local/lib/python3.12/site-packages/airflow/example_dags/example_branch_labels.py took 0.053 seconds
[2024-05-24T00:18:10.272+0000] {processor.py:161} INFO - Started process (PID=468) to work on /home/airflow/.local/lib/python3.12/site-packages/airflow/example_dags/example_branch_labels.py
[2024-05-24T00:18:10.273+0000] {processor.py:830} INFO - Processing file /home/airflow/.local/lib/python3.12/site-packages/airflow/example_dags/example_branch_labels.py for tasks to queue
[2024-05-24T00:18:10.274+0000] {logging_mixin.py:188} INFO - [2024-05-24T00:18:10.273+0000] {dagbag.py:545} INFO - Filling up the DagBag from /home/airflow/.local/lib/python3.12/site-packages/airflow/example_dags/example_branch_labels.py
[2024-05-24T00:18:10.278+0000] {processor.py:840} INFO - DAG(s) 'example_branch_labels' retrieved from /home/airflow/.local/lib/python3.12/site-packages/airflow/example_dags/example_branch_labels.py
[2024-05-24T00:18:10.294+0000] {logging_mixin.py:188} INFO - [2024-05-24T00:18:10.294+0000] {dag.py:3096} INFO - Sync 1 DAGs
[2024-05-24T00:18:10.303+0000] {logging_mixin.py:188} INFO - [2024-05-24T00:18:10.303+0000] {dag.py:3954} INFO - Setting next_dagrun for example_branch_labels to 2024-05-23 00:00:00+00:00, run_after=2024-05-24 00:00:00+00:00
[2024-05-24T00:18:10.309+0000] {processor.py:183} INFO - Processing /home/airflow/.local/lib/python3.12/site-packages/airflow/example_dags/example_branch_labels.py took 0.040 seconds
[2024-05-24T00:18:41.004+0000] {processor.py:161} INFO - Started process (PID=534) to work on /home/airflow/.local/lib/python3.12/site-packages/airflow/example_dags/example_branch_labels.py
[2024-05-24T00:18:41.004+0000] {processor.py:830} INFO - Processing file /home/airflow/.local/lib/python3.12/site-packages/airflow/example_dags/example_branch_labels.py for tasks to queue
[2024-05-24T00:18:41.005+0000] {logging_mixin.py:188} INFO - [2024-05-24T00:18:41.005+0000] {dagbag.py:545} INFO - Filling up the DagBag from /home/airflow/.local/lib/python3.12/site-packages/airflow/example_dags/example_branch_labels.py
[2024-05-24T00:18:41.008+0000] {processor.py:840} INFO - DAG(s) 'example_branch_labels' retrieved from /home/airflow/.local/lib/python3.12/site-packages/airflow/example_dags/example_branch_labels.py
[2024-05-24T00:18:41.027+0000] {logging_mixin.py:188} INFO - [2024-05-24T00:18:41.026+0000] {dag.py:3096} INFO - Sync 1 DAGs
[2024-05-24T00:18:41.042+0000] {logging_mixin.py:188} INFO - [2024-05-24T00:18:41.042+0000] {dag.py:3954} INFO - Setting next_dagrun for example_branch_labels to 2024-05-23 00:00:00+00:00, run_after=2024-05-24 00:00:00+00:00
[2024-05-24T00:18:41.051+0000] {processor.py:183} INFO - Processing /home/airflow/.local/lib/python3.12/site-packages/airflow/example_dags/example_branch_labels.py took 0.049 seconds
[2024-05-24T00:19:11.681+0000] {processor.py:161} INFO - Started process (PID=594) to work on /home/airflow/.local/lib/python3.12/site-packages/airflow/example_dags/example_branch_labels.py
[2024-05-24T00:19:11.681+0000] {processor.py:830} INFO - Processing file /home/airflow/.local/lib/python3.12/site-packages/airflow/example_dags/example_branch_labels.py for tasks to queue
[2024-05-24T00:19:11.682+0000] {logging_mixin.py:188} INFO - [2024-05-24T00:19:11.682+0000] {dagbag.py:545} INFO - Filling up the DagBag from /home/airflow/.local/lib/python3.12/site-packages/airflow/example_dags/example_branch_labels.py
[2024-05-24T00:19:11.686+0000] {processor.py:840} INFO - DAG(s) 'example_branch_labels' retrieved from /home/airflow/.local/lib/python3.12/site-packages/airflow/example_dags/example_branch_labels.py
[2024-05-24T00:19:11.709+0000] {logging_mixin.py:188} INFO - [2024-05-24T00:19:11.709+0000] {dag.py:3096} INFO - Sync 1 DAGs
[2024-05-24T00:19:11.725+0000] {logging_mixin.py:188} INFO - [2024-05-24T00:19:11.724+0000] {dag.py:3954} INFO - Setting next_dagrun for example_branch_labels to 2024-05-23 00:00:00+00:00, run_after=2024-05-24 00:00:00+00:00
[2024-05-24T00:19:11.736+0000] {processor.py:183} INFO - Processing /home/airflow/.local/lib/python3.12/site-packages/airflow/example_dags/example_branch_labels.py took 0.058 seconds
[2024-05-24T00:19:42.487+0000] {processor.py:161} INFO - Started process (PID=654) to work on /home/airflow/.local/lib/python3.12/site-packages/airflow/example_dags/example_branch_labels.py
[2024-05-24T00:19:42.487+0000] {processor.py:830} INFO - Processing file /home/airflow/.local/lib/python3.12/site-packages/airflow/example_dags/example_branch_labels.py for tasks to queue
[2024-05-24T00:19:42.489+0000] {logging_mixin.py:188} INFO - [2024-05-24T00:19:42.488+0000] {dagbag.py:545} INFO - Filling up the DagBag from /home/airflow/.local/lib/python3.12/site-packages/airflow/example_dags/example_branch_labels.py
[2024-05-24T00:19:42.493+0000] {processor.py:840} INFO - DAG(s) 'example_branch_labels' retrieved from /home/airflow/.local/lib/python3.12/site-packages/airflow/example_dags/example_branch_labels.py
[2024-05-24T00:19:42.508+0000] {logging_mixin.py:188} INFO - [2024-05-24T00:19:42.507+0000] {dag.py:3096} INFO - Sync 1 DAGs
[2024-05-24T00:19:42.524+0000] {logging_mixin.py:188} INFO - [2024-05-24T00:19:42.524+0000] {dag.py:3954} INFO - Setting next_dagrun for example_branch_labels to 2024-05-23 00:00:00+00:00, run_after=2024-05-24 00:00:00+00:00
[2024-05-24T00:19:42.535+0000] {processor.py:183} INFO - Processing /home/airflow/.local/lib/python3.12/site-packages/airflow/example_dags/example_branch_labels.py took 0.052 seconds
[2024-05-24T00:20:13.212+0000] {processor.py:161} INFO - Started process (PID=713) to work on /home/airflow/.local/lib/python3.12/site-packages/airflow/example_dags/example_branch_labels.py
[2024-05-24T00:20:13.213+0000] {processor.py:830} INFO - Processing file /home/airflow/.local/lib/python3.12/site-packages/airflow/example_dags/example_branch_labels.py for tasks to queue
[2024-05-24T00:20:13.213+0000] {logging_mixin.py:188} INFO - [2024-05-24T00:20:13.213+0000] {dagbag.py:545} INFO - Filling up the DagBag from /home/airflow/.local/lib/python3.12/site-packages/airflow/example_dags/example_branch_labels.py
[2024-05-24T00:20:13.217+0000] {processor.py:840} INFO - DAG(s) 'example_branch_labels' retrieved from /home/airflow/.local/lib/python3.12/site-packages/airflow/example_dags/example_branch_labels.py
[2024-05-24T00:20:13.229+0000] {logging_mixin.py:188} INFO - [2024-05-24T00:20:13.229+0000] {dag.py:3096} INFO - Sync 1 DAGs
[2024-05-24T00:20:13.243+0000] {logging_mixin.py:188} INFO - [2024-05-24T00:20:13.243+0000] {dag.py:3954} INFO - Setting next_dagrun for example_branch_labels to 2024-05-23 00:00:00+00:00, run_after=2024-05-24 00:00:00+00:00
[2024-05-24T00:20:13.253+0000] {processor.py:183} INFO - Processing /home/airflow/.local/lib/python3.12/site-packages/airflow/example_dags/example_branch_labels.py took 0.044 seconds
[2024-05-24T00:20:43.816+0000] {processor.py:161} INFO - Started process (PID=773) to work on /home/airflow/.local/lib/python3.12/site-packages/airflow/example_dags/example_branch_labels.py
[2024-05-24T00:20:43.816+0000] {processor.py:830} INFO - Processing file /home/airflow/.local/lib/python3.12/site-packages/airflow/example_dags/example_branch_labels.py for tasks to queue
[2024-05-24T00:20:43.817+0000] {logging_mixin.py:188} INFO - [2024-05-24T00:20:43.817+0000] {dagbag.py:545} INFO - Filling up the DagBag from /home/airflow/.local/lib/python3.12/site-packages/airflow/example_dags/example_branch_labels.py
[2024-05-24T00:20:43.820+0000] {processor.py:840} INFO - DAG(s) 'example_branch_labels' retrieved from /home/airflow/.local/lib/python3.12/site-packages/airflow/example_dags/example_branch_labels.py
[2024-05-24T00:20:43.830+0000] {logging_mixin.py:188} INFO - [2024-05-24T00:20:43.830+0000] {dag.py:3096} INFO - Sync 1 DAGs
[2024-05-24T00:20:43.838+0000] {logging_mixin.py:188} INFO - [2024-05-24T00:20:43.838+0000] {dag.py:3954} INFO - Setting next_dagrun for example_branch_labels to 2024-05-23 00:00:00+00:00, run_after=2024-05-24 00:00:00+00:00
[2024-05-24T00:20:43.845+0000] {processor.py:183} INFO - Processing /home/airflow/.local/lib/python3.12/site-packages/airflow/example_dags/example_branch_labels.py took 0.034 seconds
[2024-05-24T00:21:14.500+0000] {processor.py:161} INFO - Started process (PID=850) to work on /home/airflow/.local/lib/python3.12/site-packages/airflow/example_dags/example_branch_labels.py
[2024-05-24T00:21:14.502+0000] {processor.py:830} INFO - Processing file /home/airflow/.local/lib/python3.12/site-packages/airflow/example_dags/example_branch_labels.py for tasks to queue
[2024-05-24T00:21:14.502+0000] {logging_mixin.py:188} INFO - [2024-05-24T00:21:14.502+0000] {dagbag.py:545} INFO - Filling up the DagBag from /home/airflow/.local/lib/python3.12/site-packages/airflow/example_dags/example_branch_labels.py
[2024-05-24T00:21:14.505+0000] {processor.py:840} INFO - DAG(s) 'example_branch_labels' retrieved from /home/airflow/.local/lib/python3.12/site-packages/airflow/example_dags/example_branch_labels.py
[2024-05-24T00:21:14.513+0000] {logging_mixin.py:188} INFO - [2024-05-24T00:21:14.513+0000] {dag.py:3096} INFO - Sync 1 DAGs
[2024-05-24T00:21:14.522+0000] {logging_mixin.py:188} INFO - [2024-05-24T00:21:14.522+0000] {dag.py:3954} INFO - Setting next_dagrun for example_branch_labels to 2024-05-23 00:00:00+00:00, run_after=2024-05-24 00:00:00+00:00
[2024-05-24T00:21:14.528+0000] {processor.py:183} INFO - Processing /home/airflow/.local/lib/python3.12/site-packages/airflow/example_dags/example_branch_labels.py took 0.030 seconds
[2024-05-24T00:21:45.143+0000] {processor.py:161} INFO - Started process (PID=928) to work on /home/airflow/.local/lib/python3.12/site-packages/airflow/example_dags/example_branch_labels.py
[2024-05-24T00:21:45.144+0000] {processor.py:830} INFO - Processing file /home/airflow/.local/lib/python3.12/site-packages/airflow/example_dags/example_branch_labels.py for tasks to queue
[2024-05-24T00:21:45.144+0000] {logging_mixin.py:188} INFO - [2024-05-24T00:21:45.144+0000] {dagbag.py:545} INFO - Filling up the DagBag from /home/airflow/.local/lib/python3.12/site-packages/airflow/example_dags/example_branch_labels.py
[2024-05-24T00:21:45.147+0000] {processor.py:840} INFO - DAG(s) 'example_branch_labels' retrieved from /home/airflow/.local/lib/python3.12/site-packages/airflow/example_dags/example_branch_labels.py
[2024-05-24T00:21:45.160+0000] {logging_mixin.py:188} INFO - [2024-05-24T00:21:45.160+0000] {dag.py:3096} INFO - Sync 1 DAGs
[2024-05-24T00:21:45.172+0000] {logging_mixin.py:188} INFO - [2024-05-24T00:21:45.171+0000] {dag.py:3954} INFO - Setting next_dagrun for example_branch_labels to 2024-05-23 00:00:00+00:00, run_after=2024-05-24 00:00:00+00:00
[2024-05-24T00:21:45.182+0000] {processor.py:183} INFO - Processing /home/airflow/.local/lib/python3.12/site-packages/airflow/example_dags/example_branch_labels.py took 0.041 seconds
[2024-05-24T00:22:15.881+0000] {processor.py:161} INFO - Started process (PID=988) to work on /home/airflow/.local/lib/python3.12/site-packages/airflow/example_dags/example_branch_labels.py
[2024-05-24T00:22:15.882+0000] {processor.py:830} INFO - Processing file /home/airflow/.local/lib/python3.12/site-packages/airflow/example_dags/example_branch_labels.py for tasks to queue
[2024-05-24T00:22:15.883+0000] {logging_mixin.py:188} INFO - [2024-05-24T00:22:15.883+0000] {dagbag.py:545} INFO - Filling up the DagBag from /home/airflow/.local/lib/python3.12/site-packages/airflow/example_dags/example_branch_labels.py
[2024-05-24T00:22:15.886+0000] {processor.py:840} INFO - DAG(s) 'example_branch_labels' retrieved from /home/airflow/.local/lib/python3.12/site-packages/airflow/example_dags/example_branch_labels.py
[2024-05-24T00:22:15.898+0000] {logging_mixin.py:188} INFO - [2024-05-24T00:22:15.898+0000] {dag.py:3096} INFO - Sync 1 DAGs
[2024-05-24T00:22:15.912+0000] {logging_mixin.py:188} INFO - [2024-05-24T00:22:15.912+0000] {dag.py:3954} INFO - Setting next_dagrun for example_branch_labels to 2024-05-23 00:00:00+00:00, run_after=2024-05-24 00:00:00+00:00
[2024-05-24T00:22:15.923+0000] {processor.py:183} INFO - Processing /home/airflow/.local/lib/python3.12/site-packages/airflow/example_dags/example_branch_labels.py took 0.044 seconds
[2024-05-24T00:22:46.024+0000] {processor.py:161} INFO - Started process (PID=1066) to work on /home/airflow/.local/lib/python3.12/site-packages/airflow/example_dags/example_branch_labels.py
[2024-05-24T00:22:46.024+0000] {processor.py:830} INFO - Processing file /home/airflow/.local/lib/python3.12/site-packages/airflow/example_dags/example_branch_labels.py for tasks to queue
[2024-05-24T00:22:46.025+0000] {logging_mixin.py:188} INFO - [2024-05-24T00:22:46.025+0000] {dagbag.py:545} INFO - Filling up the DagBag from /home/airflow/.local/lib/python3.12/site-packages/airflow/example_dags/example_branch_labels.py
[2024-05-24T00:22:46.029+0000] {processor.py:840} INFO - DAG(s) 'example_branch_labels' retrieved from /home/airflow/.local/lib/python3.12/site-packages/airflow/example_dags/example_branch_labels.py
[2024-05-24T00:22:46.052+0000] {logging_mixin.py:188} INFO - [2024-05-24T00:22:46.052+0000] {dag.py:3096} INFO - Sync 1 DAGs
[2024-05-24T00:22:46.065+0000] {logging_mixin.py:188} INFO - [2024-05-24T00:22:46.065+0000] {dag.py:3954} INFO - Setting next_dagrun for example_branch_labels to 2024-05-23 00:00:00+00:00, run_after=2024-05-24 00:00:00+00:00
[2024-05-24T00:22:46.075+0000] {processor.py:183} INFO - Processing /home/airflow/.local/lib/python3.12/site-packages/airflow/example_dags/example_branch_labels.py took 0.055 seconds
[2024-05-24T00:23:16.728+0000] {processor.py:161} INFO - Started process (PID=1126) to work on /home/airflow/.local/lib/python3.12/site-packages/airflow/example_dags/example_branch_labels.py
[2024-05-24T00:23:16.729+0000] {processor.py:830} INFO - Processing file /home/airflow/.local/lib/python3.12/site-packages/airflow/example_dags/example_branch_labels.py for tasks to queue
[2024-05-24T00:23:16.729+0000] {logging_mixin.py:188} INFO - [2024-05-24T00:23:16.729+0000] {dagbag.py:545} INFO - Filling up the DagBag from /home/airflow/.local/lib/python3.12/site-packages/airflow/example_dags/example_branch_labels.py
[2024-05-24T00:23:16.734+0000] {processor.py:840} INFO - DAG(s) 'example_branch_labels' retrieved from /home/airflow/.local/lib/python3.12/site-packages/airflow/example_dags/example_branch_labels.py
[2024-05-24T00:23:16.747+0000] {logging_mixin.py:188} INFO - [2024-05-24T00:23:16.746+0000] {dag.py:3096} INFO - Sync 1 DAGs
[2024-05-24T00:23:16.761+0000] {logging_mixin.py:188} INFO - [2024-05-24T00:23:16.761+0000] {dag.py:3954} INFO - Setting next_dagrun for example_branch_labels to 2024-05-23 00:00:00+00:00, run_after=2024-05-24 00:00:00+00:00
[2024-05-24T00:23:16.770+0000] {processor.py:183} INFO - Processing /home/airflow/.local/lib/python3.12/site-packages/airflow/example_dags/example_branch_labels.py took 0.045 seconds
[2024-05-24T00:23:47.681+0000] {processor.py:161} INFO - Started process (PID=1186) to work on /home/airflow/.local/lib/python3.12/site-packages/airflow/example_dags/example_branch_labels.py
[2024-05-24T00:23:47.681+0000] {processor.py:830} INFO - Processing file /home/airflow/.local/lib/python3.12/site-packages/airflow/example_dags/example_branch_labels.py for tasks to queue
[2024-05-24T00:23:47.682+0000] {logging_mixin.py:188} INFO - [2024-05-24T00:23:47.682+0000] {dagbag.py:545} INFO - Filling up the DagBag from /home/airflow/.local/lib/python3.12/site-packages/airflow/example_dags/example_branch_labels.py
[2024-05-24T00:23:47.685+0000] {processor.py:840} INFO - DAG(s) 'example_branch_labels' retrieved from /home/airflow/.local/lib/python3.12/site-packages/airflow/example_dags/example_branch_labels.py
[2024-05-24T00:23:47.696+0000] {logging_mixin.py:188} INFO - [2024-05-24T00:23:47.696+0000] {dag.py:3096} INFO - Sync 1 DAGs
[2024-05-24T00:23:47.705+0000] {logging_mixin.py:188} INFO - [2024-05-24T00:23:47.705+0000] {dag.py:3954} INFO - Setting next_dagrun for example_branch_labels to 2024-05-23 00:00:00+00:00, run_after=2024-05-24 00:00:00+00:00
[2024-05-24T00:23:47.713+0000] {processor.py:183} INFO - Processing /home/airflow/.local/lib/python3.12/site-packages/airflow/example_dags/example_branch_labels.py took 0.034 seconds
[2024-05-24T00:24:18.270+0000] {processor.py:161} INFO - Started process (PID=1246) to work on /home/airflow/.local/lib/python3.12/site-packages/airflow/example_dags/example_branch_labels.py
[2024-05-24T00:24:18.271+0000] {processor.py:830} INFO - Processing file /home/airflow/.local/lib/python3.12/site-packages/airflow/example_dags/example_branch_labels.py for tasks to queue
[2024-05-24T00:24:18.271+0000] {logging_mixin.py:188} INFO - [2024-05-24T00:24:18.271+0000] {dagbag.py:545} INFO - Filling up the DagBag from /home/airflow/.local/lib/python3.12/site-packages/airflow/example_dags/example_branch_labels.py
[2024-05-24T00:24:18.274+0000] {processor.py:840} INFO - DAG(s) 'example_branch_labels' retrieved from /home/airflow/.local/lib/python3.12/site-packages/airflow/example_dags/example_branch_labels.py
[2024-05-24T00:24:18.287+0000] {logging_mixin.py:188} INFO - [2024-05-24T00:24:18.287+0000] {dag.py:3096} INFO - Sync 1 DAGs
[2024-05-24T00:24:18.300+0000] {logging_mixin.py:188} INFO - [2024-05-24T00:24:18.299+0000] {dag.py:3954} INFO - Setting next_dagrun for example_branch_labels to 2024-05-23 00:00:00+00:00, run_after=2024-05-24 00:00:00+00:00
[2024-05-24T00:24:18.310+0000] {processor.py:183} INFO - Processing /home/airflow/.local/lib/python3.12/site-packages/airflow/example_dags/example_branch_labels.py took 0.043 seconds
[2024-05-24T00:24:49.096+0000] {processor.py:161} INFO - Started process (PID=1306) to work on /home/airflow/.local/lib/python3.12/site-packages/airflow/example_dags/example_branch_labels.py
[2024-05-24T00:24:49.097+0000] {processor.py:830} INFO - Processing file /home/airflow/.local/lib/python3.12/site-packages/airflow/example_dags/example_branch_labels.py for tasks to queue
[2024-05-24T00:24:49.100+0000] {logging_mixin.py:188} INFO - [2024-05-24T00:24:49.100+0000] {dagbag.py:545} INFO - Filling up the DagBag from /home/airflow/.local/lib/python3.12/site-packages/airflow/example_dags/example_branch_labels.py
[2024-05-24T00:24:49.107+0000] {processor.py:840} INFO - DAG(s) 'example_branch_labels' retrieved from /home/airflow/.local/lib/python3.12/site-packages/airflow/example_dags/example_branch_labels.py
[2024-05-24T00:24:49.127+0000] {logging_mixin.py:188} INFO - [2024-05-24T00:24:49.127+0000] {dag.py:3096} INFO - Sync 1 DAGs
[2024-05-24T00:24:49.148+0000] {logging_mixin.py:188} INFO - [2024-05-24T00:24:49.148+0000] {dag.py:3954} INFO - Setting next_dagrun for example_branch_labels to 2024-05-23 00:00:00+00:00, run_after=2024-05-24 00:00:00+00:00
[2024-05-24T00:24:49.159+0000] {processor.py:183} INFO - Processing /home/airflow/.local/lib/python3.12/site-packages/airflow/example_dags/example_branch_labels.py took 0.066 seconds
[2024-05-24T00:25:19.892+0000] {processor.py:161} INFO - Started process (PID=1366) to work on /home/airflow/.local/lib/python3.12/site-packages/airflow/example_dags/example_branch_labels.py
[2024-05-24T00:25:19.893+0000] {processor.py:830} INFO - Processing file /home/airflow/.local/lib/python3.12/site-packages/airflow/example_dags/example_branch_labels.py for tasks to queue
[2024-05-24T00:25:19.895+0000] {logging_mixin.py:188} INFO - [2024-05-24T00:25:19.894+0000] {dagbag.py:545} INFO - Filling up the DagBag from /home/airflow/.local/lib/python3.12/site-packages/airflow/example_dags/example_branch_labels.py
[2024-05-24T00:25:19.902+0000] {processor.py:840} INFO - DAG(s) 'example_branch_labels' retrieved from /home/airflow/.local/lib/python3.12/site-packages/airflow/example_dags/example_branch_labels.py
[2024-05-24T00:25:19.912+0000] {logging_mixin.py:188} INFO - [2024-05-24T00:25:19.912+0000] {dag.py:3096} INFO - Sync 1 DAGs
[2024-05-24T00:25:19.921+0000] {logging_mixin.py:188} INFO - [2024-05-24T00:25:19.921+0000] {dag.py:3954} INFO - Setting next_dagrun for example_branch_labels to 2024-05-23 00:00:00+00:00, run_after=2024-05-24 00:00:00+00:00
[2024-05-24T00:25:19.927+0000] {processor.py:183} INFO - Processing /home/airflow/.local/lib/python3.12/site-packages/airflow/example_dags/example_branch_labels.py took 0.040 seconds
[2024-05-24T00:25:50.550+0000] {processor.py:161} INFO - Started process (PID=1426) to work on /home/airflow/.local/lib/python3.12/site-packages/airflow/example_dags/example_branch_labels.py
[2024-05-24T00:25:50.552+0000] {processor.py:830} INFO - Processing file /home/airflow/.local/lib/python3.12/site-packages/airflow/example_dags/example_branch_labels.py for tasks to queue
[2024-05-24T00:25:50.554+0000] {logging_mixin.py:188} INFO - [2024-05-24T00:25:50.554+0000] {dagbag.py:545} INFO - Filling up the DagBag from /home/airflow/.local/lib/python3.12/site-packages/airflow/example_dags/example_branch_labels.py
[2024-05-24T00:25:50.560+0000] {processor.py:840} INFO - DAG(s) 'example_branch_labels' retrieved from /home/airflow/.local/lib/python3.12/site-packages/airflow/example_dags/example_branch_labels.py
[2024-05-24T00:25:50.570+0000] {logging_mixin.py:188} INFO - [2024-05-24T00:25:50.570+0000] {dag.py:3096} INFO - Sync 1 DAGs
[2024-05-24T00:25:50.579+0000] {logging_mixin.py:188} INFO - [2024-05-24T00:25:50.579+0000] {dag.py:3954} INFO - Setting next_dagrun for example_branch_labels to 2024-05-23 00:00:00+00:00, run_after=2024-05-24 00:00:00+00:00
[2024-05-24T00:25:50.587+0000] {processor.py:183} INFO - Processing /home/airflow/.local/lib/python3.12/site-packages/airflow/example_dags/example_branch_labels.py took 0.041 seconds
[2024-05-24T00:26:21.177+0000] {processor.py:161} INFO - Started process (PID=1486) to work on /home/airflow/.local/lib/python3.12/site-packages/airflow/example_dags/example_branch_labels.py
[2024-05-24T00:26:21.179+0000] {processor.py:830} INFO - Processing file /home/airflow/.local/lib/python3.12/site-packages/airflow/example_dags/example_branch_labels.py for tasks to queue
[2024-05-24T00:26:21.181+0000] {logging_mixin.py:188} INFO - [2024-05-24T00:26:21.181+0000] {dagbag.py:545} INFO - Filling up the DagBag from /home/airflow/.local/lib/python3.12/site-packages/airflow/example_dags/example_branch_labels.py
[2024-05-24T00:26:21.188+0000] {processor.py:840} INFO - DAG(s) 'example_branch_labels' retrieved from /home/airflow/.local/lib/python3.12/site-packages/airflow/example_dags/example_branch_labels.py
[2024-05-24T00:26:21.212+0000] {logging_mixin.py:188} INFO - [2024-05-24T00:26:21.212+0000] {dag.py:3096} INFO - Sync 1 DAGs
[2024-05-24T00:26:21.225+0000] {logging_mixin.py:188} INFO - [2024-05-24T00:26:21.224+0000] {dag.py:3954} INFO - Setting next_dagrun for example_branch_labels to 2024-05-23 00:00:00+00:00, run_after=2024-05-24 00:00:00+00:00
[2024-05-24T00:26:21.234+0000] {processor.py:183} INFO - Processing /home/airflow/.local/lib/python3.12/site-packages/airflow/example_dags/example_branch_labels.py took 0.062 seconds
[2024-05-24T00:26:51.880+0000] {processor.py:161} INFO - Started process (PID=1547) to work on /home/airflow/.local/lib/python3.12/site-packages/airflow/example_dags/example_branch_labels.py
[2024-05-24T00:26:51.882+0000] {processor.py:830} INFO - Processing file /home/airflow/.local/lib/python3.12/site-packages/airflow/example_dags/example_branch_labels.py for tasks to queue
[2024-05-24T00:26:51.884+0000] {logging_mixin.py:188} INFO - [2024-05-24T00:26:51.884+0000] {dagbag.py:545} INFO - Filling up the DagBag from /home/airflow/.local/lib/python3.12/site-packages/airflow/example_dags/example_branch_labels.py
[2024-05-24T00:26:51.891+0000] {processor.py:840} INFO - DAG(s) 'example_branch_labels' retrieved from /home/airflow/.local/lib/python3.12/site-packages/airflow/example_dags/example_branch_labels.py
[2024-05-24T00:26:51.927+0000] {logging_mixin.py:188} INFO - [2024-05-24T00:26:51.926+0000] {dag.py:3096} INFO - Sync 1 DAGs
[2024-05-24T00:26:51.942+0000] {logging_mixin.py:188} INFO - [2024-05-24T00:26:51.942+0000] {dag.py:3954} INFO - Setting next_dagrun for example_branch_labels to 2024-05-23 00:00:00+00:00, run_after=2024-05-24 00:00:00+00:00
[2024-05-24T00:26:51.952+0000] {processor.py:183} INFO - Processing /home/airflow/.local/lib/python3.12/site-packages/airflow/example_dags/example_branch_labels.py took 0.077 seconds
[2024-05-24T00:27:22.654+0000] {processor.py:161} INFO - Started process (PID=1607) to work on /home/airflow/.local/lib/python3.12/site-packages/airflow/example_dags/example_branch_labels.py
[2024-05-24T00:27:22.656+0000] {processor.py:830} INFO - Processing file /home/airflow/.local/lib/python3.12/site-packages/airflow/example_dags/example_branch_labels.py for tasks to queue
[2024-05-24T00:27:22.658+0000] {logging_mixin.py:188} INFO - [2024-05-24T00:27:22.658+0000] {dagbag.py:545} INFO - Filling up the DagBag from /home/airflow/.local/lib/python3.12/site-packages/airflow/example_dags/example_branch_labels.py
[2024-05-24T00:27:22.664+0000] {processor.py:840} INFO - DAG(s) 'example_branch_labels' retrieved from /home/airflow/.local/lib/python3.12/site-packages/airflow/example_dags/example_branch_labels.py
[2024-05-24T00:27:22.673+0000] {logging_mixin.py:188} INFO - [2024-05-24T00:27:22.673+0000] {dag.py:3096} INFO - Sync 1 DAGs
[2024-05-24T00:27:22.684+0000] {logging_mixin.py:188} INFO - [2024-05-24T00:27:22.683+0000] {dag.py:3954} INFO - Setting next_dagrun for example_branch_labels to 2024-05-23 00:00:00+00:00, run_after=2024-05-24 00:00:00+00:00
[2024-05-24T00:27:22.690+0000] {processor.py:183} INFO - Processing /home/airflow/.local/lib/python3.12/site-packages/airflow/example_dags/example_branch_labels.py took 0.038 seconds
[2024-05-24T00:27:53.357+0000] {processor.py:161} INFO - Started process (PID=1667) to work on /home/airflow/.local/lib/python3.12/site-packages/airflow/example_dags/example_branch_labels.py
[2024-05-24T00:27:53.358+0000] {processor.py:830} INFO - Processing file /home/airflow/.local/lib/python3.12/site-packages/airflow/example_dags/example_branch_labels.py for tasks to queue
[2024-05-24T00:27:53.359+0000] {logging_mixin.py:188} INFO - [2024-05-24T00:27:53.359+0000] {dagbag.py:545} INFO - Filling up the DagBag from /home/airflow/.local/lib/python3.12/site-packages/airflow/example_dags/example_branch_labels.py
[2024-05-24T00:27:53.363+0000] {processor.py:840} INFO - DAG(s) 'example_branch_labels' retrieved from /home/airflow/.local/lib/python3.12/site-packages/airflow/example_dags/example_branch_labels.py
[2024-05-24T00:27:53.376+0000] {logging_mixin.py:188} INFO - [2024-05-24T00:27:53.376+0000] {dag.py:3096} INFO - Sync 1 DAGs
[2024-05-24T00:27:53.389+0000] {logging_mixin.py:188} INFO - [2024-05-24T00:27:53.389+0000] {dag.py:3954} INFO - Setting next_dagrun for example_branch_labels to 2024-05-23 00:00:00+00:00, run_after=2024-05-24 00:00:00+00:00
[2024-05-24T00:27:53.396+0000] {processor.py:183} INFO - Processing /home/airflow/.local/lib/python3.12/site-packages/airflow/example_dags/example_branch_labels.py took 0.043 seconds
[2024-05-24T00:28:24.228+0000] {processor.py:161} INFO - Started process (PID=1727) to work on /home/airflow/.local/lib/python3.12/site-packages/airflow/example_dags/example_branch_labels.py
[2024-05-24T00:28:24.229+0000] {processor.py:830} INFO - Processing file /home/airflow/.local/lib/python3.12/site-packages/airflow/example_dags/example_branch_labels.py for tasks to queue
[2024-05-24T00:28:24.231+0000] {logging_mixin.py:188} INFO - [2024-05-24T00:28:24.230+0000] {dagbag.py:545} INFO - Filling up the DagBag from /home/airflow/.local/lib/python3.12/site-packages/airflow/example_dags/example_branch_labels.py
[2024-05-24T00:28:24.236+0000] {processor.py:840} INFO - DAG(s) 'example_branch_labels' retrieved from /home/airflow/.local/lib/python3.12/site-packages/airflow/example_dags/example_branch_labels.py
[2024-05-24T00:28:24.250+0000] {logging_mixin.py:188} INFO - [2024-05-24T00:28:24.250+0000] {dag.py:3096} INFO - Sync 1 DAGs
[2024-05-24T00:28:24.263+0000] {logging_mixin.py:188} INFO - [2024-05-24T00:28:24.263+0000] {dag.py:3954} INFO - Setting next_dagrun for example_branch_labels to 2024-05-23 00:00:00+00:00, run_after=2024-05-24 00:00:00+00:00
[2024-05-24T00:28:24.269+0000] {processor.py:183} INFO - Processing /home/airflow/.local/lib/python3.12/site-packages/airflow/example_dags/example_branch_labels.py took 0.045 seconds
[2024-05-24T00:28:55.075+0000] {processor.py:161} INFO - Started process (PID=1787) to work on /home/airflow/.local/lib/python3.12/site-packages/airflow/example_dags/example_branch_labels.py
[2024-05-24T00:28:55.075+0000] {processor.py:830} INFO - Processing file /home/airflow/.local/lib/python3.12/site-packages/airflow/example_dags/example_branch_labels.py for tasks to queue
[2024-05-24T00:28:55.076+0000] {logging_mixin.py:188} INFO - [2024-05-24T00:28:55.076+0000] {dagbag.py:545} INFO - Filling up the DagBag from /home/airflow/.local/lib/python3.12/site-packages/airflow/example_dags/example_branch_labels.py
[2024-05-24T00:28:55.083+0000] {processor.py:840} INFO - DAG(s) 'example_branch_labels' retrieved from /home/airflow/.local/lib/python3.12/site-packages/airflow/example_dags/example_branch_labels.py
[2024-05-24T00:28:55.093+0000] {logging_mixin.py:188} INFO - [2024-05-24T00:28:55.093+0000] {dag.py:3096} INFO - Sync 1 DAGs
[2024-05-24T00:28:55.103+0000] {logging_mixin.py:188} INFO - [2024-05-24T00:28:55.103+0000] {dag.py:3954} INFO - Setting next_dagrun for example_branch_labels to 2024-05-23 00:00:00+00:00, run_after=2024-05-24 00:00:00+00:00
[2024-05-24T00:28:55.109+0000] {processor.py:183} INFO - Processing /home/airflow/.local/lib/python3.12/site-packages/airflow/example_dags/example_branch_labels.py took 0.038 seconds
[2024-05-24T00:29:25.897+0000] {processor.py:161} INFO - Started process (PID=1847) to work on /home/airflow/.local/lib/python3.12/site-packages/airflow/example_dags/example_branch_labels.py
[2024-05-24T00:29:25.898+0000] {processor.py:830} INFO - Processing file /home/airflow/.local/lib/python3.12/site-packages/airflow/example_dags/example_branch_labels.py for tasks to queue
[2024-05-24T00:29:25.899+0000] {logging_mixin.py:188} INFO - [2024-05-24T00:29:25.899+0000] {dagbag.py:545} INFO - Filling up the DagBag from /home/airflow/.local/lib/python3.12/site-packages/airflow/example_dags/example_branch_labels.py
[2024-05-24T00:29:25.905+0000] {processor.py:840} INFO - DAG(s) 'example_branch_labels' retrieved from /home/airflow/.local/lib/python3.12/site-packages/airflow/example_dags/example_branch_labels.py
[2024-05-24T00:29:25.920+0000] {logging_mixin.py:188} INFO - [2024-05-24T00:29:25.920+0000] {dag.py:3096} INFO - Sync 1 DAGs
[2024-05-24T00:29:25.935+0000] {logging_mixin.py:188} INFO - [2024-05-24T00:29:25.935+0000] {dag.py:3954} INFO - Setting next_dagrun for example_branch_labels to 2024-05-23 00:00:00+00:00, run_after=2024-05-24 00:00:00+00:00
[2024-05-24T00:29:25.944+0000] {processor.py:183} INFO - Processing /home/airflow/.local/lib/python3.12/site-packages/airflow/example_dags/example_branch_labels.py took 0.051 seconds
[2024-05-24T00:29:56.798+0000] {processor.py:161} INFO - Started process (PID=1907) to work on /home/airflow/.local/lib/python3.12/site-packages/airflow/example_dags/example_branch_labels.py
[2024-05-24T00:29:56.800+0000] {processor.py:830} INFO - Processing file /home/airflow/.local/lib/python3.12/site-packages/airflow/example_dags/example_branch_labels.py for tasks to queue
[2024-05-24T00:29:56.801+0000] {logging_mixin.py:188} INFO - [2024-05-24T00:29:56.800+0000] {dagbag.py:545} INFO - Filling up the DagBag from /home/airflow/.local/lib/python3.12/site-packages/airflow/example_dags/example_branch_labels.py
[2024-05-24T00:29:56.806+0000] {processor.py:840} INFO - DAG(s) 'example_branch_labels' retrieved from /home/airflow/.local/lib/python3.12/site-packages/airflow/example_dags/example_branch_labels.py
[2024-05-24T00:29:56.815+0000] {logging_mixin.py:188} INFO - [2024-05-24T00:29:56.815+0000] {dag.py:3096} INFO - Sync 1 DAGs
[2024-05-24T00:29:56.824+0000] {logging_mixin.py:188} INFO - [2024-05-24T00:29:56.824+0000] {dag.py:3954} INFO - Setting next_dagrun for example_branch_labels to 2024-05-23 00:00:00+00:00, run_after=2024-05-24 00:00:00+00:00
[2024-05-24T00:29:56.830+0000] {processor.py:183} INFO - Processing /home/airflow/.local/lib/python3.12/site-packages/airflow/example_dags/example_branch_labels.py took 0.035 seconds
[2024-05-24T00:30:26.949+0000] {processor.py:161} INFO - Started process (PID=1967) to work on /home/airflow/.local/lib/python3.12/site-packages/airflow/example_dags/example_branch_labels.py
[2024-05-24T00:30:26.949+0000] {processor.py:830} INFO - Processing file /home/airflow/.local/lib/python3.12/site-packages/airflow/example_dags/example_branch_labels.py for tasks to queue
[2024-05-24T00:30:26.950+0000] {logging_mixin.py:188} INFO - [2024-05-24T00:30:26.950+0000] {dagbag.py:545} INFO - Filling up the DagBag from /home/airflow/.local/lib/python3.12/site-packages/airflow/example_dags/example_branch_labels.py
[2024-05-24T00:30:26.956+0000] {processor.py:840} INFO - DAG(s) 'example_branch_labels' retrieved from /home/airflow/.local/lib/python3.12/site-packages/airflow/example_dags/example_branch_labels.py
[2024-05-24T00:30:26.975+0000] {logging_mixin.py:188} INFO - [2024-05-24T00:30:26.975+0000] {dag.py:3096} INFO - Sync 1 DAGs
[2024-05-24T00:30:26.992+0000] {logging_mixin.py:188} INFO - [2024-05-24T00:30:26.992+0000] {dag.py:3954} INFO - Setting next_dagrun for example_branch_labels to 2024-05-23 00:00:00+00:00, run_after=2024-05-24 00:00:00+00:00
[2024-05-24T00:30:27.002+0000] {processor.py:183} INFO - Processing /home/airflow/.local/lib/python3.12/site-packages/airflow/example_dags/example_branch_labels.py took 0.063 seconds
[2024-05-24T00:30:57.862+0000] {processor.py:161} INFO - Started process (PID=2027) to work on /home/airflow/.local/lib/python3.12/site-packages/airflow/example_dags/example_branch_labels.py
[2024-05-24T00:30:57.864+0000] {processor.py:830} INFO - Processing file /home/airflow/.local/lib/python3.12/site-packages/airflow/example_dags/example_branch_labels.py for tasks to queue
[2024-05-24T00:30:57.866+0000] {logging_mixin.py:188} INFO - [2024-05-24T00:30:57.866+0000] {dagbag.py:545} INFO - Filling up the DagBag from /home/airflow/.local/lib/python3.12/site-packages/airflow/example_dags/example_branch_labels.py
[2024-05-24T00:30:57.873+0000] {processor.py:840} INFO - DAG(s) 'example_branch_labels' retrieved from /home/airflow/.local/lib/python3.12/site-packages/airflow/example_dags/example_branch_labels.py
[2024-05-24T00:30:57.885+0000] {logging_mixin.py:188} INFO - [2024-05-24T00:30:57.885+0000] {dag.py:3096} INFO - Sync 1 DAGs
[2024-05-24T00:30:57.953+0000] {logging_mixin.py:188} INFO - [2024-05-24T00:30:57.952+0000] {dag.py:3954} INFO - Setting next_dagrun for example_branch_labels to 2024-05-23 00:00:00+00:00, run_after=2024-05-24 00:00:00+00:00
[2024-05-24T00:30:57.960+0000] {processor.py:183} INFO - Processing /home/airflow/.local/lib/python3.12/site-packages/airflow/example_dags/example_branch_labels.py took 0.103 seconds
[2024-05-24T00:31:28.649+0000] {processor.py:161} INFO - Started process (PID=2087) to work on /home/airflow/.local/lib/python3.12/site-packages/airflow/example_dags/example_branch_labels.py
[2024-05-24T00:31:28.650+0000] {processor.py:830} INFO - Processing file /home/airflow/.local/lib/python3.12/site-packages/airflow/example_dags/example_branch_labels.py for tasks to queue
[2024-05-24T00:31:28.651+0000] {logging_mixin.py:188} INFO - [2024-05-24T00:31:28.651+0000] {dagbag.py:545} INFO - Filling up the DagBag from /home/airflow/.local/lib/python3.12/site-packages/airflow/example_dags/example_branch_labels.py
[2024-05-24T00:31:28.655+0000] {processor.py:840} INFO - DAG(s) 'example_branch_labels' retrieved from /home/airflow/.local/lib/python3.12/site-packages/airflow/example_dags/example_branch_labels.py
[2024-05-24T00:31:28.670+0000] {logging_mixin.py:188} INFO - [2024-05-24T00:31:28.670+0000] {dag.py:3096} INFO - Sync 1 DAGs
[2024-05-24T00:31:28.685+0000] {logging_mixin.py:188} INFO - [2024-05-24T00:31:28.685+0000] {dag.py:3954} INFO - Setting next_dagrun for example_branch_labels to 2024-05-23 00:00:00+00:00, run_after=2024-05-24 00:00:00+00:00
[2024-05-24T00:31:28.695+0000] {processor.py:183} INFO - Processing /home/airflow/.local/lib/python3.12/site-packages/airflow/example_dags/example_branch_labels.py took 0.050 seconds
[2024-05-24T00:31:59.227+0000] {processor.py:161} INFO - Started process (PID=2147) to work on /home/airflow/.local/lib/python3.12/site-packages/airflow/example_dags/example_branch_labels.py
[2024-05-24T00:31:59.228+0000] {processor.py:830} INFO - Processing file /home/airflow/.local/lib/python3.12/site-packages/airflow/example_dags/example_branch_labels.py for tasks to queue
[2024-05-24T00:31:59.230+0000] {logging_mixin.py:188} INFO - [2024-05-24T00:31:59.230+0000] {dagbag.py:545} INFO - Filling up the DagBag from /home/airflow/.local/lib/python3.12/site-packages/airflow/example_dags/example_branch_labels.py
[2024-05-24T00:31:59.235+0000] {processor.py:840} INFO - DAG(s) 'example_branch_labels' retrieved from /home/airflow/.local/lib/python3.12/site-packages/airflow/example_dags/example_branch_labels.py
[2024-05-24T00:31:59.248+0000] {logging_mixin.py:188} INFO - [2024-05-24T00:31:59.248+0000] {dag.py:3096} INFO - Sync 1 DAGs
[2024-05-24T00:31:59.257+0000] {logging_mixin.py:188} INFO - [2024-05-24T00:31:59.257+0000] {dag.py:3954} INFO - Setting next_dagrun for example_branch_labels to 2024-05-23 00:00:00+00:00, run_after=2024-05-24 00:00:00+00:00
[2024-05-24T00:31:59.265+0000] {processor.py:183} INFO - Processing /home/airflow/.local/lib/python3.12/site-packages/airflow/example_dags/example_branch_labels.py took 0.044 seconds
[2024-05-24T00:32:30.233+0000] {processor.py:161} INFO - Started process (PID=2207) to work on /home/airflow/.local/lib/python3.12/site-packages/airflow/example_dags/example_branch_labels.py
[2024-05-24T00:32:30.234+0000] {processor.py:830} INFO - Processing file /home/airflow/.local/lib/python3.12/site-packages/airflow/example_dags/example_branch_labels.py for tasks to queue
[2024-05-24T00:32:30.235+0000] {logging_mixin.py:188} INFO - [2024-05-24T00:32:30.235+0000] {dagbag.py:545} INFO - Filling up the DagBag from /home/airflow/.local/lib/python3.12/site-packages/airflow/example_dags/example_branch_labels.py
[2024-05-24T00:32:30.239+0000] {processor.py:840} INFO - DAG(s) 'example_branch_labels' retrieved from /home/airflow/.local/lib/python3.12/site-packages/airflow/example_dags/example_branch_labels.py
[2024-05-24T00:32:30.251+0000] {logging_mixin.py:188} INFO - [2024-05-24T00:32:30.251+0000] {dag.py:3096} INFO - Sync 1 DAGs
[2024-05-24T00:32:30.264+0000] {logging_mixin.py:188} INFO - [2024-05-24T00:32:30.264+0000] {dag.py:3954} INFO - Setting next_dagrun for example_branch_labels to 2024-05-23 00:00:00+00:00, run_after=2024-05-24 00:00:00+00:00
[2024-05-24T00:32:30.271+0000] {processor.py:183} INFO - Processing /home/airflow/.local/lib/python3.12/site-packages/airflow/example_dags/example_branch_labels.py took 0.044 seconds
[2024-05-24T00:33:00.795+0000] {processor.py:161} INFO - Started process (PID=2267) to work on /home/airflow/.local/lib/python3.12/site-packages/airflow/example_dags/example_branch_labels.py
[2024-05-24T00:33:00.797+0000] {processor.py:830} INFO - Processing file /home/airflow/.local/lib/python3.12/site-packages/airflow/example_dags/example_branch_labels.py for tasks to queue
[2024-05-24T00:33:00.797+0000] {logging_mixin.py:188} INFO - [2024-05-24T00:33:00.797+0000] {dagbag.py:545} INFO - Filling up the DagBag from /home/airflow/.local/lib/python3.12/site-packages/airflow/example_dags/example_branch_labels.py
[2024-05-24T00:33:00.801+0000] {processor.py:840} INFO - DAG(s) 'example_branch_labels' retrieved from /home/airflow/.local/lib/python3.12/site-packages/airflow/example_dags/example_branch_labels.py
[2024-05-24T00:33:00.810+0000] {logging_mixin.py:188} INFO - [2024-05-24T00:33:00.810+0000] {dag.py:3096} INFO - Sync 1 DAGs
[2024-05-24T00:33:00.819+0000] {logging_mixin.py:188} INFO - [2024-05-24T00:33:00.819+0000] {dag.py:3954} INFO - Setting next_dagrun for example_branch_labels to 2024-05-23 00:00:00+00:00, run_after=2024-05-24 00:00:00+00:00
[2024-05-24T00:33:00.827+0000] {processor.py:183} INFO - Processing /home/airflow/.local/lib/python3.12/site-packages/airflow/example_dags/example_branch_labels.py took 0.035 seconds
[2024-05-24T00:33:31.572+0000] {processor.py:161} INFO - Started process (PID=2327) to work on /home/airflow/.local/lib/python3.12/site-packages/airflow/example_dags/example_branch_labels.py
[2024-05-24T00:33:31.573+0000] {processor.py:830} INFO - Processing file /home/airflow/.local/lib/python3.12/site-packages/airflow/example_dags/example_branch_labels.py for tasks to queue
[2024-05-24T00:33:31.574+0000] {logging_mixin.py:188} INFO - [2024-05-24T00:33:31.574+0000] {dagbag.py:545} INFO - Filling up the DagBag from /home/airflow/.local/lib/python3.12/site-packages/airflow/example_dags/example_branch_labels.py
[2024-05-24T00:33:31.577+0000] {processor.py:840} INFO - DAG(s) 'example_branch_labels' retrieved from /home/airflow/.local/lib/python3.12/site-packages/airflow/example_dags/example_branch_labels.py
[2024-05-24T00:33:31.588+0000] {logging_mixin.py:188} INFO - [2024-05-24T00:33:31.588+0000] {dag.py:3096} INFO - Sync 1 DAGs
[2024-05-24T00:33:31.596+0000] {logging_mixin.py:188} INFO - [2024-05-24T00:33:31.596+0000] {dag.py:3954} INFO - Setting next_dagrun for example_branch_labels to 2024-05-23 00:00:00+00:00, run_after=2024-05-24 00:00:00+00:00
[2024-05-24T00:33:31.603+0000] {processor.py:183} INFO - Processing /home/airflow/.local/lib/python3.12/site-packages/airflow/example_dags/example_branch_labels.py took 0.037 seconds
[2024-05-24T00:34:02.516+0000] {processor.py:161} INFO - Started process (PID=2393) to work on /home/airflow/.local/lib/python3.12/site-packages/airflow/example_dags/example_branch_labels.py
[2024-05-24T00:34:02.517+0000] {processor.py:830} INFO - Processing file /home/airflow/.local/lib/python3.12/site-packages/airflow/example_dags/example_branch_labels.py for tasks to queue
[2024-05-24T00:34:02.518+0000] {logging_mixin.py:188} INFO - [2024-05-24T00:34:02.517+0000] {dagbag.py:545} INFO - Filling up the DagBag from /home/airflow/.local/lib/python3.12/site-packages/airflow/example_dags/example_branch_labels.py
[2024-05-24T00:34:02.520+0000] {processor.py:840} INFO - DAG(s) 'example_branch_labels' retrieved from /home/airflow/.local/lib/python3.12/site-packages/airflow/example_dags/example_branch_labels.py
[2024-05-24T00:34:02.530+0000] {logging_mixin.py:188} INFO - [2024-05-24T00:34:02.530+0000] {dag.py:3096} INFO - Sync 1 DAGs
[2024-05-24T00:34:02.547+0000] {logging_mixin.py:188} INFO - [2024-05-24T00:34:02.547+0000] {dag.py:3954} INFO - Setting next_dagrun for example_branch_labels to 2024-05-23 00:00:00+00:00, run_after=2024-05-24 00:00:00+00:00
[2024-05-24T00:34:02.557+0000] {processor.py:183} INFO - Processing /home/airflow/.local/lib/python3.12/site-packages/airflow/example_dags/example_branch_labels.py took 0.044 seconds
[2024-05-24T00:34:33.175+0000] {processor.py:161} INFO - Started process (PID=2453) to work on /home/airflow/.local/lib/python3.12/site-packages/airflow/example_dags/example_branch_labels.py
[2024-05-24T00:34:33.176+0000] {processor.py:830} INFO - Processing file /home/airflow/.local/lib/python3.12/site-packages/airflow/example_dags/example_branch_labels.py for tasks to queue
[2024-05-24T00:34:33.176+0000] {logging_mixin.py:188} INFO - [2024-05-24T00:34:33.176+0000] {dagbag.py:545} INFO - Filling up the DagBag from /home/airflow/.local/lib/python3.12/site-packages/airflow/example_dags/example_branch_labels.py
[2024-05-24T00:34:33.179+0000] {processor.py:840} INFO - DAG(s) 'example_branch_labels' retrieved from /home/airflow/.local/lib/python3.12/site-packages/airflow/example_dags/example_branch_labels.py
[2024-05-24T00:34:33.197+0000] {logging_mixin.py:188} INFO - [2024-05-24T00:34:33.197+0000] {dag.py:3096} INFO - Sync 1 DAGs
[2024-05-24T00:34:33.218+0000] {logging_mixin.py:188} INFO - [2024-05-24T00:34:33.218+0000] {dag.py:3954} INFO - Setting next_dagrun for example_branch_labels to 2024-05-23 00:00:00+00:00, run_after=2024-05-24 00:00:00+00:00
[2024-05-24T00:34:33.239+0000] {processor.py:183} INFO - Processing /home/airflow/.local/lib/python3.12/site-packages/airflow/example_dags/example_branch_labels.py took 0.066 seconds
[2024-05-24T00:35:03.886+0000] {processor.py:161} INFO - Started process (PID=2513) to work on /home/airflow/.local/lib/python3.12/site-packages/airflow/example_dags/example_branch_labels.py
[2024-05-24T00:35:03.887+0000] {processor.py:830} INFO - Processing file /home/airflow/.local/lib/python3.12/site-packages/airflow/example_dags/example_branch_labels.py for tasks to queue
[2024-05-24T00:35:03.887+0000] {logging_mixin.py:188} INFO - [2024-05-24T00:35:03.887+0000] {dagbag.py:545} INFO - Filling up the DagBag from /home/airflow/.local/lib/python3.12/site-packages/airflow/example_dags/example_branch_labels.py
[2024-05-24T00:35:03.891+0000] {processor.py:840} INFO - DAG(s) 'example_branch_labels' retrieved from /home/airflow/.local/lib/python3.12/site-packages/airflow/example_dags/example_branch_labels.py
[2024-05-24T00:35:03.899+0000] {logging_mixin.py:188} INFO - [2024-05-24T00:35:03.899+0000] {dag.py:3096} INFO - Sync 1 DAGs
[2024-05-24T00:35:03.910+0000] {logging_mixin.py:188} INFO - [2024-05-24T00:35:03.910+0000] {dag.py:3954} INFO - Setting next_dagrun for example_branch_labels to 2024-05-23 00:00:00+00:00, run_after=2024-05-24 00:00:00+00:00
[2024-05-24T00:35:03.916+0000] {processor.py:183} INFO - Processing /home/airflow/.local/lib/python3.12/site-packages/airflow/example_dags/example_branch_labels.py took 0.033 seconds
[2024-05-24T00:35:34.764+0000] {processor.py:161} INFO - Started process (PID=2573) to work on /home/airflow/.local/lib/python3.12/site-packages/airflow/example_dags/example_branch_labels.py
[2024-05-24T00:35:34.765+0000] {processor.py:830} INFO - Processing file /home/airflow/.local/lib/python3.12/site-packages/airflow/example_dags/example_branch_labels.py for tasks to queue
[2024-05-24T00:35:34.765+0000] {logging_mixin.py:188} INFO - [2024-05-24T00:35:34.765+0000] {dagbag.py:545} INFO - Filling up the DagBag from /home/airflow/.local/lib/python3.12/site-packages/airflow/example_dags/example_branch_labels.py
[2024-05-24T00:35:34.768+0000] {processor.py:840} INFO - DAG(s) 'example_branch_labels' retrieved from /home/airflow/.local/lib/python3.12/site-packages/airflow/example_dags/example_branch_labels.py
[2024-05-24T00:35:34.779+0000] {logging_mixin.py:188} INFO - [2024-05-24T00:35:34.779+0000] {dag.py:3096} INFO - Sync 1 DAGs
[2024-05-24T00:35:34.794+0000] {logging_mixin.py:188} INFO - [2024-05-24T00:35:34.793+0000] {dag.py:3954} INFO - Setting next_dagrun for example_branch_labels to 2024-05-23 00:00:00+00:00, run_after=2024-05-24 00:00:00+00:00
[2024-05-24T00:35:34.803+0000] {processor.py:183} INFO - Processing /home/airflow/.local/lib/python3.12/site-packages/airflow/example_dags/example_branch_labels.py took 0.041 seconds
[2024-05-24T00:36:05.256+0000] {processor.py:161} INFO - Started process (PID=2632) to work on /home/airflow/.local/lib/python3.12/site-packages/airflow/example_dags/example_branch_labels.py
[2024-05-24T00:36:05.256+0000] {processor.py:830} INFO - Processing file /home/airflow/.local/lib/python3.12/site-packages/airflow/example_dags/example_branch_labels.py for tasks to queue
[2024-05-24T00:36:05.258+0000] {logging_mixin.py:188} INFO - [2024-05-24T00:36:05.257+0000] {dagbag.py:545} INFO - Filling up the DagBag from /home/airflow/.local/lib/python3.12/site-packages/airflow/example_dags/example_branch_labels.py
[2024-05-24T00:36:05.261+0000] {processor.py:840} INFO - DAG(s) 'example_branch_labels' retrieved from /home/airflow/.local/lib/python3.12/site-packages/airflow/example_dags/example_branch_labels.py
[2024-05-24T00:36:05.279+0000] {logging_mixin.py:188} INFO - [2024-05-24T00:36:05.279+0000] {dag.py:3096} INFO - Sync 1 DAGs
[2024-05-24T00:36:05.293+0000] {logging_mixin.py:188} INFO - [2024-05-24T00:36:05.293+0000] {dag.py:3954} INFO - Setting next_dagrun for example_branch_labels to 2024-05-23 00:00:00+00:00, run_after=2024-05-24 00:00:00+00:00
[2024-05-24T00:36:05.302+0000] {processor.py:183} INFO - Processing /home/airflow/.local/lib/python3.12/site-packages/airflow/example_dags/example_branch_labels.py took 0.054 seconds
[2024-05-24T00:36:35.970+0000] {processor.py:161} INFO - Started process (PID=2691) to work on /home/airflow/.local/lib/python3.12/site-packages/airflow/example_dags/example_branch_labels.py
[2024-05-24T00:36:35.971+0000] {processor.py:830} INFO - Processing file /home/airflow/.local/lib/python3.12/site-packages/airflow/example_dags/example_branch_labels.py for tasks to queue
[2024-05-24T00:36:35.973+0000] {logging_mixin.py:188} INFO - [2024-05-24T00:36:35.972+0000] {dagbag.py:545} INFO - Filling up the DagBag from /home/airflow/.local/lib/python3.12/site-packages/airflow/example_dags/example_branch_labels.py
[2024-05-24T00:36:35.978+0000] {processor.py:840} INFO - DAG(s) 'example_branch_labels' retrieved from /home/airflow/.local/lib/python3.12/site-packages/airflow/example_dags/example_branch_labels.py
[2024-05-24T00:36:36.002+0000] {logging_mixin.py:188} INFO - [2024-05-24T00:36:36.002+0000] {dag.py:3096} INFO - Sync 1 DAGs
[2024-05-24T00:36:36.014+0000] {logging_mixin.py:188} INFO - [2024-05-24T00:36:36.014+0000] {dag.py:3954} INFO - Setting next_dagrun for example_branch_labels to 2024-05-23 00:00:00+00:00, run_after=2024-05-24 00:00:00+00:00
[2024-05-24T00:36:36.021+0000] {processor.py:183} INFO - Processing /home/airflow/.local/lib/python3.12/site-packages/airflow/example_dags/example_branch_labels.py took 0.054 seconds
[2024-05-24T00:37:06.750+0000] {processor.py:161} INFO - Started process (PID=2750) to work on /home/airflow/.local/lib/python3.12/site-packages/airflow/example_dags/example_branch_labels.py
[2024-05-24T00:37:06.750+0000] {processor.py:830} INFO - Processing file /home/airflow/.local/lib/python3.12/site-packages/airflow/example_dags/example_branch_labels.py for tasks to queue
[2024-05-24T00:37:06.750+0000] {logging_mixin.py:188} INFO - [2024-05-24T00:37:06.750+0000] {dagbag.py:545} INFO - Filling up the DagBag from /home/airflow/.local/lib/python3.12/site-packages/airflow/example_dags/example_branch_labels.py
[2024-05-24T00:37:06.753+0000] {processor.py:840} INFO - DAG(s) 'example_branch_labels' retrieved from /home/airflow/.local/lib/python3.12/site-packages/airflow/example_dags/example_branch_labels.py
[2024-05-24T00:37:06.776+0000] {logging_mixin.py:188} INFO - [2024-05-24T00:37:06.776+0000] {dag.py:3096} INFO - Sync 1 DAGs
[2024-05-24T00:37:06.790+0000] {logging_mixin.py:188} INFO - [2024-05-24T00:37:06.790+0000] {dag.py:3954} INFO - Setting next_dagrun for example_branch_labels to 2024-05-23 00:00:00+00:00, run_after=2024-05-24 00:00:00+00:00
[2024-05-24T00:37:06.801+0000] {processor.py:183} INFO - Processing /home/airflow/.local/lib/python3.12/site-packages/airflow/example_dags/example_branch_labels.py took 0.055 seconds
[2024-05-24T00:37:37.374+0000] {processor.py:161} INFO - Started process (PID=2809) to work on /home/airflow/.local/lib/python3.12/site-packages/airflow/example_dags/example_branch_labels.py
[2024-05-24T00:37:37.374+0000] {processor.py:830} INFO - Processing file /home/airflow/.local/lib/python3.12/site-packages/airflow/example_dags/example_branch_labels.py for tasks to queue
[2024-05-24T00:37:37.375+0000] {logging_mixin.py:188} INFO - [2024-05-24T00:37:37.374+0000] {dagbag.py:545} INFO - Filling up the DagBag from /home/airflow/.local/lib/python3.12/site-packages/airflow/example_dags/example_branch_labels.py
[2024-05-24T00:37:37.377+0000] {processor.py:840} INFO - DAG(s) 'example_branch_labels' retrieved from /home/airflow/.local/lib/python3.12/site-packages/airflow/example_dags/example_branch_labels.py
[2024-05-24T00:37:37.387+0000] {logging_mixin.py:188} INFO - [2024-05-24T00:37:37.387+0000] {dag.py:3096} INFO - Sync 1 DAGs
[2024-05-24T00:37:37.399+0000] {logging_mixin.py:188} INFO - [2024-05-24T00:37:37.399+0000] {dag.py:3954} INFO - Setting next_dagrun for example_branch_labels to 2024-05-23 00:00:00+00:00, run_after=2024-05-24 00:00:00+00:00
[2024-05-24T00:37:37.406+0000] {processor.py:183} INFO - Processing /home/airflow/.local/lib/python3.12/site-packages/airflow/example_dags/example_branch_labels.py took 0.035 seconds
[2024-05-24T00:38:08.020+0000] {processor.py:161} INFO - Started process (PID=2868) to work on /home/airflow/.local/lib/python3.12/site-packages/airflow/example_dags/example_branch_labels.py
[2024-05-24T00:38:08.020+0000] {processor.py:830} INFO - Processing file /home/airflow/.local/lib/python3.12/site-packages/airflow/example_dags/example_branch_labels.py for tasks to queue
[2024-05-24T00:38:08.021+0000] {logging_mixin.py:188} INFO - [2024-05-24T00:38:08.021+0000] {dagbag.py:545} INFO - Filling up the DagBag from /home/airflow/.local/lib/python3.12/site-packages/airflow/example_dags/example_branch_labels.py
[2024-05-24T00:38:08.026+0000] {processor.py:840} INFO - DAG(s) 'example_branch_labels' retrieved from /home/airflow/.local/lib/python3.12/site-packages/airflow/example_dags/example_branch_labels.py
[2024-05-24T00:38:08.043+0000] {logging_mixin.py:188} INFO - [2024-05-24T00:38:08.043+0000] {dag.py:3096} INFO - Sync 1 DAGs
[2024-05-24T00:38:08.054+0000] {logging_mixin.py:188} INFO - [2024-05-24T00:38:08.054+0000] {dag.py:3954} INFO - Setting next_dagrun for example_branch_labels to 2024-05-23 00:00:00+00:00, run_after=2024-05-24 00:00:00+00:00
[2024-05-24T00:38:08.061+0000] {processor.py:183} INFO - Processing /home/airflow/.local/lib/python3.12/site-packages/airflow/example_dags/example_branch_labels.py took 0.046 seconds
[2024-05-24T00:38:38.724+0000] {processor.py:161} INFO - Started process (PID=2928) to work on /home/airflow/.local/lib/python3.12/site-packages/airflow/example_dags/example_branch_labels.py
[2024-05-24T00:38:38.724+0000] {processor.py:830} INFO - Processing file /home/airflow/.local/lib/python3.12/site-packages/airflow/example_dags/example_branch_labels.py for tasks to queue
[2024-05-24T00:38:38.725+0000] {logging_mixin.py:188} INFO - [2024-05-24T00:38:38.724+0000] {dagbag.py:545} INFO - Filling up the DagBag from /home/airflow/.local/lib/python3.12/site-packages/airflow/example_dags/example_branch_labels.py
[2024-05-24T00:38:38.729+0000] {processor.py:840} INFO - DAG(s) 'example_branch_labels' retrieved from /home/airflow/.local/lib/python3.12/site-packages/airflow/example_dags/example_branch_labels.py
[2024-05-24T00:38:38.740+0000] {logging_mixin.py:188} INFO - [2024-05-24T00:38:38.740+0000] {dag.py:3096} INFO - Sync 1 DAGs
[2024-05-24T00:38:38.750+0000] {logging_mixin.py:188} INFO - [2024-05-24T00:38:38.750+0000] {dag.py:3954} INFO - Setting next_dagrun for example_branch_labels to 2024-05-23 00:00:00+00:00, run_after=2024-05-24 00:00:00+00:00
[2024-05-24T00:38:38.758+0000] {processor.py:183} INFO - Processing /home/airflow/.local/lib/python3.12/site-packages/airflow/example_dags/example_branch_labels.py took 0.039 seconds
[2024-05-24T00:39:09.273+0000] {processor.py:161} INFO - Started process (PID=2987) to work on /home/airflow/.local/lib/python3.12/site-packages/airflow/example_dags/example_branch_labels.py
[2024-05-24T00:39:09.274+0000] {processor.py:830} INFO - Processing file /home/airflow/.local/lib/python3.12/site-packages/airflow/example_dags/example_branch_labels.py for tasks to queue
[2024-05-24T00:39:09.274+0000] {logging_mixin.py:188} INFO - [2024-05-24T00:39:09.274+0000] {dagbag.py:545} INFO - Filling up the DagBag from /home/airflow/.local/lib/python3.12/site-packages/airflow/example_dags/example_branch_labels.py
[2024-05-24T00:39:09.279+0000] {processor.py:840} INFO - DAG(s) 'example_branch_labels' retrieved from /home/airflow/.local/lib/python3.12/site-packages/airflow/example_dags/example_branch_labels.py
[2024-05-24T00:39:09.291+0000] {logging_mixin.py:188} INFO - [2024-05-24T00:39:09.291+0000] {dag.py:3096} INFO - Sync 1 DAGs
[2024-05-24T00:39:09.309+0000] {logging_mixin.py:188} INFO - [2024-05-24T00:39:09.308+0000] {dag.py:3954} INFO - Setting next_dagrun for example_branch_labels to 2024-05-23 00:00:00+00:00, run_after=2024-05-24 00:00:00+00:00
[2024-05-24T00:39:09.317+0000] {processor.py:183} INFO - Processing /home/airflow/.local/lib/python3.12/site-packages/airflow/example_dags/example_branch_labels.py took 0.047 seconds
[2024-05-24T00:39:39.848+0000] {processor.py:161} INFO - Started process (PID=3046) to work on /home/airflow/.local/lib/python3.12/site-packages/airflow/example_dags/example_branch_labels.py
[2024-05-24T00:39:39.850+0000] {processor.py:830} INFO - Processing file /home/airflow/.local/lib/python3.12/site-packages/airflow/example_dags/example_branch_labels.py for tasks to queue
[2024-05-24T00:39:39.850+0000] {logging_mixin.py:188} INFO - [2024-05-24T00:39:39.850+0000] {dagbag.py:545} INFO - Filling up the DagBag from /home/airflow/.local/lib/python3.12/site-packages/airflow/example_dags/example_branch_labels.py
[2024-05-24T00:39:39.853+0000] {processor.py:840} INFO - DAG(s) 'example_branch_labels' retrieved from /home/airflow/.local/lib/python3.12/site-packages/airflow/example_dags/example_branch_labels.py
[2024-05-24T00:39:39.859+0000] {logging_mixin.py:188} INFO - [2024-05-24T00:39:39.859+0000] {dag.py:3096} INFO - Sync 1 DAGs
[2024-05-24T00:39:39.873+0000] {logging_mixin.py:188} INFO - [2024-05-24T00:39:39.873+0000] {dag.py:3954} INFO - Setting next_dagrun for example_branch_labels to 2024-05-23 00:00:00+00:00, run_after=2024-05-24 00:00:00+00:00
[2024-05-24T00:39:39.883+0000] {processor.py:183} INFO - Processing /home/airflow/.local/lib/python3.12/site-packages/airflow/example_dags/example_branch_labels.py took 0.037 seconds
[2024-05-24T00:40:10.075+0000] {processor.py:161} INFO - Started process (PID=3104) to work on /home/airflow/.local/lib/python3.12/site-packages/airflow/example_dags/example_branch_labels.py
[2024-05-24T00:40:10.075+0000] {processor.py:830} INFO - Processing file /home/airflow/.local/lib/python3.12/site-packages/airflow/example_dags/example_branch_labels.py for tasks to queue
[2024-05-24T00:40:10.075+0000] {logging_mixin.py:188} INFO - [2024-05-24T00:40:10.075+0000] {dagbag.py:545} INFO - Filling up the DagBag from /home/airflow/.local/lib/python3.12/site-packages/airflow/example_dags/example_branch_labels.py
[2024-05-24T00:40:10.080+0000] {processor.py:840} INFO - DAG(s) 'example_branch_labels' retrieved from /home/airflow/.local/lib/python3.12/site-packages/airflow/example_dags/example_branch_labels.py
[2024-05-24T00:40:10.144+0000] {logging_mixin.py:188} INFO - [2024-05-24T00:40:10.144+0000] {dag.py:3096} INFO - Sync 1 DAGs
[2024-05-24T00:40:10.155+0000] {logging_mixin.py:188} INFO - [2024-05-24T00:40:10.155+0000] {dag.py:3954} INFO - Setting next_dagrun for example_branch_labels to 2024-05-23 00:00:00+00:00, run_after=2024-05-24 00:00:00+00:00
[2024-05-24T00:40:10.167+0000] {processor.py:183} INFO - Processing /home/airflow/.local/lib/python3.12/site-packages/airflow/example_dags/example_branch_labels.py took 0.094 seconds
[2024-05-24T00:40:40.447+0000] {processor.py:161} INFO - Started process (PID=3162) to work on /home/airflow/.local/lib/python3.12/site-packages/airflow/example_dags/example_branch_labels.py
[2024-05-24T00:40:40.447+0000] {processor.py:830} INFO - Processing file /home/airflow/.local/lib/python3.12/site-packages/airflow/example_dags/example_branch_labels.py for tasks to queue
[2024-05-24T00:40:40.447+0000] {logging_mixin.py:188} INFO - [2024-05-24T00:40:40.447+0000] {dagbag.py:545} INFO - Filling up the DagBag from /home/airflow/.local/lib/python3.12/site-packages/airflow/example_dags/example_branch_labels.py
[2024-05-24T00:40:40.451+0000] {processor.py:840} INFO - DAG(s) 'example_branch_labels' retrieved from /home/airflow/.local/lib/python3.12/site-packages/airflow/example_dags/example_branch_labels.py
[2024-05-24T00:40:40.457+0000] {logging_mixin.py:188} INFO - [2024-05-24T00:40:40.457+0000] {dag.py:3096} INFO - Sync 1 DAGs
[2024-05-24T00:40:40.479+0000] {logging_mixin.py:188} INFO - [2024-05-24T00:40:40.479+0000] {dag.py:3954} INFO - Setting next_dagrun for example_branch_labels to 2024-05-23 00:00:00+00:00, run_after=2024-05-24 00:00:00+00:00
[2024-05-24T00:40:40.490+0000] {processor.py:183} INFO - Processing /home/airflow/.local/lib/python3.12/site-packages/airflow/example_dags/example_branch_labels.py took 0.046 seconds
