[2024-05-24T00:14:37.351+0000] {processor.py:161} INFO - Started process (PID=65) to work on /home/airflow/.local/lib/python3.12/site-packages/airflow/example_dags/example_display_name.py
[2024-05-24T00:14:37.351+0000] {processor.py:830} INFO - Processing file /home/airflow/.local/lib/python3.12/site-packages/airflow/example_dags/example_display_name.py for tasks to queue
[2024-05-24T00:14:37.352+0000] {logging_mixin.py:188} INFO - [2024-05-24T00:14:37.352+0000] {dagbag.py:545} INFO - Filling up the DagBag from /home/airflow/.local/lib/python3.12/site-packages/airflow/example_dags/example_display_name.py
[2024-05-24T00:14:37.354+0000] {processor.py:840} INFO - DAG(s) 'example_display_name' retrieved from /home/airflow/.local/lib/python3.12/site-packages/airflow/example_dags/example_display_name.py
[2024-05-24T00:14:37.361+0000] {logging_mixin.py:188} INFO - [2024-05-24T00:14:37.361+0000] {dag.py:3096} INFO - Sync 1 DAGs
[2024-05-24T00:14:37.367+0000] {logging_mixin.py:188} INFO - [2024-05-24T00:14:37.367+0000] {dag.py:3954} INFO - Setting next_dagrun for example_display_name to None, run_after=None
[2024-05-24T00:14:37.378+0000] {processor.py:183} INFO - Processing /home/airflow/.local/lib/python3.12/site-packages/airflow/example_dags/example_display_name.py took 0.029 seconds
[2024-05-24T00:15:08.015+0000] {processor.py:161} INFO - Started process (PID=124) to work on /home/airflow/.local/lib/python3.12/site-packages/airflow/example_dags/example_display_name.py
[2024-05-24T00:15:08.015+0000] {processor.py:830} INFO - Processing file /home/airflow/.local/lib/python3.12/site-packages/airflow/example_dags/example_display_name.py for tasks to queue
[2024-05-24T00:15:08.016+0000] {logging_mixin.py:188} INFO - [2024-05-24T00:15:08.016+0000] {dagbag.py:545} INFO - Filling up the DagBag from /home/airflow/.local/lib/python3.12/site-packages/airflow/example_dags/example_display_name.py
[2024-05-24T00:15:08.018+0000] {processor.py:840} INFO - DAG(s) 'example_display_name' retrieved from /home/airflow/.local/lib/python3.12/site-packages/airflow/example_dags/example_display_name.py
[2024-05-24T00:15:08.059+0000] {logging_mixin.py:188} INFO - [2024-05-24T00:15:08.058+0000] {dag.py:3096} INFO - Sync 1 DAGs
[2024-05-24T00:15:08.063+0000] {logging_mixin.py:188} INFO - [2024-05-24T00:15:08.063+0000] {dag.py:3954} INFO - Setting next_dagrun for example_display_name to None, run_after=None
[2024-05-24T00:15:08.070+0000] {processor.py:183} INFO - Processing /home/airflow/.local/lib/python3.12/site-packages/airflow/example_dags/example_display_name.py took 0.057 seconds
[2024-05-24T00:15:39.028+0000] {processor.py:161} INFO - Started process (PID=183) to work on /home/airflow/.local/lib/python3.12/site-packages/airflow/example_dags/example_display_name.py
[2024-05-24T00:15:39.030+0000] {processor.py:830} INFO - Processing file /home/airflow/.local/lib/python3.12/site-packages/airflow/example_dags/example_display_name.py for tasks to queue
[2024-05-24T00:15:39.031+0000] {logging_mixin.py:188} INFO - [2024-05-24T00:15:39.031+0000] {dagbag.py:545} INFO - Filling up the DagBag from /home/airflow/.local/lib/python3.12/site-packages/airflow/example_dags/example_display_name.py
[2024-05-24T00:15:39.033+0000] {processor.py:840} INFO - DAG(s) 'example_display_name' retrieved from /home/airflow/.local/lib/python3.12/site-packages/airflow/example_dags/example_display_name.py
[2024-05-24T00:15:39.042+0000] {logging_mixin.py:188} INFO - [2024-05-24T00:15:39.042+0000] {dag.py:3096} INFO - Sync 1 DAGs
[2024-05-24T00:15:39.047+0000] {logging_mixin.py:188} INFO - [2024-05-24T00:15:39.047+0000] {dag.py:3954} INFO - Setting next_dagrun for example_display_name to None, run_after=None
[2024-05-24T00:15:39.054+0000] {processor.py:183} INFO - Processing /home/airflow/.local/lib/python3.12/site-packages/airflow/example_dags/example_display_name.py took 0.029 seconds
[2024-05-24T00:16:09.522+0000] {processor.py:161} INFO - Started process (PID=242) to work on /home/airflow/.local/lib/python3.12/site-packages/airflow/example_dags/example_display_name.py
[2024-05-24T00:16:09.522+0000] {processor.py:830} INFO - Processing file /home/airflow/.local/lib/python3.12/site-packages/airflow/example_dags/example_display_name.py for tasks to queue
[2024-05-24T00:16:09.523+0000] {logging_mixin.py:188} INFO - [2024-05-24T00:16:09.523+0000] {dagbag.py:545} INFO - Filling up the DagBag from /home/airflow/.local/lib/python3.12/site-packages/airflow/example_dags/example_display_name.py
[2024-05-24T00:16:09.526+0000] {processor.py:840} INFO - DAG(s) 'example_display_name' retrieved from /home/airflow/.local/lib/python3.12/site-packages/airflow/example_dags/example_display_name.py
[2024-05-24T00:16:09.538+0000] {logging_mixin.py:188} INFO - [2024-05-24T00:16:09.538+0000] {dag.py:3096} INFO - Sync 1 DAGs
[2024-05-24T00:16:09.543+0000] {logging_mixin.py:188} INFO - [2024-05-24T00:16:09.543+0000] {dag.py:3954} INFO - Setting next_dagrun for example_display_name to None, run_after=None
[2024-05-24T00:16:09.549+0000] {processor.py:183} INFO - Processing /home/airflow/.local/lib/python3.12/site-packages/airflow/example_dags/example_display_name.py took 0.031 seconds
[2024-05-24T00:16:39.993+0000] {processor.py:161} INFO - Started process (PID=302) to work on /home/airflow/.local/lib/python3.12/site-packages/airflow/example_dags/example_display_name.py
[2024-05-24T00:16:39.994+0000] {processor.py:830} INFO - Processing file /home/airflow/.local/lib/python3.12/site-packages/airflow/example_dags/example_display_name.py for tasks to queue
[2024-05-24T00:16:39.995+0000] {logging_mixin.py:188} INFO - [2024-05-24T00:16:39.995+0000] {dagbag.py:545} INFO - Filling up the DagBag from /home/airflow/.local/lib/python3.12/site-packages/airflow/example_dags/example_display_name.py
[2024-05-24T00:16:40.000+0000] {processor.py:840} INFO - DAG(s) 'example_display_name' retrieved from /home/airflow/.local/lib/python3.12/site-packages/airflow/example_dags/example_display_name.py
[2024-05-24T00:16:40.013+0000] {logging_mixin.py:188} INFO - [2024-05-24T00:16:40.013+0000] {dag.py:3096} INFO - Sync 1 DAGs
[2024-05-24T00:16:40.019+0000] {logging_mixin.py:188} INFO - [2024-05-24T00:16:40.019+0000] {dag.py:3954} INFO - Setting next_dagrun for example_display_name to None, run_after=None
[2024-05-24T00:16:40.026+0000] {processor.py:183} INFO - Processing /home/airflow/.local/lib/python3.12/site-packages/airflow/example_dags/example_display_name.py took 0.037 seconds
[2024-05-24T00:17:10.534+0000] {processor.py:161} INFO - Started process (PID=361) to work on /home/airflow/.local/lib/python3.12/site-packages/airflow/example_dags/example_display_name.py
[2024-05-24T00:17:10.535+0000] {processor.py:830} INFO - Processing file /home/airflow/.local/lib/python3.12/site-packages/airflow/example_dags/example_display_name.py for tasks to queue
[2024-05-24T00:17:10.536+0000] {logging_mixin.py:188} INFO - [2024-05-24T00:17:10.536+0000] {dagbag.py:545} INFO - Filling up the DagBag from /home/airflow/.local/lib/python3.12/site-packages/airflow/example_dags/example_display_name.py
[2024-05-24T00:17:10.538+0000] {processor.py:840} INFO - DAG(s) 'example_display_name' retrieved from /home/airflow/.local/lib/python3.12/site-packages/airflow/example_dags/example_display_name.py
[2024-05-24T00:17:10.550+0000] {logging_mixin.py:188} INFO - [2024-05-24T00:17:10.550+0000] {dag.py:3096} INFO - Sync 1 DAGs
[2024-05-24T00:17:10.556+0000] {logging_mixin.py:188} INFO - [2024-05-24T00:17:10.556+0000] {dag.py:3954} INFO - Setting next_dagrun for example_display_name to None, run_after=None
[2024-05-24T00:17:10.566+0000] {processor.py:183} INFO - Processing /home/airflow/.local/lib/python3.12/site-packages/airflow/example_dags/example_display_name.py took 0.035 seconds
[2024-05-24T00:17:40.962+0000] {processor.py:161} INFO - Started process (PID=420) to work on /home/airflow/.local/lib/python3.12/site-packages/airflow/example_dags/example_display_name.py
[2024-05-24T00:17:40.963+0000] {processor.py:830} INFO - Processing file /home/airflow/.local/lib/python3.12/site-packages/airflow/example_dags/example_display_name.py for tasks to queue
[2024-05-24T00:17:40.964+0000] {logging_mixin.py:188} INFO - [2024-05-24T00:17:40.964+0000] {dagbag.py:545} INFO - Filling up the DagBag from /home/airflow/.local/lib/python3.12/site-packages/airflow/example_dags/example_display_name.py
[2024-05-24T00:17:40.967+0000] {processor.py:840} INFO - DAG(s) 'example_display_name' retrieved from /home/airflow/.local/lib/python3.12/site-packages/airflow/example_dags/example_display_name.py
[2024-05-24T00:17:40.978+0000] {logging_mixin.py:188} INFO - [2024-05-24T00:17:40.978+0000] {dag.py:3096} INFO - Sync 1 DAGs
[2024-05-24T00:17:40.985+0000] {logging_mixin.py:188} INFO - [2024-05-24T00:17:40.985+0000] {dag.py:3954} INFO - Setting next_dagrun for example_display_name to None, run_after=None
[2024-05-24T00:17:40.992+0000] {processor.py:183} INFO - Processing /home/airflow/.local/lib/python3.12/site-packages/airflow/example_dags/example_display_name.py took 0.035 seconds
[2024-05-24T00:18:11.617+0000] {processor.py:161} INFO - Started process (PID=480) to work on /home/airflow/.local/lib/python3.12/site-packages/airflow/example_dags/example_display_name.py
[2024-05-24T00:18:11.619+0000] {processor.py:830} INFO - Processing file /home/airflow/.local/lib/python3.12/site-packages/airflow/example_dags/example_display_name.py for tasks to queue
[2024-05-24T00:18:11.620+0000] {logging_mixin.py:188} INFO - [2024-05-24T00:18:11.620+0000] {dagbag.py:545} INFO - Filling up the DagBag from /home/airflow/.local/lib/python3.12/site-packages/airflow/example_dags/example_display_name.py
[2024-05-24T00:18:11.625+0000] {processor.py:840} INFO - DAG(s) 'example_display_name' retrieved from /home/airflow/.local/lib/python3.12/site-packages/airflow/example_dags/example_display_name.py
[2024-05-24T00:18:11.637+0000] {logging_mixin.py:188} INFO - [2024-05-24T00:18:11.637+0000] {dag.py:3096} INFO - Sync 1 DAGs
[2024-05-24T00:18:11.644+0000] {logging_mixin.py:188} INFO - [2024-05-24T00:18:11.644+0000] {dag.py:3954} INFO - Setting next_dagrun for example_display_name to None, run_after=None
[2024-05-24T00:18:11.654+0000] {processor.py:183} INFO - Processing /home/airflow/.local/lib/python3.12/site-packages/airflow/example_dags/example_display_name.py took 0.041 seconds
[2024-05-24T00:18:42.419+0000] {processor.py:161} INFO - Started process (PID=546) to work on /home/airflow/.local/lib/python3.12/site-packages/airflow/example_dags/example_display_name.py
[2024-05-24T00:18:42.419+0000] {processor.py:830} INFO - Processing file /home/airflow/.local/lib/python3.12/site-packages/airflow/example_dags/example_display_name.py for tasks to queue
[2024-05-24T00:18:42.420+0000] {logging_mixin.py:188} INFO - [2024-05-24T00:18:42.420+0000] {dagbag.py:545} INFO - Filling up the DagBag from /home/airflow/.local/lib/python3.12/site-packages/airflow/example_dags/example_display_name.py
[2024-05-24T00:18:42.422+0000] {processor.py:840} INFO - DAG(s) 'example_display_name' retrieved from /home/airflow/.local/lib/python3.12/site-packages/airflow/example_dags/example_display_name.py
[2024-05-24T00:18:42.431+0000] {logging_mixin.py:188} INFO - [2024-05-24T00:18:42.431+0000] {dag.py:3096} INFO - Sync 1 DAGs
[2024-05-24T00:18:42.436+0000] {logging_mixin.py:188} INFO - [2024-05-24T00:18:42.436+0000] {dag.py:3954} INFO - Setting next_dagrun for example_display_name to None, run_after=None
[2024-05-24T00:18:42.443+0000] {processor.py:183} INFO - Processing /home/airflow/.local/lib/python3.12/site-packages/airflow/example_dags/example_display_name.py took 0.031 seconds
[2024-05-24T00:19:13.051+0000] {processor.py:161} INFO - Started process (PID=606) to work on /home/airflow/.local/lib/python3.12/site-packages/airflow/example_dags/example_display_name.py
[2024-05-24T00:19:13.053+0000] {processor.py:830} INFO - Processing file /home/airflow/.local/lib/python3.12/site-packages/airflow/example_dags/example_display_name.py for tasks to queue
[2024-05-24T00:19:13.055+0000] {logging_mixin.py:188} INFO - [2024-05-24T00:19:13.055+0000] {dagbag.py:545} INFO - Filling up the DagBag from /home/airflow/.local/lib/python3.12/site-packages/airflow/example_dags/example_display_name.py
[2024-05-24T00:19:13.059+0000] {processor.py:840} INFO - DAG(s) 'example_display_name' retrieved from /home/airflow/.local/lib/python3.12/site-packages/airflow/example_dags/example_display_name.py
[2024-05-24T00:19:13.075+0000] {logging_mixin.py:188} INFO - [2024-05-24T00:19:13.075+0000] {dag.py:3096} INFO - Sync 1 DAGs
[2024-05-24T00:19:13.081+0000] {logging_mixin.py:188} INFO - [2024-05-24T00:19:13.080+0000] {dag.py:3954} INFO - Setting next_dagrun for example_display_name to None, run_after=None
[2024-05-24T00:19:13.087+0000] {processor.py:183} INFO - Processing /home/airflow/.local/lib/python3.12/site-packages/airflow/example_dags/example_display_name.py took 0.039 seconds
[2024-05-24T00:19:43.823+0000] {processor.py:161} INFO - Started process (PID=666) to work on /home/airflow/.local/lib/python3.12/site-packages/airflow/example_dags/example_display_name.py
[2024-05-24T00:19:43.824+0000] {processor.py:830} INFO - Processing file /home/airflow/.local/lib/python3.12/site-packages/airflow/example_dags/example_display_name.py for tasks to queue
[2024-05-24T00:19:43.825+0000] {logging_mixin.py:188} INFO - [2024-05-24T00:19:43.825+0000] {dagbag.py:545} INFO - Filling up the DagBag from /home/airflow/.local/lib/python3.12/site-packages/airflow/example_dags/example_display_name.py
[2024-05-24T00:19:43.827+0000] {processor.py:840} INFO - DAG(s) 'example_display_name' retrieved from /home/airflow/.local/lib/python3.12/site-packages/airflow/example_dags/example_display_name.py
[2024-05-24T00:19:43.837+0000] {logging_mixin.py:188} INFO - [2024-05-24T00:19:43.837+0000] {dag.py:3096} INFO - Sync 1 DAGs
[2024-05-24T00:19:43.846+0000] {logging_mixin.py:188} INFO - [2024-05-24T00:19:43.846+0000] {dag.py:3954} INFO - Setting next_dagrun for example_display_name to None, run_after=None
[2024-05-24T00:19:43.857+0000] {processor.py:183} INFO - Processing /home/airflow/.local/lib/python3.12/site-packages/airflow/example_dags/example_display_name.py took 0.036 seconds
[2024-05-24T00:20:14.532+0000] {processor.py:161} INFO - Started process (PID=725) to work on /home/airflow/.local/lib/python3.12/site-packages/airflow/example_dags/example_display_name.py
[2024-05-24T00:20:14.533+0000] {processor.py:830} INFO - Processing file /home/airflow/.local/lib/python3.12/site-packages/airflow/example_dags/example_display_name.py for tasks to queue
[2024-05-24T00:20:14.535+0000] {logging_mixin.py:188} INFO - [2024-05-24T00:20:14.534+0000] {dagbag.py:545} INFO - Filling up the DagBag from /home/airflow/.local/lib/python3.12/site-packages/airflow/example_dags/example_display_name.py
[2024-05-24T00:20:14.541+0000] {processor.py:840} INFO - DAG(s) 'example_display_name' retrieved from /home/airflow/.local/lib/python3.12/site-packages/airflow/example_dags/example_display_name.py
[2024-05-24T00:20:14.554+0000] {logging_mixin.py:188} INFO - [2024-05-24T00:20:14.554+0000] {dag.py:3096} INFO - Sync 1 DAGs
[2024-05-24T00:20:14.562+0000] {logging_mixin.py:188} INFO - [2024-05-24T00:20:14.562+0000] {dag.py:3954} INFO - Setting next_dagrun for example_display_name to None, run_after=None
[2024-05-24T00:20:14.572+0000] {processor.py:183} INFO - Processing /home/airflow/.local/lib/python3.12/site-packages/airflow/example_dags/example_display_name.py took 0.043 seconds
[2024-05-24T00:20:45.248+0000] {processor.py:161} INFO - Started process (PID=785) to work on /home/airflow/.local/lib/python3.12/site-packages/airflow/example_dags/example_display_name.py
[2024-05-24T00:20:45.248+0000] {processor.py:830} INFO - Processing file /home/airflow/.local/lib/python3.12/site-packages/airflow/example_dags/example_display_name.py for tasks to queue
[2024-05-24T00:20:45.249+0000] {logging_mixin.py:188} INFO - [2024-05-24T00:20:45.249+0000] {dagbag.py:545} INFO - Filling up the DagBag from /home/airflow/.local/lib/python3.12/site-packages/airflow/example_dags/example_display_name.py
[2024-05-24T00:20:45.252+0000] {processor.py:840} INFO - DAG(s) 'example_display_name' retrieved from /home/airflow/.local/lib/python3.12/site-packages/airflow/example_dags/example_display_name.py
[2024-05-24T00:20:45.262+0000] {logging_mixin.py:188} INFO - [2024-05-24T00:20:45.262+0000] {dag.py:3096} INFO - Sync 1 DAGs
[2024-05-24T00:20:45.267+0000] {logging_mixin.py:188} INFO - [2024-05-24T00:20:45.267+0000] {dag.py:3954} INFO - Setting next_dagrun for example_display_name to None, run_after=None
[2024-05-24T00:20:45.274+0000] {processor.py:183} INFO - Processing /home/airflow/.local/lib/python3.12/site-packages/airflow/example_dags/example_display_name.py took 0.031 seconds
[2024-05-24T00:21:15.844+0000] {processor.py:161} INFO - Started process (PID=862) to work on /home/airflow/.local/lib/python3.12/site-packages/airflow/example_dags/example_display_name.py
[2024-05-24T00:21:15.846+0000] {processor.py:830} INFO - Processing file /home/airflow/.local/lib/python3.12/site-packages/airflow/example_dags/example_display_name.py for tasks to queue
[2024-05-24T00:21:15.848+0000] {logging_mixin.py:188} INFO - [2024-05-24T00:21:15.848+0000] {dagbag.py:545} INFO - Filling up the DagBag from /home/airflow/.local/lib/python3.12/site-packages/airflow/example_dags/example_display_name.py
[2024-05-24T00:21:15.854+0000] {processor.py:840} INFO - DAG(s) 'example_display_name' retrieved from /home/airflow/.local/lib/python3.12/site-packages/airflow/example_dags/example_display_name.py
[2024-05-24T00:21:15.865+0000] {logging_mixin.py:188} INFO - [2024-05-24T00:21:15.865+0000] {dag.py:3096} INFO - Sync 1 DAGs
[2024-05-24T00:21:15.870+0000] {logging_mixin.py:188} INFO - [2024-05-24T00:21:15.870+0000] {dag.py:3954} INFO - Setting next_dagrun for example_display_name to None, run_after=None
[2024-05-24T00:21:15.877+0000] {processor.py:183} INFO - Processing /home/airflow/.local/lib/python3.12/site-packages/airflow/example_dags/example_display_name.py took 0.043 seconds
[2024-05-24T00:21:46.451+0000] {processor.py:161} INFO - Started process (PID=940) to work on /home/airflow/.local/lib/python3.12/site-packages/airflow/example_dags/example_display_name.py
[2024-05-24T00:21:46.452+0000] {processor.py:830} INFO - Processing file /home/airflow/.local/lib/python3.12/site-packages/airflow/example_dags/example_display_name.py for tasks to queue
[2024-05-24T00:21:46.453+0000] {logging_mixin.py:188} INFO - [2024-05-24T00:21:46.453+0000] {dagbag.py:545} INFO - Filling up the DagBag from /home/airflow/.local/lib/python3.12/site-packages/airflow/example_dags/example_display_name.py
[2024-05-24T00:21:46.455+0000] {processor.py:840} INFO - DAG(s) 'example_display_name' retrieved from /home/airflow/.local/lib/python3.12/site-packages/airflow/example_dags/example_display_name.py
[2024-05-24T00:21:46.465+0000] {logging_mixin.py:188} INFO - [2024-05-24T00:21:46.465+0000] {dag.py:3096} INFO - Sync 1 DAGs
[2024-05-24T00:21:46.473+0000] {logging_mixin.py:188} INFO - [2024-05-24T00:21:46.473+0000] {dag.py:3954} INFO - Setting next_dagrun for example_display_name to None, run_after=None
[2024-05-24T00:21:46.484+0000] {processor.py:183} INFO - Processing /home/airflow/.local/lib/python3.12/site-packages/airflow/example_dags/example_display_name.py took 0.037 seconds
[2024-05-24T00:22:17.211+0000] {processor.py:161} INFO - Started process (PID=1000) to work on /home/airflow/.local/lib/python3.12/site-packages/airflow/example_dags/example_display_name.py
[2024-05-24T00:22:17.211+0000] {processor.py:830} INFO - Processing file /home/airflow/.local/lib/python3.12/site-packages/airflow/example_dags/example_display_name.py for tasks to queue
[2024-05-24T00:22:17.212+0000] {logging_mixin.py:188} INFO - [2024-05-24T00:22:17.212+0000] {dagbag.py:545} INFO - Filling up the DagBag from /home/airflow/.local/lib/python3.12/site-packages/airflow/example_dags/example_display_name.py
[2024-05-24T00:22:17.214+0000] {processor.py:840} INFO - DAG(s) 'example_display_name' retrieved from /home/airflow/.local/lib/python3.12/site-packages/airflow/example_dags/example_display_name.py
[2024-05-24T00:22:17.224+0000] {logging_mixin.py:188} INFO - [2024-05-24T00:22:17.224+0000] {dag.py:3096} INFO - Sync 1 DAGs
[2024-05-24T00:22:17.229+0000] {logging_mixin.py:188} INFO - [2024-05-24T00:22:17.229+0000] {dag.py:3954} INFO - Setting next_dagrun for example_display_name to None, run_after=None
[2024-05-24T00:22:17.236+0000] {processor.py:183} INFO - Processing /home/airflow/.local/lib/python3.12/site-packages/airflow/example_dags/example_display_name.py took 0.032 seconds
[2024-05-24T00:22:47.437+0000] {processor.py:161} INFO - Started process (PID=1078) to work on /home/airflow/.local/lib/python3.12/site-packages/airflow/example_dags/example_display_name.py
[2024-05-24T00:22:47.438+0000] {processor.py:830} INFO - Processing file /home/airflow/.local/lib/python3.12/site-packages/airflow/example_dags/example_display_name.py for tasks to queue
[2024-05-24T00:22:47.439+0000] {logging_mixin.py:188} INFO - [2024-05-24T00:22:47.439+0000] {dagbag.py:545} INFO - Filling up the DagBag from /home/airflow/.local/lib/python3.12/site-packages/airflow/example_dags/example_display_name.py
[2024-05-24T00:22:47.442+0000] {processor.py:840} INFO - DAG(s) 'example_display_name' retrieved from /home/airflow/.local/lib/python3.12/site-packages/airflow/example_dags/example_display_name.py
[2024-05-24T00:22:47.455+0000] {logging_mixin.py:188} INFO - [2024-05-24T00:22:47.455+0000] {dag.py:3096} INFO - Sync 1 DAGs
[2024-05-24T00:22:47.464+0000] {logging_mixin.py:188} INFO - [2024-05-24T00:22:47.463+0000] {dag.py:3954} INFO - Setting next_dagrun for example_display_name to None, run_after=None
[2024-05-24T00:22:47.475+0000] {processor.py:183} INFO - Processing /home/airflow/.local/lib/python3.12/site-packages/airflow/example_dags/example_display_name.py took 0.040 seconds
[2024-05-24T00:23:18.191+0000] {processor.py:161} INFO - Started process (PID=1138) to work on /home/airflow/.local/lib/python3.12/site-packages/airflow/example_dags/example_display_name.py
[2024-05-24T00:23:18.191+0000] {processor.py:830} INFO - Processing file /home/airflow/.local/lib/python3.12/site-packages/airflow/example_dags/example_display_name.py for tasks to queue
[2024-05-24T00:23:18.192+0000] {logging_mixin.py:188} INFO - [2024-05-24T00:23:18.192+0000] {dagbag.py:545} INFO - Filling up the DagBag from /home/airflow/.local/lib/python3.12/site-packages/airflow/example_dags/example_display_name.py
[2024-05-24T00:23:18.196+0000] {processor.py:840} INFO - DAG(s) 'example_display_name' retrieved from /home/airflow/.local/lib/python3.12/site-packages/airflow/example_dags/example_display_name.py
[2024-05-24T00:23:18.206+0000] {logging_mixin.py:188} INFO - [2024-05-24T00:23:18.206+0000] {dag.py:3096} INFO - Sync 1 DAGs
[2024-05-24T00:23:18.212+0000] {logging_mixin.py:188} INFO - [2024-05-24T00:23:18.212+0000] {dag.py:3954} INFO - Setting next_dagrun for example_display_name to None, run_after=None
[2024-05-24T00:23:18.223+0000] {processor.py:183} INFO - Processing /home/airflow/.local/lib/python3.12/site-packages/airflow/example_dags/example_display_name.py took 0.035 seconds
[2024-05-24T00:23:48.988+0000] {processor.py:161} INFO - Started process (PID=1198) to work on /home/airflow/.local/lib/python3.12/site-packages/airflow/example_dags/example_display_name.py
[2024-05-24T00:23:48.988+0000] {processor.py:830} INFO - Processing file /home/airflow/.local/lib/python3.12/site-packages/airflow/example_dags/example_display_name.py for tasks to queue
[2024-05-24T00:23:48.989+0000] {logging_mixin.py:188} INFO - [2024-05-24T00:23:48.989+0000] {dagbag.py:545} INFO - Filling up the DagBag from /home/airflow/.local/lib/python3.12/site-packages/airflow/example_dags/example_display_name.py
[2024-05-24T00:23:48.991+0000] {processor.py:840} INFO - DAG(s) 'example_display_name' retrieved from /home/airflow/.local/lib/python3.12/site-packages/airflow/example_dags/example_display_name.py
[2024-05-24T00:23:49.001+0000] {logging_mixin.py:188} INFO - [2024-05-24T00:23:49.001+0000] {dag.py:3096} INFO - Sync 1 DAGs
[2024-05-24T00:23:49.008+0000] {logging_mixin.py:188} INFO - [2024-05-24T00:23:49.008+0000] {dag.py:3954} INFO - Setting next_dagrun for example_display_name to None, run_after=None
[2024-05-24T00:23:49.018+0000] {processor.py:183} INFO - Processing /home/airflow/.local/lib/python3.12/site-packages/airflow/example_dags/example_display_name.py took 0.033 seconds
[2024-05-24T00:24:19.749+0000] {processor.py:161} INFO - Started process (PID=1258) to work on /home/airflow/.local/lib/python3.12/site-packages/airflow/example_dags/example_display_name.py
[2024-05-24T00:24:19.749+0000] {processor.py:830} INFO - Processing file /home/airflow/.local/lib/python3.12/site-packages/airflow/example_dags/example_display_name.py for tasks to queue
[2024-05-24T00:24:19.750+0000] {logging_mixin.py:188} INFO - [2024-05-24T00:24:19.750+0000] {dagbag.py:545} INFO - Filling up the DagBag from /home/airflow/.local/lib/python3.12/site-packages/airflow/example_dags/example_display_name.py
[2024-05-24T00:24:19.752+0000] {processor.py:840} INFO - DAG(s) 'example_display_name' retrieved from /home/airflow/.local/lib/python3.12/site-packages/airflow/example_dags/example_display_name.py
[2024-05-24T00:24:19.763+0000] {logging_mixin.py:188} INFO - [2024-05-24T00:24:19.763+0000] {dag.py:3096} INFO - Sync 1 DAGs
[2024-05-24T00:24:19.769+0000] {logging_mixin.py:188} INFO - [2024-05-24T00:24:19.768+0000] {dag.py:3954} INFO - Setting next_dagrun for example_display_name to None, run_after=None
[2024-05-24T00:24:19.777+0000] {processor.py:183} INFO - Processing /home/airflow/.local/lib/python3.12/site-packages/airflow/example_dags/example_display_name.py took 0.032 seconds
[2024-05-24T00:24:50.489+0000] {processor.py:161} INFO - Started process (PID=1318) to work on /home/airflow/.local/lib/python3.12/site-packages/airflow/example_dags/example_display_name.py
[2024-05-24T00:24:50.489+0000] {processor.py:830} INFO - Processing file /home/airflow/.local/lib/python3.12/site-packages/airflow/example_dags/example_display_name.py for tasks to queue
[2024-05-24T00:24:50.490+0000] {logging_mixin.py:188} INFO - [2024-05-24T00:24:50.490+0000] {dagbag.py:545} INFO - Filling up the DagBag from /home/airflow/.local/lib/python3.12/site-packages/airflow/example_dags/example_display_name.py
[2024-05-24T00:24:50.494+0000] {processor.py:840} INFO - DAG(s) 'example_display_name' retrieved from /home/airflow/.local/lib/python3.12/site-packages/airflow/example_dags/example_display_name.py
[2024-05-24T00:24:50.506+0000] {logging_mixin.py:188} INFO - [2024-05-24T00:24:50.506+0000] {dag.py:3096} INFO - Sync 1 DAGs
[2024-05-24T00:24:50.514+0000] {logging_mixin.py:188} INFO - [2024-05-24T00:24:50.514+0000] {dag.py:3954} INFO - Setting next_dagrun for example_display_name to None, run_after=None
[2024-05-24T00:24:50.524+0000] {processor.py:183} INFO - Processing /home/airflow/.local/lib/python3.12/site-packages/airflow/example_dags/example_display_name.py took 0.040 seconds
[2024-05-24T00:25:21.209+0000] {processor.py:161} INFO - Started process (PID=1378) to work on /home/airflow/.local/lib/python3.12/site-packages/airflow/example_dags/example_display_name.py
[2024-05-24T00:25:21.210+0000] {processor.py:830} INFO - Processing file /home/airflow/.local/lib/python3.12/site-packages/airflow/example_dags/example_display_name.py for tasks to queue
[2024-05-24T00:25:21.211+0000] {logging_mixin.py:188} INFO - [2024-05-24T00:25:21.211+0000] {dagbag.py:545} INFO - Filling up the DagBag from /home/airflow/.local/lib/python3.12/site-packages/airflow/example_dags/example_display_name.py
[2024-05-24T00:25:21.216+0000] {processor.py:840} INFO - DAG(s) 'example_display_name' retrieved from /home/airflow/.local/lib/python3.12/site-packages/airflow/example_dags/example_display_name.py
[2024-05-24T00:25:21.226+0000] {logging_mixin.py:188} INFO - [2024-05-24T00:25:21.226+0000] {dag.py:3096} INFO - Sync 1 DAGs
[2024-05-24T00:25:21.231+0000] {logging_mixin.py:188} INFO - [2024-05-24T00:25:21.231+0000] {dag.py:3954} INFO - Setting next_dagrun for example_display_name to None, run_after=None
[2024-05-24T00:25:21.238+0000] {processor.py:183} INFO - Processing /home/airflow/.local/lib/python3.12/site-packages/airflow/example_dags/example_display_name.py took 0.036 seconds
[2024-05-24T00:25:51.872+0000] {processor.py:161} INFO - Started process (PID=1438) to work on /home/airflow/.local/lib/python3.12/site-packages/airflow/example_dags/example_display_name.py
[2024-05-24T00:25:51.873+0000] {processor.py:830} INFO - Processing file /home/airflow/.local/lib/python3.12/site-packages/airflow/example_dags/example_display_name.py for tasks to queue
[2024-05-24T00:25:51.873+0000] {logging_mixin.py:188} INFO - [2024-05-24T00:25:51.873+0000] {dagbag.py:545} INFO - Filling up the DagBag from /home/airflow/.local/lib/python3.12/site-packages/airflow/example_dags/example_display_name.py
[2024-05-24T00:25:51.876+0000] {processor.py:840} INFO - DAG(s) 'example_display_name' retrieved from /home/airflow/.local/lib/python3.12/site-packages/airflow/example_dags/example_display_name.py
[2024-05-24T00:25:51.887+0000] {logging_mixin.py:188} INFO - [2024-05-24T00:25:51.887+0000] {dag.py:3096} INFO - Sync 1 DAGs
[2024-05-24T00:25:51.895+0000] {logging_mixin.py:188} INFO - [2024-05-24T00:25:51.895+0000] {dag.py:3954} INFO - Setting next_dagrun for example_display_name to None, run_after=None
[2024-05-24T00:25:51.902+0000] {processor.py:183} INFO - Processing /home/airflow/.local/lib/python3.12/site-packages/airflow/example_dags/example_display_name.py took 0.035 seconds
[2024-05-24T00:26:22.537+0000] {processor.py:161} INFO - Started process (PID=1498) to work on /home/airflow/.local/lib/python3.12/site-packages/airflow/example_dags/example_display_name.py
[2024-05-24T00:26:22.538+0000] {processor.py:830} INFO - Processing file /home/airflow/.local/lib/python3.12/site-packages/airflow/example_dags/example_display_name.py for tasks to queue
[2024-05-24T00:26:22.541+0000] {logging_mixin.py:188} INFO - [2024-05-24T00:26:22.541+0000] {dagbag.py:545} INFO - Filling up the DagBag from /home/airflow/.local/lib/python3.12/site-packages/airflow/example_dags/example_display_name.py
[2024-05-24T00:26:22.548+0000] {processor.py:840} INFO - DAG(s) 'example_display_name' retrieved from /home/airflow/.local/lib/python3.12/site-packages/airflow/example_dags/example_display_name.py
[2024-05-24T00:26:22.561+0000] {logging_mixin.py:188} INFO - [2024-05-24T00:26:22.561+0000] {dag.py:3096} INFO - Sync 1 DAGs
[2024-05-24T00:26:22.568+0000] {logging_mixin.py:188} INFO - [2024-05-24T00:26:22.568+0000] {dag.py:3954} INFO - Setting next_dagrun for example_display_name to None, run_after=None
[2024-05-24T00:26:22.578+0000] {processor.py:183} INFO - Processing /home/airflow/.local/lib/python3.12/site-packages/airflow/example_dags/example_display_name.py took 0.044 seconds
[2024-05-24T00:26:53.245+0000] {processor.py:161} INFO - Started process (PID=1559) to work on /home/airflow/.local/lib/python3.12/site-packages/airflow/example_dags/example_display_name.py
[2024-05-24T00:26:53.245+0000] {processor.py:830} INFO - Processing file /home/airflow/.local/lib/python3.12/site-packages/airflow/example_dags/example_display_name.py for tasks to queue
[2024-05-24T00:26:53.246+0000] {logging_mixin.py:188} INFO - [2024-05-24T00:26:53.246+0000] {dagbag.py:545} INFO - Filling up the DagBag from /home/airflow/.local/lib/python3.12/site-packages/airflow/example_dags/example_display_name.py
[2024-05-24T00:26:53.249+0000] {processor.py:840} INFO - DAG(s) 'example_display_name' retrieved from /home/airflow/.local/lib/python3.12/site-packages/airflow/example_dags/example_display_name.py
[2024-05-24T00:26:53.258+0000] {logging_mixin.py:188} INFO - [2024-05-24T00:26:53.257+0000] {dag.py:3096} INFO - Sync 1 DAGs
[2024-05-24T00:26:53.263+0000] {logging_mixin.py:188} INFO - [2024-05-24T00:26:53.263+0000] {dag.py:3954} INFO - Setting next_dagrun for example_display_name to None, run_after=None
[2024-05-24T00:26:53.270+0000] {processor.py:183} INFO - Processing /home/airflow/.local/lib/python3.12/site-packages/airflow/example_dags/example_display_name.py took 0.030 seconds
[2024-05-24T00:27:23.985+0000] {processor.py:161} INFO - Started process (PID=1619) to work on /home/airflow/.local/lib/python3.12/site-packages/airflow/example_dags/example_display_name.py
[2024-05-24T00:27:23.986+0000] {processor.py:830} INFO - Processing file /home/airflow/.local/lib/python3.12/site-packages/airflow/example_dags/example_display_name.py for tasks to queue
[2024-05-24T00:27:23.986+0000] {logging_mixin.py:188} INFO - [2024-05-24T00:27:23.986+0000] {dagbag.py:545} INFO - Filling up the DagBag from /home/airflow/.local/lib/python3.12/site-packages/airflow/example_dags/example_display_name.py
[2024-05-24T00:27:23.989+0000] {processor.py:840} INFO - DAG(s) 'example_display_name' retrieved from /home/airflow/.local/lib/python3.12/site-packages/airflow/example_dags/example_display_name.py
[2024-05-24T00:27:23.999+0000] {logging_mixin.py:188} INFO - [2024-05-24T00:27:23.999+0000] {dag.py:3096} INFO - Sync 1 DAGs
[2024-05-24T00:27:24.007+0000] {logging_mixin.py:188} INFO - [2024-05-24T00:27:24.007+0000] {dag.py:3954} INFO - Setting next_dagrun for example_display_name to None, run_after=None
[2024-05-24T00:27:24.015+0000] {processor.py:183} INFO - Processing /home/airflow/.local/lib/python3.12/site-packages/airflow/example_dags/example_display_name.py took 0.034 seconds
[2024-05-24T00:27:54.740+0000] {processor.py:161} INFO - Started process (PID=1679) to work on /home/airflow/.local/lib/python3.12/site-packages/airflow/example_dags/example_display_name.py
[2024-05-24T00:27:54.740+0000] {processor.py:830} INFO - Processing file /home/airflow/.local/lib/python3.12/site-packages/airflow/example_dags/example_display_name.py for tasks to queue
[2024-05-24T00:27:54.742+0000] {logging_mixin.py:188} INFO - [2024-05-24T00:27:54.742+0000] {dagbag.py:545} INFO - Filling up the DagBag from /home/airflow/.local/lib/python3.12/site-packages/airflow/example_dags/example_display_name.py
[2024-05-24T00:27:54.746+0000] {processor.py:840} INFO - DAG(s) 'example_display_name' retrieved from /home/airflow/.local/lib/python3.12/site-packages/airflow/example_dags/example_display_name.py
[2024-05-24T00:27:54.757+0000] {logging_mixin.py:188} INFO - [2024-05-24T00:27:54.757+0000] {dag.py:3096} INFO - Sync 1 DAGs
[2024-05-24T00:27:54.766+0000] {logging_mixin.py:188} INFO - [2024-05-24T00:27:54.766+0000] {dag.py:3954} INFO - Setting next_dagrun for example_display_name to None, run_after=None
[2024-05-24T00:27:54.776+0000] {processor.py:183} INFO - Processing /home/airflow/.local/lib/python3.12/site-packages/airflow/example_dags/example_display_name.py took 0.045 seconds
[2024-05-24T00:28:25.615+0000] {processor.py:161} INFO - Started process (PID=1739) to work on /home/airflow/.local/lib/python3.12/site-packages/airflow/example_dags/example_display_name.py
[2024-05-24T00:28:25.616+0000] {processor.py:830} INFO - Processing file /home/airflow/.local/lib/python3.12/site-packages/airflow/example_dags/example_display_name.py for tasks to queue
[2024-05-24T00:28:25.618+0000] {logging_mixin.py:188} INFO - [2024-05-24T00:28:25.618+0000] {dagbag.py:545} INFO - Filling up the DagBag from /home/airflow/.local/lib/python3.12/site-packages/airflow/example_dags/example_display_name.py
[2024-05-24T00:28:25.622+0000] {processor.py:840} INFO - DAG(s) 'example_display_name' retrieved from /home/airflow/.local/lib/python3.12/site-packages/airflow/example_dags/example_display_name.py
[2024-05-24T00:28:25.634+0000] {logging_mixin.py:188} INFO - [2024-05-24T00:28:25.634+0000] {dag.py:3096} INFO - Sync 1 DAGs
[2024-05-24T00:28:25.641+0000] {logging_mixin.py:188} INFO - [2024-05-24T00:28:25.641+0000] {dag.py:3954} INFO - Setting next_dagrun for example_display_name to None, run_after=None
[2024-05-24T00:28:25.652+0000] {processor.py:183} INFO - Processing /home/airflow/.local/lib/python3.12/site-packages/airflow/example_dags/example_display_name.py took 0.045 seconds
[2024-05-24T00:28:56.458+0000] {processor.py:161} INFO - Started process (PID=1799) to work on /home/airflow/.local/lib/python3.12/site-packages/airflow/example_dags/example_display_name.py
[2024-05-24T00:28:56.459+0000] {processor.py:830} INFO - Processing file /home/airflow/.local/lib/python3.12/site-packages/airflow/example_dags/example_display_name.py for tasks to queue
[2024-05-24T00:28:56.461+0000] {logging_mixin.py:188} INFO - [2024-05-24T00:28:56.461+0000] {dagbag.py:545} INFO - Filling up the DagBag from /home/airflow/.local/lib/python3.12/site-packages/airflow/example_dags/example_display_name.py
[2024-05-24T00:28:56.464+0000] {processor.py:840} INFO - DAG(s) 'example_display_name' retrieved from /home/airflow/.local/lib/python3.12/site-packages/airflow/example_dags/example_display_name.py
[2024-05-24T00:28:56.475+0000] {logging_mixin.py:188} INFO - [2024-05-24T00:28:56.475+0000] {dag.py:3096} INFO - Sync 1 DAGs
[2024-05-24T00:28:56.480+0000] {logging_mixin.py:188} INFO - [2024-05-24T00:28:56.480+0000] {dag.py:3954} INFO - Setting next_dagrun for example_display_name to None, run_after=None
[2024-05-24T00:28:56.487+0000] {processor.py:183} INFO - Processing /home/airflow/.local/lib/python3.12/site-packages/airflow/example_dags/example_display_name.py took 0.033 seconds
[2024-05-24T00:29:27.320+0000] {processor.py:161} INFO - Started process (PID=1859) to work on /home/airflow/.local/lib/python3.12/site-packages/airflow/example_dags/example_display_name.py
[2024-05-24T00:29:27.320+0000] {processor.py:830} INFO - Processing file /home/airflow/.local/lib/python3.12/site-packages/airflow/example_dags/example_display_name.py for tasks to queue
[2024-05-24T00:29:27.321+0000] {logging_mixin.py:188} INFO - [2024-05-24T00:29:27.321+0000] {dagbag.py:545} INFO - Filling up the DagBag from /home/airflow/.local/lib/python3.12/site-packages/airflow/example_dags/example_display_name.py
[2024-05-24T00:29:27.325+0000] {processor.py:840} INFO - DAG(s) 'example_display_name' retrieved from /home/airflow/.local/lib/python3.12/site-packages/airflow/example_dags/example_display_name.py
[2024-05-24T00:29:27.337+0000] {logging_mixin.py:188} INFO - [2024-05-24T00:29:27.337+0000] {dag.py:3096} INFO - Sync 1 DAGs
[2024-05-24T00:29:27.344+0000] {logging_mixin.py:188} INFO - [2024-05-24T00:29:27.344+0000] {dag.py:3954} INFO - Setting next_dagrun for example_display_name to None, run_after=None
[2024-05-24T00:29:27.355+0000] {processor.py:183} INFO - Processing /home/airflow/.local/lib/python3.12/site-packages/airflow/example_dags/example_display_name.py took 0.038 seconds
[2024-05-24T00:29:58.244+0000] {processor.py:161} INFO - Started process (PID=1919) to work on /home/airflow/.local/lib/python3.12/site-packages/airflow/example_dags/example_display_name.py
[2024-05-24T00:29:58.244+0000] {processor.py:830} INFO - Processing file /home/airflow/.local/lib/python3.12/site-packages/airflow/example_dags/example_display_name.py for tasks to queue
[2024-05-24T00:29:58.245+0000] {logging_mixin.py:188} INFO - [2024-05-24T00:29:58.245+0000] {dagbag.py:545} INFO - Filling up the DagBag from /home/airflow/.local/lib/python3.12/site-packages/airflow/example_dags/example_display_name.py
[2024-05-24T00:29:58.248+0000] {processor.py:840} INFO - DAG(s) 'example_display_name' retrieved from /home/airflow/.local/lib/python3.12/site-packages/airflow/example_dags/example_display_name.py
[2024-05-24T00:29:58.258+0000] {logging_mixin.py:188} INFO - [2024-05-24T00:29:58.257+0000] {dag.py:3096} INFO - Sync 1 DAGs
[2024-05-24T00:29:58.263+0000] {logging_mixin.py:188} INFO - [2024-05-24T00:29:58.263+0000] {dag.py:3954} INFO - Setting next_dagrun for example_display_name to None, run_after=None
[2024-05-24T00:29:58.271+0000] {processor.py:183} INFO - Processing /home/airflow/.local/lib/python3.12/site-packages/airflow/example_dags/example_display_name.py took 0.032 seconds
[2024-05-24T00:30:28.374+0000] {processor.py:161} INFO - Started process (PID=1978) to work on /home/airflow/.local/lib/python3.12/site-packages/airflow/example_dags/example_display_name.py
[2024-05-24T00:30:28.377+0000] {processor.py:830} INFO - Processing file /home/airflow/.local/lib/python3.12/site-packages/airflow/example_dags/example_display_name.py for tasks to queue
[2024-05-24T00:30:28.378+0000] {logging_mixin.py:188} INFO - [2024-05-24T00:30:28.378+0000] {dagbag.py:545} INFO - Filling up the DagBag from /home/airflow/.local/lib/python3.12/site-packages/airflow/example_dags/example_display_name.py
[2024-05-24T00:30:28.382+0000] {processor.py:840} INFO - DAG(s) 'example_display_name' retrieved from /home/airflow/.local/lib/python3.12/site-packages/airflow/example_dags/example_display_name.py
[2024-05-24T00:30:28.390+0000] {logging_mixin.py:188} INFO - [2024-05-24T00:30:28.390+0000] {dag.py:3096} INFO - Sync 1 DAGs
[2024-05-24T00:30:28.395+0000] {logging_mixin.py:188} INFO - [2024-05-24T00:30:28.395+0000] {dag.py:3954} INFO - Setting next_dagrun for example_display_name to None, run_after=None
[2024-05-24T00:30:28.402+0000] {processor.py:183} INFO - Processing /home/airflow/.local/lib/python3.12/site-packages/airflow/example_dags/example_display_name.py took 0.031 seconds
[2024-05-24T00:30:59.271+0000] {processor.py:161} INFO - Started process (PID=2039) to work on /home/airflow/.local/lib/python3.12/site-packages/airflow/example_dags/example_display_name.py
[2024-05-24T00:30:59.273+0000] {processor.py:830} INFO - Processing file /home/airflow/.local/lib/python3.12/site-packages/airflow/example_dags/example_display_name.py for tasks to queue
[2024-05-24T00:30:59.275+0000] {logging_mixin.py:188} INFO - [2024-05-24T00:30:59.275+0000] {dagbag.py:545} INFO - Filling up the DagBag from /home/airflow/.local/lib/python3.12/site-packages/airflow/example_dags/example_display_name.py
[2024-05-24T00:30:59.279+0000] {processor.py:840} INFO - DAG(s) 'example_display_name' retrieved from /home/airflow/.local/lib/python3.12/site-packages/airflow/example_dags/example_display_name.py
[2024-05-24T00:30:59.291+0000] {logging_mixin.py:188} INFO - [2024-05-24T00:30:59.291+0000] {dag.py:3096} INFO - Sync 1 DAGs
[2024-05-24T00:30:59.299+0000] {logging_mixin.py:188} INFO - [2024-05-24T00:30:59.299+0000] {dag.py:3954} INFO - Setting next_dagrun for example_display_name to None, run_after=None
[2024-05-24T00:30:59.310+0000] {processor.py:183} INFO - Processing /home/airflow/.local/lib/python3.12/site-packages/airflow/example_dags/example_display_name.py took 0.042 seconds
[2024-05-24T00:31:29.339+0000] {processor.py:161} INFO - Started process (PID=2098) to work on /home/airflow/.local/lib/python3.12/site-packages/airflow/example_dags/example_display_name.py
[2024-05-24T00:31:29.340+0000] {processor.py:830} INFO - Processing file /home/airflow/.local/lib/python3.12/site-packages/airflow/example_dags/example_display_name.py for tasks to queue
[2024-05-24T00:31:29.341+0000] {logging_mixin.py:188} INFO - [2024-05-24T00:31:29.340+0000] {dagbag.py:545} INFO - Filling up the DagBag from /home/airflow/.local/lib/python3.12/site-packages/airflow/example_dags/example_display_name.py
[2024-05-24T00:31:29.344+0000] {processor.py:840} INFO - DAG(s) 'example_display_name' retrieved from /home/airflow/.local/lib/python3.12/site-packages/airflow/example_dags/example_display_name.py
[2024-05-24T00:31:29.360+0000] {logging_mixin.py:188} INFO - [2024-05-24T00:31:29.360+0000] {dag.py:3096} INFO - Sync 1 DAGs
[2024-05-24T00:31:29.430+0000] {logging_mixin.py:188} INFO - [2024-05-24T00:31:29.430+0000] {dag.py:3954} INFO - Setting next_dagrun for example_display_name to None, run_after=None
[2024-05-24T00:31:29.437+0000] {processor.py:183} INFO - Processing /home/airflow/.local/lib/python3.12/site-packages/airflow/example_dags/example_display_name.py took 0.101 seconds
[2024-05-24T00:31:59.743+0000] {processor.py:161} INFO - Started process (PID=2158) to work on /home/airflow/.local/lib/python3.12/site-packages/airflow/example_dags/example_display_name.py
[2024-05-24T00:31:59.744+0000] {processor.py:830} INFO - Processing file /home/airflow/.local/lib/python3.12/site-packages/airflow/example_dags/example_display_name.py for tasks to queue
[2024-05-24T00:31:59.745+0000] {logging_mixin.py:188} INFO - [2024-05-24T00:31:59.745+0000] {dagbag.py:545} INFO - Filling up the DagBag from /home/airflow/.local/lib/python3.12/site-packages/airflow/example_dags/example_display_name.py
[2024-05-24T00:31:59.750+0000] {processor.py:840} INFO - DAG(s) 'example_display_name' retrieved from /home/airflow/.local/lib/python3.12/site-packages/airflow/example_dags/example_display_name.py
[2024-05-24T00:31:59.773+0000] {logging_mixin.py:188} INFO - [2024-05-24T00:31:59.773+0000] {dag.py:3096} INFO - Sync 1 DAGs
[2024-05-24T00:31:59.795+0000] {logging_mixin.py:188} INFO - [2024-05-24T00:31:59.794+0000] {dag.py:3954} INFO - Setting next_dagrun for example_display_name to None, run_after=None
[2024-05-24T00:31:59.823+0000] {processor.py:183} INFO - Processing /home/airflow/.local/lib/python3.12/site-packages/airflow/example_dags/example_display_name.py took 0.087 seconds
[2024-05-24T00:32:30.554+0000] {processor.py:161} INFO - Started process (PID=2219) to work on /home/airflow/.local/lib/python3.12/site-packages/airflow/example_dags/example_display_name.py
[2024-05-24T00:32:30.554+0000] {processor.py:830} INFO - Processing file /home/airflow/.local/lib/python3.12/site-packages/airflow/example_dags/example_display_name.py for tasks to queue
[2024-05-24T00:32:30.555+0000] {logging_mixin.py:188} INFO - [2024-05-24T00:32:30.555+0000] {dagbag.py:545} INFO - Filling up the DagBag from /home/airflow/.local/lib/python3.12/site-packages/airflow/example_dags/example_display_name.py
[2024-05-24T00:32:30.557+0000] {processor.py:840} INFO - DAG(s) 'example_display_name' retrieved from /home/airflow/.local/lib/python3.12/site-packages/airflow/example_dags/example_display_name.py
[2024-05-24T00:32:30.568+0000] {logging_mixin.py:188} INFO - [2024-05-24T00:32:30.568+0000] {dag.py:3096} INFO - Sync 1 DAGs
[2024-05-24T00:32:30.573+0000] {logging_mixin.py:188} INFO - [2024-05-24T00:32:30.573+0000] {dag.py:3954} INFO - Setting next_dagrun for example_display_name to None, run_after=None
[2024-05-24T00:32:30.584+0000] {processor.py:183} INFO - Processing /home/airflow/.local/lib/python3.12/site-packages/airflow/example_dags/example_display_name.py took 0.033 seconds
[2024-05-24T00:33:01.212+0000] {processor.py:161} INFO - Started process (PID=2279) to work on /home/airflow/.local/lib/python3.12/site-packages/airflow/example_dags/example_display_name.py
[2024-05-24T00:33:01.212+0000] {processor.py:830} INFO - Processing file /home/airflow/.local/lib/python3.12/site-packages/airflow/example_dags/example_display_name.py for tasks to queue
[2024-05-24T00:33:01.213+0000] {logging_mixin.py:188} INFO - [2024-05-24T00:33:01.213+0000] {dagbag.py:545} INFO - Filling up the DagBag from /home/airflow/.local/lib/python3.12/site-packages/airflow/example_dags/example_display_name.py
[2024-05-24T00:33:01.215+0000] {processor.py:840} INFO - DAG(s) 'example_display_name' retrieved from /home/airflow/.local/lib/python3.12/site-packages/airflow/example_dags/example_display_name.py
[2024-05-24T00:33:01.226+0000] {logging_mixin.py:188} INFO - [2024-05-24T00:33:01.226+0000] {dag.py:3096} INFO - Sync 1 DAGs
[2024-05-24T00:33:01.233+0000] {logging_mixin.py:188} INFO - [2024-05-24T00:33:01.233+0000] {dag.py:3954} INFO - Setting next_dagrun for example_display_name to None, run_after=None
[2024-05-24T00:33:01.244+0000] {processor.py:183} INFO - Processing /home/airflow/.local/lib/python3.12/site-packages/airflow/example_dags/example_display_name.py took 0.034 seconds
[2024-05-24T00:33:31.940+0000] {processor.py:161} INFO - Started process (PID=2345) to work on /home/airflow/.local/lib/python3.12/site-packages/airflow/example_dags/example_display_name.py
[2024-05-24T00:33:31.940+0000] {processor.py:830} INFO - Processing file /home/airflow/.local/lib/python3.12/site-packages/airflow/example_dags/example_display_name.py for tasks to queue
[2024-05-24T00:33:31.941+0000] {logging_mixin.py:188} INFO - [2024-05-24T00:33:31.941+0000] {dagbag.py:545} INFO - Filling up the DagBag from /home/airflow/.local/lib/python3.12/site-packages/airflow/example_dags/example_display_name.py
[2024-05-24T00:33:31.944+0000] {processor.py:840} INFO - DAG(s) 'example_display_name' retrieved from /home/airflow/.local/lib/python3.12/site-packages/airflow/example_dags/example_display_name.py
[2024-05-24T00:33:31.956+0000] {logging_mixin.py:188} INFO - [2024-05-24T00:33:31.955+0000] {dag.py:3096} INFO - Sync 1 DAGs
[2024-05-24T00:33:31.962+0000] {logging_mixin.py:188} INFO - [2024-05-24T00:33:31.962+0000] {dag.py:3954} INFO - Setting next_dagrun for example_display_name to None, run_after=None
[2024-05-24T00:33:31.973+0000] {processor.py:183} INFO - Processing /home/airflow/.local/lib/python3.12/site-packages/airflow/example_dags/example_display_name.py took 0.037 seconds
[2024-05-24T00:34:02.893+0000] {processor.py:161} INFO - Started process (PID=2405) to work on /home/airflow/.local/lib/python3.12/site-packages/airflow/example_dags/example_display_name.py
[2024-05-24T00:34:02.893+0000] {processor.py:830} INFO - Processing file /home/airflow/.local/lib/python3.12/site-packages/airflow/example_dags/example_display_name.py for tasks to queue
[2024-05-24T00:34:02.894+0000] {logging_mixin.py:188} INFO - [2024-05-24T00:34:02.894+0000] {dagbag.py:545} INFO - Filling up the DagBag from /home/airflow/.local/lib/python3.12/site-packages/airflow/example_dags/example_display_name.py
[2024-05-24T00:34:02.896+0000] {processor.py:840} INFO - DAG(s) 'example_display_name' retrieved from /home/airflow/.local/lib/python3.12/site-packages/airflow/example_dags/example_display_name.py
[2024-05-24T00:34:02.905+0000] {logging_mixin.py:188} INFO - [2024-05-24T00:34:02.905+0000] {dag.py:3096} INFO - Sync 1 DAGs
[2024-05-24T00:34:02.910+0000] {logging_mixin.py:188} INFO - [2024-05-24T00:34:02.910+0000] {dag.py:3954} INFO - Setting next_dagrun for example_display_name to None, run_after=None
[2024-05-24T00:34:02.917+0000] {processor.py:183} INFO - Processing /home/airflow/.local/lib/python3.12/site-packages/airflow/example_dags/example_display_name.py took 0.026 seconds
[2024-05-24T00:34:33.626+0000] {processor.py:161} INFO - Started process (PID=2465) to work on /home/airflow/.local/lib/python3.12/site-packages/airflow/example_dags/example_display_name.py
[2024-05-24T00:34:33.627+0000] {processor.py:830} INFO - Processing file /home/airflow/.local/lib/python3.12/site-packages/airflow/example_dags/example_display_name.py for tasks to queue
[2024-05-24T00:34:33.627+0000] {logging_mixin.py:188} INFO - [2024-05-24T00:34:33.627+0000] {dagbag.py:545} INFO - Filling up the DagBag from /home/airflow/.local/lib/python3.12/site-packages/airflow/example_dags/example_display_name.py
[2024-05-24T00:34:33.630+0000] {processor.py:840} INFO - DAG(s) 'example_display_name' retrieved from /home/airflow/.local/lib/python3.12/site-packages/airflow/example_dags/example_display_name.py
[2024-05-24T00:34:33.641+0000] {logging_mixin.py:188} INFO - [2024-05-24T00:34:33.641+0000] {dag.py:3096} INFO - Sync 1 DAGs
[2024-05-24T00:34:33.649+0000] {logging_mixin.py:188} INFO - [2024-05-24T00:34:33.649+0000] {dag.py:3954} INFO - Setting next_dagrun for example_display_name to None, run_after=None
[2024-05-24T00:34:33.660+0000] {processor.py:183} INFO - Processing /home/airflow/.local/lib/python3.12/site-packages/airflow/example_dags/example_display_name.py took 0.036 seconds
[2024-05-24T00:35:04.327+0000] {processor.py:161} INFO - Started process (PID=2525) to work on /home/airflow/.local/lib/python3.12/site-packages/airflow/example_dags/example_display_name.py
[2024-05-24T00:35:04.328+0000] {processor.py:830} INFO - Processing file /home/airflow/.local/lib/python3.12/site-packages/airflow/example_dags/example_display_name.py for tasks to queue
[2024-05-24T00:35:04.328+0000] {logging_mixin.py:188} INFO - [2024-05-24T00:35:04.328+0000] {dagbag.py:545} INFO - Filling up the DagBag from /home/airflow/.local/lib/python3.12/site-packages/airflow/example_dags/example_display_name.py
[2024-05-24T00:35:04.330+0000] {processor.py:840} INFO - DAG(s) 'example_display_name' retrieved from /home/airflow/.local/lib/python3.12/site-packages/airflow/example_dags/example_display_name.py
[2024-05-24T00:35:04.340+0000] {logging_mixin.py:188} INFO - [2024-05-24T00:35:04.340+0000] {dag.py:3096} INFO - Sync 1 DAGs
[2024-05-24T00:35:04.348+0000] {logging_mixin.py:188} INFO - [2024-05-24T00:35:04.348+0000] {dag.py:3954} INFO - Setting next_dagrun for example_display_name to None, run_after=None
[2024-05-24T00:35:04.361+0000] {processor.py:183} INFO - Processing /home/airflow/.local/lib/python3.12/site-packages/airflow/example_dags/example_display_name.py took 0.036 seconds
[2024-05-24T00:35:35.105+0000] {processor.py:161} INFO - Started process (PID=2585) to work on /home/airflow/.local/lib/python3.12/site-packages/airflow/example_dags/example_display_name.py
[2024-05-24T00:35:35.105+0000] {processor.py:830} INFO - Processing file /home/airflow/.local/lib/python3.12/site-packages/airflow/example_dags/example_display_name.py for tasks to queue
[2024-05-24T00:35:35.106+0000] {logging_mixin.py:188} INFO - [2024-05-24T00:35:35.106+0000] {dagbag.py:545} INFO - Filling up the DagBag from /home/airflow/.local/lib/python3.12/site-packages/airflow/example_dags/example_display_name.py
[2024-05-24T00:35:35.109+0000] {processor.py:840} INFO - DAG(s) 'example_display_name' retrieved from /home/airflow/.local/lib/python3.12/site-packages/airflow/example_dags/example_display_name.py
[2024-05-24T00:35:35.120+0000] {logging_mixin.py:188} INFO - [2024-05-24T00:35:35.120+0000] {dag.py:3096} INFO - Sync 1 DAGs
[2024-05-24T00:35:35.128+0000] {logging_mixin.py:188} INFO - [2024-05-24T00:35:35.127+0000] {dag.py:3954} INFO - Setting next_dagrun for example_display_name to None, run_after=None
[2024-05-24T00:35:35.137+0000] {processor.py:183} INFO - Processing /home/airflow/.local/lib/python3.12/site-packages/airflow/example_dags/example_display_name.py took 0.036 seconds
[2024-05-24T00:36:05.630+0000] {processor.py:161} INFO - Started process (PID=2644) to work on /home/airflow/.local/lib/python3.12/site-packages/airflow/example_dags/example_display_name.py
[2024-05-24T00:36:05.630+0000] {processor.py:830} INFO - Processing file /home/airflow/.local/lib/python3.12/site-packages/airflow/example_dags/example_display_name.py for tasks to queue
[2024-05-24T00:36:05.631+0000] {logging_mixin.py:188} INFO - [2024-05-24T00:36:05.631+0000] {dagbag.py:545} INFO - Filling up the DagBag from /home/airflow/.local/lib/python3.12/site-packages/airflow/example_dags/example_display_name.py
[2024-05-24T00:36:05.633+0000] {processor.py:840} INFO - DAG(s) 'example_display_name' retrieved from /home/airflow/.local/lib/python3.12/site-packages/airflow/example_dags/example_display_name.py
[2024-05-24T00:36:05.642+0000] {logging_mixin.py:188} INFO - [2024-05-24T00:36:05.642+0000] {dag.py:3096} INFO - Sync 1 DAGs
[2024-05-24T00:36:05.647+0000] {logging_mixin.py:188} INFO - [2024-05-24T00:36:05.647+0000] {dag.py:3954} INFO - Setting next_dagrun for example_display_name to None, run_after=None
[2024-05-24T00:36:05.654+0000] {processor.py:183} INFO - Processing /home/airflow/.local/lib/python3.12/site-packages/airflow/example_dags/example_display_name.py took 0.026 seconds
[2024-05-24T00:36:36.461+0000] {processor.py:161} INFO - Started process (PID=2703) to work on /home/airflow/.local/lib/python3.12/site-packages/airflow/example_dags/example_display_name.py
[2024-05-24T00:36:36.461+0000] {processor.py:830} INFO - Processing file /home/airflow/.local/lib/python3.12/site-packages/airflow/example_dags/example_display_name.py for tasks to queue
[2024-05-24T00:36:36.462+0000] {logging_mixin.py:188} INFO - [2024-05-24T00:36:36.462+0000] {dagbag.py:545} INFO - Filling up the DagBag from /home/airflow/.local/lib/python3.12/site-packages/airflow/example_dags/example_display_name.py
[2024-05-24T00:36:36.464+0000] {processor.py:840} INFO - DAG(s) 'example_display_name' retrieved from /home/airflow/.local/lib/python3.12/site-packages/airflow/example_dags/example_display_name.py
[2024-05-24T00:36:36.473+0000] {logging_mixin.py:188} INFO - [2024-05-24T00:36:36.473+0000] {dag.py:3096} INFO - Sync 1 DAGs
[2024-05-24T00:36:36.479+0000] {logging_mixin.py:188} INFO - [2024-05-24T00:36:36.479+0000] {dag.py:3954} INFO - Setting next_dagrun for example_display_name to None, run_after=None
[2024-05-24T00:36:36.485+0000] {processor.py:183} INFO - Processing /home/airflow/.local/lib/python3.12/site-packages/airflow/example_dags/example_display_name.py took 0.028 seconds
[2024-05-24T00:37:07.105+0000] {processor.py:161} INFO - Started process (PID=2762) to work on /home/airflow/.local/lib/python3.12/site-packages/airflow/example_dags/example_display_name.py
[2024-05-24T00:37:07.105+0000] {processor.py:830} INFO - Processing file /home/airflow/.local/lib/python3.12/site-packages/airflow/example_dags/example_display_name.py for tasks to queue
[2024-05-24T00:37:07.106+0000] {logging_mixin.py:188} INFO - [2024-05-24T00:37:07.105+0000] {dagbag.py:545} INFO - Filling up the DagBag from /home/airflow/.local/lib/python3.12/site-packages/airflow/example_dags/example_display_name.py
[2024-05-24T00:37:07.108+0000] {processor.py:840} INFO - DAG(s) 'example_display_name' retrieved from /home/airflow/.local/lib/python3.12/site-packages/airflow/example_dags/example_display_name.py
[2024-05-24T00:37:07.120+0000] {logging_mixin.py:188} INFO - [2024-05-24T00:37:07.119+0000] {dag.py:3096} INFO - Sync 1 DAGs
[2024-05-24T00:37:07.126+0000] {logging_mixin.py:188} INFO - [2024-05-24T00:37:07.126+0000] {dag.py:3954} INFO - Setting next_dagrun for example_display_name to None, run_after=None
[2024-05-24T00:37:07.133+0000] {processor.py:183} INFO - Processing /home/airflow/.local/lib/python3.12/site-packages/airflow/example_dags/example_display_name.py took 0.032 seconds
[2024-05-24T00:37:37.849+0000] {processor.py:161} INFO - Started process (PID=2821) to work on /home/airflow/.local/lib/python3.12/site-packages/airflow/example_dags/example_display_name.py
[2024-05-24T00:37:37.849+0000] {processor.py:830} INFO - Processing file /home/airflow/.local/lib/python3.12/site-packages/airflow/example_dags/example_display_name.py for tasks to queue
[2024-05-24T00:37:37.850+0000] {logging_mixin.py:188} INFO - [2024-05-24T00:37:37.850+0000] {dagbag.py:545} INFO - Filling up the DagBag from /home/airflow/.local/lib/python3.12/site-packages/airflow/example_dags/example_display_name.py
[2024-05-24T00:37:37.853+0000] {processor.py:840} INFO - DAG(s) 'example_display_name' retrieved from /home/airflow/.local/lib/python3.12/site-packages/airflow/example_dags/example_display_name.py
[2024-05-24T00:37:37.876+0000] {logging_mixin.py:188} INFO - [2024-05-24T00:37:37.876+0000] {dag.py:3096} INFO - Sync 1 DAGs
[2024-05-24T00:37:37.886+0000] {logging_mixin.py:188} INFO - [2024-05-24T00:37:37.886+0000] {dag.py:3954} INFO - Setting next_dagrun for example_display_name to None, run_after=None
[2024-05-24T00:37:37.896+0000] {processor.py:183} INFO - Processing /home/airflow/.local/lib/python3.12/site-packages/airflow/example_dags/example_display_name.py took 0.051 seconds
[2024-05-24T00:38:08.451+0000] {processor.py:161} INFO - Started process (PID=2880) to work on /home/airflow/.local/lib/python3.12/site-packages/airflow/example_dags/example_display_name.py
[2024-05-24T00:38:08.452+0000] {processor.py:830} INFO - Processing file /home/airflow/.local/lib/python3.12/site-packages/airflow/example_dags/example_display_name.py for tasks to queue
[2024-05-24T00:38:08.452+0000] {logging_mixin.py:188} INFO - [2024-05-24T00:38:08.452+0000] {dagbag.py:545} INFO - Filling up the DagBag from /home/airflow/.local/lib/python3.12/site-packages/airflow/example_dags/example_display_name.py
[2024-05-24T00:38:08.455+0000] {processor.py:840} INFO - DAG(s) 'example_display_name' retrieved from /home/airflow/.local/lib/python3.12/site-packages/airflow/example_dags/example_display_name.py
[2024-05-24T00:38:08.463+0000] {logging_mixin.py:188} INFO - [2024-05-24T00:38:08.463+0000] {dag.py:3096} INFO - Sync 1 DAGs
[2024-05-24T00:38:08.468+0000] {logging_mixin.py:188} INFO - [2024-05-24T00:38:08.468+0000] {dag.py:3954} INFO - Setting next_dagrun for example_display_name to None, run_after=None
[2024-05-24T00:38:08.475+0000] {processor.py:183} INFO - Processing /home/airflow/.local/lib/python3.12/site-packages/airflow/example_dags/example_display_name.py took 0.027 seconds
[2024-05-24T00:38:39.124+0000] {processor.py:161} INFO - Started process (PID=2940) to work on /home/airflow/.local/lib/python3.12/site-packages/airflow/example_dags/example_display_name.py
[2024-05-24T00:38:39.124+0000] {processor.py:830} INFO - Processing file /home/airflow/.local/lib/python3.12/site-packages/airflow/example_dags/example_display_name.py for tasks to queue
[2024-05-24T00:38:39.124+0000] {logging_mixin.py:188} INFO - [2024-05-24T00:38:39.124+0000] {dagbag.py:545} INFO - Filling up the DagBag from /home/airflow/.local/lib/python3.12/site-packages/airflow/example_dags/example_display_name.py
[2024-05-24T00:38:39.126+0000] {processor.py:840} INFO - DAG(s) 'example_display_name' retrieved from /home/airflow/.local/lib/python3.12/site-packages/airflow/example_dags/example_display_name.py
[2024-05-24T00:38:39.138+0000] {logging_mixin.py:188} INFO - [2024-05-24T00:38:39.138+0000] {dag.py:3096} INFO - Sync 1 DAGs
[2024-05-24T00:38:39.145+0000] {logging_mixin.py:188} INFO - [2024-05-24T00:38:39.145+0000] {dag.py:3954} INFO - Setting next_dagrun for example_display_name to None, run_after=None
[2024-05-24T00:38:39.153+0000] {processor.py:183} INFO - Processing /home/airflow/.local/lib/python3.12/site-packages/airflow/example_dags/example_display_name.py took 0.031 seconds
[2024-05-24T00:39:09.720+0000] {processor.py:161} INFO - Started process (PID=2999) to work on /home/airflow/.local/lib/python3.12/site-packages/airflow/example_dags/example_display_name.py
[2024-05-24T00:39:09.720+0000] {processor.py:830} INFO - Processing file /home/airflow/.local/lib/python3.12/site-packages/airflow/example_dags/example_display_name.py for tasks to queue
[2024-05-24T00:39:09.721+0000] {logging_mixin.py:188} INFO - [2024-05-24T00:39:09.720+0000] {dagbag.py:545} INFO - Filling up the DagBag from /home/airflow/.local/lib/python3.12/site-packages/airflow/example_dags/example_display_name.py
[2024-05-24T00:39:09.723+0000] {processor.py:840} INFO - DAG(s) 'example_display_name' retrieved from /home/airflow/.local/lib/python3.12/site-packages/airflow/example_dags/example_display_name.py
[2024-05-24T00:39:09.729+0000] {logging_mixin.py:188} INFO - [2024-05-24T00:39:09.729+0000] {dag.py:3096} INFO - Sync 1 DAGs
[2024-05-24T00:39:09.735+0000] {logging_mixin.py:188} INFO - [2024-05-24T00:39:09.735+0000] {dag.py:3954} INFO - Setting next_dagrun for example_display_name to None, run_after=None
[2024-05-24T00:39:09.742+0000] {processor.py:183} INFO - Processing /home/airflow/.local/lib/python3.12/site-packages/airflow/example_dags/example_display_name.py took 0.025 seconds
[2024-05-24T00:39:40.136+0000] {processor.py:161} INFO - Started process (PID=3058) to work on /home/airflow/.local/lib/python3.12/site-packages/airflow/example_dags/example_display_name.py
[2024-05-24T00:39:40.136+0000] {processor.py:830} INFO - Processing file /home/airflow/.local/lib/python3.12/site-packages/airflow/example_dags/example_display_name.py for tasks to queue
[2024-05-24T00:39:40.137+0000] {logging_mixin.py:188} INFO - [2024-05-24T00:39:40.137+0000] {dagbag.py:545} INFO - Filling up the DagBag from /home/airflow/.local/lib/python3.12/site-packages/airflow/example_dags/example_display_name.py
[2024-05-24T00:39:40.140+0000] {processor.py:840} INFO - DAG(s) 'example_display_name' retrieved from /home/airflow/.local/lib/python3.12/site-packages/airflow/example_dags/example_display_name.py
[2024-05-24T00:39:40.146+0000] {logging_mixin.py:188} INFO - [2024-05-24T00:39:40.146+0000] {dag.py:3096} INFO - Sync 1 DAGs
[2024-05-24T00:39:40.155+0000] {logging_mixin.py:188} INFO - [2024-05-24T00:39:40.155+0000] {dag.py:3954} INFO - Setting next_dagrun for example_display_name to None, run_after=None
[2024-05-24T00:39:40.162+0000] {processor.py:183} INFO - Processing /home/airflow/.local/lib/python3.12/site-packages/airflow/example_dags/example_display_name.py took 0.030 seconds
[2024-05-24T00:40:10.670+0000] {processor.py:161} INFO - Started process (PID=3116) to work on /home/airflow/.local/lib/python3.12/site-packages/airflow/example_dags/example_display_name.py
[2024-05-24T00:40:10.670+0000] {processor.py:830} INFO - Processing file /home/airflow/.local/lib/python3.12/site-packages/airflow/example_dags/example_display_name.py for tasks to queue
[2024-05-24T00:40:10.671+0000] {logging_mixin.py:188} INFO - [2024-05-24T00:40:10.671+0000] {dagbag.py:545} INFO - Filling up the DagBag from /home/airflow/.local/lib/python3.12/site-packages/airflow/example_dags/example_display_name.py
[2024-05-24T00:40:10.673+0000] {processor.py:840} INFO - DAG(s) 'example_display_name' retrieved from /home/airflow/.local/lib/python3.12/site-packages/airflow/example_dags/example_display_name.py
[2024-05-24T00:40:10.716+0000] {logging_mixin.py:188} INFO - [2024-05-24T00:40:10.716+0000] {dag.py:3096} INFO - Sync 1 DAGs
[2024-05-24T00:40:10.721+0000] {logging_mixin.py:188} INFO - [2024-05-24T00:40:10.721+0000] {dag.py:3954} INFO - Setting next_dagrun for example_display_name to None, run_after=None
[2024-05-24T00:40:10.728+0000] {processor.py:183} INFO - Processing /home/airflow/.local/lib/python3.12/site-packages/airflow/example_dags/example_display_name.py took 0.061 seconds
[2024-05-24T00:40:40.814+0000] {processor.py:161} INFO - Started process (PID=3174) to work on /home/airflow/.local/lib/python3.12/site-packages/airflow/example_dags/example_display_name.py
[2024-05-24T00:40:40.814+0000] {processor.py:830} INFO - Processing file /home/airflow/.local/lib/python3.12/site-packages/airflow/example_dags/example_display_name.py for tasks to queue
[2024-05-24T00:40:40.814+0000] {logging_mixin.py:188} INFO - [2024-05-24T00:40:40.814+0000] {dagbag.py:545} INFO - Filling up the DagBag from /home/airflow/.local/lib/python3.12/site-packages/airflow/example_dags/example_display_name.py
[2024-05-24T00:40:40.816+0000] {processor.py:840} INFO - DAG(s) 'example_display_name' retrieved from /home/airflow/.local/lib/python3.12/site-packages/airflow/example_dags/example_display_name.py
[2024-05-24T00:40:40.824+0000] {logging_mixin.py:188} INFO - [2024-05-24T00:40:40.824+0000] {dag.py:3096} INFO - Sync 1 DAGs
[2024-05-24T00:40:40.830+0000] {logging_mixin.py:188} INFO - [2024-05-24T00:40:40.830+0000] {dag.py:3954} INFO - Setting next_dagrun for example_display_name to None, run_after=None
[2024-05-24T00:40:40.841+0000] {processor.py:183} INFO - Processing /home/airflow/.local/lib/python3.12/site-packages/airflow/example_dags/example_display_name.py took 0.031 seconds
