[2024-05-24T00:14:38.122+0000] {processor.py:161} INFO - Started process (PID=95) to work on /home/airflow/.local/lib/python3.12/site-packages/airflow/example_dags/example_latest_only_with_trigger.py
[2024-05-24T00:14:38.123+0000] {processor.py:830} INFO - Processing file /home/airflow/.local/lib/python3.12/site-packages/airflow/example_dags/example_latest_only_with_trigger.py for tasks to queue
[2024-05-24T00:14:38.123+0000] {logging_mixin.py:188} INFO - [2024-05-24T00:14:38.123+0000] {dagbag.py:545} INFO - Filling up the DagBag from /home/airflow/.local/lib/python3.12/site-packages/airflow/example_dags/example_latest_only_with_trigger.py
[2024-05-24T00:14:38.126+0000] {processor.py:840} INFO - DAG(s) 'latest_only_with_trigger' retrieved from /home/airflow/.local/lib/python3.12/site-packages/airflow/example_dags/example_latest_only_with_trigger.py
[2024-05-24T00:14:38.132+0000] {logging_mixin.py:188} INFO - [2024-05-24T00:14:38.132+0000] {dag.py:3096} INFO - Sync 1 DAGs
[2024-05-24T00:14:38.147+0000] {logging_mixin.py:188} INFO - [2024-05-24T00:14:38.147+0000] {dag.py:3954} INFO - Setting next_dagrun for latest_only_with_trigger to 2024-05-23 20:00:00+00:00, run_after=2024-05-24 00:00:00+00:00
[2024-05-24T00:14:38.157+0000] {processor.py:183} INFO - Processing /home/airflow/.local/lib/python3.12/site-packages/airflow/example_dags/example_latest_only_with_trigger.py took 0.038 seconds
[2024-05-24T00:15:09.357+0000] {processor.py:161} INFO - Started process (PID=154) to work on /home/airflow/.local/lib/python3.12/site-packages/airflow/example_dags/example_latest_only_with_trigger.py
[2024-05-24T00:15:09.358+0000] {processor.py:830} INFO - Processing file /home/airflow/.local/lib/python3.12/site-packages/airflow/example_dags/example_latest_only_with_trigger.py for tasks to queue
[2024-05-24T00:15:09.359+0000] {logging_mixin.py:188} INFO - [2024-05-24T00:15:09.359+0000] {dagbag.py:545} INFO - Filling up the DagBag from /home/airflow/.local/lib/python3.12/site-packages/airflow/example_dags/example_latest_only_with_trigger.py
[2024-05-24T00:15:09.362+0000] {processor.py:840} INFO - DAG(s) 'latest_only_with_trigger' retrieved from /home/airflow/.local/lib/python3.12/site-packages/airflow/example_dags/example_latest_only_with_trigger.py
[2024-05-24T00:15:09.404+0000] {logging_mixin.py:188} INFO - [2024-05-24T00:15:09.404+0000] {dag.py:3096} INFO - Sync 1 DAGs
[2024-05-24T00:15:09.412+0000] {logging_mixin.py:188} INFO - [2024-05-24T00:15:09.412+0000] {dag.py:3954} INFO - Setting next_dagrun for latest_only_with_trigger to 2024-05-23 20:00:00+00:00, run_after=2024-05-24 00:00:00+00:00
[2024-05-24T00:15:09.420+0000] {processor.py:183} INFO - Processing /home/airflow/.local/lib/python3.12/site-packages/airflow/example_dags/example_latest_only_with_trigger.py took 0.066 seconds
[2024-05-24T00:15:39.908+0000] {processor.py:161} INFO - Started process (PID=213) to work on /home/airflow/.local/lib/python3.12/site-packages/airflow/example_dags/example_latest_only_with_trigger.py
[2024-05-24T00:15:39.909+0000] {processor.py:830} INFO - Processing file /home/airflow/.local/lib/python3.12/site-packages/airflow/example_dags/example_latest_only_with_trigger.py for tasks to queue
[2024-05-24T00:15:39.910+0000] {logging_mixin.py:188} INFO - [2024-05-24T00:15:39.910+0000] {dagbag.py:545} INFO - Filling up the DagBag from /home/airflow/.local/lib/python3.12/site-packages/airflow/example_dags/example_latest_only_with_trigger.py
[2024-05-24T00:15:39.912+0000] {processor.py:840} INFO - DAG(s) 'latest_only_with_trigger' retrieved from /home/airflow/.local/lib/python3.12/site-packages/airflow/example_dags/example_latest_only_with_trigger.py
[2024-05-24T00:15:39.921+0000] {logging_mixin.py:188} INFO - [2024-05-24T00:15:39.921+0000] {dag.py:3096} INFO - Sync 1 DAGs
[2024-05-24T00:15:39.929+0000] {logging_mixin.py:188} INFO - [2024-05-24T00:15:39.929+0000] {dag.py:3954} INFO - Setting next_dagrun for latest_only_with_trigger to 2024-05-23 20:00:00+00:00, run_after=2024-05-24 00:00:00+00:00
[2024-05-24T00:15:39.936+0000] {processor.py:183} INFO - Processing /home/airflow/.local/lib/python3.12/site-packages/airflow/example_dags/example_latest_only_with_trigger.py took 0.031 seconds
[2024-05-24T00:16:10.412+0000] {processor.py:161} INFO - Started process (PID=272) to work on /home/airflow/.local/lib/python3.12/site-packages/airflow/example_dags/example_latest_only_with_trigger.py
[2024-05-24T00:16:10.412+0000] {processor.py:830} INFO - Processing file /home/airflow/.local/lib/python3.12/site-packages/airflow/example_dags/example_latest_only_with_trigger.py for tasks to queue
[2024-05-24T00:16:10.413+0000] {logging_mixin.py:188} INFO - [2024-05-24T00:16:10.413+0000] {dagbag.py:545} INFO - Filling up the DagBag from /home/airflow/.local/lib/python3.12/site-packages/airflow/example_dags/example_latest_only_with_trigger.py
[2024-05-24T00:16:10.415+0000] {processor.py:840} INFO - DAG(s) 'latest_only_with_trigger' retrieved from /home/airflow/.local/lib/python3.12/site-packages/airflow/example_dags/example_latest_only_with_trigger.py
[2024-05-24T00:16:10.427+0000] {logging_mixin.py:188} INFO - [2024-05-24T00:16:10.427+0000] {dag.py:3096} INFO - Sync 1 DAGs
[2024-05-24T00:16:10.439+0000] {logging_mixin.py:188} INFO - [2024-05-24T00:16:10.439+0000] {dag.py:3954} INFO - Setting next_dagrun for latest_only_with_trigger to 2024-05-23 20:00:00+00:00, run_after=2024-05-24 00:00:00+00:00
[2024-05-24T00:16:10.450+0000] {processor.py:183} INFO - Processing /home/airflow/.local/lib/python3.12/site-packages/airflow/example_dags/example_latest_only_with_trigger.py took 0.041 seconds
[2024-05-24T00:16:40.898+0000] {processor.py:161} INFO - Started process (PID=332) to work on /home/airflow/.local/lib/python3.12/site-packages/airflow/example_dags/example_latest_only_with_trigger.py
[2024-05-24T00:16:40.898+0000] {processor.py:830} INFO - Processing file /home/airflow/.local/lib/python3.12/site-packages/airflow/example_dags/example_latest_only_with_trigger.py for tasks to queue
[2024-05-24T00:16:40.899+0000] {logging_mixin.py:188} INFO - [2024-05-24T00:16:40.899+0000] {dagbag.py:545} INFO - Filling up the DagBag from /home/airflow/.local/lib/python3.12/site-packages/airflow/example_dags/example_latest_only_with_trigger.py
[2024-05-24T00:16:40.901+0000] {processor.py:840} INFO - DAG(s) 'latest_only_with_trigger' retrieved from /home/airflow/.local/lib/python3.12/site-packages/airflow/example_dags/example_latest_only_with_trigger.py
[2024-05-24T00:16:40.913+0000] {logging_mixin.py:188} INFO - [2024-05-24T00:16:40.913+0000] {dag.py:3096} INFO - Sync 1 DAGs
[2024-05-24T00:16:40.928+0000] {logging_mixin.py:188} INFO - [2024-05-24T00:16:40.928+0000] {dag.py:3954} INFO - Setting next_dagrun for latest_only_with_trigger to 2024-05-23 20:00:00+00:00, run_after=2024-05-24 00:00:00+00:00
[2024-05-24T00:16:40.939+0000] {processor.py:183} INFO - Processing /home/airflow/.local/lib/python3.12/site-packages/airflow/example_dags/example_latest_only_with_trigger.py took 0.043 seconds
[2024-05-24T00:17:11.268+0000] {processor.py:161} INFO - Started process (PID=391) to work on /home/airflow/.local/lib/python3.12/site-packages/airflow/example_dags/example_latest_only_with_trigger.py
[2024-05-24T00:17:11.268+0000] {processor.py:830} INFO - Processing file /home/airflow/.local/lib/python3.12/site-packages/airflow/example_dags/example_latest_only_with_trigger.py for tasks to queue
[2024-05-24T00:17:11.269+0000] {logging_mixin.py:188} INFO - [2024-05-24T00:17:11.269+0000] {dagbag.py:545} INFO - Filling up the DagBag from /home/airflow/.local/lib/python3.12/site-packages/airflow/example_dags/example_latest_only_with_trigger.py
[2024-05-24T00:17:11.271+0000] {processor.py:840} INFO - DAG(s) 'latest_only_with_trigger' retrieved from /home/airflow/.local/lib/python3.12/site-packages/airflow/example_dags/example_latest_only_with_trigger.py
[2024-05-24T00:17:11.284+0000] {logging_mixin.py:188} INFO - [2024-05-24T00:17:11.283+0000] {dag.py:3096} INFO - Sync 1 DAGs
[2024-05-24T00:17:11.298+0000] {logging_mixin.py:188} INFO - [2024-05-24T00:17:11.298+0000] {dag.py:3954} INFO - Setting next_dagrun for latest_only_with_trigger to 2024-05-23 20:00:00+00:00, run_after=2024-05-24 00:00:00+00:00
[2024-05-24T00:17:11.308+0000] {processor.py:183} INFO - Processing /home/airflow/.local/lib/python3.12/site-packages/airflow/example_dags/example_latest_only_with_trigger.py took 0.043 seconds
[2024-05-24T00:17:41.759+0000] {processor.py:161} INFO - Started process (PID=450) to work on /home/airflow/.local/lib/python3.12/site-packages/airflow/example_dags/example_latest_only_with_trigger.py
[2024-05-24T00:17:41.760+0000] {processor.py:830} INFO - Processing file /home/airflow/.local/lib/python3.12/site-packages/airflow/example_dags/example_latest_only_with_trigger.py for tasks to queue
[2024-05-24T00:17:41.761+0000] {logging_mixin.py:188} INFO - [2024-05-24T00:17:41.760+0000] {dagbag.py:545} INFO - Filling up the DagBag from /home/airflow/.local/lib/python3.12/site-packages/airflow/example_dags/example_latest_only_with_trigger.py
[2024-05-24T00:17:41.764+0000] {processor.py:840} INFO - DAG(s) 'latest_only_with_trigger' retrieved from /home/airflow/.local/lib/python3.12/site-packages/airflow/example_dags/example_latest_only_with_trigger.py
[2024-05-24T00:17:41.776+0000] {logging_mixin.py:188} INFO - [2024-05-24T00:17:41.776+0000] {dag.py:3096} INFO - Sync 1 DAGs
[2024-05-24T00:17:41.787+0000] {logging_mixin.py:188} INFO - [2024-05-24T00:17:41.787+0000] {dag.py:3954} INFO - Setting next_dagrun for latest_only_with_trigger to 2024-05-23 20:00:00+00:00, run_after=2024-05-24 00:00:00+00:00
[2024-05-24T00:17:41.798+0000] {processor.py:183} INFO - Processing /home/airflow/.local/lib/python3.12/site-packages/airflow/example_dags/example_latest_only_with_trigger.py took 0.042 seconds
[2024-05-24T00:18:12.528+0000] {processor.py:161} INFO - Started process (PID=510) to work on /home/airflow/.local/lib/python3.12/site-packages/airflow/example_dags/example_latest_only_with_trigger.py
[2024-05-24T00:18:12.528+0000] {processor.py:830} INFO - Processing file /home/airflow/.local/lib/python3.12/site-packages/airflow/example_dags/example_latest_only_with_trigger.py for tasks to queue
[2024-05-24T00:18:12.529+0000] {logging_mixin.py:188} INFO - [2024-05-24T00:18:12.529+0000] {dagbag.py:545} INFO - Filling up the DagBag from /home/airflow/.local/lib/python3.12/site-packages/airflow/example_dags/example_latest_only_with_trigger.py
[2024-05-24T00:18:12.532+0000] {processor.py:840} INFO - DAG(s) 'latest_only_with_trigger' retrieved from /home/airflow/.local/lib/python3.12/site-packages/airflow/example_dags/example_latest_only_with_trigger.py
[2024-05-24T00:18:12.540+0000] {logging_mixin.py:188} INFO - [2024-05-24T00:18:12.540+0000] {dag.py:3096} INFO - Sync 1 DAGs
[2024-05-24T00:18:12.549+0000] {logging_mixin.py:188} INFO - [2024-05-24T00:18:12.548+0000] {dag.py:3954} INFO - Setting next_dagrun for latest_only_with_trigger to 2024-05-23 20:00:00+00:00, run_after=2024-05-24 00:00:00+00:00
[2024-05-24T00:18:12.556+0000] {processor.py:183} INFO - Processing /home/airflow/.local/lib/python3.12/site-packages/airflow/example_dags/example_latest_only_with_trigger.py took 0.031 seconds
[2024-05-24T00:18:43.199+0000] {processor.py:161} INFO - Started process (PID=576) to work on /home/airflow/.local/lib/python3.12/site-packages/airflow/example_dags/example_latest_only_with_trigger.py
[2024-05-24T00:18:43.200+0000] {processor.py:830} INFO - Processing file /home/airflow/.local/lib/python3.12/site-packages/airflow/example_dags/example_latest_only_with_trigger.py for tasks to queue
[2024-05-24T00:18:43.201+0000] {logging_mixin.py:188} INFO - [2024-05-24T00:18:43.200+0000] {dagbag.py:545} INFO - Filling up the DagBag from /home/airflow/.local/lib/python3.12/site-packages/airflow/example_dags/example_latest_only_with_trigger.py
[2024-05-24T00:18:43.203+0000] {processor.py:840} INFO - DAG(s) 'latest_only_with_trigger' retrieved from /home/airflow/.local/lib/python3.12/site-packages/airflow/example_dags/example_latest_only_with_trigger.py
[2024-05-24T00:18:43.213+0000] {logging_mixin.py:188} INFO - [2024-05-24T00:18:43.213+0000] {dag.py:3096} INFO - Sync 1 DAGs
[2024-05-24T00:18:43.221+0000] {logging_mixin.py:188} INFO - [2024-05-24T00:18:43.221+0000] {dag.py:3954} INFO - Setting next_dagrun for latest_only_with_trigger to 2024-05-23 20:00:00+00:00, run_after=2024-05-24 00:00:00+00:00
[2024-05-24T00:18:43.228+0000] {processor.py:183} INFO - Processing /home/airflow/.local/lib/python3.12/site-packages/airflow/example_dags/example_latest_only_with_trigger.py took 0.032 seconds
[2024-05-24T00:19:13.951+0000] {processor.py:161} INFO - Started process (PID=636) to work on /home/airflow/.local/lib/python3.12/site-packages/airflow/example_dags/example_latest_only_with_trigger.py
[2024-05-24T00:19:13.951+0000] {processor.py:830} INFO - Processing file /home/airflow/.local/lib/python3.12/site-packages/airflow/example_dags/example_latest_only_with_trigger.py for tasks to queue
[2024-05-24T00:19:13.952+0000] {logging_mixin.py:188} INFO - [2024-05-24T00:19:13.952+0000] {dagbag.py:545} INFO - Filling up the DagBag from /home/airflow/.local/lib/python3.12/site-packages/airflow/example_dags/example_latest_only_with_trigger.py
[2024-05-24T00:19:13.954+0000] {processor.py:840} INFO - DAG(s) 'latest_only_with_trigger' retrieved from /home/airflow/.local/lib/python3.12/site-packages/airflow/example_dags/example_latest_only_with_trigger.py
[2024-05-24T00:19:13.967+0000] {logging_mixin.py:188} INFO - [2024-05-24T00:19:13.967+0000] {dag.py:3096} INFO - Sync 1 DAGs
[2024-05-24T00:19:13.979+0000] {logging_mixin.py:188} INFO - [2024-05-24T00:19:13.979+0000] {dag.py:3954} INFO - Setting next_dagrun for latest_only_with_trigger to 2024-05-23 20:00:00+00:00, run_after=2024-05-24 00:00:00+00:00
[2024-05-24T00:19:13.986+0000] {processor.py:183} INFO - Processing /home/airflow/.local/lib/python3.12/site-packages/airflow/example_dags/example_latest_only_with_trigger.py took 0.039 seconds
[2024-05-24T00:19:44.696+0000] {processor.py:161} INFO - Started process (PID=696) to work on /home/airflow/.local/lib/python3.12/site-packages/airflow/example_dags/example_latest_only_with_trigger.py
[2024-05-24T00:19:44.696+0000] {processor.py:830} INFO - Processing file /home/airflow/.local/lib/python3.12/site-packages/airflow/example_dags/example_latest_only_with_trigger.py for tasks to queue
[2024-05-24T00:19:44.697+0000] {logging_mixin.py:188} INFO - [2024-05-24T00:19:44.697+0000] {dagbag.py:545} INFO - Filling up the DagBag from /home/airflow/.local/lib/python3.12/site-packages/airflow/example_dags/example_latest_only_with_trigger.py
[2024-05-24T00:19:44.700+0000] {processor.py:840} INFO - DAG(s) 'latest_only_with_trigger' retrieved from /home/airflow/.local/lib/python3.12/site-packages/airflow/example_dags/example_latest_only_with_trigger.py
[2024-05-24T00:19:44.729+0000] {logging_mixin.py:188} INFO - [2024-05-24T00:19:44.729+0000] {dag.py:3096} INFO - Sync 1 DAGs
[2024-05-24T00:19:44.743+0000] {logging_mixin.py:188} INFO - [2024-05-24T00:19:44.743+0000] {dag.py:3954} INFO - Setting next_dagrun for latest_only_with_trigger to 2024-05-23 20:00:00+00:00, run_after=2024-05-24 00:00:00+00:00
[2024-05-24T00:19:44.754+0000] {processor.py:183} INFO - Processing /home/airflow/.local/lib/python3.12/site-packages/airflow/example_dags/example_latest_only_with_trigger.py took 0.062 seconds
[2024-05-24T00:20:15.331+0000] {processor.py:161} INFO - Started process (PID=755) to work on /home/airflow/.local/lib/python3.12/site-packages/airflow/example_dags/example_latest_only_with_trigger.py
[2024-05-24T00:20:15.331+0000] {processor.py:830} INFO - Processing file /home/airflow/.local/lib/python3.12/site-packages/airflow/example_dags/example_latest_only_with_trigger.py for tasks to queue
[2024-05-24T00:20:15.332+0000] {logging_mixin.py:188} INFO - [2024-05-24T00:20:15.332+0000] {dagbag.py:545} INFO - Filling up the DagBag from /home/airflow/.local/lib/python3.12/site-packages/airflow/example_dags/example_latest_only_with_trigger.py
[2024-05-24T00:20:15.336+0000] {processor.py:840} INFO - DAG(s) 'latest_only_with_trigger' retrieved from /home/airflow/.local/lib/python3.12/site-packages/airflow/example_dags/example_latest_only_with_trigger.py
[2024-05-24T00:20:15.349+0000] {logging_mixin.py:188} INFO - [2024-05-24T00:20:15.349+0000] {dag.py:3096} INFO - Sync 1 DAGs
[2024-05-24T00:20:15.361+0000] {logging_mixin.py:188} INFO - [2024-05-24T00:20:15.361+0000] {dag.py:3954} INFO - Setting next_dagrun for latest_only_with_trigger to 2024-05-23 20:00:00+00:00, run_after=2024-05-24 00:00:00+00:00
[2024-05-24T00:20:15.372+0000] {processor.py:183} INFO - Processing /home/airflow/.local/lib/python3.12/site-packages/airflow/example_dags/example_latest_only_with_trigger.py took 0.044 seconds
[2024-05-24T00:20:46.038+0000] {processor.py:161} INFO - Started process (PID=815) to work on /home/airflow/.local/lib/python3.12/site-packages/airflow/example_dags/example_latest_only_with_trigger.py
[2024-05-24T00:20:46.039+0000] {processor.py:830} INFO - Processing file /home/airflow/.local/lib/python3.12/site-packages/airflow/example_dags/example_latest_only_with_trigger.py for tasks to queue
[2024-05-24T00:20:46.039+0000] {logging_mixin.py:188} INFO - [2024-05-24T00:20:46.039+0000] {dagbag.py:545} INFO - Filling up the DagBag from /home/airflow/.local/lib/python3.12/site-packages/airflow/example_dags/example_latest_only_with_trigger.py
[2024-05-24T00:20:46.041+0000] {processor.py:840} INFO - DAG(s) 'latest_only_with_trigger' retrieved from /home/airflow/.local/lib/python3.12/site-packages/airflow/example_dags/example_latest_only_with_trigger.py
[2024-05-24T00:20:46.051+0000] {logging_mixin.py:188} INFO - [2024-05-24T00:20:46.050+0000] {dag.py:3096} INFO - Sync 1 DAGs
[2024-05-24T00:20:46.059+0000] {logging_mixin.py:188} INFO - [2024-05-24T00:20:46.059+0000] {dag.py:3954} INFO - Setting next_dagrun for latest_only_with_trigger to 2024-05-23 20:00:00+00:00, run_after=2024-05-24 00:00:00+00:00
[2024-05-24T00:20:46.067+0000] {processor.py:183} INFO - Processing /home/airflow/.local/lib/python3.12/site-packages/airflow/example_dags/example_latest_only_with_trigger.py took 0.031 seconds
[2024-05-24T00:21:16.685+0000] {processor.py:161} INFO - Started process (PID=892) to work on /home/airflow/.local/lib/python3.12/site-packages/airflow/example_dags/example_latest_only_with_trigger.py
[2024-05-24T00:21:16.685+0000] {processor.py:830} INFO - Processing file /home/airflow/.local/lib/python3.12/site-packages/airflow/example_dags/example_latest_only_with_trigger.py for tasks to queue
[2024-05-24T00:21:16.686+0000] {logging_mixin.py:188} INFO - [2024-05-24T00:21:16.686+0000] {dagbag.py:545} INFO - Filling up the DagBag from /home/airflow/.local/lib/python3.12/site-packages/airflow/example_dags/example_latest_only_with_trigger.py
[2024-05-24T00:21:16.688+0000] {processor.py:840} INFO - DAG(s) 'latest_only_with_trigger' retrieved from /home/airflow/.local/lib/python3.12/site-packages/airflow/example_dags/example_latest_only_with_trigger.py
[2024-05-24T00:21:16.697+0000] {logging_mixin.py:188} INFO - [2024-05-24T00:21:16.697+0000] {dag.py:3096} INFO - Sync 1 DAGs
[2024-05-24T00:21:16.706+0000] {logging_mixin.py:188} INFO - [2024-05-24T00:21:16.705+0000] {dag.py:3954} INFO - Setting next_dagrun for latest_only_with_trigger to 2024-05-23 20:00:00+00:00, run_after=2024-05-24 00:00:00+00:00
[2024-05-24T00:21:16.713+0000] {processor.py:183} INFO - Processing /home/airflow/.local/lib/python3.12/site-packages/airflow/example_dags/example_latest_only_with_trigger.py took 0.030 seconds
[2024-05-24T00:21:47.412+0000] {processor.py:161} INFO - Started process (PID=970) to work on /home/airflow/.local/lib/python3.12/site-packages/airflow/example_dags/example_latest_only_with_trigger.py
[2024-05-24T00:21:47.413+0000] {processor.py:830} INFO - Processing file /home/airflow/.local/lib/python3.12/site-packages/airflow/example_dags/example_latest_only_with_trigger.py for tasks to queue
[2024-05-24T00:21:47.413+0000] {logging_mixin.py:188} INFO - [2024-05-24T00:21:47.413+0000] {dagbag.py:545} INFO - Filling up the DagBag from /home/airflow/.local/lib/python3.12/site-packages/airflow/example_dags/example_latest_only_with_trigger.py
[2024-05-24T00:21:47.415+0000] {processor.py:840} INFO - DAG(s) 'latest_only_with_trigger' retrieved from /home/airflow/.local/lib/python3.12/site-packages/airflow/example_dags/example_latest_only_with_trigger.py
[2024-05-24T00:21:47.429+0000] {logging_mixin.py:188} INFO - [2024-05-24T00:21:47.429+0000] {dag.py:3096} INFO - Sync 1 DAGs
[2024-05-24T00:21:47.442+0000] {logging_mixin.py:188} INFO - [2024-05-24T00:21:47.441+0000] {dag.py:3954} INFO - Setting next_dagrun for latest_only_with_trigger to 2024-05-23 20:00:00+00:00, run_after=2024-05-24 00:00:00+00:00
[2024-05-24T00:21:47.449+0000] {processor.py:183} INFO - Processing /home/airflow/.local/lib/python3.12/site-packages/airflow/example_dags/example_latest_only_with_trigger.py took 0.040 seconds
[2024-05-24T00:22:18.213+0000] {processor.py:161} INFO - Started process (PID=1030) to work on /home/airflow/.local/lib/python3.12/site-packages/airflow/example_dags/example_latest_only_with_trigger.py
[2024-05-24T00:22:18.213+0000] {processor.py:830} INFO - Processing file /home/airflow/.local/lib/python3.12/site-packages/airflow/example_dags/example_latest_only_with_trigger.py for tasks to queue
[2024-05-24T00:22:18.214+0000] {logging_mixin.py:188} INFO - [2024-05-24T00:22:18.214+0000] {dagbag.py:545} INFO - Filling up the DagBag from /home/airflow/.local/lib/python3.12/site-packages/airflow/example_dags/example_latest_only_with_trigger.py
[2024-05-24T00:22:18.216+0000] {processor.py:840} INFO - DAG(s) 'latest_only_with_trigger' retrieved from /home/airflow/.local/lib/python3.12/site-packages/airflow/example_dags/example_latest_only_with_trigger.py
[2024-05-24T00:22:18.236+0000] {logging_mixin.py:188} INFO - [2024-05-24T00:22:18.236+0000] {dag.py:3096} INFO - Sync 1 DAGs
[2024-05-24T00:22:18.259+0000] {logging_mixin.py:188} INFO - [2024-05-24T00:22:18.259+0000] {dag.py:3954} INFO - Setting next_dagrun for latest_only_with_trigger to 2024-05-23 20:00:00+00:00, run_after=2024-05-24 00:00:00+00:00
[2024-05-24T00:22:18.266+0000] {processor.py:183} INFO - Processing /home/airflow/.local/lib/python3.12/site-packages/airflow/example_dags/example_latest_only_with_trigger.py took 0.055 seconds
[2024-05-24T00:22:49.278+0000] {processor.py:161} INFO - Started process (PID=1108) to work on /home/airflow/.local/lib/python3.12/site-packages/airflow/example_dags/example_latest_only_with_trigger.py
[2024-05-24T00:22:49.278+0000] {processor.py:830} INFO - Processing file /home/airflow/.local/lib/python3.12/site-packages/airflow/example_dags/example_latest_only_with_trigger.py for tasks to queue
[2024-05-24T00:22:49.279+0000] {logging_mixin.py:188} INFO - [2024-05-24T00:22:49.279+0000] {dagbag.py:545} INFO - Filling up the DagBag from /home/airflow/.local/lib/python3.12/site-packages/airflow/example_dags/example_latest_only_with_trigger.py
[2024-05-24T00:22:49.282+0000] {processor.py:840} INFO - DAG(s) 'latest_only_with_trigger' retrieved from /home/airflow/.local/lib/python3.12/site-packages/airflow/example_dags/example_latest_only_with_trigger.py
[2024-05-24T00:22:49.294+0000] {logging_mixin.py:188} INFO - [2024-05-24T00:22:49.294+0000] {dag.py:3096} INFO - Sync 1 DAGs
[2024-05-24T00:22:49.308+0000] {logging_mixin.py:188} INFO - [2024-05-24T00:22:49.308+0000] {dag.py:3954} INFO - Setting next_dagrun for latest_only_with_trigger to 2024-05-23 20:00:00+00:00, run_after=2024-05-24 00:00:00+00:00
[2024-05-24T00:22:49.318+0000] {processor.py:183} INFO - Processing /home/airflow/.local/lib/python3.12/site-packages/airflow/example_dags/example_latest_only_with_trigger.py took 0.044 seconds
[2024-05-24T00:23:20.154+0000] {processor.py:161} INFO - Started process (PID=1168) to work on /home/airflow/.local/lib/python3.12/site-packages/airflow/example_dags/example_latest_only_with_trigger.py
[2024-05-24T00:23:20.154+0000] {processor.py:830} INFO - Processing file /home/airflow/.local/lib/python3.12/site-packages/airflow/example_dags/example_latest_only_with_trigger.py for tasks to queue
[2024-05-24T00:23:20.155+0000] {logging_mixin.py:188} INFO - [2024-05-24T00:23:20.155+0000] {dagbag.py:545} INFO - Filling up the DagBag from /home/airflow/.local/lib/python3.12/site-packages/airflow/example_dags/example_latest_only_with_trigger.py
[2024-05-24T00:23:20.158+0000] {processor.py:840} INFO - DAG(s) 'latest_only_with_trigger' retrieved from /home/airflow/.local/lib/python3.12/site-packages/airflow/example_dags/example_latest_only_with_trigger.py
[2024-05-24T00:23:20.180+0000] {logging_mixin.py:188} INFO - [2024-05-24T00:23:20.180+0000] {dag.py:3096} INFO - Sync 1 DAGs
[2024-05-24T00:23:20.198+0000] {logging_mixin.py:188} INFO - [2024-05-24T00:23:20.198+0000] {dag.py:3954} INFO - Setting next_dagrun for latest_only_with_trigger to 2024-05-23 20:00:00+00:00, run_after=2024-05-24 00:00:00+00:00
[2024-05-24T00:23:20.212+0000] {processor.py:183} INFO - Processing /home/airflow/.local/lib/python3.12/site-packages/airflow/example_dags/example_latest_only_with_trigger.py took 0.060 seconds
[2024-05-24T00:23:50.776+0000] {processor.py:161} INFO - Started process (PID=1228) to work on /home/airflow/.local/lib/python3.12/site-packages/airflow/example_dags/example_latest_only_with_trigger.py
[2024-05-24T00:23:50.776+0000] {processor.py:830} INFO - Processing file /home/airflow/.local/lib/python3.12/site-packages/airflow/example_dags/example_latest_only_with_trigger.py for tasks to queue
[2024-05-24T00:23:50.777+0000] {logging_mixin.py:188} INFO - [2024-05-24T00:23:50.777+0000] {dagbag.py:545} INFO - Filling up the DagBag from /home/airflow/.local/lib/python3.12/site-packages/airflow/example_dags/example_latest_only_with_trigger.py
[2024-05-24T00:23:50.779+0000] {processor.py:840} INFO - DAG(s) 'latest_only_with_trigger' retrieved from /home/airflow/.local/lib/python3.12/site-packages/airflow/example_dags/example_latest_only_with_trigger.py
[2024-05-24T00:23:50.787+0000] {logging_mixin.py:188} INFO - [2024-05-24T00:23:50.787+0000] {dag.py:3096} INFO - Sync 1 DAGs
[2024-05-24T00:23:50.796+0000] {logging_mixin.py:188} INFO - [2024-05-24T00:23:50.796+0000] {dag.py:3954} INFO - Setting next_dagrun for latest_only_with_trigger to 2024-05-23 20:00:00+00:00, run_after=2024-05-24 00:00:00+00:00
[2024-05-24T00:23:50.803+0000] {processor.py:183} INFO - Processing /home/airflow/.local/lib/python3.12/site-packages/airflow/example_dags/example_latest_only_with_trigger.py took 0.030 seconds
[2024-05-24T00:24:21.569+0000] {processor.py:161} INFO - Started process (PID=1288) to work on /home/airflow/.local/lib/python3.12/site-packages/airflow/example_dags/example_latest_only_with_trigger.py
[2024-05-24T00:24:21.569+0000] {processor.py:830} INFO - Processing file /home/airflow/.local/lib/python3.12/site-packages/airflow/example_dags/example_latest_only_with_trigger.py for tasks to queue
[2024-05-24T00:24:21.570+0000] {logging_mixin.py:188} INFO - [2024-05-24T00:24:21.570+0000] {dagbag.py:545} INFO - Filling up the DagBag from /home/airflow/.local/lib/python3.12/site-packages/airflow/example_dags/example_latest_only_with_trigger.py
[2024-05-24T00:24:21.572+0000] {processor.py:840} INFO - DAG(s) 'latest_only_with_trigger' retrieved from /home/airflow/.local/lib/python3.12/site-packages/airflow/example_dags/example_latest_only_with_trigger.py
[2024-05-24T00:24:21.581+0000] {logging_mixin.py:188} INFO - [2024-05-24T00:24:21.581+0000] {dag.py:3096} INFO - Sync 1 DAGs
[2024-05-24T00:24:21.589+0000] {logging_mixin.py:188} INFO - [2024-05-24T00:24:21.589+0000] {dag.py:3954} INFO - Setting next_dagrun for latest_only_with_trigger to 2024-05-23 20:00:00+00:00, run_after=2024-05-24 00:00:00+00:00
[2024-05-24T00:24:21.597+0000] {processor.py:183} INFO - Processing /home/airflow/.local/lib/python3.12/site-packages/airflow/example_dags/example_latest_only_with_trigger.py took 0.030 seconds
[2024-05-24T00:24:52.377+0000] {processor.py:161} INFO - Started process (PID=1348) to work on /home/airflow/.local/lib/python3.12/site-packages/airflow/example_dags/example_latest_only_with_trigger.py
[2024-05-24T00:24:52.377+0000] {processor.py:830} INFO - Processing file /home/airflow/.local/lib/python3.12/site-packages/airflow/example_dags/example_latest_only_with_trigger.py for tasks to queue
[2024-05-24T00:24:52.378+0000] {logging_mixin.py:188} INFO - [2024-05-24T00:24:52.378+0000] {dagbag.py:545} INFO - Filling up the DagBag from /home/airflow/.local/lib/python3.12/site-packages/airflow/example_dags/example_latest_only_with_trigger.py
[2024-05-24T00:24:52.380+0000] {processor.py:840} INFO - DAG(s) 'latest_only_with_trigger' retrieved from /home/airflow/.local/lib/python3.12/site-packages/airflow/example_dags/example_latest_only_with_trigger.py
[2024-05-24T00:24:52.392+0000] {logging_mixin.py:188} INFO - [2024-05-24T00:24:52.392+0000] {dag.py:3096} INFO - Sync 1 DAGs
[2024-05-24T00:24:52.402+0000] {logging_mixin.py:188} INFO - [2024-05-24T00:24:52.402+0000] {dag.py:3954} INFO - Setting next_dagrun for latest_only_with_trigger to 2024-05-23 20:00:00+00:00, run_after=2024-05-24 00:00:00+00:00
[2024-05-24T00:24:52.410+0000] {processor.py:183} INFO - Processing /home/airflow/.local/lib/python3.12/site-packages/airflow/example_dags/example_latest_only_with_trigger.py took 0.036 seconds
[2024-05-24T00:25:23.059+0000] {processor.py:161} INFO - Started process (PID=1408) to work on /home/airflow/.local/lib/python3.12/site-packages/airflow/example_dags/example_latest_only_with_trigger.py
[2024-05-24T00:25:23.059+0000] {processor.py:830} INFO - Processing file /home/airflow/.local/lib/python3.12/site-packages/airflow/example_dags/example_latest_only_with_trigger.py for tasks to queue
[2024-05-24T00:25:23.060+0000] {logging_mixin.py:188} INFO - [2024-05-24T00:25:23.060+0000] {dagbag.py:545} INFO - Filling up the DagBag from /home/airflow/.local/lib/python3.12/site-packages/airflow/example_dags/example_latest_only_with_trigger.py
[2024-05-24T00:25:23.063+0000] {processor.py:840} INFO - DAG(s) 'latest_only_with_trigger' retrieved from /home/airflow/.local/lib/python3.12/site-packages/airflow/example_dags/example_latest_only_with_trigger.py
[2024-05-24T00:25:23.076+0000] {logging_mixin.py:188} INFO - [2024-05-24T00:25:23.076+0000] {dag.py:3096} INFO - Sync 1 DAGs
[2024-05-24T00:25:23.086+0000] {logging_mixin.py:188} INFO - [2024-05-24T00:25:23.086+0000] {dag.py:3954} INFO - Setting next_dagrun for latest_only_with_trigger to 2024-05-23 20:00:00+00:00, run_after=2024-05-24 00:00:00+00:00
[2024-05-24T00:25:23.095+0000] {processor.py:183} INFO - Processing /home/airflow/.local/lib/python3.12/site-packages/airflow/example_dags/example_latest_only_with_trigger.py took 0.040 seconds
[2024-05-24T00:25:53.690+0000] {processor.py:161} INFO - Started process (PID=1468) to work on /home/airflow/.local/lib/python3.12/site-packages/airflow/example_dags/example_latest_only_with_trigger.py
[2024-05-24T00:25:53.691+0000] {processor.py:830} INFO - Processing file /home/airflow/.local/lib/python3.12/site-packages/airflow/example_dags/example_latest_only_with_trigger.py for tasks to queue
[2024-05-24T00:25:53.691+0000] {logging_mixin.py:188} INFO - [2024-05-24T00:25:53.691+0000] {dagbag.py:545} INFO - Filling up the DagBag from /home/airflow/.local/lib/python3.12/site-packages/airflow/example_dags/example_latest_only_with_trigger.py
[2024-05-24T00:25:53.694+0000] {processor.py:840} INFO - DAG(s) 'latest_only_with_trigger' retrieved from /home/airflow/.local/lib/python3.12/site-packages/airflow/example_dags/example_latest_only_with_trigger.py
[2024-05-24T00:25:53.701+0000] {logging_mixin.py:188} INFO - [2024-05-24T00:25:53.701+0000] {dag.py:3096} INFO - Sync 1 DAGs
[2024-05-24T00:25:53.709+0000] {logging_mixin.py:188} INFO - [2024-05-24T00:25:53.709+0000] {dag.py:3954} INFO - Setting next_dagrun for latest_only_with_trigger to 2024-05-23 20:00:00+00:00, run_after=2024-05-24 00:00:00+00:00
[2024-05-24T00:25:53.716+0000] {processor.py:183} INFO - Processing /home/airflow/.local/lib/python3.12/site-packages/airflow/example_dags/example_latest_only_with_trigger.py took 0.029 seconds
[2024-05-24T00:26:24.403+0000] {processor.py:161} INFO - Started process (PID=1528) to work on /home/airflow/.local/lib/python3.12/site-packages/airflow/example_dags/example_latest_only_with_trigger.py
[2024-05-24T00:26:24.403+0000] {processor.py:830} INFO - Processing file /home/airflow/.local/lib/python3.12/site-packages/airflow/example_dags/example_latest_only_with_trigger.py for tasks to queue
[2024-05-24T00:26:24.404+0000] {logging_mixin.py:188} INFO - [2024-05-24T00:26:24.404+0000] {dagbag.py:545} INFO - Filling up the DagBag from /home/airflow/.local/lib/python3.12/site-packages/airflow/example_dags/example_latest_only_with_trigger.py
[2024-05-24T00:26:24.407+0000] {processor.py:840} INFO - DAG(s) 'latest_only_with_trigger' retrieved from /home/airflow/.local/lib/python3.12/site-packages/airflow/example_dags/example_latest_only_with_trigger.py
[2024-05-24T00:26:24.418+0000] {logging_mixin.py:188} INFO - [2024-05-24T00:26:24.418+0000] {dag.py:3096} INFO - Sync 1 DAGs
[2024-05-24T00:26:24.426+0000] {logging_mixin.py:188} INFO - [2024-05-24T00:26:24.426+0000] {dag.py:3954} INFO - Setting next_dagrun for latest_only_with_trigger to 2024-05-23 20:00:00+00:00, run_after=2024-05-24 00:00:00+00:00
[2024-05-24T00:26:24.433+0000] {processor.py:183} INFO - Processing /home/airflow/.local/lib/python3.12/site-packages/airflow/example_dags/example_latest_only_with_trigger.py took 0.034 seconds
[2024-05-24T00:26:55.166+0000] {processor.py:161} INFO - Started process (PID=1589) to work on /home/airflow/.local/lib/python3.12/site-packages/airflow/example_dags/example_latest_only_with_trigger.py
[2024-05-24T00:26:55.166+0000] {processor.py:830} INFO - Processing file /home/airflow/.local/lib/python3.12/site-packages/airflow/example_dags/example_latest_only_with_trigger.py for tasks to queue
[2024-05-24T00:26:55.167+0000] {logging_mixin.py:188} INFO - [2024-05-24T00:26:55.167+0000] {dagbag.py:545} INFO - Filling up the DagBag from /home/airflow/.local/lib/python3.12/site-packages/airflow/example_dags/example_latest_only_with_trigger.py
[2024-05-24T00:26:55.171+0000] {processor.py:840} INFO - DAG(s) 'latest_only_with_trigger' retrieved from /home/airflow/.local/lib/python3.12/site-packages/airflow/example_dags/example_latest_only_with_trigger.py
[2024-05-24T00:26:55.186+0000] {logging_mixin.py:188} INFO - [2024-05-24T00:26:55.185+0000] {dag.py:3096} INFO - Sync 1 DAGs
[2024-05-24T00:26:55.199+0000] {logging_mixin.py:188} INFO - [2024-05-24T00:26:55.199+0000] {dag.py:3954} INFO - Setting next_dagrun for latest_only_with_trigger to 2024-05-23 20:00:00+00:00, run_after=2024-05-24 00:00:00+00:00
[2024-05-24T00:26:55.209+0000] {processor.py:183} INFO - Processing /home/airflow/.local/lib/python3.12/site-packages/airflow/example_dags/example_latest_only_with_trigger.py took 0.047 seconds
[2024-05-24T00:27:25.881+0000] {processor.py:161} INFO - Started process (PID=1649) to work on /home/airflow/.local/lib/python3.12/site-packages/airflow/example_dags/example_latest_only_with_trigger.py
[2024-05-24T00:27:25.881+0000] {processor.py:830} INFO - Processing file /home/airflow/.local/lib/python3.12/site-packages/airflow/example_dags/example_latest_only_with_trigger.py for tasks to queue
[2024-05-24T00:27:25.882+0000] {logging_mixin.py:188} INFO - [2024-05-24T00:27:25.882+0000] {dagbag.py:545} INFO - Filling up the DagBag from /home/airflow/.local/lib/python3.12/site-packages/airflow/example_dags/example_latest_only_with_trigger.py
[2024-05-24T00:27:25.884+0000] {processor.py:840} INFO - DAG(s) 'latest_only_with_trigger' retrieved from /home/airflow/.local/lib/python3.12/site-packages/airflow/example_dags/example_latest_only_with_trigger.py
[2024-05-24T00:27:25.892+0000] {logging_mixin.py:188} INFO - [2024-05-24T00:27:25.892+0000] {dag.py:3096} INFO - Sync 1 DAGs
[2024-05-24T00:27:25.900+0000] {logging_mixin.py:188} INFO - [2024-05-24T00:27:25.900+0000] {dag.py:3954} INFO - Setting next_dagrun for latest_only_with_trigger to 2024-05-23 20:00:00+00:00, run_after=2024-05-24 00:00:00+00:00
[2024-05-24T00:27:25.907+0000] {processor.py:183} INFO - Processing /home/airflow/.local/lib/python3.12/site-packages/airflow/example_dags/example_latest_only_with_trigger.py took 0.028 seconds
[2024-05-24T00:27:56.729+0000] {processor.py:161} INFO - Started process (PID=1709) to work on /home/airflow/.local/lib/python3.12/site-packages/airflow/example_dags/example_latest_only_with_trigger.py
[2024-05-24T00:27:56.730+0000] {processor.py:830} INFO - Processing file /home/airflow/.local/lib/python3.12/site-packages/airflow/example_dags/example_latest_only_with_trigger.py for tasks to queue
[2024-05-24T00:27:56.731+0000] {logging_mixin.py:188} INFO - [2024-05-24T00:27:56.731+0000] {dagbag.py:545} INFO - Filling up the DagBag from /home/airflow/.local/lib/python3.12/site-packages/airflow/example_dags/example_latest_only_with_trigger.py
[2024-05-24T00:27:56.734+0000] {processor.py:840} INFO - DAG(s) 'latest_only_with_trigger' retrieved from /home/airflow/.local/lib/python3.12/site-packages/airflow/example_dags/example_latest_only_with_trigger.py
[2024-05-24T00:27:56.745+0000] {logging_mixin.py:188} INFO - [2024-05-24T00:27:56.745+0000] {dag.py:3096} INFO - Sync 1 DAGs
[2024-05-24T00:27:56.759+0000] {logging_mixin.py:188} INFO - [2024-05-24T00:27:56.758+0000] {dag.py:3954} INFO - Setting next_dagrun for latest_only_with_trigger to 2024-05-23 20:00:00+00:00, run_after=2024-05-24 00:00:00+00:00
[2024-05-24T00:27:56.769+0000] {processor.py:183} INFO - Processing /home/airflow/.local/lib/python3.12/site-packages/airflow/example_dags/example_latest_only_with_trigger.py took 0.043 seconds
[2024-05-24T00:28:27.543+0000] {processor.py:161} INFO - Started process (PID=1769) to work on /home/airflow/.local/lib/python3.12/site-packages/airflow/example_dags/example_latest_only_with_trigger.py
[2024-05-24T00:28:27.543+0000] {processor.py:830} INFO - Processing file /home/airflow/.local/lib/python3.12/site-packages/airflow/example_dags/example_latest_only_with_trigger.py for tasks to queue
[2024-05-24T00:28:27.544+0000] {logging_mixin.py:188} INFO - [2024-05-24T00:28:27.544+0000] {dagbag.py:545} INFO - Filling up the DagBag from /home/airflow/.local/lib/python3.12/site-packages/airflow/example_dags/example_latest_only_with_trigger.py
[2024-05-24T00:28:27.547+0000] {processor.py:840} INFO - DAG(s) 'latest_only_with_trigger' retrieved from /home/airflow/.local/lib/python3.12/site-packages/airflow/example_dags/example_latest_only_with_trigger.py
[2024-05-24T00:28:27.564+0000] {logging_mixin.py:188} INFO - [2024-05-24T00:28:27.564+0000] {dag.py:3096} INFO - Sync 1 DAGs
[2024-05-24T00:28:27.576+0000] {logging_mixin.py:188} INFO - [2024-05-24T00:28:27.576+0000] {dag.py:3954} INFO - Setting next_dagrun for latest_only_with_trigger to 2024-05-23 20:00:00+00:00, run_after=2024-05-24 00:00:00+00:00
[2024-05-24T00:28:27.583+0000] {processor.py:183} INFO - Processing /home/airflow/.local/lib/python3.12/site-packages/airflow/example_dags/example_latest_only_with_trigger.py took 0.043 seconds
[2024-05-24T00:28:58.381+0000] {processor.py:161} INFO - Started process (PID=1829) to work on /home/airflow/.local/lib/python3.12/site-packages/airflow/example_dags/example_latest_only_with_trigger.py
[2024-05-24T00:28:58.381+0000] {processor.py:830} INFO - Processing file /home/airflow/.local/lib/python3.12/site-packages/airflow/example_dags/example_latest_only_with_trigger.py for tasks to queue
[2024-05-24T00:28:58.382+0000] {logging_mixin.py:188} INFO - [2024-05-24T00:28:58.382+0000] {dagbag.py:545} INFO - Filling up the DagBag from /home/airflow/.local/lib/python3.12/site-packages/airflow/example_dags/example_latest_only_with_trigger.py
[2024-05-24T00:28:58.384+0000] {processor.py:840} INFO - DAG(s) 'latest_only_with_trigger' retrieved from /home/airflow/.local/lib/python3.12/site-packages/airflow/example_dags/example_latest_only_with_trigger.py
[2024-05-24T00:28:58.396+0000] {logging_mixin.py:188} INFO - [2024-05-24T00:28:58.396+0000] {dag.py:3096} INFO - Sync 1 DAGs
[2024-05-24T00:28:58.410+0000] {logging_mixin.py:188} INFO - [2024-05-24T00:28:58.410+0000] {dag.py:3954} INFO - Setting next_dagrun for latest_only_with_trigger to 2024-05-23 20:00:00+00:00, run_after=2024-05-24 00:00:00+00:00
[2024-05-24T00:28:58.423+0000] {processor.py:183} INFO - Processing /home/airflow/.local/lib/python3.12/site-packages/airflow/example_dags/example_latest_only_with_trigger.py took 0.046 seconds
[2024-05-24T00:29:29.322+0000] {processor.py:161} INFO - Started process (PID=1889) to work on /home/airflow/.local/lib/python3.12/site-packages/airflow/example_dags/example_latest_only_with_trigger.py
[2024-05-24T00:29:29.322+0000] {processor.py:830} INFO - Processing file /home/airflow/.local/lib/python3.12/site-packages/airflow/example_dags/example_latest_only_with_trigger.py for tasks to queue
[2024-05-24T00:29:29.323+0000] {logging_mixin.py:188} INFO - [2024-05-24T00:29:29.323+0000] {dagbag.py:545} INFO - Filling up the DagBag from /home/airflow/.local/lib/python3.12/site-packages/airflow/example_dags/example_latest_only_with_trigger.py
[2024-05-24T00:29:29.325+0000] {processor.py:840} INFO - DAG(s) 'latest_only_with_trigger' retrieved from /home/airflow/.local/lib/python3.12/site-packages/airflow/example_dags/example_latest_only_with_trigger.py
[2024-05-24T00:29:29.338+0000] {logging_mixin.py:188} INFO - [2024-05-24T00:29:29.338+0000] {dag.py:3096} INFO - Sync 1 DAGs
[2024-05-24T00:29:29.352+0000] {logging_mixin.py:188} INFO - [2024-05-24T00:29:29.351+0000] {dag.py:3954} INFO - Setting next_dagrun for latest_only_with_trigger to 2024-05-23 20:00:00+00:00, run_after=2024-05-24 00:00:00+00:00
[2024-05-24T00:29:29.361+0000] {processor.py:183} INFO - Processing /home/airflow/.local/lib/python3.12/site-packages/airflow/example_dags/example_latest_only_with_trigger.py took 0.042 seconds
[2024-05-24T00:29:59.437+0000] {processor.py:161} INFO - Started process (PID=1949) to work on /home/airflow/.local/lib/python3.12/site-packages/airflow/example_dags/example_latest_only_with_trigger.py
[2024-05-24T00:29:59.438+0000] {processor.py:830} INFO - Processing file /home/airflow/.local/lib/python3.12/site-packages/airflow/example_dags/example_latest_only_with_trigger.py for tasks to queue
[2024-05-24T00:29:59.438+0000] {logging_mixin.py:188} INFO - [2024-05-24T00:29:59.438+0000] {dagbag.py:545} INFO - Filling up the DagBag from /home/airflow/.local/lib/python3.12/site-packages/airflow/example_dags/example_latest_only_with_trigger.py
[2024-05-24T00:29:59.440+0000] {processor.py:840} INFO - DAG(s) 'latest_only_with_trigger' retrieved from /home/airflow/.local/lib/python3.12/site-packages/airflow/example_dags/example_latest_only_with_trigger.py
[2024-05-24T00:29:59.449+0000] {logging_mixin.py:188} INFO - [2024-05-24T00:29:59.449+0000] {dag.py:3096} INFO - Sync 1 DAGs
[2024-05-24T00:29:59.457+0000] {logging_mixin.py:188} INFO - [2024-05-24T00:29:59.457+0000] {dag.py:3954} INFO - Setting next_dagrun for latest_only_with_trigger to 2024-05-23 20:00:00+00:00, run_after=2024-05-24 00:00:00+00:00
[2024-05-24T00:29:59.464+0000] {processor.py:183} INFO - Processing /home/airflow/.local/lib/python3.12/site-packages/airflow/example_dags/example_latest_only_with_trigger.py took 0.030 seconds
[2024-05-24T00:30:30.366+0000] {processor.py:161} INFO - Started process (PID=2009) to work on /home/airflow/.local/lib/python3.12/site-packages/airflow/example_dags/example_latest_only_with_trigger.py
[2024-05-24T00:30:30.366+0000] {processor.py:830} INFO - Processing file /home/airflow/.local/lib/python3.12/site-packages/airflow/example_dags/example_latest_only_with_trigger.py for tasks to queue
[2024-05-24T00:30:30.367+0000] {logging_mixin.py:188} INFO - [2024-05-24T00:30:30.367+0000] {dagbag.py:545} INFO - Filling up the DagBag from /home/airflow/.local/lib/python3.12/site-packages/airflow/example_dags/example_latest_only_with_trigger.py
[2024-05-24T00:30:30.369+0000] {processor.py:840} INFO - DAG(s) 'latest_only_with_trigger' retrieved from /home/airflow/.local/lib/python3.12/site-packages/airflow/example_dags/example_latest_only_with_trigger.py
[2024-05-24T00:30:30.378+0000] {logging_mixin.py:188} INFO - [2024-05-24T00:30:30.378+0000] {dag.py:3096} INFO - Sync 1 DAGs
[2024-05-24T00:30:30.388+0000] {logging_mixin.py:188} INFO - [2024-05-24T00:30:30.388+0000] {dag.py:3954} INFO - Setting next_dagrun for latest_only_with_trigger to 2024-05-23 20:00:00+00:00, run_after=2024-05-24 00:00:00+00:00
[2024-05-24T00:30:30.395+0000] {processor.py:183} INFO - Processing /home/airflow/.local/lib/python3.12/site-packages/airflow/example_dags/example_latest_only_with_trigger.py took 0.033 seconds
[2024-05-24T00:31:01.125+0000] {processor.py:161} INFO - Started process (PID=2069) to work on /home/airflow/.local/lib/python3.12/site-packages/airflow/example_dags/example_latest_only_with_trigger.py
[2024-05-24T00:31:01.125+0000] {processor.py:830} INFO - Processing file /home/airflow/.local/lib/python3.12/site-packages/airflow/example_dags/example_latest_only_with_trigger.py for tasks to queue
[2024-05-24T00:31:01.126+0000] {logging_mixin.py:188} INFO - [2024-05-24T00:31:01.126+0000] {dagbag.py:545} INFO - Filling up the DagBag from /home/airflow/.local/lib/python3.12/site-packages/airflow/example_dags/example_latest_only_with_trigger.py
[2024-05-24T00:31:01.128+0000] {processor.py:840} INFO - DAG(s) 'latest_only_with_trigger' retrieved from /home/airflow/.local/lib/python3.12/site-packages/airflow/example_dags/example_latest_only_with_trigger.py
[2024-05-24T00:31:01.140+0000] {logging_mixin.py:188} INFO - [2024-05-24T00:31:01.140+0000] {dag.py:3096} INFO - Sync 1 DAGs
[2024-05-24T00:31:01.149+0000] {logging_mixin.py:188} INFO - [2024-05-24T00:31:01.149+0000] {dag.py:3954} INFO - Setting next_dagrun for latest_only_with_trigger to 2024-05-23 20:00:00+00:00, run_after=2024-05-24 00:00:00+00:00
[2024-05-24T00:31:01.157+0000] {processor.py:183} INFO - Processing /home/airflow/.local/lib/python3.12/site-packages/airflow/example_dags/example_latest_only_with_trigger.py took 0.034 seconds
[2024-05-24T00:31:31.652+0000] {processor.py:161} INFO - Started process (PID=2135) to work on /home/airflow/.local/lib/python3.12/site-packages/airflow/example_dags/example_latest_only_with_trigger.py
[2024-05-24T00:31:31.653+0000] {processor.py:830} INFO - Processing file /home/airflow/.local/lib/python3.12/site-packages/airflow/example_dags/example_latest_only_with_trigger.py for tasks to queue
[2024-05-24T00:31:31.653+0000] {logging_mixin.py:188} INFO - [2024-05-24T00:31:31.653+0000] {dagbag.py:545} INFO - Filling up the DagBag from /home/airflow/.local/lib/python3.12/site-packages/airflow/example_dags/example_latest_only_with_trigger.py
[2024-05-24T00:31:31.656+0000] {processor.py:840} INFO - DAG(s) 'latest_only_with_trigger' retrieved from /home/airflow/.local/lib/python3.12/site-packages/airflow/example_dags/example_latest_only_with_trigger.py
[2024-05-24T00:31:31.676+0000] {logging_mixin.py:188} INFO - [2024-05-24T00:31:31.676+0000] {dag.py:3096} INFO - Sync 1 DAGs
[2024-05-24T00:31:31.697+0000] {logging_mixin.py:188} INFO - [2024-05-24T00:31:31.696+0000] {dag.py:3954} INFO - Setting next_dagrun for latest_only_with_trigger to 2024-05-23 20:00:00+00:00, run_after=2024-05-24 00:00:00+00:00
[2024-05-24T00:31:31.705+0000] {processor.py:183} INFO - Processing /home/airflow/.local/lib/python3.12/site-packages/airflow/example_dags/example_latest_only_with_trigger.py took 0.055 seconds
[2024-05-24T00:32:02.597+0000] {processor.py:161} INFO - Started process (PID=2195) to work on /home/airflow/.local/lib/python3.12/site-packages/airflow/example_dags/example_latest_only_with_trigger.py
[2024-05-24T00:32:02.598+0000] {processor.py:830} INFO - Processing file /home/airflow/.local/lib/python3.12/site-packages/airflow/example_dags/example_latest_only_with_trigger.py for tasks to queue
[2024-05-24T00:32:02.598+0000] {logging_mixin.py:188} INFO - [2024-05-24T00:32:02.598+0000] {dagbag.py:545} INFO - Filling up the DagBag from /home/airflow/.local/lib/python3.12/site-packages/airflow/example_dags/example_latest_only_with_trigger.py
[2024-05-24T00:32:02.600+0000] {processor.py:840} INFO - DAG(s) 'latest_only_with_trigger' retrieved from /home/airflow/.local/lib/python3.12/site-packages/airflow/example_dags/example_latest_only_with_trigger.py
[2024-05-24T00:32:02.668+0000] {logging_mixin.py:188} INFO - [2024-05-24T00:32:02.668+0000] {dag.py:3096} INFO - Sync 1 DAGs
[2024-05-24T00:32:02.675+0000] {logging_mixin.py:188} INFO - [2024-05-24T00:32:02.675+0000] {dag.py:3954} INFO - Setting next_dagrun for latest_only_with_trigger to 2024-05-23 20:00:00+00:00, run_after=2024-05-24 00:00:00+00:00
[2024-05-24T00:32:02.682+0000] {processor.py:183} INFO - Processing /home/airflow/.local/lib/python3.12/site-packages/airflow/example_dags/example_latest_only_with_trigger.py took 0.088 seconds
[2024-05-24T00:32:33.316+0000] {processor.py:161} INFO - Started process (PID=2255) to work on /home/airflow/.local/lib/python3.12/site-packages/airflow/example_dags/example_latest_only_with_trigger.py
[2024-05-24T00:32:33.317+0000] {processor.py:830} INFO - Processing file /home/airflow/.local/lib/python3.12/site-packages/airflow/example_dags/example_latest_only_with_trigger.py for tasks to queue
[2024-05-24T00:32:33.318+0000] {logging_mixin.py:188} INFO - [2024-05-24T00:32:33.318+0000] {dagbag.py:545} INFO - Filling up the DagBag from /home/airflow/.local/lib/python3.12/site-packages/airflow/example_dags/example_latest_only_with_trigger.py
[2024-05-24T00:32:33.322+0000] {processor.py:840} INFO - DAG(s) 'latest_only_with_trigger' retrieved from /home/airflow/.local/lib/python3.12/site-packages/airflow/example_dags/example_latest_only_with_trigger.py
[2024-05-24T00:32:33.333+0000] {logging_mixin.py:188} INFO - [2024-05-24T00:32:33.333+0000] {dag.py:3096} INFO - Sync 1 DAGs
[2024-05-24T00:32:33.341+0000] {logging_mixin.py:188} INFO - [2024-05-24T00:32:33.341+0000] {dag.py:3954} INFO - Setting next_dagrun for latest_only_with_trigger to 2024-05-23 20:00:00+00:00, run_after=2024-05-24 00:00:00+00:00
[2024-05-24T00:32:33.348+0000] {processor.py:183} INFO - Processing /home/airflow/.local/lib/python3.12/site-packages/airflow/example_dags/example_latest_only_with_trigger.py took 0.035 seconds
[2024-05-24T00:33:04.080+0000] {processor.py:161} INFO - Started process (PID=2315) to work on /home/airflow/.local/lib/python3.12/site-packages/airflow/example_dags/example_latest_only_with_trigger.py
[2024-05-24T00:33:04.080+0000] {processor.py:830} INFO - Processing file /home/airflow/.local/lib/python3.12/site-packages/airflow/example_dags/example_latest_only_with_trigger.py for tasks to queue
[2024-05-24T00:33:04.081+0000] {logging_mixin.py:188} INFO - [2024-05-24T00:33:04.081+0000] {dagbag.py:545} INFO - Filling up the DagBag from /home/airflow/.local/lib/python3.12/site-packages/airflow/example_dags/example_latest_only_with_trigger.py
[2024-05-24T00:33:04.083+0000] {processor.py:840} INFO - DAG(s) 'latest_only_with_trigger' retrieved from /home/airflow/.local/lib/python3.12/site-packages/airflow/example_dags/example_latest_only_with_trigger.py
[2024-05-24T00:33:04.095+0000] {logging_mixin.py:188} INFO - [2024-05-24T00:33:04.094+0000] {dag.py:3096} INFO - Sync 1 DAGs
[2024-05-24T00:33:04.109+0000] {logging_mixin.py:188} INFO - [2024-05-24T00:33:04.109+0000] {dag.py:3954} INFO - Setting next_dagrun for latest_only_with_trigger to 2024-05-23 20:00:00+00:00, run_after=2024-05-24 00:00:00+00:00
[2024-05-24T00:33:04.120+0000] {processor.py:183} INFO - Processing /home/airflow/.local/lib/python3.12/site-packages/airflow/example_dags/example_latest_only_with_trigger.py took 0.042 seconds
[2024-05-24T00:33:35.008+0000] {processor.py:161} INFO - Started process (PID=2375) to work on /home/airflow/.local/lib/python3.12/site-packages/airflow/example_dags/example_latest_only_with_trigger.py
[2024-05-24T00:33:35.009+0000] {processor.py:830} INFO - Processing file /home/airflow/.local/lib/python3.12/site-packages/airflow/example_dags/example_latest_only_with_trigger.py for tasks to queue
[2024-05-24T00:33:35.010+0000] {logging_mixin.py:188} INFO - [2024-05-24T00:33:35.009+0000] {dagbag.py:545} INFO - Filling up the DagBag from /home/airflow/.local/lib/python3.12/site-packages/airflow/example_dags/example_latest_only_with_trigger.py
[2024-05-24T00:33:35.012+0000] {processor.py:840} INFO - DAG(s) 'latest_only_with_trigger' retrieved from /home/airflow/.local/lib/python3.12/site-packages/airflow/example_dags/example_latest_only_with_trigger.py
[2024-05-24T00:33:35.024+0000] {logging_mixin.py:188} INFO - [2024-05-24T00:33:35.024+0000] {dag.py:3096} INFO - Sync 1 DAGs
[2024-05-24T00:33:35.035+0000] {logging_mixin.py:188} INFO - [2024-05-24T00:33:35.035+0000] {dag.py:3954} INFO - Setting next_dagrun for latest_only_with_trigger to 2024-05-23 20:00:00+00:00, run_after=2024-05-24 00:00:00+00:00
[2024-05-24T00:33:35.043+0000] {processor.py:183} INFO - Processing /home/airflow/.local/lib/python3.12/site-packages/airflow/example_dags/example_latest_only_with_trigger.py took 0.038 seconds
[2024-05-24T00:34:05.712+0000] {processor.py:161} INFO - Started process (PID=2435) to work on /home/airflow/.local/lib/python3.12/site-packages/airflow/example_dags/example_latest_only_with_trigger.py
[2024-05-24T00:34:05.712+0000] {processor.py:830} INFO - Processing file /home/airflow/.local/lib/python3.12/site-packages/airflow/example_dags/example_latest_only_with_trigger.py for tasks to queue
[2024-05-24T00:34:05.713+0000] {logging_mixin.py:188} INFO - [2024-05-24T00:34:05.712+0000] {dagbag.py:545} INFO - Filling up the DagBag from /home/airflow/.local/lib/python3.12/site-packages/airflow/example_dags/example_latest_only_with_trigger.py
[2024-05-24T00:34:05.715+0000] {processor.py:840} INFO - DAG(s) 'latest_only_with_trigger' retrieved from /home/airflow/.local/lib/python3.12/site-packages/airflow/example_dags/example_latest_only_with_trigger.py
[2024-05-24T00:34:05.727+0000] {logging_mixin.py:188} INFO - [2024-05-24T00:34:05.726+0000] {dag.py:3096} INFO - Sync 1 DAGs
[2024-05-24T00:34:05.736+0000] {logging_mixin.py:188} INFO - [2024-05-24T00:34:05.736+0000] {dag.py:3954} INFO - Setting next_dagrun for latest_only_with_trigger to 2024-05-23 20:00:00+00:00, run_after=2024-05-24 00:00:00+00:00
[2024-05-24T00:34:05.746+0000] {processor.py:183} INFO - Processing /home/airflow/.local/lib/python3.12/site-packages/airflow/example_dags/example_latest_only_with_trigger.py took 0.038 seconds
[2024-05-24T00:34:36.383+0000] {processor.py:161} INFO - Started process (PID=2495) to work on /home/airflow/.local/lib/python3.12/site-packages/airflow/example_dags/example_latest_only_with_trigger.py
[2024-05-24T00:34:36.384+0000] {processor.py:830} INFO - Processing file /home/airflow/.local/lib/python3.12/site-packages/airflow/example_dags/example_latest_only_with_trigger.py for tasks to queue
[2024-05-24T00:34:36.384+0000] {logging_mixin.py:188} INFO - [2024-05-24T00:34:36.384+0000] {dagbag.py:545} INFO - Filling up the DagBag from /home/airflow/.local/lib/python3.12/site-packages/airflow/example_dags/example_latest_only_with_trigger.py
[2024-05-24T00:34:36.386+0000] {processor.py:840} INFO - DAG(s) 'latest_only_with_trigger' retrieved from /home/airflow/.local/lib/python3.12/site-packages/airflow/example_dags/example_latest_only_with_trigger.py
[2024-05-24T00:34:36.397+0000] {logging_mixin.py:188} INFO - [2024-05-24T00:34:36.396+0000] {dag.py:3096} INFO - Sync 1 DAGs
[2024-05-24T00:34:36.409+0000] {logging_mixin.py:188} INFO - [2024-05-24T00:34:36.409+0000] {dag.py:3954} INFO - Setting next_dagrun for latest_only_with_trigger to 2024-05-23 20:00:00+00:00, run_after=2024-05-24 00:00:00+00:00
[2024-05-24T00:34:36.417+0000] {processor.py:183} INFO - Processing /home/airflow/.local/lib/python3.12/site-packages/airflow/example_dags/example_latest_only_with_trigger.py took 0.036 seconds
[2024-05-24T00:35:07.270+0000] {processor.py:161} INFO - Started process (PID=2555) to work on /home/airflow/.local/lib/python3.12/site-packages/airflow/example_dags/example_latest_only_with_trigger.py
[2024-05-24T00:35:07.270+0000] {processor.py:830} INFO - Processing file /home/airflow/.local/lib/python3.12/site-packages/airflow/example_dags/example_latest_only_with_trigger.py for tasks to queue
[2024-05-24T00:35:07.271+0000] {logging_mixin.py:188} INFO - [2024-05-24T00:35:07.271+0000] {dagbag.py:545} INFO - Filling up the DagBag from /home/airflow/.local/lib/python3.12/site-packages/airflow/example_dags/example_latest_only_with_trigger.py
[2024-05-24T00:35:07.273+0000] {processor.py:840} INFO - DAG(s) 'latest_only_with_trigger' retrieved from /home/airflow/.local/lib/python3.12/site-packages/airflow/example_dags/example_latest_only_with_trigger.py
[2024-05-24T00:35:07.285+0000] {logging_mixin.py:188} INFO - [2024-05-24T00:35:07.284+0000] {dag.py:3096} INFO - Sync 1 DAGs
[2024-05-24T00:35:07.297+0000] {logging_mixin.py:188} INFO - [2024-05-24T00:35:07.297+0000] {dag.py:3954} INFO - Setting next_dagrun for latest_only_with_trigger to 2024-05-23 20:00:00+00:00, run_after=2024-05-24 00:00:00+00:00
[2024-05-24T00:35:07.304+0000] {processor.py:183} INFO - Processing /home/airflow/.local/lib/python3.12/site-packages/airflow/example_dags/example_latest_only_with_trigger.py took 0.036 seconds
[2024-05-24T00:35:37.903+0000] {processor.py:161} INFO - Started process (PID=2615) to work on /home/airflow/.local/lib/python3.12/site-packages/airflow/example_dags/example_latest_only_with_trigger.py
[2024-05-24T00:35:37.903+0000] {processor.py:830} INFO - Processing file /home/airflow/.local/lib/python3.12/site-packages/airflow/example_dags/example_latest_only_with_trigger.py for tasks to queue
[2024-05-24T00:35:37.904+0000] {logging_mixin.py:188} INFO - [2024-05-24T00:35:37.904+0000] {dagbag.py:545} INFO - Filling up the DagBag from /home/airflow/.local/lib/python3.12/site-packages/airflow/example_dags/example_latest_only_with_trigger.py
[2024-05-24T00:35:37.906+0000] {processor.py:840} INFO - DAG(s) 'latest_only_with_trigger' retrieved from /home/airflow/.local/lib/python3.12/site-packages/airflow/example_dags/example_latest_only_with_trigger.py
[2024-05-24T00:35:37.917+0000] {logging_mixin.py:188} INFO - [2024-05-24T00:35:37.916+0000] {dag.py:3096} INFO - Sync 1 DAGs
[2024-05-24T00:35:37.926+0000] {logging_mixin.py:188} INFO - [2024-05-24T00:35:37.926+0000] {dag.py:3954} INFO - Setting next_dagrun for latest_only_with_trigger to 2024-05-23 20:00:00+00:00, run_after=2024-05-24 00:00:00+00:00
[2024-05-24T00:35:37.933+0000] {processor.py:183} INFO - Processing /home/airflow/.local/lib/python3.12/site-packages/airflow/example_dags/example_latest_only_with_trigger.py took 0.034 seconds
[2024-05-24T00:36:08.590+0000] {processor.py:161} INFO - Started process (PID=2674) to work on /home/airflow/.local/lib/python3.12/site-packages/airflow/example_dags/example_latest_only_with_trigger.py
[2024-05-24T00:36:08.590+0000] {processor.py:830} INFO - Processing file /home/airflow/.local/lib/python3.12/site-packages/airflow/example_dags/example_latest_only_with_trigger.py for tasks to queue
[2024-05-24T00:36:08.591+0000] {logging_mixin.py:188} INFO - [2024-05-24T00:36:08.591+0000] {dagbag.py:545} INFO - Filling up the DagBag from /home/airflow/.local/lib/python3.12/site-packages/airflow/example_dags/example_latest_only_with_trigger.py
[2024-05-24T00:36:08.593+0000] {processor.py:840} INFO - DAG(s) 'latest_only_with_trigger' retrieved from /home/airflow/.local/lib/python3.12/site-packages/airflow/example_dags/example_latest_only_with_trigger.py
[2024-05-24T00:36:08.604+0000] {logging_mixin.py:188} INFO - [2024-05-24T00:36:08.604+0000] {dag.py:3096} INFO - Sync 1 DAGs
[2024-05-24T00:36:08.615+0000] {logging_mixin.py:188} INFO - [2024-05-24T00:36:08.615+0000] {dag.py:3954} INFO - Setting next_dagrun for latest_only_with_trigger to 2024-05-23 20:00:00+00:00, run_after=2024-05-24 00:00:00+00:00
[2024-05-24T00:36:08.627+0000] {processor.py:183} INFO - Processing /home/airflow/.local/lib/python3.12/site-packages/airflow/example_dags/example_latest_only_with_trigger.py took 0.039 seconds
[2024-05-24T00:36:39.420+0000] {processor.py:161} INFO - Started process (PID=2733) to work on /home/airflow/.local/lib/python3.12/site-packages/airflow/example_dags/example_latest_only_with_trigger.py
[2024-05-24T00:36:39.421+0000] {processor.py:830} INFO - Processing file /home/airflow/.local/lib/python3.12/site-packages/airflow/example_dags/example_latest_only_with_trigger.py for tasks to queue
[2024-05-24T00:36:39.422+0000] {logging_mixin.py:188} INFO - [2024-05-24T00:36:39.421+0000] {dagbag.py:545} INFO - Filling up the DagBag from /home/airflow/.local/lib/python3.12/site-packages/airflow/example_dags/example_latest_only_with_trigger.py
[2024-05-24T00:36:39.424+0000] {processor.py:840} INFO - DAG(s) 'latest_only_with_trigger' retrieved from /home/airflow/.local/lib/python3.12/site-packages/airflow/example_dags/example_latest_only_with_trigger.py
[2024-05-24T00:36:39.438+0000] {logging_mixin.py:188} INFO - [2024-05-24T00:36:39.438+0000] {dag.py:3096} INFO - Sync 1 DAGs
[2024-05-24T00:36:39.451+0000] {logging_mixin.py:188} INFO - [2024-05-24T00:36:39.451+0000] {dag.py:3954} INFO - Setting next_dagrun for latest_only_with_trigger to 2024-05-23 20:00:00+00:00, run_after=2024-05-24 00:00:00+00:00
[2024-05-24T00:36:39.462+0000] {processor.py:183} INFO - Processing /home/airflow/.local/lib/python3.12/site-packages/airflow/example_dags/example_latest_only_with_trigger.py took 0.044 seconds
[2024-05-24T00:37:10.018+0000] {processor.py:161} INFO - Started process (PID=2792) to work on /home/airflow/.local/lib/python3.12/site-packages/airflow/example_dags/example_latest_only_with_trigger.py
[2024-05-24T00:37:10.018+0000] {processor.py:830} INFO - Processing file /home/airflow/.local/lib/python3.12/site-packages/airflow/example_dags/example_latest_only_with_trigger.py for tasks to queue
[2024-05-24T00:37:10.019+0000] {logging_mixin.py:188} INFO - [2024-05-24T00:37:10.019+0000] {dagbag.py:545} INFO - Filling up the DagBag from /home/airflow/.local/lib/python3.12/site-packages/airflow/example_dags/example_latest_only_with_trigger.py
[2024-05-24T00:37:10.023+0000] {processor.py:840} INFO - DAG(s) 'latest_only_with_trigger' retrieved from /home/airflow/.local/lib/python3.12/site-packages/airflow/example_dags/example_latest_only_with_trigger.py
[2024-05-24T00:37:10.043+0000] {logging_mixin.py:188} INFO - [2024-05-24T00:37:10.043+0000] {dag.py:3096} INFO - Sync 1 DAGs
[2024-05-24T00:37:10.053+0000] {logging_mixin.py:188} INFO - [2024-05-24T00:37:10.053+0000] {dag.py:3954} INFO - Setting next_dagrun for latest_only_with_trigger to 2024-05-23 20:00:00+00:00, run_after=2024-05-24 00:00:00+00:00
[2024-05-24T00:37:10.060+0000] {processor.py:183} INFO - Processing /home/airflow/.local/lib/python3.12/site-packages/airflow/example_dags/example_latest_only_with_trigger.py took 0.046 seconds
[2024-05-24T00:37:40.658+0000] {processor.py:161} INFO - Started process (PID=2851) to work on /home/airflow/.local/lib/python3.12/site-packages/airflow/example_dags/example_latest_only_with_trigger.py
[2024-05-24T00:37:40.658+0000] {processor.py:830} INFO - Processing file /home/airflow/.local/lib/python3.12/site-packages/airflow/example_dags/example_latest_only_with_trigger.py for tasks to queue
[2024-05-24T00:37:40.658+0000] {logging_mixin.py:188} INFO - [2024-05-24T00:37:40.658+0000] {dagbag.py:545} INFO - Filling up the DagBag from /home/airflow/.local/lib/python3.12/site-packages/airflow/example_dags/example_latest_only_with_trigger.py
[2024-05-24T00:37:40.661+0000] {processor.py:840} INFO - DAG(s) 'latest_only_with_trigger' retrieved from /home/airflow/.local/lib/python3.12/site-packages/airflow/example_dags/example_latest_only_with_trigger.py
[2024-05-24T00:37:40.669+0000] {logging_mixin.py:188} INFO - [2024-05-24T00:37:40.669+0000] {dag.py:3096} INFO - Sync 1 DAGs
[2024-05-24T00:37:40.678+0000] {logging_mixin.py:188} INFO - [2024-05-24T00:37:40.678+0000] {dag.py:3954} INFO - Setting next_dagrun for latest_only_with_trigger to 2024-05-23 20:00:00+00:00, run_after=2024-05-24 00:00:00+00:00
[2024-05-24T00:37:40.685+0000] {processor.py:183} INFO - Processing /home/airflow/.local/lib/python3.12/site-packages/airflow/example_dags/example_latest_only_with_trigger.py took 0.029 seconds
[2024-05-24T00:38:11.400+0000] {processor.py:161} INFO - Started process (PID=2910) to work on /home/airflow/.local/lib/python3.12/site-packages/airflow/example_dags/example_latest_only_with_trigger.py
[2024-05-24T00:38:11.401+0000] {processor.py:830} INFO - Processing file /home/airflow/.local/lib/python3.12/site-packages/airflow/example_dags/example_latest_only_with_trigger.py for tasks to queue
[2024-05-24T00:38:11.401+0000] {logging_mixin.py:188} INFO - [2024-05-24T00:38:11.401+0000] {dagbag.py:545} INFO - Filling up the DagBag from /home/airflow/.local/lib/python3.12/site-packages/airflow/example_dags/example_latest_only_with_trigger.py
[2024-05-24T00:38:11.405+0000] {processor.py:840} INFO - DAG(s) 'latest_only_with_trigger' retrieved from /home/airflow/.local/lib/python3.12/site-packages/airflow/example_dags/example_latest_only_with_trigger.py
[2024-05-24T00:38:11.416+0000] {logging_mixin.py:188} INFO - [2024-05-24T00:38:11.416+0000] {dag.py:3096} INFO - Sync 1 DAGs
[2024-05-24T00:38:11.425+0000] {logging_mixin.py:188} INFO - [2024-05-24T00:38:11.425+0000] {dag.py:3954} INFO - Setting next_dagrun for latest_only_with_trigger to 2024-05-23 20:00:00+00:00, run_after=2024-05-24 00:00:00+00:00
[2024-05-24T00:38:11.432+0000] {processor.py:183} INFO - Processing /home/airflow/.local/lib/python3.12/site-packages/airflow/example_dags/example_latest_only_with_trigger.py took 0.040 seconds
[2024-05-24T00:38:41.944+0000] {processor.py:161} INFO - Started process (PID=2970) to work on /home/airflow/.local/lib/python3.12/site-packages/airflow/example_dags/example_latest_only_with_trigger.py
[2024-05-24T00:38:41.945+0000] {processor.py:830} INFO - Processing file /home/airflow/.local/lib/python3.12/site-packages/airflow/example_dags/example_latest_only_with_trigger.py for tasks to queue
[2024-05-24T00:38:41.945+0000] {logging_mixin.py:188} INFO - [2024-05-24T00:38:41.945+0000] {dagbag.py:545} INFO - Filling up the DagBag from /home/airflow/.local/lib/python3.12/site-packages/airflow/example_dags/example_latest_only_with_trigger.py
[2024-05-24T00:38:41.947+0000] {processor.py:840} INFO - DAG(s) 'latest_only_with_trigger' retrieved from /home/airflow/.local/lib/python3.12/site-packages/airflow/example_dags/example_latest_only_with_trigger.py
[2024-05-24T00:38:41.960+0000] {logging_mixin.py:188} INFO - [2024-05-24T00:38:41.960+0000] {dag.py:3096} INFO - Sync 1 DAGs
[2024-05-24T00:38:41.973+0000] {logging_mixin.py:188} INFO - [2024-05-24T00:38:41.973+0000] {dag.py:3954} INFO - Setting next_dagrun for latest_only_with_trigger to 2024-05-23 20:00:00+00:00, run_after=2024-05-24 00:00:00+00:00
[2024-05-24T00:38:41.984+0000] {processor.py:183} INFO - Processing /home/airflow/.local/lib/python3.12/site-packages/airflow/example_dags/example_latest_only_with_trigger.py took 0.042 seconds
[2024-05-24T00:39:12.452+0000] {processor.py:161} INFO - Started process (PID=3029) to work on /home/airflow/.local/lib/python3.12/site-packages/airflow/example_dags/example_latest_only_with_trigger.py
[2024-05-24T00:39:12.452+0000] {processor.py:830} INFO - Processing file /home/airflow/.local/lib/python3.12/site-packages/airflow/example_dags/example_latest_only_with_trigger.py for tasks to queue
[2024-05-24T00:39:12.453+0000] {logging_mixin.py:188} INFO - [2024-05-24T00:39:12.452+0000] {dagbag.py:545} INFO - Filling up the DagBag from /home/airflow/.local/lib/python3.12/site-packages/airflow/example_dags/example_latest_only_with_trigger.py
[2024-05-24T00:39:12.455+0000] {processor.py:840} INFO - DAG(s) 'latest_only_with_trigger' retrieved from /home/airflow/.local/lib/python3.12/site-packages/airflow/example_dags/example_latest_only_with_trigger.py
[2024-05-24T00:39:12.461+0000] {logging_mixin.py:188} INFO - [2024-05-24T00:39:12.460+0000] {dag.py:3096} INFO - Sync 1 DAGs
[2024-05-24T00:39:12.470+0000] {logging_mixin.py:188} INFO - [2024-05-24T00:39:12.470+0000] {dag.py:3954} INFO - Setting next_dagrun for latest_only_with_trigger to 2024-05-23 20:00:00+00:00, run_after=2024-05-24 00:00:00+00:00
[2024-05-24T00:39:12.477+0000] {processor.py:183} INFO - Processing /home/airflow/.local/lib/python3.12/site-packages/airflow/example_dags/example_latest_only_with_trigger.py took 0.027 seconds
[2024-05-24T00:39:42.788+0000] {processor.py:161} INFO - Started process (PID=3088) to work on /home/airflow/.local/lib/python3.12/site-packages/airflow/example_dags/example_latest_only_with_trigger.py
[2024-05-24T00:39:42.789+0000] {processor.py:830} INFO - Processing file /home/airflow/.local/lib/python3.12/site-packages/airflow/example_dags/example_latest_only_with_trigger.py for tasks to queue
[2024-05-24T00:39:42.789+0000] {logging_mixin.py:188} INFO - [2024-05-24T00:39:42.789+0000] {dagbag.py:545} INFO - Filling up the DagBag from /home/airflow/.local/lib/python3.12/site-packages/airflow/example_dags/example_latest_only_with_trigger.py
[2024-05-24T00:39:42.791+0000] {processor.py:840} INFO - DAG(s) 'latest_only_with_trigger' retrieved from /home/airflow/.local/lib/python3.12/site-packages/airflow/example_dags/example_latest_only_with_trigger.py
[2024-05-24T00:39:42.797+0000] {logging_mixin.py:188} INFO - [2024-05-24T00:39:42.797+0000] {dag.py:3096} INFO - Sync 1 DAGs
[2024-05-24T00:39:42.806+0000] {logging_mixin.py:188} INFO - [2024-05-24T00:39:42.806+0000] {dag.py:3954} INFO - Setting next_dagrun for latest_only_with_trigger to 2024-05-23 20:00:00+00:00, run_after=2024-05-24 00:00:00+00:00
[2024-05-24T00:39:42.813+0000] {processor.py:183} INFO - Processing /home/airflow/.local/lib/python3.12/site-packages/airflow/example_dags/example_latest_only_with_trigger.py took 0.029 seconds
[2024-05-24T00:40:13.129+0000] {processor.py:161} INFO - Started process (PID=3146) to work on /home/airflow/.local/lib/python3.12/site-packages/airflow/example_dags/example_latest_only_with_trigger.py
[2024-05-24T00:40:13.130+0000] {processor.py:830} INFO - Processing file /home/airflow/.local/lib/python3.12/site-packages/airflow/example_dags/example_latest_only_with_trigger.py for tasks to queue
[2024-05-24T00:40:13.130+0000] {logging_mixin.py:188} INFO - [2024-05-24T00:40:13.130+0000] {dagbag.py:545} INFO - Filling up the DagBag from /home/airflow/.local/lib/python3.12/site-packages/airflow/example_dags/example_latest_only_with_trigger.py
[2024-05-24T00:40:13.133+0000] {processor.py:840} INFO - DAG(s) 'latest_only_with_trigger' retrieved from /home/airflow/.local/lib/python3.12/site-packages/airflow/example_dags/example_latest_only_with_trigger.py
[2024-05-24T00:40:13.194+0000] {logging_mixin.py:188} INFO - [2024-05-24T00:40:13.194+0000] {dag.py:3096} INFO - Sync 1 DAGs
[2024-05-24T00:40:13.204+0000] {logging_mixin.py:188} INFO - [2024-05-24T00:40:13.204+0000] {dag.py:3954} INFO - Setting next_dagrun for latest_only_with_trigger to 2024-05-23 20:00:00+00:00, run_after=2024-05-24 00:00:00+00:00
[2024-05-24T00:40:13.210+0000] {processor.py:183} INFO - Processing /home/airflow/.local/lib/python3.12/site-packages/airflow/example_dags/example_latest_only_with_trigger.py took 0.084 seconds
