[2024-05-24T00:14:37.728+0000] {processor.py:161} INFO - Started process (PID=76) to work on /home/airflow/.local/lib/python3.12/site-packages/airflow/example_dags/example_python_operator.py
[2024-05-24T00:14:37.729+0000] {processor.py:830} INFO - Processing file /home/airflow/.local/lib/python3.12/site-packages/airflow/example_dags/example_python_operator.py for tasks to queue
[2024-05-24T00:14:37.729+0000] {logging_mixin.py:188} INFO - [2024-05-24T00:14:37.729+0000] {dagbag.py:545} INFO - Filling up the DagBag from /home/airflow/.local/lib/python3.12/site-packages/airflow/example_dags/example_python_operator.py
[2024-05-24T00:14:37.734+0000] {processor.py:840} INFO - DAG(s) 'example_python_operator' retrieved from /home/airflow/.local/lib/python3.12/site-packages/airflow/example_dags/example_python_operator.py
[2024-05-24T00:14:37.740+0000] {logging_mixin.py:188} INFO - [2024-05-24T00:14:37.740+0000] {dag.py:3096} INFO - Sync 1 DAGs
[2024-05-24T00:14:37.746+0000] {logging_mixin.py:188} INFO - [2024-05-24T00:14:37.746+0000] {dag.py:3954} INFO - Setting next_dagrun for example_python_operator to None, run_after=None
[2024-05-24T00:14:37.754+0000] {processor.py:183} INFO - Processing /home/airflow/.local/lib/python3.12/site-packages/airflow/example_dags/example_python_operator.py took 0.029 seconds
[2024-05-24T00:15:08.489+0000] {processor.py:161} INFO - Started process (PID=135) to work on /home/airflow/.local/lib/python3.12/site-packages/airflow/example_dags/example_python_operator.py
[2024-05-24T00:15:08.490+0000] {processor.py:830} INFO - Processing file /home/airflow/.local/lib/python3.12/site-packages/airflow/example_dags/example_python_operator.py for tasks to queue
[2024-05-24T00:15:08.490+0000] {logging_mixin.py:188} INFO - [2024-05-24T00:15:08.490+0000] {dagbag.py:545} INFO - Filling up the DagBag from /home/airflow/.local/lib/python3.12/site-packages/airflow/example_dags/example_python_operator.py
[2024-05-24T00:15:08.494+0000] {processor.py:840} INFO - DAG(s) 'example_python_operator' retrieved from /home/airflow/.local/lib/python3.12/site-packages/airflow/example_dags/example_python_operator.py
[2024-05-24T00:15:08.543+0000] {logging_mixin.py:188} INFO - [2024-05-24T00:15:08.543+0000] {dag.py:3096} INFO - Sync 1 DAGs
[2024-05-24T00:15:08.549+0000] {logging_mixin.py:188} INFO - [2024-05-24T00:15:08.549+0000] {dag.py:3954} INFO - Setting next_dagrun for example_python_operator to None, run_after=None
[2024-05-24T00:15:08.560+0000] {processor.py:183} INFO - Processing /home/airflow/.local/lib/python3.12/site-packages/airflow/example_dags/example_python_operator.py took 0.073 seconds
[2024-05-24T00:15:39.359+0000] {processor.py:161} INFO - Started process (PID=194) to work on /home/airflow/.local/lib/python3.12/site-packages/airflow/example_dags/example_python_operator.py
[2024-05-24T00:15:39.360+0000] {processor.py:830} INFO - Processing file /home/airflow/.local/lib/python3.12/site-packages/airflow/example_dags/example_python_operator.py for tasks to queue
[2024-05-24T00:15:39.360+0000] {logging_mixin.py:188} INFO - [2024-05-24T00:15:39.360+0000] {dagbag.py:545} INFO - Filling up the DagBag from /home/airflow/.local/lib/python3.12/site-packages/airflow/example_dags/example_python_operator.py
[2024-05-24T00:15:39.364+0000] {processor.py:840} INFO - DAG(s) 'example_python_operator' retrieved from /home/airflow/.local/lib/python3.12/site-packages/airflow/example_dags/example_python_operator.py
[2024-05-24T00:15:39.376+0000] {logging_mixin.py:188} INFO - [2024-05-24T00:15:39.376+0000] {dag.py:3096} INFO - Sync 1 DAGs
[2024-05-24T00:15:39.386+0000] {logging_mixin.py:188} INFO - [2024-05-24T00:15:39.386+0000] {dag.py:3954} INFO - Setting next_dagrun for example_python_operator to None, run_after=None
[2024-05-24T00:15:39.401+0000] {processor.py:183} INFO - Processing /home/airflow/.local/lib/python3.12/site-packages/airflow/example_dags/example_python_operator.py took 0.045 seconds
[2024-05-24T00:16:09.864+0000] {processor.py:161} INFO - Started process (PID=253) to work on /home/airflow/.local/lib/python3.12/site-packages/airflow/example_dags/example_python_operator.py
[2024-05-24T00:16:09.865+0000] {processor.py:830} INFO - Processing file /home/airflow/.local/lib/python3.12/site-packages/airflow/example_dags/example_python_operator.py for tasks to queue
[2024-05-24T00:16:09.865+0000] {logging_mixin.py:188} INFO - [2024-05-24T00:16:09.865+0000] {dagbag.py:545} INFO - Filling up the DagBag from /home/airflow/.local/lib/python3.12/site-packages/airflow/example_dags/example_python_operator.py
[2024-05-24T00:16:09.869+0000] {processor.py:840} INFO - DAG(s) 'example_python_operator' retrieved from /home/airflow/.local/lib/python3.12/site-packages/airflow/example_dags/example_python_operator.py
[2024-05-24T00:16:09.884+0000] {logging_mixin.py:188} INFO - [2024-05-24T00:16:09.884+0000] {dag.py:3096} INFO - Sync 1 DAGs
[2024-05-24T00:16:09.892+0000] {logging_mixin.py:188} INFO - [2024-05-24T00:16:09.892+0000] {dag.py:3954} INFO - Setting next_dagrun for example_python_operator to None, run_after=None
[2024-05-24T00:16:09.900+0000] {processor.py:183} INFO - Processing /home/airflow/.local/lib/python3.12/site-packages/airflow/example_dags/example_python_operator.py took 0.038 seconds
[2024-05-24T00:16:40.346+0000] {processor.py:161} INFO - Started process (PID=313) to work on /home/airflow/.local/lib/python3.12/site-packages/airflow/example_dags/example_python_operator.py
[2024-05-24T00:16:40.347+0000] {processor.py:830} INFO - Processing file /home/airflow/.local/lib/python3.12/site-packages/airflow/example_dags/example_python_operator.py for tasks to queue
[2024-05-24T00:16:40.347+0000] {logging_mixin.py:188} INFO - [2024-05-24T00:16:40.347+0000] {dagbag.py:545} INFO - Filling up the DagBag from /home/airflow/.local/lib/python3.12/site-packages/airflow/example_dags/example_python_operator.py
[2024-05-24T00:16:40.351+0000] {processor.py:840} INFO - DAG(s) 'example_python_operator' retrieved from /home/airflow/.local/lib/python3.12/site-packages/airflow/example_dags/example_python_operator.py
[2024-05-24T00:16:40.365+0000] {logging_mixin.py:188} INFO - [2024-05-24T00:16:40.364+0000] {dag.py:3096} INFO - Sync 1 DAGs
[2024-05-24T00:16:40.374+0000] {logging_mixin.py:188} INFO - [2024-05-24T00:16:40.374+0000] {dag.py:3954} INFO - Setting next_dagrun for example_python_operator to None, run_after=None
[2024-05-24T00:16:40.385+0000] {processor.py:183} INFO - Processing /home/airflow/.local/lib/python3.12/site-packages/airflow/example_dags/example_python_operator.py took 0.041 seconds
[2024-05-24T00:17:10.853+0000] {processor.py:161} INFO - Started process (PID=372) to work on /home/airflow/.local/lib/python3.12/site-packages/airflow/example_dags/example_python_operator.py
[2024-05-24T00:17:10.853+0000] {processor.py:830} INFO - Processing file /home/airflow/.local/lib/python3.12/site-packages/airflow/example_dags/example_python_operator.py for tasks to queue
[2024-05-24T00:17:10.854+0000] {logging_mixin.py:188} INFO - [2024-05-24T00:17:10.854+0000] {dagbag.py:545} INFO - Filling up the DagBag from /home/airflow/.local/lib/python3.12/site-packages/airflow/example_dags/example_python_operator.py
[2024-05-24T00:17:10.858+0000] {processor.py:840} INFO - DAG(s) 'example_python_operator' retrieved from /home/airflow/.local/lib/python3.12/site-packages/airflow/example_dags/example_python_operator.py
[2024-05-24T00:17:10.873+0000] {logging_mixin.py:188} INFO - [2024-05-24T00:17:10.873+0000] {dag.py:3096} INFO - Sync 1 DAGs
[2024-05-24T00:17:10.880+0000] {logging_mixin.py:188} INFO - [2024-05-24T00:17:10.880+0000] {dag.py:3954} INFO - Setting next_dagrun for example_python_operator to None, run_after=None
[2024-05-24T00:17:10.889+0000] {processor.py:183} INFO - Processing /home/airflow/.local/lib/python3.12/site-packages/airflow/example_dags/example_python_operator.py took 0.039 seconds
[2024-05-24T00:17:41.271+0000] {processor.py:161} INFO - Started process (PID=431) to work on /home/airflow/.local/lib/python3.12/site-packages/airflow/example_dags/example_python_operator.py
[2024-05-24T00:17:41.272+0000] {processor.py:830} INFO - Processing file /home/airflow/.local/lib/python3.12/site-packages/airflow/example_dags/example_python_operator.py for tasks to queue
[2024-05-24T00:17:41.272+0000] {logging_mixin.py:188} INFO - [2024-05-24T00:17:41.272+0000] {dagbag.py:545} INFO - Filling up the DagBag from /home/airflow/.local/lib/python3.12/site-packages/airflow/example_dags/example_python_operator.py
[2024-05-24T00:17:41.276+0000] {processor.py:840} INFO - DAG(s) 'example_python_operator' retrieved from /home/airflow/.local/lib/python3.12/site-packages/airflow/example_dags/example_python_operator.py
[2024-05-24T00:17:41.284+0000] {logging_mixin.py:188} INFO - [2024-05-24T00:17:41.284+0000] {dag.py:3096} INFO - Sync 1 DAGs
[2024-05-24T00:17:41.289+0000] {logging_mixin.py:188} INFO - [2024-05-24T00:17:41.289+0000] {dag.py:3954} INFO - Setting next_dagrun for example_python_operator to None, run_after=None
[2024-05-24T00:17:41.296+0000] {processor.py:183} INFO - Processing /home/airflow/.local/lib/python3.12/site-packages/airflow/example_dags/example_python_operator.py took 0.027 seconds
[2024-05-24T00:18:11.929+0000] {processor.py:161} INFO - Started process (PID=491) to work on /home/airflow/.local/lib/python3.12/site-packages/airflow/example_dags/example_python_operator.py
[2024-05-24T00:18:11.929+0000] {processor.py:830} INFO - Processing file /home/airflow/.local/lib/python3.12/site-packages/airflow/example_dags/example_python_operator.py for tasks to queue
[2024-05-24T00:18:11.930+0000] {logging_mixin.py:188} INFO - [2024-05-24T00:18:11.930+0000] {dagbag.py:545} INFO - Filling up the DagBag from /home/airflow/.local/lib/python3.12/site-packages/airflow/example_dags/example_python_operator.py
[2024-05-24T00:18:11.939+0000] {processor.py:840} INFO - DAG(s) 'example_python_operator' retrieved from /home/airflow/.local/lib/python3.12/site-packages/airflow/example_dags/example_python_operator.py
[2024-05-24T00:18:11.953+0000] {logging_mixin.py:188} INFO - [2024-05-24T00:18:11.953+0000] {dag.py:3096} INFO - Sync 1 DAGs
[2024-05-24T00:18:11.961+0000] {logging_mixin.py:188} INFO - [2024-05-24T00:18:11.961+0000] {dag.py:3954} INFO - Setting next_dagrun for example_python_operator to None, run_after=None
[2024-05-24T00:18:11.969+0000] {processor.py:183} INFO - Processing /home/airflow/.local/lib/python3.12/site-packages/airflow/example_dags/example_python_operator.py took 0.043 seconds
[2024-05-24T00:18:42.708+0000] {processor.py:161} INFO - Started process (PID=557) to work on /home/airflow/.local/lib/python3.12/site-packages/airflow/example_dags/example_python_operator.py
[2024-05-24T00:18:42.708+0000] {processor.py:830} INFO - Processing file /home/airflow/.local/lib/python3.12/site-packages/airflow/example_dags/example_python_operator.py for tasks to queue
[2024-05-24T00:18:42.709+0000] {logging_mixin.py:188} INFO - [2024-05-24T00:18:42.709+0000] {dagbag.py:545} INFO - Filling up the DagBag from /home/airflow/.local/lib/python3.12/site-packages/airflow/example_dags/example_python_operator.py
[2024-05-24T00:18:42.713+0000] {processor.py:840} INFO - DAG(s) 'example_python_operator' retrieved from /home/airflow/.local/lib/python3.12/site-packages/airflow/example_dags/example_python_operator.py
[2024-05-24T00:18:42.726+0000] {logging_mixin.py:188} INFO - [2024-05-24T00:18:42.726+0000] {dag.py:3096} INFO - Sync 1 DAGs
[2024-05-24T00:18:42.733+0000] {logging_mixin.py:188} INFO - [2024-05-24T00:18:42.733+0000] {dag.py:3954} INFO - Setting next_dagrun for example_python_operator to None, run_after=None
[2024-05-24T00:18:42.740+0000] {processor.py:183} INFO - Processing /home/airflow/.local/lib/python3.12/site-packages/airflow/example_dags/example_python_operator.py took 0.036 seconds
[2024-05-24T00:19:13.436+0000] {processor.py:161} INFO - Started process (PID=617) to work on /home/airflow/.local/lib/python3.12/site-packages/airflow/example_dags/example_python_operator.py
[2024-05-24T00:19:13.437+0000] {processor.py:830} INFO - Processing file /home/airflow/.local/lib/python3.12/site-packages/airflow/example_dags/example_python_operator.py for tasks to queue
[2024-05-24T00:19:13.438+0000] {logging_mixin.py:188} INFO - [2024-05-24T00:19:13.438+0000] {dagbag.py:545} INFO - Filling up the DagBag from /home/airflow/.local/lib/python3.12/site-packages/airflow/example_dags/example_python_operator.py
[2024-05-24T00:19:13.443+0000] {processor.py:840} INFO - DAG(s) 'example_python_operator' retrieved from /home/airflow/.local/lib/python3.12/site-packages/airflow/example_dags/example_python_operator.py
[2024-05-24T00:19:13.457+0000] {logging_mixin.py:188} INFO - [2024-05-24T00:19:13.457+0000] {dag.py:3096} INFO - Sync 1 DAGs
[2024-05-24T00:19:13.465+0000] {logging_mixin.py:188} INFO - [2024-05-24T00:19:13.465+0000] {dag.py:3954} INFO - Setting next_dagrun for example_python_operator to None, run_after=None
[2024-05-24T00:19:13.476+0000] {processor.py:183} INFO - Processing /home/airflow/.local/lib/python3.12/site-packages/airflow/example_dags/example_python_operator.py took 0.043 seconds
[2024-05-24T00:19:44.177+0000] {processor.py:161} INFO - Started process (PID=677) to work on /home/airflow/.local/lib/python3.12/site-packages/airflow/example_dags/example_python_operator.py
[2024-05-24T00:19:44.177+0000] {processor.py:830} INFO - Processing file /home/airflow/.local/lib/python3.12/site-packages/airflow/example_dags/example_python_operator.py for tasks to queue
[2024-05-24T00:19:44.178+0000] {logging_mixin.py:188} INFO - [2024-05-24T00:19:44.178+0000] {dagbag.py:545} INFO - Filling up the DagBag from /home/airflow/.local/lib/python3.12/site-packages/airflow/example_dags/example_python_operator.py
[2024-05-24T00:19:44.189+0000] {processor.py:840} INFO - DAG(s) 'example_python_operator' retrieved from /home/airflow/.local/lib/python3.12/site-packages/airflow/example_dags/example_python_operator.py
[2024-05-24T00:19:44.205+0000] {logging_mixin.py:188} INFO - [2024-05-24T00:19:44.204+0000] {dag.py:3096} INFO - Sync 1 DAGs
[2024-05-24T00:19:44.213+0000] {logging_mixin.py:188} INFO - [2024-05-24T00:19:44.213+0000] {dag.py:3954} INFO - Setting next_dagrun for example_python_operator to None, run_after=None
[2024-05-24T00:19:44.224+0000] {processor.py:183} INFO - Processing /home/airflow/.local/lib/python3.12/site-packages/airflow/example_dags/example_python_operator.py took 0.049 seconds
[2024-05-24T00:20:14.893+0000] {processor.py:161} INFO - Started process (PID=736) to work on /home/airflow/.local/lib/python3.12/site-packages/airflow/example_dags/example_python_operator.py
[2024-05-24T00:20:14.894+0000] {processor.py:830} INFO - Processing file /home/airflow/.local/lib/python3.12/site-packages/airflow/example_dags/example_python_operator.py for tasks to queue
[2024-05-24T00:20:14.895+0000] {logging_mixin.py:188} INFO - [2024-05-24T00:20:14.894+0000] {dagbag.py:545} INFO - Filling up the DagBag from /home/airflow/.local/lib/python3.12/site-packages/airflow/example_dags/example_python_operator.py
[2024-05-24T00:20:14.899+0000] {processor.py:840} INFO - DAG(s) 'example_python_operator' retrieved from /home/airflow/.local/lib/python3.12/site-packages/airflow/example_dags/example_python_operator.py
[2024-05-24T00:20:14.911+0000] {logging_mixin.py:188} INFO - [2024-05-24T00:20:14.911+0000] {dag.py:3096} INFO - Sync 1 DAGs
[2024-05-24T00:20:14.917+0000] {logging_mixin.py:188} INFO - [2024-05-24T00:20:14.917+0000] {dag.py:3954} INFO - Setting next_dagrun for example_python_operator to None, run_after=None
[2024-05-24T00:20:14.928+0000] {processor.py:183} INFO - Processing /home/airflow/.local/lib/python3.12/site-packages/airflow/example_dags/example_python_operator.py took 0.038 seconds
[2024-05-24T00:20:45.581+0000] {processor.py:161} INFO - Started process (PID=796) to work on /home/airflow/.local/lib/python3.12/site-packages/airflow/example_dags/example_python_operator.py
[2024-05-24T00:20:45.582+0000] {processor.py:830} INFO - Processing file /home/airflow/.local/lib/python3.12/site-packages/airflow/example_dags/example_python_operator.py for tasks to queue
[2024-05-24T00:20:45.582+0000] {logging_mixin.py:188} INFO - [2024-05-24T00:20:45.582+0000] {dagbag.py:545} INFO - Filling up the DagBag from /home/airflow/.local/lib/python3.12/site-packages/airflow/example_dags/example_python_operator.py
[2024-05-24T00:20:45.587+0000] {processor.py:840} INFO - DAG(s) 'example_python_operator' retrieved from /home/airflow/.local/lib/python3.12/site-packages/airflow/example_dags/example_python_operator.py
[2024-05-24T00:20:45.596+0000] {logging_mixin.py:188} INFO - [2024-05-24T00:20:45.596+0000] {dag.py:3096} INFO - Sync 1 DAGs
[2024-05-24T00:20:45.602+0000] {logging_mixin.py:188} INFO - [2024-05-24T00:20:45.602+0000] {dag.py:3954} INFO - Setting next_dagrun for example_python_operator to None, run_after=None
[2024-05-24T00:20:45.610+0000] {processor.py:183} INFO - Processing /home/airflow/.local/lib/python3.12/site-packages/airflow/example_dags/example_python_operator.py took 0.032 seconds
[2024-05-24T00:21:16.196+0000] {processor.py:161} INFO - Started process (PID=873) to work on /home/airflow/.local/lib/python3.12/site-packages/airflow/example_dags/example_python_operator.py
[2024-05-24T00:21:16.196+0000] {processor.py:830} INFO - Processing file /home/airflow/.local/lib/python3.12/site-packages/airflow/example_dags/example_python_operator.py for tasks to queue
[2024-05-24T00:21:16.197+0000] {logging_mixin.py:188} INFO - [2024-05-24T00:21:16.196+0000] {dagbag.py:545} INFO - Filling up the DagBag from /home/airflow/.local/lib/python3.12/site-packages/airflow/example_dags/example_python_operator.py
[2024-05-24T00:21:16.201+0000] {processor.py:840} INFO - DAG(s) 'example_python_operator' retrieved from /home/airflow/.local/lib/python3.12/site-packages/airflow/example_dags/example_python_operator.py
[2024-05-24T00:21:16.214+0000] {logging_mixin.py:188} INFO - [2024-05-24T00:21:16.214+0000] {dag.py:3096} INFO - Sync 1 DAGs
[2024-05-24T00:21:16.222+0000] {logging_mixin.py:188} INFO - [2024-05-24T00:21:16.222+0000] {dag.py:3954} INFO - Setting next_dagrun for example_python_operator to None, run_after=None
[2024-05-24T00:21:16.232+0000] {processor.py:183} INFO - Processing /home/airflow/.local/lib/python3.12/site-packages/airflow/example_dags/example_python_operator.py took 0.040 seconds
[2024-05-24T00:21:46.844+0000] {processor.py:161} INFO - Started process (PID=951) to work on /home/airflow/.local/lib/python3.12/site-packages/airflow/example_dags/example_python_operator.py
[2024-05-24T00:21:46.844+0000] {processor.py:830} INFO - Processing file /home/airflow/.local/lib/python3.12/site-packages/airflow/example_dags/example_python_operator.py for tasks to queue
[2024-05-24T00:21:46.845+0000] {logging_mixin.py:188} INFO - [2024-05-24T00:21:46.845+0000] {dagbag.py:545} INFO - Filling up the DagBag from /home/airflow/.local/lib/python3.12/site-packages/airflow/example_dags/example_python_operator.py
[2024-05-24T00:21:46.852+0000] {processor.py:840} INFO - DAG(s) 'example_python_operator' retrieved from /home/airflow/.local/lib/python3.12/site-packages/airflow/example_dags/example_python_operator.py
[2024-05-24T00:21:46.867+0000] {logging_mixin.py:188} INFO - [2024-05-24T00:21:46.866+0000] {dag.py:3096} INFO - Sync 1 DAGs
[2024-05-24T00:21:46.875+0000] {logging_mixin.py:188} INFO - [2024-05-24T00:21:46.875+0000] {dag.py:3954} INFO - Setting next_dagrun for example_python_operator to None, run_after=None
[2024-05-24T00:21:46.886+0000] {processor.py:183} INFO - Processing /home/airflow/.local/lib/python3.12/site-packages/airflow/example_dags/example_python_operator.py took 0.047 seconds
[2024-05-24T00:22:17.621+0000] {processor.py:161} INFO - Started process (PID=1011) to work on /home/airflow/.local/lib/python3.12/site-packages/airflow/example_dags/example_python_operator.py
[2024-05-24T00:22:17.622+0000] {processor.py:830} INFO - Processing file /home/airflow/.local/lib/python3.12/site-packages/airflow/example_dags/example_python_operator.py for tasks to queue
[2024-05-24T00:22:17.623+0000] {logging_mixin.py:188} INFO - [2024-05-24T00:22:17.623+0000] {dagbag.py:545} INFO - Filling up the DagBag from /home/airflow/.local/lib/python3.12/site-packages/airflow/example_dags/example_python_operator.py
[2024-05-24T00:22:17.628+0000] {processor.py:840} INFO - DAG(s) 'example_python_operator' retrieved from /home/airflow/.local/lib/python3.12/site-packages/airflow/example_dags/example_python_operator.py
[2024-05-24T00:22:17.641+0000] {logging_mixin.py:188} INFO - [2024-05-24T00:22:17.641+0000] {dag.py:3096} INFO - Sync 1 DAGs
[2024-05-24T00:22:17.648+0000] {logging_mixin.py:188} INFO - [2024-05-24T00:22:17.648+0000] {dag.py:3954} INFO - Setting next_dagrun for example_python_operator to None, run_after=None
[2024-05-24T00:22:17.658+0000] {processor.py:183} INFO - Processing /home/airflow/.local/lib/python3.12/site-packages/airflow/example_dags/example_python_operator.py took 0.040 seconds
[2024-05-24T00:22:47.760+0000] {processor.py:161} INFO - Started process (PID=1089) to work on /home/airflow/.local/lib/python3.12/site-packages/airflow/example_dags/example_python_operator.py
[2024-05-24T00:22:47.760+0000] {processor.py:830} INFO - Processing file /home/airflow/.local/lib/python3.12/site-packages/airflow/example_dags/example_python_operator.py for tasks to queue
[2024-05-24T00:22:47.761+0000] {logging_mixin.py:188} INFO - [2024-05-24T00:22:47.761+0000] {dagbag.py:545} INFO - Filling up the DagBag from /home/airflow/.local/lib/python3.12/site-packages/airflow/example_dags/example_python_operator.py
[2024-05-24T00:22:47.765+0000] {processor.py:840} INFO - DAG(s) 'example_python_operator' retrieved from /home/airflow/.local/lib/python3.12/site-packages/airflow/example_dags/example_python_operator.py
[2024-05-24T00:22:47.778+0000] {logging_mixin.py:188} INFO - [2024-05-24T00:22:47.778+0000] {dag.py:3096} INFO - Sync 1 DAGs
[2024-05-24T00:22:47.783+0000] {logging_mixin.py:188} INFO - [2024-05-24T00:22:47.783+0000] {dag.py:3954} INFO - Setting next_dagrun for example_python_operator to None, run_after=None
[2024-05-24T00:22:47.790+0000] {processor.py:183} INFO - Processing /home/airflow/.local/lib/python3.12/site-packages/airflow/example_dags/example_python_operator.py took 0.032 seconds
[2024-05-24T00:23:18.492+0000] {processor.py:161} INFO - Started process (PID=1149) to work on /home/airflow/.local/lib/python3.12/site-packages/airflow/example_dags/example_python_operator.py
[2024-05-24T00:23:18.492+0000] {processor.py:830} INFO - Processing file /home/airflow/.local/lib/python3.12/site-packages/airflow/example_dags/example_python_operator.py for tasks to queue
[2024-05-24T00:23:18.493+0000] {logging_mixin.py:188} INFO - [2024-05-24T00:23:18.493+0000] {dagbag.py:545} INFO - Filling up the DagBag from /home/airflow/.local/lib/python3.12/site-packages/airflow/example_dags/example_python_operator.py
[2024-05-24T00:23:18.499+0000] {processor.py:840} INFO - DAG(s) 'example_python_operator' retrieved from /home/airflow/.local/lib/python3.12/site-packages/airflow/example_dags/example_python_operator.py
[2024-05-24T00:23:18.509+0000] {logging_mixin.py:188} INFO - [2024-05-24T00:23:18.509+0000] {dag.py:3096} INFO - Sync 1 DAGs
[2024-05-24T00:23:18.514+0000] {logging_mixin.py:188} INFO - [2024-05-24T00:23:18.514+0000] {dag.py:3954} INFO - Setting next_dagrun for example_python_operator to None, run_after=None
[2024-05-24T00:23:18.521+0000] {processor.py:183} INFO - Processing /home/airflow/.local/lib/python3.12/site-packages/airflow/example_dags/example_python_operator.py took 0.033 seconds
[2024-05-24T00:23:49.332+0000] {processor.py:161} INFO - Started process (PID=1209) to work on /home/airflow/.local/lib/python3.12/site-packages/airflow/example_dags/example_python_operator.py
[2024-05-24T00:23:49.332+0000] {processor.py:830} INFO - Processing file /home/airflow/.local/lib/python3.12/site-packages/airflow/example_dags/example_python_operator.py for tasks to queue
[2024-05-24T00:23:49.333+0000] {logging_mixin.py:188} INFO - [2024-05-24T00:23:49.333+0000] {dagbag.py:545} INFO - Filling up the DagBag from /home/airflow/.local/lib/python3.12/site-packages/airflow/example_dags/example_python_operator.py
[2024-05-24T00:23:49.337+0000] {processor.py:840} INFO - DAG(s) 'example_python_operator' retrieved from /home/airflow/.local/lib/python3.12/site-packages/airflow/example_dags/example_python_operator.py
[2024-05-24T00:23:49.350+0000] {logging_mixin.py:188} INFO - [2024-05-24T00:23:49.350+0000] {dag.py:3096} INFO - Sync 1 DAGs
[2024-05-24T00:23:49.359+0000] {logging_mixin.py:188} INFO - [2024-05-24T00:23:49.359+0000] {dag.py:3954} INFO - Setting next_dagrun for example_python_operator to None, run_after=None
[2024-05-24T00:23:49.369+0000] {processor.py:183} INFO - Processing /home/airflow/.local/lib/python3.12/site-packages/airflow/example_dags/example_python_operator.py took 0.039 seconds
[2024-05-24T00:24:20.132+0000] {processor.py:161} INFO - Started process (PID=1269) to work on /home/airflow/.local/lib/python3.12/site-packages/airflow/example_dags/example_python_operator.py
[2024-05-24T00:24:20.133+0000] {processor.py:830} INFO - Processing file /home/airflow/.local/lib/python3.12/site-packages/airflow/example_dags/example_python_operator.py for tasks to queue
[2024-05-24T00:24:20.133+0000] {logging_mixin.py:188} INFO - [2024-05-24T00:24:20.133+0000] {dagbag.py:545} INFO - Filling up the DagBag from /home/airflow/.local/lib/python3.12/site-packages/airflow/example_dags/example_python_operator.py
[2024-05-24T00:24:20.137+0000] {processor.py:840} INFO - DAG(s) 'example_python_operator' retrieved from /home/airflow/.local/lib/python3.12/site-packages/airflow/example_dags/example_python_operator.py
[2024-05-24T00:24:20.151+0000] {logging_mixin.py:188} INFO - [2024-05-24T00:24:20.151+0000] {dag.py:3096} INFO - Sync 1 DAGs
[2024-05-24T00:24:20.159+0000] {logging_mixin.py:188} INFO - [2024-05-24T00:24:20.159+0000] {dag.py:3954} INFO - Setting next_dagrun for example_python_operator to None, run_after=None
[2024-05-24T00:24:20.168+0000] {processor.py:183} INFO - Processing /home/airflow/.local/lib/python3.12/site-packages/airflow/example_dags/example_python_operator.py took 0.038 seconds
[2024-05-24T00:24:50.832+0000] {processor.py:161} INFO - Started process (PID=1329) to work on /home/airflow/.local/lib/python3.12/site-packages/airflow/example_dags/example_python_operator.py
[2024-05-24T00:24:50.833+0000] {processor.py:830} INFO - Processing file /home/airflow/.local/lib/python3.12/site-packages/airflow/example_dags/example_python_operator.py for tasks to queue
[2024-05-24T00:24:50.833+0000] {logging_mixin.py:188} INFO - [2024-05-24T00:24:50.833+0000] {dagbag.py:545} INFO - Filling up the DagBag from /home/airflow/.local/lib/python3.12/site-packages/airflow/example_dags/example_python_operator.py
[2024-05-24T00:24:50.837+0000] {processor.py:840} INFO - DAG(s) 'example_python_operator' retrieved from /home/airflow/.local/lib/python3.12/site-packages/airflow/example_dags/example_python_operator.py
[2024-05-24T00:24:50.846+0000] {logging_mixin.py:188} INFO - [2024-05-24T00:24:50.846+0000] {dag.py:3096} INFO - Sync 1 DAGs
[2024-05-24T00:24:50.851+0000] {logging_mixin.py:188} INFO - [2024-05-24T00:24:50.851+0000] {dag.py:3954} INFO - Setting next_dagrun for example_python_operator to None, run_after=None
[2024-05-24T00:24:50.860+0000] {processor.py:183} INFO - Processing /home/airflow/.local/lib/python3.12/site-packages/airflow/example_dags/example_python_operator.py took 0.030 seconds
[2024-05-24T00:25:21.595+0000] {processor.py:161} INFO - Started process (PID=1389) to work on /home/airflow/.local/lib/python3.12/site-packages/airflow/example_dags/example_python_operator.py
[2024-05-24T00:25:21.596+0000] {processor.py:830} INFO - Processing file /home/airflow/.local/lib/python3.12/site-packages/airflow/example_dags/example_python_operator.py for tasks to queue
[2024-05-24T00:25:21.597+0000] {logging_mixin.py:188} INFO - [2024-05-24T00:25:21.597+0000] {dagbag.py:545} INFO - Filling up the DagBag from /home/airflow/.local/lib/python3.12/site-packages/airflow/example_dags/example_python_operator.py
[2024-05-24T00:25:21.602+0000] {processor.py:840} INFO - DAG(s) 'example_python_operator' retrieved from /home/airflow/.local/lib/python3.12/site-packages/airflow/example_dags/example_python_operator.py
[2024-05-24T00:25:21.615+0000] {logging_mixin.py:188} INFO - [2024-05-24T00:25:21.615+0000] {dag.py:3096} INFO - Sync 1 DAGs
[2024-05-24T00:25:21.623+0000] {logging_mixin.py:188} INFO - [2024-05-24T00:25:21.622+0000] {dag.py:3954} INFO - Setting next_dagrun for example_python_operator to None, run_after=None
[2024-05-24T00:25:21.636+0000] {processor.py:183} INFO - Processing /home/airflow/.local/lib/python3.12/site-packages/airflow/example_dags/example_python_operator.py took 0.043 seconds
[2024-05-24T00:25:52.219+0000] {processor.py:161} INFO - Started process (PID=1449) to work on /home/airflow/.local/lib/python3.12/site-packages/airflow/example_dags/example_python_operator.py
[2024-05-24T00:25:52.219+0000] {processor.py:830} INFO - Processing file /home/airflow/.local/lib/python3.12/site-packages/airflow/example_dags/example_python_operator.py for tasks to queue
[2024-05-24T00:25:52.220+0000] {logging_mixin.py:188} INFO - [2024-05-24T00:25:52.220+0000] {dagbag.py:545} INFO - Filling up the DagBag from /home/airflow/.local/lib/python3.12/site-packages/airflow/example_dags/example_python_operator.py
[2024-05-24T00:25:52.224+0000] {processor.py:840} INFO - DAG(s) 'example_python_operator' retrieved from /home/airflow/.local/lib/python3.12/site-packages/airflow/example_dags/example_python_operator.py
[2024-05-24T00:25:52.239+0000] {logging_mixin.py:188} INFO - [2024-05-24T00:25:52.239+0000] {dag.py:3096} INFO - Sync 1 DAGs
[2024-05-24T00:25:52.252+0000] {logging_mixin.py:188} INFO - [2024-05-24T00:25:52.252+0000] {dag.py:3954} INFO - Setting next_dagrun for example_python_operator to None, run_after=None
[2024-05-24T00:25:52.264+0000] {processor.py:183} INFO - Processing /home/airflow/.local/lib/python3.12/site-packages/airflow/example_dags/example_python_operator.py took 0.049 seconds
[2024-05-24T00:26:22.892+0000] {processor.py:161} INFO - Started process (PID=1509) to work on /home/airflow/.local/lib/python3.12/site-packages/airflow/example_dags/example_python_operator.py
[2024-05-24T00:26:22.893+0000] {processor.py:830} INFO - Processing file /home/airflow/.local/lib/python3.12/site-packages/airflow/example_dags/example_python_operator.py for tasks to queue
[2024-05-24T00:26:22.893+0000] {logging_mixin.py:188} INFO - [2024-05-24T00:26:22.893+0000] {dagbag.py:545} INFO - Filling up the DagBag from /home/airflow/.local/lib/python3.12/site-packages/airflow/example_dags/example_python_operator.py
[2024-05-24T00:26:22.897+0000] {processor.py:840} INFO - DAG(s) 'example_python_operator' retrieved from /home/airflow/.local/lib/python3.12/site-packages/airflow/example_dags/example_python_operator.py
[2024-05-24T00:26:22.909+0000] {logging_mixin.py:188} INFO - [2024-05-24T00:26:22.908+0000] {dag.py:3096} INFO - Sync 1 DAGs
[2024-05-24T00:26:22.915+0000] {logging_mixin.py:188} INFO - [2024-05-24T00:26:22.915+0000] {dag.py:3954} INFO - Setting next_dagrun for example_python_operator to None, run_after=None
[2024-05-24T00:26:22.923+0000] {processor.py:183} INFO - Processing /home/airflow/.local/lib/python3.12/site-packages/airflow/example_dags/example_python_operator.py took 0.033 seconds
[2024-05-24T00:26:53.577+0000] {processor.py:161} INFO - Started process (PID=1570) to work on /home/airflow/.local/lib/python3.12/site-packages/airflow/example_dags/example_python_operator.py
[2024-05-24T00:26:53.578+0000] {processor.py:830} INFO - Processing file /home/airflow/.local/lib/python3.12/site-packages/airflow/example_dags/example_python_operator.py for tasks to queue
[2024-05-24T00:26:53.578+0000] {logging_mixin.py:188} INFO - [2024-05-24T00:26:53.578+0000] {dagbag.py:545} INFO - Filling up the DagBag from /home/airflow/.local/lib/python3.12/site-packages/airflow/example_dags/example_python_operator.py
[2024-05-24T00:26:53.582+0000] {processor.py:840} INFO - DAG(s) 'example_python_operator' retrieved from /home/airflow/.local/lib/python3.12/site-packages/airflow/example_dags/example_python_operator.py
[2024-05-24T00:26:53.593+0000] {logging_mixin.py:188} INFO - [2024-05-24T00:26:53.593+0000] {dag.py:3096} INFO - Sync 1 DAGs
[2024-05-24T00:26:53.600+0000] {logging_mixin.py:188} INFO - [2024-05-24T00:26:53.600+0000] {dag.py:3954} INFO - Setting next_dagrun for example_python_operator to None, run_after=None
[2024-05-24T00:26:53.611+0000] {processor.py:183} INFO - Processing /home/airflow/.local/lib/python3.12/site-packages/airflow/example_dags/example_python_operator.py took 0.036 seconds
[2024-05-24T00:27:24.336+0000] {processor.py:161} INFO - Started process (PID=1630) to work on /home/airflow/.local/lib/python3.12/site-packages/airflow/example_dags/example_python_operator.py
[2024-05-24T00:27:24.336+0000] {processor.py:830} INFO - Processing file /home/airflow/.local/lib/python3.12/site-packages/airflow/example_dags/example_python_operator.py for tasks to queue
[2024-05-24T00:27:24.337+0000] {logging_mixin.py:188} INFO - [2024-05-24T00:27:24.337+0000] {dagbag.py:545} INFO - Filling up the DagBag from /home/airflow/.local/lib/python3.12/site-packages/airflow/example_dags/example_python_operator.py
[2024-05-24T00:27:24.341+0000] {processor.py:840} INFO - DAG(s) 'example_python_operator' retrieved from /home/airflow/.local/lib/python3.12/site-packages/airflow/example_dags/example_python_operator.py
[2024-05-24T00:27:24.353+0000] {logging_mixin.py:188} INFO - [2024-05-24T00:27:24.353+0000] {dag.py:3096} INFO - Sync 1 DAGs
[2024-05-24T00:27:24.364+0000] {logging_mixin.py:188} INFO - [2024-05-24T00:27:24.364+0000] {dag.py:3954} INFO - Setting next_dagrun for example_python_operator to None, run_after=None
[2024-05-24T00:27:24.375+0000] {processor.py:183} INFO - Processing /home/airflow/.local/lib/python3.12/site-packages/airflow/example_dags/example_python_operator.py took 0.041 seconds
[2024-05-24T00:27:55.064+0000] {processor.py:161} INFO - Started process (PID=1690) to work on /home/airflow/.local/lib/python3.12/site-packages/airflow/example_dags/example_python_operator.py
[2024-05-24T00:27:55.064+0000] {processor.py:830} INFO - Processing file /home/airflow/.local/lib/python3.12/site-packages/airflow/example_dags/example_python_operator.py for tasks to queue
[2024-05-24T00:27:55.065+0000] {logging_mixin.py:188} INFO - [2024-05-24T00:27:55.065+0000] {dagbag.py:545} INFO - Filling up the DagBag from /home/airflow/.local/lib/python3.12/site-packages/airflow/example_dags/example_python_operator.py
[2024-05-24T00:27:55.069+0000] {processor.py:840} INFO - DAG(s) 'example_python_operator' retrieved from /home/airflow/.local/lib/python3.12/site-packages/airflow/example_dags/example_python_operator.py
[2024-05-24T00:27:55.080+0000] {logging_mixin.py:188} INFO - [2024-05-24T00:27:55.080+0000] {dag.py:3096} INFO - Sync 1 DAGs
[2024-05-24T00:27:55.087+0000] {logging_mixin.py:188} INFO - [2024-05-24T00:27:55.087+0000] {dag.py:3954} INFO - Setting next_dagrun for example_python_operator to None, run_after=None
[2024-05-24T00:27:55.097+0000] {processor.py:183} INFO - Processing /home/airflow/.local/lib/python3.12/site-packages/airflow/example_dags/example_python_operator.py took 0.036 seconds
[2024-05-24T00:28:26.039+0000] {processor.py:161} INFO - Started process (PID=1750) to work on /home/airflow/.local/lib/python3.12/site-packages/airflow/example_dags/example_python_operator.py
[2024-05-24T00:28:26.040+0000] {processor.py:830} INFO - Processing file /home/airflow/.local/lib/python3.12/site-packages/airflow/example_dags/example_python_operator.py for tasks to queue
[2024-05-24T00:28:26.040+0000] {logging_mixin.py:188} INFO - [2024-05-24T00:28:26.040+0000] {dagbag.py:545} INFO - Filling up the DagBag from /home/airflow/.local/lib/python3.12/site-packages/airflow/example_dags/example_python_operator.py
[2024-05-24T00:28:26.044+0000] {processor.py:840} INFO - DAG(s) 'example_python_operator' retrieved from /home/airflow/.local/lib/python3.12/site-packages/airflow/example_dags/example_python_operator.py
[2024-05-24T00:28:26.064+0000] {logging_mixin.py:188} INFO - [2024-05-24T00:28:26.063+0000] {dag.py:3096} INFO - Sync 1 DAGs
[2024-05-24T00:28:26.071+0000] {logging_mixin.py:188} INFO - [2024-05-24T00:28:26.071+0000] {dag.py:3954} INFO - Setting next_dagrun for example_python_operator to None, run_after=None
[2024-05-24T00:28:26.084+0000] {processor.py:183} INFO - Processing /home/airflow/.local/lib/python3.12/site-packages/airflow/example_dags/example_python_operator.py took 0.047 seconds
[2024-05-24T00:28:56.830+0000] {processor.py:161} INFO - Started process (PID=1810) to work on /home/airflow/.local/lib/python3.12/site-packages/airflow/example_dags/example_python_operator.py
[2024-05-24T00:28:56.831+0000] {processor.py:830} INFO - Processing file /home/airflow/.local/lib/python3.12/site-packages/airflow/example_dags/example_python_operator.py for tasks to queue
[2024-05-24T00:28:56.832+0000] {logging_mixin.py:188} INFO - [2024-05-24T00:28:56.832+0000] {dagbag.py:545} INFO - Filling up the DagBag from /home/airflow/.local/lib/python3.12/site-packages/airflow/example_dags/example_python_operator.py
[2024-05-24T00:28:56.837+0000] {processor.py:840} INFO - DAG(s) 'example_python_operator' retrieved from /home/airflow/.local/lib/python3.12/site-packages/airflow/example_dags/example_python_operator.py
[2024-05-24T00:28:56.846+0000] {logging_mixin.py:188} INFO - [2024-05-24T00:28:56.845+0000] {dag.py:3096} INFO - Sync 1 DAGs
[2024-05-24T00:28:56.851+0000] {logging_mixin.py:188} INFO - [2024-05-24T00:28:56.850+0000] {dag.py:3954} INFO - Setting next_dagrun for example_python_operator to None, run_after=None
[2024-05-24T00:28:56.858+0000] {processor.py:183} INFO - Processing /home/airflow/.local/lib/python3.12/site-packages/airflow/example_dags/example_python_operator.py took 0.031 seconds
[2024-05-24T00:29:27.700+0000] {processor.py:161} INFO - Started process (PID=1870) to work on /home/airflow/.local/lib/python3.12/site-packages/airflow/example_dags/example_python_operator.py
[2024-05-24T00:29:27.701+0000] {processor.py:830} INFO - Processing file /home/airflow/.local/lib/python3.12/site-packages/airflow/example_dags/example_python_operator.py for tasks to queue
[2024-05-24T00:29:27.702+0000] {logging_mixin.py:188} INFO - [2024-05-24T00:29:27.702+0000] {dagbag.py:545} INFO - Filling up the DagBag from /home/airflow/.local/lib/python3.12/site-packages/airflow/example_dags/example_python_operator.py
[2024-05-24T00:29:27.706+0000] {processor.py:840} INFO - DAG(s) 'example_python_operator' retrieved from /home/airflow/.local/lib/python3.12/site-packages/airflow/example_dags/example_python_operator.py
[2024-05-24T00:29:27.721+0000] {logging_mixin.py:188} INFO - [2024-05-24T00:29:27.721+0000] {dag.py:3096} INFO - Sync 1 DAGs
[2024-05-24T00:29:27.727+0000] {logging_mixin.py:188} INFO - [2024-05-24T00:29:27.727+0000] {dag.py:3954} INFO - Setting next_dagrun for example_python_operator to None, run_after=None
[2024-05-24T00:29:27.738+0000] {processor.py:183} INFO - Processing /home/airflow/.local/lib/python3.12/site-packages/airflow/example_dags/example_python_operator.py took 0.042 seconds
[2024-05-24T00:29:58.774+0000] {processor.py:161} INFO - Started process (PID=1930) to work on /home/airflow/.local/lib/python3.12/site-packages/airflow/example_dags/example_python_operator.py
[2024-05-24T00:29:58.774+0000] {processor.py:830} INFO - Processing file /home/airflow/.local/lib/python3.12/site-packages/airflow/example_dags/example_python_operator.py for tasks to queue
[2024-05-24T00:29:58.775+0000] {logging_mixin.py:188} INFO - [2024-05-24T00:29:58.775+0000] {dagbag.py:545} INFO - Filling up the DagBag from /home/airflow/.local/lib/python3.12/site-packages/airflow/example_dags/example_python_operator.py
[2024-05-24T00:29:58.782+0000] {processor.py:840} INFO - DAG(s) 'example_python_operator' retrieved from /home/airflow/.local/lib/python3.12/site-packages/airflow/example_dags/example_python_operator.py
[2024-05-24T00:29:58.798+0000] {logging_mixin.py:188} INFO - [2024-05-24T00:29:58.798+0000] {dag.py:3096} INFO - Sync 1 DAGs
[2024-05-24T00:29:58.806+0000] {logging_mixin.py:188} INFO - [2024-05-24T00:29:58.806+0000] {dag.py:3954} INFO - Setting next_dagrun for example_python_operator to None, run_after=None
[2024-05-24T00:29:58.816+0000] {processor.py:183} INFO - Processing /home/airflow/.local/lib/python3.12/site-packages/airflow/example_dags/example_python_operator.py took 0.046 seconds
[2024-05-24T00:30:28.867+0000] {processor.py:161} INFO - Started process (PID=1990) to work on /home/airflow/.local/lib/python3.12/site-packages/airflow/example_dags/example_python_operator.py
[2024-05-24T00:30:28.868+0000] {processor.py:830} INFO - Processing file /home/airflow/.local/lib/python3.12/site-packages/airflow/example_dags/example_python_operator.py for tasks to queue
[2024-05-24T00:30:28.868+0000] {logging_mixin.py:188} INFO - [2024-05-24T00:30:28.868+0000] {dagbag.py:545} INFO - Filling up the DagBag from /home/airflow/.local/lib/python3.12/site-packages/airflow/example_dags/example_python_operator.py
[2024-05-24T00:30:28.872+0000] {processor.py:840} INFO - DAG(s) 'example_python_operator' retrieved from /home/airflow/.local/lib/python3.12/site-packages/airflow/example_dags/example_python_operator.py
[2024-05-24T00:30:28.881+0000] {logging_mixin.py:188} INFO - [2024-05-24T00:30:28.881+0000] {dag.py:3096} INFO - Sync 1 DAGs
[2024-05-24T00:30:28.886+0000] {logging_mixin.py:188} INFO - [2024-05-24T00:30:28.886+0000] {dag.py:3954} INFO - Setting next_dagrun for example_python_operator to None, run_after=None
[2024-05-24T00:30:28.893+0000] {processor.py:183} INFO - Processing /home/airflow/.local/lib/python3.12/site-packages/airflow/example_dags/example_python_operator.py took 0.028 seconds
[2024-05-24T00:30:59.620+0000] {processor.py:161} INFO - Started process (PID=2050) to work on /home/airflow/.local/lib/python3.12/site-packages/airflow/example_dags/example_python_operator.py
[2024-05-24T00:30:59.621+0000] {processor.py:830} INFO - Processing file /home/airflow/.local/lib/python3.12/site-packages/airflow/example_dags/example_python_operator.py for tasks to queue
[2024-05-24T00:30:59.622+0000] {logging_mixin.py:188} INFO - [2024-05-24T00:30:59.622+0000] {dagbag.py:545} INFO - Filling up the DagBag from /home/airflow/.local/lib/python3.12/site-packages/airflow/example_dags/example_python_operator.py
[2024-05-24T00:30:59.626+0000] {processor.py:840} INFO - DAG(s) 'example_python_operator' retrieved from /home/airflow/.local/lib/python3.12/site-packages/airflow/example_dags/example_python_operator.py
[2024-05-24T00:30:59.638+0000] {logging_mixin.py:188} INFO - [2024-05-24T00:30:59.638+0000] {dag.py:3096} INFO - Sync 1 DAGs
[2024-05-24T00:30:59.644+0000] {logging_mixin.py:188} INFO - [2024-05-24T00:30:59.644+0000] {dag.py:3954} INFO - Setting next_dagrun for example_python_operator to None, run_after=None
[2024-05-24T00:30:59.655+0000] {processor.py:183} INFO - Processing /home/airflow/.local/lib/python3.12/site-packages/airflow/example_dags/example_python_operator.py took 0.037 seconds
[2024-05-24T00:31:30.043+0000] {processor.py:161} INFO - Started process (PID=2110) to work on /home/airflow/.local/lib/python3.12/site-packages/airflow/example_dags/example_python_operator.py
[2024-05-24T00:31:30.044+0000] {processor.py:830} INFO - Processing file /home/airflow/.local/lib/python3.12/site-packages/airflow/example_dags/example_python_operator.py for tasks to queue
[2024-05-24T00:31:30.045+0000] {logging_mixin.py:188} INFO - [2024-05-24T00:31:30.045+0000] {dagbag.py:545} INFO - Filling up the DagBag from /home/airflow/.local/lib/python3.12/site-packages/airflow/example_dags/example_python_operator.py
[2024-05-24T00:31:30.050+0000] {processor.py:840} INFO - DAG(s) 'example_python_operator' retrieved from /home/airflow/.local/lib/python3.12/site-packages/airflow/example_dags/example_python_operator.py
[2024-05-24T00:31:30.059+0000] {logging_mixin.py:188} INFO - [2024-05-24T00:31:30.059+0000] {dag.py:3096} INFO - Sync 1 DAGs
[2024-05-24T00:31:30.064+0000] {logging_mixin.py:188} INFO - [2024-05-24T00:31:30.064+0000] {dag.py:3954} INFO - Setting next_dagrun for example_python_operator to None, run_after=None
[2024-05-24T00:31:30.070+0000] {processor.py:183} INFO - Processing /home/airflow/.local/lib/python3.12/site-packages/airflow/example_dags/example_python_operator.py took 0.032 seconds
[2024-05-24T00:32:00.445+0000] {processor.py:161} INFO - Started process (PID=2170) to work on /home/airflow/.local/lib/python3.12/site-packages/airflow/example_dags/example_python_operator.py
[2024-05-24T00:32:00.445+0000] {processor.py:830} INFO - Processing file /home/airflow/.local/lib/python3.12/site-packages/airflow/example_dags/example_python_operator.py for tasks to queue
[2024-05-24T00:32:00.446+0000] {logging_mixin.py:188} INFO - [2024-05-24T00:32:00.446+0000] {dagbag.py:545} INFO - Filling up the DagBag from /home/airflow/.local/lib/python3.12/site-packages/airflow/example_dags/example_python_operator.py
[2024-05-24T00:32:00.450+0000] {processor.py:840} INFO - DAG(s) 'example_python_operator' retrieved from /home/airflow/.local/lib/python3.12/site-packages/airflow/example_dags/example_python_operator.py
[2024-05-24T00:32:00.462+0000] {logging_mixin.py:188} INFO - [2024-05-24T00:32:00.462+0000] {dag.py:3096} INFO - Sync 1 DAGs
[2024-05-24T00:32:00.524+0000] {logging_mixin.py:188} INFO - [2024-05-24T00:32:00.524+0000] {dag.py:3954} INFO - Setting next_dagrun for example_python_operator to None, run_after=None
[2024-05-24T00:32:00.535+0000] {processor.py:183} INFO - Processing /home/airflow/.local/lib/python3.12/site-packages/airflow/example_dags/example_python_operator.py took 0.092 seconds
[2024-05-24T00:32:30.851+0000] {processor.py:161} INFO - Started process (PID=2230) to work on /home/airflow/.local/lib/python3.12/site-packages/airflow/example_dags/example_python_operator.py
[2024-05-24T00:32:30.852+0000] {processor.py:830} INFO - Processing file /home/airflow/.local/lib/python3.12/site-packages/airflow/example_dags/example_python_operator.py for tasks to queue
[2024-05-24T00:32:30.853+0000] {logging_mixin.py:188} INFO - [2024-05-24T00:32:30.853+0000] {dagbag.py:545} INFO - Filling up the DagBag from /home/airflow/.local/lib/python3.12/site-packages/airflow/example_dags/example_python_operator.py
[2024-05-24T00:32:30.858+0000] {processor.py:840} INFO - DAG(s) 'example_python_operator' retrieved from /home/airflow/.local/lib/python3.12/site-packages/airflow/example_dags/example_python_operator.py
[2024-05-24T00:32:30.873+0000] {logging_mixin.py:188} INFO - [2024-05-24T00:32:30.873+0000] {dag.py:3096} INFO - Sync 1 DAGs
[2024-05-24T00:32:30.882+0000] {logging_mixin.py:188} INFO - [2024-05-24T00:32:30.882+0000] {dag.py:3954} INFO - Setting next_dagrun for example_python_operator to None, run_after=None
[2024-05-24T00:32:30.893+0000] {processor.py:183} INFO - Processing /home/airflow/.local/lib/python3.12/site-packages/airflow/example_dags/example_python_operator.py took 0.045 seconds
[2024-05-24T00:33:01.548+0000] {processor.py:161} INFO - Started process (PID=2290) to work on /home/airflow/.local/lib/python3.12/site-packages/airflow/example_dags/example_python_operator.py
[2024-05-24T00:33:01.548+0000] {processor.py:830} INFO - Processing file /home/airflow/.local/lib/python3.12/site-packages/airflow/example_dags/example_python_operator.py for tasks to queue
[2024-05-24T00:33:01.549+0000] {logging_mixin.py:188} INFO - [2024-05-24T00:33:01.549+0000] {dagbag.py:545} INFO - Filling up the DagBag from /home/airflow/.local/lib/python3.12/site-packages/airflow/example_dags/example_python_operator.py
[2024-05-24T00:33:01.553+0000] {processor.py:840} INFO - DAG(s) 'example_python_operator' retrieved from /home/airflow/.local/lib/python3.12/site-packages/airflow/example_dags/example_python_operator.py
[2024-05-24T00:33:01.568+0000] {logging_mixin.py:188} INFO - [2024-05-24T00:33:01.568+0000] {dag.py:3096} INFO - Sync 1 DAGs
[2024-05-24T00:33:01.577+0000] {logging_mixin.py:188} INFO - [2024-05-24T00:33:01.576+0000] {dag.py:3954} INFO - Setting next_dagrun for example_python_operator to None, run_after=None
[2024-05-24T00:33:01.587+0000] {processor.py:183} INFO - Processing /home/airflow/.local/lib/python3.12/site-packages/airflow/example_dags/example_python_operator.py took 0.042 seconds
[2024-05-24T00:33:32.307+0000] {processor.py:161} INFO - Started process (PID=2356) to work on /home/airflow/.local/lib/python3.12/site-packages/airflow/example_dags/example_python_operator.py
[2024-05-24T00:33:32.307+0000] {processor.py:830} INFO - Processing file /home/airflow/.local/lib/python3.12/site-packages/airflow/example_dags/example_python_operator.py for tasks to queue
[2024-05-24T00:33:32.308+0000] {logging_mixin.py:188} INFO - [2024-05-24T00:33:32.308+0000] {dagbag.py:545} INFO - Filling up the DagBag from /home/airflow/.local/lib/python3.12/site-packages/airflow/example_dags/example_python_operator.py
[2024-05-24T00:33:32.314+0000] {processor.py:840} INFO - DAG(s) 'example_python_operator' retrieved from /home/airflow/.local/lib/python3.12/site-packages/airflow/example_dags/example_python_operator.py
[2024-05-24T00:33:32.326+0000] {logging_mixin.py:188} INFO - [2024-05-24T00:33:32.326+0000] {dag.py:3096} INFO - Sync 1 DAGs
[2024-05-24T00:33:32.331+0000] {logging_mixin.py:188} INFO - [2024-05-24T00:33:32.331+0000] {dag.py:3954} INFO - Setting next_dagrun for example_python_operator to None, run_after=None
[2024-05-24T00:33:32.339+0000] {processor.py:183} INFO - Processing /home/airflow/.local/lib/python3.12/site-packages/airflow/example_dags/example_python_operator.py took 0.038 seconds
[2024-05-24T00:34:03.179+0000] {processor.py:161} INFO - Started process (PID=2416) to work on /home/airflow/.local/lib/python3.12/site-packages/airflow/example_dags/example_python_operator.py
[2024-05-24T00:34:03.179+0000] {processor.py:830} INFO - Processing file /home/airflow/.local/lib/python3.12/site-packages/airflow/example_dags/example_python_operator.py for tasks to queue
[2024-05-24T00:34:03.180+0000] {logging_mixin.py:188} INFO - [2024-05-24T00:34:03.180+0000] {dagbag.py:545} INFO - Filling up the DagBag from /home/airflow/.local/lib/python3.12/site-packages/airflow/example_dags/example_python_operator.py
[2024-05-24T00:34:03.184+0000] {processor.py:840} INFO - DAG(s) 'example_python_operator' retrieved from /home/airflow/.local/lib/python3.12/site-packages/airflow/example_dags/example_python_operator.py
[2024-05-24T00:34:03.195+0000] {logging_mixin.py:188} INFO - [2024-05-24T00:34:03.195+0000] {dag.py:3096} INFO - Sync 1 DAGs
[2024-05-24T00:34:03.200+0000] {logging_mixin.py:188} INFO - [2024-05-24T00:34:03.200+0000] {dag.py:3954} INFO - Setting next_dagrun for example_python_operator to None, run_after=None
[2024-05-24T00:34:03.206+0000] {processor.py:183} INFO - Processing /home/airflow/.local/lib/python3.12/site-packages/airflow/example_dags/example_python_operator.py took 0.031 seconds
[2024-05-24T00:34:33.857+0000] {processor.py:161} INFO - Started process (PID=2476) to work on /home/airflow/.local/lib/python3.12/site-packages/airflow/example_dags/example_python_operator.py
[2024-05-24T00:34:33.857+0000] {processor.py:830} INFO - Processing file /home/airflow/.local/lib/python3.12/site-packages/airflow/example_dags/example_python_operator.py for tasks to queue
[2024-05-24T00:34:33.858+0000] {logging_mixin.py:188} INFO - [2024-05-24T00:34:33.858+0000] {dagbag.py:545} INFO - Filling up the DagBag from /home/airflow/.local/lib/python3.12/site-packages/airflow/example_dags/example_python_operator.py
[2024-05-24T00:34:33.862+0000] {processor.py:840} INFO - DAG(s) 'example_python_operator' retrieved from /home/airflow/.local/lib/python3.12/site-packages/airflow/example_dags/example_python_operator.py
[2024-05-24T00:34:33.871+0000] {logging_mixin.py:188} INFO - [2024-05-24T00:34:33.871+0000] {dag.py:3096} INFO - Sync 1 DAGs
[2024-05-24T00:34:33.876+0000] {logging_mixin.py:188} INFO - [2024-05-24T00:34:33.876+0000] {dag.py:3954} INFO - Setting next_dagrun for example_python_operator to None, run_after=None
[2024-05-24T00:34:33.882+0000] {processor.py:183} INFO - Processing /home/airflow/.local/lib/python3.12/site-packages/airflow/example_dags/example_python_operator.py took 0.028 seconds
[2024-05-24T00:35:04.664+0000] {processor.py:161} INFO - Started process (PID=2536) to work on /home/airflow/.local/lib/python3.12/site-packages/airflow/example_dags/example_python_operator.py
[2024-05-24T00:35:04.664+0000] {processor.py:830} INFO - Processing file /home/airflow/.local/lib/python3.12/site-packages/airflow/example_dags/example_python_operator.py for tasks to queue
[2024-05-24T00:35:04.665+0000] {logging_mixin.py:188} INFO - [2024-05-24T00:35:04.665+0000] {dagbag.py:545} INFO - Filling up the DagBag from /home/airflow/.local/lib/python3.12/site-packages/airflow/example_dags/example_python_operator.py
[2024-05-24T00:35:04.672+0000] {processor.py:840} INFO - DAG(s) 'example_python_operator' retrieved from /home/airflow/.local/lib/python3.12/site-packages/airflow/example_dags/example_python_operator.py
[2024-05-24T00:35:04.687+0000] {logging_mixin.py:188} INFO - [2024-05-24T00:35:04.687+0000] {dag.py:3096} INFO - Sync 1 DAGs
[2024-05-24T00:35:04.694+0000] {logging_mixin.py:188} INFO - [2024-05-24T00:35:04.693+0000] {dag.py:3954} INFO - Setting next_dagrun for example_python_operator to None, run_after=None
[2024-05-24T00:35:04.704+0000] {processor.py:183} INFO - Processing /home/airflow/.local/lib/python3.12/site-packages/airflow/example_dags/example_python_operator.py took 0.043 seconds
[2024-05-24T00:35:35.403+0000] {processor.py:161} INFO - Started process (PID=2596) to work on /home/airflow/.local/lib/python3.12/site-packages/airflow/example_dags/example_python_operator.py
[2024-05-24T00:35:35.404+0000] {processor.py:830} INFO - Processing file /home/airflow/.local/lib/python3.12/site-packages/airflow/example_dags/example_python_operator.py for tasks to queue
[2024-05-24T00:35:35.405+0000] {logging_mixin.py:188} INFO - [2024-05-24T00:35:35.404+0000] {dagbag.py:545} INFO - Filling up the DagBag from /home/airflow/.local/lib/python3.12/site-packages/airflow/example_dags/example_python_operator.py
[2024-05-24T00:35:35.409+0000] {processor.py:840} INFO - DAG(s) 'example_python_operator' retrieved from /home/airflow/.local/lib/python3.12/site-packages/airflow/example_dags/example_python_operator.py
[2024-05-24T00:35:35.423+0000] {logging_mixin.py:188} INFO - [2024-05-24T00:35:35.423+0000] {dag.py:3096} INFO - Sync 1 DAGs
[2024-05-24T00:35:35.435+0000] {logging_mixin.py:188} INFO - [2024-05-24T00:35:35.435+0000] {dag.py:3954} INFO - Setting next_dagrun for example_python_operator to None, run_after=None
[2024-05-24T00:35:35.445+0000] {processor.py:183} INFO - Processing /home/airflow/.local/lib/python3.12/site-packages/airflow/example_dags/example_python_operator.py took 0.045 seconds
[2024-05-24T00:36:06.016+0000] {processor.py:161} INFO - Started process (PID=2655) to work on /home/airflow/.local/lib/python3.12/site-packages/airflow/example_dags/example_python_operator.py
[2024-05-24T00:36:06.017+0000] {processor.py:830} INFO - Processing file /home/airflow/.local/lib/python3.12/site-packages/airflow/example_dags/example_python_operator.py for tasks to queue
[2024-05-24T00:36:06.017+0000] {logging_mixin.py:188} INFO - [2024-05-24T00:36:06.017+0000] {dagbag.py:545} INFO - Filling up the DagBag from /home/airflow/.local/lib/python3.12/site-packages/airflow/example_dags/example_python_operator.py
[2024-05-24T00:36:06.021+0000] {processor.py:840} INFO - DAG(s) 'example_python_operator' retrieved from /home/airflow/.local/lib/python3.12/site-packages/airflow/example_dags/example_python_operator.py
[2024-05-24T00:36:06.035+0000] {logging_mixin.py:188} INFO - [2024-05-24T00:36:06.035+0000] {dag.py:3096} INFO - Sync 1 DAGs
[2024-05-24T00:36:06.045+0000] {logging_mixin.py:188} INFO - [2024-05-24T00:36:06.045+0000] {dag.py:3954} INFO - Setting next_dagrun for example_python_operator to None, run_after=None
[2024-05-24T00:36:06.056+0000] {processor.py:183} INFO - Processing /home/airflow/.local/lib/python3.12/site-packages/airflow/example_dags/example_python_operator.py took 0.043 seconds
[2024-05-24T00:36:36.873+0000] {processor.py:161} INFO - Started process (PID=2714) to work on /home/airflow/.local/lib/python3.12/site-packages/airflow/example_dags/example_python_operator.py
[2024-05-24T00:36:36.874+0000] {processor.py:830} INFO - Processing file /home/airflow/.local/lib/python3.12/site-packages/airflow/example_dags/example_python_operator.py for tasks to queue
[2024-05-24T00:36:36.875+0000] {logging_mixin.py:188} INFO - [2024-05-24T00:36:36.875+0000] {dagbag.py:545} INFO - Filling up the DagBag from /home/airflow/.local/lib/python3.12/site-packages/airflow/example_dags/example_python_operator.py
[2024-05-24T00:36:36.883+0000] {processor.py:840} INFO - DAG(s) 'example_python_operator' retrieved from /home/airflow/.local/lib/python3.12/site-packages/airflow/example_dags/example_python_operator.py
[2024-05-24T00:36:36.894+0000] {logging_mixin.py:188} INFO - [2024-05-24T00:36:36.894+0000] {dag.py:3096} INFO - Sync 1 DAGs
[2024-05-24T00:36:36.903+0000] {logging_mixin.py:188} INFO - [2024-05-24T00:36:36.903+0000] {dag.py:3954} INFO - Setting next_dagrun for example_python_operator to None, run_after=None
[2024-05-24T00:36:36.910+0000] {processor.py:183} INFO - Processing /home/airflow/.local/lib/python3.12/site-packages/airflow/example_dags/example_python_operator.py took 0.042 seconds
[2024-05-24T00:37:07.391+0000] {processor.py:161} INFO - Started process (PID=2773) to work on /home/airflow/.local/lib/python3.12/site-packages/airflow/example_dags/example_python_operator.py
[2024-05-24T00:37:07.391+0000] {processor.py:830} INFO - Processing file /home/airflow/.local/lib/python3.12/site-packages/airflow/example_dags/example_python_operator.py for tasks to queue
[2024-05-24T00:37:07.392+0000] {logging_mixin.py:188} INFO - [2024-05-24T00:37:07.392+0000] {dagbag.py:545} INFO - Filling up the DagBag from /home/airflow/.local/lib/python3.12/site-packages/airflow/example_dags/example_python_operator.py
[2024-05-24T00:37:07.397+0000] {processor.py:840} INFO - DAG(s) 'example_python_operator' retrieved from /home/airflow/.local/lib/python3.12/site-packages/airflow/example_dags/example_python_operator.py
[2024-05-24T00:37:07.419+0000] {logging_mixin.py:188} INFO - [2024-05-24T00:37:07.419+0000] {dag.py:3096} INFO - Sync 1 DAGs
[2024-05-24T00:37:07.431+0000] {logging_mixin.py:188} INFO - [2024-05-24T00:37:07.430+0000] {dag.py:3954} INFO - Setting next_dagrun for example_python_operator to None, run_after=None
[2024-05-24T00:37:07.451+0000] {processor.py:183} INFO - Processing /home/airflow/.local/lib/python3.12/site-packages/airflow/example_dags/example_python_operator.py took 0.064 seconds
[2024-05-24T00:37:38.155+0000] {processor.py:161} INFO - Started process (PID=2832) to work on /home/airflow/.local/lib/python3.12/site-packages/airflow/example_dags/example_python_operator.py
[2024-05-24T00:37:38.156+0000] {processor.py:830} INFO - Processing file /home/airflow/.local/lib/python3.12/site-packages/airflow/example_dags/example_python_operator.py for tasks to queue
[2024-05-24T00:37:38.156+0000] {logging_mixin.py:188} INFO - [2024-05-24T00:37:38.156+0000] {dagbag.py:545} INFO - Filling up the DagBag from /home/airflow/.local/lib/python3.12/site-packages/airflow/example_dags/example_python_operator.py
[2024-05-24T00:37:38.160+0000] {processor.py:840} INFO - DAG(s) 'example_python_operator' retrieved from /home/airflow/.local/lib/python3.12/site-packages/airflow/example_dags/example_python_operator.py
[2024-05-24T00:37:38.174+0000] {logging_mixin.py:188} INFO - [2024-05-24T00:37:38.173+0000] {dag.py:3096} INFO - Sync 1 DAGs
[2024-05-24T00:37:38.180+0000] {logging_mixin.py:188} INFO - [2024-05-24T00:37:38.180+0000] {dag.py:3954} INFO - Setting next_dagrun for example_python_operator to None, run_after=None
[2024-05-24T00:37:38.191+0000] {processor.py:183} INFO - Processing /home/airflow/.local/lib/python3.12/site-packages/airflow/example_dags/example_python_operator.py took 0.038 seconds
[2024-05-24T00:38:08.819+0000] {processor.py:161} INFO - Started process (PID=2891) to work on /home/airflow/.local/lib/python3.12/site-packages/airflow/example_dags/example_python_operator.py
[2024-05-24T00:38:08.820+0000] {processor.py:830} INFO - Processing file /home/airflow/.local/lib/python3.12/site-packages/airflow/example_dags/example_python_operator.py for tasks to queue
[2024-05-24T00:38:08.820+0000] {logging_mixin.py:188} INFO - [2024-05-24T00:38:08.820+0000] {dagbag.py:545} INFO - Filling up the DagBag from /home/airflow/.local/lib/python3.12/site-packages/airflow/example_dags/example_python_operator.py
[2024-05-24T00:38:08.826+0000] {processor.py:840} INFO - DAG(s) 'example_python_operator' retrieved from /home/airflow/.local/lib/python3.12/site-packages/airflow/example_dags/example_python_operator.py
[2024-05-24T00:38:08.840+0000] {logging_mixin.py:188} INFO - [2024-05-24T00:38:08.839+0000] {dag.py:3096} INFO - Sync 1 DAGs
[2024-05-24T00:38:08.847+0000] {logging_mixin.py:188} INFO - [2024-05-24T00:38:08.846+0000] {dag.py:3954} INFO - Setting next_dagrun for example_python_operator to None, run_after=None
[2024-05-24T00:38:08.856+0000] {processor.py:183} INFO - Processing /home/airflow/.local/lib/python3.12/site-packages/airflow/example_dags/example_python_operator.py took 0.040 seconds
[2024-05-24T00:38:39.400+0000] {processor.py:161} INFO - Started process (PID=2951) to work on /home/airflow/.local/lib/python3.12/site-packages/airflow/example_dags/example_python_operator.py
[2024-05-24T00:38:39.401+0000] {processor.py:830} INFO - Processing file /home/airflow/.local/lib/python3.12/site-packages/airflow/example_dags/example_python_operator.py for tasks to queue
[2024-05-24T00:38:39.401+0000] {logging_mixin.py:188} INFO - [2024-05-24T00:38:39.401+0000] {dagbag.py:545} INFO - Filling up the DagBag from /home/airflow/.local/lib/python3.12/site-packages/airflow/example_dags/example_python_operator.py
[2024-05-24T00:38:39.405+0000] {processor.py:840} INFO - DAG(s) 'example_python_operator' retrieved from /home/airflow/.local/lib/python3.12/site-packages/airflow/example_dags/example_python_operator.py
[2024-05-24T00:38:39.423+0000] {logging_mixin.py:188} INFO - [2024-05-24T00:38:39.422+0000] {dag.py:3096} INFO - Sync 1 DAGs
[2024-05-24T00:38:39.430+0000] {logging_mixin.py:188} INFO - [2024-05-24T00:38:39.430+0000] {dag.py:3954} INFO - Setting next_dagrun for example_python_operator to None, run_after=None
[2024-05-24T00:38:39.438+0000] {processor.py:183} INFO - Processing /home/airflow/.local/lib/python3.12/site-packages/airflow/example_dags/example_python_operator.py took 0.040 seconds
[2024-05-24T00:39:09.969+0000] {processor.py:161} INFO - Started process (PID=3010) to work on /home/airflow/.local/lib/python3.12/site-packages/airflow/example_dags/example_python_operator.py
[2024-05-24T00:39:09.969+0000] {processor.py:830} INFO - Processing file /home/airflow/.local/lib/python3.12/site-packages/airflow/example_dags/example_python_operator.py for tasks to queue
[2024-05-24T00:39:09.970+0000] {logging_mixin.py:188} INFO - [2024-05-24T00:39:09.970+0000] {dagbag.py:545} INFO - Filling up the DagBag from /home/airflow/.local/lib/python3.12/site-packages/airflow/example_dags/example_python_operator.py
[2024-05-24T00:39:09.975+0000] {processor.py:840} INFO - DAG(s) 'example_python_operator' retrieved from /home/airflow/.local/lib/python3.12/site-packages/airflow/example_dags/example_python_operator.py
[2024-05-24T00:39:09.983+0000] {logging_mixin.py:188} INFO - [2024-05-24T00:39:09.982+0000] {dag.py:3096} INFO - Sync 1 DAGs
[2024-05-24T00:39:09.990+0000] {logging_mixin.py:188} INFO - [2024-05-24T00:39:09.990+0000] {dag.py:3954} INFO - Setting next_dagrun for example_python_operator to None, run_after=None
[2024-05-24T00:39:09.998+0000] {processor.py:183} INFO - Processing /home/airflow/.local/lib/python3.12/site-packages/airflow/example_dags/example_python_operator.py took 0.033 seconds
[2024-05-24T00:39:40.359+0000] {processor.py:161} INFO - Started process (PID=3069) to work on /home/airflow/.local/lib/python3.12/site-packages/airflow/example_dags/example_python_operator.py
[2024-05-24T00:39:40.359+0000] {processor.py:830} INFO - Processing file /home/airflow/.local/lib/python3.12/site-packages/airflow/example_dags/example_python_operator.py for tasks to queue
[2024-05-24T00:39:40.360+0000] {logging_mixin.py:188} INFO - [2024-05-24T00:39:40.359+0000] {dagbag.py:545} INFO - Filling up the DagBag from /home/airflow/.local/lib/python3.12/site-packages/airflow/example_dags/example_python_operator.py
[2024-05-24T00:39:40.364+0000] {processor.py:840} INFO - DAG(s) 'example_python_operator' retrieved from /home/airflow/.local/lib/python3.12/site-packages/airflow/example_dags/example_python_operator.py
[2024-05-24T00:39:40.370+0000] {logging_mixin.py:188} INFO - [2024-05-24T00:39:40.370+0000] {dag.py:3096} INFO - Sync 1 DAGs
[2024-05-24T00:39:40.378+0000] {logging_mixin.py:188} INFO - [2024-05-24T00:39:40.378+0000] {dag.py:3954} INFO - Setting next_dagrun for example_python_operator to None, run_after=None
[2024-05-24T00:39:40.390+0000] {processor.py:183} INFO - Processing /home/airflow/.local/lib/python3.12/site-packages/airflow/example_dags/example_python_operator.py took 0.034 seconds
[2024-05-24T00:40:11.208+0000] {processor.py:161} INFO - Started process (PID=3127) to work on /home/airflow/.local/lib/python3.12/site-packages/airflow/example_dags/example_python_operator.py
[2024-05-24T00:40:11.208+0000] {processor.py:830} INFO - Processing file /home/airflow/.local/lib/python3.12/site-packages/airflow/example_dags/example_python_operator.py for tasks to queue
[2024-05-24T00:40:11.208+0000] {logging_mixin.py:188} INFO - [2024-05-24T00:40:11.208+0000] {dagbag.py:545} INFO - Filling up the DagBag from /home/airflow/.local/lib/python3.12/site-packages/airflow/example_dags/example_python_operator.py
[2024-05-24T00:40:11.213+0000] {processor.py:840} INFO - DAG(s) 'example_python_operator' retrieved from /home/airflow/.local/lib/python3.12/site-packages/airflow/example_dags/example_python_operator.py
[2024-05-24T00:40:11.253+0000] {logging_mixin.py:188} INFO - [2024-05-24T00:40:11.253+0000] {dag.py:3096} INFO - Sync 1 DAGs
[2024-05-24T00:40:11.257+0000] {logging_mixin.py:188} INFO - [2024-05-24T00:40:11.257+0000] {dag.py:3954} INFO - Setting next_dagrun for example_python_operator to None, run_after=None
[2024-05-24T00:40:11.267+0000] {processor.py:183} INFO - Processing /home/airflow/.local/lib/python3.12/site-packages/airflow/example_dags/example_python_operator.py took 0.063 seconds
