[2024-05-24T00:14:37.681+0000] {processor.py:161} INFO - Started process (PID=75) to work on /home/airflow/.local/lib/python3.12/site-packages/airflow/example_dags/example_external_task_marker_dag.py
[2024-05-24T00:14:37.682+0000] {processor.py:830} INFO - Processing file /home/airflow/.local/lib/python3.12/site-packages/airflow/example_dags/example_external_task_marker_dag.py for tasks to queue
[2024-05-24T00:14:37.682+0000] {logging_mixin.py:188} INFO - [2024-05-24T00:14:37.682+0000] {dagbag.py:545} INFO - Filling up the DagBag from /home/airflow/.local/lib/python3.12/site-packages/airflow/example_dags/example_external_task_marker_dag.py
[2024-05-24T00:14:37.685+0000] {processor.py:840} INFO - DAG(s) 'example_external_task_marker_parent', 'example_external_task_marker_child' retrieved from /home/airflow/.local/lib/python3.12/site-packages/airflow/example_dags/example_external_task_marker_dag.py
[2024-05-24T00:14:37.692+0000] {logging_mixin.py:188} INFO - [2024-05-24T00:14:37.692+0000] {dag.py:3096} INFO - Sync 2 DAGs
[2024-05-24T00:14:37.702+0000] {logging_mixin.py:188} INFO - [2024-05-24T00:14:37.701+0000] {dag.py:3954} INFO - Setting next_dagrun for example_external_task_marker_child to None, run_after=None
[2024-05-24T00:14:37.704+0000] {logging_mixin.py:188} INFO - [2024-05-24T00:14:37.704+0000] {dag.py:3954} INFO - Setting next_dagrun for example_external_task_marker_parent to None, run_after=None
[2024-05-24T00:14:37.715+0000] {processor.py:183} INFO - Processing /home/airflow/.local/lib/python3.12/site-packages/airflow/example_dags/example_external_task_marker_dag.py took 0.037 seconds
[2024-05-24T00:15:08.458+0000] {processor.py:161} INFO - Started process (PID=134) to work on /home/airflow/.local/lib/python3.12/site-packages/airflow/example_dags/example_external_task_marker_dag.py
[2024-05-24T00:15:08.458+0000] {processor.py:830} INFO - Processing file /home/airflow/.local/lib/python3.12/site-packages/airflow/example_dags/example_external_task_marker_dag.py for tasks to queue
[2024-05-24T00:15:08.459+0000] {logging_mixin.py:188} INFO - [2024-05-24T00:15:08.459+0000] {dagbag.py:545} INFO - Filling up the DagBag from /home/airflow/.local/lib/python3.12/site-packages/airflow/example_dags/example_external_task_marker_dag.py
[2024-05-24T00:15:08.461+0000] {processor.py:840} INFO - DAG(s) 'example_external_task_marker_child', 'example_external_task_marker_parent' retrieved from /home/airflow/.local/lib/python3.12/site-packages/airflow/example_dags/example_external_task_marker_dag.py
[2024-05-24T00:15:08.522+0000] {logging_mixin.py:188} INFO - [2024-05-24T00:15:08.521+0000] {dag.py:3096} INFO - Sync 2 DAGs
[2024-05-24T00:15:08.529+0000] {logging_mixin.py:188} INFO - [2024-05-24T00:15:08.529+0000] {dag.py:3954} INFO - Setting next_dagrun for example_external_task_marker_child to None, run_after=None
[2024-05-24T00:15:08.531+0000] {logging_mixin.py:188} INFO - [2024-05-24T00:15:08.531+0000] {dag.py:3954} INFO - Setting next_dagrun for example_external_task_marker_parent to None, run_after=None
[2024-05-24T00:15:08.541+0000] {processor.py:183} INFO - Processing /home/airflow/.local/lib/python3.12/site-packages/airflow/example_dags/example_external_task_marker_dag.py took 0.085 seconds
[2024-05-24T00:15:39.307+0000] {processor.py:161} INFO - Started process (PID=193) to work on /home/airflow/.local/lib/python3.12/site-packages/airflow/example_dags/example_external_task_marker_dag.py
[2024-05-24T00:15:39.307+0000] {processor.py:830} INFO - Processing file /home/airflow/.local/lib/python3.12/site-packages/airflow/example_dags/example_external_task_marker_dag.py for tasks to queue
[2024-05-24T00:15:39.308+0000] {logging_mixin.py:188} INFO - [2024-05-24T00:15:39.308+0000] {dagbag.py:545} INFO - Filling up the DagBag from /home/airflow/.local/lib/python3.12/site-packages/airflow/example_dags/example_external_task_marker_dag.py
[2024-05-24T00:15:39.311+0000] {processor.py:840} INFO - DAG(s) 'example_external_task_marker_parent', 'example_external_task_marker_child' retrieved from /home/airflow/.local/lib/python3.12/site-packages/airflow/example_dags/example_external_task_marker_dag.py
[2024-05-24T00:15:39.331+0000] {logging_mixin.py:188} INFO - [2024-05-24T00:15:39.331+0000] {dag.py:3096} INFO - Sync 2 DAGs
[2024-05-24T00:15:39.341+0000] {logging_mixin.py:188} INFO - [2024-05-24T00:15:39.341+0000] {dag.py:3954} INFO - Setting next_dagrun for example_external_task_marker_child to None, run_after=None
[2024-05-24T00:15:39.343+0000] {logging_mixin.py:188} INFO - [2024-05-24T00:15:39.343+0000] {dag.py:3954} INFO - Setting next_dagrun for example_external_task_marker_parent to None, run_after=None
[2024-05-24T00:15:39.350+0000] {processor.py:183} INFO - Processing /home/airflow/.local/lib/python3.12/site-packages/airflow/example_dags/example_external_task_marker_dag.py took 0.046 seconds
[2024-05-24T00:16:09.862+0000] {processor.py:161} INFO - Started process (PID=252) to work on /home/airflow/.local/lib/python3.12/site-packages/airflow/example_dags/example_external_task_marker_dag.py
[2024-05-24T00:16:09.862+0000] {processor.py:830} INFO - Processing file /home/airflow/.local/lib/python3.12/site-packages/airflow/example_dags/example_external_task_marker_dag.py for tasks to queue
[2024-05-24T00:16:09.863+0000] {logging_mixin.py:188} INFO - [2024-05-24T00:16:09.863+0000] {dagbag.py:545} INFO - Filling up the DagBag from /home/airflow/.local/lib/python3.12/site-packages/airflow/example_dags/example_external_task_marker_dag.py
[2024-05-24T00:16:09.865+0000] {processor.py:840} INFO - DAG(s) 'example_external_task_marker_parent', 'example_external_task_marker_child' retrieved from /home/airflow/.local/lib/python3.12/site-packages/airflow/example_dags/example_external_task_marker_dag.py
[2024-05-24T00:16:09.881+0000] {logging_mixin.py:188} INFO - [2024-05-24T00:16:09.881+0000] {dag.py:3096} INFO - Sync 2 DAGs
[2024-05-24T00:16:09.889+0000] {logging_mixin.py:188} INFO - [2024-05-24T00:16:09.889+0000] {dag.py:3954} INFO - Setting next_dagrun for example_external_task_marker_child to None, run_after=None
[2024-05-24T00:16:09.892+0000] {logging_mixin.py:188} INFO - [2024-05-24T00:16:09.892+0000] {dag.py:3954} INFO - Setting next_dagrun for example_external_task_marker_parent to None, run_after=None
[2024-05-24T00:16:09.898+0000] {processor.py:183} INFO - Processing /home/airflow/.local/lib/python3.12/site-packages/airflow/example_dags/example_external_task_marker_dag.py took 0.039 seconds
[2024-05-24T00:16:40.308+0000] {processor.py:161} INFO - Started process (PID=312) to work on /home/airflow/.local/lib/python3.12/site-packages/airflow/example_dags/example_external_task_marker_dag.py
[2024-05-24T00:16:40.309+0000] {processor.py:830} INFO - Processing file /home/airflow/.local/lib/python3.12/site-packages/airflow/example_dags/example_external_task_marker_dag.py for tasks to queue
[2024-05-24T00:16:40.310+0000] {logging_mixin.py:188} INFO - [2024-05-24T00:16:40.310+0000] {dagbag.py:545} INFO - Filling up the DagBag from /home/airflow/.local/lib/python3.12/site-packages/airflow/example_dags/example_external_task_marker_dag.py
[2024-05-24T00:16:40.313+0000] {processor.py:840} INFO - DAG(s) 'example_external_task_marker_parent', 'example_external_task_marker_child' retrieved from /home/airflow/.local/lib/python3.12/site-packages/airflow/example_dags/example_external_task_marker_dag.py
[2024-05-24T00:16:40.329+0000] {logging_mixin.py:188} INFO - [2024-05-24T00:16:40.329+0000] {dag.py:3096} INFO - Sync 2 DAGs
[2024-05-24T00:16:40.336+0000] {logging_mixin.py:188} INFO - [2024-05-24T00:16:40.336+0000] {dag.py:3954} INFO - Setting next_dagrun for example_external_task_marker_child to None, run_after=None
[2024-05-24T00:16:40.338+0000] {logging_mixin.py:188} INFO - [2024-05-24T00:16:40.338+0000] {dag.py:3954} INFO - Setting next_dagrun for example_external_task_marker_parent to None, run_after=None
[2024-05-24T00:16:40.348+0000] {processor.py:183} INFO - Processing /home/airflow/.local/lib/python3.12/site-packages/airflow/example_dags/example_external_task_marker_dag.py took 0.042 seconds
[2024-05-24T00:17:10.815+0000] {processor.py:161} INFO - Started process (PID=371) to work on /home/airflow/.local/lib/python3.12/site-packages/airflow/example_dags/example_external_task_marker_dag.py
[2024-05-24T00:17:10.816+0000] {processor.py:830} INFO - Processing file /home/airflow/.local/lib/python3.12/site-packages/airflow/example_dags/example_external_task_marker_dag.py for tasks to queue
[2024-05-24T00:17:10.817+0000] {logging_mixin.py:188} INFO - [2024-05-24T00:17:10.817+0000] {dagbag.py:545} INFO - Filling up the DagBag from /home/airflow/.local/lib/python3.12/site-packages/airflow/example_dags/example_external_task_marker_dag.py
[2024-05-24T00:17:10.819+0000] {processor.py:840} INFO - DAG(s) 'example_external_task_marker_child', 'example_external_task_marker_parent' retrieved from /home/airflow/.local/lib/python3.12/site-packages/airflow/example_dags/example_external_task_marker_dag.py
[2024-05-24T00:17:10.830+0000] {logging_mixin.py:188} INFO - [2024-05-24T00:17:10.830+0000] {dag.py:3096} INFO - Sync 2 DAGs
[2024-05-24T00:17:10.835+0000] {logging_mixin.py:188} INFO - [2024-05-24T00:17:10.835+0000] {dag.py:3954} INFO - Setting next_dagrun for example_external_task_marker_child to None, run_after=None
[2024-05-24T00:17:10.836+0000] {logging_mixin.py:188} INFO - [2024-05-24T00:17:10.836+0000] {dag.py:3954} INFO - Setting next_dagrun for example_external_task_marker_parent to None, run_after=None
[2024-05-24T00:17:10.842+0000] {processor.py:183} INFO - Processing /home/airflow/.local/lib/python3.12/site-packages/airflow/example_dags/example_external_task_marker_dag.py took 0.030 seconds
[2024-05-24T00:17:41.243+0000] {processor.py:161} INFO - Started process (PID=430) to work on /home/airflow/.local/lib/python3.12/site-packages/airflow/example_dags/example_external_task_marker_dag.py
[2024-05-24T00:17:41.243+0000] {processor.py:830} INFO - Processing file /home/airflow/.local/lib/python3.12/site-packages/airflow/example_dags/example_external_task_marker_dag.py for tasks to queue
[2024-05-24T00:17:41.244+0000] {logging_mixin.py:188} INFO - [2024-05-24T00:17:41.244+0000] {dagbag.py:545} INFO - Filling up the DagBag from /home/airflow/.local/lib/python3.12/site-packages/airflow/example_dags/example_external_task_marker_dag.py
[2024-05-24T00:17:41.247+0000] {processor.py:840} INFO - DAG(s) 'example_external_task_marker_parent', 'example_external_task_marker_child' retrieved from /home/airflow/.local/lib/python3.12/site-packages/airflow/example_dags/example_external_task_marker_dag.py
[2024-05-24T00:17:41.263+0000] {logging_mixin.py:188} INFO - [2024-05-24T00:17:41.263+0000] {dag.py:3096} INFO - Sync 2 DAGs
[2024-05-24T00:17:41.271+0000] {logging_mixin.py:188} INFO - [2024-05-24T00:17:41.271+0000] {dag.py:3954} INFO - Setting next_dagrun for example_external_task_marker_child to None, run_after=None
[2024-05-24T00:17:41.272+0000] {logging_mixin.py:188} INFO - [2024-05-24T00:17:41.272+0000] {dag.py:3954} INFO - Setting next_dagrun for example_external_task_marker_parent to None, run_after=None
[2024-05-24T00:17:41.278+0000] {processor.py:183} INFO - Processing /home/airflow/.local/lib/python3.12/site-packages/airflow/example_dags/example_external_task_marker_dag.py took 0.037 seconds
[2024-05-24T00:18:11.903+0000] {processor.py:161} INFO - Started process (PID=490) to work on /home/airflow/.local/lib/python3.12/site-packages/airflow/example_dags/example_external_task_marker_dag.py
[2024-05-24T00:18:11.903+0000] {processor.py:830} INFO - Processing file /home/airflow/.local/lib/python3.12/site-packages/airflow/example_dags/example_external_task_marker_dag.py for tasks to queue
[2024-05-24T00:18:11.904+0000] {logging_mixin.py:188} INFO - [2024-05-24T00:18:11.904+0000] {dagbag.py:545} INFO - Filling up the DagBag from /home/airflow/.local/lib/python3.12/site-packages/airflow/example_dags/example_external_task_marker_dag.py
[2024-05-24T00:18:11.906+0000] {processor.py:840} INFO - DAG(s) 'example_external_task_marker_child', 'example_external_task_marker_parent' retrieved from /home/airflow/.local/lib/python3.12/site-packages/airflow/example_dags/example_external_task_marker_dag.py
[2024-05-24T00:18:11.919+0000] {logging_mixin.py:188} INFO - [2024-05-24T00:18:11.919+0000] {dag.py:3096} INFO - Sync 2 DAGs
[2024-05-24T00:18:11.926+0000] {logging_mixin.py:188} INFO - [2024-05-24T00:18:11.925+0000] {dag.py:3954} INFO - Setting next_dagrun for example_external_task_marker_child to None, run_after=None
[2024-05-24T00:18:11.929+0000] {logging_mixin.py:188} INFO - [2024-05-24T00:18:11.929+0000] {dag.py:3954} INFO - Setting next_dagrun for example_external_task_marker_parent to None, run_after=None
[2024-05-24T00:18:11.948+0000] {processor.py:183} INFO - Processing /home/airflow/.local/lib/python3.12/site-packages/airflow/example_dags/example_external_task_marker_dag.py took 0.048 seconds
[2024-05-24T00:18:42.698+0000] {processor.py:161} INFO - Started process (PID=556) to work on /home/airflow/.local/lib/python3.12/site-packages/airflow/example_dags/example_external_task_marker_dag.py
[2024-05-24T00:18:42.699+0000] {processor.py:830} INFO - Processing file /home/airflow/.local/lib/python3.12/site-packages/airflow/example_dags/example_external_task_marker_dag.py for tasks to queue
[2024-05-24T00:18:42.699+0000] {logging_mixin.py:188} INFO - [2024-05-24T00:18:42.699+0000] {dagbag.py:545} INFO - Filling up the DagBag from /home/airflow/.local/lib/python3.12/site-packages/airflow/example_dags/example_external_task_marker_dag.py
[2024-05-24T00:18:42.702+0000] {processor.py:840} INFO - DAG(s) 'example_external_task_marker_parent', 'example_external_task_marker_child' retrieved from /home/airflow/.local/lib/python3.12/site-packages/airflow/example_dags/example_external_task_marker_dag.py
[2024-05-24T00:18:42.714+0000] {logging_mixin.py:188} INFO - [2024-05-24T00:18:42.714+0000] {dag.py:3096} INFO - Sync 2 DAGs
[2024-05-24T00:18:42.723+0000] {logging_mixin.py:188} INFO - [2024-05-24T00:18:42.722+0000] {dag.py:3954} INFO - Setting next_dagrun for example_external_task_marker_child to None, run_after=None
[2024-05-24T00:18:42.725+0000] {logging_mixin.py:188} INFO - [2024-05-24T00:18:42.725+0000] {dag.py:3954} INFO - Setting next_dagrun for example_external_task_marker_parent to None, run_after=None
[2024-05-24T00:18:42.733+0000] {processor.py:183} INFO - Processing /home/airflow/.local/lib/python3.12/site-packages/airflow/example_dags/example_external_task_marker_dag.py took 0.038 seconds
[2024-05-24T00:19:13.385+0000] {processor.py:161} INFO - Started process (PID=616) to work on /home/airflow/.local/lib/python3.12/site-packages/airflow/example_dags/example_external_task_marker_dag.py
[2024-05-24T00:19:13.385+0000] {processor.py:830} INFO - Processing file /home/airflow/.local/lib/python3.12/site-packages/airflow/example_dags/example_external_task_marker_dag.py for tasks to queue
[2024-05-24T00:19:13.386+0000] {logging_mixin.py:188} INFO - [2024-05-24T00:19:13.386+0000] {dagbag.py:545} INFO - Filling up the DagBag from /home/airflow/.local/lib/python3.12/site-packages/airflow/example_dags/example_external_task_marker_dag.py
[2024-05-24T00:19:13.388+0000] {processor.py:840} INFO - DAG(s) 'example_external_task_marker_child', 'example_external_task_marker_parent' retrieved from /home/airflow/.local/lib/python3.12/site-packages/airflow/example_dags/example_external_task_marker_dag.py
[2024-05-24T00:19:13.401+0000] {logging_mixin.py:188} INFO - [2024-05-24T00:19:13.400+0000] {dag.py:3096} INFO - Sync 2 DAGs
[2024-05-24T00:19:13.410+0000] {logging_mixin.py:188} INFO - [2024-05-24T00:19:13.409+0000] {dag.py:3954} INFO - Setting next_dagrun for example_external_task_marker_child to None, run_after=None
[2024-05-24T00:19:13.413+0000] {logging_mixin.py:188} INFO - [2024-05-24T00:19:13.413+0000] {dag.py:3954} INFO - Setting next_dagrun for example_external_task_marker_parent to None, run_after=None
[2024-05-24T00:19:13.424+0000] {processor.py:183} INFO - Processing /home/airflow/.local/lib/python3.12/site-packages/airflow/example_dags/example_external_task_marker_dag.py took 0.042 seconds
[2024-05-24T00:19:44.176+0000] {processor.py:161} INFO - Started process (PID=676) to work on /home/airflow/.local/lib/python3.12/site-packages/airflow/example_dags/example_external_task_marker_dag.py
[2024-05-24T00:19:44.177+0000] {processor.py:830} INFO - Processing file /home/airflow/.local/lib/python3.12/site-packages/airflow/example_dags/example_external_task_marker_dag.py for tasks to queue
[2024-05-24T00:19:44.178+0000] {logging_mixin.py:188} INFO - [2024-05-24T00:19:44.178+0000] {dagbag.py:545} INFO - Filling up the DagBag from /home/airflow/.local/lib/python3.12/site-packages/airflow/example_dags/example_external_task_marker_dag.py
[2024-05-24T00:19:44.185+0000] {processor.py:840} INFO - DAG(s) 'example_external_task_marker_child', 'example_external_task_marker_parent' retrieved from /home/airflow/.local/lib/python3.12/site-packages/airflow/example_dags/example_external_task_marker_dag.py
[2024-05-24T00:19:44.201+0000] {logging_mixin.py:188} INFO - [2024-05-24T00:19:44.201+0000] {dag.py:3096} INFO - Sync 2 DAGs
[2024-05-24T00:19:44.208+0000] {logging_mixin.py:188} INFO - [2024-05-24T00:19:44.208+0000] {dag.py:3954} INFO - Setting next_dagrun for example_external_task_marker_child to None, run_after=None
[2024-05-24T00:19:44.210+0000] {logging_mixin.py:188} INFO - [2024-05-24T00:19:44.210+0000] {dag.py:3954} INFO - Setting next_dagrun for example_external_task_marker_parent to None, run_after=None
[2024-05-24T00:19:44.217+0000] {processor.py:183} INFO - Processing /home/airflow/.local/lib/python3.12/site-packages/airflow/example_dags/example_external_task_marker_dag.py took 0.044 seconds
[2024-05-24T00:20:14.851+0000] {processor.py:161} INFO - Started process (PID=735) to work on /home/airflow/.local/lib/python3.12/site-packages/airflow/example_dags/example_external_task_marker_dag.py
[2024-05-24T00:20:14.851+0000] {processor.py:830} INFO - Processing file /home/airflow/.local/lib/python3.12/site-packages/airflow/example_dags/example_external_task_marker_dag.py for tasks to queue
[2024-05-24T00:20:14.852+0000] {logging_mixin.py:188} INFO - [2024-05-24T00:20:14.852+0000] {dagbag.py:545} INFO - Filling up the DagBag from /home/airflow/.local/lib/python3.12/site-packages/airflow/example_dags/example_external_task_marker_dag.py
[2024-05-24T00:20:14.856+0000] {processor.py:840} INFO - DAG(s) 'example_external_task_marker_child', 'example_external_task_marker_parent' retrieved from /home/airflow/.local/lib/python3.12/site-packages/airflow/example_dags/example_external_task_marker_dag.py
[2024-05-24T00:20:14.869+0000] {logging_mixin.py:188} INFO - [2024-05-24T00:20:14.869+0000] {dag.py:3096} INFO - Sync 2 DAGs
[2024-05-24T00:20:14.874+0000] {logging_mixin.py:188} INFO - [2024-05-24T00:20:14.874+0000] {dag.py:3954} INFO - Setting next_dagrun for example_external_task_marker_child to None, run_after=None
[2024-05-24T00:20:14.876+0000] {logging_mixin.py:188} INFO - [2024-05-24T00:20:14.876+0000] {dag.py:3954} INFO - Setting next_dagrun for example_external_task_marker_parent to None, run_after=None
[2024-05-24T00:20:14.882+0000] {processor.py:183} INFO - Processing /home/airflow/.local/lib/python3.12/site-packages/airflow/example_dags/example_external_task_marker_dag.py took 0.038 seconds
[2024-05-24T00:20:45.536+0000] {processor.py:161} INFO - Started process (PID=795) to work on /home/airflow/.local/lib/python3.12/site-packages/airflow/example_dags/example_external_task_marker_dag.py
[2024-05-24T00:20:45.537+0000] {processor.py:830} INFO - Processing file /home/airflow/.local/lib/python3.12/site-packages/airflow/example_dags/example_external_task_marker_dag.py for tasks to queue
[2024-05-24T00:20:45.538+0000] {logging_mixin.py:188} INFO - [2024-05-24T00:20:45.537+0000] {dagbag.py:545} INFO - Filling up the DagBag from /home/airflow/.local/lib/python3.12/site-packages/airflow/example_dags/example_external_task_marker_dag.py
[2024-05-24T00:20:45.541+0000] {processor.py:840} INFO - DAG(s) 'example_external_task_marker_parent', 'example_external_task_marker_child' retrieved from /home/airflow/.local/lib/python3.12/site-packages/airflow/example_dags/example_external_task_marker_dag.py
[2024-05-24T00:20:45.552+0000] {logging_mixin.py:188} INFO - [2024-05-24T00:20:45.552+0000] {dag.py:3096} INFO - Sync 2 DAGs
[2024-05-24T00:20:45.559+0000] {logging_mixin.py:188} INFO - [2024-05-24T00:20:45.559+0000] {dag.py:3954} INFO - Setting next_dagrun for example_external_task_marker_child to None, run_after=None
[2024-05-24T00:20:45.561+0000] {logging_mixin.py:188} INFO - [2024-05-24T00:20:45.561+0000] {dag.py:3954} INFO - Setting next_dagrun for example_external_task_marker_parent to None, run_after=None
[2024-05-24T00:20:45.568+0000] {processor.py:183} INFO - Processing /home/airflow/.local/lib/python3.12/site-packages/airflow/example_dags/example_external_task_marker_dag.py took 0.035 seconds
[2024-05-24T00:21:16.154+0000] {processor.py:161} INFO - Started process (PID=872) to work on /home/airflow/.local/lib/python3.12/site-packages/airflow/example_dags/example_external_task_marker_dag.py
[2024-05-24T00:21:16.155+0000] {processor.py:830} INFO - Processing file /home/airflow/.local/lib/python3.12/site-packages/airflow/example_dags/example_external_task_marker_dag.py for tasks to queue
[2024-05-24T00:21:16.156+0000] {logging_mixin.py:188} INFO - [2024-05-24T00:21:16.156+0000] {dagbag.py:545} INFO - Filling up the DagBag from /home/airflow/.local/lib/python3.12/site-packages/airflow/example_dags/example_external_task_marker_dag.py
[2024-05-24T00:21:16.159+0000] {processor.py:840} INFO - DAG(s) 'example_external_task_marker_parent', 'example_external_task_marker_child' retrieved from /home/airflow/.local/lib/python3.12/site-packages/airflow/example_dags/example_external_task_marker_dag.py
[2024-05-24T00:21:16.170+0000] {logging_mixin.py:188} INFO - [2024-05-24T00:21:16.169+0000] {dag.py:3096} INFO - Sync 2 DAGs
[2024-05-24T00:21:16.175+0000] {logging_mixin.py:188} INFO - [2024-05-24T00:21:16.175+0000] {dag.py:3954} INFO - Setting next_dagrun for example_external_task_marker_child to None, run_after=None
[2024-05-24T00:21:16.176+0000] {logging_mixin.py:188} INFO - [2024-05-24T00:21:16.176+0000] {dag.py:3954} INFO - Setting next_dagrun for example_external_task_marker_parent to None, run_after=None
[2024-05-24T00:21:16.184+0000] {processor.py:183} INFO - Processing /home/airflow/.local/lib/python3.12/site-packages/airflow/example_dags/example_external_task_marker_dag.py took 0.035 seconds
[2024-05-24T00:21:46.839+0000] {processor.py:161} INFO - Started process (PID=950) to work on /home/airflow/.local/lib/python3.12/site-packages/airflow/example_dags/example_external_task_marker_dag.py
[2024-05-24T00:21:46.840+0000] {processor.py:830} INFO - Processing file /home/airflow/.local/lib/python3.12/site-packages/airflow/example_dags/example_external_task_marker_dag.py for tasks to queue
[2024-05-24T00:21:46.841+0000] {logging_mixin.py:188} INFO - [2024-05-24T00:21:46.841+0000] {dagbag.py:545} INFO - Filling up the DagBag from /home/airflow/.local/lib/python3.12/site-packages/airflow/example_dags/example_external_task_marker_dag.py
[2024-05-24T00:21:46.844+0000] {processor.py:840} INFO - DAG(s) 'example_external_task_marker_child', 'example_external_task_marker_parent' retrieved from /home/airflow/.local/lib/python3.12/site-packages/airflow/example_dags/example_external_task_marker_dag.py
[2024-05-24T00:21:46.857+0000] {logging_mixin.py:188} INFO - [2024-05-24T00:21:46.857+0000] {dag.py:3096} INFO - Sync 2 DAGs
[2024-05-24T00:21:46.868+0000] {logging_mixin.py:188} INFO - [2024-05-24T00:21:46.868+0000] {dag.py:3954} INFO - Setting next_dagrun for example_external_task_marker_child to None, run_after=None
[2024-05-24T00:21:46.871+0000] {logging_mixin.py:188} INFO - [2024-05-24T00:21:46.871+0000] {dag.py:3954} INFO - Setting next_dagrun for example_external_task_marker_parent to None, run_after=None
[2024-05-24T00:21:46.881+0000] {processor.py:183} INFO - Processing /home/airflow/.local/lib/python3.12/site-packages/airflow/example_dags/example_external_task_marker_dag.py took 0.046 seconds
[2024-05-24T00:22:17.571+0000] {processor.py:161} INFO - Started process (PID=1010) to work on /home/airflow/.local/lib/python3.12/site-packages/airflow/example_dags/example_external_task_marker_dag.py
[2024-05-24T00:22:17.571+0000] {processor.py:830} INFO - Processing file /home/airflow/.local/lib/python3.12/site-packages/airflow/example_dags/example_external_task_marker_dag.py for tasks to queue
[2024-05-24T00:22:17.573+0000] {logging_mixin.py:188} INFO - [2024-05-24T00:22:17.572+0000] {dagbag.py:545} INFO - Filling up the DagBag from /home/airflow/.local/lib/python3.12/site-packages/airflow/example_dags/example_external_task_marker_dag.py
[2024-05-24T00:22:17.575+0000] {processor.py:840} INFO - DAG(s) 'example_external_task_marker_parent', 'example_external_task_marker_child' retrieved from /home/airflow/.local/lib/python3.12/site-packages/airflow/example_dags/example_external_task_marker_dag.py
[2024-05-24T00:22:17.594+0000] {logging_mixin.py:188} INFO - [2024-05-24T00:22:17.593+0000] {dag.py:3096} INFO - Sync 2 DAGs
[2024-05-24T00:22:17.602+0000] {logging_mixin.py:188} INFO - [2024-05-24T00:22:17.602+0000] {dag.py:3954} INFO - Setting next_dagrun for example_external_task_marker_child to None, run_after=None
[2024-05-24T00:22:17.605+0000] {logging_mixin.py:188} INFO - [2024-05-24T00:22:17.604+0000] {dag.py:3954} INFO - Setting next_dagrun for example_external_task_marker_parent to None, run_after=None
[2024-05-24T00:22:17.614+0000] {processor.py:183} INFO - Processing /home/airflow/.local/lib/python3.12/site-packages/airflow/example_dags/example_external_task_marker_dag.py took 0.047 seconds
[2024-05-24T00:22:47.734+0000] {processor.py:161} INFO - Started process (PID=1088) to work on /home/airflow/.local/lib/python3.12/site-packages/airflow/example_dags/example_external_task_marker_dag.py
[2024-05-24T00:22:47.735+0000] {processor.py:830} INFO - Processing file /home/airflow/.local/lib/python3.12/site-packages/airflow/example_dags/example_external_task_marker_dag.py for tasks to queue
[2024-05-24T00:22:47.736+0000] {logging_mixin.py:188} INFO - [2024-05-24T00:22:47.735+0000] {dagbag.py:545} INFO - Filling up the DagBag from /home/airflow/.local/lib/python3.12/site-packages/airflow/example_dags/example_external_task_marker_dag.py
[2024-05-24T00:22:47.738+0000] {processor.py:840} INFO - DAG(s) 'example_external_task_marker_child', 'example_external_task_marker_parent' retrieved from /home/airflow/.local/lib/python3.12/site-packages/airflow/example_dags/example_external_task_marker_dag.py
[2024-05-24T00:22:47.749+0000] {logging_mixin.py:188} INFO - [2024-05-24T00:22:47.749+0000] {dag.py:3096} INFO - Sync 2 DAGs
[2024-05-24T00:22:47.756+0000] {logging_mixin.py:188} INFO - [2024-05-24T00:22:47.756+0000] {dag.py:3954} INFO - Setting next_dagrun for example_external_task_marker_child to None, run_after=None
[2024-05-24T00:22:47.758+0000] {logging_mixin.py:188} INFO - [2024-05-24T00:22:47.758+0000] {dag.py:3954} INFO - Setting next_dagrun for example_external_task_marker_parent to None, run_after=None
[2024-05-24T00:22:47.768+0000] {processor.py:183} INFO - Processing /home/airflow/.local/lib/python3.12/site-packages/airflow/example_dags/example_external_task_marker_dag.py took 0.036 seconds
[2024-05-24T00:23:18.473+0000] {processor.py:161} INFO - Started process (PID=1148) to work on /home/airflow/.local/lib/python3.12/site-packages/airflow/example_dags/example_external_task_marker_dag.py
[2024-05-24T00:23:18.473+0000] {processor.py:830} INFO - Processing file /home/airflow/.local/lib/python3.12/site-packages/airflow/example_dags/example_external_task_marker_dag.py for tasks to queue
[2024-05-24T00:23:18.474+0000] {logging_mixin.py:188} INFO - [2024-05-24T00:23:18.474+0000] {dagbag.py:545} INFO - Filling up the DagBag from /home/airflow/.local/lib/python3.12/site-packages/airflow/example_dags/example_external_task_marker_dag.py
[2024-05-24T00:23:18.476+0000] {processor.py:840} INFO - DAG(s) 'example_external_task_marker_child', 'example_external_task_marker_parent' retrieved from /home/airflow/.local/lib/python3.12/site-packages/airflow/example_dags/example_external_task_marker_dag.py
[2024-05-24T00:23:18.489+0000] {logging_mixin.py:188} INFO - [2024-05-24T00:23:18.489+0000] {dag.py:3096} INFO - Sync 2 DAGs
[2024-05-24T00:23:18.496+0000] {logging_mixin.py:188} INFO - [2024-05-24T00:23:18.496+0000] {dag.py:3954} INFO - Setting next_dagrun for example_external_task_marker_child to None, run_after=None
[2024-05-24T00:23:18.498+0000] {logging_mixin.py:188} INFO - [2024-05-24T00:23:18.498+0000] {dag.py:3954} INFO - Setting next_dagrun for example_external_task_marker_parent to None, run_after=None
[2024-05-24T00:23:18.505+0000] {processor.py:183} INFO - Processing /home/airflow/.local/lib/python3.12/site-packages/airflow/example_dags/example_external_task_marker_dag.py took 0.035 seconds
[2024-05-24T00:23:49.328+0000] {processor.py:161} INFO - Started process (PID=1208) to work on /home/airflow/.local/lib/python3.12/site-packages/airflow/example_dags/example_external_task_marker_dag.py
[2024-05-24T00:23:49.328+0000] {processor.py:830} INFO - Processing file /home/airflow/.local/lib/python3.12/site-packages/airflow/example_dags/example_external_task_marker_dag.py for tasks to queue
[2024-05-24T00:23:49.329+0000] {logging_mixin.py:188} INFO - [2024-05-24T00:23:49.329+0000] {dagbag.py:545} INFO - Filling up the DagBag from /home/airflow/.local/lib/python3.12/site-packages/airflow/example_dags/example_external_task_marker_dag.py
[2024-05-24T00:23:49.331+0000] {processor.py:840} INFO - DAG(s) 'example_external_task_marker_child', 'example_external_task_marker_parent' retrieved from /home/airflow/.local/lib/python3.12/site-packages/airflow/example_dags/example_external_task_marker_dag.py
[2024-05-24T00:23:49.343+0000] {logging_mixin.py:188} INFO - [2024-05-24T00:23:49.343+0000] {dag.py:3096} INFO - Sync 2 DAGs
[2024-05-24T00:23:49.350+0000] {logging_mixin.py:188} INFO - [2024-05-24T00:23:49.350+0000] {dag.py:3954} INFO - Setting next_dagrun for example_external_task_marker_child to None, run_after=None
[2024-05-24T00:23:49.352+0000] {logging_mixin.py:188} INFO - [2024-05-24T00:23:49.352+0000] {dag.py:3954} INFO - Setting next_dagrun for example_external_task_marker_parent to None, run_after=None
[2024-05-24T00:23:49.361+0000] {processor.py:183} INFO - Processing /home/airflow/.local/lib/python3.12/site-packages/airflow/example_dags/example_external_task_marker_dag.py took 0.035 seconds
[2024-05-24T00:24:20.104+0000] {processor.py:161} INFO - Started process (PID=1268) to work on /home/airflow/.local/lib/python3.12/site-packages/airflow/example_dags/example_external_task_marker_dag.py
[2024-05-24T00:24:20.105+0000] {processor.py:830} INFO - Processing file /home/airflow/.local/lib/python3.12/site-packages/airflow/example_dags/example_external_task_marker_dag.py for tasks to queue
[2024-05-24T00:24:20.106+0000] {logging_mixin.py:188} INFO - [2024-05-24T00:24:20.105+0000] {dagbag.py:545} INFO - Filling up the DagBag from /home/airflow/.local/lib/python3.12/site-packages/airflow/example_dags/example_external_task_marker_dag.py
[2024-05-24T00:24:20.108+0000] {processor.py:840} INFO - DAG(s) 'example_external_task_marker_parent', 'example_external_task_marker_child' retrieved from /home/airflow/.local/lib/python3.12/site-packages/airflow/example_dags/example_external_task_marker_dag.py
[2024-05-24T00:24:20.120+0000] {logging_mixin.py:188} INFO - [2024-05-24T00:24:20.120+0000] {dag.py:3096} INFO - Sync 2 DAGs
[2024-05-24T00:24:20.125+0000] {logging_mixin.py:188} INFO - [2024-05-24T00:24:20.125+0000] {dag.py:3954} INFO - Setting next_dagrun for example_external_task_marker_child to None, run_after=None
[2024-05-24T00:24:20.126+0000] {logging_mixin.py:188} INFO - [2024-05-24T00:24:20.126+0000] {dag.py:3954} INFO - Setting next_dagrun for example_external_task_marker_parent to None, run_after=None
[2024-05-24T00:24:20.134+0000] {processor.py:183} INFO - Processing /home/airflow/.local/lib/python3.12/site-packages/airflow/example_dags/example_external_task_marker_dag.py took 0.033 seconds
[2024-05-24T00:24:50.816+0000] {processor.py:161} INFO - Started process (PID=1328) to work on /home/airflow/.local/lib/python3.12/site-packages/airflow/example_dags/example_external_task_marker_dag.py
[2024-05-24T00:24:50.816+0000] {processor.py:830} INFO - Processing file /home/airflow/.local/lib/python3.12/site-packages/airflow/example_dags/example_external_task_marker_dag.py for tasks to queue
[2024-05-24T00:24:50.818+0000] {logging_mixin.py:188} INFO - [2024-05-24T00:24:50.817+0000] {dagbag.py:545} INFO - Filling up the DagBag from /home/airflow/.local/lib/python3.12/site-packages/airflow/example_dags/example_external_task_marker_dag.py
[2024-05-24T00:24:50.821+0000] {processor.py:840} INFO - DAG(s) 'example_external_task_marker_parent', 'example_external_task_marker_child' retrieved from /home/airflow/.local/lib/python3.12/site-packages/airflow/example_dags/example_external_task_marker_dag.py
[2024-05-24T00:24:50.830+0000] {logging_mixin.py:188} INFO - [2024-05-24T00:24:50.830+0000] {dag.py:3096} INFO - Sync 2 DAGs
[2024-05-24T00:24:50.835+0000] {logging_mixin.py:188} INFO - [2024-05-24T00:24:50.835+0000] {dag.py:3954} INFO - Setting next_dagrun for example_external_task_marker_child to None, run_after=None
[2024-05-24T00:24:50.837+0000] {logging_mixin.py:188} INFO - [2024-05-24T00:24:50.837+0000] {dag.py:3954} INFO - Setting next_dagrun for example_external_task_marker_parent to None, run_after=None
[2024-05-24T00:24:50.843+0000] {processor.py:183} INFO - Processing /home/airflow/.local/lib/python3.12/site-packages/airflow/example_dags/example_external_task_marker_dag.py took 0.030 seconds
[2024-05-24T00:25:21.563+0000] {processor.py:161} INFO - Started process (PID=1388) to work on /home/airflow/.local/lib/python3.12/site-packages/airflow/example_dags/example_external_task_marker_dag.py
[2024-05-24T00:25:21.564+0000] {processor.py:830} INFO - Processing file /home/airflow/.local/lib/python3.12/site-packages/airflow/example_dags/example_external_task_marker_dag.py for tasks to queue
[2024-05-24T00:25:21.565+0000] {logging_mixin.py:188} INFO - [2024-05-24T00:25:21.565+0000] {dagbag.py:545} INFO - Filling up the DagBag from /home/airflow/.local/lib/python3.12/site-packages/airflow/example_dags/example_external_task_marker_dag.py
[2024-05-24T00:25:21.569+0000] {processor.py:840} INFO - DAG(s) 'example_external_task_marker_parent', 'example_external_task_marker_child' retrieved from /home/airflow/.local/lib/python3.12/site-packages/airflow/example_dags/example_external_task_marker_dag.py
[2024-05-24T00:25:21.583+0000] {logging_mixin.py:188} INFO - [2024-05-24T00:25:21.583+0000] {dag.py:3096} INFO - Sync 2 DAGs
[2024-05-24T00:25:21.589+0000] {logging_mixin.py:188} INFO - [2024-05-24T00:25:21.589+0000] {dag.py:3954} INFO - Setting next_dagrun for example_external_task_marker_child to None, run_after=None
[2024-05-24T00:25:21.590+0000] {logging_mixin.py:188} INFO - [2024-05-24T00:25:21.590+0000] {dag.py:3954} INFO - Setting next_dagrun for example_external_task_marker_parent to None, run_after=None
[2024-05-24T00:25:21.597+0000] {processor.py:183} INFO - Processing /home/airflow/.local/lib/python3.12/site-packages/airflow/example_dags/example_external_task_marker_dag.py took 0.037 seconds
[2024-05-24T00:25:52.200+0000] {processor.py:161} INFO - Started process (PID=1448) to work on /home/airflow/.local/lib/python3.12/site-packages/airflow/example_dags/example_external_task_marker_dag.py
[2024-05-24T00:25:52.200+0000] {processor.py:830} INFO - Processing file /home/airflow/.local/lib/python3.12/site-packages/airflow/example_dags/example_external_task_marker_dag.py for tasks to queue
[2024-05-24T00:25:52.201+0000] {logging_mixin.py:188} INFO - [2024-05-24T00:25:52.201+0000] {dagbag.py:545} INFO - Filling up the DagBag from /home/airflow/.local/lib/python3.12/site-packages/airflow/example_dags/example_external_task_marker_dag.py
[2024-05-24T00:25:52.205+0000] {processor.py:840} INFO - DAG(s) 'example_external_task_marker_child', 'example_external_task_marker_parent' retrieved from /home/airflow/.local/lib/python3.12/site-packages/airflow/example_dags/example_external_task_marker_dag.py
[2024-05-24T00:25:52.215+0000] {logging_mixin.py:188} INFO - [2024-05-24T00:25:52.215+0000] {dag.py:3096} INFO - Sync 2 DAGs
[2024-05-24T00:25:52.220+0000] {logging_mixin.py:188} INFO - [2024-05-24T00:25:52.220+0000] {dag.py:3954} INFO - Setting next_dagrun for example_external_task_marker_child to None, run_after=None
[2024-05-24T00:25:52.222+0000] {logging_mixin.py:188} INFO - [2024-05-24T00:25:52.222+0000] {dag.py:3954} INFO - Setting next_dagrun for example_external_task_marker_parent to None, run_after=None
[2024-05-24T00:25:52.229+0000] {processor.py:183} INFO - Processing /home/airflow/.local/lib/python3.12/site-packages/airflow/example_dags/example_external_task_marker_dag.py took 0.033 seconds
[2024-05-24T00:26:22.878+0000] {processor.py:161} INFO - Started process (PID=1508) to work on /home/airflow/.local/lib/python3.12/site-packages/airflow/example_dags/example_external_task_marker_dag.py
[2024-05-24T00:26:22.879+0000] {processor.py:830} INFO - Processing file /home/airflow/.local/lib/python3.12/site-packages/airflow/example_dags/example_external_task_marker_dag.py for tasks to queue
[2024-05-24T00:26:22.880+0000] {logging_mixin.py:188} INFO - [2024-05-24T00:26:22.879+0000] {dagbag.py:545} INFO - Filling up the DagBag from /home/airflow/.local/lib/python3.12/site-packages/airflow/example_dags/example_external_task_marker_dag.py
[2024-05-24T00:26:22.883+0000] {processor.py:840} INFO - DAG(s) 'example_external_task_marker_parent', 'example_external_task_marker_child' retrieved from /home/airflow/.local/lib/python3.12/site-packages/airflow/example_dags/example_external_task_marker_dag.py
[2024-05-24T00:26:22.895+0000] {logging_mixin.py:188} INFO - [2024-05-24T00:26:22.895+0000] {dag.py:3096} INFO - Sync 2 DAGs
[2024-05-24T00:26:22.900+0000] {logging_mixin.py:188} INFO - [2024-05-24T00:26:22.900+0000] {dag.py:3954} INFO - Setting next_dagrun for example_external_task_marker_child to None, run_after=None
[2024-05-24T00:26:22.901+0000] {logging_mixin.py:188} INFO - [2024-05-24T00:26:22.901+0000] {dag.py:3954} INFO - Setting next_dagrun for example_external_task_marker_parent to None, run_after=None
[2024-05-24T00:26:22.908+0000] {processor.py:183} INFO - Processing /home/airflow/.local/lib/python3.12/site-packages/airflow/example_dags/example_external_task_marker_dag.py took 0.033 seconds
[2024-05-24T00:26:53.568+0000] {processor.py:161} INFO - Started process (PID=1569) to work on /home/airflow/.local/lib/python3.12/site-packages/airflow/example_dags/example_external_task_marker_dag.py
[2024-05-24T00:26:53.568+0000] {processor.py:830} INFO - Processing file /home/airflow/.local/lib/python3.12/site-packages/airflow/example_dags/example_external_task_marker_dag.py for tasks to queue
[2024-05-24T00:26:53.569+0000] {logging_mixin.py:188} INFO - [2024-05-24T00:26:53.569+0000] {dagbag.py:545} INFO - Filling up the DagBag from /home/airflow/.local/lib/python3.12/site-packages/airflow/example_dags/example_external_task_marker_dag.py
[2024-05-24T00:26:53.571+0000] {processor.py:840} INFO - DAG(s) 'example_external_task_marker_child', 'example_external_task_marker_parent' retrieved from /home/airflow/.local/lib/python3.12/site-packages/airflow/example_dags/example_external_task_marker_dag.py
[2024-05-24T00:26:53.581+0000] {logging_mixin.py:188} INFO - [2024-05-24T00:26:53.580+0000] {dag.py:3096} INFO - Sync 2 DAGs
[2024-05-24T00:26:53.586+0000] {logging_mixin.py:188} INFO - [2024-05-24T00:26:53.586+0000] {dag.py:3954} INFO - Setting next_dagrun for example_external_task_marker_child to None, run_after=None
[2024-05-24T00:26:53.587+0000] {logging_mixin.py:188} INFO - [2024-05-24T00:26:53.587+0000] {dag.py:3954} INFO - Setting next_dagrun for example_external_task_marker_parent to None, run_after=None
[2024-05-24T00:26:53.593+0000] {processor.py:183} INFO - Processing /home/airflow/.local/lib/python3.12/site-packages/airflow/example_dags/example_external_task_marker_dag.py took 0.027 seconds
[2024-05-24T00:27:24.305+0000] {processor.py:161} INFO - Started process (PID=1629) to work on /home/airflow/.local/lib/python3.12/site-packages/airflow/example_dags/example_external_task_marker_dag.py
[2024-05-24T00:27:24.305+0000] {processor.py:830} INFO - Processing file /home/airflow/.local/lib/python3.12/site-packages/airflow/example_dags/example_external_task_marker_dag.py for tasks to queue
[2024-05-24T00:27:24.306+0000] {logging_mixin.py:188} INFO - [2024-05-24T00:27:24.306+0000] {dagbag.py:545} INFO - Filling up the DagBag from /home/airflow/.local/lib/python3.12/site-packages/airflow/example_dags/example_external_task_marker_dag.py
[2024-05-24T00:27:24.309+0000] {processor.py:840} INFO - DAG(s) 'example_external_task_marker_parent', 'example_external_task_marker_child' retrieved from /home/airflow/.local/lib/python3.12/site-packages/airflow/example_dags/example_external_task_marker_dag.py
[2024-05-24T00:27:24.322+0000] {logging_mixin.py:188} INFO - [2024-05-24T00:27:24.322+0000] {dag.py:3096} INFO - Sync 2 DAGs
[2024-05-24T00:27:24.328+0000] {logging_mixin.py:188} INFO - [2024-05-24T00:27:24.328+0000] {dag.py:3954} INFO - Setting next_dagrun for example_external_task_marker_child to None, run_after=None
[2024-05-24T00:27:24.331+0000] {logging_mixin.py:188} INFO - [2024-05-24T00:27:24.330+0000] {dag.py:3954} INFO - Setting next_dagrun for example_external_task_marker_parent to None, run_after=None
[2024-05-24T00:27:24.339+0000] {processor.py:183} INFO - Processing /home/airflow/.local/lib/python3.12/site-packages/airflow/example_dags/example_external_task_marker_dag.py took 0.037 seconds
[2024-05-24T00:27:55.053+0000] {processor.py:161} INFO - Started process (PID=1689) to work on /home/airflow/.local/lib/python3.12/site-packages/airflow/example_dags/example_external_task_marker_dag.py
[2024-05-24T00:27:55.053+0000] {processor.py:830} INFO - Processing file /home/airflow/.local/lib/python3.12/site-packages/airflow/example_dags/example_external_task_marker_dag.py for tasks to queue
[2024-05-24T00:27:55.054+0000] {logging_mixin.py:188} INFO - [2024-05-24T00:27:55.054+0000] {dagbag.py:545} INFO - Filling up the DagBag from /home/airflow/.local/lib/python3.12/site-packages/airflow/example_dags/example_external_task_marker_dag.py
[2024-05-24T00:27:55.056+0000] {processor.py:840} INFO - DAG(s) 'example_external_task_marker_parent', 'example_external_task_marker_child' retrieved from /home/airflow/.local/lib/python3.12/site-packages/airflow/example_dags/example_external_task_marker_dag.py
[2024-05-24T00:27:55.066+0000] {logging_mixin.py:188} INFO - [2024-05-24T00:27:55.066+0000] {dag.py:3096} INFO - Sync 2 DAGs
[2024-05-24T00:27:55.071+0000] {logging_mixin.py:188} INFO - [2024-05-24T00:27:55.071+0000] {dag.py:3954} INFO - Setting next_dagrun for example_external_task_marker_child to None, run_after=None
[2024-05-24T00:27:55.073+0000] {logging_mixin.py:188} INFO - [2024-05-24T00:27:55.073+0000] {dag.py:3954} INFO - Setting next_dagrun for example_external_task_marker_parent to None, run_after=None
[2024-05-24T00:27:55.079+0000] {processor.py:183} INFO - Processing /home/airflow/.local/lib/python3.12/site-packages/airflow/example_dags/example_external_task_marker_dag.py took 0.028 seconds
[2024-05-24T00:28:26.036+0000] {processor.py:161} INFO - Started process (PID=1749) to work on /home/airflow/.local/lib/python3.12/site-packages/airflow/example_dags/example_external_task_marker_dag.py
[2024-05-24T00:28:26.037+0000] {processor.py:830} INFO - Processing file /home/airflow/.local/lib/python3.12/site-packages/airflow/example_dags/example_external_task_marker_dag.py for tasks to queue
[2024-05-24T00:28:26.038+0000] {logging_mixin.py:188} INFO - [2024-05-24T00:28:26.038+0000] {dagbag.py:545} INFO - Filling up the DagBag from /home/airflow/.local/lib/python3.12/site-packages/airflow/example_dags/example_external_task_marker_dag.py
[2024-05-24T00:28:26.040+0000] {processor.py:840} INFO - DAG(s) 'example_external_task_marker_parent', 'example_external_task_marker_child' retrieved from /home/airflow/.local/lib/python3.12/site-packages/airflow/example_dags/example_external_task_marker_dag.py
[2024-05-24T00:28:26.058+0000] {logging_mixin.py:188} INFO - [2024-05-24T00:28:26.058+0000] {dag.py:3096} INFO - Sync 2 DAGs
[2024-05-24T00:28:26.066+0000] {logging_mixin.py:188} INFO - [2024-05-24T00:28:26.066+0000] {dag.py:3954} INFO - Setting next_dagrun for example_external_task_marker_child to None, run_after=None
[2024-05-24T00:28:26.067+0000] {logging_mixin.py:188} INFO - [2024-05-24T00:28:26.067+0000] {dag.py:3954} INFO - Setting next_dagrun for example_external_task_marker_parent to None, run_after=None
[2024-05-24T00:28:26.074+0000] {processor.py:183} INFO - Processing /home/airflow/.local/lib/python3.12/site-packages/airflow/example_dags/example_external_task_marker_dag.py took 0.040 seconds
[2024-05-24T00:28:56.787+0000] {processor.py:161} INFO - Started process (PID=1809) to work on /home/airflow/.local/lib/python3.12/site-packages/airflow/example_dags/example_external_task_marker_dag.py
[2024-05-24T00:28:56.787+0000] {processor.py:830} INFO - Processing file /home/airflow/.local/lib/python3.12/site-packages/airflow/example_dags/example_external_task_marker_dag.py for tasks to queue
[2024-05-24T00:28:56.788+0000] {logging_mixin.py:188} INFO - [2024-05-24T00:28:56.788+0000] {dagbag.py:545} INFO - Filling up the DagBag from /home/airflow/.local/lib/python3.12/site-packages/airflow/example_dags/example_external_task_marker_dag.py
[2024-05-24T00:28:56.790+0000] {processor.py:840} INFO - DAG(s) 'example_external_task_marker_parent', 'example_external_task_marker_child' retrieved from /home/airflow/.local/lib/python3.12/site-packages/airflow/example_dags/example_external_task_marker_dag.py
[2024-05-24T00:28:56.803+0000] {logging_mixin.py:188} INFO - [2024-05-24T00:28:56.803+0000] {dag.py:3096} INFO - Sync 2 DAGs
[2024-05-24T00:28:56.811+0000] {logging_mixin.py:188} INFO - [2024-05-24T00:28:56.811+0000] {dag.py:3954} INFO - Setting next_dagrun for example_external_task_marker_child to None, run_after=None
[2024-05-24T00:28:56.812+0000] {logging_mixin.py:188} INFO - [2024-05-24T00:28:56.812+0000] {dag.py:3954} INFO - Setting next_dagrun for example_external_task_marker_parent to None, run_after=None
[2024-05-24T00:28:56.819+0000] {processor.py:183} INFO - Processing /home/airflow/.local/lib/python3.12/site-packages/airflow/example_dags/example_external_task_marker_dag.py took 0.034 seconds
[2024-05-24T00:29:27.659+0000] {processor.py:161} INFO - Started process (PID=1869) to work on /home/airflow/.local/lib/python3.12/site-packages/airflow/example_dags/example_external_task_marker_dag.py
[2024-05-24T00:29:27.659+0000] {processor.py:830} INFO - Processing file /home/airflow/.local/lib/python3.12/site-packages/airflow/example_dags/example_external_task_marker_dag.py for tasks to queue
[2024-05-24T00:29:27.660+0000] {logging_mixin.py:188} INFO - [2024-05-24T00:29:27.660+0000] {dagbag.py:545} INFO - Filling up the DagBag from /home/airflow/.local/lib/python3.12/site-packages/airflow/example_dags/example_external_task_marker_dag.py
[2024-05-24T00:29:27.664+0000] {processor.py:840} INFO - DAG(s) 'example_external_task_marker_child', 'example_external_task_marker_parent' retrieved from /home/airflow/.local/lib/python3.12/site-packages/airflow/example_dags/example_external_task_marker_dag.py
[2024-05-24T00:29:27.674+0000] {logging_mixin.py:188} INFO - [2024-05-24T00:29:27.674+0000] {dag.py:3096} INFO - Sync 2 DAGs
[2024-05-24T00:29:27.679+0000] {logging_mixin.py:188} INFO - [2024-05-24T00:29:27.679+0000] {dag.py:3954} INFO - Setting next_dagrun for example_external_task_marker_child to None, run_after=None
[2024-05-24T00:29:27.680+0000] {logging_mixin.py:188} INFO - [2024-05-24T00:29:27.680+0000] {dag.py:3954} INFO - Setting next_dagrun for example_external_task_marker_parent to None, run_after=None
[2024-05-24T00:29:27.687+0000] {processor.py:183} INFO - Processing /home/airflow/.local/lib/python3.12/site-packages/airflow/example_dags/example_external_task_marker_dag.py took 0.032 seconds
[2024-05-24T00:29:58.715+0000] {processor.py:161} INFO - Started process (PID=1929) to work on /home/airflow/.local/lib/python3.12/site-packages/airflow/example_dags/example_external_task_marker_dag.py
[2024-05-24T00:29:58.716+0000] {processor.py:830} INFO - Processing file /home/airflow/.local/lib/python3.12/site-packages/airflow/example_dags/example_external_task_marker_dag.py for tasks to queue
[2024-05-24T00:29:58.716+0000] {logging_mixin.py:188} INFO - [2024-05-24T00:29:58.716+0000] {dagbag.py:545} INFO - Filling up the DagBag from /home/airflow/.local/lib/python3.12/site-packages/airflow/example_dags/example_external_task_marker_dag.py
[2024-05-24T00:29:58.719+0000] {processor.py:840} INFO - DAG(s) 'example_external_task_marker_child', 'example_external_task_marker_parent' retrieved from /home/airflow/.local/lib/python3.12/site-packages/airflow/example_dags/example_external_task_marker_dag.py
[2024-05-24T00:29:58.738+0000] {logging_mixin.py:188} INFO - [2024-05-24T00:29:58.737+0000] {dag.py:3096} INFO - Sync 2 DAGs
[2024-05-24T00:29:58.746+0000] {logging_mixin.py:188} INFO - [2024-05-24T00:29:58.746+0000] {dag.py:3954} INFO - Setting next_dagrun for example_external_task_marker_child to None, run_after=None
[2024-05-24T00:29:58.749+0000] {logging_mixin.py:188} INFO - [2024-05-24T00:29:58.748+0000] {dag.py:3954} INFO - Setting next_dagrun for example_external_task_marker_parent to None, run_after=None
[2024-05-24T00:29:58.762+0000] {processor.py:183} INFO - Processing /home/airflow/.local/lib/python3.12/site-packages/airflow/example_dags/example_external_task_marker_dag.py took 0.050 seconds
[2024-05-24T00:30:28.841+0000] {processor.py:161} INFO - Started process (PID=1989) to work on /home/airflow/.local/lib/python3.12/site-packages/airflow/example_dags/example_external_task_marker_dag.py
[2024-05-24T00:30:28.841+0000] {processor.py:830} INFO - Processing file /home/airflow/.local/lib/python3.12/site-packages/airflow/example_dags/example_external_task_marker_dag.py for tasks to queue
[2024-05-24T00:30:28.842+0000] {logging_mixin.py:188} INFO - [2024-05-24T00:30:28.842+0000] {dagbag.py:545} INFO - Filling up the DagBag from /home/airflow/.local/lib/python3.12/site-packages/airflow/example_dags/example_external_task_marker_dag.py
[2024-05-24T00:30:28.846+0000] {processor.py:840} INFO - DAG(s) 'example_external_task_marker_child', 'example_external_task_marker_parent' retrieved from /home/airflow/.local/lib/python3.12/site-packages/airflow/example_dags/example_external_task_marker_dag.py
[2024-05-24T00:30:28.855+0000] {logging_mixin.py:188} INFO - [2024-05-24T00:30:28.855+0000] {dag.py:3096} INFO - Sync 2 DAGs
[2024-05-24T00:30:28.860+0000] {logging_mixin.py:188} INFO - [2024-05-24T00:30:28.860+0000] {dag.py:3954} INFO - Setting next_dagrun for example_external_task_marker_child to None, run_after=None
[2024-05-24T00:30:28.862+0000] {logging_mixin.py:188} INFO - [2024-05-24T00:30:28.862+0000] {dag.py:3954} INFO - Setting next_dagrun for example_external_task_marker_parent to None, run_after=None
[2024-05-24T00:30:28.869+0000] {processor.py:183} INFO - Processing /home/airflow/.local/lib/python3.12/site-packages/airflow/example_dags/example_external_task_marker_dag.py took 0.032 seconds
[2024-05-24T00:30:59.589+0000] {processor.py:161} INFO - Started process (PID=2049) to work on /home/airflow/.local/lib/python3.12/site-packages/airflow/example_dags/example_external_task_marker_dag.py
[2024-05-24T00:30:59.590+0000] {processor.py:830} INFO - Processing file /home/airflow/.local/lib/python3.12/site-packages/airflow/example_dags/example_external_task_marker_dag.py for tasks to queue
[2024-05-24T00:30:59.591+0000] {logging_mixin.py:188} INFO - [2024-05-24T00:30:59.590+0000] {dagbag.py:545} INFO - Filling up the DagBag from /home/airflow/.local/lib/python3.12/site-packages/airflow/example_dags/example_external_task_marker_dag.py
[2024-05-24T00:30:59.596+0000] {processor.py:840} INFO - DAG(s) 'example_external_task_marker_parent', 'example_external_task_marker_child' retrieved from /home/airflow/.local/lib/python3.12/site-packages/airflow/example_dags/example_external_task_marker_dag.py
[2024-05-24T00:30:59.609+0000] {logging_mixin.py:188} INFO - [2024-05-24T00:30:59.609+0000] {dag.py:3096} INFO - Sync 2 DAGs
[2024-05-24T00:30:59.620+0000] {logging_mixin.py:188} INFO - [2024-05-24T00:30:59.620+0000] {dag.py:3954} INFO - Setting next_dagrun for example_external_task_marker_child to None, run_after=None
[2024-05-24T00:30:59.622+0000] {logging_mixin.py:188} INFO - [2024-05-24T00:30:59.622+0000] {dag.py:3954} INFO - Setting next_dagrun for example_external_task_marker_parent to None, run_after=None
[2024-05-24T00:30:59.631+0000] {processor.py:183} INFO - Processing /home/airflow/.local/lib/python3.12/site-packages/airflow/example_dags/example_external_task_marker_dag.py took 0.047 seconds
[2024-05-24T00:31:30.029+0000] {processor.py:161} INFO - Started process (PID=2109) to work on /home/airflow/.local/lib/python3.12/site-packages/airflow/example_dags/example_external_task_marker_dag.py
[2024-05-24T00:31:30.029+0000] {processor.py:830} INFO - Processing file /home/airflow/.local/lib/python3.12/site-packages/airflow/example_dags/example_external_task_marker_dag.py for tasks to queue
[2024-05-24T00:31:30.030+0000] {logging_mixin.py:188} INFO - [2024-05-24T00:31:30.030+0000] {dagbag.py:545} INFO - Filling up the DagBag from /home/airflow/.local/lib/python3.12/site-packages/airflow/example_dags/example_external_task_marker_dag.py
[2024-05-24T00:31:30.032+0000] {processor.py:840} INFO - DAG(s) 'example_external_task_marker_child', 'example_external_task_marker_parent' retrieved from /home/airflow/.local/lib/python3.12/site-packages/airflow/example_dags/example_external_task_marker_dag.py
[2024-05-24T00:31:30.042+0000] {logging_mixin.py:188} INFO - [2024-05-24T00:31:30.042+0000] {dag.py:3096} INFO - Sync 2 DAGs
[2024-05-24T00:31:30.049+0000] {logging_mixin.py:188} INFO - [2024-05-24T00:31:30.049+0000] {dag.py:3954} INFO - Setting next_dagrun for example_external_task_marker_child to None, run_after=None
[2024-05-24T00:31:30.051+0000] {logging_mixin.py:188} INFO - [2024-05-24T00:31:30.050+0000] {dag.py:3954} INFO - Setting next_dagrun for example_external_task_marker_parent to None, run_after=None
[2024-05-24T00:31:30.056+0000] {processor.py:183} INFO - Processing /home/airflow/.local/lib/python3.12/site-packages/airflow/example_dags/example_external_task_marker_dag.py took 0.029 seconds
[2024-05-24T00:32:00.386+0000] {processor.py:161} INFO - Started process (PID=2169) to work on /home/airflow/.local/lib/python3.12/site-packages/airflow/example_dags/example_external_task_marker_dag.py
[2024-05-24T00:32:00.386+0000] {processor.py:830} INFO - Processing file /home/airflow/.local/lib/python3.12/site-packages/airflow/example_dags/example_external_task_marker_dag.py for tasks to queue
[2024-05-24T00:32:00.387+0000] {logging_mixin.py:188} INFO - [2024-05-24T00:32:00.387+0000] {dagbag.py:545} INFO - Filling up the DagBag from /home/airflow/.local/lib/python3.12/site-packages/airflow/example_dags/example_external_task_marker_dag.py
[2024-05-24T00:32:00.390+0000] {processor.py:840} INFO - DAG(s) 'example_external_task_marker_child', 'example_external_task_marker_parent' retrieved from /home/airflow/.local/lib/python3.12/site-packages/airflow/example_dags/example_external_task_marker_dag.py
[2024-05-24T00:32:00.401+0000] {logging_mixin.py:188} INFO - [2024-05-24T00:32:00.401+0000] {dag.py:3096} INFO - Sync 2 DAGs
[2024-05-24T00:32:00.462+0000] {logging_mixin.py:188} INFO - [2024-05-24T00:32:00.462+0000] {dag.py:3954} INFO - Setting next_dagrun for example_external_task_marker_child to None, run_after=None
[2024-05-24T00:32:00.463+0000] {logging_mixin.py:188} INFO - [2024-05-24T00:32:00.463+0000] {dag.py:3954} INFO - Setting next_dagrun for example_external_task_marker_parent to None, run_after=None
[2024-05-24T00:32:00.471+0000] {processor.py:183} INFO - Processing /home/airflow/.local/lib/python3.12/site-packages/airflow/example_dags/example_external_task_marker_dag.py took 0.089 seconds
[2024-05-24T00:32:30.820+0000] {processor.py:161} INFO - Started process (PID=2229) to work on /home/airflow/.local/lib/python3.12/site-packages/airflow/example_dags/example_external_task_marker_dag.py
[2024-05-24T00:32:30.821+0000] {processor.py:830} INFO - Processing file /home/airflow/.local/lib/python3.12/site-packages/airflow/example_dags/example_external_task_marker_dag.py for tasks to queue
[2024-05-24T00:32:30.822+0000] {logging_mixin.py:188} INFO - [2024-05-24T00:32:30.822+0000] {dagbag.py:545} INFO - Filling up the DagBag from /home/airflow/.local/lib/python3.12/site-packages/airflow/example_dags/example_external_task_marker_dag.py
[2024-05-24T00:32:30.825+0000] {processor.py:840} INFO - DAG(s) 'example_external_task_marker_parent', 'example_external_task_marker_child' retrieved from /home/airflow/.local/lib/python3.12/site-packages/airflow/example_dags/example_external_task_marker_dag.py
[2024-05-24T00:32:30.835+0000] {logging_mixin.py:188} INFO - [2024-05-24T00:32:30.835+0000] {dag.py:3096} INFO - Sync 2 DAGs
[2024-05-24T00:32:30.840+0000] {logging_mixin.py:188} INFO - [2024-05-24T00:32:30.840+0000] {dag.py:3954} INFO - Setting next_dagrun for example_external_task_marker_child to None, run_after=None
[2024-05-24T00:32:30.841+0000] {logging_mixin.py:188} INFO - [2024-05-24T00:32:30.841+0000] {dag.py:3954} INFO - Setting next_dagrun for example_external_task_marker_parent to None, run_after=None
[2024-05-24T00:32:30.849+0000] {processor.py:183} INFO - Processing /home/airflow/.local/lib/python3.12/site-packages/airflow/example_dags/example_external_task_marker_dag.py took 0.032 seconds
[2024-05-24T00:33:01.504+0000] {processor.py:161} INFO - Started process (PID=2289) to work on /home/airflow/.local/lib/python3.12/site-packages/airflow/example_dags/example_external_task_marker_dag.py
[2024-05-24T00:33:01.505+0000] {processor.py:830} INFO - Processing file /home/airflow/.local/lib/python3.12/site-packages/airflow/example_dags/example_external_task_marker_dag.py for tasks to queue
[2024-05-24T00:33:01.506+0000] {logging_mixin.py:188} INFO - [2024-05-24T00:33:01.506+0000] {dagbag.py:545} INFO - Filling up the DagBag from /home/airflow/.local/lib/python3.12/site-packages/airflow/example_dags/example_external_task_marker_dag.py
[2024-05-24T00:33:01.509+0000] {processor.py:840} INFO - DAG(s) 'example_external_task_marker_child', 'example_external_task_marker_parent' retrieved from /home/airflow/.local/lib/python3.12/site-packages/airflow/example_dags/example_external_task_marker_dag.py
[2024-05-24T00:33:01.526+0000] {logging_mixin.py:188} INFO - [2024-05-24T00:33:01.526+0000] {dag.py:3096} INFO - Sync 2 DAGs
[2024-05-24T00:33:01.533+0000] {logging_mixin.py:188} INFO - [2024-05-24T00:33:01.533+0000] {dag.py:3954} INFO - Setting next_dagrun for example_external_task_marker_child to None, run_after=None
[2024-05-24T00:33:01.535+0000] {logging_mixin.py:188} INFO - [2024-05-24T00:33:01.535+0000] {dag.py:3954} INFO - Setting next_dagrun for example_external_task_marker_parent to None, run_after=None
[2024-05-24T00:33:01.541+0000] {processor.py:183} INFO - Processing /home/airflow/.local/lib/python3.12/site-packages/airflow/example_dags/example_external_task_marker_dag.py took 0.040 seconds
[2024-05-24T00:33:32.282+0000] {processor.py:161} INFO - Started process (PID=2355) to work on /home/airflow/.local/lib/python3.12/site-packages/airflow/example_dags/example_external_task_marker_dag.py
[2024-05-24T00:33:32.282+0000] {processor.py:830} INFO - Processing file /home/airflow/.local/lib/python3.12/site-packages/airflow/example_dags/example_external_task_marker_dag.py for tasks to queue
[2024-05-24T00:33:32.283+0000] {logging_mixin.py:188} INFO - [2024-05-24T00:33:32.283+0000] {dagbag.py:545} INFO - Filling up the DagBag from /home/airflow/.local/lib/python3.12/site-packages/airflow/example_dags/example_external_task_marker_dag.py
[2024-05-24T00:33:32.287+0000] {processor.py:840} INFO - DAG(s) 'example_external_task_marker_child', 'example_external_task_marker_parent' retrieved from /home/airflow/.local/lib/python3.12/site-packages/airflow/example_dags/example_external_task_marker_dag.py
[2024-05-24T00:33:32.308+0000] {logging_mixin.py:188} INFO - [2024-05-24T00:33:32.307+0000] {dag.py:3096} INFO - Sync 2 DAGs
[2024-05-24T00:33:32.314+0000] {logging_mixin.py:188} INFO - [2024-05-24T00:33:32.314+0000] {dag.py:3954} INFO - Setting next_dagrun for example_external_task_marker_child to None, run_after=None
[2024-05-24T00:33:32.315+0000] {logging_mixin.py:188} INFO - [2024-05-24T00:33:32.315+0000] {dag.py:3954} INFO - Setting next_dagrun for example_external_task_marker_parent to None, run_after=None
[2024-05-24T00:33:32.322+0000] {processor.py:183} INFO - Processing /home/airflow/.local/lib/python3.12/site-packages/airflow/example_dags/example_external_task_marker_dag.py took 0.045 seconds
[2024-05-24T00:34:03.166+0000] {processor.py:161} INFO - Started process (PID=2415) to work on /home/airflow/.local/lib/python3.12/site-packages/airflow/example_dags/example_external_task_marker_dag.py
[2024-05-24T00:34:03.167+0000] {processor.py:830} INFO - Processing file /home/airflow/.local/lib/python3.12/site-packages/airflow/example_dags/example_external_task_marker_dag.py for tasks to queue
[2024-05-24T00:34:03.168+0000] {logging_mixin.py:188} INFO - [2024-05-24T00:34:03.167+0000] {dagbag.py:545} INFO - Filling up the DagBag from /home/airflow/.local/lib/python3.12/site-packages/airflow/example_dags/example_external_task_marker_dag.py
[2024-05-24T00:34:03.171+0000] {processor.py:840} INFO - DAG(s) 'example_external_task_marker_parent', 'example_external_task_marker_child' retrieved from /home/airflow/.local/lib/python3.12/site-packages/airflow/example_dags/example_external_task_marker_dag.py
[2024-05-24T00:34:03.180+0000] {logging_mixin.py:188} INFO - [2024-05-24T00:34:03.180+0000] {dag.py:3096} INFO - Sync 2 DAGs
[2024-05-24T00:34:03.185+0000] {logging_mixin.py:188} INFO - [2024-05-24T00:34:03.185+0000] {dag.py:3954} INFO - Setting next_dagrun for example_external_task_marker_child to None, run_after=None
[2024-05-24T00:34:03.187+0000] {logging_mixin.py:188} INFO - [2024-05-24T00:34:03.187+0000] {dag.py:3954} INFO - Setting next_dagrun for example_external_task_marker_parent to None, run_after=None
[2024-05-24T00:34:03.195+0000] {processor.py:183} INFO - Processing /home/airflow/.local/lib/python3.12/site-packages/airflow/example_dags/example_external_task_marker_dag.py took 0.032 seconds
[2024-05-24T00:34:33.842+0000] {processor.py:161} INFO - Started process (PID=2475) to work on /home/airflow/.local/lib/python3.12/site-packages/airflow/example_dags/example_external_task_marker_dag.py
[2024-05-24T00:34:33.843+0000] {processor.py:830} INFO - Processing file /home/airflow/.local/lib/python3.12/site-packages/airflow/example_dags/example_external_task_marker_dag.py for tasks to queue
[2024-05-24T00:34:33.843+0000] {logging_mixin.py:188} INFO - [2024-05-24T00:34:33.843+0000] {dagbag.py:545} INFO - Filling up the DagBag from /home/airflow/.local/lib/python3.12/site-packages/airflow/example_dags/example_external_task_marker_dag.py
[2024-05-24T00:34:33.846+0000] {processor.py:840} INFO - DAG(s) 'example_external_task_marker_parent', 'example_external_task_marker_child' retrieved from /home/airflow/.local/lib/python3.12/site-packages/airflow/example_dags/example_external_task_marker_dag.py
[2024-05-24T00:34:33.855+0000] {logging_mixin.py:188} INFO - [2024-05-24T00:34:33.855+0000] {dag.py:3096} INFO - Sync 2 DAGs
[2024-05-24T00:34:33.860+0000] {logging_mixin.py:188} INFO - [2024-05-24T00:34:33.860+0000] {dag.py:3954} INFO - Setting next_dagrun for example_external_task_marker_child to None, run_after=None
[2024-05-24T00:34:33.861+0000] {logging_mixin.py:188} INFO - [2024-05-24T00:34:33.861+0000] {dag.py:3954} INFO - Setting next_dagrun for example_external_task_marker_parent to None, run_after=None
[2024-05-24T00:34:33.867+0000] {processor.py:183} INFO - Processing /home/airflow/.local/lib/python3.12/site-packages/airflow/example_dags/example_external_task_marker_dag.py took 0.027 seconds
[2024-05-24T00:35:04.641+0000] {processor.py:161} INFO - Started process (PID=2535) to work on /home/airflow/.local/lib/python3.12/site-packages/airflow/example_dags/example_external_task_marker_dag.py
[2024-05-24T00:35:04.641+0000] {processor.py:830} INFO - Processing file /home/airflow/.local/lib/python3.12/site-packages/airflow/example_dags/example_external_task_marker_dag.py for tasks to queue
[2024-05-24T00:35:04.642+0000] {logging_mixin.py:188} INFO - [2024-05-24T00:35:04.642+0000] {dagbag.py:545} INFO - Filling up the DagBag from /home/airflow/.local/lib/python3.12/site-packages/airflow/example_dags/example_external_task_marker_dag.py
[2024-05-24T00:35:04.647+0000] {processor.py:840} INFO - DAG(s) 'example_external_task_marker_child', 'example_external_task_marker_parent' retrieved from /home/airflow/.local/lib/python3.12/site-packages/airflow/example_dags/example_external_task_marker_dag.py
[2024-05-24T00:35:04.662+0000] {logging_mixin.py:188} INFO - [2024-05-24T00:35:04.662+0000] {dag.py:3096} INFO - Sync 2 DAGs
[2024-05-24T00:35:04.673+0000] {logging_mixin.py:188} INFO - [2024-05-24T00:35:04.672+0000] {dag.py:3954} INFO - Setting next_dagrun for example_external_task_marker_child to None, run_after=None
[2024-05-24T00:35:04.676+0000] {logging_mixin.py:188} INFO - [2024-05-24T00:35:04.676+0000] {dag.py:3954} INFO - Setting next_dagrun for example_external_task_marker_parent to None, run_after=None
[2024-05-24T00:35:04.686+0000] {processor.py:183} INFO - Processing /home/airflow/.local/lib/python3.12/site-packages/airflow/example_dags/example_external_task_marker_dag.py took 0.050 seconds
[2024-05-24T00:35:35.359+0000] {processor.py:161} INFO - Started process (PID=2595) to work on /home/airflow/.local/lib/python3.12/site-packages/airflow/example_dags/example_external_task_marker_dag.py
[2024-05-24T00:35:35.360+0000] {processor.py:830} INFO - Processing file /home/airflow/.local/lib/python3.12/site-packages/airflow/example_dags/example_external_task_marker_dag.py for tasks to queue
[2024-05-24T00:35:35.361+0000] {logging_mixin.py:188} INFO - [2024-05-24T00:35:35.361+0000] {dagbag.py:545} INFO - Filling up the DagBag from /home/airflow/.local/lib/python3.12/site-packages/airflow/example_dags/example_external_task_marker_dag.py
[2024-05-24T00:35:35.365+0000] {processor.py:840} INFO - DAG(s) 'example_external_task_marker_child', 'example_external_task_marker_parent' retrieved from /home/airflow/.local/lib/python3.12/site-packages/airflow/example_dags/example_external_task_marker_dag.py
[2024-05-24T00:35:35.384+0000] {logging_mixin.py:188} INFO - [2024-05-24T00:35:35.384+0000] {dag.py:3096} INFO - Sync 2 DAGs
[2024-05-24T00:35:35.391+0000] {logging_mixin.py:188} INFO - [2024-05-24T00:35:35.391+0000] {dag.py:3954} INFO - Setting next_dagrun for example_external_task_marker_child to None, run_after=None
[2024-05-24T00:35:35.394+0000] {logging_mixin.py:188} INFO - [2024-05-24T00:35:35.393+0000] {dag.py:3954} INFO - Setting next_dagrun for example_external_task_marker_parent to None, run_after=None
[2024-05-24T00:35:35.403+0000] {processor.py:183} INFO - Processing /home/airflow/.local/lib/python3.12/site-packages/airflow/example_dags/example_external_task_marker_dag.py took 0.049 seconds
[2024-05-24T00:36:05.973+0000] {processor.py:161} INFO - Started process (PID=2654) to work on /home/airflow/.local/lib/python3.12/site-packages/airflow/example_dags/example_external_task_marker_dag.py
[2024-05-24T00:36:05.973+0000] {processor.py:830} INFO - Processing file /home/airflow/.local/lib/python3.12/site-packages/airflow/example_dags/example_external_task_marker_dag.py for tasks to queue
[2024-05-24T00:36:05.974+0000] {logging_mixin.py:188} INFO - [2024-05-24T00:36:05.974+0000] {dagbag.py:545} INFO - Filling up the DagBag from /home/airflow/.local/lib/python3.12/site-packages/airflow/example_dags/example_external_task_marker_dag.py
[2024-05-24T00:36:05.978+0000] {processor.py:840} INFO - DAG(s) 'example_external_task_marker_child', 'example_external_task_marker_parent' retrieved from /home/airflow/.local/lib/python3.12/site-packages/airflow/example_dags/example_external_task_marker_dag.py
[2024-05-24T00:36:05.991+0000] {logging_mixin.py:188} INFO - [2024-05-24T00:36:05.991+0000] {dag.py:3096} INFO - Sync 2 DAGs
[2024-05-24T00:36:06.001+0000] {logging_mixin.py:188} INFO - [2024-05-24T00:36:06.001+0000] {dag.py:3954} INFO - Setting next_dagrun for example_external_task_marker_child to None, run_after=None
[2024-05-24T00:36:06.003+0000] {logging_mixin.py:188} INFO - [2024-05-24T00:36:06.003+0000] {dag.py:3954} INFO - Setting next_dagrun for example_external_task_marker_parent to None, run_after=None
[2024-05-24T00:36:06.012+0000] {processor.py:183} INFO - Processing /home/airflow/.local/lib/python3.12/site-packages/airflow/example_dags/example_external_task_marker_dag.py took 0.043 seconds
[2024-05-24T00:36:36.827+0000] {processor.py:161} INFO - Started process (PID=2713) to work on /home/airflow/.local/lib/python3.12/site-packages/airflow/example_dags/example_external_task_marker_dag.py
[2024-05-24T00:36:36.827+0000] {processor.py:830} INFO - Processing file /home/airflow/.local/lib/python3.12/site-packages/airflow/example_dags/example_external_task_marker_dag.py for tasks to queue
[2024-05-24T00:36:36.828+0000] {logging_mixin.py:188} INFO - [2024-05-24T00:36:36.828+0000] {dagbag.py:545} INFO - Filling up the DagBag from /home/airflow/.local/lib/python3.12/site-packages/airflow/example_dags/example_external_task_marker_dag.py
[2024-05-24T00:36:36.830+0000] {processor.py:840} INFO - DAG(s) 'example_external_task_marker_child', 'example_external_task_marker_parent' retrieved from /home/airflow/.local/lib/python3.12/site-packages/airflow/example_dags/example_external_task_marker_dag.py
[2024-05-24T00:36:36.844+0000] {logging_mixin.py:188} INFO - [2024-05-24T00:36:36.844+0000] {dag.py:3096} INFO - Sync 2 DAGs
[2024-05-24T00:36:36.853+0000] {logging_mixin.py:188} INFO - [2024-05-24T00:36:36.853+0000] {dag.py:3954} INFO - Setting next_dagrun for example_external_task_marker_child to None, run_after=None
[2024-05-24T00:36:36.855+0000] {logging_mixin.py:188} INFO - [2024-05-24T00:36:36.855+0000] {dag.py:3954} INFO - Setting next_dagrun for example_external_task_marker_parent to None, run_after=None
[2024-05-24T00:36:36.864+0000] {processor.py:183} INFO - Processing /home/airflow/.local/lib/python3.12/site-packages/airflow/example_dags/example_external_task_marker_dag.py took 0.039 seconds
[2024-05-24T00:37:07.386+0000] {processor.py:161} INFO - Started process (PID=2772) to work on /home/airflow/.local/lib/python3.12/site-packages/airflow/example_dags/example_external_task_marker_dag.py
[2024-05-24T00:37:07.387+0000] {processor.py:830} INFO - Processing file /home/airflow/.local/lib/python3.12/site-packages/airflow/example_dags/example_external_task_marker_dag.py for tasks to queue
[2024-05-24T00:37:07.387+0000] {logging_mixin.py:188} INFO - [2024-05-24T00:37:07.387+0000] {dagbag.py:545} INFO - Filling up the DagBag from /home/airflow/.local/lib/python3.12/site-packages/airflow/example_dags/example_external_task_marker_dag.py
[2024-05-24T00:37:07.391+0000] {processor.py:840} INFO - DAG(s) 'example_external_task_marker_parent', 'example_external_task_marker_child' retrieved from /home/airflow/.local/lib/python3.12/site-packages/airflow/example_dags/example_external_task_marker_dag.py
[2024-05-24T00:37:07.412+0000] {logging_mixin.py:188} INFO - [2024-05-24T00:37:07.411+0000] {dag.py:3096} INFO - Sync 2 DAGs
[2024-05-24T00:37:07.424+0000] {logging_mixin.py:188} INFO - [2024-05-24T00:37:07.424+0000] {dag.py:3954} INFO - Setting next_dagrun for example_external_task_marker_child to None, run_after=None
[2024-05-24T00:37:07.429+0000] {logging_mixin.py:188} INFO - [2024-05-24T00:37:07.429+0000] {dag.py:3954} INFO - Setting next_dagrun for example_external_task_marker_parent to None, run_after=None
[2024-05-24T00:37:07.449+0000] {processor.py:183} INFO - Processing /home/airflow/.local/lib/python3.12/site-packages/airflow/example_dags/example_external_task_marker_dag.py took 0.066 seconds
[2024-05-24T00:37:38.128+0000] {processor.py:161} INFO - Started process (PID=2831) to work on /home/airflow/.local/lib/python3.12/site-packages/airflow/example_dags/example_external_task_marker_dag.py
[2024-05-24T00:37:38.128+0000] {processor.py:830} INFO - Processing file /home/airflow/.local/lib/python3.12/site-packages/airflow/example_dags/example_external_task_marker_dag.py for tasks to queue
[2024-05-24T00:37:38.129+0000] {logging_mixin.py:188} INFO - [2024-05-24T00:37:38.129+0000] {dagbag.py:545} INFO - Filling up the DagBag from /home/airflow/.local/lib/python3.12/site-packages/airflow/example_dags/example_external_task_marker_dag.py
[2024-05-24T00:37:38.131+0000] {processor.py:840} INFO - DAG(s) 'example_external_task_marker_child', 'example_external_task_marker_parent' retrieved from /home/airflow/.local/lib/python3.12/site-packages/airflow/example_dags/example_external_task_marker_dag.py
[2024-05-24T00:37:38.142+0000] {logging_mixin.py:188} INFO - [2024-05-24T00:37:38.142+0000] {dag.py:3096} INFO - Sync 2 DAGs
[2024-05-24T00:37:38.148+0000] {logging_mixin.py:188} INFO - [2024-05-24T00:37:38.148+0000] {dag.py:3954} INFO - Setting next_dagrun for example_external_task_marker_child to None, run_after=None
[2024-05-24T00:37:38.149+0000] {logging_mixin.py:188} INFO - [2024-05-24T00:37:38.149+0000] {dag.py:3954} INFO - Setting next_dagrun for example_external_task_marker_parent to None, run_after=None
[2024-05-24T00:37:38.156+0000] {processor.py:183} INFO - Processing /home/airflow/.local/lib/python3.12/site-packages/airflow/example_dags/example_external_task_marker_dag.py took 0.033 seconds
[2024-05-24T00:38:08.777+0000] {processor.py:161} INFO - Started process (PID=2890) to work on /home/airflow/.local/lib/python3.12/site-packages/airflow/example_dags/example_external_task_marker_dag.py
[2024-05-24T00:38:08.777+0000] {processor.py:830} INFO - Processing file /home/airflow/.local/lib/python3.12/site-packages/airflow/example_dags/example_external_task_marker_dag.py for tasks to queue
[2024-05-24T00:38:08.778+0000] {logging_mixin.py:188} INFO - [2024-05-24T00:38:08.778+0000] {dagbag.py:545} INFO - Filling up the DagBag from /home/airflow/.local/lib/python3.12/site-packages/airflow/example_dags/example_external_task_marker_dag.py
[2024-05-24T00:38:08.781+0000] {processor.py:840} INFO - DAG(s) 'example_external_task_marker_parent', 'example_external_task_marker_child' retrieved from /home/airflow/.local/lib/python3.12/site-packages/airflow/example_dags/example_external_task_marker_dag.py
[2024-05-24T00:38:08.791+0000] {logging_mixin.py:188} INFO - [2024-05-24T00:38:08.791+0000] {dag.py:3096} INFO - Sync 2 DAGs
[2024-05-24T00:38:08.797+0000] {logging_mixin.py:188} INFO - [2024-05-24T00:38:08.797+0000] {dag.py:3954} INFO - Setting next_dagrun for example_external_task_marker_child to None, run_after=None
[2024-05-24T00:38:08.799+0000] {logging_mixin.py:188} INFO - [2024-05-24T00:38:08.798+0000] {dag.py:3954} INFO - Setting next_dagrun for example_external_task_marker_parent to None, run_after=None
[2024-05-24T00:38:08.807+0000] {processor.py:183} INFO - Processing /home/airflow/.local/lib/python3.12/site-packages/airflow/example_dags/example_external_task_marker_dag.py took 0.034 seconds
[2024-05-24T00:38:39.378+0000] {processor.py:161} INFO - Started process (PID=2950) to work on /home/airflow/.local/lib/python3.12/site-packages/airflow/example_dags/example_external_task_marker_dag.py
[2024-05-24T00:38:39.378+0000] {processor.py:830} INFO - Processing file /home/airflow/.local/lib/python3.12/site-packages/airflow/example_dags/example_external_task_marker_dag.py for tasks to queue
[2024-05-24T00:38:39.379+0000] {logging_mixin.py:188} INFO - [2024-05-24T00:38:39.379+0000] {dagbag.py:545} INFO - Filling up the DagBag from /home/airflow/.local/lib/python3.12/site-packages/airflow/example_dags/example_external_task_marker_dag.py
[2024-05-24T00:38:39.381+0000] {processor.py:840} INFO - DAG(s) 'example_external_task_marker_child', 'example_external_task_marker_parent' retrieved from /home/airflow/.local/lib/python3.12/site-packages/airflow/example_dags/example_external_task_marker_dag.py
[2024-05-24T00:38:39.390+0000] {logging_mixin.py:188} INFO - [2024-05-24T00:38:39.390+0000] {dag.py:3096} INFO - Sync 2 DAGs
[2024-05-24T00:38:39.395+0000] {logging_mixin.py:188} INFO - [2024-05-24T00:38:39.395+0000] {dag.py:3954} INFO - Setting next_dagrun for example_external_task_marker_child to None, run_after=None
[2024-05-24T00:38:39.397+0000] {logging_mixin.py:188} INFO - [2024-05-24T00:38:39.396+0000] {dag.py:3954} INFO - Setting next_dagrun for example_external_task_marker_parent to None, run_after=None
[2024-05-24T00:38:39.403+0000] {processor.py:183} INFO - Processing /home/airflow/.local/lib/python3.12/site-packages/airflow/example_dags/example_external_task_marker_dag.py took 0.028 seconds
[2024-05-24T00:39:09.946+0000] {processor.py:161} INFO - Started process (PID=3009) to work on /home/airflow/.local/lib/python3.12/site-packages/airflow/example_dags/example_external_task_marker_dag.py
[2024-05-24T00:39:09.946+0000] {processor.py:830} INFO - Processing file /home/airflow/.local/lib/python3.12/site-packages/airflow/example_dags/example_external_task_marker_dag.py for tasks to queue
[2024-05-24T00:39:09.947+0000] {logging_mixin.py:188} INFO - [2024-05-24T00:39:09.947+0000] {dagbag.py:545} INFO - Filling up the DagBag from /home/airflow/.local/lib/python3.12/site-packages/airflow/example_dags/example_external_task_marker_dag.py
[2024-05-24T00:39:09.949+0000] {processor.py:840} INFO - DAG(s) 'example_external_task_marker_parent', 'example_external_task_marker_child' retrieved from /home/airflow/.local/lib/python3.12/site-packages/airflow/example_dags/example_external_task_marker_dag.py
[2024-05-24T00:39:09.954+0000] {logging_mixin.py:188} INFO - [2024-05-24T00:39:09.954+0000] {dag.py:3096} INFO - Sync 2 DAGs
[2024-05-24T00:39:09.960+0000] {logging_mixin.py:188} INFO - [2024-05-24T00:39:09.960+0000] {dag.py:3954} INFO - Setting next_dagrun for example_external_task_marker_child to None, run_after=None
[2024-05-24T00:39:09.962+0000] {logging_mixin.py:188} INFO - [2024-05-24T00:39:09.962+0000] {dag.py:3954} INFO - Setting next_dagrun for example_external_task_marker_parent to None, run_after=None
[2024-05-24T00:39:09.971+0000] {processor.py:183} INFO - Processing /home/airflow/.local/lib/python3.12/site-packages/airflow/example_dags/example_external_task_marker_dag.py took 0.028 seconds
[2024-05-24T00:39:40.330+0000] {processor.py:161} INFO - Started process (PID=3068) to work on /home/airflow/.local/lib/python3.12/site-packages/airflow/example_dags/example_external_task_marker_dag.py
[2024-05-24T00:39:40.330+0000] {processor.py:830} INFO - Processing file /home/airflow/.local/lib/python3.12/site-packages/airflow/example_dags/example_external_task_marker_dag.py for tasks to queue
[2024-05-24T00:39:40.330+0000] {logging_mixin.py:188} INFO - [2024-05-24T00:39:40.330+0000] {dagbag.py:545} INFO - Filling up the DagBag from /home/airflow/.local/lib/python3.12/site-packages/airflow/example_dags/example_external_task_marker_dag.py
[2024-05-24T00:39:40.333+0000] {processor.py:840} INFO - DAG(s) 'example_external_task_marker_parent', 'example_external_task_marker_child' retrieved from /home/airflow/.local/lib/python3.12/site-packages/airflow/example_dags/example_external_task_marker_dag.py
[2024-05-24T00:39:40.340+0000] {logging_mixin.py:188} INFO - [2024-05-24T00:39:40.339+0000] {dag.py:3096} INFO - Sync 2 DAGs
[2024-05-24T00:39:40.347+0000] {logging_mixin.py:188} INFO - [2024-05-24T00:39:40.347+0000] {dag.py:3954} INFO - Setting next_dagrun for example_external_task_marker_child to None, run_after=None
[2024-05-24T00:39:40.350+0000] {logging_mixin.py:188} INFO - [2024-05-24T00:39:40.350+0000] {dag.py:3954} INFO - Setting next_dagrun for example_external_task_marker_parent to None, run_after=None
[2024-05-24T00:39:40.360+0000] {processor.py:183} INFO - Processing /home/airflow/.local/lib/python3.12/site-packages/airflow/example_dags/example_external_task_marker_dag.py took 0.034 seconds
[2024-05-24T00:40:11.204+0000] {processor.py:161} INFO - Started process (PID=3126) to work on /home/airflow/.local/lib/python3.12/site-packages/airflow/example_dags/example_external_task_marker_dag.py
[2024-05-24T00:40:11.205+0000] {processor.py:830} INFO - Processing file /home/airflow/.local/lib/python3.12/site-packages/airflow/example_dags/example_external_task_marker_dag.py for tasks to queue
[2024-05-24T00:40:11.205+0000] {logging_mixin.py:188} INFO - [2024-05-24T00:40:11.205+0000] {dagbag.py:545} INFO - Filling up the DagBag from /home/airflow/.local/lib/python3.12/site-packages/airflow/example_dags/example_external_task_marker_dag.py
[2024-05-24T00:40:11.207+0000] {processor.py:840} INFO - DAG(s) 'example_external_task_marker_parent', 'example_external_task_marker_child' retrieved from /home/airflow/.local/lib/python3.12/site-packages/airflow/example_dags/example_external_task_marker_dag.py
[2024-05-24T00:40:11.254+0000] {logging_mixin.py:188} INFO - [2024-05-24T00:40:11.254+0000] {dag.py:3096} INFO - Sync 2 DAGs
[2024-05-24T00:40:11.258+0000] {logging_mixin.py:188} INFO - [2024-05-24T00:40:11.258+0000] {dag.py:3954} INFO - Setting next_dagrun for example_external_task_marker_child to None, run_after=None
[2024-05-24T00:40:11.259+0000] {logging_mixin.py:188} INFO - [2024-05-24T00:40:11.259+0000] {dag.py:3954} INFO - Setting next_dagrun for example_external_task_marker_parent to None, run_after=None
[2024-05-24T00:40:11.265+0000] {processor.py:183} INFO - Processing /home/airflow/.local/lib/python3.12/site-packages/airflow/example_dags/example_external_task_marker_dag.py took 0.063 seconds
