[2024-05-24T00:14:37.196+0000] {processor.py:161} INFO - Started process (PID=59) to work on /home/airflow/.local/lib/python3.12/site-packages/airflow/example_dags/example_complex.py
[2024-05-24T00:14:37.196+0000] {processor.py:830} INFO - Processing file /home/airflow/.local/lib/python3.12/site-packages/airflow/example_dags/example_complex.py for tasks to queue
[2024-05-24T00:14:37.197+0000] {logging_mixin.py:188} INFO - [2024-05-24T00:14:37.197+0000] {dagbag.py:545} INFO - Filling up the DagBag from /home/airflow/.local/lib/python3.12/site-packages/airflow/example_dags/example_complex.py
[2024-05-24T00:14:37.201+0000] {processor.py:840} INFO - DAG(s) 'example_complex' retrieved from /home/airflow/.local/lib/python3.12/site-packages/airflow/example_dags/example_complex.py
[2024-05-24T00:14:37.208+0000] {logging_mixin.py:188} INFO - [2024-05-24T00:14:37.208+0000] {dag.py:3096} INFO - Sync 1 DAGs
[2024-05-24T00:14:37.218+0000] {logging_mixin.py:188} INFO - [2024-05-24T00:14:37.217+0000] {dag.py:3954} INFO - Setting next_dagrun for example_complex to None, run_after=None
[2024-05-24T00:14:37.228+0000] {processor.py:183} INFO - Processing /home/airflow/.local/lib/python3.12/site-packages/airflow/example_dags/example_complex.py took 0.035 seconds
[2024-05-24T00:15:07.686+0000] {processor.py:161} INFO - Started process (PID=118) to work on /home/airflow/.local/lib/python3.12/site-packages/airflow/example_dags/example_complex.py
[2024-05-24T00:15:07.686+0000] {processor.py:830} INFO - Processing file /home/airflow/.local/lib/python3.12/site-packages/airflow/example_dags/example_complex.py for tasks to queue
[2024-05-24T00:15:07.687+0000] {logging_mixin.py:188} INFO - [2024-05-24T00:15:07.687+0000] {dagbag.py:545} INFO - Filling up the DagBag from /home/airflow/.local/lib/python3.12/site-packages/airflow/example_dags/example_complex.py
[2024-05-24T00:15:07.691+0000] {processor.py:840} INFO - DAG(s) 'example_complex' retrieved from /home/airflow/.local/lib/python3.12/site-packages/airflow/example_dags/example_complex.py
[2024-05-24T00:15:07.741+0000] {logging_mixin.py:188} INFO - [2024-05-24T00:15:07.741+0000] {dag.py:3096} INFO - Sync 1 DAGs
[2024-05-24T00:15:07.745+0000] {logging_mixin.py:188} INFO - [2024-05-24T00:15:07.745+0000] {dag.py:3954} INFO - Setting next_dagrun for example_complex to None, run_after=None
[2024-05-24T00:15:07.753+0000] {processor.py:183} INFO - Processing /home/airflow/.local/lib/python3.12/site-packages/airflow/example_dags/example_complex.py took 0.069 seconds
[2024-05-24T00:15:37.883+0000] {processor.py:161} INFO - Started process (PID=177) to work on /home/airflow/.local/lib/python3.12/site-packages/airflow/example_dags/example_complex.py
[2024-05-24T00:15:37.884+0000] {processor.py:830} INFO - Processing file /home/airflow/.local/lib/python3.12/site-packages/airflow/example_dags/example_complex.py for tasks to queue
[2024-05-24T00:15:37.885+0000] {logging_mixin.py:188} INFO - [2024-05-24T00:15:37.884+0000] {dagbag.py:545} INFO - Filling up the DagBag from /home/airflow/.local/lib/python3.12/site-packages/airflow/example_dags/example_complex.py
[2024-05-24T00:15:37.891+0000] {processor.py:840} INFO - DAG(s) 'example_complex' retrieved from /home/airflow/.local/lib/python3.12/site-packages/airflow/example_dags/example_complex.py
[2024-05-24T00:15:37.905+0000] {logging_mixin.py:188} INFO - [2024-05-24T00:15:37.905+0000] {dag.py:3096} INFO - Sync 1 DAGs
[2024-05-24T00:15:37.910+0000] {logging_mixin.py:188} INFO - [2024-05-24T00:15:37.910+0000] {dag.py:3954} INFO - Setting next_dagrun for example_complex to None, run_after=None
[2024-05-24T00:15:37.917+0000] {processor.py:183} INFO - Processing /home/airflow/.local/lib/python3.12/site-packages/airflow/example_dags/example_complex.py took 0.038 seconds
[2024-05-24T00:16:08.385+0000] {processor.py:161} INFO - Started process (PID=236) to work on /home/airflow/.local/lib/python3.12/site-packages/airflow/example_dags/example_complex.py
[2024-05-24T00:16:08.385+0000] {processor.py:830} INFO - Processing file /home/airflow/.local/lib/python3.12/site-packages/airflow/example_dags/example_complex.py for tasks to queue
[2024-05-24T00:16:08.386+0000] {logging_mixin.py:188} INFO - [2024-05-24T00:16:08.386+0000] {dagbag.py:545} INFO - Filling up the DagBag from /home/airflow/.local/lib/python3.12/site-packages/airflow/example_dags/example_complex.py
[2024-05-24T00:16:08.390+0000] {processor.py:840} INFO - DAG(s) 'example_complex' retrieved from /home/airflow/.local/lib/python3.12/site-packages/airflow/example_dags/example_complex.py
[2024-05-24T00:16:08.404+0000] {logging_mixin.py:188} INFO - [2024-05-24T00:16:08.404+0000] {dag.py:3096} INFO - Sync 1 DAGs
[2024-05-24T00:16:08.409+0000] {logging_mixin.py:188} INFO - [2024-05-24T00:16:08.409+0000] {dag.py:3954} INFO - Setting next_dagrun for example_complex to None, run_after=None
[2024-05-24T00:16:08.416+0000] {processor.py:183} INFO - Processing /home/airflow/.local/lib/python3.12/site-packages/airflow/example_dags/example_complex.py took 0.034 seconds
[2024-05-24T00:16:38.856+0000] {processor.py:161} INFO - Started process (PID=295) to work on /home/airflow/.local/lib/python3.12/site-packages/airflow/example_dags/example_complex.py
[2024-05-24T00:16:38.857+0000] {processor.py:830} INFO - Processing file /home/airflow/.local/lib/python3.12/site-packages/airflow/example_dags/example_complex.py for tasks to queue
[2024-05-24T00:16:38.857+0000] {logging_mixin.py:188} INFO - [2024-05-24T00:16:38.857+0000] {dagbag.py:545} INFO - Filling up the DagBag from /home/airflow/.local/lib/python3.12/site-packages/airflow/example_dags/example_complex.py
[2024-05-24T00:16:38.861+0000] {processor.py:840} INFO - DAG(s) 'example_complex' retrieved from /home/airflow/.local/lib/python3.12/site-packages/airflow/example_dags/example_complex.py
[2024-05-24T00:16:38.883+0000] {logging_mixin.py:188} INFO - [2024-05-24T00:16:38.882+0000] {dag.py:3096} INFO - Sync 1 DAGs
[2024-05-24T00:16:38.888+0000] {logging_mixin.py:188} INFO - [2024-05-24T00:16:38.888+0000] {dag.py:3954} INFO - Setting next_dagrun for example_complex to None, run_after=None
[2024-05-24T00:16:38.895+0000] {processor.py:183} INFO - Processing /home/airflow/.local/lib/python3.12/site-packages/airflow/example_dags/example_complex.py took 0.041 seconds
[2024-05-24T00:17:09.388+0000] {processor.py:161} INFO - Started process (PID=355) to work on /home/airflow/.local/lib/python3.12/site-packages/airflow/example_dags/example_complex.py
[2024-05-24T00:17:09.388+0000] {processor.py:830} INFO - Processing file /home/airflow/.local/lib/python3.12/site-packages/airflow/example_dags/example_complex.py for tasks to queue
[2024-05-24T00:17:09.389+0000] {logging_mixin.py:188} INFO - [2024-05-24T00:17:09.389+0000] {dagbag.py:545} INFO - Filling up the DagBag from /home/airflow/.local/lib/python3.12/site-packages/airflow/example_dags/example_complex.py
[2024-05-24T00:17:09.393+0000] {processor.py:840} INFO - DAG(s) 'example_complex' retrieved from /home/airflow/.local/lib/python3.12/site-packages/airflow/example_dags/example_complex.py
[2024-05-24T00:17:09.415+0000] {logging_mixin.py:188} INFO - [2024-05-24T00:17:09.415+0000] {dag.py:3096} INFO - Sync 1 DAGs
[2024-05-24T00:17:09.420+0000] {logging_mixin.py:188} INFO - [2024-05-24T00:17:09.420+0000] {dag.py:3954} INFO - Setting next_dagrun for example_complex to None, run_after=None
[2024-05-24T00:17:09.430+0000] {processor.py:183} INFO - Processing /home/airflow/.local/lib/python3.12/site-packages/airflow/example_dags/example_complex.py took 0.045 seconds
[2024-05-24T00:17:39.774+0000] {processor.py:161} INFO - Started process (PID=414) to work on /home/airflow/.local/lib/python3.12/site-packages/airflow/example_dags/example_complex.py
[2024-05-24T00:17:39.774+0000] {processor.py:830} INFO - Processing file /home/airflow/.local/lib/python3.12/site-packages/airflow/example_dags/example_complex.py for tasks to queue
[2024-05-24T00:17:39.775+0000] {logging_mixin.py:188} INFO - [2024-05-24T00:17:39.775+0000] {dagbag.py:545} INFO - Filling up the DagBag from /home/airflow/.local/lib/python3.12/site-packages/airflow/example_dags/example_complex.py
[2024-05-24T00:17:39.779+0000] {processor.py:840} INFO - DAG(s) 'example_complex' retrieved from /home/airflow/.local/lib/python3.12/site-packages/airflow/example_dags/example_complex.py
[2024-05-24T00:17:39.793+0000] {logging_mixin.py:188} INFO - [2024-05-24T00:17:39.793+0000] {dag.py:3096} INFO - Sync 1 DAGs
[2024-05-24T00:17:39.798+0000] {logging_mixin.py:188} INFO - [2024-05-24T00:17:39.798+0000] {dag.py:3954} INFO - Setting next_dagrun for example_complex to None, run_after=None
[2024-05-24T00:17:39.804+0000] {processor.py:183} INFO - Processing /home/airflow/.local/lib/python3.12/site-packages/airflow/example_dags/example_complex.py took 0.033 seconds
[2024-05-24T00:18:10.474+0000] {processor.py:161} INFO - Started process (PID=474) to work on /home/airflow/.local/lib/python3.12/site-packages/airflow/example_dags/example_complex.py
[2024-05-24T00:18:10.475+0000] {processor.py:830} INFO - Processing file /home/airflow/.local/lib/python3.12/site-packages/airflow/example_dags/example_complex.py for tasks to queue
[2024-05-24T00:18:10.476+0000] {logging_mixin.py:188} INFO - [2024-05-24T00:18:10.475+0000] {dagbag.py:545} INFO - Filling up the DagBag from /home/airflow/.local/lib/python3.12/site-packages/airflow/example_dags/example_complex.py
[2024-05-24T00:18:10.484+0000] {processor.py:840} INFO - DAG(s) 'example_complex' retrieved from /home/airflow/.local/lib/python3.12/site-packages/airflow/example_dags/example_complex.py
[2024-05-24T00:18:10.512+0000] {logging_mixin.py:188} INFO - [2024-05-24T00:18:10.512+0000] {dag.py:3096} INFO - Sync 1 DAGs
[2024-05-24T00:18:10.517+0000] {logging_mixin.py:188} INFO - [2024-05-24T00:18:10.517+0000] {dag.py:3954} INFO - Setting next_dagrun for example_complex to None, run_after=None
[2024-05-24T00:18:10.523+0000] {processor.py:183} INFO - Processing /home/airflow/.local/lib/python3.12/site-packages/airflow/example_dags/example_complex.py took 0.054 seconds
[2024-05-24T00:18:41.249+0000] {processor.py:161} INFO - Started process (PID=540) to work on /home/airflow/.local/lib/python3.12/site-packages/airflow/example_dags/example_complex.py
[2024-05-24T00:18:41.249+0000] {processor.py:830} INFO - Processing file /home/airflow/.local/lib/python3.12/site-packages/airflow/example_dags/example_complex.py for tasks to queue
[2024-05-24T00:18:41.250+0000] {logging_mixin.py:188} INFO - [2024-05-24T00:18:41.250+0000] {dagbag.py:545} INFO - Filling up the DagBag from /home/airflow/.local/lib/python3.12/site-packages/airflow/example_dags/example_complex.py
[2024-05-24T00:18:41.255+0000] {processor.py:840} INFO - DAG(s) 'example_complex' retrieved from /home/airflow/.local/lib/python3.12/site-packages/airflow/example_dags/example_complex.py
[2024-05-24T00:18:41.275+0000] {logging_mixin.py:188} INFO - [2024-05-24T00:18:41.275+0000] {dag.py:3096} INFO - Sync 1 DAGs
[2024-05-24T00:18:41.282+0000] {logging_mixin.py:188} INFO - [2024-05-24T00:18:41.282+0000] {dag.py:3954} INFO - Setting next_dagrun for example_complex to None, run_after=None
[2024-05-24T00:18:41.293+0000] {processor.py:183} INFO - Processing /home/airflow/.local/lib/python3.12/site-packages/airflow/example_dags/example_complex.py took 0.046 seconds
[2024-05-24T00:19:11.919+0000] {processor.py:161} INFO - Started process (PID=600) to work on /home/airflow/.local/lib/python3.12/site-packages/airflow/example_dags/example_complex.py
[2024-05-24T00:19:11.919+0000] {processor.py:830} INFO - Processing file /home/airflow/.local/lib/python3.12/site-packages/airflow/example_dags/example_complex.py for tasks to queue
[2024-05-24T00:19:11.920+0000] {logging_mixin.py:188} INFO - [2024-05-24T00:19:11.920+0000] {dagbag.py:545} INFO - Filling up the DagBag from /home/airflow/.local/lib/python3.12/site-packages/airflow/example_dags/example_complex.py
[2024-05-24T00:19:11.924+0000] {processor.py:840} INFO - DAG(s) 'example_complex' retrieved from /home/airflow/.local/lib/python3.12/site-packages/airflow/example_dags/example_complex.py
[2024-05-24T00:19:11.939+0000] {logging_mixin.py:188} INFO - [2024-05-24T00:19:11.939+0000] {dag.py:3096} INFO - Sync 1 DAGs
[2024-05-24T00:19:11.945+0000] {logging_mixin.py:188} INFO - [2024-05-24T00:19:11.945+0000] {dag.py:3954} INFO - Setting next_dagrun for example_complex to None, run_after=None
[2024-05-24T00:19:11.953+0000] {processor.py:183} INFO - Processing /home/airflow/.local/lib/python3.12/site-packages/airflow/example_dags/example_complex.py took 0.036 seconds
[2024-05-24T00:19:42.710+0000] {processor.py:161} INFO - Started process (PID=660) to work on /home/airflow/.local/lib/python3.12/site-packages/airflow/example_dags/example_complex.py
[2024-05-24T00:19:42.710+0000] {processor.py:830} INFO - Processing file /home/airflow/.local/lib/python3.12/site-packages/airflow/example_dags/example_complex.py for tasks to queue
[2024-05-24T00:19:42.711+0000] {logging_mixin.py:188} INFO - [2024-05-24T00:19:42.711+0000] {dagbag.py:545} INFO - Filling up the DagBag from /home/airflow/.local/lib/python3.12/site-packages/airflow/example_dags/example_complex.py
[2024-05-24T00:19:42.715+0000] {processor.py:840} INFO - DAG(s) 'example_complex' retrieved from /home/airflow/.local/lib/python3.12/site-packages/airflow/example_dags/example_complex.py
[2024-05-24T00:19:42.730+0000] {logging_mixin.py:188} INFO - [2024-05-24T00:19:42.730+0000] {dag.py:3096} INFO - Sync 1 DAGs
[2024-05-24T00:19:42.736+0000] {logging_mixin.py:188} INFO - [2024-05-24T00:19:42.735+0000] {dag.py:3954} INFO - Setting next_dagrun for example_complex to None, run_after=None
[2024-05-24T00:19:42.744+0000] {processor.py:183} INFO - Processing /home/airflow/.local/lib/python3.12/site-packages/airflow/example_dags/example_complex.py took 0.037 seconds
[2024-05-24T00:20:13.370+0000] {processor.py:161} INFO - Started process (PID=719) to work on /home/airflow/.local/lib/python3.12/site-packages/airflow/example_dags/example_complex.py
[2024-05-24T00:20:13.370+0000] {processor.py:830} INFO - Processing file /home/airflow/.local/lib/python3.12/site-packages/airflow/example_dags/example_complex.py for tasks to queue
[2024-05-24T00:20:13.371+0000] {logging_mixin.py:188} INFO - [2024-05-24T00:20:13.371+0000] {dagbag.py:545} INFO - Filling up the DagBag from /home/airflow/.local/lib/python3.12/site-packages/airflow/example_dags/example_complex.py
[2024-05-24T00:20:13.378+0000] {processor.py:840} INFO - DAG(s) 'example_complex' retrieved from /home/airflow/.local/lib/python3.12/site-packages/airflow/example_dags/example_complex.py
[2024-05-24T00:20:13.390+0000] {logging_mixin.py:188} INFO - [2024-05-24T00:20:13.390+0000] {dag.py:3096} INFO - Sync 1 DAGs
[2024-05-24T00:20:13.395+0000] {logging_mixin.py:188} INFO - [2024-05-24T00:20:13.395+0000] {dag.py:3954} INFO - Setting next_dagrun for example_complex to None, run_after=None
[2024-05-24T00:20:13.401+0000] {processor.py:183} INFO - Processing /home/airflow/.local/lib/python3.12/site-packages/airflow/example_dags/example_complex.py took 0.035 seconds
[2024-05-24T00:20:44.053+0000] {processor.py:161} INFO - Started process (PID=779) to work on /home/airflow/.local/lib/python3.12/site-packages/airflow/example_dags/example_complex.py
[2024-05-24T00:20:44.053+0000] {processor.py:830} INFO - Processing file /home/airflow/.local/lib/python3.12/site-packages/airflow/example_dags/example_complex.py for tasks to queue
[2024-05-24T00:20:44.055+0000] {logging_mixin.py:188} INFO - [2024-05-24T00:20:44.055+0000] {dagbag.py:545} INFO - Filling up the DagBag from /home/airflow/.local/lib/python3.12/site-packages/airflow/example_dags/example_complex.py
[2024-05-24T00:20:44.060+0000] {processor.py:840} INFO - DAG(s) 'example_complex' retrieved from /home/airflow/.local/lib/python3.12/site-packages/airflow/example_dags/example_complex.py
[2024-05-24T00:20:44.092+0000] {logging_mixin.py:188} INFO - [2024-05-24T00:20:44.091+0000] {dag.py:3096} INFO - Sync 1 DAGs
[2024-05-24T00:20:44.103+0000] {logging_mixin.py:188} INFO - [2024-05-24T00:20:44.103+0000] {dag.py:3954} INFO - Setting next_dagrun for example_complex to None, run_after=None
[2024-05-24T00:20:44.115+0000] {processor.py:183} INFO - Processing /home/airflow/.local/lib/python3.12/site-packages/airflow/example_dags/example_complex.py took 0.066 seconds
[2024-05-24T00:21:14.703+0000] {processor.py:161} INFO - Started process (PID=856) to work on /home/airflow/.local/lib/python3.12/site-packages/airflow/example_dags/example_complex.py
[2024-05-24T00:21:14.703+0000] {processor.py:830} INFO - Processing file /home/airflow/.local/lib/python3.12/site-packages/airflow/example_dags/example_complex.py for tasks to queue
[2024-05-24T00:21:14.704+0000] {logging_mixin.py:188} INFO - [2024-05-24T00:21:14.704+0000] {dagbag.py:545} INFO - Filling up the DagBag from /home/airflow/.local/lib/python3.12/site-packages/airflow/example_dags/example_complex.py
[2024-05-24T00:21:14.708+0000] {processor.py:840} INFO - DAG(s) 'example_complex' retrieved from /home/airflow/.local/lib/python3.12/site-packages/airflow/example_dags/example_complex.py
[2024-05-24T00:21:14.722+0000] {logging_mixin.py:188} INFO - [2024-05-24T00:21:14.722+0000] {dag.py:3096} INFO - Sync 1 DAGs
[2024-05-24T00:21:14.728+0000] {logging_mixin.py:188} INFO - [2024-05-24T00:21:14.728+0000] {dag.py:3954} INFO - Setting next_dagrun for example_complex to None, run_after=None
[2024-05-24T00:21:14.735+0000] {processor.py:183} INFO - Processing /home/airflow/.local/lib/python3.12/site-packages/airflow/example_dags/example_complex.py took 0.034 seconds
[2024-05-24T00:21:45.323+0000] {processor.py:161} INFO - Started process (PID=934) to work on /home/airflow/.local/lib/python3.12/site-packages/airflow/example_dags/example_complex.py
[2024-05-24T00:21:45.323+0000] {processor.py:830} INFO - Processing file /home/airflow/.local/lib/python3.12/site-packages/airflow/example_dags/example_complex.py for tasks to queue
[2024-05-24T00:21:45.324+0000] {logging_mixin.py:188} INFO - [2024-05-24T00:21:45.324+0000] {dagbag.py:545} INFO - Filling up the DagBag from /home/airflow/.local/lib/python3.12/site-packages/airflow/example_dags/example_complex.py
[2024-05-24T00:21:45.328+0000] {processor.py:840} INFO - DAG(s) 'example_complex' retrieved from /home/airflow/.local/lib/python3.12/site-packages/airflow/example_dags/example_complex.py
[2024-05-24T00:21:45.341+0000] {logging_mixin.py:188} INFO - [2024-05-24T00:21:45.341+0000] {dag.py:3096} INFO - Sync 1 DAGs
[2024-05-24T00:21:45.346+0000] {logging_mixin.py:188} INFO - [2024-05-24T00:21:45.346+0000] {dag.py:3954} INFO - Setting next_dagrun for example_complex to None, run_after=None
[2024-05-24T00:21:45.354+0000] {processor.py:183} INFO - Processing /home/airflow/.local/lib/python3.12/site-packages/airflow/example_dags/example_complex.py took 0.034 seconds
[2024-05-24T00:22:16.077+0000] {processor.py:161} INFO - Started process (PID=994) to work on /home/airflow/.local/lib/python3.12/site-packages/airflow/example_dags/example_complex.py
[2024-05-24T00:22:16.077+0000] {processor.py:830} INFO - Processing file /home/airflow/.local/lib/python3.12/site-packages/airflow/example_dags/example_complex.py for tasks to queue
[2024-05-24T00:22:16.078+0000] {logging_mixin.py:188} INFO - [2024-05-24T00:22:16.078+0000] {dagbag.py:545} INFO - Filling up the DagBag from /home/airflow/.local/lib/python3.12/site-packages/airflow/example_dags/example_complex.py
[2024-05-24T00:22:16.082+0000] {processor.py:840} INFO - DAG(s) 'example_complex' retrieved from /home/airflow/.local/lib/python3.12/site-packages/airflow/example_dags/example_complex.py
[2024-05-24T00:22:16.102+0000] {logging_mixin.py:188} INFO - [2024-05-24T00:22:16.101+0000] {dag.py:3096} INFO - Sync 1 DAGs
[2024-05-24T00:22:16.108+0000] {logging_mixin.py:188} INFO - [2024-05-24T00:22:16.107+0000] {dag.py:3954} INFO - Setting next_dagrun for example_complex to None, run_after=None
[2024-05-24T00:22:16.114+0000] {processor.py:183} INFO - Processing /home/airflow/.local/lib/python3.12/site-packages/airflow/example_dags/example_complex.py took 0.040 seconds
[2024-05-24T00:22:46.262+0000] {processor.py:161} INFO - Started process (PID=1072) to work on /home/airflow/.local/lib/python3.12/site-packages/airflow/example_dags/example_complex.py
[2024-05-24T00:22:46.263+0000] {processor.py:830} INFO - Processing file /home/airflow/.local/lib/python3.12/site-packages/airflow/example_dags/example_complex.py for tasks to queue
[2024-05-24T00:22:46.263+0000] {logging_mixin.py:188} INFO - [2024-05-24T00:22:46.263+0000] {dagbag.py:545} INFO - Filling up the DagBag from /home/airflow/.local/lib/python3.12/site-packages/airflow/example_dags/example_complex.py
[2024-05-24T00:22:46.267+0000] {processor.py:840} INFO - DAG(s) 'example_complex' retrieved from /home/airflow/.local/lib/python3.12/site-packages/airflow/example_dags/example_complex.py
[2024-05-24T00:22:46.282+0000] {logging_mixin.py:188} INFO - [2024-05-24T00:22:46.282+0000] {dag.py:3096} INFO - Sync 1 DAGs
[2024-05-24T00:22:46.287+0000] {logging_mixin.py:188} INFO - [2024-05-24T00:22:46.287+0000] {dag.py:3954} INFO - Setting next_dagrun for example_complex to None, run_after=None
[2024-05-24T00:22:46.295+0000] {processor.py:183} INFO - Processing /home/airflow/.local/lib/python3.12/site-packages/airflow/example_dags/example_complex.py took 0.035 seconds
[2024-05-24T00:23:16.969+0000] {processor.py:161} INFO - Started process (PID=1132) to work on /home/airflow/.local/lib/python3.12/site-packages/airflow/example_dags/example_complex.py
[2024-05-24T00:23:16.969+0000] {processor.py:830} INFO - Processing file /home/airflow/.local/lib/python3.12/site-packages/airflow/example_dags/example_complex.py for tasks to queue
[2024-05-24T00:23:16.970+0000] {logging_mixin.py:188} INFO - [2024-05-24T00:23:16.969+0000] {dagbag.py:545} INFO - Filling up the DagBag from /home/airflow/.local/lib/python3.12/site-packages/airflow/example_dags/example_complex.py
[2024-05-24T00:23:16.974+0000] {processor.py:840} INFO - DAG(s) 'example_complex' retrieved from /home/airflow/.local/lib/python3.12/site-packages/airflow/example_dags/example_complex.py
[2024-05-24T00:23:17.015+0000] {logging_mixin.py:188} INFO - [2024-05-24T00:23:17.015+0000] {dag.py:3096} INFO - Sync 1 DAGs
[2024-05-24T00:23:17.030+0000] {logging_mixin.py:188} INFO - [2024-05-24T00:23:17.029+0000] {dag.py:3954} INFO - Setting next_dagrun for example_complex to None, run_after=None
[2024-05-24T00:23:17.056+0000] {processor.py:183} INFO - Processing /home/airflow/.local/lib/python3.12/site-packages/airflow/example_dags/example_complex.py took 0.090 seconds
[2024-05-24T00:23:47.830+0000] {processor.py:161} INFO - Started process (PID=1192) to work on /home/airflow/.local/lib/python3.12/site-packages/airflow/example_dags/example_complex.py
[2024-05-24T00:23:47.830+0000] {processor.py:830} INFO - Processing file /home/airflow/.local/lib/python3.12/site-packages/airflow/example_dags/example_complex.py for tasks to queue
[2024-05-24T00:23:47.831+0000] {logging_mixin.py:188} INFO - [2024-05-24T00:23:47.831+0000] {dagbag.py:545} INFO - Filling up the DagBag from /home/airflow/.local/lib/python3.12/site-packages/airflow/example_dags/example_complex.py
[2024-05-24T00:23:47.838+0000] {processor.py:840} INFO - DAG(s) 'example_complex' retrieved from /home/airflow/.local/lib/python3.12/site-packages/airflow/example_dags/example_complex.py
[2024-05-24T00:23:47.858+0000] {logging_mixin.py:188} INFO - [2024-05-24T00:23:47.858+0000] {dag.py:3096} INFO - Sync 1 DAGs
[2024-05-24T00:23:47.865+0000] {logging_mixin.py:188} INFO - [2024-05-24T00:23:47.865+0000] {dag.py:3954} INFO - Setting next_dagrun for example_complex to None, run_after=None
[2024-05-24T00:23:47.873+0000] {processor.py:183} INFO - Processing /home/airflow/.local/lib/python3.12/site-packages/airflow/example_dags/example_complex.py took 0.047 seconds
[2024-05-24T00:24:18.511+0000] {processor.py:161} INFO - Started process (PID=1252) to work on /home/airflow/.local/lib/python3.12/site-packages/airflow/example_dags/example_complex.py
[2024-05-24T00:24:18.512+0000] {processor.py:830} INFO - Processing file /home/airflow/.local/lib/python3.12/site-packages/airflow/example_dags/example_complex.py for tasks to queue
[2024-05-24T00:24:18.514+0000] {logging_mixin.py:188} INFO - [2024-05-24T00:24:18.513+0000] {dagbag.py:545} INFO - Filling up the DagBag from /home/airflow/.local/lib/python3.12/site-packages/airflow/example_dags/example_complex.py
[2024-05-24T00:24:18.522+0000] {processor.py:840} INFO - DAG(s) 'example_complex' retrieved from /home/airflow/.local/lib/python3.12/site-packages/airflow/example_dags/example_complex.py
[2024-05-24T00:24:18.545+0000] {logging_mixin.py:188} INFO - [2024-05-24T00:24:18.544+0000] {dag.py:3096} INFO - Sync 1 DAGs
[2024-05-24T00:24:18.550+0000] {logging_mixin.py:188} INFO - [2024-05-24T00:24:18.550+0000] {dag.py:3954} INFO - Setting next_dagrun for example_complex to None, run_after=None
[2024-05-24T00:24:18.557+0000] {processor.py:183} INFO - Processing /home/airflow/.local/lib/python3.12/site-packages/airflow/example_dags/example_complex.py took 0.054 seconds
[2024-05-24T00:24:49.317+0000] {processor.py:161} INFO - Started process (PID=1312) to work on /home/airflow/.local/lib/python3.12/site-packages/airflow/example_dags/example_complex.py
[2024-05-24T00:24:49.317+0000] {processor.py:830} INFO - Processing file /home/airflow/.local/lib/python3.12/site-packages/airflow/example_dags/example_complex.py for tasks to queue
[2024-05-24T00:24:49.318+0000] {logging_mixin.py:188} INFO - [2024-05-24T00:24:49.318+0000] {dagbag.py:545} INFO - Filling up the DagBag from /home/airflow/.local/lib/python3.12/site-packages/airflow/example_dags/example_complex.py
[2024-05-24T00:24:49.322+0000] {processor.py:840} INFO - DAG(s) 'example_complex' retrieved from /home/airflow/.local/lib/python3.12/site-packages/airflow/example_dags/example_complex.py
[2024-05-24T00:24:49.347+0000] {logging_mixin.py:188} INFO - [2024-05-24T00:24:49.347+0000] {dag.py:3096} INFO - Sync 1 DAGs
[2024-05-24T00:24:49.358+0000] {logging_mixin.py:188} INFO - [2024-05-24T00:24:49.357+0000] {dag.py:3954} INFO - Setting next_dagrun for example_complex to None, run_after=None
[2024-05-24T00:24:49.376+0000] {processor.py:183} INFO - Processing /home/airflow/.local/lib/python3.12/site-packages/airflow/example_dags/example_complex.py took 0.063 seconds
[2024-05-24T00:25:20.035+0000] {processor.py:161} INFO - Started process (PID=1372) to work on /home/airflow/.local/lib/python3.12/site-packages/airflow/example_dags/example_complex.py
[2024-05-24T00:25:20.035+0000] {processor.py:830} INFO - Processing file /home/airflow/.local/lib/python3.12/site-packages/airflow/example_dags/example_complex.py for tasks to queue
[2024-05-24T00:25:20.036+0000] {logging_mixin.py:188} INFO - [2024-05-24T00:25:20.036+0000] {dagbag.py:545} INFO - Filling up the DagBag from /home/airflow/.local/lib/python3.12/site-packages/airflow/example_dags/example_complex.py
[2024-05-24T00:25:20.042+0000] {processor.py:840} INFO - DAG(s) 'example_complex' retrieved from /home/airflow/.local/lib/python3.12/site-packages/airflow/example_dags/example_complex.py
[2024-05-24T00:25:20.056+0000] {logging_mixin.py:188} INFO - [2024-05-24T00:25:20.056+0000] {dag.py:3096} INFO - Sync 1 DAGs
[2024-05-24T00:25:20.061+0000] {logging_mixin.py:188} INFO - [2024-05-24T00:25:20.061+0000] {dag.py:3954} INFO - Setting next_dagrun for example_complex to None, run_after=None
[2024-05-24T00:25:20.068+0000] {processor.py:183} INFO - Processing /home/airflow/.local/lib/python3.12/site-packages/airflow/example_dags/example_complex.py took 0.037 seconds
[2024-05-24T00:25:50.713+0000] {processor.py:161} INFO - Started process (PID=1432) to work on /home/airflow/.local/lib/python3.12/site-packages/airflow/example_dags/example_complex.py
[2024-05-24T00:25:50.714+0000] {processor.py:830} INFO - Processing file /home/airflow/.local/lib/python3.12/site-packages/airflow/example_dags/example_complex.py for tasks to queue
[2024-05-24T00:25:50.715+0000] {logging_mixin.py:188} INFO - [2024-05-24T00:25:50.715+0000] {dagbag.py:545} INFO - Filling up the DagBag from /home/airflow/.local/lib/python3.12/site-packages/airflow/example_dags/example_complex.py
[2024-05-24T00:25:50.722+0000] {processor.py:840} INFO - DAG(s) 'example_complex' retrieved from /home/airflow/.local/lib/python3.12/site-packages/airflow/example_dags/example_complex.py
[2024-05-24T00:25:50.743+0000] {logging_mixin.py:188} INFO - [2024-05-24T00:25:50.743+0000] {dag.py:3096} INFO - Sync 1 DAGs
[2024-05-24T00:25:50.749+0000] {logging_mixin.py:188} INFO - [2024-05-24T00:25:50.749+0000] {dag.py:3954} INFO - Setting next_dagrun for example_complex to None, run_after=None
[2024-05-24T00:25:50.760+0000] {processor.py:183} INFO - Processing /home/airflow/.local/lib/python3.12/site-packages/airflow/example_dags/example_complex.py took 0.051 seconds
[2024-05-24T00:26:21.367+0000] {processor.py:161} INFO - Started process (PID=1492) to work on /home/airflow/.local/lib/python3.12/site-packages/airflow/example_dags/example_complex.py
[2024-05-24T00:26:21.367+0000] {processor.py:830} INFO - Processing file /home/airflow/.local/lib/python3.12/site-packages/airflow/example_dags/example_complex.py for tasks to queue
[2024-05-24T00:26:21.369+0000] {logging_mixin.py:188} INFO - [2024-05-24T00:26:21.368+0000] {dagbag.py:545} INFO - Filling up the DagBag from /home/airflow/.local/lib/python3.12/site-packages/airflow/example_dags/example_complex.py
[2024-05-24T00:26:21.378+0000] {processor.py:840} INFO - DAG(s) 'example_complex' retrieved from /home/airflow/.local/lib/python3.12/site-packages/airflow/example_dags/example_complex.py
[2024-05-24T00:26:21.392+0000] {logging_mixin.py:188} INFO - [2024-05-24T00:26:21.391+0000] {dag.py:3096} INFO - Sync 1 DAGs
[2024-05-24T00:26:21.397+0000] {logging_mixin.py:188} INFO - [2024-05-24T00:26:21.397+0000] {dag.py:3954} INFO - Setting next_dagrun for example_complex to None, run_after=None
[2024-05-24T00:26:21.404+0000] {processor.py:183} INFO - Processing /home/airflow/.local/lib/python3.12/site-packages/airflow/example_dags/example_complex.py took 0.042 seconds
[2024-05-24T00:26:52.080+0000] {processor.py:161} INFO - Started process (PID=1553) to work on /home/airflow/.local/lib/python3.12/site-packages/airflow/example_dags/example_complex.py
[2024-05-24T00:26:52.080+0000] {processor.py:830} INFO - Processing file /home/airflow/.local/lib/python3.12/site-packages/airflow/example_dags/example_complex.py for tasks to queue
[2024-05-24T00:26:52.081+0000] {logging_mixin.py:188} INFO - [2024-05-24T00:26:52.080+0000] {dagbag.py:545} INFO - Filling up the DagBag from /home/airflow/.local/lib/python3.12/site-packages/airflow/example_dags/example_complex.py
[2024-05-24T00:26:52.085+0000] {processor.py:840} INFO - DAG(s) 'example_complex' retrieved from /home/airflow/.local/lib/python3.12/site-packages/airflow/example_dags/example_complex.py
[2024-05-24T00:26:52.106+0000] {logging_mixin.py:188} INFO - [2024-05-24T00:26:52.106+0000] {dag.py:3096} INFO - Sync 1 DAGs
[2024-05-24T00:26:52.113+0000] {logging_mixin.py:188} INFO - [2024-05-24T00:26:52.113+0000] {dag.py:3954} INFO - Setting next_dagrun for example_complex to None, run_after=None
[2024-05-24T00:26:52.119+0000] {processor.py:183} INFO - Processing /home/airflow/.local/lib/python3.12/site-packages/airflow/example_dags/example_complex.py took 0.043 seconds
[2024-05-24T00:27:22.826+0000] {processor.py:161} INFO - Started process (PID=1613) to work on /home/airflow/.local/lib/python3.12/site-packages/airflow/example_dags/example_complex.py
[2024-05-24T00:27:22.827+0000] {processor.py:830} INFO - Processing file /home/airflow/.local/lib/python3.12/site-packages/airflow/example_dags/example_complex.py for tasks to queue
[2024-05-24T00:27:22.827+0000] {logging_mixin.py:188} INFO - [2024-05-24T00:27:22.827+0000] {dagbag.py:545} INFO - Filling up the DagBag from /home/airflow/.local/lib/python3.12/site-packages/airflow/example_dags/example_complex.py
[2024-05-24T00:27:22.831+0000] {processor.py:840} INFO - DAG(s) 'example_complex' retrieved from /home/airflow/.local/lib/python3.12/site-packages/airflow/example_dags/example_complex.py
[2024-05-24T00:27:22.848+0000] {logging_mixin.py:188} INFO - [2024-05-24T00:27:22.848+0000] {dag.py:3096} INFO - Sync 1 DAGs
[2024-05-24T00:27:22.857+0000] {logging_mixin.py:188} INFO - [2024-05-24T00:27:22.857+0000] {dag.py:3954} INFO - Setting next_dagrun for example_complex to None, run_after=None
[2024-05-24T00:27:22.870+0000] {processor.py:183} INFO - Processing /home/airflow/.local/lib/python3.12/site-packages/airflow/example_dags/example_complex.py took 0.046 seconds
[2024-05-24T00:27:53.583+0000] {processor.py:161} INFO - Started process (PID=1673) to work on /home/airflow/.local/lib/python3.12/site-packages/airflow/example_dags/example_complex.py
[2024-05-24T00:27:53.583+0000] {processor.py:830} INFO - Processing file /home/airflow/.local/lib/python3.12/site-packages/airflow/example_dags/example_complex.py for tasks to queue
[2024-05-24T00:27:53.584+0000] {logging_mixin.py:188} INFO - [2024-05-24T00:27:53.584+0000] {dagbag.py:545} INFO - Filling up the DagBag from /home/airflow/.local/lib/python3.12/site-packages/airflow/example_dags/example_complex.py
[2024-05-24T00:27:53.588+0000] {processor.py:840} INFO - DAG(s) 'example_complex' retrieved from /home/airflow/.local/lib/python3.12/site-packages/airflow/example_dags/example_complex.py
[2024-05-24T00:27:53.606+0000] {logging_mixin.py:188} INFO - [2024-05-24T00:27:53.606+0000] {dag.py:3096} INFO - Sync 1 DAGs
[2024-05-24T00:27:53.611+0000] {logging_mixin.py:188} INFO - [2024-05-24T00:27:53.611+0000] {dag.py:3954} INFO - Setting next_dagrun for example_complex to None, run_after=None
[2024-05-24T00:27:53.619+0000] {processor.py:183} INFO - Processing /home/airflow/.local/lib/python3.12/site-packages/airflow/example_dags/example_complex.py took 0.040 seconds
[2024-05-24T00:28:24.447+0000] {processor.py:161} INFO - Started process (PID=1733) to work on /home/airflow/.local/lib/python3.12/site-packages/airflow/example_dags/example_complex.py
[2024-05-24T00:28:24.447+0000] {processor.py:830} INFO - Processing file /home/airflow/.local/lib/python3.12/site-packages/airflow/example_dags/example_complex.py for tasks to queue
[2024-05-24T00:28:24.448+0000] {logging_mixin.py:188} INFO - [2024-05-24T00:28:24.448+0000] {dagbag.py:545} INFO - Filling up the DagBag from /home/airflow/.local/lib/python3.12/site-packages/airflow/example_dags/example_complex.py
[2024-05-24T00:28:24.453+0000] {processor.py:840} INFO - DAG(s) 'example_complex' retrieved from /home/airflow/.local/lib/python3.12/site-packages/airflow/example_dags/example_complex.py
[2024-05-24T00:28:24.469+0000] {logging_mixin.py:188} INFO - [2024-05-24T00:28:24.469+0000] {dag.py:3096} INFO - Sync 1 DAGs
[2024-05-24T00:28:24.475+0000] {logging_mixin.py:188} INFO - [2024-05-24T00:28:24.475+0000] {dag.py:3954} INFO - Setting next_dagrun for example_complex to None, run_after=None
[2024-05-24T00:28:24.482+0000] {processor.py:183} INFO - Processing /home/airflow/.local/lib/python3.12/site-packages/airflow/example_dags/example_complex.py took 0.039 seconds
[2024-05-24T00:28:55.330+0000] {processor.py:161} INFO - Started process (PID=1793) to work on /home/airflow/.local/lib/python3.12/site-packages/airflow/example_dags/example_complex.py
[2024-05-24T00:28:55.331+0000] {processor.py:830} INFO - Processing file /home/airflow/.local/lib/python3.12/site-packages/airflow/example_dags/example_complex.py for tasks to queue
[2024-05-24T00:28:55.332+0000] {logging_mixin.py:188} INFO - [2024-05-24T00:28:55.331+0000] {dagbag.py:545} INFO - Filling up the DagBag from /home/airflow/.local/lib/python3.12/site-packages/airflow/example_dags/example_complex.py
[2024-05-24T00:28:55.336+0000] {processor.py:840} INFO - DAG(s) 'example_complex' retrieved from /home/airflow/.local/lib/python3.12/site-packages/airflow/example_dags/example_complex.py
[2024-05-24T00:28:55.359+0000] {logging_mixin.py:188} INFO - [2024-05-24T00:28:55.359+0000] {dag.py:3096} INFO - Sync 1 DAGs
[2024-05-24T00:28:55.365+0000] {logging_mixin.py:188} INFO - [2024-05-24T00:28:55.364+0000] {dag.py:3954} INFO - Setting next_dagrun for example_complex to None, run_after=None
[2024-05-24T00:28:55.373+0000] {processor.py:183} INFO - Processing /home/airflow/.local/lib/python3.12/site-packages/airflow/example_dags/example_complex.py took 0.046 seconds
[2024-05-24T00:29:26.121+0000] {processor.py:161} INFO - Started process (PID=1853) to work on /home/airflow/.local/lib/python3.12/site-packages/airflow/example_dags/example_complex.py
[2024-05-24T00:29:26.121+0000] {processor.py:830} INFO - Processing file /home/airflow/.local/lib/python3.12/site-packages/airflow/example_dags/example_complex.py for tasks to queue
[2024-05-24T00:29:26.121+0000] {logging_mixin.py:188} INFO - [2024-05-24T00:29:26.121+0000] {dagbag.py:545} INFO - Filling up the DagBag from /home/airflow/.local/lib/python3.12/site-packages/airflow/example_dags/example_complex.py
[2024-05-24T00:29:26.125+0000] {processor.py:840} INFO - DAG(s) 'example_complex' retrieved from /home/airflow/.local/lib/python3.12/site-packages/airflow/example_dags/example_complex.py
[2024-05-24T00:29:26.140+0000] {logging_mixin.py:188} INFO - [2024-05-24T00:29:26.140+0000] {dag.py:3096} INFO - Sync 1 DAGs
[2024-05-24T00:29:26.147+0000] {logging_mixin.py:188} INFO - [2024-05-24T00:29:26.147+0000] {dag.py:3954} INFO - Setting next_dagrun for example_complex to None, run_after=None
[2024-05-24T00:29:26.154+0000] {processor.py:183} INFO - Processing /home/airflow/.local/lib/python3.12/site-packages/airflow/example_dags/example_complex.py took 0.036 seconds
[2024-05-24T00:29:57.062+0000] {processor.py:161} INFO - Started process (PID=1913) to work on /home/airflow/.local/lib/python3.12/site-packages/airflow/example_dags/example_complex.py
[2024-05-24T00:29:57.063+0000] {processor.py:830} INFO - Processing file /home/airflow/.local/lib/python3.12/site-packages/airflow/example_dags/example_complex.py for tasks to queue
[2024-05-24T00:29:57.063+0000] {logging_mixin.py:188} INFO - [2024-05-24T00:29:57.063+0000] {dagbag.py:545} INFO - Filling up the DagBag from /home/airflow/.local/lib/python3.12/site-packages/airflow/example_dags/example_complex.py
[2024-05-24T00:29:57.069+0000] {processor.py:840} INFO - DAG(s) 'example_complex' retrieved from /home/airflow/.local/lib/python3.12/site-packages/airflow/example_dags/example_complex.py
[2024-05-24T00:29:57.088+0000] {logging_mixin.py:188} INFO - [2024-05-24T00:29:57.088+0000] {dag.py:3096} INFO - Sync 1 DAGs
[2024-05-24T00:29:57.097+0000] {logging_mixin.py:188} INFO - [2024-05-24T00:29:57.097+0000] {dag.py:3954} INFO - Setting next_dagrun for example_complex to None, run_after=None
[2024-05-24T00:29:57.108+0000] {processor.py:183} INFO - Processing /home/airflow/.local/lib/python3.12/site-packages/airflow/example_dags/example_complex.py took 0.048 seconds
[2024-05-24T00:30:27.208+0000] {processor.py:161} INFO - Started process (PID=1973) to work on /home/airflow/.local/lib/python3.12/site-packages/airflow/example_dags/example_complex.py
[2024-05-24T00:30:27.209+0000] {processor.py:830} INFO - Processing file /home/airflow/.local/lib/python3.12/site-packages/airflow/example_dags/example_complex.py for tasks to queue
[2024-05-24T00:30:27.210+0000] {logging_mixin.py:188} INFO - [2024-05-24T00:30:27.210+0000] {dagbag.py:545} INFO - Filling up the DagBag from /home/airflow/.local/lib/python3.12/site-packages/airflow/example_dags/example_complex.py
[2024-05-24T00:30:27.216+0000] {processor.py:840} INFO - DAG(s) 'example_complex' retrieved from /home/airflow/.local/lib/python3.12/site-packages/airflow/example_dags/example_complex.py
[2024-05-24T00:30:27.235+0000] {logging_mixin.py:188} INFO - [2024-05-24T00:30:27.235+0000] {dag.py:3096} INFO - Sync 1 DAGs
[2024-05-24T00:30:27.241+0000] {logging_mixin.py:188} INFO - [2024-05-24T00:30:27.241+0000] {dag.py:3954} INFO - Setting next_dagrun for example_complex to None, run_after=None
[2024-05-24T00:30:27.252+0000] {processor.py:183} INFO - Processing /home/airflow/.local/lib/python3.12/site-packages/airflow/example_dags/example_complex.py took 0.050 seconds
[2024-05-24T00:30:58.142+0000] {processor.py:161} INFO - Started process (PID=2033) to work on /home/airflow/.local/lib/python3.12/site-packages/airflow/example_dags/example_complex.py
[2024-05-24T00:30:58.143+0000] {processor.py:830} INFO - Processing file /home/airflow/.local/lib/python3.12/site-packages/airflow/example_dags/example_complex.py for tasks to queue
[2024-05-24T00:30:58.143+0000] {logging_mixin.py:188} INFO - [2024-05-24T00:30:58.143+0000] {dagbag.py:545} INFO - Filling up the DagBag from /home/airflow/.local/lib/python3.12/site-packages/airflow/example_dags/example_complex.py
[2024-05-24T00:30:58.147+0000] {processor.py:840} INFO - DAG(s) 'example_complex' retrieved from /home/airflow/.local/lib/python3.12/site-packages/airflow/example_dags/example_complex.py
[2024-05-24T00:30:58.161+0000] {logging_mixin.py:188} INFO - [2024-05-24T00:30:58.161+0000] {dag.py:3096} INFO - Sync 1 DAGs
[2024-05-24T00:30:58.166+0000] {logging_mixin.py:188} INFO - [2024-05-24T00:30:58.166+0000] {dag.py:3954} INFO - Setting next_dagrun for example_complex to None, run_after=None
[2024-05-24T00:30:58.173+0000] {processor.py:183} INFO - Processing /home/airflow/.local/lib/python3.12/site-packages/airflow/example_dags/example_complex.py took 0.032 seconds
[2024-05-24T00:31:29.004+0000] {processor.py:161} INFO - Started process (PID=2093) to work on /home/airflow/.local/lib/python3.12/site-packages/airflow/example_dags/example_complex.py
[2024-05-24T00:31:29.004+0000] {processor.py:830} INFO - Processing file /home/airflow/.local/lib/python3.12/site-packages/airflow/example_dags/example_complex.py for tasks to queue
[2024-05-24T00:31:29.005+0000] {logging_mixin.py:188} INFO - [2024-05-24T00:31:29.005+0000] {dagbag.py:545} INFO - Filling up the DagBag from /home/airflow/.local/lib/python3.12/site-packages/airflow/example_dags/example_complex.py
[2024-05-24T00:31:29.009+0000] {processor.py:840} INFO - DAG(s) 'example_complex' retrieved from /home/airflow/.local/lib/python3.12/site-packages/airflow/example_dags/example_complex.py
[2024-05-24T00:31:29.030+0000] {logging_mixin.py:188} INFO - [2024-05-24T00:31:29.030+0000] {dag.py:3096} INFO - Sync 1 DAGs
[2024-05-24T00:31:29.096+0000] {logging_mixin.py:188} INFO - [2024-05-24T00:31:29.096+0000] {dag.py:3954} INFO - Setting next_dagrun for example_complex to None, run_after=None
[2024-05-24T00:31:29.106+0000] {processor.py:183} INFO - Processing /home/airflow/.local/lib/python3.12/site-packages/airflow/example_dags/example_complex.py took 0.105 seconds
[2024-05-24T00:31:59.456+0000] {processor.py:161} INFO - Started process (PID=2153) to work on /home/airflow/.local/lib/python3.12/site-packages/airflow/example_dags/example_complex.py
[2024-05-24T00:31:59.456+0000] {processor.py:830} INFO - Processing file /home/airflow/.local/lib/python3.12/site-packages/airflow/example_dags/example_complex.py for tasks to queue
[2024-05-24T00:31:59.457+0000] {logging_mixin.py:188} INFO - [2024-05-24T00:31:59.457+0000] {dagbag.py:545} INFO - Filling up the DagBag from /home/airflow/.local/lib/python3.12/site-packages/airflow/example_dags/example_complex.py
[2024-05-24T00:31:59.461+0000] {processor.py:840} INFO - DAG(s) 'example_complex' retrieved from /home/airflow/.local/lib/python3.12/site-packages/airflow/example_dags/example_complex.py
[2024-05-24T00:31:59.474+0000] {logging_mixin.py:188} INFO - [2024-05-24T00:31:59.474+0000] {dag.py:3096} INFO - Sync 1 DAGs
[2024-05-24T00:31:59.479+0000] {logging_mixin.py:188} INFO - [2024-05-24T00:31:59.479+0000] {dag.py:3954} INFO - Setting next_dagrun for example_complex to None, run_after=None
[2024-05-24T00:31:59.487+0000] {processor.py:183} INFO - Processing /home/airflow/.local/lib/python3.12/site-packages/airflow/example_dags/example_complex.py took 0.033 seconds
[2024-05-24T00:32:30.384+0000] {processor.py:161} INFO - Started process (PID=2213) to work on /home/airflow/.local/lib/python3.12/site-packages/airflow/example_dags/example_complex.py
[2024-05-24T00:32:30.385+0000] {processor.py:830} INFO - Processing file /home/airflow/.local/lib/python3.12/site-packages/airflow/example_dags/example_complex.py for tasks to queue
[2024-05-24T00:32:30.385+0000] {logging_mixin.py:188} INFO - [2024-05-24T00:32:30.385+0000] {dagbag.py:545} INFO - Filling up the DagBag from /home/airflow/.local/lib/python3.12/site-packages/airflow/example_dags/example_complex.py
[2024-05-24T00:32:30.391+0000] {processor.py:840} INFO - DAG(s) 'example_complex' retrieved from /home/airflow/.local/lib/python3.12/site-packages/airflow/example_dags/example_complex.py
[2024-05-24T00:32:30.416+0000] {logging_mixin.py:188} INFO - [2024-05-24T00:32:30.415+0000] {dag.py:3096} INFO - Sync 1 DAGs
[2024-05-24T00:32:30.421+0000] {logging_mixin.py:188} INFO - [2024-05-24T00:32:30.421+0000] {dag.py:3954} INFO - Setting next_dagrun for example_complex to None, run_after=None
[2024-05-24T00:32:30.428+0000] {processor.py:183} INFO - Processing /home/airflow/.local/lib/python3.12/site-packages/airflow/example_dags/example_complex.py took 0.048 seconds
[2024-05-24T00:33:01.000+0000] {processor.py:161} INFO - Started process (PID=2273) to work on /home/airflow/.local/lib/python3.12/site-packages/airflow/example_dags/example_complex.py
[2024-05-24T00:33:01.001+0000] {processor.py:830} INFO - Processing file /home/airflow/.local/lib/python3.12/site-packages/airflow/example_dags/example_complex.py for tasks to queue
[2024-05-24T00:33:01.001+0000] {logging_mixin.py:188} INFO - [2024-05-24T00:33:01.001+0000] {dagbag.py:545} INFO - Filling up the DagBag from /home/airflow/.local/lib/python3.12/site-packages/airflow/example_dags/example_complex.py
[2024-05-24T00:33:01.006+0000] {processor.py:840} INFO - DAG(s) 'example_complex' retrieved from /home/airflow/.local/lib/python3.12/site-packages/airflow/example_dags/example_complex.py
[2024-05-24T00:33:01.027+0000] {logging_mixin.py:188} INFO - [2024-05-24T00:33:01.027+0000] {dag.py:3096} INFO - Sync 1 DAGs
[2024-05-24T00:33:01.035+0000] {logging_mixin.py:188} INFO - [2024-05-24T00:33:01.034+0000] {dag.py:3954} INFO - Setting next_dagrun for example_complex to None, run_after=None
[2024-05-24T00:33:01.045+0000] {processor.py:183} INFO - Processing /home/airflow/.local/lib/python3.12/site-packages/airflow/example_dags/example_complex.py took 0.047 seconds
[2024-05-24T00:33:31.760+0000] {processor.py:161} INFO - Started process (PID=2339) to work on /home/airflow/.local/lib/python3.12/site-packages/airflow/example_dags/example_complex.py
[2024-05-24T00:33:31.760+0000] {processor.py:830} INFO - Processing file /home/airflow/.local/lib/python3.12/site-packages/airflow/example_dags/example_complex.py for tasks to queue
[2024-05-24T00:33:31.761+0000] {logging_mixin.py:188} INFO - [2024-05-24T00:33:31.761+0000] {dagbag.py:545} INFO - Filling up the DagBag from /home/airflow/.local/lib/python3.12/site-packages/airflow/example_dags/example_complex.py
[2024-05-24T00:33:31.768+0000] {processor.py:840} INFO - DAG(s) 'example_complex' retrieved from /home/airflow/.local/lib/python3.12/site-packages/airflow/example_dags/example_complex.py
[2024-05-24T00:33:31.787+0000] {logging_mixin.py:188} INFO - [2024-05-24T00:33:31.787+0000] {dag.py:3096} INFO - Sync 1 DAGs
[2024-05-24T00:33:31.796+0000] {logging_mixin.py:188} INFO - [2024-05-24T00:33:31.796+0000] {dag.py:3954} INFO - Setting next_dagrun for example_complex to None, run_after=None
[2024-05-24T00:33:31.806+0000] {processor.py:183} INFO - Processing /home/airflow/.local/lib/python3.12/site-packages/airflow/example_dags/example_complex.py took 0.050 seconds
[2024-05-24T00:34:02.738+0000] {processor.py:161} INFO - Started process (PID=2399) to work on /home/airflow/.local/lib/python3.12/site-packages/airflow/example_dags/example_complex.py
[2024-05-24T00:34:02.739+0000] {processor.py:830} INFO - Processing file /home/airflow/.local/lib/python3.12/site-packages/airflow/example_dags/example_complex.py for tasks to queue
[2024-05-24T00:34:02.740+0000] {logging_mixin.py:188} INFO - [2024-05-24T00:34:02.740+0000] {dagbag.py:545} INFO - Filling up the DagBag from /home/airflow/.local/lib/python3.12/site-packages/airflow/example_dags/example_complex.py
[2024-05-24T00:34:02.746+0000] {processor.py:840} INFO - DAG(s) 'example_complex' retrieved from /home/airflow/.local/lib/python3.12/site-packages/airflow/example_dags/example_complex.py
[2024-05-24T00:34:02.763+0000] {logging_mixin.py:188} INFO - [2024-05-24T00:34:02.763+0000] {dag.py:3096} INFO - Sync 1 DAGs
[2024-05-24T00:34:02.768+0000] {logging_mixin.py:188} INFO - [2024-05-24T00:34:02.768+0000] {dag.py:3954} INFO - Setting next_dagrun for example_complex to None, run_after=None
[2024-05-24T00:34:02.775+0000] {processor.py:183} INFO - Processing /home/airflow/.local/lib/python3.12/site-packages/airflow/example_dags/example_complex.py took 0.040 seconds
[2024-05-24T00:34:33.434+0000] {processor.py:161} INFO - Started process (PID=2459) to work on /home/airflow/.local/lib/python3.12/site-packages/airflow/example_dags/example_complex.py
[2024-05-24T00:34:33.434+0000] {processor.py:830} INFO - Processing file /home/airflow/.local/lib/python3.12/site-packages/airflow/example_dags/example_complex.py for tasks to queue
[2024-05-24T00:34:33.435+0000] {logging_mixin.py:188} INFO - [2024-05-24T00:34:33.435+0000] {dagbag.py:545} INFO - Filling up the DagBag from /home/airflow/.local/lib/python3.12/site-packages/airflow/example_dags/example_complex.py
[2024-05-24T00:34:33.439+0000] {processor.py:840} INFO - DAG(s) 'example_complex' retrieved from /home/airflow/.local/lib/python3.12/site-packages/airflow/example_dags/example_complex.py
[2024-05-24T00:34:33.455+0000] {logging_mixin.py:188} INFO - [2024-05-24T00:34:33.455+0000] {dag.py:3096} INFO - Sync 1 DAGs
[2024-05-24T00:34:33.460+0000] {logging_mixin.py:188} INFO - [2024-05-24T00:34:33.460+0000] {dag.py:3954} INFO - Setting next_dagrun for example_complex to None, run_after=None
[2024-05-24T00:34:33.467+0000] {processor.py:183} INFO - Processing /home/airflow/.local/lib/python3.12/site-packages/airflow/example_dags/example_complex.py took 0.037 seconds
[2024-05-24T00:35:04.096+0000] {processor.py:161} INFO - Started process (PID=2519) to work on /home/airflow/.local/lib/python3.12/site-packages/airflow/example_dags/example_complex.py
[2024-05-24T00:35:04.097+0000] {processor.py:830} INFO - Processing file /home/airflow/.local/lib/python3.12/site-packages/airflow/example_dags/example_complex.py for tasks to queue
[2024-05-24T00:35:04.098+0000] {logging_mixin.py:188} INFO - [2024-05-24T00:35:04.098+0000] {dagbag.py:545} INFO - Filling up the DagBag from /home/airflow/.local/lib/python3.12/site-packages/airflow/example_dags/example_complex.py
[2024-05-24T00:35:04.104+0000] {processor.py:840} INFO - DAG(s) 'example_complex' retrieved from /home/airflow/.local/lib/python3.12/site-packages/airflow/example_dags/example_complex.py
[2024-05-24T00:35:04.128+0000] {logging_mixin.py:188} INFO - [2024-05-24T00:35:04.128+0000] {dag.py:3096} INFO - Sync 1 DAGs
[2024-05-24T00:35:04.141+0000] {logging_mixin.py:188} INFO - [2024-05-24T00:35:04.141+0000] {dag.py:3954} INFO - Setting next_dagrun for example_complex to None, run_after=None
[2024-05-24T00:35:04.157+0000] {processor.py:183} INFO - Processing /home/airflow/.local/lib/python3.12/site-packages/airflow/example_dags/example_complex.py took 0.065 seconds
[2024-05-24T00:35:34.932+0000] {processor.py:161} INFO - Started process (PID=2579) to work on /home/airflow/.local/lib/python3.12/site-packages/airflow/example_dags/example_complex.py
[2024-05-24T00:35:34.932+0000] {processor.py:830} INFO - Processing file /home/airflow/.local/lib/python3.12/site-packages/airflow/example_dags/example_complex.py for tasks to queue
[2024-05-24T00:35:34.933+0000] {logging_mixin.py:188} INFO - [2024-05-24T00:35:34.933+0000] {dagbag.py:545} INFO - Filling up the DagBag from /home/airflow/.local/lib/python3.12/site-packages/airflow/example_dags/example_complex.py
[2024-05-24T00:35:34.937+0000] {processor.py:840} INFO - DAG(s) 'example_complex' retrieved from /home/airflow/.local/lib/python3.12/site-packages/airflow/example_dags/example_complex.py
[2024-05-24T00:35:34.951+0000] {logging_mixin.py:188} INFO - [2024-05-24T00:35:34.951+0000] {dag.py:3096} INFO - Sync 1 DAGs
[2024-05-24T00:35:34.959+0000] {logging_mixin.py:188} INFO - [2024-05-24T00:35:34.959+0000] {dag.py:3954} INFO - Setting next_dagrun for example_complex to None, run_after=None
[2024-05-24T00:35:34.969+0000] {processor.py:183} INFO - Processing /home/airflow/.local/lib/python3.12/site-packages/airflow/example_dags/example_complex.py took 0.040 seconds
[2024-05-24T00:36:05.458+0000] {processor.py:161} INFO - Started process (PID=2638) to work on /home/airflow/.local/lib/python3.12/site-packages/airflow/example_dags/example_complex.py
[2024-05-24T00:36:05.458+0000] {processor.py:830} INFO - Processing file /home/airflow/.local/lib/python3.12/site-packages/airflow/example_dags/example_complex.py for tasks to queue
[2024-05-24T00:36:05.459+0000] {logging_mixin.py:188} INFO - [2024-05-24T00:36:05.459+0000] {dagbag.py:545} INFO - Filling up the DagBag from /home/airflow/.local/lib/python3.12/site-packages/airflow/example_dags/example_complex.py
[2024-05-24T00:36:05.463+0000] {processor.py:840} INFO - DAG(s) 'example_complex' retrieved from /home/airflow/.local/lib/python3.12/site-packages/airflow/example_dags/example_complex.py
[2024-05-24T00:36:05.475+0000] {logging_mixin.py:188} INFO - [2024-05-24T00:36:05.475+0000] {dag.py:3096} INFO - Sync 1 DAGs
[2024-05-24T00:36:05.481+0000] {logging_mixin.py:188} INFO - [2024-05-24T00:36:05.481+0000] {dag.py:3954} INFO - Setting next_dagrun for example_complex to None, run_after=None
[2024-05-24T00:36:05.488+0000] {processor.py:183} INFO - Processing /home/airflow/.local/lib/python3.12/site-packages/airflow/example_dags/example_complex.py took 0.034 seconds
[2024-05-24T00:36:36.226+0000] {processor.py:161} INFO - Started process (PID=2697) to work on /home/airflow/.local/lib/python3.12/site-packages/airflow/example_dags/example_complex.py
[2024-05-24T00:36:36.227+0000] {processor.py:830} INFO - Processing file /home/airflow/.local/lib/python3.12/site-packages/airflow/example_dags/example_complex.py for tasks to queue
[2024-05-24T00:36:36.228+0000] {logging_mixin.py:188} INFO - [2024-05-24T00:36:36.228+0000] {dagbag.py:545} INFO - Filling up the DagBag from /home/airflow/.local/lib/python3.12/site-packages/airflow/example_dags/example_complex.py
[2024-05-24T00:36:36.235+0000] {processor.py:840} INFO - DAG(s) 'example_complex' retrieved from /home/airflow/.local/lib/python3.12/site-packages/airflow/example_dags/example_complex.py
[2024-05-24T00:36:36.249+0000] {logging_mixin.py:188} INFO - [2024-05-24T00:36:36.249+0000] {dag.py:3096} INFO - Sync 1 DAGs
[2024-05-24T00:36:36.254+0000] {logging_mixin.py:188} INFO - [2024-05-24T00:36:36.254+0000] {dag.py:3954} INFO - Setting next_dagrun for example_complex to None, run_after=None
[2024-05-24T00:36:36.262+0000] {processor.py:183} INFO - Processing /home/airflow/.local/lib/python3.12/site-packages/airflow/example_dags/example_complex.py took 0.039 seconds
[2024-05-24T00:37:06.923+0000] {processor.py:161} INFO - Started process (PID=2756) to work on /home/airflow/.local/lib/python3.12/site-packages/airflow/example_dags/example_complex.py
[2024-05-24T00:37:06.923+0000] {processor.py:830} INFO - Processing file /home/airflow/.local/lib/python3.12/site-packages/airflow/example_dags/example_complex.py for tasks to queue
[2024-05-24T00:37:06.923+0000] {logging_mixin.py:188} INFO - [2024-05-24T00:37:06.923+0000] {dagbag.py:545} INFO - Filling up the DagBag from /home/airflow/.local/lib/python3.12/site-packages/airflow/example_dags/example_complex.py
[2024-05-24T00:37:06.927+0000] {processor.py:840} INFO - DAG(s) 'example_complex' retrieved from /home/airflow/.local/lib/python3.12/site-packages/airflow/example_dags/example_complex.py
[2024-05-24T00:37:06.942+0000] {logging_mixin.py:188} INFO - [2024-05-24T00:37:06.942+0000] {dag.py:3096} INFO - Sync 1 DAGs
[2024-05-24T00:37:06.948+0000] {logging_mixin.py:188} INFO - [2024-05-24T00:37:06.948+0000] {dag.py:3954} INFO - Setting next_dagrun for example_complex to None, run_after=None
[2024-05-24T00:37:06.959+0000] {processor.py:183} INFO - Processing /home/airflow/.local/lib/python3.12/site-packages/airflow/example_dags/example_complex.py took 0.038 seconds
[2024-05-24T00:37:37.609+0000] {processor.py:161} INFO - Started process (PID=2815) to work on /home/airflow/.local/lib/python3.12/site-packages/airflow/example_dags/example_complex.py
[2024-05-24T00:37:37.609+0000] {processor.py:830} INFO - Processing file /home/airflow/.local/lib/python3.12/site-packages/airflow/example_dags/example_complex.py for tasks to queue
[2024-05-24T00:37:37.609+0000] {logging_mixin.py:188} INFO - [2024-05-24T00:37:37.609+0000] {dagbag.py:545} INFO - Filling up the DagBag from /home/airflow/.local/lib/python3.12/site-packages/airflow/example_dags/example_complex.py
[2024-05-24T00:37:37.616+0000] {processor.py:840} INFO - DAG(s) 'example_complex' retrieved from /home/airflow/.local/lib/python3.12/site-packages/airflow/example_dags/example_complex.py
[2024-05-24T00:37:37.633+0000] {logging_mixin.py:188} INFO - [2024-05-24T00:37:37.633+0000] {dag.py:3096} INFO - Sync 1 DAGs
[2024-05-24T00:37:37.638+0000] {logging_mixin.py:188} INFO - [2024-05-24T00:37:37.638+0000] {dag.py:3954} INFO - Setting next_dagrun for example_complex to None, run_after=None
[2024-05-24T00:37:37.645+0000] {processor.py:183} INFO - Processing /home/airflow/.local/lib/python3.12/site-packages/airflow/example_dags/example_complex.py took 0.040 seconds
[2024-05-24T00:38:08.215+0000] {processor.py:161} INFO - Started process (PID=2874) to work on /home/airflow/.local/lib/python3.12/site-packages/airflow/example_dags/example_complex.py
[2024-05-24T00:38:08.215+0000] {processor.py:830} INFO - Processing file /home/airflow/.local/lib/python3.12/site-packages/airflow/example_dags/example_complex.py for tasks to queue
[2024-05-24T00:38:08.215+0000] {logging_mixin.py:188} INFO - [2024-05-24T00:38:08.215+0000] {dagbag.py:545} INFO - Filling up the DagBag from /home/airflow/.local/lib/python3.12/site-packages/airflow/example_dags/example_complex.py
[2024-05-24T00:38:08.219+0000] {processor.py:840} INFO - DAG(s) 'example_complex' retrieved from /home/airflow/.local/lib/python3.12/site-packages/airflow/example_dags/example_complex.py
[2024-05-24T00:38:08.238+0000] {logging_mixin.py:188} INFO - [2024-05-24T00:38:08.237+0000] {dag.py:3096} INFO - Sync 1 DAGs
[2024-05-24T00:38:08.247+0000] {logging_mixin.py:188} INFO - [2024-05-24T00:38:08.246+0000] {dag.py:3954} INFO - Setting next_dagrun for example_complex to None, run_after=None
[2024-05-24T00:38:08.258+0000] {processor.py:183} INFO - Processing /home/airflow/.local/lib/python3.12/site-packages/airflow/example_dags/example_complex.py took 0.046 seconds
[2024-05-24T00:38:38.912+0000] {processor.py:161} INFO - Started process (PID=2934) to work on /home/airflow/.local/lib/python3.12/site-packages/airflow/example_dags/example_complex.py
[2024-05-24T00:38:38.912+0000] {processor.py:830} INFO - Processing file /home/airflow/.local/lib/python3.12/site-packages/airflow/example_dags/example_complex.py for tasks to queue
[2024-05-24T00:38:38.913+0000] {logging_mixin.py:188} INFO - [2024-05-24T00:38:38.912+0000] {dagbag.py:545} INFO - Filling up the DagBag from /home/airflow/.local/lib/python3.12/site-packages/airflow/example_dags/example_complex.py
[2024-05-24T00:38:38.917+0000] {processor.py:840} INFO - DAG(s) 'example_complex' retrieved from /home/airflow/.local/lib/python3.12/site-packages/airflow/example_dags/example_complex.py
[2024-05-24T00:38:38.944+0000] {logging_mixin.py:188} INFO - [2024-05-24T00:38:38.943+0000] {dag.py:3096} INFO - Sync 1 DAGs
[2024-05-24T00:38:38.949+0000] {logging_mixin.py:188} INFO - [2024-05-24T00:38:38.949+0000] {dag.py:3954} INFO - Setting next_dagrun for example_complex to None, run_after=None
[2024-05-24T00:38:38.957+0000] {processor.py:183} INFO - Processing /home/airflow/.local/lib/python3.12/site-packages/airflow/example_dags/example_complex.py took 0.047 seconds
[2024-05-24T00:39:09.486+0000] {processor.py:161} INFO - Started process (PID=2993) to work on /home/airflow/.local/lib/python3.12/site-packages/airflow/example_dags/example_complex.py
[2024-05-24T00:39:09.486+0000] {processor.py:830} INFO - Processing file /home/airflow/.local/lib/python3.12/site-packages/airflow/example_dags/example_complex.py for tasks to queue
[2024-05-24T00:39:09.487+0000] {logging_mixin.py:188} INFO - [2024-05-24T00:39:09.487+0000] {dagbag.py:545} INFO - Filling up the DagBag from /home/airflow/.local/lib/python3.12/site-packages/airflow/example_dags/example_complex.py
[2024-05-24T00:39:09.496+0000] {processor.py:840} INFO - DAG(s) 'example_complex' retrieved from /home/airflow/.local/lib/python3.12/site-packages/airflow/example_dags/example_complex.py
[2024-05-24T00:39:09.502+0000] {logging_mixin.py:188} INFO - [2024-05-24T00:39:09.502+0000] {dag.py:3096} INFO - Sync 1 DAGs
[2024-05-24T00:39:09.512+0000] {logging_mixin.py:188} INFO - [2024-05-24T00:39:09.511+0000] {dag.py:3954} INFO - Setting next_dagrun for example_complex to None, run_after=None
[2024-05-24T00:39:09.522+0000] {processor.py:183} INFO - Processing /home/airflow/.local/lib/python3.12/site-packages/airflow/example_dags/example_complex.py took 0.041 seconds
[2024-05-24T00:39:39.978+0000] {processor.py:161} INFO - Started process (PID=3052) to work on /home/airflow/.local/lib/python3.12/site-packages/airflow/example_dags/example_complex.py
[2024-05-24T00:39:39.978+0000] {processor.py:830} INFO - Processing file /home/airflow/.local/lib/python3.12/site-packages/airflow/example_dags/example_complex.py for tasks to queue
[2024-05-24T00:39:39.978+0000] {logging_mixin.py:188} INFO - [2024-05-24T00:39:39.978+0000] {dagbag.py:545} INFO - Filling up the DagBag from /home/airflow/.local/lib/python3.12/site-packages/airflow/example_dags/example_complex.py
[2024-05-24T00:39:39.983+0000] {processor.py:840} INFO - DAG(s) 'example_complex' retrieved from /home/airflow/.local/lib/python3.12/site-packages/airflow/example_dags/example_complex.py
[2024-05-24T00:39:39.988+0000] {logging_mixin.py:188} INFO - [2024-05-24T00:39:39.988+0000] {dag.py:3096} INFO - Sync 1 DAGs
[2024-05-24T00:39:39.994+0000] {logging_mixin.py:188} INFO - [2024-05-24T00:39:39.994+0000] {dag.py:3954} INFO - Setting next_dagrun for example_complex to None, run_after=None
[2024-05-24T00:39:40.001+0000] {processor.py:183} INFO - Processing /home/airflow/.local/lib/python3.12/site-packages/airflow/example_dags/example_complex.py took 0.026 seconds
[2024-05-24T00:40:10.364+0000] {processor.py:161} INFO - Started process (PID=3110) to work on /home/airflow/.local/lib/python3.12/site-packages/airflow/example_dags/example_complex.py
[2024-05-24T00:40:10.365+0000] {processor.py:830} INFO - Processing file /home/airflow/.local/lib/python3.12/site-packages/airflow/example_dags/example_complex.py for tasks to queue
[2024-05-24T00:40:10.365+0000] {logging_mixin.py:188} INFO - [2024-05-24T00:40:10.365+0000] {dagbag.py:545} INFO - Filling up the DagBag from /home/airflow/.local/lib/python3.12/site-packages/airflow/example_dags/example_complex.py
[2024-05-24T00:40:10.370+0000] {processor.py:840} INFO - DAG(s) 'example_complex' retrieved from /home/airflow/.local/lib/python3.12/site-packages/airflow/example_dags/example_complex.py
[2024-05-24T00:40:10.425+0000] {logging_mixin.py:188} INFO - [2024-05-24T00:40:10.425+0000] {dag.py:3096} INFO - Sync 1 DAGs
[2024-05-24T00:40:10.429+0000] {logging_mixin.py:188} INFO - [2024-05-24T00:40:10.429+0000] {dag.py:3954} INFO - Setting next_dagrun for example_complex to None, run_after=None
[2024-05-24T00:40:10.436+0000] {processor.py:183} INFO - Processing /home/airflow/.local/lib/python3.12/site-packages/airflow/example_dags/example_complex.py took 0.075 seconds
[2024-05-24T00:40:40.661+0000] {processor.py:161} INFO - Started process (PID=3168) to work on /home/airflow/.local/lib/python3.12/site-packages/airflow/example_dags/example_complex.py
[2024-05-24T00:40:40.661+0000] {processor.py:830} INFO - Processing file /home/airflow/.local/lib/python3.12/site-packages/airflow/example_dags/example_complex.py for tasks to queue
[2024-05-24T00:40:40.661+0000] {logging_mixin.py:188} INFO - [2024-05-24T00:40:40.661+0000] {dagbag.py:545} INFO - Filling up the DagBag from /home/airflow/.local/lib/python3.12/site-packages/airflow/example_dags/example_complex.py
[2024-05-24T00:40:40.665+0000] {processor.py:840} INFO - DAG(s) 'example_complex' retrieved from /home/airflow/.local/lib/python3.12/site-packages/airflow/example_dags/example_complex.py
[2024-05-24T00:40:40.670+0000] {logging_mixin.py:188} INFO - [2024-05-24T00:40:40.670+0000] {dag.py:3096} INFO - Sync 1 DAGs
[2024-05-24T00:40:40.675+0000] {logging_mixin.py:188} INFO - [2024-05-24T00:40:40.675+0000] {dag.py:3954} INFO - Setting next_dagrun for example_complex to None, run_after=None
[2024-05-24T00:40:40.682+0000] {processor.py:183} INFO - Processing /home/airflow/.local/lib/python3.12/site-packages/airflow/example_dags/example_complex.py took 0.024 seconds
