[2024-05-24T00:14:38.085+0000] {processor.py:161} INFO - Started process (PID=93) to work on /home/airflow/.local/lib/python3.12/site-packages/airflow/example_dags/tutorial.py
[2024-05-24T00:14:38.085+0000] {processor.py:830} INFO - Processing file /home/airflow/.local/lib/python3.12/site-packages/airflow/example_dags/tutorial.py for tasks to queue
[2024-05-24T00:14:38.086+0000] {logging_mixin.py:188} INFO - [2024-05-24T00:14:38.085+0000] {dagbag.py:545} INFO - Filling up the DagBag from /home/airflow/.local/lib/python3.12/site-packages/airflow/example_dags/tutorial.py
[2024-05-24T00:14:38.088+0000] {processor.py:840} INFO - DAG(s) 'tutorial' retrieved from /home/airflow/.local/lib/python3.12/site-packages/airflow/example_dags/tutorial.py
[2024-05-24T00:14:38.094+0000] {logging_mixin.py:188} INFO - [2024-05-24T00:14:38.094+0000] {dag.py:3096} INFO - Sync 1 DAGs
[2024-05-24T00:14:38.104+0000] {logging_mixin.py:188} INFO - [2024-05-24T00:14:38.104+0000] {dag.py:3954} INFO - Setting next_dagrun for tutorial to 2024-05-23 00:00:00+00:00, run_after=2024-05-24 00:00:00+00:00
[2024-05-24T00:14:38.111+0000] {processor.py:183} INFO - Processing /home/airflow/.local/lib/python3.12/site-packages/airflow/example_dags/tutorial.py took 0.029 seconds
[2024-05-24T00:15:09.268+0000] {processor.py:161} INFO - Started process (PID=152) to work on /home/airflow/.local/lib/python3.12/site-packages/airflow/example_dags/tutorial.py
[2024-05-24T00:15:09.268+0000] {processor.py:830} INFO - Processing file /home/airflow/.local/lib/python3.12/site-packages/airflow/example_dags/tutorial.py for tasks to queue
[2024-05-24T00:15:09.269+0000] {logging_mixin.py:188} INFO - [2024-05-24T00:15:09.269+0000] {dagbag.py:545} INFO - Filling up the DagBag from /home/airflow/.local/lib/python3.12/site-packages/airflow/example_dags/tutorial.py
[2024-05-24T00:15:09.272+0000] {processor.py:840} INFO - DAG(s) 'tutorial' retrieved from /home/airflow/.local/lib/python3.12/site-packages/airflow/example_dags/tutorial.py
[2024-05-24T00:15:09.329+0000] {logging_mixin.py:188} INFO - [2024-05-24T00:15:09.329+0000] {dag.py:3096} INFO - Sync 1 DAGs
[2024-05-24T00:15:09.338+0000] {logging_mixin.py:188} INFO - [2024-05-24T00:15:09.338+0000] {dag.py:3954} INFO - Setting next_dagrun for tutorial to 2024-05-23 00:00:00+00:00, run_after=2024-05-24 00:00:00+00:00
[2024-05-24T00:15:09.346+0000] {processor.py:183} INFO - Processing /home/airflow/.local/lib/python3.12/site-packages/airflow/example_dags/tutorial.py took 0.082 seconds
[2024-05-24T00:15:39.856+0000] {processor.py:161} INFO - Started process (PID=211) to work on /home/airflow/.local/lib/python3.12/site-packages/airflow/example_dags/tutorial.py
[2024-05-24T00:15:39.857+0000] {processor.py:830} INFO - Processing file /home/airflow/.local/lib/python3.12/site-packages/airflow/example_dags/tutorial.py for tasks to queue
[2024-05-24T00:15:39.858+0000] {logging_mixin.py:188} INFO - [2024-05-24T00:15:39.858+0000] {dagbag.py:545} INFO - Filling up the DagBag from /home/airflow/.local/lib/python3.12/site-packages/airflow/example_dags/tutorial.py
[2024-05-24T00:15:39.862+0000] {processor.py:840} INFO - DAG(s) 'tutorial' retrieved from /home/airflow/.local/lib/python3.12/site-packages/airflow/example_dags/tutorial.py
[2024-05-24T00:15:39.878+0000] {logging_mixin.py:188} INFO - [2024-05-24T00:15:39.878+0000] {dag.py:3096} INFO - Sync 1 DAGs
[2024-05-24T00:15:39.892+0000] {logging_mixin.py:188} INFO - [2024-05-24T00:15:39.891+0000] {dag.py:3954} INFO - Setting next_dagrun for tutorial to 2024-05-23 00:00:00+00:00, run_after=2024-05-24 00:00:00+00:00
[2024-05-24T00:15:39.902+0000] {processor.py:183} INFO - Processing /home/airflow/.local/lib/python3.12/site-packages/airflow/example_dags/tutorial.py took 0.049 seconds
[2024-05-24T00:16:10.361+0000] {processor.py:161} INFO - Started process (PID=270) to work on /home/airflow/.local/lib/python3.12/site-packages/airflow/example_dags/tutorial.py
[2024-05-24T00:16:10.361+0000] {processor.py:830} INFO - Processing file /home/airflow/.local/lib/python3.12/site-packages/airflow/example_dags/tutorial.py for tasks to queue
[2024-05-24T00:16:10.362+0000] {logging_mixin.py:188} INFO - [2024-05-24T00:16:10.362+0000] {dagbag.py:545} INFO - Filling up the DagBag from /home/airflow/.local/lib/python3.12/site-packages/airflow/example_dags/tutorial.py
[2024-05-24T00:16:10.364+0000] {processor.py:840} INFO - DAG(s) 'tutorial' retrieved from /home/airflow/.local/lib/python3.12/site-packages/airflow/example_dags/tutorial.py
[2024-05-24T00:16:10.376+0000] {logging_mixin.py:188} INFO - [2024-05-24T00:16:10.376+0000] {dag.py:3096} INFO - Sync 1 DAGs
[2024-05-24T00:16:10.388+0000] {logging_mixin.py:188} INFO - [2024-05-24T00:16:10.388+0000] {dag.py:3954} INFO - Setting next_dagrun for tutorial to 2024-05-23 00:00:00+00:00, run_after=2024-05-24 00:00:00+00:00
[2024-05-24T00:16:10.402+0000] {processor.py:183} INFO - Processing /home/airflow/.local/lib/python3.12/site-packages/airflow/example_dags/tutorial.py took 0.043 seconds
[2024-05-24T00:16:40.849+0000] {processor.py:161} INFO - Started process (PID=330) to work on /home/airflow/.local/lib/python3.12/site-packages/airflow/example_dags/tutorial.py
[2024-05-24T00:16:40.849+0000] {processor.py:830} INFO - Processing file /home/airflow/.local/lib/python3.12/site-packages/airflow/example_dags/tutorial.py for tasks to queue
[2024-05-24T00:16:40.850+0000] {logging_mixin.py:188} INFO - [2024-05-24T00:16:40.850+0000] {dagbag.py:545} INFO - Filling up the DagBag from /home/airflow/.local/lib/python3.12/site-packages/airflow/example_dags/tutorial.py
[2024-05-24T00:16:40.852+0000] {processor.py:840} INFO - DAG(s) 'tutorial' retrieved from /home/airflow/.local/lib/python3.12/site-packages/airflow/example_dags/tutorial.py
[2024-05-24T00:16:40.862+0000] {logging_mixin.py:188} INFO - [2024-05-24T00:16:40.862+0000] {dag.py:3096} INFO - Sync 1 DAGs
[2024-05-24T00:16:40.879+0000] {logging_mixin.py:188} INFO - [2024-05-24T00:16:40.879+0000] {dag.py:3954} INFO - Setting next_dagrun for tutorial to 2024-05-23 00:00:00+00:00, run_after=2024-05-24 00:00:00+00:00
[2024-05-24T00:16:40.888+0000] {processor.py:183} INFO - Processing /home/airflow/.local/lib/python3.12/site-packages/airflow/example_dags/tutorial.py took 0.042 seconds
[2024-05-24T00:17:11.228+0000] {processor.py:161} INFO - Started process (PID=389) to work on /home/airflow/.local/lib/python3.12/site-packages/airflow/example_dags/tutorial.py
[2024-05-24T00:17:11.228+0000] {processor.py:830} INFO - Processing file /home/airflow/.local/lib/python3.12/site-packages/airflow/example_dags/tutorial.py for tasks to queue
[2024-05-24T00:17:11.229+0000] {logging_mixin.py:188} INFO - [2024-05-24T00:17:11.229+0000] {dagbag.py:545} INFO - Filling up the DagBag from /home/airflow/.local/lib/python3.12/site-packages/airflow/example_dags/tutorial.py
[2024-05-24T00:17:11.231+0000] {processor.py:840} INFO - DAG(s) 'tutorial' retrieved from /home/airflow/.local/lib/python3.12/site-packages/airflow/example_dags/tutorial.py
[2024-05-24T00:17:11.242+0000] {logging_mixin.py:188} INFO - [2024-05-24T00:17:11.242+0000] {dag.py:3096} INFO - Sync 1 DAGs
[2024-05-24T00:17:11.250+0000] {logging_mixin.py:188} INFO - [2024-05-24T00:17:11.250+0000] {dag.py:3954} INFO - Setting next_dagrun for tutorial to 2024-05-23 00:00:00+00:00, run_after=2024-05-24 00:00:00+00:00
[2024-05-24T00:17:11.257+0000] {processor.py:183} INFO - Processing /home/airflow/.local/lib/python3.12/site-packages/airflow/example_dags/tutorial.py took 0.033 seconds
[2024-05-24T00:17:41.715+0000] {processor.py:161} INFO - Started process (PID=448) to work on /home/airflow/.local/lib/python3.12/site-packages/airflow/example_dags/tutorial.py
[2024-05-24T00:17:41.715+0000] {processor.py:830} INFO - Processing file /home/airflow/.local/lib/python3.12/site-packages/airflow/example_dags/tutorial.py for tasks to queue
[2024-05-24T00:17:41.716+0000] {logging_mixin.py:188} INFO - [2024-05-24T00:17:41.716+0000] {dagbag.py:545} INFO - Filling up the DagBag from /home/airflow/.local/lib/python3.12/site-packages/airflow/example_dags/tutorial.py
[2024-05-24T00:17:41.718+0000] {processor.py:840} INFO - DAG(s) 'tutorial' retrieved from /home/airflow/.local/lib/python3.12/site-packages/airflow/example_dags/tutorial.py
[2024-05-24T00:17:41.727+0000] {logging_mixin.py:188} INFO - [2024-05-24T00:17:41.727+0000] {dag.py:3096} INFO - Sync 1 DAGs
[2024-05-24T00:17:41.738+0000] {logging_mixin.py:188} INFO - [2024-05-24T00:17:41.738+0000] {dag.py:3954} INFO - Setting next_dagrun for tutorial to 2024-05-23 00:00:00+00:00, run_after=2024-05-24 00:00:00+00:00
[2024-05-24T00:17:41.745+0000] {processor.py:183} INFO - Processing /home/airflow/.local/lib/python3.12/site-packages/airflow/example_dags/tutorial.py took 0.033 seconds
[2024-05-24T00:18:12.475+0000] {processor.py:161} INFO - Started process (PID=508) to work on /home/airflow/.local/lib/python3.12/site-packages/airflow/example_dags/tutorial.py
[2024-05-24T00:18:12.476+0000] {processor.py:830} INFO - Processing file /home/airflow/.local/lib/python3.12/site-packages/airflow/example_dags/tutorial.py for tasks to queue
[2024-05-24T00:18:12.477+0000] {logging_mixin.py:188} INFO - [2024-05-24T00:18:12.477+0000] {dagbag.py:545} INFO - Filling up the DagBag from /home/airflow/.local/lib/python3.12/site-packages/airflow/example_dags/tutorial.py
[2024-05-24T00:18:12.480+0000] {processor.py:840} INFO - DAG(s) 'tutorial' retrieved from /home/airflow/.local/lib/python3.12/site-packages/airflow/example_dags/tutorial.py
[2024-05-24T00:18:12.491+0000] {logging_mixin.py:188} INFO - [2024-05-24T00:18:12.491+0000] {dag.py:3096} INFO - Sync 1 DAGs
[2024-05-24T00:18:12.504+0000] {logging_mixin.py:188} INFO - [2024-05-24T00:18:12.504+0000] {dag.py:3954} INFO - Setting next_dagrun for tutorial to 2024-05-23 00:00:00+00:00, run_after=2024-05-24 00:00:00+00:00
[2024-05-24T00:18:12.515+0000] {processor.py:183} INFO - Processing /home/airflow/.local/lib/python3.12/site-packages/airflow/example_dags/tutorial.py took 0.043 seconds
[2024-05-24T00:18:43.150+0000] {processor.py:161} INFO - Started process (PID=574) to work on /home/airflow/.local/lib/python3.12/site-packages/airflow/example_dags/tutorial.py
[2024-05-24T00:18:43.151+0000] {processor.py:830} INFO - Processing file /home/airflow/.local/lib/python3.12/site-packages/airflow/example_dags/tutorial.py for tasks to queue
[2024-05-24T00:18:43.151+0000] {logging_mixin.py:188} INFO - [2024-05-24T00:18:43.151+0000] {dagbag.py:545} INFO - Filling up the DagBag from /home/airflow/.local/lib/python3.12/site-packages/airflow/example_dags/tutorial.py
[2024-05-24T00:18:43.154+0000] {processor.py:840} INFO - DAG(s) 'tutorial' retrieved from /home/airflow/.local/lib/python3.12/site-packages/airflow/example_dags/tutorial.py
[2024-05-24T00:18:43.164+0000] {logging_mixin.py:188} INFO - [2024-05-24T00:18:43.164+0000] {dag.py:3096} INFO - Sync 1 DAGs
[2024-05-24T00:18:43.176+0000] {logging_mixin.py:188} INFO - [2024-05-24T00:18:43.175+0000] {dag.py:3954} INFO - Setting next_dagrun for tutorial to 2024-05-23 00:00:00+00:00, run_after=2024-05-24 00:00:00+00:00
[2024-05-24T00:18:43.187+0000] {processor.py:183} INFO - Processing /home/airflow/.local/lib/python3.12/site-packages/airflow/example_dags/tutorial.py took 0.040 seconds
[2024-05-24T00:19:13.910+0000] {processor.py:161} INFO - Started process (PID=634) to work on /home/airflow/.local/lib/python3.12/site-packages/airflow/example_dags/tutorial.py
[2024-05-24T00:19:13.910+0000] {processor.py:830} INFO - Processing file /home/airflow/.local/lib/python3.12/site-packages/airflow/example_dags/tutorial.py for tasks to queue
[2024-05-24T00:19:13.911+0000] {logging_mixin.py:188} INFO - [2024-05-24T00:19:13.911+0000] {dagbag.py:545} INFO - Filling up the DagBag from /home/airflow/.local/lib/python3.12/site-packages/airflow/example_dags/tutorial.py
[2024-05-24T00:19:13.913+0000] {processor.py:840} INFO - DAG(s) 'tutorial' retrieved from /home/airflow/.local/lib/python3.12/site-packages/airflow/example_dags/tutorial.py
[2024-05-24T00:19:13.923+0000] {logging_mixin.py:188} INFO - [2024-05-24T00:19:13.922+0000] {dag.py:3096} INFO - Sync 1 DAGs
[2024-05-24T00:19:13.931+0000] {logging_mixin.py:188} INFO - [2024-05-24T00:19:13.931+0000] {dag.py:3954} INFO - Setting next_dagrun for tutorial to 2024-05-23 00:00:00+00:00, run_after=2024-05-24 00:00:00+00:00
[2024-05-24T00:19:13.938+0000] {processor.py:183} INFO - Processing /home/airflow/.local/lib/python3.12/site-packages/airflow/example_dags/tutorial.py took 0.032 seconds
[2024-05-24T00:19:44.644+0000] {processor.py:161} INFO - Started process (PID=694) to work on /home/airflow/.local/lib/python3.12/site-packages/airflow/example_dags/tutorial.py
[2024-05-24T00:19:44.645+0000] {processor.py:830} INFO - Processing file /home/airflow/.local/lib/python3.12/site-packages/airflow/example_dags/tutorial.py for tasks to queue
[2024-05-24T00:19:44.645+0000] {logging_mixin.py:188} INFO - [2024-05-24T00:19:44.645+0000] {dagbag.py:545} INFO - Filling up the DagBag from /home/airflow/.local/lib/python3.12/site-packages/airflow/example_dags/tutorial.py
[2024-05-24T00:19:44.648+0000] {processor.py:840} INFO - DAG(s) 'tutorial' retrieved from /home/airflow/.local/lib/python3.12/site-packages/airflow/example_dags/tutorial.py
[2024-05-24T00:19:44.659+0000] {logging_mixin.py:188} INFO - [2024-05-24T00:19:44.659+0000] {dag.py:3096} INFO - Sync 1 DAGs
[2024-05-24T00:19:44.673+0000] {logging_mixin.py:188} INFO - [2024-05-24T00:19:44.673+0000] {dag.py:3954} INFO - Setting next_dagrun for tutorial to 2024-05-23 00:00:00+00:00, run_after=2024-05-24 00:00:00+00:00
[2024-05-24T00:19:44.683+0000] {processor.py:183} INFO - Processing /home/airflow/.local/lib/python3.12/site-packages/airflow/example_dags/tutorial.py took 0.041 seconds
[2024-05-24T00:20:15.281+0000] {processor.py:161} INFO - Started process (PID=753) to work on /home/airflow/.local/lib/python3.12/site-packages/airflow/example_dags/tutorial.py
[2024-05-24T00:20:15.281+0000] {processor.py:830} INFO - Processing file /home/airflow/.local/lib/python3.12/site-packages/airflow/example_dags/tutorial.py for tasks to queue
[2024-05-24T00:20:15.282+0000] {logging_mixin.py:188} INFO - [2024-05-24T00:20:15.282+0000] {dagbag.py:545} INFO - Filling up the DagBag from /home/airflow/.local/lib/python3.12/site-packages/airflow/example_dags/tutorial.py
[2024-05-24T00:20:15.284+0000] {processor.py:840} INFO - DAG(s) 'tutorial' retrieved from /home/airflow/.local/lib/python3.12/site-packages/airflow/example_dags/tutorial.py
[2024-05-24T00:20:15.297+0000] {logging_mixin.py:188} INFO - [2024-05-24T00:20:15.296+0000] {dag.py:3096} INFO - Sync 1 DAGs
[2024-05-24T00:20:15.307+0000] {logging_mixin.py:188} INFO - [2024-05-24T00:20:15.307+0000] {dag.py:3954} INFO - Setting next_dagrun for tutorial to 2024-05-23 00:00:00+00:00, run_after=2024-05-24 00:00:00+00:00
[2024-05-24T00:20:15.318+0000] {processor.py:183} INFO - Processing /home/airflow/.local/lib/python3.12/site-packages/airflow/example_dags/tutorial.py took 0.041 seconds
[2024-05-24T00:20:45.990+0000] {processor.py:161} INFO - Started process (PID=813) to work on /home/airflow/.local/lib/python3.12/site-packages/airflow/example_dags/tutorial.py
[2024-05-24T00:20:45.990+0000] {processor.py:830} INFO - Processing file /home/airflow/.local/lib/python3.12/site-packages/airflow/example_dags/tutorial.py for tasks to queue
[2024-05-24T00:20:45.991+0000] {logging_mixin.py:188} INFO - [2024-05-24T00:20:45.991+0000] {dagbag.py:545} INFO - Filling up the DagBag from /home/airflow/.local/lib/python3.12/site-packages/airflow/example_dags/tutorial.py
[2024-05-24T00:20:45.993+0000] {processor.py:840} INFO - DAG(s) 'tutorial' retrieved from /home/airflow/.local/lib/python3.12/site-packages/airflow/example_dags/tutorial.py
[2024-05-24T00:20:46.005+0000] {logging_mixin.py:188} INFO - [2024-05-24T00:20:46.005+0000] {dag.py:3096} INFO - Sync 1 DAGs
[2024-05-24T00:20:46.018+0000] {logging_mixin.py:188} INFO - [2024-05-24T00:20:46.018+0000] {dag.py:3954} INFO - Setting next_dagrun for tutorial to 2024-05-23 00:00:00+00:00, run_after=2024-05-24 00:00:00+00:00
[2024-05-24T00:20:46.029+0000] {processor.py:183} INFO - Processing /home/airflow/.local/lib/python3.12/site-packages/airflow/example_dags/tutorial.py took 0.042 seconds
[2024-05-24T00:21:16.637+0000] {processor.py:161} INFO - Started process (PID=890) to work on /home/airflow/.local/lib/python3.12/site-packages/airflow/example_dags/tutorial.py
[2024-05-24T00:21:16.637+0000] {processor.py:830} INFO - Processing file /home/airflow/.local/lib/python3.12/site-packages/airflow/example_dags/tutorial.py for tasks to queue
[2024-05-24T00:21:16.638+0000] {logging_mixin.py:188} INFO - [2024-05-24T00:21:16.638+0000] {dagbag.py:545} INFO - Filling up the DagBag from /home/airflow/.local/lib/python3.12/site-packages/airflow/example_dags/tutorial.py
[2024-05-24T00:21:16.640+0000] {processor.py:840} INFO - DAG(s) 'tutorial' retrieved from /home/airflow/.local/lib/python3.12/site-packages/airflow/example_dags/tutorial.py
[2024-05-24T00:21:16.652+0000] {logging_mixin.py:188} INFO - [2024-05-24T00:21:16.652+0000] {dag.py:3096} INFO - Sync 1 DAGs
[2024-05-24T00:21:16.667+0000] {logging_mixin.py:188} INFO - [2024-05-24T00:21:16.667+0000] {dag.py:3954} INFO - Setting next_dagrun for tutorial to 2024-05-23 00:00:00+00:00, run_after=2024-05-24 00:00:00+00:00
[2024-05-24T00:21:16.675+0000] {processor.py:183} INFO - Processing /home/airflow/.local/lib/python3.12/site-packages/airflow/example_dags/tutorial.py took 0.040 seconds
[2024-05-24T00:21:47.341+0000] {processor.py:161} INFO - Started process (PID=968) to work on /home/airflow/.local/lib/python3.12/site-packages/airflow/example_dags/tutorial.py
[2024-05-24T00:21:47.342+0000] {processor.py:830} INFO - Processing file /home/airflow/.local/lib/python3.12/site-packages/airflow/example_dags/tutorial.py for tasks to queue
[2024-05-24T00:21:47.343+0000] {logging_mixin.py:188} INFO - [2024-05-24T00:21:47.342+0000] {dagbag.py:545} INFO - Filling up the DagBag from /home/airflow/.local/lib/python3.12/site-packages/airflow/example_dags/tutorial.py
[2024-05-24T00:21:47.346+0000] {processor.py:840} INFO - DAG(s) 'tutorial' retrieved from /home/airflow/.local/lib/python3.12/site-packages/airflow/example_dags/tutorial.py
[2024-05-24T00:21:47.364+0000] {logging_mixin.py:188} INFO - [2024-05-24T00:21:47.363+0000] {dag.py:3096} INFO - Sync 1 DAGs
[2024-05-24T00:21:47.389+0000] {logging_mixin.py:188} INFO - [2024-05-24T00:21:47.389+0000] {dag.py:3954} INFO - Setting next_dagrun for tutorial to 2024-05-23 00:00:00+00:00, run_after=2024-05-24 00:00:00+00:00
[2024-05-24T00:21:47.400+0000] {processor.py:183} INFO - Processing /home/airflow/.local/lib/python3.12/site-packages/airflow/example_dags/tutorial.py took 0.062 seconds
[2024-05-24T00:22:18.166+0000] {processor.py:161} INFO - Started process (PID=1028) to work on /home/airflow/.local/lib/python3.12/site-packages/airflow/example_dags/tutorial.py
[2024-05-24T00:22:18.166+0000] {processor.py:830} INFO - Processing file /home/airflow/.local/lib/python3.12/site-packages/airflow/example_dags/tutorial.py for tasks to queue
[2024-05-24T00:22:18.167+0000] {logging_mixin.py:188} INFO - [2024-05-24T00:22:18.167+0000] {dagbag.py:545} INFO - Filling up the DagBag from /home/airflow/.local/lib/python3.12/site-packages/airflow/example_dags/tutorial.py
[2024-05-24T00:22:18.169+0000] {processor.py:840} INFO - DAG(s) 'tutorial' retrieved from /home/airflow/.local/lib/python3.12/site-packages/airflow/example_dags/tutorial.py
[2024-05-24T00:22:18.180+0000] {logging_mixin.py:188} INFO - [2024-05-24T00:22:18.180+0000] {dag.py:3096} INFO - Sync 1 DAGs
[2024-05-24T00:22:18.194+0000] {logging_mixin.py:188} INFO - [2024-05-24T00:22:18.193+0000] {dag.py:3954} INFO - Setting next_dagrun for tutorial to 2024-05-23 00:00:00+00:00, run_after=2024-05-24 00:00:00+00:00
[2024-05-24T00:22:18.205+0000] {processor.py:183} INFO - Processing /home/airflow/.local/lib/python3.12/site-packages/airflow/example_dags/tutorial.py took 0.041 seconds
[2024-05-24T00:22:49.227+0000] {processor.py:161} INFO - Started process (PID=1106) to work on /home/airflow/.local/lib/python3.12/site-packages/airflow/example_dags/tutorial.py
[2024-05-24T00:22:49.227+0000] {processor.py:830} INFO - Processing file /home/airflow/.local/lib/python3.12/site-packages/airflow/example_dags/tutorial.py for tasks to queue
[2024-05-24T00:22:49.228+0000] {logging_mixin.py:188} INFO - [2024-05-24T00:22:49.228+0000] {dagbag.py:545} INFO - Filling up the DagBag from /home/airflow/.local/lib/python3.12/site-packages/airflow/example_dags/tutorial.py
[2024-05-24T00:22:49.230+0000] {processor.py:840} INFO - DAG(s) 'tutorial' retrieved from /home/airflow/.local/lib/python3.12/site-packages/airflow/example_dags/tutorial.py
[2024-05-24T00:22:49.241+0000] {logging_mixin.py:188} INFO - [2024-05-24T00:22:49.241+0000] {dag.py:3096} INFO - Sync 1 DAGs
[2024-05-24T00:22:49.256+0000] {logging_mixin.py:188} INFO - [2024-05-24T00:22:49.256+0000] {dag.py:3954} INFO - Setting next_dagrun for tutorial to 2024-05-23 00:00:00+00:00, run_after=2024-05-24 00:00:00+00:00
[2024-05-24T00:22:49.266+0000] {processor.py:183} INFO - Processing /home/airflow/.local/lib/python3.12/site-packages/airflow/example_dags/tutorial.py took 0.042 seconds
[2024-05-24T00:23:20.105+0000] {processor.py:161} INFO - Started process (PID=1166) to work on /home/airflow/.local/lib/python3.12/site-packages/airflow/example_dags/tutorial.py
[2024-05-24T00:23:20.105+0000] {processor.py:830} INFO - Processing file /home/airflow/.local/lib/python3.12/site-packages/airflow/example_dags/tutorial.py for tasks to queue
[2024-05-24T00:23:20.106+0000] {logging_mixin.py:188} INFO - [2024-05-24T00:23:20.106+0000] {dagbag.py:545} INFO - Filling up the DagBag from /home/airflow/.local/lib/python3.12/site-packages/airflow/example_dags/tutorial.py
[2024-05-24T00:23:20.109+0000] {processor.py:840} INFO - DAG(s) 'tutorial' retrieved from /home/airflow/.local/lib/python3.12/site-packages/airflow/example_dags/tutorial.py
[2024-05-24T00:23:20.120+0000] {logging_mixin.py:188} INFO - [2024-05-24T00:23:20.120+0000] {dag.py:3096} INFO - Sync 1 DAGs
[2024-05-24T00:23:20.134+0000] {logging_mixin.py:188} INFO - [2024-05-24T00:23:20.134+0000] {dag.py:3954} INFO - Setting next_dagrun for tutorial to 2024-05-23 00:00:00+00:00, run_after=2024-05-24 00:00:00+00:00
[2024-05-24T00:23:20.141+0000] {processor.py:183} INFO - Processing /home/airflow/.local/lib/python3.12/site-packages/airflow/example_dags/tutorial.py took 0.039 seconds
[2024-05-24T00:23:50.725+0000] {processor.py:161} INFO - Started process (PID=1226) to work on /home/airflow/.local/lib/python3.12/site-packages/airflow/example_dags/tutorial.py
[2024-05-24T00:23:50.726+0000] {processor.py:830} INFO - Processing file /home/airflow/.local/lib/python3.12/site-packages/airflow/example_dags/tutorial.py for tasks to queue
[2024-05-24T00:23:50.727+0000] {logging_mixin.py:188} INFO - [2024-05-24T00:23:50.726+0000] {dagbag.py:545} INFO - Filling up the DagBag from /home/airflow/.local/lib/python3.12/site-packages/airflow/example_dags/tutorial.py
[2024-05-24T00:23:50.730+0000] {processor.py:840} INFO - DAG(s) 'tutorial' retrieved from /home/airflow/.local/lib/python3.12/site-packages/airflow/example_dags/tutorial.py
[2024-05-24T00:23:50.742+0000] {logging_mixin.py:188} INFO - [2024-05-24T00:23:50.742+0000] {dag.py:3096} INFO - Sync 1 DAGs
[2024-05-24T00:23:50.755+0000] {logging_mixin.py:188} INFO - [2024-05-24T00:23:50.755+0000] {dag.py:3954} INFO - Setting next_dagrun for tutorial to 2024-05-23 00:00:00+00:00, run_after=2024-05-24 00:00:00+00:00
[2024-05-24T00:23:50.765+0000] {processor.py:183} INFO - Processing /home/airflow/.local/lib/python3.12/site-packages/airflow/example_dags/tutorial.py took 0.043 seconds
[2024-05-24T00:24:21.518+0000] {processor.py:161} INFO - Started process (PID=1286) to work on /home/airflow/.local/lib/python3.12/site-packages/airflow/example_dags/tutorial.py
[2024-05-24T00:24:21.519+0000] {processor.py:830} INFO - Processing file /home/airflow/.local/lib/python3.12/site-packages/airflow/example_dags/tutorial.py for tasks to queue
[2024-05-24T00:24:21.520+0000] {logging_mixin.py:188} INFO - [2024-05-24T00:24:21.520+0000] {dagbag.py:545} INFO - Filling up the DagBag from /home/airflow/.local/lib/python3.12/site-packages/airflow/example_dags/tutorial.py
[2024-05-24T00:24:21.522+0000] {processor.py:840} INFO - DAG(s) 'tutorial' retrieved from /home/airflow/.local/lib/python3.12/site-packages/airflow/example_dags/tutorial.py
[2024-05-24T00:24:21.533+0000] {logging_mixin.py:188} INFO - [2024-05-24T00:24:21.533+0000] {dag.py:3096} INFO - Sync 1 DAGs
[2024-05-24T00:24:21.546+0000] {logging_mixin.py:188} INFO - [2024-05-24T00:24:21.546+0000] {dag.py:3954} INFO - Setting next_dagrun for tutorial to 2024-05-23 00:00:00+00:00, run_after=2024-05-24 00:00:00+00:00
[2024-05-24T00:24:21.558+0000] {processor.py:183} INFO - Processing /home/airflow/.local/lib/python3.12/site-packages/airflow/example_dags/tutorial.py took 0.043 seconds
[2024-05-24T00:24:52.327+0000] {processor.py:161} INFO - Started process (PID=1346) to work on /home/airflow/.local/lib/python3.12/site-packages/airflow/example_dags/tutorial.py
[2024-05-24T00:24:52.327+0000] {processor.py:830} INFO - Processing file /home/airflow/.local/lib/python3.12/site-packages/airflow/example_dags/tutorial.py for tasks to queue
[2024-05-24T00:24:52.328+0000] {logging_mixin.py:188} INFO - [2024-05-24T00:24:52.328+0000] {dagbag.py:545} INFO - Filling up the DagBag from /home/airflow/.local/lib/python3.12/site-packages/airflow/example_dags/tutorial.py
[2024-05-24T00:24:52.332+0000] {processor.py:840} INFO - DAG(s) 'tutorial' retrieved from /home/airflow/.local/lib/python3.12/site-packages/airflow/example_dags/tutorial.py
[2024-05-24T00:24:52.344+0000] {logging_mixin.py:188} INFO - [2024-05-24T00:24:52.344+0000] {dag.py:3096} INFO - Sync 1 DAGs
[2024-05-24T00:24:52.355+0000] {logging_mixin.py:188} INFO - [2024-05-24T00:24:52.354+0000] {dag.py:3954} INFO - Setting next_dagrun for tutorial to 2024-05-23 00:00:00+00:00, run_after=2024-05-24 00:00:00+00:00
[2024-05-24T00:24:52.365+0000] {processor.py:183} INFO - Processing /home/airflow/.local/lib/python3.12/site-packages/airflow/example_dags/tutorial.py took 0.042 seconds
[2024-05-24T00:25:23.009+0000] {processor.py:161} INFO - Started process (PID=1406) to work on /home/airflow/.local/lib/python3.12/site-packages/airflow/example_dags/tutorial.py
[2024-05-24T00:25:23.010+0000] {processor.py:830} INFO - Processing file /home/airflow/.local/lib/python3.12/site-packages/airflow/example_dags/tutorial.py for tasks to queue
[2024-05-24T00:25:23.010+0000] {logging_mixin.py:188} INFO - [2024-05-24T00:25:23.010+0000] {dagbag.py:545} INFO - Filling up the DagBag from /home/airflow/.local/lib/python3.12/site-packages/airflow/example_dags/tutorial.py
[2024-05-24T00:25:23.013+0000] {processor.py:840} INFO - DAG(s) 'tutorial' retrieved from /home/airflow/.local/lib/python3.12/site-packages/airflow/example_dags/tutorial.py
[2024-05-24T00:25:23.023+0000] {logging_mixin.py:188} INFO - [2024-05-24T00:25:23.023+0000] {dag.py:3096} INFO - Sync 1 DAGs
[2024-05-24T00:25:23.035+0000] {logging_mixin.py:188} INFO - [2024-05-24T00:25:23.035+0000] {dag.py:3954} INFO - Setting next_dagrun for tutorial to 2024-05-23 00:00:00+00:00, run_after=2024-05-24 00:00:00+00:00
[2024-05-24T00:25:23.046+0000] {processor.py:183} INFO - Processing /home/airflow/.local/lib/python3.12/site-packages/airflow/example_dags/tutorial.py took 0.039 seconds
[2024-05-24T00:25:53.637+0000] {processor.py:161} INFO - Started process (PID=1466) to work on /home/airflow/.local/lib/python3.12/site-packages/airflow/example_dags/tutorial.py
[2024-05-24T00:25:53.637+0000] {processor.py:830} INFO - Processing file /home/airflow/.local/lib/python3.12/site-packages/airflow/example_dags/tutorial.py for tasks to queue
[2024-05-24T00:25:53.638+0000] {logging_mixin.py:188} INFO - [2024-05-24T00:25:53.638+0000] {dagbag.py:545} INFO - Filling up the DagBag from /home/airflow/.local/lib/python3.12/site-packages/airflow/example_dags/tutorial.py
[2024-05-24T00:25:53.642+0000] {processor.py:840} INFO - DAG(s) 'tutorial' retrieved from /home/airflow/.local/lib/python3.12/site-packages/airflow/example_dags/tutorial.py
[2024-05-24T00:25:53.654+0000] {logging_mixin.py:188} INFO - [2024-05-24T00:25:53.653+0000] {dag.py:3096} INFO - Sync 1 DAGs
[2024-05-24T00:25:53.667+0000] {logging_mixin.py:188} INFO - [2024-05-24T00:25:53.667+0000] {dag.py:3954} INFO - Setting next_dagrun for tutorial to 2024-05-23 00:00:00+00:00, run_after=2024-05-24 00:00:00+00:00
[2024-05-24T00:25:53.677+0000] {processor.py:183} INFO - Processing /home/airflow/.local/lib/python3.12/site-packages/airflow/example_dags/tutorial.py took 0.044 seconds
[2024-05-24T00:26:24.353+0000] {processor.py:161} INFO - Started process (PID=1526) to work on /home/airflow/.local/lib/python3.12/site-packages/airflow/example_dags/tutorial.py
[2024-05-24T00:26:24.353+0000] {processor.py:830} INFO - Processing file /home/airflow/.local/lib/python3.12/site-packages/airflow/example_dags/tutorial.py for tasks to queue
[2024-05-24T00:26:24.354+0000] {logging_mixin.py:188} INFO - [2024-05-24T00:26:24.354+0000] {dagbag.py:545} INFO - Filling up the DagBag from /home/airflow/.local/lib/python3.12/site-packages/airflow/example_dags/tutorial.py
[2024-05-24T00:26:24.357+0000] {processor.py:840} INFO - DAG(s) 'tutorial' retrieved from /home/airflow/.local/lib/python3.12/site-packages/airflow/example_dags/tutorial.py
[2024-05-24T00:26:24.368+0000] {logging_mixin.py:188} INFO - [2024-05-24T00:26:24.368+0000] {dag.py:3096} INFO - Sync 1 DAGs
[2024-05-24T00:26:24.381+0000] {logging_mixin.py:188} INFO - [2024-05-24T00:26:24.381+0000] {dag.py:3954} INFO - Setting next_dagrun for tutorial to 2024-05-23 00:00:00+00:00, run_after=2024-05-24 00:00:00+00:00
[2024-05-24T00:26:24.391+0000] {processor.py:183} INFO - Processing /home/airflow/.local/lib/python3.12/site-packages/airflow/example_dags/tutorial.py took 0.042 seconds
[2024-05-24T00:26:55.129+0000] {processor.py:161} INFO - Started process (PID=1587) to work on /home/airflow/.local/lib/python3.12/site-packages/airflow/example_dags/tutorial.py
[2024-05-24T00:26:55.129+0000] {processor.py:830} INFO - Processing file /home/airflow/.local/lib/python3.12/site-packages/airflow/example_dags/tutorial.py for tasks to queue
[2024-05-24T00:26:55.130+0000] {logging_mixin.py:188} INFO - [2024-05-24T00:26:55.130+0000] {dagbag.py:545} INFO - Filling up the DagBag from /home/airflow/.local/lib/python3.12/site-packages/airflow/example_dags/tutorial.py
[2024-05-24T00:26:55.132+0000] {processor.py:840} INFO - DAG(s) 'tutorial' retrieved from /home/airflow/.local/lib/python3.12/site-packages/airflow/example_dags/tutorial.py
[2024-05-24T00:26:55.140+0000] {logging_mixin.py:188} INFO - [2024-05-24T00:26:55.140+0000] {dag.py:3096} INFO - Sync 1 DAGs
[2024-05-24T00:26:55.148+0000] {logging_mixin.py:188} INFO - [2024-05-24T00:26:55.148+0000] {dag.py:3954} INFO - Setting next_dagrun for tutorial to 2024-05-23 00:00:00+00:00, run_after=2024-05-24 00:00:00+00:00
[2024-05-24T00:26:55.155+0000] {processor.py:183} INFO - Processing /home/airflow/.local/lib/python3.12/site-packages/airflow/example_dags/tutorial.py took 0.028 seconds
[2024-05-24T00:27:25.844+0000] {processor.py:161} INFO - Started process (PID=1647) to work on /home/airflow/.local/lib/python3.12/site-packages/airflow/example_dags/tutorial.py
[2024-05-24T00:27:25.844+0000] {processor.py:830} INFO - Processing file /home/airflow/.local/lib/python3.12/site-packages/airflow/example_dags/tutorial.py for tasks to queue
[2024-05-24T00:27:25.845+0000] {logging_mixin.py:188} INFO - [2024-05-24T00:27:25.845+0000] {dagbag.py:545} INFO - Filling up the DagBag from /home/airflow/.local/lib/python3.12/site-packages/airflow/example_dags/tutorial.py
[2024-05-24T00:27:25.847+0000] {processor.py:840} INFO - DAG(s) 'tutorial' retrieved from /home/airflow/.local/lib/python3.12/site-packages/airflow/example_dags/tutorial.py
[2024-05-24T00:27:25.856+0000] {logging_mixin.py:188} INFO - [2024-05-24T00:27:25.856+0000] {dag.py:3096} INFO - Sync 1 DAGs
[2024-05-24T00:27:25.864+0000] {logging_mixin.py:188} INFO - [2024-05-24T00:27:25.864+0000] {dag.py:3954} INFO - Setting next_dagrun for tutorial to 2024-05-23 00:00:00+00:00, run_after=2024-05-24 00:00:00+00:00
[2024-05-24T00:27:25.872+0000] {processor.py:183} INFO - Processing /home/airflow/.local/lib/python3.12/site-packages/airflow/example_dags/tutorial.py took 0.031 seconds
[2024-05-24T00:27:56.657+0000] {processor.py:161} INFO - Started process (PID=1707) to work on /home/airflow/.local/lib/python3.12/site-packages/airflow/example_dags/tutorial.py
[2024-05-24T00:27:56.658+0000] {processor.py:830} INFO - Processing file /home/airflow/.local/lib/python3.12/site-packages/airflow/example_dags/tutorial.py for tasks to queue
[2024-05-24T00:27:56.658+0000] {logging_mixin.py:188} INFO - [2024-05-24T00:27:56.658+0000] {dagbag.py:545} INFO - Filling up the DagBag from /home/airflow/.local/lib/python3.12/site-packages/airflow/example_dags/tutorial.py
[2024-05-24T00:27:56.661+0000] {processor.py:840} INFO - DAG(s) 'tutorial' retrieved from /home/airflow/.local/lib/python3.12/site-packages/airflow/example_dags/tutorial.py
[2024-05-24T00:27:56.671+0000] {logging_mixin.py:188} INFO - [2024-05-24T00:27:56.671+0000] {dag.py:3096} INFO - Sync 1 DAGs
[2024-05-24T00:27:56.685+0000] {logging_mixin.py:188} INFO - [2024-05-24T00:27:56.684+0000] {dag.py:3954} INFO - Setting next_dagrun for tutorial to 2024-05-23 00:00:00+00:00, run_after=2024-05-24 00:00:00+00:00
[2024-05-24T00:27:56.691+0000] {processor.py:183} INFO - Processing /home/airflow/.local/lib/python3.12/site-packages/airflow/example_dags/tutorial.py took 0.037 seconds
[2024-05-24T00:28:27.494+0000] {processor.py:161} INFO - Started process (PID=1767) to work on /home/airflow/.local/lib/python3.12/site-packages/airflow/example_dags/tutorial.py
[2024-05-24T00:28:27.494+0000] {processor.py:830} INFO - Processing file /home/airflow/.local/lib/python3.12/site-packages/airflow/example_dags/tutorial.py for tasks to queue
[2024-05-24T00:28:27.495+0000] {logging_mixin.py:188} INFO - [2024-05-24T00:28:27.495+0000] {dagbag.py:545} INFO - Filling up the DagBag from /home/airflow/.local/lib/python3.12/site-packages/airflow/example_dags/tutorial.py
[2024-05-24T00:28:27.497+0000] {processor.py:840} INFO - DAG(s) 'tutorial' retrieved from /home/airflow/.local/lib/python3.12/site-packages/airflow/example_dags/tutorial.py
[2024-05-24T00:28:27.507+0000] {logging_mixin.py:188} INFO - [2024-05-24T00:28:27.507+0000] {dag.py:3096} INFO - Sync 1 DAGs
[2024-05-24T00:28:27.519+0000] {logging_mixin.py:188} INFO - [2024-05-24T00:28:27.519+0000] {dag.py:3954} INFO - Setting next_dagrun for tutorial to 2024-05-23 00:00:00+00:00, run_after=2024-05-24 00:00:00+00:00
[2024-05-24T00:28:27.531+0000] {processor.py:183} INFO - Processing /home/airflow/.local/lib/python3.12/site-packages/airflow/example_dags/tutorial.py took 0.040 seconds
[2024-05-24T00:28:58.331+0000] {processor.py:161} INFO - Started process (PID=1827) to work on /home/airflow/.local/lib/python3.12/site-packages/airflow/example_dags/tutorial.py
[2024-05-24T00:28:58.331+0000] {processor.py:830} INFO - Processing file /home/airflow/.local/lib/python3.12/site-packages/airflow/example_dags/tutorial.py for tasks to queue
[2024-05-24T00:28:58.332+0000] {logging_mixin.py:188} INFO - [2024-05-24T00:28:58.332+0000] {dagbag.py:545} INFO - Filling up the DagBag from /home/airflow/.local/lib/python3.12/site-packages/airflow/example_dags/tutorial.py
[2024-05-24T00:28:58.334+0000] {processor.py:840} INFO - DAG(s) 'tutorial' retrieved from /home/airflow/.local/lib/python3.12/site-packages/airflow/example_dags/tutorial.py
[2024-05-24T00:28:58.346+0000] {logging_mixin.py:188} INFO - [2024-05-24T00:28:58.346+0000] {dag.py:3096} INFO - Sync 1 DAGs
[2024-05-24T00:28:58.358+0000] {logging_mixin.py:188} INFO - [2024-05-24T00:28:58.358+0000] {dag.py:3954} INFO - Setting next_dagrun for tutorial to 2024-05-23 00:00:00+00:00, run_after=2024-05-24 00:00:00+00:00
[2024-05-24T00:28:58.369+0000] {processor.py:183} INFO - Processing /home/airflow/.local/lib/python3.12/site-packages/airflow/example_dags/tutorial.py took 0.041 seconds
[2024-05-24T00:29:29.273+0000] {processor.py:161} INFO - Started process (PID=1887) to work on /home/airflow/.local/lib/python3.12/site-packages/airflow/example_dags/tutorial.py
[2024-05-24T00:29:29.274+0000] {processor.py:830} INFO - Processing file /home/airflow/.local/lib/python3.12/site-packages/airflow/example_dags/tutorial.py for tasks to queue
[2024-05-24T00:29:29.274+0000] {logging_mixin.py:188} INFO - [2024-05-24T00:29:29.274+0000] {dagbag.py:545} INFO - Filling up the DagBag from /home/airflow/.local/lib/python3.12/site-packages/airflow/example_dags/tutorial.py
[2024-05-24T00:29:29.277+0000] {processor.py:840} INFO - DAG(s) 'tutorial' retrieved from /home/airflow/.local/lib/python3.12/site-packages/airflow/example_dags/tutorial.py
[2024-05-24T00:29:29.288+0000] {logging_mixin.py:188} INFO - [2024-05-24T00:29:29.288+0000] {dag.py:3096} INFO - Sync 1 DAGs
[2024-05-24T00:29:29.302+0000] {logging_mixin.py:188} INFO - [2024-05-24T00:29:29.302+0000] {dag.py:3954} INFO - Setting next_dagrun for tutorial to 2024-05-23 00:00:00+00:00, run_after=2024-05-24 00:00:00+00:00
[2024-05-24T00:29:29.312+0000] {processor.py:183} INFO - Processing /home/airflow/.local/lib/python3.12/site-packages/airflow/example_dags/tutorial.py took 0.041 seconds
[2024-05-24T00:29:59.391+0000] {processor.py:161} INFO - Started process (PID=1947) to work on /home/airflow/.local/lib/python3.12/site-packages/airflow/example_dags/tutorial.py
[2024-05-24T00:29:59.392+0000] {processor.py:830} INFO - Processing file /home/airflow/.local/lib/python3.12/site-packages/airflow/example_dags/tutorial.py for tasks to queue
[2024-05-24T00:29:59.393+0000] {logging_mixin.py:188} INFO - [2024-05-24T00:29:59.392+0000] {dagbag.py:545} INFO - Filling up the DagBag from /home/airflow/.local/lib/python3.12/site-packages/airflow/example_dags/tutorial.py
[2024-05-24T00:29:59.395+0000] {processor.py:840} INFO - DAG(s) 'tutorial' retrieved from /home/airflow/.local/lib/python3.12/site-packages/airflow/example_dags/tutorial.py
[2024-05-24T00:29:59.406+0000] {logging_mixin.py:188} INFO - [2024-05-24T00:29:59.406+0000] {dag.py:3096} INFO - Sync 1 DAGs
[2024-05-24T00:29:59.419+0000] {logging_mixin.py:188} INFO - [2024-05-24T00:29:59.419+0000] {dag.py:3954} INFO - Setting next_dagrun for tutorial to 2024-05-23 00:00:00+00:00, run_after=2024-05-24 00:00:00+00:00
[2024-05-24T00:29:59.426+0000] {processor.py:183} INFO - Processing /home/airflow/.local/lib/python3.12/site-packages/airflow/example_dags/tutorial.py took 0.038 seconds
[2024-05-24T00:30:30.318+0000] {processor.py:161} INFO - Started process (PID=2007) to work on /home/airflow/.local/lib/python3.12/site-packages/airflow/example_dags/tutorial.py
[2024-05-24T00:30:30.319+0000] {processor.py:830} INFO - Processing file /home/airflow/.local/lib/python3.12/site-packages/airflow/example_dags/tutorial.py for tasks to queue
[2024-05-24T00:30:30.319+0000] {logging_mixin.py:188} INFO - [2024-05-24T00:30:30.319+0000] {dagbag.py:545} INFO - Filling up the DagBag from /home/airflow/.local/lib/python3.12/site-packages/airflow/example_dags/tutorial.py
[2024-05-24T00:30:30.322+0000] {processor.py:840} INFO - DAG(s) 'tutorial' retrieved from /home/airflow/.local/lib/python3.12/site-packages/airflow/example_dags/tutorial.py
[2024-05-24T00:30:30.330+0000] {logging_mixin.py:188} INFO - [2024-05-24T00:30:30.329+0000] {dag.py:3096} INFO - Sync 1 DAGs
[2024-05-24T00:30:30.338+0000] {logging_mixin.py:188} INFO - [2024-05-24T00:30:30.338+0000] {dag.py:3954} INFO - Setting next_dagrun for tutorial to 2024-05-23 00:00:00+00:00, run_after=2024-05-24 00:00:00+00:00
[2024-05-24T00:30:30.345+0000] {processor.py:183} INFO - Processing /home/airflow/.local/lib/python3.12/site-packages/airflow/example_dags/tutorial.py took 0.029 seconds
[2024-05-24T00:31:01.078+0000] {processor.py:161} INFO - Started process (PID=2067) to work on /home/airflow/.local/lib/python3.12/site-packages/airflow/example_dags/tutorial.py
[2024-05-24T00:31:01.078+0000] {processor.py:830} INFO - Processing file /home/airflow/.local/lib/python3.12/site-packages/airflow/example_dags/tutorial.py for tasks to queue
[2024-05-24T00:31:01.079+0000] {logging_mixin.py:188} INFO - [2024-05-24T00:31:01.079+0000] {dagbag.py:545} INFO - Filling up the DagBag from /home/airflow/.local/lib/python3.12/site-packages/airflow/example_dags/tutorial.py
[2024-05-24T00:31:01.081+0000] {processor.py:840} INFO - DAG(s) 'tutorial' retrieved from /home/airflow/.local/lib/python3.12/site-packages/airflow/example_dags/tutorial.py
[2024-05-24T00:31:01.093+0000] {logging_mixin.py:188} INFO - [2024-05-24T00:31:01.093+0000] {dag.py:3096} INFO - Sync 1 DAGs
[2024-05-24T00:31:01.105+0000] {logging_mixin.py:188} INFO - [2024-05-24T00:31:01.105+0000] {dag.py:3954} INFO - Setting next_dagrun for tutorial to 2024-05-23 00:00:00+00:00, run_after=2024-05-24 00:00:00+00:00
[2024-05-24T00:31:01.115+0000] {processor.py:183} INFO - Processing /home/airflow/.local/lib/python3.12/site-packages/airflow/example_dags/tutorial.py took 0.041 seconds
[2024-05-24T00:31:31.604+0000] {processor.py:161} INFO - Started process (PID=2133) to work on /home/airflow/.local/lib/python3.12/site-packages/airflow/example_dags/tutorial.py
[2024-05-24T00:31:31.604+0000] {processor.py:830} INFO - Processing file /home/airflow/.local/lib/python3.12/site-packages/airflow/example_dags/tutorial.py for tasks to queue
[2024-05-24T00:31:31.605+0000] {logging_mixin.py:188} INFO - [2024-05-24T00:31:31.605+0000] {dagbag.py:545} INFO - Filling up the DagBag from /home/airflow/.local/lib/python3.12/site-packages/airflow/example_dags/tutorial.py
[2024-05-24T00:31:31.609+0000] {processor.py:840} INFO - DAG(s) 'tutorial' retrieved from /home/airflow/.local/lib/python3.12/site-packages/airflow/example_dags/tutorial.py
[2024-05-24T00:31:31.622+0000] {logging_mixin.py:188} INFO - [2024-05-24T00:31:31.622+0000] {dag.py:3096} INFO - Sync 1 DAGs
[2024-05-24T00:31:31.635+0000] {logging_mixin.py:188} INFO - [2024-05-24T00:31:31.635+0000] {dag.py:3954} INFO - Setting next_dagrun for tutorial to 2024-05-23 00:00:00+00:00, run_after=2024-05-24 00:00:00+00:00
[2024-05-24T00:31:31.641+0000] {processor.py:183} INFO - Processing /home/airflow/.local/lib/python3.12/site-packages/airflow/example_dags/tutorial.py took 0.041 seconds
[2024-05-24T00:32:02.477+0000] {processor.py:161} INFO - Started process (PID=2193) to work on /home/airflow/.local/lib/python3.12/site-packages/airflow/example_dags/tutorial.py
[2024-05-24T00:32:02.478+0000] {processor.py:830} INFO - Processing file /home/airflow/.local/lib/python3.12/site-packages/airflow/example_dags/tutorial.py for tasks to queue
[2024-05-24T00:32:02.479+0000] {logging_mixin.py:188} INFO - [2024-05-24T00:32:02.479+0000] {dagbag.py:545} INFO - Filling up the DagBag from /home/airflow/.local/lib/python3.12/site-packages/airflow/example_dags/tutorial.py
[2024-05-24T00:32:02.482+0000] {processor.py:840} INFO - DAG(s) 'tutorial' retrieved from /home/airflow/.local/lib/python3.12/site-packages/airflow/example_dags/tutorial.py
[2024-05-24T00:32:02.554+0000] {logging_mixin.py:188} INFO - [2024-05-24T00:32:02.554+0000] {dag.py:3096} INFO - Sync 1 DAGs
[2024-05-24T00:32:02.567+0000] {logging_mixin.py:188} INFO - [2024-05-24T00:32:02.567+0000] {dag.py:3954} INFO - Setting next_dagrun for tutorial to 2024-05-23 00:00:00+00:00, run_after=2024-05-24 00:00:00+00:00
[2024-05-24T00:32:02.577+0000] {processor.py:183} INFO - Processing /home/airflow/.local/lib/python3.12/site-packages/airflow/example_dags/tutorial.py took 0.103 seconds
[2024-05-24T00:32:33.269+0000] {processor.py:161} INFO - Started process (PID=2253) to work on /home/airflow/.local/lib/python3.12/site-packages/airflow/example_dags/tutorial.py
[2024-05-24T00:32:33.269+0000] {processor.py:830} INFO - Processing file /home/airflow/.local/lib/python3.12/site-packages/airflow/example_dags/tutorial.py for tasks to queue
[2024-05-24T00:32:33.270+0000] {logging_mixin.py:188} INFO - [2024-05-24T00:32:33.270+0000] {dagbag.py:545} INFO - Filling up the DagBag from /home/airflow/.local/lib/python3.12/site-packages/airflow/example_dags/tutorial.py
[2024-05-24T00:32:33.272+0000] {processor.py:840} INFO - DAG(s) 'tutorial' retrieved from /home/airflow/.local/lib/python3.12/site-packages/airflow/example_dags/tutorial.py
[2024-05-24T00:32:33.282+0000] {logging_mixin.py:188} INFO - [2024-05-24T00:32:33.282+0000] {dag.py:3096} INFO - Sync 1 DAGs
[2024-05-24T00:32:33.294+0000] {logging_mixin.py:188} INFO - [2024-05-24T00:32:33.294+0000] {dag.py:3954} INFO - Setting next_dagrun for tutorial to 2024-05-23 00:00:00+00:00, run_after=2024-05-24 00:00:00+00:00
[2024-05-24T00:32:33.304+0000] {processor.py:183} INFO - Processing /home/airflow/.local/lib/python3.12/site-packages/airflow/example_dags/tutorial.py took 0.037 seconds
[2024-05-24T00:33:04.040+0000] {processor.py:161} INFO - Started process (PID=2313) to work on /home/airflow/.local/lib/python3.12/site-packages/airflow/example_dags/tutorial.py
[2024-05-24T00:33:04.040+0000] {processor.py:830} INFO - Processing file /home/airflow/.local/lib/python3.12/site-packages/airflow/example_dags/tutorial.py for tasks to queue
[2024-05-24T00:33:04.041+0000] {logging_mixin.py:188} INFO - [2024-05-24T00:33:04.041+0000] {dagbag.py:545} INFO - Filling up the DagBag from /home/airflow/.local/lib/python3.12/site-packages/airflow/example_dags/tutorial.py
[2024-05-24T00:33:04.044+0000] {processor.py:840} INFO - DAG(s) 'tutorial' retrieved from /home/airflow/.local/lib/python3.12/site-packages/airflow/example_dags/tutorial.py
[2024-05-24T00:33:04.055+0000] {logging_mixin.py:188} INFO - [2024-05-24T00:33:04.055+0000] {dag.py:3096} INFO - Sync 1 DAGs
[2024-05-24T00:33:04.064+0000] {logging_mixin.py:188} INFO - [2024-05-24T00:33:04.064+0000] {dag.py:3954} INFO - Setting next_dagrun for tutorial to 2024-05-23 00:00:00+00:00, run_after=2024-05-24 00:00:00+00:00
[2024-05-24T00:33:04.070+0000] {processor.py:183} INFO - Processing /home/airflow/.local/lib/python3.12/site-packages/airflow/example_dags/tutorial.py took 0.034 seconds
[2024-05-24T00:33:34.969+0000] {processor.py:161} INFO - Started process (PID=2373) to work on /home/airflow/.local/lib/python3.12/site-packages/airflow/example_dags/tutorial.py
[2024-05-24T00:33:34.969+0000] {processor.py:830} INFO - Processing file /home/airflow/.local/lib/python3.12/site-packages/airflow/example_dags/tutorial.py for tasks to queue
[2024-05-24T00:33:34.970+0000] {logging_mixin.py:188} INFO - [2024-05-24T00:33:34.970+0000] {dagbag.py:545} INFO - Filling up the DagBag from /home/airflow/.local/lib/python3.12/site-packages/airflow/example_dags/tutorial.py
[2024-05-24T00:33:34.974+0000] {processor.py:840} INFO - DAG(s) 'tutorial' retrieved from /home/airflow/.local/lib/python3.12/site-packages/airflow/example_dags/tutorial.py
[2024-05-24T00:33:34.982+0000] {logging_mixin.py:188} INFO - [2024-05-24T00:33:34.981+0000] {dag.py:3096} INFO - Sync 1 DAGs
[2024-05-24T00:33:34.991+0000] {logging_mixin.py:188} INFO - [2024-05-24T00:33:34.991+0000] {dag.py:3954} INFO - Setting next_dagrun for tutorial to 2024-05-23 00:00:00+00:00, run_after=2024-05-24 00:00:00+00:00
[2024-05-24T00:33:34.998+0000] {processor.py:183} INFO - Processing /home/airflow/.local/lib/python3.12/site-packages/airflow/example_dags/tutorial.py took 0.032 seconds
[2024-05-24T00:34:05.670+0000] {processor.py:161} INFO - Started process (PID=2433) to work on /home/airflow/.local/lib/python3.12/site-packages/airflow/example_dags/tutorial.py
[2024-05-24T00:34:05.671+0000] {processor.py:830} INFO - Processing file /home/airflow/.local/lib/python3.12/site-packages/airflow/example_dags/tutorial.py for tasks to queue
[2024-05-24T00:34:05.672+0000] {logging_mixin.py:188} INFO - [2024-05-24T00:34:05.672+0000] {dagbag.py:545} INFO - Filling up the DagBag from /home/airflow/.local/lib/python3.12/site-packages/airflow/example_dags/tutorial.py
[2024-05-24T00:34:05.674+0000] {processor.py:840} INFO - DAG(s) 'tutorial' retrieved from /home/airflow/.local/lib/python3.12/site-packages/airflow/example_dags/tutorial.py
[2024-05-24T00:34:05.685+0000] {logging_mixin.py:188} INFO - [2024-05-24T00:34:05.685+0000] {dag.py:3096} INFO - Sync 1 DAGs
[2024-05-24T00:34:05.693+0000] {logging_mixin.py:188} INFO - [2024-05-24T00:34:05.693+0000] {dag.py:3954} INFO - Setting next_dagrun for tutorial to 2024-05-23 00:00:00+00:00, run_after=2024-05-24 00:00:00+00:00
[2024-05-24T00:34:05.701+0000] {processor.py:183} INFO - Processing /home/airflow/.local/lib/python3.12/site-packages/airflow/example_dags/tutorial.py took 0.034 seconds
[2024-05-24T00:34:36.328+0000] {processor.py:161} INFO - Started process (PID=2493) to work on /home/airflow/.local/lib/python3.12/site-packages/airflow/example_dags/tutorial.py
[2024-05-24T00:34:36.328+0000] {processor.py:830} INFO - Processing file /home/airflow/.local/lib/python3.12/site-packages/airflow/example_dags/tutorial.py for tasks to queue
[2024-05-24T00:34:36.329+0000] {logging_mixin.py:188} INFO - [2024-05-24T00:34:36.329+0000] {dagbag.py:545} INFO - Filling up the DagBag from /home/airflow/.local/lib/python3.12/site-packages/airflow/example_dags/tutorial.py
[2024-05-24T00:34:36.331+0000] {processor.py:840} INFO - DAG(s) 'tutorial' retrieved from /home/airflow/.local/lib/python3.12/site-packages/airflow/example_dags/tutorial.py
[2024-05-24T00:34:36.348+0000] {logging_mixin.py:188} INFO - [2024-05-24T00:34:36.347+0000] {dag.py:3096} INFO - Sync 1 DAGs
[2024-05-24T00:34:36.360+0000] {logging_mixin.py:188} INFO - [2024-05-24T00:34:36.360+0000] {dag.py:3954} INFO - Setting next_dagrun for tutorial to 2024-05-23 00:00:00+00:00, run_after=2024-05-24 00:00:00+00:00
[2024-05-24T00:34:36.371+0000] {processor.py:183} INFO - Processing /home/airflow/.local/lib/python3.12/site-packages/airflow/example_dags/tutorial.py took 0.046 seconds
[2024-05-24T00:35:07.222+0000] {processor.py:161} INFO - Started process (PID=2553) to work on /home/airflow/.local/lib/python3.12/site-packages/airflow/example_dags/tutorial.py
[2024-05-24T00:35:07.223+0000] {processor.py:830} INFO - Processing file /home/airflow/.local/lib/python3.12/site-packages/airflow/example_dags/tutorial.py for tasks to queue
[2024-05-24T00:35:07.223+0000] {logging_mixin.py:188} INFO - [2024-05-24T00:35:07.223+0000] {dagbag.py:545} INFO - Filling up the DagBag from /home/airflow/.local/lib/python3.12/site-packages/airflow/example_dags/tutorial.py
[2024-05-24T00:35:07.225+0000] {processor.py:840} INFO - DAG(s) 'tutorial' retrieved from /home/airflow/.local/lib/python3.12/site-packages/airflow/example_dags/tutorial.py
[2024-05-24T00:35:07.236+0000] {logging_mixin.py:188} INFO - [2024-05-24T00:35:07.236+0000] {dag.py:3096} INFO - Sync 1 DAGs
[2024-05-24T00:35:07.249+0000] {logging_mixin.py:188} INFO - [2024-05-24T00:35:07.249+0000] {dag.py:3954} INFO - Setting next_dagrun for tutorial to 2024-05-23 00:00:00+00:00, run_after=2024-05-24 00:00:00+00:00
[2024-05-24T00:35:07.259+0000] {processor.py:183} INFO - Processing /home/airflow/.local/lib/python3.12/site-packages/airflow/example_dags/tutorial.py took 0.039 seconds
[2024-05-24T00:35:37.851+0000] {processor.py:161} INFO - Started process (PID=2613) to work on /home/airflow/.local/lib/python3.12/site-packages/airflow/example_dags/tutorial.py
[2024-05-24T00:35:37.852+0000] {processor.py:830} INFO - Processing file /home/airflow/.local/lib/python3.12/site-packages/airflow/example_dags/tutorial.py for tasks to queue
[2024-05-24T00:35:37.853+0000] {logging_mixin.py:188} INFO - [2024-05-24T00:35:37.853+0000] {dagbag.py:545} INFO - Filling up the DagBag from /home/airflow/.local/lib/python3.12/site-packages/airflow/example_dags/tutorial.py
[2024-05-24T00:35:37.856+0000] {processor.py:840} INFO - DAG(s) 'tutorial' retrieved from /home/airflow/.local/lib/python3.12/site-packages/airflow/example_dags/tutorial.py
[2024-05-24T00:35:37.868+0000] {logging_mixin.py:188} INFO - [2024-05-24T00:35:37.868+0000] {dag.py:3096} INFO - Sync 1 DAGs
[2024-05-24T00:35:37.881+0000] {logging_mixin.py:188} INFO - [2024-05-24T00:35:37.881+0000] {dag.py:3954} INFO - Setting next_dagrun for tutorial to 2024-05-23 00:00:00+00:00, run_after=2024-05-24 00:00:00+00:00
[2024-05-24T00:35:37.891+0000] {processor.py:183} INFO - Processing /home/airflow/.local/lib/python3.12/site-packages/airflow/example_dags/tutorial.py took 0.043 seconds
[2024-05-24T00:36:08.550+0000] {processor.py:161} INFO - Started process (PID=2672) to work on /home/airflow/.local/lib/python3.12/site-packages/airflow/example_dags/tutorial.py
[2024-05-24T00:36:08.550+0000] {processor.py:830} INFO - Processing file /home/airflow/.local/lib/python3.12/site-packages/airflow/example_dags/tutorial.py for tasks to queue
[2024-05-24T00:36:08.551+0000] {logging_mixin.py:188} INFO - [2024-05-24T00:36:08.551+0000] {dagbag.py:545} INFO - Filling up the DagBag from /home/airflow/.local/lib/python3.12/site-packages/airflow/example_dags/tutorial.py
[2024-05-24T00:36:08.553+0000] {processor.py:840} INFO - DAG(s) 'tutorial' retrieved from /home/airflow/.local/lib/python3.12/site-packages/airflow/example_dags/tutorial.py
[2024-05-24T00:36:08.562+0000] {logging_mixin.py:188} INFO - [2024-05-24T00:36:08.562+0000] {dag.py:3096} INFO - Sync 1 DAGs
[2024-05-24T00:36:08.571+0000] {logging_mixin.py:188} INFO - [2024-05-24T00:36:08.571+0000] {dag.py:3954} INFO - Setting next_dagrun for tutorial to 2024-05-23 00:00:00+00:00, run_after=2024-05-24 00:00:00+00:00
[2024-05-24T00:36:08.578+0000] {processor.py:183} INFO - Processing /home/airflow/.local/lib/python3.12/site-packages/airflow/example_dags/tutorial.py took 0.030 seconds
[2024-05-24T00:36:39.372+0000] {processor.py:161} INFO - Started process (PID=2731) to work on /home/airflow/.local/lib/python3.12/site-packages/airflow/example_dags/tutorial.py
[2024-05-24T00:36:39.372+0000] {processor.py:830} INFO - Processing file /home/airflow/.local/lib/python3.12/site-packages/airflow/example_dags/tutorial.py for tasks to queue
[2024-05-24T00:36:39.373+0000] {logging_mixin.py:188} INFO - [2024-05-24T00:36:39.373+0000] {dagbag.py:545} INFO - Filling up the DagBag from /home/airflow/.local/lib/python3.12/site-packages/airflow/example_dags/tutorial.py
[2024-05-24T00:36:39.375+0000] {processor.py:840} INFO - DAG(s) 'tutorial' retrieved from /home/airflow/.local/lib/python3.12/site-packages/airflow/example_dags/tutorial.py
[2024-05-24T00:36:39.385+0000] {logging_mixin.py:188} INFO - [2024-05-24T00:36:39.385+0000] {dag.py:3096} INFO - Sync 1 DAGs
[2024-05-24T00:36:39.396+0000] {logging_mixin.py:188} INFO - [2024-05-24T00:36:39.396+0000] {dag.py:3954} INFO - Setting next_dagrun for tutorial to 2024-05-23 00:00:00+00:00, run_after=2024-05-24 00:00:00+00:00
[2024-05-24T00:36:39.409+0000] {processor.py:183} INFO - Processing /home/airflow/.local/lib/python3.12/site-packages/airflow/example_dags/tutorial.py took 0.040 seconds
[2024-05-24T00:37:09.962+0000] {processor.py:161} INFO - Started process (PID=2790) to work on /home/airflow/.local/lib/python3.12/site-packages/airflow/example_dags/tutorial.py
[2024-05-24T00:37:09.963+0000] {processor.py:830} INFO - Processing file /home/airflow/.local/lib/python3.12/site-packages/airflow/example_dags/tutorial.py for tasks to queue
[2024-05-24T00:37:09.963+0000] {logging_mixin.py:188} INFO - [2024-05-24T00:37:09.963+0000] {dagbag.py:545} INFO - Filling up the DagBag from /home/airflow/.local/lib/python3.12/site-packages/airflow/example_dags/tutorial.py
[2024-05-24T00:37:09.968+0000] {processor.py:840} INFO - DAG(s) 'tutorial' retrieved from /home/airflow/.local/lib/python3.12/site-packages/airflow/example_dags/tutorial.py
[2024-05-24T00:37:09.982+0000] {logging_mixin.py:188} INFO - [2024-05-24T00:37:09.981+0000] {dag.py:3096} INFO - Sync 1 DAGs
[2024-05-24T00:37:09.996+0000] {logging_mixin.py:188} INFO - [2024-05-24T00:37:09.996+0000] {dag.py:3954} INFO - Setting next_dagrun for tutorial to 2024-05-23 00:00:00+00:00, run_after=2024-05-24 00:00:00+00:00
[2024-05-24T00:37:10.002+0000] {processor.py:183} INFO - Processing /home/airflow/.local/lib/python3.12/site-packages/airflow/example_dags/tutorial.py took 0.043 seconds
[2024-05-24T00:37:40.619+0000] {processor.py:161} INFO - Started process (PID=2849) to work on /home/airflow/.local/lib/python3.12/site-packages/airflow/example_dags/tutorial.py
[2024-05-24T00:37:40.619+0000] {processor.py:830} INFO - Processing file /home/airflow/.local/lib/python3.12/site-packages/airflow/example_dags/tutorial.py for tasks to queue
[2024-05-24T00:37:40.620+0000] {logging_mixin.py:188} INFO - [2024-05-24T00:37:40.620+0000] {dagbag.py:545} INFO - Filling up the DagBag from /home/airflow/.local/lib/python3.12/site-packages/airflow/example_dags/tutorial.py
[2024-05-24T00:37:40.622+0000] {processor.py:840} INFO - DAG(s) 'tutorial' retrieved from /home/airflow/.local/lib/python3.12/site-packages/airflow/example_dags/tutorial.py
[2024-05-24T00:37:40.631+0000] {logging_mixin.py:188} INFO - [2024-05-24T00:37:40.631+0000] {dag.py:3096} INFO - Sync 1 DAGs
[2024-05-24T00:37:40.639+0000] {logging_mixin.py:188} INFO - [2024-05-24T00:37:40.639+0000] {dag.py:3954} INFO - Setting next_dagrun for tutorial to 2024-05-23 00:00:00+00:00, run_after=2024-05-24 00:00:00+00:00
[2024-05-24T00:37:40.646+0000] {processor.py:183} INFO - Processing /home/airflow/.local/lib/python3.12/site-packages/airflow/example_dags/tutorial.py took 0.029 seconds
[2024-05-24T00:38:11.314+0000] {processor.py:161} INFO - Started process (PID=2908) to work on /home/airflow/.local/lib/python3.12/site-packages/airflow/example_dags/tutorial.py
[2024-05-24T00:38:11.314+0000] {processor.py:830} INFO - Processing file /home/airflow/.local/lib/python3.12/site-packages/airflow/example_dags/tutorial.py for tasks to queue
[2024-05-24T00:38:11.314+0000] {logging_mixin.py:188} INFO - [2024-05-24T00:38:11.314+0000] {dagbag.py:545} INFO - Filling up the DagBag from /home/airflow/.local/lib/python3.12/site-packages/airflow/example_dags/tutorial.py
[2024-05-24T00:38:11.317+0000] {processor.py:840} INFO - DAG(s) 'tutorial' retrieved from /home/airflow/.local/lib/python3.12/site-packages/airflow/example_dags/tutorial.py
[2024-05-24T00:38:11.330+0000] {logging_mixin.py:188} INFO - [2024-05-24T00:38:11.330+0000] {dag.py:3096} INFO - Sync 1 DAGs
[2024-05-24T00:38:11.347+0000] {logging_mixin.py:188} INFO - [2024-05-24T00:38:11.347+0000] {dag.py:3954} INFO - Setting next_dagrun for tutorial to 2024-05-23 00:00:00+00:00, run_after=2024-05-24 00:00:00+00:00
[2024-05-24T00:38:11.379+0000] {processor.py:183} INFO - Processing /home/airflow/.local/lib/python3.12/site-packages/airflow/example_dags/tutorial.py took 0.068 seconds
[2024-05-24T00:38:41.895+0000] {processor.py:161} INFO - Started process (PID=2968) to work on /home/airflow/.local/lib/python3.12/site-packages/airflow/example_dags/tutorial.py
[2024-05-24T00:38:41.896+0000] {processor.py:830} INFO - Processing file /home/airflow/.local/lib/python3.12/site-packages/airflow/example_dags/tutorial.py for tasks to queue
[2024-05-24T00:38:41.896+0000] {logging_mixin.py:188} INFO - [2024-05-24T00:38:41.896+0000] {dagbag.py:545} INFO - Filling up the DagBag from /home/airflow/.local/lib/python3.12/site-packages/airflow/example_dags/tutorial.py
[2024-05-24T00:38:41.898+0000] {processor.py:840} INFO - DAG(s) 'tutorial' retrieved from /home/airflow/.local/lib/python3.12/site-packages/airflow/example_dags/tutorial.py
[2024-05-24T00:38:41.909+0000] {logging_mixin.py:188} INFO - [2024-05-24T00:38:41.909+0000] {dag.py:3096} INFO - Sync 1 DAGs
[2024-05-24T00:38:41.921+0000] {logging_mixin.py:188} INFO - [2024-05-24T00:38:41.921+0000] {dag.py:3954} INFO - Setting next_dagrun for tutorial to 2024-05-23 00:00:00+00:00, run_after=2024-05-24 00:00:00+00:00
[2024-05-24T00:38:41.932+0000] {processor.py:183} INFO - Processing /home/airflow/.local/lib/python3.12/site-packages/airflow/example_dags/tutorial.py took 0.039 seconds
[2024-05-24T00:39:12.406+0000] {processor.py:161} INFO - Started process (PID=3027) to work on /home/airflow/.local/lib/python3.12/site-packages/airflow/example_dags/tutorial.py
[2024-05-24T00:39:12.407+0000] {processor.py:830} INFO - Processing file /home/airflow/.local/lib/python3.12/site-packages/airflow/example_dags/tutorial.py for tasks to queue
[2024-05-24T00:39:12.407+0000] {logging_mixin.py:188} INFO - [2024-05-24T00:39:12.407+0000] {dagbag.py:545} INFO - Filling up the DagBag from /home/airflow/.local/lib/python3.12/site-packages/airflow/example_dags/tutorial.py
[2024-05-24T00:39:12.412+0000] {processor.py:840} INFO - DAG(s) 'tutorial' retrieved from /home/airflow/.local/lib/python3.12/site-packages/airflow/example_dags/tutorial.py
[2024-05-24T00:39:12.420+0000] {logging_mixin.py:188} INFO - [2024-05-24T00:39:12.420+0000] {dag.py:3096} INFO - Sync 1 DAGs
[2024-05-24T00:39:12.432+0000] {logging_mixin.py:188} INFO - [2024-05-24T00:39:12.432+0000] {dag.py:3954} INFO - Setting next_dagrun for tutorial to 2024-05-23 00:00:00+00:00, run_after=2024-05-24 00:00:00+00:00
[2024-05-24T00:39:12.441+0000] {processor.py:183} INFO - Processing /home/airflow/.local/lib/python3.12/site-packages/airflow/example_dags/tutorial.py took 0.038 seconds
[2024-05-24T00:39:42.744+0000] {processor.py:161} INFO - Started process (PID=3086) to work on /home/airflow/.local/lib/python3.12/site-packages/airflow/example_dags/tutorial.py
[2024-05-24T00:39:42.745+0000] {processor.py:830} INFO - Processing file /home/airflow/.local/lib/python3.12/site-packages/airflow/example_dags/tutorial.py for tasks to queue
[2024-05-24T00:39:42.745+0000] {logging_mixin.py:188} INFO - [2024-05-24T00:39:42.745+0000] {dagbag.py:545} INFO - Filling up the DagBag from /home/airflow/.local/lib/python3.12/site-packages/airflow/example_dags/tutorial.py
[2024-05-24T00:39:42.748+0000] {processor.py:840} INFO - DAG(s) 'tutorial' retrieved from /home/airflow/.local/lib/python3.12/site-packages/airflow/example_dags/tutorial.py
[2024-05-24T00:39:42.755+0000] {logging_mixin.py:188} INFO - [2024-05-24T00:39:42.754+0000] {dag.py:3096} INFO - Sync 1 DAGs
[2024-05-24T00:39:42.765+0000] {logging_mixin.py:188} INFO - [2024-05-24T00:39:42.765+0000] {dag.py:3954} INFO - Setting next_dagrun for tutorial to 2024-05-23 00:00:00+00:00, run_after=2024-05-24 00:00:00+00:00
[2024-05-24T00:39:42.776+0000] {processor.py:183} INFO - Processing /home/airflow/.local/lib/python3.12/site-packages/airflow/example_dags/tutorial.py took 0.035 seconds
[2024-05-24T00:40:13.041+0000] {processor.py:161} INFO - Started process (PID=3144) to work on /home/airflow/.local/lib/python3.12/site-packages/airflow/example_dags/tutorial.py
[2024-05-24T00:40:13.042+0000] {processor.py:830} INFO - Processing file /home/airflow/.local/lib/python3.12/site-packages/airflow/example_dags/tutorial.py for tasks to queue
[2024-05-24T00:40:13.042+0000] {logging_mixin.py:188} INFO - [2024-05-24T00:40:13.042+0000] {dagbag.py:545} INFO - Filling up the DagBag from /home/airflow/.local/lib/python3.12/site-packages/airflow/example_dags/tutorial.py
[2024-05-24T00:40:13.045+0000] {processor.py:840} INFO - DAG(s) 'tutorial' retrieved from /home/airflow/.local/lib/python3.12/site-packages/airflow/example_dags/tutorial.py
[2024-05-24T00:40:13.094+0000] {logging_mixin.py:188} INFO - [2024-05-24T00:40:13.094+0000] {dag.py:3096} INFO - Sync 1 DAGs
[2024-05-24T00:40:13.108+0000] {logging_mixin.py:188} INFO - [2024-05-24T00:40:13.107+0000] {dag.py:3954} INFO - Setting next_dagrun for tutorial to 2024-05-23 00:00:00+00:00, run_after=2024-05-24 00:00:00+00:00
[2024-05-24T00:40:13.118+0000] {processor.py:183} INFO - Processing /home/airflow/.local/lib/python3.12/site-packages/airflow/example_dags/tutorial.py took 0.081 seconds
