[2024-07-01 04:36:53,342] [INFO] - Read the config file successfully.
[2024-07-01 04:36:53,345] [INFO] - [#] Pipeline at execution: Pipeline for Temperature_Data
[2024-07-01 04:36:53,345] [INFO] - Executing task: Extraction task
[2024-07-01 04:36:54,547] [INFO] - Data extracted and saved to: ./data/raw/
[2024-07-01 04:36:54,547] [INFO] - Executing task: Transform task
[2024-07-01 04:36:54,572] [INFO] - Data transformation successful.
[2024-07-01 04:36:54,573] [INFO] - Executing task: Load task
[2024-07-01 04:36:54,581] [INFO] - Data from ./data/transformed/Co2_Concentration_Data.csv loaded into Co2_Concentration_Data table in CombinedDataset.sqlite database.
[2024-07-01 04:36:54,648] [INFO] - Data from ./data/transformed/Solar_Flare_Data.csv loaded into Solar_Flare_Data table in CombinedDataset.sqlite database.
[2024-07-01 04:36:54,672] [INFO] - Data from ./data/transformed/Temperature_Data.csv loaded into Temperature_Data table in CombinedDataset.sqlite database.
[2024-07-01 04:36:54,673] [INFO] - Connection to CombinedDataset.sqlite closed.
[2024-07-01 04:36:54,673] [INFO] - [#] Pipeline at execution: Pipeline for Co2_Concentration_Data
[2024-07-01 04:36:54,673] [INFO] - Executing task: Extraction task
[2024-07-01 04:36:56,056] [INFO] - Data extracted and saved to: ./data/raw/
[2024-07-01 04:36:56,056] [INFO] - Executing task: Transform task
[2024-07-01 04:36:56,063] [INFO] - Data transformation successful
[2024-07-01 04:36:56,063] [INFO] - Executing task: Load task
[2024-07-01 04:36:56,074] [INFO] - Data from ./data/transformed/Co2_Concentration_Data.csv loaded into Co2_Concentration_Data table in CombinedDataset.sqlite database.
[2024-07-01 04:36:56,139] [INFO] - Data from ./data/transformed/Solar_Flare_Data.csv loaded into Solar_Flare_Data table in CombinedDataset.sqlite database.
[2024-07-01 04:36:56,163] [INFO] - Data from ./data/transformed/Temperature_Data.csv loaded into Temperature_Data table in CombinedDataset.sqlite database.
[2024-07-01 04:36:56,163] [INFO] - Connection to CombinedDataset.sqlite closed.
[2024-07-01 04:36:56,164] [INFO] - [#] Pipeline at execution: Pipeline for Solar_Flare_Data
[2024-07-01 04:36:56,164] [INFO] - Executing task: Extraction task
[2024-07-01 04:36:56,716] [INFO] - Data extracted and saved to: ./data/raw/
[2024-07-01 04:36:56,716] [INFO] - Executing task: Transform task
[2024-07-01 04:36:56,805] [INFO] - Data transformation successful.
[2024-07-01 04:36:56,805] [INFO] - Executing task: Load task
[2024-07-01 04:36:56,816] [INFO] - Data from ./data/transformed/Co2_Concentration_Data.csv loaded into Co2_Concentration_Data table in CombinedDataset.sqlite database.
[2024-07-01 04:36:56,883] [INFO] - Data from ./data/transformed/Solar_Flare_Data.csv loaded into Solar_Flare_Data table in CombinedDataset.sqlite database.
[2024-07-01 04:36:56,908] [INFO] - Data from ./data/transformed/Temperature_Data.csv loaded into Temperature_Data table in CombinedDataset.sqlite database.
[2024-07-01 04:36:56,908] [INFO] - Connection to CombinedDataset.sqlite closed.
[2024-07-01 04:36:56,908] [INFO] - Pipeline execution completed.
