[2024-06-11 02:19:13,337] [INFO] - Read the config file successfully.
[2024-06-11 02:19:13,340] [INFO] - [#] Pipeline at execution: Pipeline for Temperature_Data
[2024-06-11 02:19:13,340] [INFO] - Executing task: Extraction task
[2024-06-11 02:19:14,392] [INFO] - Data extracted and saved to: ./data/raw/
[2024-06-11 02:19:14,392] [INFO] - Executing task: Transform task
[2024-06-11 02:19:14,416] [INFO] - Data transformation successful.
[2024-06-11 02:19:14,416] [INFO] - Executing task: Load task
[2024-06-11 02:19:14,427] [INFO] - Data from ./data/transformed/Co2_Concentration_Data.csv loaded into Co2_Concentration_Data table in CombinedDataset.sqlite database.
[2024-06-11 02:19:14,458] [INFO] - Data from ./data/transformed/Sea_Level_Data.csv loaded into Sea_Level_Data table in CombinedDataset.sqlite database.
[2024-06-11 02:19:14,503] [INFO] - Data from ./data/transformed/Solar_Flare_Data.csv loaded into Solar_Flare_Data table in CombinedDataset.sqlite database.
[2024-06-11 02:19:14,521] [INFO] - Data from ./data/transformed/Temperature_Data.csv loaded into Temperature_Data table in CombinedDataset.sqlite database.
[2024-06-11 02:19:14,521] [INFO] - Connection to CombinedDataset.sqlite closed.
[2024-06-11 02:19:14,521] [INFO] - [#] Pipeline at execution: Pipeline for Co2_Concentration_Data
[2024-06-11 02:19:14,521] [INFO] - Executing task: Extraction task
[2024-06-11 02:19:15,852] [INFO] - Data extracted and saved to: ./data/raw/
[2024-06-11 02:19:15,852] [INFO] - Executing task: Transform task
[2024-06-11 02:19:15,858] [INFO] - Data transformation successful
[2024-06-11 02:19:15,858] [INFO] - Executing task: Load task
[2024-06-11 02:19:15,868] [INFO] - Data from ./data/transformed/Co2_Concentration_Data.csv loaded into Co2_Concentration_Data table in CombinedDataset.sqlite database.
[2024-06-11 02:19:15,897] [INFO] - Data from ./data/transformed/Sea_Level_Data.csv loaded into Sea_Level_Data table in CombinedDataset.sqlite database.
[2024-06-11 02:19:15,938] [INFO] - Data from ./data/transformed/Solar_Flare_Data.csv loaded into Solar_Flare_Data table in CombinedDataset.sqlite database.
[2024-06-11 02:19:15,955] [INFO] - Data from ./data/transformed/Temperature_Data.csv loaded into Temperature_Data table in CombinedDataset.sqlite database.
[2024-06-11 02:19:15,955] [INFO] - Connection to CombinedDataset.sqlite closed.
[2024-06-11 02:19:15,955] [INFO] - [#] Pipeline at execution: Pipeline for Sea_Level_Data
[2024-06-11 02:19:15,955] [INFO] - Executing task: Extraction task
[2024-06-11 02:19:19,073] [INFO] - Data extracted and saved to: ./data/raw/
[2024-06-11 02:19:19,073] [INFO] - Executing task: Transform task
[2024-06-11 02:19:19,161] [INFO] - Data transformation successful.
[2024-06-11 02:19:19,162] [INFO] - Executing task: Load task
[2024-06-11 02:19:19,175] [INFO] - Data from ./data/transformed/Co2_Concentration_Data.csv loaded into Co2_Concentration_Data table in CombinedDataset.sqlite database.
[2024-06-11 02:19:19,205] [INFO] - Data from ./data/transformed/Sea_Level_Data.csv loaded into Sea_Level_Data table in CombinedDataset.sqlite database.
[2024-06-11 02:19:19,246] [INFO] - Data from ./data/transformed/Solar_Flare_Data.csv loaded into Solar_Flare_Data table in CombinedDataset.sqlite database.
[2024-06-11 02:19:19,262] [INFO] - Data from ./data/transformed/Temperature_Data.csv loaded into Temperature_Data table in CombinedDataset.sqlite database.
[2024-06-11 02:19:19,262] [INFO] - Connection to CombinedDataset.sqlite closed.
[2024-06-11 02:19:19,262] [INFO] - [#] Pipeline at execution: Pipeline for Solar_Flare_Data
[2024-06-11 02:19:19,262] [INFO] - Executing task: Extraction task
[2024-06-11 02:19:19,897] [INFO] - Data extracted and saved to: ./data/raw/
[2024-06-11 02:19:19,897] [INFO] - Executing task: Transform task
[2024-06-11 02:19:19,976] [INFO] - Data transformation successful.
[2024-06-11 02:19:19,976] [INFO] - Executing task: Load task
[2024-06-11 02:19:19,986] [INFO] - Data from ./data/transformed/Co2_Concentration_Data.csv loaded into Co2_Concentration_Data table in CombinedDataset.sqlite database.
[2024-06-11 02:19:20,017] [INFO] - Data from ./data/transformed/Sea_Level_Data.csv loaded into Sea_Level_Data table in CombinedDataset.sqlite database.
[2024-06-11 02:19:20,057] [INFO] - Data from ./data/transformed/Solar_Flare_Data.csv loaded into Solar_Flare_Data table in CombinedDataset.sqlite database.
[2024-06-11 02:19:20,073] [INFO] - Data from ./data/transformed/Temperature_Data.csv loaded into Temperature_Data table in CombinedDataset.sqlite database.
[2024-06-11 02:19:20,073] [INFO] - Connection to CombinedDataset.sqlite closed.
[2024-06-11 02:19:20,073] [INFO] - Pipeline execution completed.
