[2024-06-11 02:23:46,640] [INFO] - Read the config file successfully.
[2024-06-11 02:23:46,642] [INFO] - [#] Pipeline at execution: Pipeline for Temperature_Data
[2024-06-11 02:23:46,643] [INFO] - Executing task: Extraction task
[2024-06-11 02:23:47,495] [INFO] - Data extracted and saved to: ./data/raw/
[2024-06-11 02:23:47,495] [INFO] - Executing task: Transform task
[2024-06-11 02:23:47,519] [INFO] - Data transformation successful.
[2024-06-11 02:23:47,519] [INFO] - Executing task: Load task
[2024-06-11 02:23:47,531] [INFO] - Data from ./data/transformed/Co2_Concentration_Data.csv loaded into Co2_Concentration_Data table in CombinedDataset.sqlite database.
[2024-06-11 02:23:47,562] [INFO] - Data from ./data/transformed/Sea_Level_Data.csv loaded into Sea_Level_Data table in CombinedDataset.sqlite database.
[2024-06-11 02:23:47,603] [INFO] - Data from ./data/transformed/Solar_Flare_Data.csv loaded into Solar_Flare_Data table in CombinedDataset.sqlite database.
[2024-06-11 02:23:47,620] [INFO] - Data from ./data/transformed/Temperature_Data.csv loaded into Temperature_Data table in CombinedDataset.sqlite database.
[2024-06-11 02:23:47,620] [INFO] - Connection to CombinedDataset.sqlite closed.
[2024-06-11 02:23:47,620] [INFO] - [#] Pipeline at execution: Pipeline for Co2_Concentration_Data
[2024-06-11 02:23:47,620] [INFO] - Executing task: Extraction task
[2024-06-11 02:23:48,717] [INFO] - Data extracted and saved to: ./data/raw/
[2024-06-11 02:23:48,717] [INFO] - Executing task: Transform task
[2024-06-11 02:23:48,728] [INFO] - Data transformation successful
[2024-06-11 02:23:48,728] [INFO] - Executing task: Load task
[2024-06-11 02:23:48,738] [INFO] - Data from ./data/transformed/Co2_Concentration_Data.csv loaded into Co2_Concentration_Data table in CombinedDataset.sqlite database.
[2024-06-11 02:23:48,770] [INFO] - Data from ./data/transformed/Sea_Level_Data.csv loaded into Sea_Level_Data table in CombinedDataset.sqlite database.
[2024-06-11 02:23:48,812] [INFO] - Data from ./data/transformed/Solar_Flare_Data.csv loaded into Solar_Flare_Data table in CombinedDataset.sqlite database.
[2024-06-11 02:23:48,829] [INFO] - Data from ./data/transformed/Temperature_Data.csv loaded into Temperature_Data table in CombinedDataset.sqlite database.
[2024-06-11 02:23:48,829] [INFO] - Connection to CombinedDataset.sqlite closed.
[2024-06-11 02:23:48,829] [INFO] - [#] Pipeline at execution: Pipeline for Solar_Flare_Data
[2024-06-11 02:23:48,829] [INFO] - Executing task: Extraction task
[2024-06-11 02:23:49,346] [INFO] - Data extracted and saved to: ./data/raw/
[2024-06-11 02:23:49,346] [INFO] - Executing task: Transform task
[2024-06-11 02:23:49,425] [INFO] - Data transformation successful.
[2024-06-11 02:23:49,425] [INFO] - Executing task: Load task
[2024-06-11 02:23:49,434] [INFO] - Data from ./data/transformed/Co2_Concentration_Data.csv loaded into Co2_Concentration_Data table in CombinedDataset.sqlite database.
[2024-06-11 02:23:49,464] [INFO] - Data from ./data/transformed/Sea_Level_Data.csv loaded into Sea_Level_Data table in CombinedDataset.sqlite database.
[2024-06-11 02:23:49,503] [INFO] - Data from ./data/transformed/Solar_Flare_Data.csv loaded into Solar_Flare_Data table in CombinedDataset.sqlite database.
[2024-06-11 02:23:49,519] [INFO] - Data from ./data/transformed/Temperature_Data.csv loaded into Temperature_Data table in CombinedDataset.sqlite database.
[2024-06-11 02:23:49,519] [INFO] - Connection to CombinedDataset.sqlite closed.
[2024-06-11 02:23:49,520] [INFO] - Pipeline execution completed.
