[2024-06-11 02:24:31,578] [INFO] - Read the config file successfully.
[2024-06-11 02:24:31,581] [INFO] - [#] Pipeline at execution: Pipeline for Temperature_Data
[2024-06-11 02:24:31,581] [INFO] - Executing task: Extraction task
[2024-06-11 02:24:32,542] [INFO] - Data extracted and saved to: ./data/raw/
[2024-06-11 02:24:32,542] [INFO] - Executing task: Transform task
[2024-06-11 02:24:32,565] [INFO] - Data transformation successful.
[2024-06-11 02:24:32,565] [INFO] - Executing task: Load task
[2024-06-11 02:24:32,582] [INFO] - Data from ./data/transformed/Temperature_Data.csv loaded into Temperature_Data table in CombinedDataset.sqlite database.
[2024-06-11 02:24:32,582] [INFO] - Connection to CombinedDataset.sqlite closed.
[2024-06-11 02:24:32,582] [INFO] - [#] Pipeline at execution: Pipeline for Co2_Concentration_Data
[2024-06-11 02:24:32,582] [INFO] - Executing task: Extraction task
[2024-06-11 02:24:33,790] [INFO] - Data extracted and saved to: ./data/raw/
[2024-06-11 02:24:33,790] [INFO] - Executing task: Transform task
[2024-06-11 02:24:33,796] [INFO] - Data transformation successful
[2024-06-11 02:24:33,797] [INFO] - Executing task: Load task
[2024-06-11 02:24:33,804] [INFO] - Data from ./data/transformed/Co2_Concentration_Data.csv loaded into Co2_Concentration_Data table in CombinedDataset.sqlite database.
[2024-06-11 02:24:33,821] [INFO] - Data from ./data/transformed/Temperature_Data.csv loaded into Temperature_Data table in CombinedDataset.sqlite database.
[2024-06-11 02:24:33,822] [INFO] - Connection to CombinedDataset.sqlite closed.
[2024-06-11 02:24:33,822] [INFO] - [#] Pipeline at execution: Pipeline for Solar_Flare_Data
[2024-06-11 02:24:33,822] [INFO] - Executing task: Extraction task
[2024-06-11 02:24:34,459] [INFO] - Data extracted and saved to: ./data/raw/
[2024-06-11 02:24:34,459] [INFO] - Executing task: Transform task
[2024-06-11 02:24:34,539] [INFO] - Data transformation successful.
[2024-06-11 02:24:34,540] [INFO] - Executing task: Load task
[2024-06-11 02:24:34,548] [INFO] - Data from ./data/transformed/Co2_Concentration_Data.csv loaded into Co2_Concentration_Data table in CombinedDataset.sqlite database.
[2024-06-11 02:24:34,586] [INFO] - Data from ./data/transformed/Solar_Flare_Data.csv loaded into Solar_Flare_Data table in CombinedDataset.sqlite database.
[2024-06-11 02:24:34,602] [INFO] - Data from ./data/transformed/Temperature_Data.csv loaded into Temperature_Data table in CombinedDataset.sqlite database.
[2024-06-11 02:24:34,602] [INFO] - Connection to CombinedDataset.sqlite closed.
[2024-06-11 02:24:34,602] [INFO] - Pipeline execution completed.
