[2024-06-11 02:20:29,544] [INFO] - Read the config file successfully.
[2024-06-11 02:20:29,546] [INFO] - [#] Pipeline at execution: Pipeline for Temperature_Data
[2024-06-11 02:20:29,546] [INFO] - Executing task: Extraction task
[2024-06-11 02:20:30,453] [INFO] - Data extracted and saved to: ./data/raw/
[2024-06-11 02:20:30,453] [INFO] - Executing task: Transform task
[2024-06-11 02:20:30,476] [INFO] - Data transformation successful.
[2024-06-11 02:20:30,477] [INFO] - Executing task: Load task
[2024-06-11 02:20:30,487] [INFO] - Data from ./data/transformed/Co2_Concentration_Data.csv loaded into Co2_Concentration_Data table in CombinedDataset.sqlite database.
[2024-06-11 02:20:30,518] [INFO] - Data from ./data/transformed/Sea_Level_Data.csv loaded into Sea_Level_Data table in CombinedDataset.sqlite database.
[2024-06-11 02:20:30,561] [INFO] - Data from ./data/transformed/Solar_Flare_Data.csv loaded into Solar_Flare_Data table in CombinedDataset.sqlite database.
[2024-06-11 02:20:30,578] [INFO] - Data from ./data/transformed/Temperature_Data.csv loaded into Temperature_Data table in CombinedDataset.sqlite database.
[2024-06-11 02:20:30,578] [INFO] - Connection to CombinedDataset.sqlite closed.
[2024-06-11 02:20:30,578] [INFO] - [#] Pipeline at execution: Pipeline for Co2_Concentration_Data
[2024-06-11 02:20:30,578] [INFO] - Executing task: Extraction task
[2024-06-11 02:20:31,610] [INFO] - Data extracted and saved to: ./data/raw/
[2024-06-11 02:20:31,610] [INFO] - Executing task: Transform task
[2024-06-11 02:20:31,617] [INFO] - Data transformation successful
[2024-06-11 02:20:31,617] [INFO] - Executing task: Load task
[2024-06-11 02:20:31,627] [INFO] - Data from ./data/transformed/Co2_Concentration_Data.csv loaded into Co2_Concentration_Data table in CombinedDataset.sqlite database.
[2024-06-11 02:20:31,658] [INFO] - Data from ./data/transformed/Sea_Level_Data.csv loaded into Sea_Level_Data table in CombinedDataset.sqlite database.
[2024-06-11 02:20:31,701] [INFO] - Data from ./data/transformed/Solar_Flare_Data.csv loaded into Solar_Flare_Data table in CombinedDataset.sqlite database.
[2024-06-11 02:20:31,719] [INFO] - Data from ./data/transformed/Temperature_Data.csv loaded into Temperature_Data table in CombinedDataset.sqlite database.
[2024-06-11 02:20:31,719] [INFO] - Connection to CombinedDataset.sqlite closed.
[2024-06-11 02:20:31,719] [INFO] - [#] Pipeline at execution: Pipeline for Sea_Level_Data
[2024-06-11 02:20:31,719] [INFO] - Executing task: Extraction task
[2024-06-11 02:20:34,707] [INFO] - Data extracted and saved to: ./data/raw/
[2024-06-11 02:20:34,707] [INFO] - Executing task: Transform task
[2024-06-11 02:20:34,793] [INFO] - Data transformation successful.
[2024-06-11 02:20:34,794] [INFO] - Executing task: Load task
[2024-06-11 02:20:34,808] [INFO] - Data from ./data/transformed/Co2_Concentration_Data.csv loaded into Co2_Concentration_Data table in CombinedDataset.sqlite database.
[2024-06-11 02:20:34,839] [INFO] - Data from ./data/transformed/Sea_Level_Data.csv loaded into Sea_Level_Data table in CombinedDataset.sqlite database.
[2024-06-11 02:20:34,883] [INFO] - Data from ./data/transformed/Solar_Flare_Data.csv loaded into Solar_Flare_Data table in CombinedDataset.sqlite database.
[2024-06-11 02:20:34,900] [INFO] - Data from ./data/transformed/Temperature_Data.csv loaded into Temperature_Data table in CombinedDataset.sqlite database.
[2024-06-11 02:20:34,900] [INFO] - Connection to CombinedDataset.sqlite closed.
[2024-06-11 02:20:34,900] [INFO] - [#] Pipeline at execution: Pipeline for Solar_Flare_Data
[2024-06-11 02:20:34,900] [INFO] - Executing task: Extraction task
[2024-06-11 02:20:35,441] [INFO] - Data extracted and saved to: ./data/raw/
[2024-06-11 02:20:35,441] [INFO] - Executing task: Transform task
[2024-06-11 02:20:35,520] [INFO] - Data transformation successful.
[2024-06-11 02:20:35,520] [INFO] - Executing task: Load task
[2024-06-11 02:20:35,530] [INFO] - Data from ./data/transformed/Co2_Concentration_Data.csv loaded into Co2_Concentration_Data table in CombinedDataset.sqlite database.
[2024-06-11 02:20:35,559] [INFO] - Data from ./data/transformed/Sea_Level_Data.csv loaded into Sea_Level_Data table in CombinedDataset.sqlite database.
[2024-06-11 02:20:35,597] [INFO] - Data from ./data/transformed/Solar_Flare_Data.csv loaded into Solar_Flare_Data table in CombinedDataset.sqlite database.
[2024-06-11 02:20:35,613] [INFO] - Data from ./data/transformed/Temperature_Data.csv loaded into Temperature_Data table in CombinedDataset.sqlite database.
[2024-06-11 02:20:35,613] [INFO] - Connection to CombinedDataset.sqlite closed.
[2024-06-11 02:20:35,613] [INFO] - Pipeline execution completed.
