[2024-05-24T00:14:36.952+0000] {processor.py:161} INFO - Started process (PID=51) to work on /opt/airflow/dags/airflow_dag.py
[2024-05-24T00:14:36.953+0000] {processor.py:830} INFO - Processing file /opt/airflow/dags/airflow_dag.py for tasks to queue
[2024-05-24T00:14:36.954+0000] {logging_mixin.py:188} INFO - [2024-05-24T00:14:36.954+0000] {dagbag.py:545} INFO - Filling up the DagBag from /opt/airflow/dags/airflow_dag.py
[2024-05-24T00:14:36.962+0000] {logging_mixin.py:188} INFO - [2024-05-24T00:14:36.962+0000] {dagbag.py:355} ERROR - Failed to import: /opt/airflow/dags/airflow_dag.py
Traceback (most recent call last):
  File "/home/airflow/.local/lib/python3.12/site-packages/airflow/models/dagbag.py", line 351, in parse
    loader.exec_module(new_module)
  File "<frozen importlib._bootstrap_external>", line 995, in exec_module
  File "<frozen importlib._bootstrap>", line 488, in _call_with_frames_removed
  File "/opt/airflow/dags/airflow_dag.py", line 6, in <module>
    from logger import BaseLogger, ConsoleLogger
ModuleNotFoundError: No module named 'logger'
[2024-05-24T00:14:36.963+0000] {processor.py:842} WARNING - No viable dags retrieved from /opt/airflow/dags/airflow_dag.py
[2024-05-24T00:14:36.974+0000] {processor.py:183} INFO - Processing /opt/airflow/dags/airflow_dag.py took 0.024 seconds
[2024-05-24T00:15:07.392+0000] {processor.py:161} INFO - Started process (PID=110) to work on /opt/airflow/dags/airflow_dag.py
[2024-05-24T00:15:07.396+0000] {processor.py:830} INFO - Processing file /opt/airflow/dags/airflow_dag.py for tasks to queue
[2024-05-24T00:15:07.396+0000] {logging_mixin.py:188} INFO - [2024-05-24T00:15:07.396+0000] {dagbag.py:545} INFO - Filling up the DagBag from /opt/airflow/dags/airflow_dag.py
[2024-05-24T00:15:07.398+0000] {logging_mixin.py:188} INFO - [2024-05-24T00:15:07.397+0000] {dagbag.py:355} ERROR - Failed to import: /opt/airflow/dags/airflow_dag.py
Traceback (most recent call last):
  File "/home/airflow/.local/lib/python3.12/site-packages/airflow/models/dagbag.py", line 351, in parse
    loader.exec_module(new_module)
  File "<frozen importlib._bootstrap_external>", line 995, in exec_module
  File "<frozen importlib._bootstrap>", line 488, in _call_with_frames_removed
  File "/opt/airflow/dags/airflow_dag.py", line 6, in <module>
    from logger import BaseLogger, ConsoleLogger
ModuleNotFoundError: No module named 'logger'
[2024-05-24T00:15:07.398+0000] {processor.py:842} WARNING - No viable dags retrieved from /opt/airflow/dags/airflow_dag.py
[2024-05-24T00:15:07.415+0000] {processor.py:183} INFO - Processing /opt/airflow/dags/airflow_dag.py took 0.027 seconds
[2024-05-24T00:15:37.707+0000] {processor.py:161} INFO - Started process (PID=169) to work on /opt/airflow/dags/airflow_dag.py
[2024-05-24T00:15:37.710+0000] {processor.py:830} INFO - Processing file /opt/airflow/dags/airflow_dag.py for tasks to queue
[2024-05-24T00:15:37.711+0000] {logging_mixin.py:188} INFO - [2024-05-24T00:15:37.710+0000] {dagbag.py:545} INFO - Filling up the DagBag from /opt/airflow/dags/airflow_dag.py
[2024-05-24T00:15:37.712+0000] {logging_mixin.py:188} INFO - [2024-05-24T00:15:37.711+0000] {dagbag.py:355} ERROR - Failed to import: /opt/airflow/dags/airflow_dag.py
Traceback (most recent call last):
  File "/home/airflow/.local/lib/python3.12/site-packages/airflow/models/dagbag.py", line 351, in parse
    loader.exec_module(new_module)
  File "<frozen importlib._bootstrap_external>", line 995, in exec_module
  File "<frozen importlib._bootstrap>", line 488, in _call_with_frames_removed
  File "/opt/airflow/dags/airflow_dag.py", line 6, in <module>
    from logger import BaseLogger, ConsoleLogger
ModuleNotFoundError: No module named 'logger'
[2024-05-24T00:15:37.712+0000] {processor.py:842} WARNING - No viable dags retrieved from /opt/airflow/dags/airflow_dag.py
[2024-05-24T00:15:37.726+0000] {processor.py:183} INFO - Processing /opt/airflow/dags/airflow_dag.py took 0.024 seconds
[2024-05-24T00:16:08.172+0000] {processor.py:161} INFO - Started process (PID=228) to work on /opt/airflow/dags/airflow_dag.py
[2024-05-24T00:16:08.175+0000] {processor.py:830} INFO - Processing file /opt/airflow/dags/airflow_dag.py for tasks to queue
[2024-05-24T00:16:08.176+0000] {logging_mixin.py:188} INFO - [2024-05-24T00:16:08.176+0000] {dagbag.py:545} INFO - Filling up the DagBag from /opt/airflow/dags/airflow_dag.py
[2024-05-24T00:16:08.177+0000] {logging_mixin.py:188} INFO - [2024-05-24T00:16:08.177+0000] {dagbag.py:355} ERROR - Failed to import: /opt/airflow/dags/airflow_dag.py
Traceback (most recent call last):
  File "/home/airflow/.local/lib/python3.12/site-packages/airflow/models/dagbag.py", line 351, in parse
    loader.exec_module(new_module)
  File "<frozen importlib._bootstrap_external>", line 995, in exec_module
  File "<frozen importlib._bootstrap>", line 488, in _call_with_frames_removed
  File "/opt/airflow/dags/airflow_dag.py", line 6, in <module>
    from logger import BaseLogger, ConsoleLogger
ModuleNotFoundError: No module named 'logger'
[2024-05-24T00:16:08.177+0000] {processor.py:842} WARNING - No viable dags retrieved from /opt/airflow/dags/airflow_dag.py
[2024-05-24T00:16:08.201+0000] {processor.py:183} INFO - Processing /opt/airflow/dags/airflow_dag.py took 0.034 seconds
[2024-05-24T00:16:38.709+0000] {processor.py:161} INFO - Started process (PID=287) to work on /opt/airflow/dags/airflow_dag.py
[2024-05-24T00:16:38.709+0000] {processor.py:830} INFO - Processing file /opt/airflow/dags/airflow_dag.py for tasks to queue
[2024-05-24T00:16:38.710+0000] {logging_mixin.py:188} INFO - [2024-05-24T00:16:38.710+0000] {dagbag.py:545} INFO - Filling up the DagBag from /opt/airflow/dags/airflow_dag.py
[2024-05-24T00:16:38.712+0000] {logging_mixin.py:188} INFO - [2024-05-24T00:16:38.712+0000] {dagbag.py:355} ERROR - Failed to import: /opt/airflow/dags/airflow_dag.py
Traceback (most recent call last):
  File "/home/airflow/.local/lib/python3.12/site-packages/airflow/models/dagbag.py", line 351, in parse
    loader.exec_module(new_module)
  File "<frozen importlib._bootstrap_external>", line 995, in exec_module
  File "<frozen importlib._bootstrap>", line 488, in _call_with_frames_removed
  File "/opt/airflow/dags/airflow_dag.py", line 6, in <module>
    from logger import BaseLogger, ConsoleLogger
ModuleNotFoundError: No module named 'logger'
[2024-05-24T00:16:38.713+0000] {processor.py:842} WARNING - No viable dags retrieved from /opt/airflow/dags/airflow_dag.py
[2024-05-24T00:16:38.723+0000] {processor.py:183} INFO - Processing /opt/airflow/dags/airflow_dag.py took 0.018 seconds
[2024-05-24T00:16:38.969+0000] {processor.py:161} INFO - Started process (PID=300) to work on /opt/airflow/dags/airflow_dag.py
[2024-05-24T00:16:38.969+0000] {processor.py:830} INFO - Processing file /opt/airflow/dags/airflow_dag.py for tasks to queue
[2024-05-24T00:16:38.970+0000] {logging_mixin.py:188} INFO - [2024-05-24T00:16:38.969+0000] {dagbag.py:545} INFO - Filling up the DagBag from /opt/airflow/dags/airflow_dag.py
[2024-05-24T00:16:38.971+0000] {logging_mixin.py:188} INFO - [2024-05-24T00:16:38.970+0000] {dagbag.py:355} ERROR - Failed to import: /opt/airflow/dags/airflow_dag.py
Traceback (most recent call last):
  File "/home/airflow/.local/lib/python3.12/site-packages/airflow/models/dagbag.py", line 351, in parse
    loader.exec_module(new_module)
  File "<frozen importlib._bootstrap_external>", line 995, in exec_module
  File "<frozen importlib._bootstrap>", line 488, in _call_with_frames_removed
  File "/opt/airflow/dags/airflow_dag.py", line 6, in <module>
    from logger import BaseLogger, ConsoleLogger
ModuleNotFoundError: No module named 'logger'
[2024-05-24T00:16:38.971+0000] {processor.py:842} WARNING - No viable dags retrieved from /opt/airflow/dags/airflow_dag.py
[2024-05-24T00:16:38.981+0000] {processor.py:183} INFO - Processing /opt/airflow/dags/airflow_dag.py took 0.015 seconds
[2024-05-24T00:17:09.201+0000] {processor.py:161} INFO - Started process (PID=347) to work on /opt/airflow/dags/airflow_dag.py
[2024-05-24T00:17:09.204+0000] {processor.py:830} INFO - Processing file /opt/airflow/dags/airflow_dag.py for tasks to queue
[2024-05-24T00:17:09.206+0000] {logging_mixin.py:188} INFO - [2024-05-24T00:17:09.205+0000] {dagbag.py:545} INFO - Filling up the DagBag from /opt/airflow/dags/airflow_dag.py
[2024-05-24T00:17:09.208+0000] {logging_mixin.py:188} INFO - [2024-05-24T00:17:09.207+0000] {dagbag.py:355} ERROR - Failed to import: /opt/airflow/dags/airflow_dag.py
Traceback (most recent call last):
  File "/home/airflow/.local/lib/python3.12/site-packages/airflow/models/dagbag.py", line 351, in parse
    loader.exec_module(new_module)
  File "<frozen importlib._bootstrap_external>", line 995, in exec_module
  File "<frozen importlib._bootstrap>", line 488, in _call_with_frames_removed
  File "/opt/airflow/dags/airflow_dag.py", line 6, in <module>
    from logger import BaseLogger, ConsoleLogger
ModuleNotFoundError: No module named 'logger'
[2024-05-24T00:17:09.209+0000] {processor.py:842} WARNING - No viable dags retrieved from /opt/airflow/dags/airflow_dag.py
[2024-05-24T00:17:09.223+0000] {processor.py:183} INFO - Processing /opt/airflow/dags/airflow_dag.py took 0.025 seconds
[2024-05-24T00:17:39.583+0000] {processor.py:161} INFO - Started process (PID=406) to work on /opt/airflow/dags/airflow_dag.py
[2024-05-24T00:17:39.583+0000] {processor.py:830} INFO - Processing file /opt/airflow/dags/airflow_dag.py for tasks to queue
[2024-05-24T00:17:39.583+0000] {logging_mixin.py:188} INFO - [2024-05-24T00:17:39.583+0000] {dagbag.py:545} INFO - Filling up the DagBag from /opt/airflow/dags/airflow_dag.py
[2024-05-24T00:17:39.585+0000] {logging_mixin.py:188} INFO - [2024-05-24T00:17:39.584+0000] {dagbag.py:355} ERROR - Failed to import: /opt/airflow/dags/airflow_dag.py
Traceback (most recent call last):
  File "/home/airflow/.local/lib/python3.12/site-packages/airflow/models/dagbag.py", line 351, in parse
    loader.exec_module(new_module)
  File "<frozen importlib._bootstrap_external>", line 995, in exec_module
  File "<frozen importlib._bootstrap>", line 488, in _call_with_frames_removed
  File "/opt/airflow/dags/airflow_dag.py", line 6, in <module>
    from logger import BaseLogger, ConsoleLogger
ModuleNotFoundError: No module named 'logger'
[2024-05-24T00:17:39.585+0000] {processor.py:842} WARNING - No viable dags retrieved from /opt/airflow/dags/airflow_dag.py
[2024-05-24T00:17:39.599+0000] {processor.py:183} INFO - Processing /opt/airflow/dags/airflow_dag.py took 0.020 seconds
[2024-05-24T00:17:52.018+0000] {processor.py:161} INFO - Started process (PID=459) to work on /opt/airflow/dags/airflow_dag.py
[2024-05-24T00:17:52.022+0000] {processor.py:830} INFO - Processing file /opt/airflow/dags/airflow_dag.py for tasks to queue
[2024-05-24T00:17:52.024+0000] {logging_mixin.py:188} INFO - [2024-05-24T00:17:52.024+0000] {dagbag.py:545} INFO - Filling up the DagBag from /opt/airflow/dags/airflow_dag.py
[2024-05-24T00:17:52.214+0000] {logging_mixin.py:188} WARNING - [2024-05-24 00:17:52,214] [INFO] - Read the config file successfully.
[2024-05-24T00:17:52.214+0000] {logging_mixin.py:188} INFO - [2024-05-24T00:17:52.214+0000] {base_logger.py:19} INFO - Read the config file successfully.
[2024-05-24T00:17:52.215+0000] {logging_mixin.py:188} WARNING - [2024-05-24 00:17:52,215] [INFO] - Pipeline execution completed.
[2024-05-24T00:17:52.215+0000] {logging_mixin.py:188} INFO - [2024-05-24T00:17:52.215+0000] {base_logger.py:19} INFO - Pipeline execution completed.
[2024-05-24T00:17:52.215+0000] {processor.py:840} INFO - DAG(s) 'data_pipeline' retrieved from /opt/airflow/dags/airflow_dag.py
[2024-05-24T00:17:52.253+0000] {logging_mixin.py:188} INFO - [2024-05-24T00:17:52.252+0000] {override.py:1829} INFO - Created Permission View: can read on DAG:data_pipeline
[2024-05-24T00:17:52.256+0000] {logging_mixin.py:188} INFO - [2024-05-24T00:17:52.256+0000] {override.py:1829} INFO - Created Permission View: can edit on DAG:data_pipeline
[2024-05-24T00:17:52.258+0000] {logging_mixin.py:188} INFO - [2024-05-24T00:17:52.258+0000] {override.py:1829} INFO - Created Permission View: can delete on DAG:data_pipeline
[2024-05-24T00:17:52.258+0000] {logging_mixin.py:188} INFO - [2024-05-24T00:17:52.258+0000] {dag.py:3096} INFO - Sync 1 DAGs
[2024-05-24T00:17:52.261+0000] {logging_mixin.py:188} INFO - [2024-05-24T00:17:52.261+0000] {dag.py:3118} INFO - Creating ORM DAG for data_pipeline
[2024-05-24T00:17:52.265+0000] {logging_mixin.py:188} INFO - [2024-05-24T00:17:52.265+0000] {dag.py:3954} INFO - Setting next_dagrun for data_pipeline to 2024-05-24 00:00:00+00:00, run_after=2024-05-25 00:00:00+00:00
[2024-05-24T00:17:52.270+0000] {processor.py:183} INFO - Processing /opt/airflow/dags/airflow_dag.py took 0.260 seconds
[2024-05-24T00:18:22.766+0000] {processor.py:161} INFO - Started process (PID=519) to work on /opt/airflow/dags/airflow_dag.py
[2024-05-24T00:18:22.770+0000] {processor.py:830} INFO - Processing file /opt/airflow/dags/airflow_dag.py for tasks to queue
[2024-05-24T00:18:22.772+0000] {logging_mixin.py:188} INFO - [2024-05-24T00:18:22.772+0000] {dagbag.py:545} INFO - Filling up the DagBag from /opt/airflow/dags/airflow_dag.py
[2024-05-24T00:18:22.970+0000] {logging_mixin.py:188} WARNING - [2024-05-24 00:18:22,970] [INFO] - Read the config file successfully.
[2024-05-24T00:18:22.970+0000] {logging_mixin.py:188} INFO - [2024-05-24T00:18:22.970+0000] {base_logger.py:19} INFO - Read the config file successfully.
[2024-05-24T00:18:22.971+0000] {logging_mixin.py:188} WARNING - [2024-05-24 00:18:22,971] [INFO] - Pipeline execution completed.
[2024-05-24T00:18:22.971+0000] {logging_mixin.py:188} INFO - [2024-05-24T00:18:22.971+0000] {base_logger.py:19} INFO - Pipeline execution completed.
[2024-05-24T00:18:22.971+0000] {processor.py:840} INFO - DAG(s) 'data_pipeline' retrieved from /opt/airflow/dags/airflow_dag.py
[2024-05-24T00:18:22.978+0000] {logging_mixin.py:188} INFO - [2024-05-24T00:18:22.978+0000] {dag.py:3096} INFO - Sync 1 DAGs
[2024-05-24T00:18:22.986+0000] {logging_mixin.py:188} INFO - [2024-05-24T00:18:22.986+0000] {dag.py:3954} INFO - Setting next_dagrun for data_pipeline to 2024-05-24 00:00:00+00:00, run_after=2024-05-25 00:00:00+00:00
[2024-05-24T00:18:22.992+0000] {processor.py:183} INFO - Processing /opt/airflow/dags/airflow_dag.py took 0.235 seconds
[2024-05-24T00:18:53.561+0000] {processor.py:161} INFO - Started process (PID=585) to work on /opt/airflow/dags/airflow_dag.py
[2024-05-24T00:18:53.565+0000] {processor.py:830} INFO - Processing file /opt/airflow/dags/airflow_dag.py for tasks to queue
[2024-05-24T00:18:53.566+0000] {logging_mixin.py:188} INFO - [2024-05-24T00:18:53.566+0000] {dagbag.py:545} INFO - Filling up the DagBag from /opt/airflow/dags/airflow_dag.py
[2024-05-24T00:18:53.748+0000] {logging_mixin.py:188} WARNING - [2024-05-24 00:18:53,748] [INFO] - Read the config file successfully.
[2024-05-24T00:18:53.748+0000] {logging_mixin.py:188} INFO - [2024-05-24T00:18:53.748+0000] {base_logger.py:19} INFO - Read the config file successfully.
[2024-05-24T00:18:53.749+0000] {logging_mixin.py:188} WARNING - [2024-05-24 00:18:53,749] [INFO] - Pipeline execution completed.
[2024-05-24T00:18:53.749+0000] {logging_mixin.py:188} INFO - [2024-05-24T00:18:53.749+0000] {base_logger.py:19} INFO - Pipeline execution completed.
[2024-05-24T00:18:53.749+0000] {processor.py:840} INFO - DAG(s) 'data_pipeline' retrieved from /opt/airflow/dags/airflow_dag.py
[2024-05-24T00:18:53.760+0000] {logging_mixin.py:188} INFO - [2024-05-24T00:18:53.760+0000] {dag.py:3096} INFO - Sync 1 DAGs
[2024-05-24T00:18:53.772+0000] {logging_mixin.py:188} INFO - [2024-05-24T00:18:53.772+0000] {dag.py:3954} INFO - Setting next_dagrun for data_pipeline to 2024-05-24 00:00:00+00:00, run_after=2024-05-25 00:00:00+00:00
[2024-05-24T00:18:53.783+0000] {processor.py:183} INFO - Processing /opt/airflow/dags/airflow_dag.py took 0.226 seconds
[2024-05-24T00:19:24.211+0000] {processor.py:161} INFO - Started process (PID=645) to work on /opt/airflow/dags/airflow_dag.py
[2024-05-24T00:19:24.212+0000] {processor.py:830} INFO - Processing file /opt/airflow/dags/airflow_dag.py for tasks to queue
[2024-05-24T00:19:24.213+0000] {logging_mixin.py:188} INFO - [2024-05-24T00:19:24.213+0000] {dagbag.py:545} INFO - Filling up the DagBag from /opt/airflow/dags/airflow_dag.py
[2024-05-24T00:19:24.411+0000] {logging_mixin.py:188} WARNING - [2024-05-24 00:19:24,411] [INFO] - Read the config file successfully.
[2024-05-24T00:19:24.411+0000] {logging_mixin.py:188} INFO - [2024-05-24T00:19:24.411+0000] {base_logger.py:19} INFO - Read the config file successfully.
[2024-05-24T00:19:24.412+0000] {logging_mixin.py:188} WARNING - [2024-05-24 00:19:24,412] [INFO] - Pipeline execution completed.
[2024-05-24T00:19:24.412+0000] {logging_mixin.py:188} INFO - [2024-05-24T00:19:24.412+0000] {base_logger.py:19} INFO - Pipeline execution completed.
[2024-05-24T00:19:24.413+0000] {processor.py:840} INFO - DAG(s) 'data_pipeline' retrieved from /opt/airflow/dags/airflow_dag.py
[2024-05-24T00:19:24.425+0000] {logging_mixin.py:188} INFO - [2024-05-24T00:19:24.425+0000] {dag.py:3096} INFO - Sync 1 DAGs
[2024-05-24T00:19:24.436+0000] {logging_mixin.py:188} INFO - [2024-05-24T00:19:24.436+0000] {dag.py:3954} INFO - Setting next_dagrun for data_pipeline to 2024-05-24 00:00:00+00:00, run_after=2024-05-25 00:00:00+00:00
[2024-05-24T00:19:24.447+0000] {processor.py:183} INFO - Processing /opt/airflow/dags/airflow_dag.py took 0.239 seconds
[2024-05-24T00:19:55.117+0000] {processor.py:161} INFO - Started process (PID=705) to work on /opt/airflow/dags/airflow_dag.py
[2024-05-24T00:19:55.120+0000] {processor.py:830} INFO - Processing file /opt/airflow/dags/airflow_dag.py for tasks to queue
[2024-05-24T00:19:55.123+0000] {logging_mixin.py:188} INFO - [2024-05-24T00:19:55.123+0000] {dagbag.py:545} INFO - Filling up the DagBag from /opt/airflow/dags/airflow_dag.py
[2024-05-24T00:19:55.306+0000] {logging_mixin.py:188} WARNING - [2024-05-24 00:19:55,306] [INFO] - Read the config file successfully.
[2024-05-24T00:19:55.306+0000] {logging_mixin.py:188} INFO - [2024-05-24T00:19:55.306+0000] {base_logger.py:19} INFO - Read the config file successfully.
[2024-05-24T00:19:55.307+0000] {logging_mixin.py:188} WARNING - [2024-05-24 00:19:55,307] [INFO] - Pipeline execution completed.
[2024-05-24T00:19:55.307+0000] {logging_mixin.py:188} INFO - [2024-05-24T00:19:55.307+0000] {base_logger.py:19} INFO - Pipeline execution completed.
[2024-05-24T00:19:55.307+0000] {processor.py:840} INFO - DAG(s) 'data_pipeline' retrieved from /opt/airflow/dags/airflow_dag.py
[2024-05-24T00:19:55.315+0000] {logging_mixin.py:188} INFO - [2024-05-24T00:19:55.315+0000] {dag.py:3096} INFO - Sync 1 DAGs
[2024-05-24T00:19:55.322+0000] {logging_mixin.py:188} INFO - [2024-05-24T00:19:55.322+0000] {dag.py:3954} INFO - Setting next_dagrun for data_pipeline to 2024-05-24 00:00:00+00:00, run_after=2024-05-25 00:00:00+00:00
[2024-05-24T00:19:55.329+0000] {processor.py:183} INFO - Processing /opt/airflow/dags/airflow_dag.py took 0.217 seconds
[2024-05-24T00:20:25.573+0000] {processor.py:161} INFO - Started process (PID=764) to work on /opt/airflow/dags/airflow_dag.py
[2024-05-24T00:20:25.576+0000] {processor.py:830} INFO - Processing file /opt/airflow/dags/airflow_dag.py for tasks to queue
[2024-05-24T00:20:25.578+0000] {logging_mixin.py:188} INFO - [2024-05-24T00:20:25.578+0000] {dagbag.py:545} INFO - Filling up the DagBag from /opt/airflow/dags/airflow_dag.py
[2024-05-24T00:20:25.766+0000] {logging_mixin.py:188} WARNING - [2024-05-24 00:20:25,766] [INFO] - Read the config file successfully.
[2024-05-24T00:20:25.767+0000] {logging_mixin.py:188} INFO - [2024-05-24T00:20:25.766+0000] {base_logger.py:19} INFO - Read the config file successfully.
[2024-05-24T00:20:25.767+0000] {logging_mixin.py:188} WARNING - [2024-05-24 00:20:25,767] [INFO] - Pipeline execution completed.
[2024-05-24T00:20:25.767+0000] {logging_mixin.py:188} INFO - [2024-05-24T00:20:25.767+0000] {base_logger.py:19} INFO - Pipeline execution completed.
[2024-05-24T00:20:25.768+0000] {processor.py:840} INFO - DAG(s) 'data_pipeline' retrieved from /opt/airflow/dags/airflow_dag.py
[2024-05-24T00:20:25.775+0000] {logging_mixin.py:188} INFO - [2024-05-24T00:20:25.775+0000] {dag.py:3096} INFO - Sync 1 DAGs
[2024-05-24T00:20:25.782+0000] {logging_mixin.py:188} INFO - [2024-05-24T00:20:25.782+0000] {dag.py:3954} INFO - Setting next_dagrun for data_pipeline to 2024-05-24 00:00:00+00:00, run_after=2024-05-25 00:00:00+00:00
[2024-05-24T00:20:25.790+0000] {processor.py:183} INFO - Processing /opt/airflow/dags/airflow_dag.py took 0.221 seconds
[2024-05-24T00:20:56.280+0000] {processor.py:161} INFO - Started process (PID=824) to work on /opt/airflow/dags/airflow_dag.py
[2024-05-24T00:20:56.284+0000] {processor.py:830} INFO - Processing file /opt/airflow/dags/airflow_dag.py for tasks to queue
[2024-05-24T00:20:56.286+0000] {logging_mixin.py:188} INFO - [2024-05-24T00:20:56.286+0000] {dagbag.py:545} INFO - Filling up the DagBag from /opt/airflow/dags/airflow_dag.py
[2024-05-24T00:20:56.480+0000] {logging_mixin.py:188} WARNING - [2024-05-24 00:20:56,480] [INFO] - Read the config file successfully.
[2024-05-24T00:20:56.480+0000] {logging_mixin.py:188} INFO - [2024-05-24T00:20:56.480+0000] {base_logger.py:19} INFO - Read the config file successfully.
[2024-05-24T00:20:56.481+0000] {logging_mixin.py:188} WARNING - [2024-05-24 00:20:56,481] [INFO] - Pipeline execution completed.
[2024-05-24T00:20:56.481+0000] {logging_mixin.py:188} INFO - [2024-05-24T00:20:56.481+0000] {base_logger.py:19} INFO - Pipeline execution completed.
[2024-05-24T00:20:56.481+0000] {processor.py:840} INFO - DAG(s) 'data_pipeline' retrieved from /opt/airflow/dags/airflow_dag.py
[2024-05-24T00:20:56.488+0000] {logging_mixin.py:188} INFO - [2024-05-24T00:20:56.488+0000] {dag.py:3096} INFO - Sync 1 DAGs
[2024-05-24T00:20:56.496+0000] {logging_mixin.py:188} INFO - [2024-05-24T00:20:56.496+0000] {dag.py:3954} INFO - Setting next_dagrun for data_pipeline to 2024-05-24 00:00:00+00:00, run_after=2024-05-25 00:00:00+00:00
[2024-05-24T00:20:56.502+0000] {processor.py:183} INFO - Processing /opt/airflow/dags/airflow_dag.py took 0.232 seconds
[2024-05-24T00:21:26.917+0000] {processor.py:161} INFO - Started process (PID=901) to work on /opt/airflow/dags/airflow_dag.py
[2024-05-24T00:21:26.920+0000] {processor.py:830} INFO - Processing file /opt/airflow/dags/airflow_dag.py for tasks to queue
[2024-05-24T00:21:26.922+0000] {logging_mixin.py:188} INFO - [2024-05-24T00:21:26.922+0000] {dagbag.py:545} INFO - Filling up the DagBag from /opt/airflow/dags/airflow_dag.py
[2024-05-24T00:21:27.108+0000] {logging_mixin.py:188} WARNING - [2024-05-24 00:21:27,108] [INFO] - Read the config file successfully.
[2024-05-24T00:21:27.108+0000] {logging_mixin.py:188} INFO - [2024-05-24T00:21:27.108+0000] {base_logger.py:19} INFO - Read the config file successfully.
[2024-05-24T00:21:27.109+0000] {logging_mixin.py:188} WARNING - [2024-05-24 00:21:27,109] [INFO] - Pipeline execution completed.
[2024-05-24T00:21:27.109+0000] {logging_mixin.py:188} INFO - [2024-05-24T00:21:27.109+0000] {base_logger.py:19} INFO - Pipeline execution completed.
[2024-05-24T00:21:27.110+0000] {processor.py:840} INFO - DAG(s) 'data_pipeline' retrieved from /opt/airflow/dags/airflow_dag.py
[2024-05-24T00:21:27.119+0000] {logging_mixin.py:188} INFO - [2024-05-24T00:21:27.119+0000] {dag.py:3096} INFO - Sync 1 DAGs
[2024-05-24T00:21:27.131+0000] {logging_mixin.py:188} INFO - [2024-05-24T00:21:27.131+0000] {dag.py:3954} INFO - Setting next_dagrun for data_pipeline to 2024-05-24 00:00:00+00:00, run_after=2024-05-25 00:00:00+00:00
[2024-05-24T00:21:27.144+0000] {processor.py:183} INFO - Processing /opt/airflow/dags/airflow_dag.py took 0.234 seconds
[2024-05-24T00:21:57.628+0000] {processor.py:161} INFO - Started process (PID=979) to work on /opt/airflow/dags/airflow_dag.py
[2024-05-24T00:21:57.631+0000] {processor.py:830} INFO - Processing file /opt/airflow/dags/airflow_dag.py for tasks to queue
[2024-05-24T00:21:57.633+0000] {logging_mixin.py:188} INFO - [2024-05-24T00:21:57.633+0000] {dagbag.py:545} INFO - Filling up the DagBag from /opt/airflow/dags/airflow_dag.py
[2024-05-24T00:21:57.824+0000] {logging_mixin.py:188} WARNING - [2024-05-24 00:21:57,824] [INFO] - Read the config file successfully.
[2024-05-24T00:21:57.825+0000] {logging_mixin.py:188} INFO - [2024-05-24T00:21:57.824+0000] {base_logger.py:19} INFO - Read the config file successfully.
[2024-05-24T00:21:57.825+0000] {logging_mixin.py:188} WARNING - [2024-05-24 00:21:57,825] [INFO] - Pipeline execution completed.
[2024-05-24T00:21:57.825+0000] {logging_mixin.py:188} INFO - [2024-05-24T00:21:57.825+0000] {base_logger.py:19} INFO - Pipeline execution completed.
[2024-05-24T00:21:57.826+0000] {processor.py:840} INFO - DAG(s) 'data_pipeline' retrieved from /opt/airflow/dags/airflow_dag.py
[2024-05-24T00:21:57.837+0000] {logging_mixin.py:188} INFO - [2024-05-24T00:21:57.837+0000] {dag.py:3096} INFO - Sync 1 DAGs
[2024-05-24T00:21:57.849+0000] {logging_mixin.py:188} INFO - [2024-05-24T00:21:57.849+0000] {dag.py:3954} INFO - Setting next_dagrun for data_pipeline to 2024-05-24 00:00:00+00:00, run_after=2024-05-25 00:00:00+00:00
[2024-05-24T00:21:57.859+0000] {processor.py:183} INFO - Processing /opt/airflow/dags/airflow_dag.py took 0.234 seconds
[2024-05-24T00:22:28.661+0000] {processor.py:161} INFO - Started process (PID=1057) to work on /opt/airflow/dags/airflow_dag.py
[2024-05-24T00:22:28.665+0000] {processor.py:830} INFO - Processing file /opt/airflow/dags/airflow_dag.py for tasks to queue
[2024-05-24T00:22:28.666+0000] {logging_mixin.py:188} INFO - [2024-05-24T00:22:28.666+0000] {dagbag.py:545} INFO - Filling up the DagBag from /opt/airflow/dags/airflow_dag.py
[2024-05-24T00:22:28.862+0000] {logging_mixin.py:188} WARNING - [2024-05-24 00:22:28,862] [INFO] - Read the config file successfully.
[2024-05-24T00:22:28.862+0000] {logging_mixin.py:188} INFO - [2024-05-24T00:22:28.862+0000] {base_logger.py:19} INFO - Read the config file successfully.
[2024-05-24T00:22:28.863+0000] {logging_mixin.py:188} WARNING - [2024-05-24 00:22:28,863] [INFO] - Pipeline execution completed.
[2024-05-24T00:22:28.863+0000] {logging_mixin.py:188} INFO - [2024-05-24T00:22:28.863+0000] {base_logger.py:19} INFO - Pipeline execution completed.
[2024-05-24T00:22:28.864+0000] {processor.py:840} INFO - DAG(s) 'data_pipeline' retrieved from /opt/airflow/dags/airflow_dag.py
[2024-05-24T00:22:28.875+0000] {logging_mixin.py:188} INFO - [2024-05-24T00:22:28.875+0000] {dag.py:3096} INFO - Sync 1 DAGs
[2024-05-24T00:22:28.887+0000] {logging_mixin.py:188} INFO - [2024-05-24T00:22:28.886+0000] {dag.py:3954} INFO - Setting next_dagrun for data_pipeline to 2024-05-24 00:00:00+00:00, run_after=2024-05-25 00:00:00+00:00
[2024-05-24T00:22:28.895+0000] {processor.py:183} INFO - Processing /opt/airflow/dags/airflow_dag.py took 0.237 seconds
[2024-05-24T00:22:59.497+0000] {processor.py:161} INFO - Started process (PID=1117) to work on /opt/airflow/dags/airflow_dag.py
[2024-05-24T00:22:59.500+0000] {processor.py:830} INFO - Processing file /opt/airflow/dags/airflow_dag.py for tasks to queue
[2024-05-24T00:22:59.503+0000] {logging_mixin.py:188} INFO - [2024-05-24T00:22:59.502+0000] {dagbag.py:545} INFO - Filling up the DagBag from /opt/airflow/dags/airflow_dag.py
[2024-05-24T00:22:59.690+0000] {logging_mixin.py:188} WARNING - [2024-05-24 00:22:59,690] [INFO] - Read the config file successfully.
[2024-05-24T00:22:59.690+0000] {logging_mixin.py:188} INFO - [2024-05-24T00:22:59.690+0000] {base_logger.py:19} INFO - Read the config file successfully.
[2024-05-24T00:22:59.691+0000] {logging_mixin.py:188} WARNING - [2024-05-24 00:22:59,691] [INFO] - Pipeline execution completed.
[2024-05-24T00:22:59.691+0000] {logging_mixin.py:188} INFO - [2024-05-24T00:22:59.691+0000] {base_logger.py:19} INFO - Pipeline execution completed.
[2024-05-24T00:22:59.692+0000] {processor.py:840} INFO - DAG(s) 'data_pipeline' retrieved from /opt/airflow/dags/airflow_dag.py
[2024-05-24T00:22:59.699+0000] {logging_mixin.py:188} INFO - [2024-05-24T00:22:59.699+0000] {dag.py:3096} INFO - Sync 1 DAGs
[2024-05-24T00:22:59.706+0000] {logging_mixin.py:188} INFO - [2024-05-24T00:22:59.706+0000] {dag.py:3954} INFO - Setting next_dagrun for data_pipeline to 2024-05-24 00:00:00+00:00, run_after=2024-05-25 00:00:00+00:00
[2024-05-24T00:22:59.714+0000] {processor.py:183} INFO - Processing /opt/airflow/dags/airflow_dag.py took 0.223 seconds
[2024-05-24T00:23:30.423+0000] {processor.py:161} INFO - Started process (PID=1177) to work on /opt/airflow/dags/airflow_dag.py
[2024-05-24T00:23:30.426+0000] {processor.py:830} INFO - Processing file /opt/airflow/dags/airflow_dag.py for tasks to queue
[2024-05-24T00:23:30.428+0000] {logging_mixin.py:188} INFO - [2024-05-24T00:23:30.428+0000] {dagbag.py:545} INFO - Filling up the DagBag from /opt/airflow/dags/airflow_dag.py
[2024-05-24T00:23:30.611+0000] {logging_mixin.py:188} WARNING - [2024-05-24 00:23:30,611] [INFO] - Read the config file successfully.
[2024-05-24T00:23:30.611+0000] {logging_mixin.py:188} INFO - [2024-05-24T00:23:30.611+0000] {base_logger.py:19} INFO - Read the config file successfully.
[2024-05-24T00:23:30.612+0000] {logging_mixin.py:188} WARNING - [2024-05-24 00:23:30,612] [INFO] - Pipeline execution completed.
[2024-05-24T00:23:30.612+0000] {logging_mixin.py:188} INFO - [2024-05-24T00:23:30.612+0000] {base_logger.py:19} INFO - Pipeline execution completed.
[2024-05-24T00:23:30.612+0000] {processor.py:840} INFO - DAG(s) 'data_pipeline' retrieved from /opt/airflow/dags/airflow_dag.py
[2024-05-24T00:23:30.625+0000] {logging_mixin.py:188} INFO - [2024-05-24T00:23:30.625+0000] {dag.py:3096} INFO - Sync 1 DAGs
[2024-05-24T00:23:30.636+0000] {logging_mixin.py:188} INFO - [2024-05-24T00:23:30.636+0000] {dag.py:3954} INFO - Setting next_dagrun for data_pipeline to 2024-05-24 00:00:00+00:00, run_after=2024-05-25 00:00:00+00:00
[2024-05-24T00:23:30.648+0000] {processor.py:183} INFO - Processing /opt/airflow/dags/airflow_dag.py took 0.229 seconds
[2024-05-24T00:24:00.987+0000] {processor.py:161} INFO - Started process (PID=1243) to work on /opt/airflow/dags/airflow_dag.py
[2024-05-24T00:24:00.990+0000] {processor.py:830} INFO - Processing file /opt/airflow/dags/airflow_dag.py for tasks to queue
[2024-05-24T00:24:00.992+0000] {logging_mixin.py:188} INFO - [2024-05-24T00:24:00.991+0000] {dagbag.py:545} INFO - Filling up the DagBag from /opt/airflow/dags/airflow_dag.py
[2024-05-24T00:24:01.175+0000] {logging_mixin.py:188} WARNING - [2024-05-24 00:24:01,175] [INFO] - Read the config file successfully.
[2024-05-24T00:24:01.176+0000] {logging_mixin.py:188} INFO - [2024-05-24T00:24:01.175+0000] {base_logger.py:19} INFO - Read the config file successfully.
[2024-05-24T00:24:01.176+0000] {logging_mixin.py:188} WARNING - [2024-05-24 00:24:01,176] [INFO] - Pipeline execution completed.
[2024-05-24T00:24:01.176+0000] {logging_mixin.py:188} INFO - [2024-05-24T00:24:01.176+0000] {base_logger.py:19} INFO - Pipeline execution completed.
[2024-05-24T00:24:01.177+0000] {processor.py:840} INFO - DAG(s) 'data_pipeline' retrieved from /opt/airflow/dags/airflow_dag.py
[2024-05-24T00:24:01.188+0000] {logging_mixin.py:188} INFO - [2024-05-24T00:24:01.188+0000] {dag.py:3096} INFO - Sync 1 DAGs
[2024-05-24T00:24:01.198+0000] {logging_mixin.py:188} INFO - [2024-05-24T00:24:01.198+0000] {dag.py:3954} INFO - Setting next_dagrun for data_pipeline to 2024-05-24 00:00:00+00:00, run_after=2024-05-25 00:00:00+00:00
[2024-05-24T00:24:01.208+0000] {processor.py:183} INFO - Processing /opt/airflow/dags/airflow_dag.py took 0.230 seconds
[2024-05-24T00:24:31.921+0000] {processor.py:161} INFO - Started process (PID=1303) to work on /opt/airflow/dags/airflow_dag.py
[2024-05-24T00:24:31.924+0000] {processor.py:830} INFO - Processing file /opt/airflow/dags/airflow_dag.py for tasks to queue
[2024-05-24T00:24:31.925+0000] {logging_mixin.py:188} INFO - [2024-05-24T00:24:31.924+0000] {dagbag.py:545} INFO - Filling up the DagBag from /opt/airflow/dags/airflow_dag.py
[2024-05-24T00:24:32.105+0000] {logging_mixin.py:188} WARNING - [2024-05-24 00:24:32,105] [INFO] - Read the config file successfully.
[2024-05-24T00:24:32.105+0000] {logging_mixin.py:188} INFO - [2024-05-24T00:24:32.105+0000] {base_logger.py:19} INFO - Read the config file successfully.
[2024-05-24T00:24:32.106+0000] {logging_mixin.py:188} WARNING - [2024-05-24 00:24:32,105] [INFO] - Pipeline execution completed.
[2024-05-24T00:24:32.106+0000] {logging_mixin.py:188} INFO - [2024-05-24T00:24:32.105+0000] {base_logger.py:19} INFO - Pipeline execution completed.
[2024-05-24T00:24:32.106+0000] {processor.py:840} INFO - DAG(s) 'data_pipeline' retrieved from /opt/airflow/dags/airflow_dag.py
[2024-05-24T00:24:32.117+0000] {logging_mixin.py:188} INFO - [2024-05-24T00:24:32.117+0000] {dag.py:3096} INFO - Sync 1 DAGs
[2024-05-24T00:24:32.129+0000] {logging_mixin.py:188} INFO - [2024-05-24T00:24:32.129+0000] {dag.py:3954} INFO - Setting next_dagrun for data_pipeline to 2024-05-24 00:00:00+00:00, run_after=2024-05-25 00:00:00+00:00
[2024-05-24T00:24:32.142+0000] {processor.py:183} INFO - Processing /opt/airflow/dags/airflow_dag.py took 0.224 seconds
[2024-05-24T00:25:02.768+0000] {processor.py:161} INFO - Started process (PID=1363) to work on /opt/airflow/dags/airflow_dag.py
[2024-05-24T00:25:02.769+0000] {processor.py:830} INFO - Processing file /opt/airflow/dags/airflow_dag.py for tasks to queue
[2024-05-24T00:25:02.770+0000] {logging_mixin.py:188} INFO - [2024-05-24T00:25:02.770+0000] {dagbag.py:545} INFO - Filling up the DagBag from /opt/airflow/dags/airflow_dag.py
[2024-05-24T00:25:02.956+0000] {logging_mixin.py:188} WARNING - [2024-05-24 00:25:02,956] [INFO] - Read the config file successfully.
[2024-05-24T00:25:02.956+0000] {logging_mixin.py:188} INFO - [2024-05-24T00:25:02.956+0000] {base_logger.py:19} INFO - Read the config file successfully.
[2024-05-24T00:25:02.957+0000] {logging_mixin.py:188} WARNING - [2024-05-24 00:25:02,957] [INFO] - Pipeline execution completed.
[2024-05-24T00:25:02.957+0000] {logging_mixin.py:188} INFO - [2024-05-24T00:25:02.957+0000] {base_logger.py:19} INFO - Pipeline execution completed.
[2024-05-24T00:25:02.957+0000] {processor.py:840} INFO - DAG(s) 'data_pipeline' retrieved from /opt/airflow/dags/airflow_dag.py
[2024-05-24T00:25:02.965+0000] {logging_mixin.py:188} INFO - [2024-05-24T00:25:02.964+0000] {dag.py:3096} INFO - Sync 1 DAGs
[2024-05-24T00:25:02.972+0000] {logging_mixin.py:188} INFO - [2024-05-24T00:25:02.972+0000] {dag.py:3954} INFO - Setting next_dagrun for data_pipeline to 2024-05-24 00:00:00+00:00, run_after=2024-05-25 00:00:00+00:00
[2024-05-24T00:25:02.980+0000] {processor.py:183} INFO - Processing /opt/airflow/dags/airflow_dag.py took 0.216 seconds
[2024-05-24T00:25:33.275+0000] {processor.py:161} INFO - Started process (PID=1423) to work on /opt/airflow/dags/airflow_dag.py
[2024-05-24T00:25:33.278+0000] {processor.py:830} INFO - Processing file /opt/airflow/dags/airflow_dag.py for tasks to queue
[2024-05-24T00:25:33.281+0000] {logging_mixin.py:188} INFO - [2024-05-24T00:25:33.280+0000] {dagbag.py:545} INFO - Filling up the DagBag from /opt/airflow/dags/airflow_dag.py
[2024-05-24T00:25:33.471+0000] {logging_mixin.py:188} WARNING - [2024-05-24 00:25:33,471] [INFO] - Read the config file successfully.
[2024-05-24T00:25:33.471+0000] {logging_mixin.py:188} INFO - [2024-05-24T00:25:33.471+0000] {base_logger.py:19} INFO - Read the config file successfully.
[2024-05-24T00:25:33.472+0000] {logging_mixin.py:188} WARNING - [2024-05-24 00:25:33,472] [INFO] - Pipeline execution completed.
[2024-05-24T00:25:33.472+0000] {logging_mixin.py:188} INFO - [2024-05-24T00:25:33.472+0000] {base_logger.py:19} INFO - Pipeline execution completed.
[2024-05-24T00:25:33.473+0000] {processor.py:840} INFO - DAG(s) 'data_pipeline' retrieved from /opt/airflow/dags/airflow_dag.py
[2024-05-24T00:25:33.483+0000] {logging_mixin.py:188} INFO - [2024-05-24T00:25:33.482+0000] {dag.py:3096} INFO - Sync 1 DAGs
[2024-05-24T00:25:33.493+0000] {logging_mixin.py:188} INFO - [2024-05-24T00:25:33.493+0000] {dag.py:3954} INFO - Setting next_dagrun for data_pipeline to 2024-05-24 00:00:00+00:00, run_after=2024-05-25 00:00:00+00:00
[2024-05-24T00:25:33.508+0000] {processor.py:183} INFO - Processing /opt/airflow/dags/airflow_dag.py took 0.239 seconds
[2024-05-24T00:26:03.918+0000] {processor.py:161} INFO - Started process (PID=1483) to work on /opt/airflow/dags/airflow_dag.py
[2024-05-24T00:26:03.922+0000] {processor.py:830} INFO - Processing file /opt/airflow/dags/airflow_dag.py for tasks to queue
[2024-05-24T00:26:03.925+0000] {logging_mixin.py:188} INFO - [2024-05-24T00:26:03.925+0000] {dagbag.py:545} INFO - Filling up the DagBag from /opt/airflow/dags/airflow_dag.py
[2024-05-24T00:26:04.113+0000] {logging_mixin.py:188} WARNING - [2024-05-24 00:26:04,113] [INFO] - Read the config file successfully.
[2024-05-24T00:26:04.113+0000] {logging_mixin.py:188} INFO - [2024-05-24T00:26:04.113+0000] {base_logger.py:19} INFO - Read the config file successfully.
[2024-05-24T00:26:04.114+0000] {logging_mixin.py:188} WARNING - [2024-05-24 00:26:04,114] [INFO] - Pipeline execution completed.
[2024-05-24T00:26:04.114+0000] {logging_mixin.py:188} INFO - [2024-05-24T00:26:04.114+0000] {base_logger.py:19} INFO - Pipeline execution completed.
[2024-05-24T00:26:04.114+0000] {processor.py:840} INFO - DAG(s) 'data_pipeline' retrieved from /opt/airflow/dags/airflow_dag.py
[2024-05-24T00:26:04.126+0000] {logging_mixin.py:188} INFO - [2024-05-24T00:26:04.125+0000] {dag.py:3096} INFO - Sync 1 DAGs
[2024-05-24T00:26:04.137+0000] {logging_mixin.py:188} INFO - [2024-05-24T00:26:04.137+0000] {dag.py:3954} INFO - Setting next_dagrun for data_pipeline to 2024-05-24 00:00:00+00:00, run_after=2024-05-25 00:00:00+00:00
[2024-05-24T00:26:04.148+0000] {processor.py:183} INFO - Processing /opt/airflow/dags/airflow_dag.py took 0.236 seconds
[2024-05-24T00:26:34.614+0000] {processor.py:161} INFO - Started process (PID=1544) to work on /opt/airflow/dags/airflow_dag.py
[2024-05-24T00:26:34.617+0000] {processor.py:830} INFO - Processing file /opt/airflow/dags/airflow_dag.py for tasks to queue
[2024-05-24T00:26:34.619+0000] {logging_mixin.py:188} INFO - [2024-05-24T00:26:34.619+0000] {dagbag.py:545} INFO - Filling up the DagBag from /opt/airflow/dags/airflow_dag.py
[2024-05-24T00:26:34.799+0000] {logging_mixin.py:188} WARNING - [2024-05-24 00:26:34,799] [INFO] - Read the config file successfully.
[2024-05-24T00:26:34.799+0000] {logging_mixin.py:188} INFO - [2024-05-24T00:26:34.799+0000] {base_logger.py:19} INFO - Read the config file successfully.
[2024-05-24T00:26:34.800+0000] {logging_mixin.py:188} WARNING - [2024-05-24 00:26:34,800] [INFO] - Pipeline execution completed.
[2024-05-24T00:26:34.800+0000] {logging_mixin.py:188} INFO - [2024-05-24T00:26:34.800+0000] {base_logger.py:19} INFO - Pipeline execution completed.
[2024-05-24T00:26:34.800+0000] {processor.py:840} INFO - DAG(s) 'data_pipeline' retrieved from /opt/airflow/dags/airflow_dag.py
[2024-05-24T00:26:34.808+0000] {logging_mixin.py:188} INFO - [2024-05-24T00:26:34.808+0000] {dag.py:3096} INFO - Sync 1 DAGs
[2024-05-24T00:26:34.815+0000] {logging_mixin.py:188} INFO - [2024-05-24T00:26:34.815+0000] {dag.py:3954} INFO - Setting next_dagrun for data_pipeline to 2024-05-24 00:00:00+00:00, run_after=2024-05-25 00:00:00+00:00
[2024-05-24T00:26:34.824+0000] {processor.py:183} INFO - Processing /opt/airflow/dags/airflow_dag.py took 0.214 seconds
[2024-05-24T00:27:05.387+0000] {processor.py:161} INFO - Started process (PID=1604) to work on /opt/airflow/dags/airflow_dag.py
[2024-05-24T00:27:05.390+0000] {processor.py:830} INFO - Processing file /opt/airflow/dags/airflow_dag.py for tasks to queue
[2024-05-24T00:27:05.393+0000] {logging_mixin.py:188} INFO - [2024-05-24T00:27:05.393+0000] {dagbag.py:545} INFO - Filling up the DagBag from /opt/airflow/dags/airflow_dag.py
[2024-05-24T00:27:05.574+0000] {logging_mixin.py:188} WARNING - [2024-05-24 00:27:05,574] [INFO] - Read the config file successfully.
[2024-05-24T00:27:05.575+0000] {logging_mixin.py:188} INFO - [2024-05-24T00:27:05.574+0000] {base_logger.py:19} INFO - Read the config file successfully.
[2024-05-24T00:27:05.575+0000] {logging_mixin.py:188} WARNING - [2024-05-24 00:27:05,575] [INFO] - Pipeline execution completed.
[2024-05-24T00:27:05.575+0000] {logging_mixin.py:188} INFO - [2024-05-24T00:27:05.575+0000] {base_logger.py:19} INFO - Pipeline execution completed.
[2024-05-24T00:27:05.576+0000] {processor.py:840} INFO - DAG(s) 'data_pipeline' retrieved from /opt/airflow/dags/airflow_dag.py
[2024-05-24T00:27:05.584+0000] {logging_mixin.py:188} INFO - [2024-05-24T00:27:05.584+0000] {dag.py:3096} INFO - Sync 1 DAGs
[2024-05-24T00:27:05.591+0000] {logging_mixin.py:188} INFO - [2024-05-24T00:27:05.591+0000] {dag.py:3954} INFO - Setting next_dagrun for data_pipeline to 2024-05-24 00:00:00+00:00, run_after=2024-05-25 00:00:00+00:00
[2024-05-24T00:27:05.597+0000] {processor.py:183} INFO - Processing /opt/airflow/dags/airflow_dag.py took 0.216 seconds
[2024-05-24T00:27:36.106+0000] {processor.py:161} INFO - Started process (PID=1664) to work on /opt/airflow/dags/airflow_dag.py
[2024-05-24T00:27:36.110+0000] {processor.py:830} INFO - Processing file /opt/airflow/dags/airflow_dag.py for tasks to queue
[2024-05-24T00:27:36.112+0000] {logging_mixin.py:188} INFO - [2024-05-24T00:27:36.111+0000] {dagbag.py:545} INFO - Filling up the DagBag from /opt/airflow/dags/airflow_dag.py
[2024-05-24T00:27:36.300+0000] {logging_mixin.py:188} WARNING - [2024-05-24 00:27:36,300] [INFO] - Read the config file successfully.
[2024-05-24T00:27:36.300+0000] {logging_mixin.py:188} INFO - [2024-05-24T00:27:36.300+0000] {base_logger.py:19} INFO - Read the config file successfully.
[2024-05-24T00:27:36.301+0000] {logging_mixin.py:188} WARNING - [2024-05-24 00:27:36,301] [INFO] - Pipeline execution completed.
[2024-05-24T00:27:36.301+0000] {logging_mixin.py:188} INFO - [2024-05-24T00:27:36.301+0000] {base_logger.py:19} INFO - Pipeline execution completed.
[2024-05-24T00:27:36.301+0000] {processor.py:840} INFO - DAG(s) 'data_pipeline' retrieved from /opt/airflow/dags/airflow_dag.py
[2024-05-24T00:27:36.310+0000] {logging_mixin.py:188} INFO - [2024-05-24T00:27:36.310+0000] {dag.py:3096} INFO - Sync 1 DAGs
[2024-05-24T00:27:36.317+0000] {logging_mixin.py:188} INFO - [2024-05-24T00:27:36.317+0000] {dag.py:3954} INFO - Setting next_dagrun for data_pipeline to 2024-05-24 00:00:00+00:00, run_after=2024-05-25 00:00:00+00:00
[2024-05-24T00:27:36.323+0000] {processor.py:183} INFO - Processing /opt/airflow/dags/airflow_dag.py took 0.224 seconds
[2024-05-24T00:28:06.945+0000] {processor.py:161} INFO - Started process (PID=1724) to work on /opt/airflow/dags/airflow_dag.py
[2024-05-24T00:28:06.949+0000] {processor.py:830} INFO - Processing file /opt/airflow/dags/airflow_dag.py for tasks to queue
[2024-05-24T00:28:06.952+0000] {logging_mixin.py:188} INFO - [2024-05-24T00:28:06.952+0000] {dagbag.py:545} INFO - Filling up the DagBag from /opt/airflow/dags/airflow_dag.py
[2024-05-24T00:28:07.140+0000] {logging_mixin.py:188} WARNING - [2024-05-24 00:28:07,140] [INFO] - Read the config file successfully.
[2024-05-24T00:28:07.141+0000] {logging_mixin.py:188} INFO - [2024-05-24T00:28:07.140+0000] {base_logger.py:19} INFO - Read the config file successfully.
[2024-05-24T00:28:07.141+0000] {logging_mixin.py:188} WARNING - [2024-05-24 00:28:07,141] [INFO] - Pipeline execution completed.
[2024-05-24T00:28:07.141+0000] {logging_mixin.py:188} INFO - [2024-05-24T00:28:07.141+0000] {base_logger.py:19} INFO - Pipeline execution completed.
[2024-05-24T00:28:07.142+0000] {processor.py:840} INFO - DAG(s) 'data_pipeline' retrieved from /opt/airflow/dags/airflow_dag.py
[2024-05-24T00:28:07.150+0000] {logging_mixin.py:188} INFO - [2024-05-24T00:28:07.150+0000] {dag.py:3096} INFO - Sync 1 DAGs
[2024-05-24T00:28:07.157+0000] {logging_mixin.py:188} INFO - [2024-05-24T00:28:07.157+0000] {dag.py:3954} INFO - Setting next_dagrun for data_pipeline to 2024-05-24 00:00:00+00:00, run_after=2024-05-25 00:00:00+00:00
[2024-05-24T00:28:07.166+0000] {processor.py:183} INFO - Processing /opt/airflow/dags/airflow_dag.py took 0.230 seconds
[2024-05-24T00:28:37.924+0000] {processor.py:161} INFO - Started process (PID=1784) to work on /opt/airflow/dags/airflow_dag.py
[2024-05-24T00:28:37.927+0000] {processor.py:830} INFO - Processing file /opt/airflow/dags/airflow_dag.py for tasks to queue
[2024-05-24T00:28:37.927+0000] {logging_mixin.py:188} INFO - [2024-05-24T00:28:37.927+0000] {dagbag.py:545} INFO - Filling up the DagBag from /opt/airflow/dags/airflow_dag.py
[2024-05-24T00:28:38.106+0000] {logging_mixin.py:188} WARNING - [2024-05-24 00:28:38,106] [INFO] - Read the config file successfully.
[2024-05-24T00:28:38.106+0000] {logging_mixin.py:188} INFO - [2024-05-24T00:28:38.106+0000] {base_logger.py:19} INFO - Read the config file successfully.
[2024-05-24T00:28:38.107+0000] {logging_mixin.py:188} WARNING - [2024-05-24 00:28:38,107] [INFO] - Pipeline execution completed.
[2024-05-24T00:28:38.107+0000] {logging_mixin.py:188} INFO - [2024-05-24T00:28:38.107+0000] {base_logger.py:19} INFO - Pipeline execution completed.
[2024-05-24T00:28:38.107+0000] {processor.py:840} INFO - DAG(s) 'data_pipeline' retrieved from /opt/airflow/dags/airflow_dag.py
[2024-05-24T00:28:38.119+0000] {logging_mixin.py:188} INFO - [2024-05-24T00:28:38.119+0000] {dag.py:3096} INFO - Sync 1 DAGs
[2024-05-24T00:28:38.131+0000] {logging_mixin.py:188} INFO - [2024-05-24T00:28:38.131+0000] {dag.py:3954} INFO - Setting next_dagrun for data_pipeline to 2024-05-24 00:00:00+00:00, run_after=2024-05-25 00:00:00+00:00
[2024-05-24T00:28:38.139+0000] {processor.py:183} INFO - Processing /opt/airflow/dags/airflow_dag.py took 0.218 seconds
[2024-05-24T00:29:08.624+0000] {processor.py:161} INFO - Started process (PID=1844) to work on /opt/airflow/dags/airflow_dag.py
[2024-05-24T00:29:08.625+0000] {processor.py:830} INFO - Processing file /opt/airflow/dags/airflow_dag.py for tasks to queue
[2024-05-24T00:29:08.626+0000] {logging_mixin.py:188} INFO - [2024-05-24T00:29:08.626+0000] {dagbag.py:545} INFO - Filling up the DagBag from /opt/airflow/dags/airflow_dag.py
[2024-05-24T00:29:08.809+0000] {logging_mixin.py:188} WARNING - [2024-05-24 00:29:08,809] [INFO] - Read the config file successfully.
[2024-05-24T00:29:08.810+0000] {logging_mixin.py:188} INFO - [2024-05-24T00:29:08.809+0000] {base_logger.py:19} INFO - Read the config file successfully.
[2024-05-24T00:29:08.810+0000] {logging_mixin.py:188} WARNING - [2024-05-24 00:29:08,810] [INFO] - Pipeline execution completed.
[2024-05-24T00:29:08.811+0000] {logging_mixin.py:188} INFO - [2024-05-24T00:29:08.810+0000] {base_logger.py:19} INFO - Pipeline execution completed.
[2024-05-24T00:29:08.811+0000] {processor.py:840} INFO - DAG(s) 'data_pipeline' retrieved from /opt/airflow/dags/airflow_dag.py
[2024-05-24T00:29:08.822+0000] {logging_mixin.py:188} INFO - [2024-05-24T00:29:08.822+0000] {dag.py:3096} INFO - Sync 1 DAGs
[2024-05-24T00:29:08.834+0000] {logging_mixin.py:188} INFO - [2024-05-24T00:29:08.834+0000] {dag.py:3954} INFO - Setting next_dagrun for data_pipeline to 2024-05-24 00:00:00+00:00, run_after=2024-05-25 00:00:00+00:00
[2024-05-24T00:29:08.845+0000] {processor.py:183} INFO - Processing /opt/airflow/dags/airflow_dag.py took 0.227 seconds
[2024-05-24T00:29:39.559+0000] {processor.py:161} INFO - Started process (PID=1904) to work on /opt/airflow/dags/airflow_dag.py
[2024-05-24T00:29:39.562+0000] {processor.py:830} INFO - Processing file /opt/airflow/dags/airflow_dag.py for tasks to queue
[2024-05-24T00:29:39.565+0000] {logging_mixin.py:188} INFO - [2024-05-24T00:29:39.564+0000] {dagbag.py:545} INFO - Filling up the DagBag from /opt/airflow/dags/airflow_dag.py
[2024-05-24T00:29:39.750+0000] {logging_mixin.py:188} WARNING - [2024-05-24 00:29:39,750] [INFO] - Read the config file successfully.
[2024-05-24T00:29:39.751+0000] {logging_mixin.py:188} INFO - [2024-05-24T00:29:39.750+0000] {base_logger.py:19} INFO - Read the config file successfully.
[2024-05-24T00:29:39.751+0000] {logging_mixin.py:188} WARNING - [2024-05-24 00:29:39,751] [INFO] - Pipeline execution completed.
[2024-05-24T00:29:39.751+0000] {logging_mixin.py:188} INFO - [2024-05-24T00:29:39.751+0000] {base_logger.py:19} INFO - Pipeline execution completed.
[2024-05-24T00:29:39.752+0000] {processor.py:840} INFO - DAG(s) 'data_pipeline' retrieved from /opt/airflow/dags/airflow_dag.py
[2024-05-24T00:29:39.760+0000] {logging_mixin.py:188} INFO - [2024-05-24T00:29:39.760+0000] {dag.py:3096} INFO - Sync 1 DAGs
[2024-05-24T00:29:39.767+0000] {logging_mixin.py:188} INFO - [2024-05-24T00:29:39.767+0000] {dag.py:3954} INFO - Setting next_dagrun for data_pipeline to 2024-05-24 00:00:00+00:00, run_after=2024-05-25 00:00:00+00:00
[2024-05-24T00:29:39.776+0000] {processor.py:183} INFO - Processing /opt/airflow/dags/airflow_dag.py took 0.220 seconds
[2024-05-24T00:30:09.816+0000] {processor.py:161} INFO - Started process (PID=1964) to work on /opt/airflow/dags/airflow_dag.py
[2024-05-24T00:30:09.817+0000] {processor.py:830} INFO - Processing file /opt/airflow/dags/airflow_dag.py for tasks to queue
[2024-05-24T00:30:09.820+0000] {logging_mixin.py:188} INFO - [2024-05-24T00:30:09.820+0000] {dagbag.py:545} INFO - Filling up the DagBag from /opt/airflow/dags/airflow_dag.py
[2024-05-24T00:30:10.006+0000] {logging_mixin.py:188} WARNING - [2024-05-24 00:30:10,006] [INFO] - Read the config file successfully.
[2024-05-24T00:30:10.006+0000] {logging_mixin.py:188} INFO - [2024-05-24T00:30:10.006+0000] {base_logger.py:19} INFO - Read the config file successfully.
[2024-05-24T00:30:10.007+0000] {logging_mixin.py:188} WARNING - [2024-05-24 00:30:10,007] [INFO] - Pipeline execution completed.
[2024-05-24T00:30:10.007+0000] {logging_mixin.py:188} INFO - [2024-05-24T00:30:10.007+0000] {base_logger.py:19} INFO - Pipeline execution completed.
[2024-05-24T00:30:10.007+0000] {processor.py:840} INFO - DAG(s) 'data_pipeline' retrieved from /opt/airflow/dags/airflow_dag.py
[2024-05-24T00:30:10.014+0000] {logging_mixin.py:188} INFO - [2024-05-24T00:30:10.014+0000] {dag.py:3096} INFO - Sync 1 DAGs
[2024-05-24T00:30:10.022+0000] {logging_mixin.py:188} INFO - [2024-05-24T00:30:10.022+0000] {dag.py:3954} INFO - Setting next_dagrun for data_pipeline to 2024-05-24 00:00:00+00:00, run_after=2024-05-25 00:00:00+00:00
[2024-05-24T00:30:10.030+0000] {processor.py:183} INFO - Processing /opt/airflow/dags/airflow_dag.py took 0.225 seconds
[2024-05-24T00:30:40.600+0000] {processor.py:161} INFO - Started process (PID=2024) to work on /opt/airflow/dags/airflow_dag.py
[2024-05-24T00:30:40.604+0000] {processor.py:830} INFO - Processing file /opt/airflow/dags/airflow_dag.py for tasks to queue
[2024-05-24T00:30:40.606+0000] {logging_mixin.py:188} INFO - [2024-05-24T00:30:40.606+0000] {dagbag.py:545} INFO - Filling up the DagBag from /opt/airflow/dags/airflow_dag.py
[2024-05-24T00:30:40.784+0000] {logging_mixin.py:188} WARNING - [2024-05-24 00:30:40,784] [INFO] - Read the config file successfully.
[2024-05-24T00:30:40.784+0000] {logging_mixin.py:188} INFO - [2024-05-24T00:30:40.784+0000] {base_logger.py:19} INFO - Read the config file successfully.
[2024-05-24T00:30:40.785+0000] {logging_mixin.py:188} WARNING - [2024-05-24 00:30:40,785] [INFO] - Pipeline execution completed.
[2024-05-24T00:30:40.785+0000] {logging_mixin.py:188} INFO - [2024-05-24T00:30:40.785+0000] {base_logger.py:19} INFO - Pipeline execution completed.
[2024-05-24T00:30:40.785+0000] {processor.py:840} INFO - DAG(s) 'data_pipeline' retrieved from /opt/airflow/dags/airflow_dag.py
[2024-05-24T00:30:40.797+0000] {logging_mixin.py:188} INFO - [2024-05-24T00:30:40.797+0000] {dag.py:3096} INFO - Sync 1 DAGs
[2024-05-24T00:30:40.810+0000] {logging_mixin.py:188} INFO - [2024-05-24T00:30:40.810+0000] {dag.py:3954} INFO - Setting next_dagrun for data_pipeline to 2024-05-24 00:00:00+00:00, run_after=2024-05-25 00:00:00+00:00
[2024-05-24T00:30:40.822+0000] {processor.py:183} INFO - Processing /opt/airflow/dags/airflow_dag.py took 0.225 seconds
[2024-05-24T00:31:11.345+0000] {processor.py:161} INFO - Started process (PID=2084) to work on /opt/airflow/dags/airflow_dag.py
[2024-05-24T00:31:11.345+0000] {processor.py:830} INFO - Processing file /opt/airflow/dags/airflow_dag.py for tasks to queue
[2024-05-24T00:31:11.348+0000] {logging_mixin.py:188} INFO - [2024-05-24T00:31:11.347+0000] {dagbag.py:545} INFO - Filling up the DagBag from /opt/airflow/dags/airflow_dag.py
[2024-05-24T00:31:11.526+0000] {logging_mixin.py:188} WARNING - [2024-05-24 00:31:11,526] [INFO] - Read the config file successfully.
[2024-05-24T00:31:11.526+0000] {logging_mixin.py:188} INFO - [2024-05-24T00:31:11.526+0000] {base_logger.py:19} INFO - Read the config file successfully.
[2024-05-24T00:31:11.527+0000] {logging_mixin.py:188} WARNING - [2024-05-24 00:31:11,527] [INFO] - Pipeline execution completed.
[2024-05-24T00:31:11.527+0000] {logging_mixin.py:188} INFO - [2024-05-24T00:31:11.527+0000] {base_logger.py:19} INFO - Pipeline execution completed.
[2024-05-24T00:31:11.528+0000] {processor.py:840} INFO - DAG(s) 'data_pipeline' retrieved from /opt/airflow/dags/airflow_dag.py
[2024-05-24T00:31:11.536+0000] {logging_mixin.py:188} INFO - [2024-05-24T00:31:11.535+0000] {dag.py:3096} INFO - Sync 1 DAGs
[2024-05-24T00:31:11.542+0000] {logging_mixin.py:188} INFO - [2024-05-24T00:31:11.542+0000] {dag.py:3954} INFO - Setting next_dagrun for data_pipeline to 2024-05-24 00:00:00+00:00, run_after=2024-05-25 00:00:00+00:00
[2024-05-24T00:31:11.551+0000] {processor.py:183} INFO - Processing /opt/airflow/dags/airflow_dag.py took 0.209 seconds
[2024-05-24T00:31:41.935+0000] {processor.py:161} INFO - Started process (PID=2144) to work on /opt/airflow/dags/airflow_dag.py
[2024-05-24T00:31:41.939+0000] {processor.py:830} INFO - Processing file /opt/airflow/dags/airflow_dag.py for tasks to queue
[2024-05-24T00:31:41.941+0000] {logging_mixin.py:188} INFO - [2024-05-24T00:31:41.940+0000] {dagbag.py:545} INFO - Filling up the DagBag from /opt/airflow/dags/airflow_dag.py
[2024-05-24T00:31:42.135+0000] {logging_mixin.py:188} WARNING - [2024-05-24 00:31:42,135] [INFO] - Read the config file successfully.
[2024-05-24T00:31:42.136+0000] {logging_mixin.py:188} INFO - [2024-05-24T00:31:42.135+0000] {base_logger.py:19} INFO - Read the config file successfully.
[2024-05-24T00:31:42.136+0000] {logging_mixin.py:188} WARNING - [2024-05-24 00:31:42,136] [INFO] - Pipeline execution completed.
[2024-05-24T00:31:42.136+0000] {logging_mixin.py:188} INFO - [2024-05-24T00:31:42.136+0000] {base_logger.py:19} INFO - Pipeline execution completed.
[2024-05-24T00:31:42.137+0000] {processor.py:840} INFO - DAG(s) 'data_pipeline' retrieved from /opt/airflow/dags/airflow_dag.py
[2024-05-24T00:31:42.149+0000] {logging_mixin.py:188} INFO - [2024-05-24T00:31:42.149+0000] {dag.py:3096} INFO - Sync 1 DAGs
[2024-05-24T00:31:42.161+0000] {logging_mixin.py:188} INFO - [2024-05-24T00:31:42.161+0000] {dag.py:3954} INFO - Setting next_dagrun for data_pipeline to 2024-05-24 00:00:00+00:00, run_after=2024-05-25 00:00:00+00:00
[2024-05-24T00:31:42.172+0000] {processor.py:183} INFO - Processing /opt/airflow/dags/airflow_dag.py took 0.240 seconds
[2024-05-24T00:32:12.981+0000] {processor.py:161} INFO - Started process (PID=2204) to work on /opt/airflow/dags/airflow_dag.py
[2024-05-24T00:32:12.984+0000] {processor.py:830} INFO - Processing file /opt/airflow/dags/airflow_dag.py for tasks to queue
[2024-05-24T00:32:12.985+0000] {logging_mixin.py:188} INFO - [2024-05-24T00:32:12.985+0000] {dagbag.py:545} INFO - Filling up the DagBag from /opt/airflow/dags/airflow_dag.py
[2024-05-24T00:32:13.109+0000] {logging_mixin.py:188} WARNING - [2024-05-24 00:32:13,109] [INFO] - Read the config file successfully.
[2024-05-24T00:32:13.109+0000] {logging_mixin.py:188} INFO - [2024-05-24T00:32:13.109+0000] {base_logger.py:19} INFO - Read the config file successfully.
[2024-05-24T00:32:13.110+0000] {logging_mixin.py:188} WARNING - [2024-05-24 00:32:13,110] [INFO] - Pipeline execution completed.
[2024-05-24T00:32:13.110+0000] {logging_mixin.py:188} INFO - [2024-05-24T00:32:13.110+0000] {base_logger.py:19} INFO - Pipeline execution completed.
[2024-05-24T00:32:13.110+0000] {processor.py:840} INFO - DAG(s) 'data_pipeline' retrieved from /opt/airflow/dags/airflow_dag.py
[2024-05-24T00:32:13.121+0000] {logging_mixin.py:188} INFO - [2024-05-24T00:32:13.121+0000] {dag.py:3096} INFO - Sync 1 DAGs
[2024-05-24T00:32:13.135+0000] {logging_mixin.py:188} INFO - [2024-05-24T00:32:13.135+0000] {dag.py:3954} INFO - Setting next_dagrun for data_pipeline to 2024-05-24 00:00:00+00:00, run_after=2024-05-25 00:00:00+00:00
[2024-05-24T00:32:13.148+0000] {processor.py:183} INFO - Processing /opt/airflow/dags/airflow_dag.py took 0.170 seconds
[2024-05-24T00:32:43.538+0000] {processor.py:161} INFO - Started process (PID=2264) to work on /opt/airflow/dags/airflow_dag.py
[2024-05-24T00:32:43.541+0000] {processor.py:830} INFO - Processing file /opt/airflow/dags/airflow_dag.py for tasks to queue
[2024-05-24T00:32:43.543+0000] {logging_mixin.py:188} INFO - [2024-05-24T00:32:43.542+0000] {dagbag.py:545} INFO - Filling up the DagBag from /opt/airflow/dags/airflow_dag.py
[2024-05-24T00:32:43.670+0000] {logging_mixin.py:188} WARNING - [2024-05-24 00:32:43,670] [INFO] - Read the config file successfully.
[2024-05-24T00:32:43.670+0000] {logging_mixin.py:188} INFO - [2024-05-24T00:32:43.670+0000] {base_logger.py:19} INFO - Read the config file successfully.
[2024-05-24T00:32:43.671+0000] {logging_mixin.py:188} WARNING - [2024-05-24 00:32:43,671] [INFO] - Pipeline execution completed.
[2024-05-24T00:32:43.671+0000] {logging_mixin.py:188} INFO - [2024-05-24T00:32:43.671+0000] {base_logger.py:19} INFO - Pipeline execution completed.
[2024-05-24T00:32:43.672+0000] {processor.py:840} INFO - DAG(s) 'data_pipeline' retrieved from /opt/airflow/dags/airflow_dag.py
[2024-05-24T00:32:43.680+0000] {logging_mixin.py:188} INFO - [2024-05-24T00:32:43.680+0000] {dag.py:3096} INFO - Sync 1 DAGs
[2024-05-24T00:32:43.688+0000] {logging_mixin.py:188} INFO - [2024-05-24T00:32:43.688+0000] {dag.py:3954} INFO - Setting next_dagrun for data_pipeline to 2024-05-24 00:00:00+00:00, run_after=2024-05-25 00:00:00+00:00
[2024-05-24T00:32:43.696+0000] {processor.py:183} INFO - Processing /opt/airflow/dags/airflow_dag.py took 0.162 seconds
[2024-05-24T00:33:14.350+0000] {processor.py:161} INFO - Started process (PID=2324) to work on /opt/airflow/dags/airflow_dag.py
[2024-05-24T00:33:14.353+0000] {processor.py:830} INFO - Processing file /opt/airflow/dags/airflow_dag.py for tasks to queue
[2024-05-24T00:33:14.356+0000] {logging_mixin.py:188} INFO - [2024-05-24T00:33:14.356+0000] {dagbag.py:545} INFO - Filling up the DagBag from /opt/airflow/dags/airflow_dag.py
[2024-05-24T00:33:14.482+0000] {logging_mixin.py:188} WARNING - [2024-05-24 00:33:14,482] [INFO] - Read the config file successfully.
[2024-05-24T00:33:14.482+0000] {logging_mixin.py:188} INFO - [2024-05-24T00:33:14.482+0000] {base_logger.py:19} INFO - Read the config file successfully.
[2024-05-24T00:33:14.483+0000] {logging_mixin.py:188} WARNING - [2024-05-24 00:33:14,483] [INFO] - Pipeline execution completed.
[2024-05-24T00:33:14.483+0000] {logging_mixin.py:188} INFO - [2024-05-24T00:33:14.483+0000] {base_logger.py:19} INFO - Pipeline execution completed.
[2024-05-24T00:33:14.484+0000] {processor.py:840} INFO - DAG(s) 'data_pipeline' retrieved from /opt/airflow/dags/airflow_dag.py
[2024-05-24T00:33:14.495+0000] {logging_mixin.py:188} INFO - [2024-05-24T00:33:14.495+0000] {dag.py:3096} INFO - Sync 1 DAGs
[2024-05-24T00:33:14.508+0000] {logging_mixin.py:188} INFO - [2024-05-24T00:33:14.508+0000] {dag.py:3954} INFO - Setting next_dagrun for data_pipeline to 2024-05-24 00:00:00+00:00, run_after=2024-05-25 00:00:00+00:00
[2024-05-24T00:33:14.518+0000] {processor.py:183} INFO - Processing /opt/airflow/dags/airflow_dag.py took 0.176 seconds
[2024-05-24T00:33:45.262+0000] {processor.py:161} INFO - Started process (PID=2384) to work on /opt/airflow/dags/airflow_dag.py
[2024-05-24T00:33:45.265+0000] {processor.py:830} INFO - Processing file /opt/airflow/dags/airflow_dag.py for tasks to queue
[2024-05-24T00:33:45.267+0000] {logging_mixin.py:188} INFO - [2024-05-24T00:33:45.267+0000] {dagbag.py:545} INFO - Filling up the DagBag from /opt/airflow/dags/airflow_dag.py
[2024-05-24T00:33:45.406+0000] {logging_mixin.py:188} WARNING - [2024-05-24 00:33:45,406] [INFO] - Read the config file successfully.
[2024-05-24T00:33:45.406+0000] {logging_mixin.py:188} INFO - [2024-05-24T00:33:45.406+0000] {base_logger.py:19} INFO - Read the config file successfully.
[2024-05-24T00:33:45.407+0000] {logging_mixin.py:188} WARNING - [2024-05-24 00:33:45,407] [INFO] - Pipeline execution completed.
[2024-05-24T00:33:45.407+0000] {logging_mixin.py:188} INFO - [2024-05-24T00:33:45.407+0000] {base_logger.py:19} INFO - Pipeline execution completed.
[2024-05-24T00:33:45.408+0000] {processor.py:840} INFO - DAG(s) 'data_pipeline' retrieved from /opt/airflow/dags/airflow_dag.py
[2024-05-24T00:33:45.416+0000] {logging_mixin.py:188} INFO - [2024-05-24T00:33:45.416+0000] {dag.py:3096} INFO - Sync 1 DAGs
[2024-05-24T00:33:45.424+0000] {logging_mixin.py:188} INFO - [2024-05-24T00:33:45.424+0000] {dag.py:3954} INFO - Setting next_dagrun for data_pipeline to 2024-05-24 00:00:00+00:00, run_after=2024-05-25 00:00:00+00:00
[2024-05-24T00:33:45.433+0000] {processor.py:183} INFO - Processing /opt/airflow/dags/airflow_dag.py took 0.174 seconds
[2024-05-24T00:34:15.923+0000] {processor.py:161} INFO - Started process (PID=2444) to work on /opt/airflow/dags/airflow_dag.py
[2024-05-24T00:34:15.927+0000] {processor.py:830} INFO - Processing file /opt/airflow/dags/airflow_dag.py for tasks to queue
[2024-05-24T00:34:15.930+0000] {logging_mixin.py:188} INFO - [2024-05-24T00:34:15.929+0000] {dagbag.py:545} INFO - Filling up the DagBag from /opt/airflow/dags/airflow_dag.py
[2024-05-24T00:34:16.069+0000] {logging_mixin.py:188} WARNING - [2024-05-24 00:34:16,069] [INFO] - Read the config file successfully.
[2024-05-24T00:34:16.069+0000] {logging_mixin.py:188} INFO - [2024-05-24T00:34:16.069+0000] {base_logger.py:19} INFO - Read the config file successfully.
[2024-05-24T00:34:16.070+0000] {logging_mixin.py:188} WARNING - [2024-05-24 00:34:16,070] [INFO] - Pipeline execution completed.
[2024-05-24T00:34:16.070+0000] {logging_mixin.py:188} INFO - [2024-05-24T00:34:16.070+0000] {base_logger.py:19} INFO - Pipeline execution completed.
[2024-05-24T00:34:16.070+0000] {processor.py:840} INFO - DAG(s) 'data_pipeline' retrieved from /opt/airflow/dags/airflow_dag.py
[2024-05-24T00:34:16.083+0000] {logging_mixin.py:188} INFO - [2024-05-24T00:34:16.082+0000] {dag.py:3096} INFO - Sync 1 DAGs
[2024-05-24T00:34:16.096+0000] {logging_mixin.py:188} INFO - [2024-05-24T00:34:16.095+0000] {dag.py:3954} INFO - Setting next_dagrun for data_pipeline to 2024-05-24 00:00:00+00:00, run_after=2024-05-25 00:00:00+00:00
[2024-05-24T00:34:16.106+0000] {processor.py:183} INFO - Processing /opt/airflow/dags/airflow_dag.py took 0.189 seconds
[2024-05-24T00:34:46.641+0000] {processor.py:161} INFO - Started process (PID=2504) to work on /opt/airflow/dags/airflow_dag.py
[2024-05-24T00:34:46.641+0000] {processor.py:830} INFO - Processing file /opt/airflow/dags/airflow_dag.py for tasks to queue
[2024-05-24T00:34:46.642+0000] {logging_mixin.py:188} INFO - [2024-05-24T00:34:46.642+0000] {dagbag.py:545} INFO - Filling up the DagBag from /opt/airflow/dags/airflow_dag.py
[2024-05-24T00:34:46.765+0000] {logging_mixin.py:188} WARNING - [2024-05-24 00:34:46,765] [INFO] - Read the config file successfully.
[2024-05-24T00:34:46.765+0000] {logging_mixin.py:188} INFO - [2024-05-24T00:34:46.765+0000] {base_logger.py:19} INFO - Read the config file successfully.
[2024-05-24T00:34:46.766+0000] {logging_mixin.py:188} WARNING - [2024-05-24 00:34:46,766] [INFO] - Pipeline execution completed.
[2024-05-24T00:34:46.766+0000] {logging_mixin.py:188} INFO - [2024-05-24T00:34:46.766+0000] {base_logger.py:19} INFO - Pipeline execution completed.
[2024-05-24T00:34:46.767+0000] {processor.py:840} INFO - DAG(s) 'data_pipeline' retrieved from /opt/airflow/dags/airflow_dag.py
[2024-05-24T00:34:46.775+0000] {logging_mixin.py:188} INFO - [2024-05-24T00:34:46.775+0000] {dag.py:3096} INFO - Sync 1 DAGs
[2024-05-24T00:34:46.783+0000] {logging_mixin.py:188} INFO - [2024-05-24T00:34:46.783+0000] {dag.py:3954} INFO - Setting next_dagrun for data_pipeline to 2024-05-24 00:00:00+00:00, run_after=2024-05-25 00:00:00+00:00
[2024-05-24T00:34:46.792+0000] {processor.py:183} INFO - Processing /opt/airflow/dags/airflow_dag.py took 0.153 seconds
[2024-05-24T00:35:17.541+0000] {processor.py:161} INFO - Started process (PID=2564) to work on /opt/airflow/dags/airflow_dag.py
[2024-05-24T00:35:17.544+0000] {processor.py:830} INFO - Processing file /opt/airflow/dags/airflow_dag.py for tasks to queue
[2024-05-24T00:35:17.546+0000] {logging_mixin.py:188} INFO - [2024-05-24T00:35:17.546+0000] {dagbag.py:545} INFO - Filling up the DagBag from /opt/airflow/dags/airflow_dag.py
[2024-05-24T00:35:17.681+0000] {logging_mixin.py:188} WARNING - [2024-05-24 00:35:17,681] [INFO] - Read the config file successfully.
[2024-05-24T00:35:17.681+0000] {logging_mixin.py:188} INFO - [2024-05-24T00:35:17.681+0000] {base_logger.py:19} INFO - Read the config file successfully.
[2024-05-24T00:35:17.682+0000] {logging_mixin.py:188} WARNING - [2024-05-24 00:35:17,682] [INFO] - Pipeline execution completed.
[2024-05-24T00:35:17.682+0000] {logging_mixin.py:188} INFO - [2024-05-24T00:35:17.682+0000] {base_logger.py:19} INFO - Pipeline execution completed.
[2024-05-24T00:35:17.682+0000] {processor.py:840} INFO - DAG(s) 'data_pipeline' retrieved from /opt/airflow/dags/airflow_dag.py
[2024-05-24T00:35:17.696+0000] {logging_mixin.py:188} INFO - [2024-05-24T00:35:17.695+0000] {dag.py:3096} INFO - Sync 1 DAGs
[2024-05-24T00:35:17.708+0000] {logging_mixin.py:188} INFO - [2024-05-24T00:35:17.708+0000] {dag.py:3954} INFO - Setting next_dagrun for data_pipeline to 2024-05-24 00:00:00+00:00, run_after=2024-05-25 00:00:00+00:00
[2024-05-24T00:35:17.721+0000] {processor.py:183} INFO - Processing /opt/airflow/dags/airflow_dag.py took 0.193 seconds
[2024-05-24T00:35:39.056+0000] {processor.py:161} INFO - Started process (PID=2622) to work on /opt/airflow/dags/airflow_dag.py
[2024-05-24T00:35:39.059+0000] {processor.py:830} INFO - Processing file /opt/airflow/dags/airflow_dag.py for tasks to queue
[2024-05-24T00:35:39.060+0000] {logging_mixin.py:188} INFO - [2024-05-24T00:35:39.060+0000] {dagbag.py:545} INFO - Filling up the DagBag from /opt/airflow/dags/airflow_dag.py
[2024-05-24T00:35:39.061+0000] {logging_mixin.py:188} INFO - [2024-05-24T00:35:39.061+0000] {dagbag.py:334} INFO - File /opt/airflow/dags/airflow_dag.py assumed to contain no DAGs. Skipping.
[2024-05-24T00:35:39.062+0000] {processor.py:842} WARNING - No viable dags retrieved from /opt/airflow/dags/airflow_dag.py
[2024-05-24T00:35:39.072+0000] {processor.py:183} INFO - Processing /opt/airflow/dags/airflow_dag.py took 0.022 seconds
[2024-05-24T00:36:09.731+0000] {processor.py:161} INFO - Started process (PID=2681) to work on /opt/airflow/dags/airflow_dag.py
[2024-05-24T00:36:09.734+0000] {processor.py:830} INFO - Processing file /opt/airflow/dags/airflow_dag.py for tasks to queue
[2024-05-24T00:36:09.735+0000] {logging_mixin.py:188} INFO - [2024-05-24T00:36:09.735+0000] {dagbag.py:545} INFO - Filling up the DagBag from /opt/airflow/dags/airflow_dag.py
[2024-05-24T00:36:09.735+0000] {logging_mixin.py:188} INFO - [2024-05-24T00:36:09.735+0000] {dagbag.py:334} INFO - File /opt/airflow/dags/airflow_dag.py assumed to contain no DAGs. Skipping.
[2024-05-24T00:36:09.736+0000] {processor.py:842} WARNING - No viable dags retrieved from /opt/airflow/dags/airflow_dag.py
[2024-05-24T00:36:09.743+0000] {processor.py:183} INFO - Processing /opt/airflow/dags/airflow_dag.py took 0.017 seconds
[2024-05-24T00:36:40.566+0000] {processor.py:161} INFO - Started process (PID=2740) to work on /opt/airflow/dags/airflow_dag.py
[2024-05-24T00:36:40.569+0000] {processor.py:830} INFO - Processing file /opt/airflow/dags/airflow_dag.py for tasks to queue
[2024-05-24T00:36:40.570+0000] {logging_mixin.py:188} INFO - [2024-05-24T00:36:40.570+0000] {dagbag.py:545} INFO - Filling up the DagBag from /opt/airflow/dags/airflow_dag.py
[2024-05-24T00:36:40.571+0000] {logging_mixin.py:188} INFO - [2024-05-24T00:36:40.570+0000] {dagbag.py:334} INFO - File /opt/airflow/dags/airflow_dag.py assumed to contain no DAGs. Skipping.
[2024-05-24T00:36:40.571+0000] {processor.py:842} WARNING - No viable dags retrieved from /opt/airflow/dags/airflow_dag.py
[2024-05-24T00:36:40.578+0000] {processor.py:183} INFO - Processing /opt/airflow/dags/airflow_dag.py took 0.019 seconds
[2024-05-24T00:37:11.193+0000] {processor.py:161} INFO - Started process (PID=2799) to work on /opt/airflow/dags/airflow_dag.py
[2024-05-24T00:37:11.196+0000] {processor.py:830} INFO - Processing file /opt/airflow/dags/airflow_dag.py for tasks to queue
[2024-05-24T00:37:11.196+0000] {logging_mixin.py:188} INFO - [2024-05-24T00:37:11.196+0000] {dagbag.py:545} INFO - Filling up the DagBag from /opt/airflow/dags/airflow_dag.py
[2024-05-24T00:37:11.197+0000] {logging_mixin.py:188} INFO - [2024-05-24T00:37:11.197+0000] {dagbag.py:334} INFO - File /opt/airflow/dags/airflow_dag.py assumed to contain no DAGs. Skipping.
[2024-05-24T00:37:11.197+0000] {processor.py:842} WARNING - No viable dags retrieved from /opt/airflow/dags/airflow_dag.py
[2024-05-24T00:37:11.206+0000] {processor.py:183} INFO - Processing /opt/airflow/dags/airflow_dag.py took 0.015 seconds
[2024-05-24T00:37:41.807+0000] {processor.py:161} INFO - Started process (PID=2858) to work on /opt/airflow/dags/airflow_dag.py
[2024-05-24T00:37:41.810+0000] {processor.py:830} INFO - Processing file /opt/airflow/dags/airflow_dag.py for tasks to queue
[2024-05-24T00:37:41.811+0000] {logging_mixin.py:188} INFO - [2024-05-24T00:37:41.811+0000] {dagbag.py:545} INFO - Filling up the DagBag from /opt/airflow/dags/airflow_dag.py
[2024-05-24T00:37:41.812+0000] {logging_mixin.py:188} INFO - [2024-05-24T00:37:41.812+0000] {dagbag.py:334} INFO - File /opt/airflow/dags/airflow_dag.py assumed to contain no DAGs. Skipping.
[2024-05-24T00:37:41.812+0000] {processor.py:842} WARNING - No viable dags retrieved from /opt/airflow/dags/airflow_dag.py
[2024-05-24T00:37:41.819+0000] {processor.py:183} INFO - Processing /opt/airflow/dags/airflow_dag.py took 0.015 seconds
[2024-05-24T00:38:12.529+0000] {processor.py:161} INFO - Started process (PID=2917) to work on /opt/airflow/dags/airflow_dag.py
[2024-05-24T00:38:12.532+0000] {processor.py:830} INFO - Processing file /opt/airflow/dags/airflow_dag.py for tasks to queue
[2024-05-24T00:38:12.533+0000] {logging_mixin.py:188} INFO - [2024-05-24T00:38:12.533+0000] {dagbag.py:545} INFO - Filling up the DagBag from /opt/airflow/dags/airflow_dag.py
[2024-05-24T00:38:12.534+0000] {logging_mixin.py:188} INFO - [2024-05-24T00:38:12.534+0000] {dagbag.py:334} INFO - File /opt/airflow/dags/airflow_dag.py assumed to contain no DAGs. Skipping.
[2024-05-24T00:38:12.534+0000] {processor.py:842} WARNING - No viable dags retrieved from /opt/airflow/dags/airflow_dag.py
[2024-05-24T00:38:12.545+0000] {processor.py:183} INFO - Processing /opt/airflow/dags/airflow_dag.py took 0.023 seconds
[2024-05-24T00:38:43.076+0000] {processor.py:161} INFO - Started process (PID=2977) to work on /opt/airflow/dags/airflow_dag.py
[2024-05-24T00:38:43.076+0000] {processor.py:830} INFO - Processing file /opt/airflow/dags/airflow_dag.py for tasks to queue
[2024-05-24T00:38:43.077+0000] {logging_mixin.py:188} INFO - [2024-05-24T00:38:43.077+0000] {dagbag.py:545} INFO - Filling up the DagBag from /opt/airflow/dags/airflow_dag.py
[2024-05-24T00:38:43.077+0000] {logging_mixin.py:188} INFO - [2024-05-24T00:38:43.077+0000] {dagbag.py:334} INFO - File /opt/airflow/dags/airflow_dag.py assumed to contain no DAGs. Skipping.
[2024-05-24T00:38:43.077+0000] {processor.py:842} WARNING - No viable dags retrieved from /opt/airflow/dags/airflow_dag.py
[2024-05-24T00:38:43.083+0000] {processor.py:183} INFO - Processing /opt/airflow/dags/airflow_dag.py took 0.010 seconds
[2024-05-24T00:39:13.634+0000] {processor.py:161} INFO - Started process (PID=3036) to work on /opt/airflow/dags/airflow_dag.py
[2024-05-24T00:39:13.637+0000] {processor.py:830} INFO - Processing file /opt/airflow/dags/airflow_dag.py for tasks to queue
[2024-05-24T00:39:13.638+0000] {logging_mixin.py:188} INFO - [2024-05-24T00:39:13.638+0000] {dagbag.py:545} INFO - Filling up the DagBag from /opt/airflow/dags/airflow_dag.py
[2024-05-24T00:39:13.639+0000] {logging_mixin.py:188} INFO - [2024-05-24T00:39:13.639+0000] {dagbag.py:334} INFO - File /opt/airflow/dags/airflow_dag.py assumed to contain no DAGs. Skipping.
[2024-05-24T00:39:13.640+0000] {processor.py:842} WARNING - No viable dags retrieved from /opt/airflow/dags/airflow_dag.py
[2024-05-24T00:39:13.648+0000] {processor.py:183} INFO - Processing /opt/airflow/dags/airflow_dag.py took 0.017 seconds
